Wed Apr  2 11:33:00 CEST 2025
NVIDIA H100
/gpfs/home6/twouters2/ninjax_dev/jim/src/jimgw/prior.py:94: UserWarning: As of jaxtyping version 0.2.24, jaxtyping now prefers the syntax
```
from jaxtyping import jaxtyped
# Use your favourite typechecker: usually one of the two lines below.
from typeguard import typechecked as typechecker
from beartype import beartype as typechecker

@jaxtyped(typechecker=typechecker)
def foo(...):
```
and the old double-decorator syntax
```
@jaxtyped
@typechecker
def foo(...):
```
should no longer be used. (It will continue to work as it did before, but the new approach will produce more readable error messages.)
In particular note that `typechecker` must be passed via keyword argument; the following is not valid:
```
@jaxtyped(typechecker)
def foo(...):
```

  class Uniform(Prior):
/gpfs/home6/twouters2/ninjax_dev/jim/src/jimgw/prior.py:149: UserWarning: As of jaxtyping version 0.2.24, jaxtyping now prefers the syntax
```
from jaxtyping import jaxtyped
# Use your favourite typechecker: usually one of the two lines below.
from typeguard import typechecked as typechecker
from beartype import beartype as typechecker

@jaxtyped(typechecker=typechecker)
def foo(...):
```
and the old double-decorator syntax
```
@jaxtyped
@typechecker
def foo(...):
```
should no longer be used. (It will continue to work as it did before, but the new approach will produce more readable error messages.)
In particular note that `typechecker` must be passed via keyword argument; the following is not valid:
```
@jaxtyped(typechecker)
def foo(...):
```

  class Unconstrained_Uniform(Prior):
/gpfs/home6/twouters2/ninjax_dev/jim/src/jimgw/prior.py:263: UserWarning: As of jaxtyping version 0.2.24, jaxtyping now prefers the syntax
```
from jaxtyping import jaxtyped
# Use your favourite typechecker: usually one of the two lines below.
from typeguard import typechecked as typechecker
from beartype import beartype as typechecker

@jaxtyped(typechecker=typechecker)
def foo(...):
```
and the old double-decorator syntax
```
@jaxtyped
@typechecker
def foo(...):
```
should no longer be used. (It will continue to work as it did before, but the new approach will produce more readable error messages.)
In particular note that `typechecker` must be passed via keyword argument; the following is not valid:
```
@jaxtyped(typechecker)
def foo(...):
```

  class AlignedSpin(Prior):
/gpfs/home6/twouters2/ninjax_dev/jim/src/jimgw/prior.py:377: UserWarning: As of jaxtyping version 0.2.24, jaxtyping now prefers the syntax
```
from jaxtyping import jaxtyped
# Use your favourite typechecker: usually one of the two lines below.
from typeguard import typechecked as typechecker
from beartype import beartype as typechecker

@jaxtyped(typechecker=typechecker)
def foo(...):
```
and the old double-decorator syntax
```
@jaxtyped
@typechecker
def foo(...):
```
should no longer be used. (It will continue to work as it did before, but the new approach will produce more readable error messages.)
In particular note that `typechecker` must be passed via keyword argument; the following is not valid:
```
@jaxtyped(typechecker)
def foo(...):
```

  class PowerLaw(Prior):
/gpfs/home6/twouters2/ninjax_dev/jim/src/jimgw/single_event/detector.py:496: UserWarning: As of jaxtyping version 0.2.24, jaxtyping now prefers the syntax
```
from jaxtyping import jaxtyped
# Use your favourite typechecker: usually one of the two lines below.
from typeguard import typechecked as typechecker
from beartype import beartype as typechecker

@jaxtyped(typechecker=typechecker)
def foo(...):
```
and the old double-decorator syntax
```
@jaxtyped
@typechecker
def foo(...):
```
should no longer be used. (It will continue to work as it did before, but the new approach will produce more readable error messages.)
In particular note that `typechecker` must be passed via keyword argument; the following is not valid:
```
@jaxtyped(typechecker)
def foo(...):
```

  def load_psd(
11:33 ninjax INFO    : Checking and setting outdir
11:33 ninjax INFO    : Found generation prior file ./Aplus/injection_9/generation_prior.prior
11:33 ninjax INFO    : The outdir is set to ./Aplus/injection_9
11:33 ninjax INFO    : Loading the given config
11:33 ninjax WARNING : Unrecognized keys given: {'n_max_examples'}. These will be ignored
11:33 ninjax INFO    : Arguments loaded into the config: {'likelihood': 'HeterodynedTransientLikelihoodFD', 'gw_injection': 'True', 'gw_load_existing_injection': 'False', 'gw_dump_injection_data': 'False', 'gw_SNR_threshold_low': '11.2', 'gw_SNR_threshold_high': '100', 'waveform_approximant': 'IMRPhenomD_NRTidalv2', 'waveform_approximant_1': 'None', 'waveform_approximant_2': 'None', 'gw_overlapping_tight_priors': 'False', 'ifos': 'H1,L1,V1', 'eos_file': '/home/twouters2/projects/projection_BNS_A_plus/src/projection_BNS/data/eos/jester_hard.npz', 'fmin': '20.0', 'fref': '20.0', 'fmax': '2048.0', 'duration': 'None', 'post_trigger_duration': '2.0', 'trigger_time': '1187008882.4', 'psd_file_H1': '/home/twouters2/projects/projection_BNS_A_plus/src/projection_BNS/data/psds/AplusDesign_PSD.txt', 'psd_file_L1': '/home/twouters2/projects/projection_BNS_A_plus/src/projection_BNS/data/psds/AplusDesign_PSD.txt', 'psd_file_V1': '/home/twouters2/projects/projection_BNS_A_plus/src/projection_BNS/data/psds/avirgo_O5high_NEW_PSD.txt', 'psd_file_ET1': '/home/twouters2/psds/ET_D_psd.txt', 'psd_file_ET2': '/home/twouters2/psds/ET_D_psd.txt', 'psd_file_ET3': '/home/twouters2/psds/ET_D_psd.txt', 'psd_file_CE': '/home/twouters2/psds/CE_psd.txt', 'data_file_H1': 'None', 'data_file_L1': 'None', 'data_file_V1': 'None', 'data_file_ET1': 'None', 'data_file_ET2': 'None', 'data_file_ET3': 'None', 'relative_binning_binsize': '1000', 'relative_binning_ref_params_equal_true_params': 'True', 'relative_binning_ref_params': 'None', 'transforms': 'q_to_eta,cos_iota_to_iota,sin_dec_to_dec', 'gw_kwargs': 'None', 'filters': 'None', 'tmin': '0.05', 'tmax': '15.0', 'em_injection': 'False', 'em_trigger_time': '0.0', 'em_data_path': 'None', 'KN_model_name': 'None', 'KN_class_name': 'None', 'KN_model_dir': 'None', 'GRB_model_name': 'None', 'GRB_class_name': 'None', 'GRB_model_dir': 'None', 'detection_limit': 'None', 'n_loop_training': '200', 'n_loop_production': '10', 'n_local_steps': '100', 'n_global_steps': '1_000', 'n_epochs': '25', 'n_chains': '1_000', 'learning_rate': '0.001', 'max_samples': '50000', 'momentum': '0.9', 'batch_size': '30000', 'use_global': 'True', 'keep_quantile': '0.0', 'train_thinning': '10', 'output_thinning': '50', 'n_sample_max': '10000', 'verbose': 'False', 'save_training_chains': 'False', 'eps_mass_matrix': '1e-5', 'use_scheduler': 'True', 'use_temperature': 'False', 'which_temperature_schedule': 'exponential', 'starting_temperature': '2.0', 'stop_tempering_iteration': '75', 'stopping_criterion_global_acc': '0.10', 'stopping_criterion_loss': '-inf', 'seed': 'None', 'sampling_seed': 'None', 'injection_generation_seed': 'None', 'num_layers': '10', 'hidden_size': '128,128', 'num_bins': '8', 'nf_model_kwargs': 'None', 'run_sampler': 'True', 'keys_to_plot': 'M_c, q, s1_z, s2_z, lambda_1, lambda_2, d_L, t_c, phase_c, iota, psi, ra, dec'}
11:33 ninjax INFO    : Complete config file written to /gpfs/home6/twouters2/projects/projection_BNS_A_plus/src/projection_BNS/GW/jester_hard/Aplus/injection_9/complete_config.json
11:33 ninjax INFO    : No seed specified. Generating a random seed: 342611
11:33 ninjax INFO    : No sampling_seed specified. Generating a random sampling_seed: 586383
11:33 ninjax INFO    : No injection_generation_seed specified. Generating a random injection_generation_seed: 896352
11:33 ninjax INFO    : Loading the priors
11:33 ninjax INFO    : Setting up the prior
11:33 ninjax INFO    :    Mc_prior = Uniform(0.98, 2.6, naming=["M_c"])
11:33 ninjax INFO    :    q_prior = Uniform(0.125, 1.0, naming=["q"])
11:33 ninjax INFO    :    s1_z_prior = Uniform(-0.05, 0.05, naming=["s1_z"])
11:33 ninjax INFO    :    s2_z_prior = Uniform(-0.05, 0.05, naming=["s2_z"])
11:33 ninjax INFO    :    lambda1_prior = Uniform(0.0, 5000.0, naming=["lambda_1"])
11:33 ninjax INFO    :    lambda2_prior = Uniform(0.0, 5000.0, naming=["lambda_2"])
11:33 ninjax INFO    :    cos_iota_prior = Uniform(-1.0, 1.0, naming=["cos_iota"])
11:33 ninjax INFO    :    dL_prior = PowerLaw(1.0, 1000.0, 2.0, naming=["d_L"])
11:33 ninjax INFO    :    t_c_prior = Uniform(-0.1, 0.1, naming=["t_c"])
11:33 ninjax INFO    :    phase_c_prior = Uniform(0.0, 2 * jnp.pi, naming=["phase_c"])
11:33 ninjax INFO    :    psi_prior = Uniform(0.0, jnp.pi, naming=["psi"])
11:33 ninjax INFO    :    ra_prior = Uniform(0.0, 2 * jnp.pi, naming=["ra"])
11:33 ninjax INFO    :    sin_dec_prior = Uniform(-1.0, 1.0, naming=["sin_dec"])
11:33 ninjax INFO    : Setting up the generation prior
11:33 ninjax INFO    :    mass_1_source_prior = Uniform(1.0, 2.4, naming=["mass_1_source"])
11:33 ninjax INFO    :    mass_2_source_prior = Uniform(1.0, 2.4, naming=["mass_2_source"])
11:33 ninjax INFO    :    s1_z_prior = Uniform(-0.05, 0.05, naming=["s1_z"])
11:33 ninjax INFO    :    s2_z_prior = Uniform(-0.05, 0.05, naming=["s2_z"])
11:33 ninjax INFO    :    cos_iota_prior = Uniform(-1.0, 1.0, naming=["cos_iota"])
11:33 ninjax INFO    :    dL_prior = PowerLaw(10.0, 460.0, 2.0, naming=["d_L"])
11:33 ninjax INFO    :    t_c_prior = Uniform(-0.1, 0.1, naming=["t_c"])
11:33 ninjax INFO    :    phase_c_prior = Uniform(0.0, 2 * jnp.pi, naming=["phase_c"])
11:33 ninjax INFO    :    psi_prior = Uniform(0.0, jnp.pi, naming=["psi"])
11:33 ninjax INFO    :    ra_prior = Uniform(0.0, 2 * jnp.pi, naming=["ra"])
11:33 ninjax INFO    :    sin_dec_prior = Uniform(-1.0, 1.0, naming=["sin_dec"])
11:33 ninjax INFO    : Finished prior setup
11:33 ninjax INFO    : Setting the transforms
11:33 ninjax INFO    : Raw transforms list is q_to_eta,cos_iota_to_iota,sin_dec_to_dec
11:33 ninjax INFO    : transforms_str_list has 3 elements
11:33 ninjax INFO    : DEBUG: Checking that all_transforms is OK: the list is ['binary_Love', 'binary_love_fit', 'cos_iota1_to_iota1', 'cos_iota2_to_iota2', 'cos_iota_to_iota', 'log_lambda_to_lambda', 'm1_m2_to_Mc_q', 'q1_to_eta1', 'q2_to_eta2', 'q_to_eta', 'sin_dec1_to_dec1', 'sin_dec2_to_dec2', 'sin_dec_to_dec', 'spin_sphere_to_cartesian_s1', 'spin_sphere_to_cartesian_s2', 'swap_lambdas_eos', 't_c_dt_to_tcs']
11:33 ninjax INFO    : Setting the likelihood
11:33 ninjax INFO    : GW likelihood provided, setting up the GW pipe
11:33 ninjax INFO    : eos_file is /home/twouters2/projects/projection_BNS_A_plus/src/projection_BNS/data/eos/jester_hard.npz
11:33 ninjax INFO    : Using eos_file /home/twouters2/projects/projection_BNS_A_plus/src/projection_BNS/data/eos/jester_hard.npz for BNS injections
11:33 ninjax INFO    : Note: No specific waveform approximant 1 so defaulting to IMRPhenomD_NRTidalv2
11:33 ninjax INFO    : self.is_BNS_run is True
11:33 ninjax INFO    : Using IMRPhenomD_NRTidalv2 waveform. Therefore, we will use no taper as the reference waveform for the likelihood if relative binning is used
11:33 ninjax INFO    : GW run is an injection
11:33 ninjax INFO    : Setting up GW injection . . . 
11:33 ninjax INFO    : The SNR thresholds are: 11.2 - 100.0
11:33 ninjax INFO    : Generating new injection
11:33 ninjax INFO    : Sanity check: generated parameters:
11:33 ninjax INFO    : {'mass_1_source': 1.90340765122323, 'mass_2_source': 1.636092452016875, 's1_z': -0.02327707403417947, 's2_z': -0.032745590295411554, 'cos_iota': 0.10575194982227432, 'd_L': 451.26697062900655, 't_c': -0.04740715625493844, 'phase_c': 0.7078868056476665, 'psi': 3.000366902676667, 'ra': 0.3426959775995119, 'sin_dec': 0.6742555364029665}
11:33 ninjax INFO    : Computing lambdas from EOS file /home/twouters2/projects/projection_BNS_A_plus/src/projection_BNS/data/eos/jester_hard.npz . . . 
11:33 ninjax INFO    : Injected lambda_1: 105.24076399057672
11:33 ninjax INFO    : Injected lambda_2: 260.26971243252
11:33 ninjax INFO    : Duration is not specified in the config. Computed chirp time: for fmin = 20.0 and M_c = 1.6919356674895711 is 128.0
11:33 ninjax INFO    : After transforms, the injection parameters are:
11:33 ninjax INFO    : {'mass_1_source': 1.90340765122323, 'mass_2_source': 1.636092452016875, 's1_z': -0.02327707403417947, 's2_z': -0.032745590295411554, 'cos_iota': 0.10575194982227432, 'd_L': 451.26697062900655, 't_c': -0.04740715625493844, 'phase_c': 0.7078868056476665, 'psi': 3.000366902676667, 'ra': 0.3426959775995119, 'sin_dec': 0.6742555364029665, 'q': 0.8595596697141759, 'M_c': 1.6919356674895711, 'eta': 0.24857405276371106, 'iota': Array(1.46484627, dtype=float64, weak_type=True), 'dec': Array(0.73995616, dtype=float64, weak_type=True), 'lambda_1': 105.24076399057672, 'lambda_2': 260.26971243252}
11:33 ninjax INFO    : The trial injection parameters are {'M_c': 1.6919356674895711, 'eta': 0.24857405276371106, 's1_z': -0.02327707403417947, 's2_z': -0.032745590295411554, 'lambda_1': 105.24076399057672, 'lambda_2': 260.26971243252, 'd_L': 451.26697062900655, 'phase_c': 0.7078868056476665, 'iota': 1.464846265958639, 't_c': -0.04740715625493844, 'psi': 3.000366902676667, 'ra': 0.3426959775995119, 'dec': 0.7399561598434636}
11:33 ninjax INFO    : Injecting signals . . .
11:33 ninjax INFO    : self.ifos
11:33 ninjax INFO    : [GroundBased2G(H1), GroundBased2G(L1), GroundBased2G(V1)]
11:33 ninjax INFO    : Signal injected in ifo H1. Frequencies, data, and PSD:
11:33 ninjax INFO    : [  20.          20.0078125   20.015625  ... 2047.9765625
 2047.984375  2047.9921875]
11:33 ninjax INFO    : [-2.95448568e-23-7.54707174e-24j -4.89383844e-23+2.97942545e-23j
 -2.15235592e-23-1.59723905e-23j ...
  1.34425696e-24+7.70798242e-24j -1.43930146e-23-2.01666222e-23j
  1.26804805e-23-7.15165078e-24j]
11:33 ninjax INFO    : [1.44906511e-46 1.44667215e-46 1.44435812e-46 ... 2.17775889e-47
 2.17777440e-47 2.17778992e-47]
11:33 ninjax INFO    : Signal injected in ifo L1. Frequencies, data, and PSD:
11:33 ninjax INFO    : [  20.          20.0078125   20.015625  ... 2047.9765625
 2047.984375  2047.9921875]
11:33 ninjax INFO    : [-1.92267181e-23-1.08398531e-22j  6.04437302e-23-8.92555089e-25j
 -3.31440843e-23-5.18620178e-23j ...
 -2.55677536e-23-9.10701626e-24j  3.14064854e-23+1.04506200e-23j
  5.74466301e-24-1.80267656e-23j]
11:33 ninjax INFO    : [1.44906511e-46 1.44667215e-46 1.44435812e-46 ... 2.17775889e-47
 2.17777440e-47 2.17778992e-47]
11:33 ninjax INFO    : Signal injected in ifo V1. Frequencies, data, and PSD:
11:33 ninjax INFO    : [  20.          20.0078125   20.015625  ... 2047.9765625
 2047.984375  2047.9921875]
11:33 ninjax INFO    : [-5.89824579e-23-2.19135673e-24j -1.00116550e-22-6.60985997e-23j
  1.69481673e-23+4.36410580e-23j ...
  1.00619496e-23-2.73693938e-23j  1.95738199e-23-8.57156146e-23j
  1.33252660e-23+3.41714921e-23j]
11:33 ninjax INFO    : [1.43183556e-46 1.42935095e-46 1.42688205e-46 ... 6.39786094e-47
 6.39790724e-47 6.39795354e-47]
11:33 ninjax INFO    : SNR for ifo H1 is 2.2894767612526308
11:33 ninjax INFO    : SNR for ifo L1 is 2.146903594407184
11:33 ninjax INFO    : SNR for ifo V1 is 0.057371437929859125
11:33 ninjax INFO    : The network SNR is 3.139138475104987
11:33 ninjax INFO    : The network SNR does not pass the threshold, trying again
11:33 ninjax INFO    : Generating new injection
11:33 ninjax INFO    : Sanity check: generated parameters:
11:33 ninjax INFO    : {'mass_1_source': 1.1454565284638631, 'mass_2_source': 2.3728851071918804, 's1_z': 0.007350007629085734, 's2_z': -0.00944939836311949, 'cos_iota': 0.062343317726164305, 'd_L': 217.81338276389818, 't_c': -0.03640130048546464, 'phase_c': 4.985391664893706, 'psi': 1.0633263077094404, 'ra': 2.0785037386458214, 'sin_dec': -0.36991099119216075}
11:33 ninjax INFO    : Computing lambdas from EOS file /home/twouters2/projects/projection_BNS_A_plus/src/projection_BNS/data/eos/jester_hard.npz . . . 
11:33 ninjax INFO    : Injected lambda_1: 16.077784984631293
11:33 ninjax INFO    : Injected lambda_2: 1748.6298476595355
11:33 ninjax INFO    : Duration is not specified in the config. Computed chirp time: for fmin = 20.0 and M_c = 1.4864510939232032 is 128.0
11:33 ninjax INFO    : After transforms, the injection parameters are:
11:33 ninjax INFO    : {'mass_1_source': 2.3728851071918804, 'mass_2_source': 1.1454565284638631, 's1_z': 0.007350007629085734, 's2_z': -0.00944939836311949, 'cos_iota': 0.062343317726164305, 'd_L': 217.81338276389818, 't_c': -0.03640130048546464, 'phase_c': 4.985391664893706, 'psi': 1.0633263077094404, 'ra': 2.0785037386458214, 'sin_dec': -0.36991099119216075, 'q': 0.48272734528618594, 'M_c': 1.4864510939232032, 'eta': 0.2195731877240176, 'iota': Array(1.50841255, dtype=float64, weak_type=True), 'dec': Array(-0.37891321, dtype=float64, weak_type=True), 'lambda_1': 16.077784984631293, 'lambda_2': 1748.6298476595355}
11:33 ninjax INFO    : The trial injection parameters are {'M_c': 1.4864510939232032, 'eta': 0.2195731877240176, 's1_z': 0.007350007629085734, 's2_z': -0.00944939836311949, 'lambda_1': 16.077784984631293, 'lambda_2': 1748.6298476595355, 'd_L': 217.81338276389818, 'phase_c': 4.985391664893706, 'iota': 1.508412553420747, 't_c': -0.03640130048546464, 'psi': 1.0633263077094404, 'ra': 2.0785037386458214, 'dec': -0.37891321437985687}
11:33 ninjax INFO    : Injecting signals . . .
11:33 ninjax INFO    : self.ifos
11:33 ninjax INFO    : [GroundBased2G(H1), GroundBased2G(L1), GroundBased2G(V1)]
11:33 ninjax INFO    : Signal injected in ifo H1. Frequencies, data, and PSD:
11:33 ninjax INFO    : [  20.          20.0078125   20.015625  ... 2047.9765625
 2047.984375  2047.9921875]
11:33 ninjax INFO    : [-2.98259499e-23-7.87868004e-24j -4.97922280e-23+3.06572567e-23j
 -2.07995365e-23-1.44014219e-23j ...
  1.34425696e-24+7.70798242e-24j -1.43930146e-23-2.01666222e-23j
  1.26804805e-23-7.15165078e-24j]
11:33 ninjax INFO    : [1.44906511e-46 1.44667215e-46 1.44435812e-46 ... 2.17775889e-47
 2.17777440e-47 2.17778992e-47]
11:33 ninjax INFO    : Signal injected in ifo L1. Frequencies, data, and PSD:
11:33 ninjax INFO    : [  20.          20.0078125   20.015625  ... 2047.9765625
 2047.984375  2047.9921875]
11:33 ninjax INFO    : [-1.63090540e-23-1.08666751e-22j  6.25771122e-23-3.57411321e-24j
 -3.36290927e-23-5.49375751e-23j ...
 -2.55677536e-23-9.10701626e-24j  3.14064854e-23+1.04506200e-23j
  5.74466301e-24-1.80267656e-23j]
11:33 ninjax INFO    : [1.44906511e-46 1.44667215e-46 1.44435812e-46 ... 2.17775889e-47
 2.17777440e-47 2.17778992e-47]
11:33 ninjax INFO    : Signal injected in ifo V1. Frequencies, data, and PSD:
11:33 ninjax INFO    : [  20.          20.0078125   20.015625  ... 2047.9765625
 2047.984375  2047.9921875]
11:33 ninjax INFO    : [-5.83684370e-23-2.19802790e-24j -9.96196254e-23-6.64219403e-23j
  1.72045186e-23+4.31456120e-23j ...
  1.00619496e-23-2.73693938e-23j  1.95738199e-23-8.57156146e-23j
  1.33252660e-23+3.41714921e-23j]
11:33 ninjax INFO    : [1.43183556e-46 1.42935095e-46 1.42688205e-46 ... 6.39786094e-47
 6.39790724e-47 6.39795354e-47]
11:33 ninjax INFO    : SNR for ifo H1 is 1.6158625233188295
11:33 ninjax INFO    : SNR for ifo L1 is 5.2442312939687215
11:33 ninjax INFO    : SNR for ifo V1 is 0.9853514876842577
11:33 ninjax INFO    : The network SNR is 5.575292917254548
11:33 ninjax INFO    : The network SNR does not pass the threshold, trying again
11:33 ninjax INFO    : Generating new injection
11:33 ninjax INFO    : Sanity check: generated parameters:
11:33 ninjax INFO    : {'mass_1_source': 1.0121040830809995, 'mass_2_source': 1.6037984543889048, 's1_z': -0.01974075553608259, 's2_z': -0.028400849403456108, 'cos_iota': -0.09558830166855925, 'd_L': 311.6582360499802, 't_c': 0.08114657512677889, 'phase_c': 6.273413899896078, 'psi': 2.507237172822211, 'ra': 4.282426683858531, 'sin_dec': 0.3301741466320647}
11:33 ninjax INFO    : Computing lambdas from EOS file /home/twouters2/projects/projection_BNS_A_plus/src/projection_BNS/data/eos/jester_hard.npz . . . 
11:33 ninjax INFO    : Injected lambda_1: 292.12842395106384
11:33 ninjax INFO    : Injected lambda_2: 3224.141566212902
11:33 ninjax INFO    : Duration is not specified in the config. Computed chirp time: for fmin = 20.0 and M_c = 1.1810148249523347 is 256.0
11:33 ninjax INFO    : After transforms, the injection parameters are:
11:33 ninjax INFO    : {'mass_1_source': 1.6037984543889048, 'mass_2_source': 1.0121040830809995, 's1_z': -0.01974075553608259, 's2_z': -0.028400849403456108, 'cos_iota': -0.09558830166855925, 'd_L': 311.6582360499802, 't_c': 0.08114657512677889, 'phase_c': 6.273413899896078, 'psi': 2.507237172822211, 'ra': 4.282426683858531, 'sin_dec': 0.3301741466320647, 'q': 0.6310668777060529, 'M_c': 1.1810148249523347, 'eta': 0.23720937500234035, 'iota': Array(1.6665308, dtype=float64, weak_type=True), 'dec': Array(0.33648806, dtype=float64, weak_type=True), 'lambda_1': 292.12842395106384, 'lambda_2': 3224.141566212902}
11:33 ninjax INFO    : The trial injection parameters are {'M_c': 1.1810148249523347, 'eta': 0.23720937500234035, 's1_z': -0.01974075553608259, 's2_z': -0.028400849403456108, 'lambda_1': 292.12842395106384, 'lambda_2': 3224.141566212902, 'd_L': 311.6582360499802, 'phase_c': 6.273413899896078, 'iota': 1.6665307972860497, 't_c': 0.08114657512677889, 'psi': 2.507237172822211, 'ra': 4.282426683858531, 'dec': 0.33648806219497795}
11:33 ninjax INFO    : Injecting signals . . .
11:33 ninjax INFO    : self.ifos
11:33 ninjax INFO    : [GroundBased2G(H1), GroundBased2G(L1), GroundBased2G(V1)]
11:33 ninjax INFO    : Signal injected in ifo H1. Frequencies, data, and PSD:
11:33 ninjax INFO    : [  20.           20.00390625   20.0078125  ... 2047.98828125
 2047.9921875  2047.99609375]
11:33 ninjax INFO    : [ 1.82199895e-24-6.80855518e-23j -3.85888395e-23-1.50475178e-23j
 -3.46992175e-23+1.44797598e-23j ...
  1.00524909e-24+3.24087720e-23j -2.97572646e-23+1.25930855e-23j
 -2.40431531e-23-3.26352881e-23j]
11:33 ninjax INFO    : [1.44906511e-46 1.44785671e-46 1.44667215e-46 ... 2.17778216e-47
 2.17778992e-47 2.17779767e-47]
11:33 ninjax INFO    : Signal injected in ifo L1. Frequencies, data, and PSD:
11:33 ninjax INFO    : [  20.           20.00390625   20.0078125  ... 2047.98828125
 2047.9921875  2047.99609375]
11:33 ninjax INFO    : [-3.80162625e-23-6.56398633e-23j  2.84097624e-23-2.84587504e-24j
 -1.95781259e-23-3.21380989e-23j ...
 -1.24263320e-23+4.13695552e-24j  2.27123034e-23-1.67991545e-23j
 -1.05661170e-23-1.03863447e-23j]
11:33 ninjax INFO    : [1.44906511e-46 1.44785671e-46 1.44667215e-46 ... 2.17778216e-47
 2.17778992e-47 2.17779767e-47]
11:33 ninjax INFO    : Signal injected in ifo V1. Frequencies, data, and PSD:
11:33 ninjax INFO    : [  20.           20.00390625   20.0078125  ... 2047.98828125
 2047.9921875  2047.99609375]
11:33 ninjax INFO    : [-3.03545701e-23+4.32763046e-23j  2.56271302e-23-4.92203882e-24j
 -4.69352429e-23+5.44324148e-23j ...
 -3.97911605e-23+5.51058851e-23j -1.22116740e-23-4.23287720e-23j
  2.17020201e-23-5.65571855e-24j]
11:33 ninjax INFO    : [1.43183556e-46 1.43058540e-46 1.42935095e-46 ... 6.39793039e-47
 6.39795354e-47 6.39797668e-47]
11:33 ninjax INFO    : SNR for ifo H1 is 2.88360731552441
11:33 ninjax INFO    : SNR for ifo L1 is 2.1182973915524417
11:33 ninjax INFO    : SNR for ifo V1 is 3.2707439755831422
11:33 ninjax INFO    : The network SNR is 4.847694415185139
11:33 ninjax INFO    : The network SNR does not pass the threshold, trying again
11:33 ninjax INFO    : Generating new injection
11:33 ninjax INFO    : Sanity check: generated parameters:
11:33 ninjax INFO    : {'mass_1_source': 1.5682369197518096, 'mass_2_source': 1.5614857767165071, 's1_z': -0.032907070621931524, 's2_z': 0.04719343907628981, 'cos_iota': -0.6069867093713297, 'd_L': 203.50032658110217, 't_c': 0.07243310260806121, 'phase_c': 1.202421981997373, 'psi': 1.7131270653517336, 'ra': 3.0044106900067526, 'sin_dec': 0.7911786447492251}
11:33 ninjax INFO    : Computing lambdas from EOS file /home/twouters2/projects/projection_BNS_A_plus/src/projection_BNS/data/eos/jester_hard.npz . . . 
11:33 ninjax INFO    : Injected lambda_1: 331.67877324615256
11:33 ninjax INFO    : Injected lambda_2: 340.0359361944969
11:33 ninjax INFO    : Duration is not specified in the config. Computed chirp time: for fmin = 20.0 and M_c = 1.4249280628013479 is 128.0
11:33 ninjax INFO    : After transforms, the injection parameters are:
11:33 ninjax INFO    : {'mass_1_source': 1.5682369197518096, 'mass_2_source': 1.5614857767165071, 's1_z': -0.032907070621931524, 's2_z': 0.04719343907628981, 'cos_iota': -0.6069867093713297, 'd_L': 203.50032658110217, 't_c': 0.07243310260806121, 'phase_c': 1.202421981997373, 'psi': 1.7131270653517336, 'ra': 3.0044106900067526, 'sin_dec': 0.7911786447492251, 'q': 0.995695074545005, 'M_c': 1.4249280628013479, 'eta': 0.24999883672362316, 'iota': Array(2.22305973, dtype=float64, weak_type=True), 'dec': Array(0.9127338, dtype=float64, weak_type=True), 'lambda_1': 331.67877324615256, 'lambda_2': 340.0359361944969}
11:33 ninjax INFO    : The trial injection parameters are {'M_c': 1.4249280628013479, 'eta': 0.24999883672362316, 's1_z': -0.032907070621931524, 's2_z': 0.04719343907628981, 'lambda_1': 331.67877324615256, 'lambda_2': 340.0359361944969, 'd_L': 203.50032658110217, 'phase_c': 1.202421981997373, 'iota': 2.2230597258917566, 't_c': 0.07243310260806121, 'psi': 1.7131270653517336, 'ra': 3.0044106900067526, 'dec': 0.9127337987894805}
11:33 ninjax INFO    : Injecting signals . . .
11:33 ninjax INFO    : self.ifos
11:33 ninjax INFO    : [GroundBased2G(H1), GroundBased2G(L1), GroundBased2G(V1)]
11:33 ninjax INFO    : Signal injected in ifo H1. Frequencies, data, and PSD:
11:33 ninjax INFO    : [  20.          20.0078125   20.015625  ... 2047.9765625
 2047.984375  2047.9921875]
11:33 ninjax INFO    : [-3.34387500e-23-7.84262657e-24j -5.36860846e-23+3.10970136e-23j
 -2.48727196e-23-1.33551917e-23j ...
  1.34425286e-24+7.70799963e-24j -1.43930203e-23-2.01666055e-23j
  1.26804732e-23-7.15163468e-24j]
11:33 ninjax INFO    : [1.44906511e-46 1.44667215e-46 1.44435812e-46 ... 2.17775889e-47
 2.17777440e-47 2.17778992e-47]
11:33 ninjax INFO    : Signal injected in ifo L1. Frequencies, data, and PSD:
11:33 ninjax INFO    : [  20.          20.0078125   20.015625  ... 2047.9765625
 2047.984375  2047.9921875]
11:33 ninjax INFO    : [-1.69881077e-23-1.10037902e-22j  6.24216963e-23-4.12160985e-24j
 -3.28983396e-23-5.51550537e-23j ...
 -2.55677548e-23-9.10702910e-24j  3.14064854e-23+1.04506071e-23j
  5.74466427e-24-1.80267784e-23j]
11:33 ninjax INFO    : [1.44906511e-46 1.44667215e-46 1.44435812e-46 ... 2.17775889e-47
 2.17777440e-47 2.17778992e-47]
11:33 ninjax INFO    : Signal injected in ifo V1. Frequencies, data, and PSD:
11:33 ninjax INFO    : [  20.          20.0078125   20.015625  ... 2047.9765625
 2047.984375  2047.9921875]
11:33 ninjax INFO    : [-6.86923085e-23+7.60208576e-25j -1.09494116e-22-6.21643415e-23j
  8.05068306e-24+4.86383272e-23j ...
  1.00619935e-23-2.73693783e-23j  1.95738621e-23-8.57155950e-23j
  1.33253060e-23+3.41715156e-23j]
11:33 ninjax INFO    : [1.43183556e-46 1.42935095e-46 1.42688205e-46 ... 6.39786094e-47
 6.39790724e-47 6.39795354e-47]
11:33 ninjax INFO    : SNR for ifo H1 is 8.37880520078252
11:33 ninjax INFO    : SNR for ifo L1 is 6.1031162496130005
11:33 ninjax INFO    : SNR for ifo V1 is 17.350447883165824
11:33 ninjax INFO    : The network SNR is 20.211146585372237
11:33 ninjax INFO    : Network SNR passes threshold
11:33 ninjax INFO    : Sanity checking the GW injection for ArrayImpl
11:33 ninjax INFO    :    mass_1_source: 1.5682369197518096
11:33 ninjax INFO    :    mass_2_source: 1.5614857767165071
11:33 ninjax INFO    :    s1_z: -0.032907070621931524
11:33 ninjax INFO    :    s2_z: 0.04719343907628981
11:33 ninjax INFO    :    cos_iota: -0.6069867093713297
11:33 ninjax INFO    :    d_L: 203.50032658110217
11:33 ninjax INFO    :    t_c: 0.07243310260806121
11:33 ninjax INFO    :    phase_c: 1.202421981997373
11:33 ninjax INFO    :    psi: 1.7131270653517336
11:33 ninjax INFO    :    ra: 3.0044106900067526
11:33 ninjax INFO    :    sin_dec: 0.7911786447492251
11:33 ninjax INFO    :    q: 0.995695074545005
11:33 ninjax INFO    :    M_c: 1.4249280628013479
11:33 ninjax INFO    :    eta: 0.24999883672362316
11:33 ninjax INFO    :    iota: 2.2230597258917566
11:33 ninjax INFO    :    dec: 0.9127337987894805
11:33 ninjax INFO    :    lambda_1: 331.67877324615256
11:33 ninjax INFO    :    lambda_2: 340.0359361944969
11:33 ninjax INFO    :    H1_SNR: 8.37880520078252
11:33 ninjax INFO    :    L1_SNR: 6.1031162496130005
11:33 ninjax INFO    :    V1_SNR: 17.350447883165824
11:33 ninjax INFO    :    network_SNR: 20.211146585372237
11:33 ninjax INFO    :    epoch: 126.0
11:33 ninjax INFO    :    gmst: 2.7288901910520846
11:33 ninjax INFO    :    duration: 128.0
11:33 ninjax INFO    : Using GW HeterodynedTransientLikelihoodFD. Initializing likelihood
11:33 ninjax INFO    : Using the injection parameters as reference parameters for the relative binning
11:33 ninjax INFO    : Using the following kwargs for the GW likelihood: {}
11:35 ninjax INFO    : Initialization of HeterodynedTransientLikelihoodFD took 141.87467527389526 seconds = 2.3645779212315876 minutes
11:35 ninjax INFO    : The priors are not modified after their initialization
11:35 ninjax INFO    : Required keys for the likelihood: ['M_c', 'eta', 's1_z', 's2_z', 'lambda_1', 'lambda_2', 'd_L', 'phase_c', 'iota', 't_c', 'psi', 'ra', 'dec']
11:35 ninjax INFO    : Checking the setup between prior, transforms, and likelihood
11:35 ninjax INFO    : sample: {'M_c': Array([1.61304004, 1.6364332 , 1.8008386 ], dtype=float64), 'q': Array([0.85305274, 0.50248622, 0.90383414], dtype=float64), 's1_z': Array([-0.04943229,  0.02929775, -0.01480177], dtype=float64), 's2_z': Array([ 0.04855323, -0.017935  , -0.01336931], dtype=float64), 'lambda_1': Array([2542.8755234 ,  391.75143558, 4919.32861022], dtype=float64), 'lambda_2': Array([3966.9566672 , 4473.49385148, 1245.42522595], dtype=float64), 'cos_iota': Array([-0.05830612, -0.29025027, -0.85622808], dtype=float64), 'd_L': Array([920.60237856, 516.79359818, 748.78491587], dtype=float64), 't_c': Array([ 0.01171853,  0.04479179, -0.0838429 ], dtype=float64), 'phase_c': Array([5.81938398, 0.4038684 , 0.21468785], dtype=float64), 'psi': Array([1.39068559, 2.38174989, 1.84293031], dtype=float64), 'ra': Array([2.76948508, 0.04605993, 2.27569788], dtype=float64), 'sin_dec': Array([-0.77851355,  0.7677264 ,  0.43512123], dtype=float64)}
11:35 ninjax INFO    : log_prob: [ -4.58521993 -31.02152639 -44.08496833]
11:35 ninjax INFO    : Checking log_prob at injection parameters: {'mass_1_source': 1.5682369197518096, 'mass_2_source': 1.5614857767165071, 's1_z': -0.032907070621931524, 's2_z': 0.04719343907628981, 'cos_iota': -0.6069867093713297, 'd_L': 203.50032658110217, 't_c': 0.07243310260806121, 'phase_c': 1.202421981997373, 'psi': 1.7131270653517336, 'ra': 3.0044106900067526, 'sin_dec': 0.7911786447492251, 'q': 0.995695074545005, 'M_c': 1.4249280628013479, 'eta': 0.24999883672362316, 'iota': Array(2.22305973, dtype=float64, weak_type=True), 'dec': Array(0.9127338, dtype=float64, weak_type=True), 'lambda_1': 331.67877324615256, 'lambda_2': 340.0359361944969, 'H1_SNR': 8.37880520078252, 'L1_SNR': 6.1031162496130005, 'V1_SNR': 17.350447883165824, 'network_SNR': 20.211146585372237, 'epoch': 126.0, 'gmst': 2.7288901910520846, 'duration': 128.0}
11:35 ninjax INFO    : log_prob at the injection parameters is: 162.88565788693992
11:35 ninjax INFO    : Will plot these keys: ['M_c', 'q', 's1_z', 's2_z', 'lambda_1', 'lambda_2', 'd_L', 't_c', 'phase_c', 'iota', 'psi', 'ra', 'dec']
11:35 ninjax INFO    : Will plot the labels: ['$M_c/M_\\odot$', '$q$', '$\\chi_1$', '$\\chi_2$', '$\\Lambda_1$', '$\\Lambda_2$', '$d_{\\rm{L}}/{\\rm Mpc}$', '$t_c$', '$\\phi_c$', '$\\iota$', '$\\psi$', '$\\alpha$', '$\\delta$']
11:35 ninjax INFO    : Ninjax setup complete.
11:35 ninjax INFO    : Saving output to ./Aplus/injection_9/
11:35 ninjax INFO    : Using polynomial learning rate scheduler
11:35 ninjax INFO    : The hyperparameters passed to flowMC and jim are
11:35 ninjax INFO    :    n_loop_training: 200
11:35 ninjax INFO    :    n_loop_production: 10
11:35 ninjax INFO    :    n_local_steps: 100
11:35 ninjax INFO    :    n_global_steps: 1000
11:35 ninjax INFO    :    n_epochs: 25
11:35 ninjax INFO    :    n_chains: 1000
11:35 ninjax INFO    :    learning_rate: <function polynomial_schedule.<locals>.schedule at 0x150d7f76ea70>
11:35 ninjax INFO    :    max_samples: 50000
11:35 ninjax INFO    :    momentum: 0.9
11:35 ninjax INFO    :    batch_size: 30000
11:35 ninjax INFO    :    use_global: True
11:35 ninjax INFO    :    keep_quantile: 0.0
11:35 ninjax INFO    :    train_thinning: 10
11:35 ninjax INFO    :    output_thinning: 50
11:35 ninjax INFO    :    n_sample_max: 10000
11:35 ninjax INFO    :    num_layers: 10
11:35 ninjax INFO    :    hidden_size: [128, 128]
11:35 ninjax INFO    :    num_bins: 8
11:35 ninjax INFO    :    save_training_chains: False
11:35 ninjax INFO    :    eps_mass_matrix: 1e-05
11:35 ninjax INFO    :    use_scheduler: True
11:35 ninjax INFO    :    use_temperature: False
11:35 ninjax INFO    :    which_temperature_schedule: exponential
11:35 ninjax INFO    :    starting_temperature: 2.0
11:35 ninjax INFO    :    stop_tempering_iteration: 75
11:35 ninjax INFO    :    stopping_criterion_global_acc: 0.1
11:35 ninjax INFO    :    stopping_criterion_loss: -inf
11:35 ninjax INFO    :    nf_model_kwargs: {}
11:35 ninjax INFO    :    local sampler arg not shown (pretty print)
11:35 ninjax INFO    : Fetching the injected values for plotting
Checking the noise that was generated in inject_signal ifo:
[-2.96402327e-23 -4.99921579e-23 -2.13351207e-23  2.39743217e-23
 -8.97389684e-23 -2.55960962e-23  1.41538949e-24 -9.42449044e-24
  4.22027612e-23 -3.94499342e-23]
[-8.60624924e-24  2.99338210e-23 -1.49267454e-23  1.04271852e-22
 -3.47426532e-23  7.90532891e-23  4.22860175e-23  5.81068255e-24
  3.69062484e-23 -5.65381650e-23]
Checking the noise that was generated in inject_signal ifo:
[-1.85367187e-23  6.11337451e-23 -3.38945868e-23 -1.35325833e-23
  9.70099116e-23 -8.04576328e-23 -6.65609019e-23 -2.72166994e-23
 -5.33811196e-23  6.50713247e-23]
[-1.07678542e-22 -1.61189594e-24 -5.25173100e-23  9.17127695e-23
 -4.50153522e-23  2.32611875e-23 -1.56269587e-23 -7.53102775e-23
  9.77085713e-23 -7.54542803e-23]
Checking the noise that was generated in inject_signal ifo:
[-5.89489280e-23 -1.00122165e-22  1.69151831e-23 -3.42794335e-23
  1.21037279e-23 -5.37912080e-23  4.18601235e-23  3.31065265e-23
  4.63949096e-23  2.02840351e-23]
[-2.19554092e-24 -6.61319041e-23  4.36482488e-23 -5.76309858e-23
  3.64452003e-23  6.51702118e-23 -5.46153295e-23  3.12835170e-23
 -3.67306808e-23  5.54278607e-23]
Checking the noise that was generated in inject_signal ifo:
[-2.96402327e-23 -4.99921579e-23 -2.13351207e-23  2.39743217e-23
 -8.97389684e-23 -2.55960962e-23  1.41538949e-24 -9.42449044e-24
  4.22027612e-23 -3.94499342e-23]
[-8.60624924e-24  2.99338210e-23 -1.49267454e-23  1.04271852e-22
 -3.47426532e-23  7.90532891e-23  4.22860175e-23  5.81068255e-24
  3.69062484e-23 -5.65381650e-23]
Checking the noise that was generated in inject_signal ifo:
[-1.85367187e-23  6.11337451e-23 -3.38945868e-23 -1.35325833e-23
  9.70099116e-23 -8.04576328e-23 -6.65609019e-23 -2.72166994e-23
 -5.33811196e-23  6.50713247e-23]
[-1.07678542e-22 -1.61189594e-24 -5.25173100e-23  9.17127695e-23
 -4.50153522e-23  2.32611875e-23 -1.56269587e-23 -7.53102775e-23
  9.77085713e-23 -7.54542803e-23]
Checking the noise that was generated in inject_signal ifo:
[-5.89489280e-23 -1.00122165e-22  1.69151831e-23 -3.42794335e-23
  1.21037279e-23 -5.37912080e-23  4.18601235e-23  3.31065265e-23
  4.63949096e-23  2.02840351e-23]
[-2.19554092e-24 -6.61319041e-23  4.36482488e-23 -5.76309858e-23
  3.64452003e-23  6.51702118e-23 -5.46153295e-23  3.12835170e-23
 -3.67306808e-23  5.54278607e-23]
Checking the noise that was generated in inject_signal ifo:
[ 1.41462991e-24 -3.94934861e-23 -3.34029409e-23 -4.53739777e-23
  1.09771428e-22  6.50233063e-23 -6.92030394e-23 -6.83040884e-23
 -7.34112738e-23 -5.64492490e-23]
[-6.93540238e-23 -1.40698813e-23  1.47847407e-23  6.73251985e-23
 -2.39151396e-23  3.13192744e-23  2.10832151e-23  3.15890488e-24
  9.32295536e-23  1.28109685e-22]
Checking the noise that was generated in inject_signal ifo:
[-3.70447252e-23  2.80354301e-23 -2.01798265e-23  1.72006788e-22
  3.15570213e-23 -4.07080912e-23 -4.83311392e-24 -3.14142364e-23
 -1.14115750e-23 -4.82515187e-23]
[-6.55217323e-23 -3.74990857e-24 -3.13667886e-23 -6.04791123e-23
  7.57169737e-24  5.77642633e-23 -1.26173907e-22 -7.70407676e-23
 -9.80375216e-23  1.09421998e-22]
Checking the noise that was generated in inject_signal ifo:
[-2.85324803e-23  2.52540038e-23 -4.83876010e-23  3.21958581e-23
  4.88269071e-23 -5.57448855e-23  1.65326831e-23 -4.11994290e-23
  6.73669787e-24  7.09371502e-23]
[ 4.38744445e-23 -6.80269715e-24  5.56834434e-23  6.26833664e-23
  1.21946282e-22 -6.73234114e-23 -1.21761193e-22 -1.48960228e-23
 -5.29154026e-23  1.36759867e-22]
Checking the noise that was generated in inject_signal ifo:
[-2.96402327e-23 -4.99921579e-23 -2.13351207e-23  2.39743217e-23
 -8.97389684e-23 -2.55960962e-23  1.41538949e-24 -9.42449044e-24
  4.22027612e-23 -3.94499342e-23]
[-8.60624924e-24  2.99338210e-23 -1.49267454e-23  1.04271852e-22
 -3.47426532e-23  7.90532891e-23  4.22860175e-23  5.81068255e-24
  3.69062484e-23 -5.65381650e-23]
Checking the noise that was generated in inject_signal ifo:
[-1.85367187e-23  6.11337451e-23 -3.38945868e-23 -1.35325833e-23
  9.70099116e-23 -8.04576328e-23 -6.65609019e-23 -2.72166994e-23
 -5.33811196e-23  6.50713247e-23]
[-1.07678542e-22 -1.61189594e-24 -5.25173100e-23  9.17127695e-23
 -4.50153522e-23  2.32611875e-23 -1.56269587e-23 -7.53102775e-23
  9.77085713e-23 -7.54542803e-23]
Checking the noise that was generated in inject_signal ifo:
[-5.89489280e-23 -1.00122165e-22  1.69151831e-23 -3.42794335e-23
  1.21037279e-23 -5.37912080e-23  4.18601235e-23  3.31065265e-23
  4.63949096e-23  2.02840351e-23]
[-2.19554092e-24 -6.61319041e-23  4.36482488e-23 -5.76309858e-23
  3.64452003e-23  6.51702118e-23 -5.46153295e-23  3.12835170e-23
 -3.67306808e-23  5.54278607e-23]
NOTE: we are given a reference waveform!
Initializing heterodyned likelihood..
Comparing against relative binning in bilby
Using 5941 bins for relative binning for epsilon 0.01
Time for binning scheme: 0.10841608047485352 seconds
Using provided reference parameters:
ref_params for relative binning:
{'mass_1_source': 1.5682369197518096, 'mass_2_source': 1.5614857767165071, 's1_z': -0.032907070621931524, 's2_z': 0.04719343907628981, 'cos_iota': -0.6069867093713297, 'd_L': 203.50032658110217, 't_c': 0.07243310260806121, 'phase_c': 1.202421981997373, 'psi': 1.7131270653517336, 'ra': 3.0044106900067526, 'sin_dec': 0.7911786447492251, 'q': 0.995695074545005, 'M_c': 1.4249280628013479, 'eta': 0.24999883672362316, 'iota': Array(2.22305973, dtype=float64, weak_type=True), 'dec': Array(0.9127338, dtype=float64, weak_type=True), 'lambda_1': 331.67877324615256, 'lambda_2': 340.0359361944969, 'H1_SNR': 8.37880520078252, 'L1_SNR': 6.1031162496130005, 'V1_SNR': 17.350447883165824, 'network_SNR': 20.211146585372237, 'epoch': 126.0, 'gmst': 2.7288901910520846, 'duration': 128.0}
Constructing reference waveforms. . .
Time for reference waveforms: 0.4963831901550293 seconds
Time for h_sky_low and h_sky_center: 5.4163432121276855 seconds
Going to compute the masks . . .
Time taken for f_index_array calculation is 0.6363530158996582
Going to compute coefficients . . .
Time for computing coefficients: 121.28615069389343 seconds
Time for computing coefficients: 6.7414257526397705 seconds
Time for computing coefficients: 6.668174982070923 seconds
['M_c', 'eta', 's1_z', 's2_z', 'lambda_1', 'lambda_2', 'd_L', 'phase_c', 'iota', 't_c', 'psi', 'ra', 'dec']
INFO: Using MALA as local sampler
Setting up a single Gaussian distribution
No autotune found, use input sampler_params
Training normalizing flow
Tuning global sampler:   0%|          | 0/200 [00:00<?, ?it/s]Tuning global sampler:   0%|          | 1/200 [02:00<6:40:58, 120.90s/it]Tuning global sampler:   1%|          | 2/200 [02:05<2:53:12, 52.49s/it] Tuning global sampler:   2%|▏         | 3/200 [02:10<1:40:33, 30.63s/it]Tuning global sampler:   2%|▏         | 4/200 [02:15<1:07:35, 20.69s/it]Tuning global sampler:   2%|▎         | 5/200 [02:20<48:24, 14.90s/it]  Tuning global sampler:   3%|▎         | 6/200 [02:24<36:52, 11.40s/it]Tuning global sampler:   4%|▎         | 7/200 [02:29<29:29,  9.17s/it]Tuning global sampler:   4%|▍         | 8/200 [02:33<24:41,  7.71s/it]Tuning global sampler:   4%|▍         | 9/200 [02:38<21:23,  6.72s/it]Tuning global sampler:   5%|▌         | 10/200 [02:42<19:02,  6.01s/it]Tuning global sampler:   6%|▌         | 11/200 [02:47<17:34,  5.58s/it]Tuning global sampler:   6%|▌         | 12/200 [02:52<16:31,  5.27s/it]Tuning global sampler:   6%|▋         | 13/200 [02:56<15:45,  5.06s/it]Tuning global sampler:   7%|▋         | 14/200 [03:01<15:16,  4.93s/it]Tuning global sampler:   8%|▊         | 15/200 [03:05<14:55,  4.84s/it]Tuning global sampler:   8%|▊         | 16/200 [03:10<14:39,  4.78s/it]Tuning global sampler:   8%|▊         | 17/200 [03:15<14:27,  4.74s/it]Tuning global sampler:   9%|▉         | 18/200 [03:19<14:16,  4.71s/it]Tuning global sampler:  10%|▉         | 19/200 [03:24<14:07,  4.68s/it]Tuning global sampler:  10%|█         | 20/200 [03:29<14:00,  4.67s/it]Tuning global sampler:  10%|█         | 21/200 [03:33<13:54,  4.66s/it]Tuning global sampler:  11%|█         | 22/200 [03:39<14:34,  4.91s/it]Tuning global sampler:  12%|█▏        | 23/200 [03:43<14:13,  4.82s/it]Tuning global sampler:  12%|█▏        | 24/200 [03:48<13:47,  4.70s/it]Tuning global sampler:  12%|█▎        | 25/200 [03:52<13:26,  4.61s/it]Tuning global sampler:  13%|█▎        | 26/200 [03:57<13:10,  4.54s/it]Tuning global sampler:  14%|█▎        | 27/200 [04:01<12:58,  4.50s/it]Tuning global sampler:  14%|█▍        | 28/200 [04:05<12:48,  4.47s/it]Tuning global sampler:  14%|█▍        | 29/200 [04:10<12:39,  4.44s/it]Tuning global sampler:  15%|█▌        | 30/200 [04:14<12:33,  4.43s/it]Tuning global sampler:  16%|█▌        | 31/200 [04:19<12:26,  4.42s/it]Tuning global sampler:  16%|█▌        | 32/200 [04:23<12:20,  4.41s/it]Tuning global sampler:  16%|█▋        | 33/200 [04:27<12:13,  4.39s/it]Tuning global sampler:  17%|█▋        | 34/200 [04:32<12:07,  4.38s/it]Tuning global sampler:  18%|█▊        | 35/200 [04:36<12:03,  4.38s/it]Tuning global sampler:  18%|█▊        | 36/200 [04:40<11:59,  4.38s/it]Tuning global sampler:  18%|█▊        | 37/200 [04:45<11:54,  4.38s/it]Tuning global sampler:  19%|█▉        | 38/200 [04:49<11:50,  4.38s/it]Tuning global sampler:  20%|█▉        | 39/200 [04:54<11:45,  4.38s/it]Tuning global sampler:  20%|██        | 40/200 [04:58<11:41,  4.38s/it]Tuning global sampler:  20%|██        | 41/200 [05:02<11:37,  4.39s/it]Tuning global sampler:  21%|██        | 42/200 [05:07<11:33,  4.39s/it]Tuning global sampler:  22%|██▏       | 43/200 [05:12<12:14,  4.68s/it]Tuning global sampler:  22%|██▏       | 44/200 [05:16<11:55,  4.58s/it]Tuning global sampler:  22%|██▎       | 45/200 [05:21<11:40,  4.52s/it]Tuning global sampler:  23%|██▎       | 46/200 [05:25<11:29,  4.48s/it]Tuning global sampler:  24%|██▎       | 47/200 [05:30<11:21,  4.45s/it]Tuning global sampler:  24%|██▍       | 48/200 [05:34<11:13,  4.43s/it]Tuning global sampler:  24%|██▍       | 49/200 [05:38<11:08,  4.42s/it]Tuning global sampler:  25%|██▌       | 50/200 [05:43<11:01,  4.41s/it]Tuning global sampler:  26%|██▌       | 51/200 [05:47<10:56,  4.41s/it]Tuning global sampler:  26%|██▌       | 52/200 [05:52<10:51,  4.40s/it]Tuning global sampler:  26%|██▋       | 53/200 [05:56<10:46,  4.40s/it]Tuning global sampler:  27%|██▋       | 54/200 [06:00<10:42,  4.40s/it]Tuning global sampler:  28%|██▊       | 55/200 [06:05<10:36,  4.39s/it]Tuning global sampler:  28%|██▊       | 56/200 [06:09<10:30,  4.38s/it]Tuning global sampler:  28%|██▊       | 57/200 [06:13<10:27,  4.39s/it]Tuning global sampler:  29%|██▉       | 58/200 [06:18<10:23,  4.39s/it]Tuning global sampler:  30%|██▉       | 59/200 [06:22<10:18,  4.39s/it]Tuning global sampler:  30%|███       | 60/200 [06:27<10:15,  4.39s/it]Tuning global sampler:  30%|███       | 61/200 [06:31<10:10,  4.39s/it]Tuning global sampler:  31%|███       | 62/200 [06:35<10:06,  4.40s/it]Tuning global sampler:  32%|███▏      | 63/200 [06:41<10:44,  4.70s/it]Tuning global sampler:  32%|███▏      | 64/200 [06:45<10:26,  4.61s/it]Tuning global sampler:  32%|███▎      | 65/200 [06:50<10:13,  4.54s/it]Tuning global sampler:  33%|███▎      | 66/200 [06:54<10:00,  4.49s/it]Tuning global sampler:  34%|███▎      | 67/200 [06:58<09:51,  4.45s/it]Tuning global sampler:  34%|███▍      | 68/200 [07:03<09:44,  4.43s/it]Tuning global sampler:  34%|███▍      | 69/200 [07:07<09:38,  4.42s/it]Tuning global sampler:  35%|███▌      | 70/200 [07:12<09:34,  4.42s/it]Tuning global sampler:  36%|███▌      | 71/200 [07:16<09:29,  4.41s/it]Tuning global sampler:  36%|███▌      | 72/200 [07:20<09:24,  4.41s/it]Tuning global sampler:  36%|███▋      | 73/200 [07:25<09:19,  4.41s/it]Tuning global sampler:  37%|███▋      | 74/200 [07:29<09:14,  4.40s/it]Tuning global sampler:  38%|███▊      | 75/200 [07:34<09:10,  4.41s/it]Tuning global sampler:  38%|███▊      | 76/200 [07:38<09:06,  4.40s/it]Tuning global sampler:  38%|███▊      | 76/200 [07:42<12:35,  6.09s/it]
Compiling MALA body
Early stopping: global acceptance target rate achieved
Starting Production run
Production run:   0%|          | 0/10 [00:00<?, ?it/s]Production run:  10%|█         | 1/10 [00:03<00:28,  3.22s/it]Production run:  20%|██        | 2/10 [00:06<00:25,  3.22s/it]Production run:  30%|███       | 3/10 [00:09<00:22,  3.22s/it]Production run:  40%|████      | 4/10 [00:12<00:19,  3.22s/it]Production run:  50%|█████     | 5/10 [00:16<00:16,  3.22s/it]Production run:  60%|██████    | 6/10 [00:19<00:12,  3.22s/it]Production run:  70%|███████   | 7/10 [00:22<00:09,  3.22s/it]Production run:  80%|████████  | 8/10 [00:25<00:06,  3.22s/it]Production run:  90%|█████████ | 9/10 [00:28<00:03,  3.22s/it]Production run: 100%|██████████| 10/10 [00:32<00:00,  3.22s/it]Production run: 100%|██████████| 10/10 [00:32<00:00,  3.22s/it]
11:44 ninjax INFO    : Saving samples to ./Aplus/injection_9/results_training.npz
11:44 ninjax INFO    : Saving the NF
11:44 ninjax INFO    : Time taken: 501.80056262016296 seconds (8.363342710336049 minutes)
11:44 ninjax INFO    : Creating the final corner plot
11:44 ninjax INFO    : Dumping the final production chains
11:44 ninjax INFO    : Chains shape is: (13, 220000)
11:44 ninjax INFO    : Key: M_c: ESS = 22437, Rhat = 1.0269673291957617
11:44 ninjax INFO    : Key: q: ESS = 15184, Rhat = 1.040063654868857
11:44 ninjax INFO    : Key: s1_z: ESS = 21820, Rhat = 1.0279082384684592
11:44 ninjax INFO    : Key: s2_z: ESS = 25291, Rhat = 1.024672766441588
11:44 ninjax INFO    : Key: lambda_1: ESS = 30002, Rhat = 1.0218127934312846
11:44 ninjax INFO    : Key: lambda_2: ESS = 45849, Rhat = 1.016380640317011
11:44 ninjax INFO    : Key: cos_iota: ESS = 21396, Rhat = 1.0284663068675646
11:44 ninjax INFO    : Key: d_L: ESS = 23366, Rhat = 1.0268906598076641
11:44 ninjax INFO    : Key: t_c: ESS = 23561, Rhat = 1.025929182933197
11:44 ninjax INFO    : Key: phase_c: ESS = 44672, Rhat = 1.0151317453311506
11:44 ninjax INFO    : Key: psi: ESS = 22652, Rhat = 1.0280192913822053
11:44 ninjax INFO    : Key: ra: ESS = 27614, Rhat = 1.0228274940831603
11:44 ninjax INFO    : Key: sin_dec: ESS = 23878, Rhat = 1.0259257030414184
11:44 ninjax INFO    : Key: eta: ESS = 15184, Rhat = 1.040063654868857
11:44 ninjax INFO    : Key: iota: ESS = 21396, Rhat = 1.0284663068675646
11:44 ninjax INFO    : Key: dec: ESS = 23878, Rhat = 1.0259257030414184
11:44 ninjax INFO    : Finished successfully!
Training summary
==========
M_c: 1.455 +/- 0.194
q: 0.729 +/- 0.227
s1_z: 0.013 +/- 0.027
s2_z: 0.003 +/- 0.027
lambda_1: 2152.981 +/- 1470.233
lambda_2: 2190.169 +/- 1408.335
cos_iota: -0.319 +/- 0.546
d_L: 532.551 +/- 255.461
t_c: 0.053 +/- 0.038
phase_c: 3.328 +/- 1.886
psi: 1.267 +/- 0.906
ra: 3.068 +/- 1.211
sin_dec: 0.451 +/- 0.543
Log probability: 61.871 +/- 73.741
Local acceptance: 0.876 +/- 0.329
Global acceptance: 0.011 +/- 0.105
Max loss: 22.826, Min loss: 5.783
Production summary
==========
M_c: 1.425 +/- 0.000
q: 0.858 +/- 0.092
s1_z: 0.022 +/- 0.020
s2_z: 0.017 +/- 0.022
lambda_1: 733.448 +/- 743.228
lambda_2: 1124.821 +/- 988.569
cos_iota: -0.803 +/- 0.152
d_L: 268.688 +/- 45.195
t_c: 0.074 +/- 0.001
phase_c: 3.197 +/- 1.814
psi: 1.537 +/- 0.930
ra: 3.014 +/- 0.043
sin_dec: 0.797 +/- 0.008
Log probability: 159.230 +/- 2.403
Local acceptance: 0.651 +/- 0.477
Global acceptance: 0.100 +/- 0.301
DONE

JOB STATISTICS
==============
Job ID: 10923042
Cluster: snellius
User/Group: twouters2/twouters2
State: COMPLETED (exit code 0)
Nodes: 1
Cores per node: 16
CPU Utilized: 00:10:27
CPU Efficiency: 5.59% of 03:06:56 core-walltime
Job Wall-clock time: 00:11:41
Memory Utilized: 4.44 GB
Memory Efficiency: 44.37% of 10.00 GB (10.00 GB/node)
