Tue Apr  1 15:34:29 CEST 2025
NVIDIA H100
/gpfs/home6/twouters2/ninjax_dev/jim/src/jimgw/prior.py:94: UserWarning: As of jaxtyping version 0.2.24, jaxtyping now prefers the syntax
```
from jaxtyping import jaxtyped
# Use your favourite typechecker: usually one of the two lines below.
from typeguard import typechecked as typechecker
from beartype import beartype as typechecker

@jaxtyped(typechecker=typechecker)
def foo(...):
```
and the old double-decorator syntax
```
@jaxtyped
@typechecker
def foo(...):
```
should no longer be used. (It will continue to work as it did before, but the new approach will produce more readable error messages.)
In particular note that `typechecker` must be passed via keyword argument; the following is not valid:
```
@jaxtyped(typechecker)
def foo(...):
```

  class Uniform(Prior):
/gpfs/home6/twouters2/ninjax_dev/jim/src/jimgw/prior.py:149: UserWarning: As of jaxtyping version 0.2.24, jaxtyping now prefers the syntax
```
from jaxtyping import jaxtyped
# Use your favourite typechecker: usually one of the two lines below.
from typeguard import typechecked as typechecker
from beartype import beartype as typechecker

@jaxtyped(typechecker=typechecker)
def foo(...):
```
and the old double-decorator syntax
```
@jaxtyped
@typechecker
def foo(...):
```
should no longer be used. (It will continue to work as it did before, but the new approach will produce more readable error messages.)
In particular note that `typechecker` must be passed via keyword argument; the following is not valid:
```
@jaxtyped(typechecker)
def foo(...):
```

  class Unconstrained_Uniform(Prior):
/gpfs/home6/twouters2/ninjax_dev/jim/src/jimgw/prior.py:263: UserWarning: As of jaxtyping version 0.2.24, jaxtyping now prefers the syntax
```
from jaxtyping import jaxtyped
# Use your favourite typechecker: usually one of the two lines below.
from typeguard import typechecked as typechecker
from beartype import beartype as typechecker

@jaxtyped(typechecker=typechecker)
def foo(...):
```
and the old double-decorator syntax
```
@jaxtyped
@typechecker
def foo(...):
```
should no longer be used. (It will continue to work as it did before, but the new approach will produce more readable error messages.)
In particular note that `typechecker` must be passed via keyword argument; the following is not valid:
```
@jaxtyped(typechecker)
def foo(...):
```

  class AlignedSpin(Prior):
/gpfs/home6/twouters2/ninjax_dev/jim/src/jimgw/prior.py:377: UserWarning: As of jaxtyping version 0.2.24, jaxtyping now prefers the syntax
```
from jaxtyping import jaxtyped
# Use your favourite typechecker: usually one of the two lines below.
from typeguard import typechecked as typechecker
from beartype import beartype as typechecker

@jaxtyped(typechecker=typechecker)
def foo(...):
```
and the old double-decorator syntax
```
@jaxtyped
@typechecker
def foo(...):
```
should no longer be used. (It will continue to work as it did before, but the new approach will produce more readable error messages.)
In particular note that `typechecker` must be passed via keyword argument; the following is not valid:
```
@jaxtyped(typechecker)
def foo(...):
```

  class PowerLaw(Prior):
/gpfs/home6/twouters2/ninjax_dev/jim/src/jimgw/single_event/detector.py:496: UserWarning: As of jaxtyping version 0.2.24, jaxtyping now prefers the syntax
```
from jaxtyping import jaxtyped
# Use your favourite typechecker: usually one of the two lines below.
from typeguard import typechecked as typechecker
from beartype import beartype as typechecker

@jaxtyped(typechecker=typechecker)
def foo(...):
```
and the old double-decorator syntax
```
@jaxtyped
@typechecker
def foo(...):
```
should no longer be used. (It will continue to work as it did before, but the new approach will produce more readable error messages.)
In particular note that `typechecker` must be passed via keyword argument; the following is not valid:
```
@jaxtyped(typechecker)
def foo(...):
```

  def load_psd(
15:34 ninjax INFO    : Checking and setting outdir
15:34 ninjax INFO    : Found generation prior file ./Aplus/injection_22/generation_prior.prior
15:34 ninjax INFO    : The outdir is set to ./Aplus/injection_22
15:34 ninjax INFO    : Loading the given config
15:34 ninjax WARNING : Unrecognized keys given: {'generation_seed', 'n_max_examples'}. These will be ignored
15:34 ninjax INFO    : Arguments loaded into the config: {'likelihood': 'HeterodynedTransientLikelihoodFD', 'gw_injection': 'True', 'gw_load_existing_injection': 'False', 'gw_dump_injection_data': 'False', 'gw_SNR_threshold_low': '30.0', 'gw_SNR_threshold_high': '100', 'waveform_approximant': 'IMRPhenomD_NRTidalv2', 'waveform_approximant_1': 'None', 'waveform_approximant_2': 'None', 'gw_overlapping_tight_priors': 'False', 'ifos': 'H1,L1,V1', 'eos_file': '/home/twouters2/projects/projection_BNS_A_plus/src/projection_BNS/data/MPA1.npz', 'fmin': '20.0', 'fref': '20.0', 'fmax': '2048.0', 'duration': 'None', 'post_trigger_duration': '2.0', 'trigger_time': '1187008882.4', 'psd_file_H1': '/home/twouters2/projects/projection_BNS_A_plus/src/projection_BNS/data/AplusDesign_PSD.txt', 'psd_file_L1': '/home/twouters2/projects/projection_BNS_A_plus/src/projection_BNS/data/AplusDesign_PSD.txt', 'psd_file_V1': '/home/twouters2/projects/projection_BNS_A_plus/src/projection_BNS/data/avirgo_O5high_NEW_PSD.txt', 'psd_file_ET1': '/home/twouters2/psds/ET_D_psd.txt', 'psd_file_ET2': '/home/twouters2/psds/ET_D_psd.txt', 'psd_file_ET3': '/home/twouters2/psds/ET_D_psd.txt', 'psd_file_CE': '/home/twouters2/psds/CE_psd.txt', 'data_file_H1': 'None', 'data_file_L1': 'None', 'data_file_V1': 'None', 'data_file_ET1': 'None', 'data_file_ET2': 'None', 'data_file_ET3': 'None', 'relative_binning_binsize': '1000', 'relative_binning_ref_params_equal_true_params': 'True', 'relative_binning_ref_params': 'None', 'transforms': 'q_to_eta,cos_iota_to_iota,sin_dec_to_dec', 'gw_kwargs': 'None', 'filters': 'None', 'tmin': '0.05', 'tmax': '15.0', 'em_injection': 'False', 'em_trigger_time': '0.0', 'em_data_path': 'None', 'KN_model_name': 'None', 'KN_class_name': 'None', 'KN_model_dir': 'None', 'GRB_model_name': 'None', 'GRB_class_name': 'None', 'GRB_model_dir': 'None', 'detection_limit': 'None', 'n_loop_training': '200', 'n_loop_production': '10', 'n_local_steps': '100', 'n_global_steps': '1_000', 'n_epochs': '25', 'n_chains': '1_000', 'learning_rate': '0.001', 'max_samples': '50000', 'momentum': '0.9', 'batch_size': '30000', 'use_global': 'True', 'keep_quantile': '0.0', 'train_thinning': '10', 'output_thinning': '50', 'n_sample_max': '10000', 'verbose': 'False', 'save_training_chains': 'False', 'eps_mass_matrix': '1e-5', 'use_scheduler': 'True', 'use_temperature': 'False', 'which_temperature_schedule': 'exponential', 'starting_temperature': '2.0', 'stop_tempering_iteration': '75', 'stopping_criterion_global_acc': '0.10', 'stopping_criterion_loss': '-inf', 'seed': '123', 'sampling_seed': '123', 'injection_generation_seed': 'None', 'num_layers': '10', 'hidden_size': '128,128', 'num_bins': '8', 'nf_model_kwargs': 'None', 'run_sampler': 'True', 'keys_to_plot': 'M_c, q, s1_z, s2_z, lambda_1, lambda_2, d_L, t_c, phase_c, iota, psi, ra, dec'}
15:34 ninjax INFO    : Complete config file written to /gpfs/home6/twouters2/projects/projection_BNS_A_plus/src/projection_BNS/GW/MPA1/Aplus/injection_22/complete_config.json
15:34 ninjax INFO    : No injection_generation_seed specified. Generating a random injection_generation_seed: 210209
15:34 ninjax INFO    : Loading the priors
15:34 ninjax INFO    : Setting up the prior
15:34 ninjax INFO    :    Mc_prior = Uniform(0.98, 2.6, naming=["M_c"])
15:34 ninjax INFO    :    q_prior = Uniform(0.125, 1.0, naming=["q"])
15:34 ninjax INFO    :    s1_z_prior = Uniform(-0.05, 0.05, naming=["s1_z"])
15:34 ninjax INFO    :    s2_z_prior = Uniform(-0.05, 0.05, naming=["s2_z"])
15:34 ninjax INFO    :    lambda1_prior = Uniform(0.0, 5000.0, naming=["lambda_1"])
15:34 ninjax INFO    :    lambda2_prior = Uniform(0.0, 5000.0, naming=["lambda_2"])
15:34 ninjax INFO    :    cos_iota_prior = Uniform(-1.0, 1.0, naming=["cos_iota"])
15:34 ninjax INFO    :    dL_prior = PowerLaw(10.0, 1000.0, 2.0, naming=["d_L"])
15:34 ninjax INFO    :    t_c_prior = Uniform(-0.1, 0.1, naming=["t_c"])
15:34 ninjax INFO    :    phase_c_prior = Uniform(0.0, 2 * jnp.pi, naming=["phase_c"])
15:34 ninjax INFO    :    psi_prior = Uniform(0.0, jnp.pi, naming=["psi"])
15:34 ninjax INFO    :    ra_prior = Uniform(0.0, 2 * jnp.pi, naming=["ra"])
15:34 ninjax INFO    :    sin_dec_prior = Uniform(-1.0, 1.0, naming=["sin_dec"])
15:34 ninjax INFO    : Setting up the generation prior
15:34 ninjax INFO    :    mass_1_source_prior = Uniform(1.0, 2.468645554845655, naming=["mass_1_source"])
15:34 ninjax INFO    :    mass_2_source_prior = Uniform(1.0, 2.468645554845655, naming=["mass_2_source"])
15:34 ninjax INFO    :    s1_z_prior = Uniform(-0.05, 0.05, naming=["s1_z"])
15:34 ninjax INFO    :    s2_z_prior = Uniform(-0.05, 0.05, naming=["s2_z"])
15:34 ninjax INFO    :    cos_iota_prior = Uniform(-1.0, 1.0, naming=["cos_iota"])
15:34 ninjax INFO    :    dL_prior = PowerLaw(10.0, 460.0, 2.0, naming=["d_L"])
15:34 ninjax INFO    :    t_c_prior = Uniform(-0.1, 0.1, naming=["t_c"])
15:34 ninjax INFO    :    phase_c_prior = Uniform(0.0, 2 * jnp.pi, naming=["phase_c"])
15:34 ninjax INFO    :    psi_prior = Uniform(0.0, jnp.pi, naming=["psi"])
15:34 ninjax INFO    :    ra_prior = Uniform(0.0, 2 * jnp.pi, naming=["ra"])
15:34 ninjax INFO    :    sin_dec_prior = Uniform(-1.0, 1.0, naming=["sin_dec"])
15:34 ninjax INFO    : Finished prior setup
15:34 ninjax INFO    : Setting the transforms
15:34 ninjax INFO    : Raw transforms list is q_to_eta,cos_iota_to_iota,sin_dec_to_dec
15:34 ninjax INFO    : transforms_str_list has 3 elements
15:34 ninjax INFO    : DEBUG: Checking that all_transforms is OK: the list is ['binary_Love', 'binary_love_fit', 'cos_iota1_to_iota1', 'cos_iota2_to_iota2', 'cos_iota_to_iota', 'log_lambda_to_lambda', 'm1_m2_to_Mc_q', 'q1_to_eta1', 'q2_to_eta2', 'q_to_eta', 'sin_dec1_to_dec1', 'sin_dec2_to_dec2', 'sin_dec_to_dec', 'spin_sphere_to_cartesian_s1', 'spin_sphere_to_cartesian_s2', 'swap_lambdas_eos', 't_c_dt_to_tcs']
15:34 ninjax INFO    : Setting the likelihood
15:34 ninjax INFO    : GW likelihood provided, setting up the GW pipe
15:34 ninjax INFO    : eos_file is /home/twouters2/projects/projection_BNS_A_plus/src/projection_BNS/data/MPA1.npz
15:34 ninjax INFO    : Using eos_file /home/twouters2/projects/projection_BNS_A_plus/src/projection_BNS/data/MPA1.npz for BNS injections
15:34 ninjax INFO    : Note: No specific waveform approximant 1 so defaulting to IMRPhenomD_NRTidalv2
15:34 ninjax INFO    : self.is_BNS_run is True
15:34 ninjax INFO    : Using IMRPhenomD_NRTidalv2 waveform. Therefore, we will use no taper as the reference waveform for the likelihood if relative binning is used
15:34 ninjax INFO    : GW run is an injection
15:34 ninjax INFO    : Setting up GW injection . . . 
15:34 ninjax INFO    : The SNR thresholds are: 30.0 - 100.0
15:34 ninjax INFO    : Generating new injection
15:34 ninjax INFO    : Sanity check: generated parameters:
15:34 ninjax INFO    : {'mass_1_source': 1.7925865044894702, 'mass_2_source': 1.3008346884617588, 's1_z': -0.01563115853740811, 's2_z': 0.03923191301401277, 'cos_iota': -0.9232639261470195, 'd_L': 298.5949277639977, 't_c': -0.06232120146528062, 'phase_c': 1.6796699429211501, 'psi': 1.4171684508935964, 'ra': 5.683999938081077, 'sin_dec': -0.7852101491809012}
15:34 ninjax INFO    : Computing lambdas from EOS file /home/twouters2/projects/projection_BNS_A_plus/src/projection_BNS/data/MPA1.npz . . . 
15:34 ninjax INFO    : Injected lambda_1: 109.41334600984044
15:34 ninjax INFO    : Injected lambda_2: 777.6568864474109
15:34 ninjax INFO    : Duration is not specified in the config. Computed chirp time: for fmin = 20.0 and M_c = 1.415431858742417 is 128.0
15:34 ninjax INFO    : After transforms, the injection parameters are:
15:34 ninjax INFO    : {'mass_1_source': 1.7925865044894702, 'mass_2_source': 1.3008346884617588, 's1_z': -0.01563115853740811, 's2_z': 0.03923191301401277, 'cos_iota': -0.9232639261470195, 'd_L': 298.5949277639977, 't_c': -0.06232120146528062, 'phase_c': 1.6796699429211501, 'psi': 1.4171684508935964, 'ra': 5.683999938081077, 'sin_dec': -0.7852101491809012, 'q': 0.7256747081403679, 'M_c': 1.415431858742417, 'eta': 0.24368237504568205, 'iota': Array(2.74728803, dtype=float64, weak_type=True), 'dec': Array(-0.90303543, dtype=float64, weak_type=True), 'lambda_1': 109.41334600984044, 'lambda_2': 777.6568864474109}
15:34 ninjax INFO    : The trial injection parameters are {'M_c': 1.415431858742417, 'eta': 0.24368237504568205, 's1_z': -0.01563115853740811, 's2_z': 0.03923191301401277, 'lambda_1': 109.41334600984044, 'lambda_2': 777.6568864474109, 'd_L': 298.5949277639977, 'phase_c': 1.6796699429211501, 'iota': 2.7472880259008385, 't_c': -0.06232120146528062, 'psi': 1.4171684508935964, 'ra': 5.683999938081077, 'dec': -0.903035426164174}
15:34 ninjax INFO    : Injecting signals . . .
15:34 ninjax INFO    : self.ifos
15:34 ninjax INFO    : [GroundBased2G(H1), GroundBased2G(L1), GroundBased2G(V1)]
15:34 ninjax INFO    : Signal injected in ifo H1. Frequencies, data, and PSD:
15:34 ninjax INFO    : [  20.          20.0078125   20.015625  ... 2047.9765625
 2047.984375  2047.9921875]
15:34 ninjax INFO    : [-6.96269534e-23-3.55245076e-23j -8.47958442e-23-4.49776613e-23j
 -4.21160960e-23+3.09347673e-23j ...
  5.39276234e-24+2.45611913e-24j  1.84029243e-23-8.43609062e-24j
  3.40736080e-24+7.17846270e-24j]
15:34 ninjax INFO    : [1.44906511e-46 1.44667215e-46 1.44435812e-46 ... 2.17775889e-47
 2.17777440e-47 2.17778992e-47]
15:34 ninjax INFO    : Signal injected in ifo L1. Frequencies, data, and PSD:
15:34 ninjax INFO    : [  20.          20.0078125   20.015625  ... 2047.9765625
 2047.984375  2047.9921875]
15:34 ninjax INFO    : [ 2.66922815e-23-8.16322153e-23j -4.07392573e-23+3.44234832e-23j
  1.54047058e-23+5.41757372e-23j ...
  1.86703625e-23-1.85004590e-23j  2.39227072e-24+2.92689593e-23j
 -6.76490301e-24-1.27936851e-23j]
15:34 ninjax INFO    : [1.44906511e-46 1.44667215e-46 1.44435812e-46 ... 2.17775889e-47
 2.17777440e-47 2.17778992e-47]
15:34 ninjax INFO    : Signal injected in ifo V1. Frequencies, data, and PSD:
15:34 ninjax INFO    : [  20.          20.0078125   20.015625  ... 2047.9765625
 2047.984375  2047.9921875]
15:34 ninjax INFO    : [-3.36930507e-23-1.87485472e-25j -3.47857159e-23+2.46926185e-23j
 -5.27440457e-23+3.78409284e-23j ...
  2.68093527e-23+9.93100495e-24j  5.52060851e-23-5.33113432e-24j
 -2.70040822e-23-1.64197717e-23j]
15:34 ninjax INFO    : [1.43183556e-46 1.42935095e-46 1.42688205e-46 ... 6.39786094e-47
 6.39790724e-47 6.39795354e-47]
15:34 ninjax INFO    : SNR for ifo H1 is 11.835436748761731
15:34 ninjax INFO    : SNR for ifo L1 is 11.24242626329708
15:34 ninjax INFO    : SNR for ifo V1 is 15.918447095350636
15:34 ninjax INFO    : The network SNR is 22.8005848444089
15:34 ninjax INFO    : The network SNR does not pass the threshold, trying again
15:34 ninjax INFO    : Generating new injection
15:34 ninjax INFO    : Sanity check: generated parameters:
15:34 ninjax INFO    : {'mass_1_source': 1.9165113318595735, 'mass_2_source': 1.7143050505445647, 's1_z': 0.01858458721766494, 's2_z': 0.018422366168469304, 'cos_iota': 0.4449855775020337, 'd_L': 415.7520166177782, 't_c': -0.07941344710021717, 'phase_c': 0.06808884973518275, 'psi': 1.5280980437844915, 'ra': 5.592931029376498, 'sin_dec': 0.3786471684158679}
15:34 ninjax INFO    : Computing lambdas from EOS file /home/twouters2/projects/projection_BNS_A_plus/src/projection_BNS/data/MPA1.npz . . . 
15:34 ninjax INFO    : Injected lambda_1: 67.86885684644638
15:34 ninjax INFO    : Injected lambda_2: 147.79068160891663
15:34 ninjax INFO    : Duration is not specified in the config. Computed chirp time: for fmin = 20.0 and M_c = 1.7256513502805269 is 128.0
15:34 ninjax INFO    : After transforms, the injection parameters are:
15:34 ninjax INFO    : {'mass_1_source': 1.9165113318595735, 'mass_2_source': 1.7143050505445647, 's1_z': 0.01858458721766494, 's2_z': 0.018422366168469304, 'cos_iota': 0.4449855775020337, 'd_L': 415.7520166177782, 't_c': -0.07941344710021717, 'phase_c': 0.06808884973518275, 'psi': 1.5280980437844915, 'ra': 5.592931029376498, 'sin_dec': 0.3786471684158679, 'q': 0.8944925198439553, 'M_c': 1.7256513502805269, 'eta': 0.2492246090627256, 'iota': Array(1.10963817, dtype=float64, weak_type=True), 'dec': Array(0.38833419, dtype=float64, weak_type=True), 'lambda_1': 67.86885684644638, 'lambda_2': 147.79068160891663}
15:34 ninjax INFO    : The trial injection parameters are {'M_c': 1.7256513502805269, 'eta': 0.2492246090627256, 's1_z': 0.01858458721766494, 's2_z': 0.018422366168469304, 'lambda_1': 67.86885684644638, 'lambda_2': 147.79068160891663, 'd_L': 415.7520166177782, 'phase_c': 0.06808884973518275, 'iota': 1.1096381708713061, 't_c': -0.07941344710021717, 'psi': 1.5280980437844915, 'ra': 5.592931029376498, 'dec': 0.38833419306609984}
15:34 ninjax INFO    : Injecting signals . . .
15:34 ninjax INFO    : self.ifos
15:34 ninjax INFO    : [GroundBased2G(H1), GroundBased2G(L1), GroundBased2G(V1)]
15:34 ninjax INFO    : Signal injected in ifo H1. Frequencies, data, and PSD:
15:34 ninjax INFO    : [  20.          20.0078125   20.015625  ... 2047.9765625
 2047.984375  2047.9921875]
15:34 ninjax INFO    : [-6.62035554e-23-3.74947297e-23j -7.92156556e-23-4.95890332e-23j
 -3.96278898e-23+2.43979783e-23j ...
  5.39155377e-24+2.45675608e-24j  1.84016570e-23-8.43558089e-24j
  3.40604829e-24+7.17883990e-24j]
15:34 ninjax INFO    : [1.44906511e-46 1.44667215e-46 1.44435812e-46 ... 2.17775889e-47
 2.17777440e-47 2.17778992e-47]
15:34 ninjax INFO    : Signal injected in ifo L1. Frequencies, data, and PSD:
15:34 ninjax INFO    : [  20.          20.0078125   20.015625  ... 2047.9765625
 2047.984375  2047.9921875]
15:34 ninjax INFO    : [ 2.21260244e-23-7.92097407e-23j -4.52391844e-23+3.68487825e-23j
  1.08654498e-23+5.68278423e-23j ...
  1.86703285e-23-1.85004080e-23j  2.39223173e-24+2.92690065e-23j
 -6.76494660e-24-1.27936422e-23j]
15:34 ninjax INFO    : [1.44906511e-46 1.44667215e-46 1.44435812e-46 ... 2.17775889e-47
 2.17777440e-47 2.17778992e-47]
15:34 ninjax INFO    : Signal injected in ifo V1. Frequencies, data, and PSD:
15:34 ninjax INFO    : [  20.          20.0078125   20.015625  ... 2047.9765625
 2047.984375  2047.9921875]
15:34 ninjax INFO    : [-2.83940547e-23-5.39180197e-24j -2.68465667e-23+2.24446902e-23j
 -4.23702589e-23+3.19075996e-23j ...
  2.68094394e-23+9.92929638e-24j  5.52063449e-23-5.33282492e-24j
 -2.70036521e-23-1.64214268e-23j]
15:34 ninjax INFO    : [1.43183556e-46 1.42935095e-46 1.42688205e-46 ... 6.39786094e-47
 6.39790724e-47 6.39795354e-47]
15:34 ninjax INFO    : SNR for ifo H1 is 4.788244402310083
15:34 ninjax INFO    : SNR for ifo L1 is 0.21461077975624188
15:34 ninjax INFO    : SNR for ifo V1 is 4.727592367629713
15:34 ninjax INFO    : The network SNR is 6.732270927221522
15:34 ninjax INFO    : The network SNR does not pass the threshold, trying again
15:34 ninjax INFO    : Generating new injection
15:34 ninjax INFO    : Sanity check: generated parameters:
15:34 ninjax INFO    : {'mass_1_source': 1.0416740280626307, 'mass_2_source': 1.962896571560554, 's1_z': 0.04928322441069524, 's2_z': 0.010963776062976091, 'cos_iota': -0.5383632304938701, 'd_L': 218.60291729097338, 't_c': -0.07273729903562481, 'phase_c': 4.16855367102521, 'psi': 2.7140196858157988, 'ra': 4.145056096690836, 'sin_dec': 0.697078352760947}
15:34 ninjax INFO    : Computing lambdas from EOS file /home/twouters2/projects/projection_BNS_A_plus/src/projection_BNS/data/MPA1.npz . . . 
15:34 ninjax INFO    : Injected lambda_1: 56.64071560571868
15:34 ninjax INFO    : Injected lambda_2: 2550.674511834889
15:34 ninjax INFO    : Duration is not specified in the config. Computed chirp time: for fmin = 20.0 and M_c = 1.2934806600789066 is 256.0
15:34 ninjax INFO    : After transforms, the injection parameters are:
15:34 ninjax INFO    : {'mass_1_source': 1.962896571560554, 'mass_2_source': 1.0416740280626307, 's1_z': 0.04928322441069524, 's2_z': 0.010963776062976091, 'cos_iota': -0.5383632304938701, 'd_L': 218.60291729097338, 't_c': -0.07273729903562481, 'phase_c': 4.16855367102521, 'psi': 2.7140196858157988, 'ra': 4.145056096690836, 'sin_dec': 0.697078352760947, 'q': 0.5306820762514617, 'M_c': 1.2934806600789066, 'eta': 0.22649802843524558, 'iota': Array(2.13928997, dtype=float64, weak_type=True), 'dec': Array(0.77131453, dtype=float64, weak_type=True), 'lambda_1': 56.64071560571868, 'lambda_2': 2550.674511834889}
15:34 ninjax INFO    : The trial injection parameters are {'M_c': 1.2934806600789066, 'eta': 0.22649802843524558, 's1_z': 0.04928322441069524, 's2_z': 0.010963776062976091, 'lambda_1': 56.64071560571868, 'lambda_2': 2550.674511834889, 'd_L': 218.60291729097338, 'phase_c': 4.16855367102521, 'iota': 2.139289966175671, 't_c': -0.07273729903562481, 'psi': 2.7140196858157988, 'ra': 4.145056096690836, 'dec': 0.7713145310457921}
15:34 ninjax INFO    : Injecting signals . . .
15:34 ninjax INFO    : self.ifos
15:34 ninjax INFO    : [GroundBased2G(H1), GroundBased2G(L1), GroundBased2G(V1)]
15:35 ninjax INFO    : Signal injected in ifo H1. Frequencies, data, and PSD:
15:35 ninjax INFO    : [  20.           20.00390625   20.0078125  ... 2047.98828125
 2047.9921875  2047.99609375]
15:35 ninjax INFO    : [-3.22818454e-23-8.93182637e-24j  7.58899862e-23-3.33578680e-23j
  1.43299518e-24+1.69459242e-22j ...
  2.25422483e-23-6.55111347e-24j  1.46120288e-23+4.92797357e-23j
  5.10662865e-23-3.46449217e-24j]
15:35 ninjax INFO    : [1.44906511e-46 1.44785671e-46 1.44667215e-46 ... 2.17778216e-47
 2.17778992e-47 2.17779767e-47]
15:35 ninjax INFO    : Signal injected in ifo L1. Frequencies, data, and PSD:
15:35 ninjax INFO    : [  20.           20.00390625   20.0078125  ... 2047.98828125
 2047.9921875  2047.99609375]
15:35 ninjax INFO    : [-6.37925269e-23-2.59318973e-23j  4.48912783e-23-1.45021899e-23j
 -1.46137090e-22+1.43170035e-23j ...
 -2.53741207e-23-4.32953499e-23j -2.41682042e-23-3.21319862e-23j
  7.93567389e-23-3.19354114e-24j]
15:35 ninjax INFO    : [1.44906511e-46 1.44785671e-46 1.44667215e-46 ... 2.17778216e-47
 2.17778992e-47 2.17779767e-47]
15:35 ninjax INFO    : Signal injected in ifo V1. Frequencies, data, and PSD:
15:35 ninjax INFO    : [  20.           20.00390625   20.0078125  ... 2047.98828125
 2047.9921875  2047.99609375]
15:35 ninjax INFO    : [-5.89533003e-23-3.85809942e-23j  6.20902199e-23+2.51560877e-23j
 -3.74648141e-23-5.04594385e-23j ...
 -2.60527474e-23+4.89183385e-23j  3.97766966e-23+4.60130803e-23j
 -4.17488685e-23+1.29686330e-22j]
15:35 ninjax INFO    : [1.43183556e-46 1.43058540e-46 1.42935095e-46 ... 6.39793039e-47
 6.39795354e-47 6.39797668e-47]
15:35 ninjax INFO    : SNR for ifo H1 is 5.823282229794278
15:35 ninjax INFO    : SNR for ifo L1 is 6.600422572606565
15:35 ninjax INFO    : SNR for ifo V1 is 9.484030118461163
15:35 ninjax INFO    : The network SNR is 12.939204819179986
15:35 ninjax INFO    : The network SNR does not pass the threshold, trying again
15:35 ninjax INFO    : Generating new injection
15:35 ninjax INFO    : Sanity check: generated parameters:
15:35 ninjax INFO    : {'mass_1_source': 1.8044188924968654, 'mass_2_source': 2.0040713887437276, 's1_z': 0.04657580530417392, 's2_z': -0.01327951771940674, 'cos_iota': -0.8061030789394725, 'd_L': 395.56831010284816, 't_c': 0.023919669878710886, 'phase_c': 5.6532360881643084, 'psi': 1.4680482909799062, 'ra': 0.7740602329221751, 'sin_dec': -0.6061168987273344}
15:35 ninjax INFO    : Computing lambdas from EOS file /home/twouters2/projects/projection_BNS_A_plus/src/projection_BNS/data/MPA1.npz . . . 
15:35 ninjax INFO    : Injected lambda_1: 48.1566092495842
15:35 ninjax INFO    : Injected lambda_2: 104.55411806076012
15:35 ninjax INFO    : Duration is not specified in the config. Computed chirp time: for fmin = 20.0 and M_c = 1.802933139404477 is 128.0
15:35 ninjax INFO    : After transforms, the injection parameters are:
15:35 ninjax INFO    : {'mass_1_source': 2.0040713887437276, 'mass_2_source': 1.8044188924968654, 's1_z': 0.04657580530417392, 's2_z': -0.01327951771940674, 'cos_iota': -0.8061030789394725, 'd_L': 395.56831010284816, 't_c': 0.023919669878710886, 'phase_c': 5.6532360881643084, 'psi': 1.4680482909799062, 'ra': 0.7740602329221751, 'sin_dec': -0.6061168987273344, 'q': 0.9003765547633429, 'M_c': 1.802933139404477, 'eta': 0.24931295719731988, 'iota': Array(2.50833345, dtype=float64, weak_type=True), 'dec': Array(-0.65116936, dtype=float64, weak_type=True), 'lambda_1': 48.1566092495842, 'lambda_2': 104.55411806076012}
15:35 ninjax INFO    : The trial injection parameters are {'M_c': 1.802933139404477, 'eta': 0.24931295719731988, 's1_z': 0.04657580530417392, 's2_z': -0.01327951771940674, 'lambda_1': 48.1566092495842, 'lambda_2': 104.55411806076012, 'd_L': 395.56831010284816, 'phase_c': 5.6532360881643084, 'iota': 2.508333452590585, 't_c': 0.023919669878710886, 'psi': 1.4680482909799062, 'ra': 0.7740602329221751, 'dec': -0.6511693580129219}
15:35 ninjax INFO    : Injecting signals . . .
15:35 ninjax INFO    : self.ifos
15:35 ninjax INFO    : [GroundBased2G(H1), GroundBased2G(L1), GroundBased2G(V1)]
15:35 ninjax INFO    : Signal injected in ifo H1. Frequencies, data, and PSD:
15:35 ninjax INFO    : [  20.          20.0078125   20.015625  ... 2047.9765625
 2047.984375  2047.9921875]
15:35 ninjax INFO    : [-6.70651148e-23-3.78149915e-23j -7.92871887e-23-4.93485453e-23j
 -4.00002554e-23+2.46701795e-23j ...
  5.39457195e-24+2.45255838e-24j  1.84050707e-23-8.43945875e-24j
  3.40982369e-24+7.17531894e-24j]
15:35 ninjax INFO    : [1.44906511e-46 1.44667215e-46 1.44435812e-46 ... 2.17775889e-47
 2.17777440e-47 2.17778992e-47]
15:35 ninjax INFO    : Signal injected in ifo L1. Frequencies, data, and PSD:
15:35 ninjax INFO    : [  20.          20.0078125   20.015625  ... 2047.9765625
 2047.984375  2047.9921875]
15:35 ninjax INFO    : [ 2.47602863e-23-8.02704941e-23j -4.74618881e-23+3.50353085e-23j
  1.03468950e-23+5.96795941e-23j ...
  1.86730322e-23-1.84957584e-23j  2.39447043e-24+2.92738969e-23j
 -6.76319408e-24-1.27885574e-23j]
15:35 ninjax INFO    : [1.44906511e-46 1.44667215e-46 1.44435812e-46 ... 2.17775889e-47
 2.17777440e-47 2.17778992e-47]
15:35 ninjax INFO    : Signal injected in ifo V1. Frequencies, data, and PSD:
15:35 ninjax INFO    : [  20.          20.0078125   20.015625  ... 2047.9765625
 2047.984375  2047.9921875]
15:35 ninjax INFO    : [-2.64169468e-23-1.06465081e-23j -3.15406728e-23+2.30800881e-23j
 -3.98581418e-23+3.48889492e-23j ...
  2.68072244e-23+9.94158380e-24j  5.52029497e-23-5.32080990e-24j
 -2.70081956e-23-1.64097974e-23j]
15:35 ninjax INFO    : [1.43183556e-46 1.42935095e-46 1.42688205e-46 ... 6.39786094e-47
 6.39790724e-47 6.39795354e-47]
15:35 ninjax INFO    : SNR for ifo H1 is 4.586285206951789
15:35 ninjax INFO    : SNR for ifo L1 is 6.207108936693488
15:35 ninjax INFO    : SNR for ifo V1 is 9.770493813619247
15:35 ninjax INFO    : The network SNR is 12.450894052776167
15:35 ninjax INFO    : The network SNR does not pass the threshold, trying again
15:35 ninjax INFO    : Generating new injection
15:35 ninjax INFO    : Sanity check: generated parameters:
15:35 ninjax INFO    : {'mass_1_source': 1.9841513811249234, 'mass_2_source': 1.0223665280616334, 's1_z': 0.04867261680504345, 's2_z': -0.015160994389934769, 'cos_iota': 0.9953180225135236, 'd_L': 329.5552402215692, 't_c': -0.04790880633716865, 'phase_c': 0.08563013757965857, 'psi': 2.153011026965296, 'ra': 3.196541780178947, 'sin_dec': 0.9412046819902904}
15:35 ninjax INFO    : Computing lambdas from EOS file /home/twouters2/projects/projection_BNS_A_plus/src/projection_BNS/data/MPA1.npz . . . 
15:35 ninjax INFO    : Injected lambda_1: 52.101599716961665
15:35 ninjax INFO    : Injected lambda_2: 2807.613627898016
15:35 ninjax INFO    : Duration is not specified in the config. Computed chirp time: for fmin = 20.0 and M_c = 1.3179180487013542 is 256.0
15:35 ninjax INFO    : After transforms, the injection parameters are:
15:35 ninjax INFO    : {'mass_1_source': 1.9841513811249234, 'mass_2_source': 1.0223665280616334, 's1_z': 0.04867261680504345, 's2_z': -0.015160994389934769, 'cos_iota': 0.9953180225135236, 'd_L': 329.5552402215692, 't_c': -0.04790880633716865, 'phase_c': 0.08563013757965857, 'psi': 2.153011026965296, 'ra': 3.196541780178947, 'sin_dec': 0.9412046819902904, 'q': 0.5152663943826696, 'M_c': 1.3179180487013542, 'eta': 0.2244160095279908, 'iota': Array(0.09680533, dtype=float64, weak_type=True), 'dec': Array(1.22617864, dtype=float64, weak_type=True), 'lambda_1': 52.101599716961665, 'lambda_2': 2807.613627898016}
15:35 ninjax INFO    : The trial injection parameters are {'M_c': 1.3179180487013542, 'eta': 0.2244160095279908, 's1_z': 0.04867261680504345, 's2_z': -0.015160994389934769, 'lambda_1': 52.101599716961665, 'lambda_2': 2807.613627898016, 'd_L': 329.5552402215692, 'phase_c': 0.08563013757965857, 'iota': 0.09680532568365911, 't_c': -0.04790880633716865, 'psi': 2.153011026965296, 'ra': 3.196541780178947, 'dec': 1.2261786432757824}
15:35 ninjax INFO    : Injecting signals . . .
15:35 ninjax INFO    : self.ifos
15:35 ninjax INFO    : [GroundBased2G(H1), GroundBased2G(L1), GroundBased2G(V1)]
15:35 ninjax INFO    : Signal injected in ifo H1. Frequencies, data, and PSD:
15:35 ninjax INFO    : [  20.           20.00390625   20.0078125  ... 2047.98828125
 2047.9921875  2047.99609375]
15:35 ninjax INFO    : [-2.78892125e-23-1.28402399e-23j  7.05172516e-23-3.15699679e-23j
  6.84563707e-24+1.69899682e-22j ...
  2.25422483e-23-6.55111347e-24j  1.46120288e-23+4.92797357e-23j
  5.10662865e-23-3.46449217e-24j]
15:35 ninjax INFO    : [1.44906511e-46 1.44785671e-46 1.44667215e-46 ... 2.17778216e-47
 2.17778992e-47 2.17779767e-47]
15:35 ninjax INFO    : Signal injected in ifo L1. Frequencies, data, and PSD:
15:35 ninjax INFO    : [  20.           20.00390625   20.0078125  ... 2047.98828125
 2047.9921875  2047.99609375]
15:35 ninjax INFO    : [-6.67912383e-23-2.03967487e-23j  4.98577050e-23-1.82838521e-23j
 -1.52146324e-22+1.57185505e-23j ...
 -2.53741207e-23-4.32953499e-23j -2.41682042e-23-3.21319862e-23j
  7.93567389e-23-3.19354114e-24j]
15:35 ninjax INFO    : [1.44906511e-46 1.44785671e-46 1.44667215e-46 ... 2.17778216e-47
 2.17778992e-47 2.17779767e-47]
15:35 ninjax INFO    : Signal injected in ifo V1. Frequencies, data, and PSD:
15:35 ninjax INFO    : [  20.           20.00390625   20.0078125  ... 2047.98828125
 2047.9921875  2047.99609375]
15:35 ninjax INFO    : [-6.90476766e-23-3.64704332e-23j  7.17169723e-23+2.71310250e-23j
 -4.51157869e-23-5.57740852e-23j ...
 -2.60527474e-23+4.89183385e-23j  3.97766966e-23+4.60130803e-23j
 -4.17488685e-23+1.29686330e-22j]
15:35 ninjax INFO    : [1.43183556e-46 1.43058540e-46 1.42935095e-46 ... 6.39793039e-47
 6.39795354e-47 6.39797668e-47]
15:35 ninjax INFO    : SNR for ifo H1 is 9.47193689590303
15:35 ninjax INFO    : SNR for ifo L1 is 7.099924591466696
15:35 ninjax INFO    : SNR for ifo V1 is 13.531374944692399
15:35 ninjax INFO    : The network SNR is 17.978448922483047
15:35 ninjax INFO    : The network SNR does not pass the threshold, trying again
15:35 ninjax INFO    : Generating new injection
15:35 ninjax INFO    : Sanity check: generated parameters:
15:35 ninjax INFO    : {'mass_1_source': 2.4364088295608632, 'mass_2_source': 2.04731179127858, 's1_z': -0.02602073544394772, 's2_z': 0.03792231753069357, 'cos_iota': -0.38988070624946003, 'd_L': 393.755523666734, 't_c': 0.058343943532346954, 'phase_c': 1.894153238629948, 'psi': 2.309139570995399, 'ra': 5.0437045768845055, 'sin_dec': 0.21970116713907695}
15:35 ninjax INFO    : Computing lambdas from EOS file /home/twouters2/projects/projection_BNS_A_plus/src/projection_BNS/data/MPA1.npz . . . 
15:35 ninjax INFO    : Injected lambda_1: 5.49933465892579
15:35 ninjax INFO    : Injected lambda_2: 40.516057153850994
15:35 ninjax INFO    : Duration is not specified in the config. Computed chirp time: for fmin = 20.0 and M_c = 2.115676761022941 is 64.0
15:35 ninjax INFO    : After transforms, the injection parameters are:
15:35 ninjax INFO    : {'mass_1_source': 2.4364088295608632, 'mass_2_source': 2.04731179127858, 's1_z': -0.02602073544394772, 's2_z': 0.03792231753069357, 'cos_iota': -0.38988070624946003, 'd_L': 393.755523666734, 't_c': 0.058343943532346954, 'phase_c': 1.894153238629948, 'psi': 2.309139570995399, 'ra': 5.0437045768845055, 'sin_dec': 0.21970116713907695, 'q': 0.8402989541158354, 'M_c': 2.115676761022941, 'eta': 0.24811731019538202, 'iota': Array(1.97129837, dtype=float64, weak_type=True), 'dec': Array(0.22150814, dtype=float64, weak_type=True), 'lambda_1': 5.49933465892579, 'lambda_2': 40.516057153850994}
15:35 ninjax INFO    : The trial injection parameters are {'M_c': 2.115676761022941, 'eta': 0.24811731019538202, 's1_z': -0.02602073544394772, 's2_z': 0.03792231753069357, 'lambda_1': 5.49933465892579, 'lambda_2': 40.516057153850994, 'd_L': 393.755523666734, 'phase_c': 1.894153238629948, 'iota': 1.9712983706761518, 't_c': 0.058343943532346954, 'psi': 2.309139570995399, 'ra': 5.0437045768845055, 'dec': 0.22150814288754506}
15:35 ninjax INFO    : Injecting signals . . .
15:35 ninjax INFO    : self.ifos
15:35 ninjax INFO    : [GroundBased2G(H1), GroundBased2G(L1), GroundBased2G(V1)]
15:35 ninjax INFO    : Signal injected in ifo H1. Frequencies, data, and PSD:
15:35 ninjax INFO    : [  20.         20.015625   20.03125  ... 2047.953125 2047.96875
 2047.984375]
15:35 ninjax INFO    : [-7.61368105e-24-1.18607462e-23j -5.05576585e-23-2.63136790e-23j
 -1.88992088e-23+4.69154814e-24j ...
  1.42223291e-23-1.04605378e-23j  2.81193611e-23-1.50022237e-23j
 -3.64070601e-24+1.26615397e-23j]
15:35 ninjax INFO    : [1.44906511e-46 1.44435812e-46 1.43973008e-46 ... 2.17771234e-47
 2.17774337e-47 2.17777440e-47]
15:35 ninjax INFO    : Signal injected in ifo L1. Frequencies, data, and PSD:
15:35 ninjax INFO    : [  20.         20.015625   20.03125  ... 2047.953125 2047.96875
 2047.984375]
15:35 ninjax INFO    : [-2.58728838e-24+2.52767426e-23j  2.49834486e-23+2.84669333e-23j
 -6.20389015e-23-5.48267564e-23j ...
 -7.07173337e-25+1.24648201e-23j -2.27468600e-24-1.59812064e-23j
 -2.15347804e-23-2.08526441e-23j]
15:35 ninjax INFO    : [1.44906511e-46 1.44435812e-46 1.43973008e-46 ... 2.17771234e-47
 2.17774337e-47 2.17777440e-47]
15:35 ninjax INFO    : Signal injected in ifo V1. Frequencies, data, and PSD:
15:35 ninjax INFO    : [  20.         20.015625   20.03125  ... 2047.953125 2047.96875
 2047.984375]
15:35 ninjax INFO    : [ 5.15104155e-23-1.57791882e-23j  1.49547472e-23-8.97122663e-25j
  3.03038106e-24+9.00600772e-24j ...
 -2.31826799e-23+3.59547718e-23j  3.26452659e-23+3.47907760e-23j
  6.08552739e-24+2.39479170e-23j]
15:35 ninjax INFO    : [1.43183556e-46 1.42688205e-46 1.42194425e-46 ... 6.39772204e-47
 6.39781464e-47 6.39790724e-47]
15:35 ninjax INFO    : SNR for ifo H1 is 2.961505811799385
15:35 ninjax INFO    : SNR for ifo L1 is 5.544345254330888
15:35 ninjax INFO    : SNR for ifo V1 is 1.854272385021114
15:35 ninjax INFO    : The network SNR is 6.553518677046314
15:35 ninjax INFO    : The network SNR does not pass the threshold, trying again
15:35 ninjax INFO    : Generating new injection
15:35 ninjax INFO    : Sanity check: generated parameters:
15:35 ninjax INFO    : {'mass_1_source': 1.637030134981761, 'mass_2_source': 1.2433741908966287, 's1_z': 0.021439382402458837, 's2_z': 0.011967674960326712, 'cos_iota': -0.2034321970123849, 'd_L': 201.43866374548224, 't_c': -0.05417211832374309, 'phase_c': 5.358973747677075, 'psi': 2.720032184040909, 'ra': 0.505303197099924, 'sin_dec': 0.49365860362037584}
15:35 ninjax INFO    : Computing lambdas from EOS file /home/twouters2/projects/projection_BNS_A_plus/src/projection_BNS/data/MPA1.npz . . . 
15:35 ninjax INFO    : Injected lambda_1: 199.2267887390657
15:35 ninjax INFO    : Injected lambda_2: 998.1873665087761
15:35 ninjax INFO    : Duration is not specified in the config. Computed chirp time: for fmin = 20.0 and M_c = 1.296090259296154 is 256.0
15:35 ninjax INFO    : After transforms, the injection parameters are:
15:35 ninjax INFO    : {'mass_1_source': 1.637030134981761, 'mass_2_source': 1.2433741908966287, 's1_z': 0.021439382402458837, 's2_z': 0.011967674960326712, 'cos_iota': -0.2034321970123849, 'd_L': 201.43866374548224, 't_c': -0.05417211832374309, 'phase_c': 5.358973747677075, 'psi': 2.720032184040909, 'ra': 0.505303197099924, 'sin_dec': 0.49365860362037584, 'q': 0.7595304230062214, 'M_c': 1.296090259296154, 'eta': 0.24533053927610318, 'iota': Array(1.77565848, dtype=float64, weak_type=True), 'dec': Array(0.51629171, dtype=float64, weak_type=True), 'lambda_1': 199.2267887390657, 'lambda_2': 998.1873665087761}
15:35 ninjax INFO    : The trial injection parameters are {'M_c': 1.296090259296154, 'eta': 0.24533053927610318, 's1_z': 0.021439382402458837, 's2_z': 0.011967674960326712, 'lambda_1': 199.2267887390657, 'lambda_2': 998.1873665087761, 'd_L': 201.43866374548224, 'phase_c': 5.358973747677075, 'iota': 1.775658479448435, 't_c': -0.05417211832374309, 'psi': 2.720032184040909, 'ra': 0.505303197099924, 'dec': 0.5162917099831299}
15:35 ninjax INFO    : Injecting signals . . .
15:35 ninjax INFO    : self.ifos
15:35 ninjax INFO    : [GroundBased2G(H1), GroundBased2G(L1), GroundBased2G(V1)]
15:35 ninjax INFO    : Signal injected in ifo H1. Frequencies, data, and PSD:
15:35 ninjax INFO    : [  20.           20.00390625   20.0078125  ... 2047.98828125
 2047.9921875  2047.99609375]
15:35 ninjax INFO    : [-3.29304328e-23-1.39840234e-23j  7.41980420e-23-2.85864279e-23j
  5.06781580e-24+1.65980117e-22j ...
  2.25422483e-23-6.55111347e-24j  1.46120288e-23+4.92797357e-23j
  5.10662865e-23-3.46449217e-24j]
15:35 ninjax INFO    : [1.44906511e-46 1.44785671e-46 1.44667215e-46 ... 2.17778216e-47
 2.17778992e-47 2.17779767e-47]
15:35 ninjax INFO    : Signal injected in ifo L1. Frequencies, data, and PSD:
15:35 ninjax INFO    : [  20.           20.00390625   20.0078125  ... 2047.98828125
 2047.9921875  2047.99609375]
15:35 ninjax INFO    : [-6.14625996e-23-1.91151773e-23j  4.59129245e-23-2.16033973e-23j
 -1.50249023e-22+2.01597233e-23j ...
 -2.53741207e-23-4.32953499e-23j -2.41682042e-23-3.21319862e-23j
  7.93567389e-23-3.19354114e-24j]
15:35 ninjax INFO    : [1.44906511e-46 1.44785671e-46 1.44667215e-46 ... 2.17778216e-47
 2.17778992e-47 2.17779767e-47]
15:35 ninjax INFO    : Signal injected in ifo V1. Frequencies, data, and PSD:
15:35 ninjax INFO    : [  20.           20.00390625   20.0078125  ... 2047.98828125
 2047.9921875  2047.99609375]
15:35 ninjax INFO    : [-6.28582955e-23-4.07843014e-23j  6.45155915e-23+2.89140964e-23j
 -3.78701716e-23-5.49028907e-23j ...
 -2.60527474e-23+4.89183385e-23j  3.97766966e-23+4.60130803e-23j
 -4.17488685e-23+1.29686330e-22j]
15:35 ninjax INFO    : [1.43183556e-46 1.43058540e-46 1.42935095e-46 ... 6.39793039e-47
 6.39795354e-47 6.39797668e-47]
15:35 ninjax INFO    : SNR for ifo H1 is 13.357697148099106
15:35 ninjax INFO    : SNR for ifo L1 is 12.93247045539712
15:35 ninjax INFO    : SNR for ifo V1 is 2.241431527028246
15:35 ninjax INFO    : The network SNR is 18.727009384053037
15:35 ninjax INFO    : The network SNR does not pass the threshold, trying again
15:35 ninjax INFO    : Generating new injection
15:35 ninjax INFO    : Sanity check: generated parameters:
15:35 ninjax INFO    : {'mass_1_source': 1.414358585930346, 'mass_2_source': 1.520763969930493, 's1_z': 0.04140663599077206, 's2_z': 0.02766495242490688, 'cos_iota': -0.6843155466161535, 'd_L': 364.9382298207355, 't_c': 0.026742954391298562, 'phase_c': 3.448583771982568, 'psi': 2.566505265143271, 'ra': 4.4707960891654785, 'sin_dec': 0.827315533014271}
15:35 ninjax INFO    : Computing lambdas from EOS file /home/twouters2/projects/projection_BNS_A_plus/src/projection_BNS/data/MPA1.npz . . . 
15:35 ninjax INFO    : Injected lambda_1: 314.4445777748032
15:35 ninjax INFO    : Injected lambda_2: 483.14943802013465
15:35 ninjax INFO    : Duration is not specified in the config. Computed chirp time: for fmin = 20.0 and M_c = 1.3818453964244808 is 256.0
15:35 ninjax INFO    : After transforms, the injection parameters are:
15:35 ninjax INFO    : {'mass_1_source': 1.520763969930493, 'mass_2_source': 1.414358585930346, 's1_z': 0.04140663599077206, 's2_z': 0.02766495242490688, 'cos_iota': -0.6843155466161535, 'd_L': 364.9382298207355, 't_c': 0.026742954391298562, 'phase_c': 3.448583771982568, 'psi': 2.566505265143271, 'ra': 4.4707960891654785, 'sin_dec': 0.827315533014271, 'q': 0.9300316248253763, 'M_c': 1.3818453964244808, 'eta': 0.2496714399653971, 'iota': Array(2.32446096, dtype=float64, weak_type=True), 'dec': Array(0.97431187, dtype=float64, weak_type=True), 'lambda_1': 314.4445777748032, 'lambda_2': 483.14943802013465}
15:35 ninjax INFO    : The trial injection parameters are {'M_c': 1.3818453964244808, 'eta': 0.2496714399653971, 's1_z': 0.04140663599077206, 's2_z': 0.02766495242490688, 'lambda_1': 314.4445777748032, 'lambda_2': 483.14943802013465, 'd_L': 364.9382298207355, 'phase_c': 3.448583771982568, 'iota': 2.324460957683612, 't_c': 0.026742954391298562, 'psi': 2.566505265143271, 'ra': 4.4707960891654785, 'dec': 0.9743118652951632}
15:35 ninjax INFO    : Injecting signals . . .
15:35 ninjax INFO    : self.ifos
15:35 ninjax INFO    : [GroundBased2G(H1), GroundBased2G(L1), GroundBased2G(V1)]
15:35 ninjax INFO    : Signal injected in ifo H1. Frequencies, data, and PSD:
15:35 ninjax INFO    : [  20.           20.00390625   20.0078125  ... 2047.98828125
 2047.9921875  2047.99609375]
15:35 ninjax INFO    : [-3.24922596e-23-8.77834357e-24j  7.64523092e-23-3.44251149e-23j
  2.95591559e-26+1.71136337e-22j ...
  2.25422483e-23-6.55111347e-24j  1.46120288e-23+4.92797357e-23j
  5.10662865e-23-3.46449217e-24j]
15:35 ninjax INFO    : [1.44906511e-46 1.44785671e-46 1.44667215e-46 ... 2.17778216e-47
 2.17778992e-47 2.17779767e-47]
15:35 ninjax INFO    : Signal injected in ifo L1. Frequencies, data, and PSD:
15:35 ninjax INFO    : [  20.           20.00390625   20.0078125  ... 2047.98828125
 2047.9921875  2047.99609375]
15:35 ninjax INFO    : [-6.47796558e-23-2.59848132e-23j  4.65539932e-23-1.34467100e-23j
 -1.47874247e-22+1.19792451e-23j ...
 -2.53741207e-23-4.32953499e-23j -2.41682042e-23-3.21319862e-23j
  7.93567389e-23-3.19354114e-24j]
15:35 ninjax INFO    : [1.44906511e-46 1.44785671e-46 1.44667215e-46 ... 2.17778216e-47
 2.17778992e-47 2.17779767e-47]
15:35 ninjax INFO    : Signal injected in ifo V1. Frequencies, data, and PSD:
15:35 ninjax INFO    : [  20.           20.00390625   20.0078125  ... 2047.98828125
 2047.9921875  2047.99609375]
15:35 ninjax INFO    : [-5.98714218e-23-4.11401133e-23j  6.10399969e-23+2.89844598e-23j
 -3.39711778e-23-5.44268416e-23j ...
 -2.60527474e-23+4.89183385e-23j  3.97766966e-23+4.60130803e-23j
 -4.17488685e-23+1.29686330e-22j]
15:35 ninjax INFO    : [1.43183556e-46 1.43058540e-46 1.42935095e-46 ... 6.39793039e-47
 6.39795354e-47 6.39797668e-47]
15:35 ninjax INFO    : SNR for ifo H1 is 6.2803282843028425
15:35 ninjax INFO    : SNR for ifo L1 is 5.7492339978440254
15:35 ninjax INFO    : SNR for ifo V1 is 6.101445904402084
15:35 ninjax INFO    : The network SNR is 10.474915610396335
15:35 ninjax INFO    : The network SNR does not pass the threshold, trying again
15:35 ninjax INFO    : Generating new injection
15:35 ninjax INFO    : Sanity check: generated parameters:
15:35 ninjax INFO    : {'mass_1_source': 1.1574205620892044, 'mass_2_source': 2.374468415058128, 's1_z': -0.02307314396720186, 's2_z': 0.0013206406306417867, 'cos_iota': 0.5850530443169597, 'd_L': 452.67392900060196, 't_c': -0.059926137352260336, 'phase_c': 4.355229322405821, 'psi': 1.423005475706764, 'ra': 5.324918487013373, 'sin_dec': -0.9790553046852031}
15:35 ninjax INFO    : Computing lambdas from EOS file /home/twouters2/projects/projection_BNS_A_plus/src/projection_BNS/data/MPA1.npz . . . 
15:35 ninjax INFO    : Injected lambda_1: 8.73812921704512
15:35 ninjax INFO    : Injected lambda_2: 1469.5703553090275
15:35 ninjax INFO    : Duration is not specified in the config. Computed chirp time: for fmin = 20.0 and M_c = 1.5708215825874925 is 128.0
15:35 ninjax INFO    : After transforms, the injection parameters are:
15:35 ninjax INFO    : {'mass_1_source': 2.374468415058128, 'mass_2_source': 1.1574205620892044, 's1_z': -0.02307314396720186, 's2_z': 0.0013206406306417867, 'cos_iota': 0.5850530443169597, 'd_L': 452.67392900060196, 't_c': -0.059926137352260336, 'phase_c': 4.355229322405821, 'psi': 1.423005475706764, 'ra': 5.324918487013373, 'sin_dec': -0.9790553046852031, 'q': 0.487444075797854, 'M_c': 1.5708215825874925, 'eta': 0.22031471443410053, 'iota': Array(0.94585086, dtype=float64, weak_type=True), 'dec': Array(-1.36576843, dtype=float64, weak_type=True), 'lambda_1': 8.73812921704512, 'lambda_2': 1469.5703553090275}
15:35 ninjax INFO    : The trial injection parameters are {'M_c': 1.5708215825874925, 'eta': 0.22031471443410053, 's1_z': -0.02307314396720186, 's2_z': 0.0013206406306417867, 'lambda_1': 8.73812921704512, 'lambda_2': 1469.5703553090275, 'd_L': 452.67392900060196, 'phase_c': 4.355229322405821, 'iota': 0.94585086411272, 't_c': -0.059926137352260336, 'psi': 1.423005475706764, 'ra': 5.324918487013373, 'dec': -1.365768427141242}
15:35 ninjax INFO    : Injecting signals . . .
15:35 ninjax INFO    : self.ifos
15:35 ninjax INFO    : [GroundBased2G(H1), GroundBased2G(L1), GroundBased2G(V1)]
15:35 ninjax INFO    : Signal injected in ifo H1. Frequencies, data, and PSD:
15:35 ninjax INFO    : [  20.          20.0078125   20.015625  ... 2047.9765625
 2047.984375  2047.9921875]
15:35 ninjax INFO    : [-6.92913685e-23-3.95893557e-23j -8.29857741e-23-4.65039951e-23j
 -3.73610100e-23+2.92866484e-23j ...
  5.39276234e-24+2.45611913e-24j  1.84029243e-23-8.43609062e-24j
  3.40736080e-24+7.17846270e-24j]
15:35 ninjax INFO    : [1.44906511e-46 1.44667215e-46 1.44435812e-46 ... 2.17775889e-47
 2.17777440e-47 2.17778992e-47]
15:35 ninjax INFO    : Signal injected in ifo L1. Frequencies, data, and PSD:
15:35 ninjax INFO    : [  20.          20.0078125   20.015625  ... 2047.9765625
 2047.984375  2047.9921875]
15:35 ninjax INFO    : [ 2.48487464e-23-7.94183299e-23j -4.39431330e-23+3.44825135e-23j
  9.57142007e-24+5.44369569e-23j ...
  1.86703625e-23-1.85004590e-23j  2.39227072e-24+2.92689593e-23j
 -6.76490301e-24-1.27936851e-23j]
15:35 ninjax INFO    : [1.44906511e-46 1.44667215e-46 1.44435812e-46 ... 2.17775889e-47
 2.17777440e-47 2.17778992e-47]
15:35 ninjax INFO    : Signal injected in ifo V1. Frequencies, data, and PSD:
15:35 ninjax INFO    : [  20.          20.0078125   20.015625  ... 2047.9765625
 2047.984375  2047.9921875]
15:35 ninjax INFO    : [-2.28248768e-23-2.61753454e-24j -2.34515205e-23+1.84862379e-23j
 -4.42887290e-23+2.89314903e-23j ...
  2.68093527e-23+9.93100495e-24j  5.52060851e-23-5.33113432e-24j
 -2.70040822e-23-1.64197717e-23j]
15:35 ninjax INFO    : [1.43183556e-46 1.42935095e-46 1.42688205e-46 ... 6.39786094e-47
 6.39790724e-47 6.39795354e-47]
15:35 ninjax INFO    : SNR for ifo H1 is 6.859749506708322
15:35 ninjax INFO    : SNR for ifo L1 is 6.01215775095939
15:35 ninjax INFO    : SNR for ifo V1 is 6.201125704106056
15:35 ninjax INFO    : The network SNR is 11.029785315922108
15:35 ninjax INFO    : The network SNR does not pass the threshold, trying again
15:35 ninjax INFO    : Generating new injection
15:35 ninjax INFO    : Sanity check: generated parameters:
15:35 ninjax INFO    : {'mass_1_source': 2.1549589162477982, 'mass_2_source': 2.2563210793090835, 's1_z': -0.048860333861922504, 's2_z': -0.013803260421960409, 'cos_iota': 0.9251363941893365, 'd_L': 446.6457983732002, 't_c': 0.040338789675162634, 'phase_c': 1.7163029574634383, 'psi': 2.4210528682998325, 'ra': 4.945864912198064, 'sin_dec': 0.08740199937116921}
15:35 ninjax INFO    : Computing lambdas from EOS file /home/twouters2/projects/projection_BNS_A_plus/src/projection_BNS/data/MPA1.npz . . . 
15:35 ninjax INFO    : Injected lambda_1: 16.44649672796659
15:35 ninjax INFO    : Injected lambda_2: 25.938851985710453
15:35 ninjax INFO    : Duration is not specified in the config. Computed chirp time: for fmin = 20.0 and M_c = 2.1132347154270716 is 64.0
15:35 ninjax INFO    : After transforms, the injection parameters are:
15:35 ninjax INFO    : {'mass_1_source': 2.2563210793090835, 'mass_2_source': 2.1549589162477982, 's1_z': -0.048860333861922504, 's2_z': -0.013803260421960409, 'cos_iota': 0.9251363941893365, 'd_L': 446.6457983732002, 't_c': 0.040338789675162634, 'phase_c': 1.7163029574634383, 'psi': 2.4210528682998325, 'ra': 4.945864912198064, 'sin_dec': 0.08740199937116921, 'q': 0.9550763568222641, 'M_c': 2.1132347154270716, 'eta': 0.24986800347457827, 'iota': Array(0.38940161, dtype=float64, weak_type=True), 'dec': Array(0.08751366, dtype=float64, weak_type=True), 'lambda_1': 16.44649672796659, 'lambda_2': 25.938851985710453}
15:35 ninjax INFO    : The trial injection parameters are {'M_c': 2.1132347154270716, 'eta': 0.24986800347457827, 's1_z': -0.048860333861922504, 's2_z': -0.013803260421960409, 'lambda_1': 16.44649672796659, 'lambda_2': 25.938851985710453, 'd_L': 446.6457983732002, 'phase_c': 1.7163029574634383, 'iota': 0.3894016126571921, 't_c': 0.040338789675162634, 'psi': 2.4210528682998325, 'ra': 4.945864912198064, 'dec': 0.08751366255916168}
15:35 ninjax INFO    : Injecting signals . . .
15:35 ninjax INFO    : self.ifos
15:35 ninjax INFO    : [GroundBased2G(H1), GroundBased2G(L1), GroundBased2G(V1)]
15:35 ninjax INFO    : Signal injected in ifo H1. Frequencies, data, and PSD:
15:35 ninjax INFO    : [  20.         20.015625   20.03125  ... 2047.953125 2047.96875
 2047.984375]
15:35 ninjax INFO    : [-5.45966880e-24-1.50799764e-23j -4.77660258e-23-2.89993268e-23j
 -1.56254021e-23+2.62028535e-24j ...
  1.42164993e-23-1.04708764e-23j  2.81156062e-23-1.50134881e-23j
 -3.64224687e-24+1.26497616e-23j]
15:35 ninjax INFO    : [1.44906511e-46 1.44435812e-46 1.43973008e-46 ... 2.17771234e-47
 2.17774337e-47 2.17777440e-47]
15:35 ninjax INFO    : Signal injected in ifo L1. Frequencies, data, and PSD:
15:35 ninjax INFO    : [  20.         20.015625   20.03125  ... 2047.953125 2047.96875
 2047.984375]
15:35 ninjax INFO    : [ 1.69265568e-24+3.21083936e-23j  2.77040921e-23+3.60365528e-23j
 -6.08911085e-23-4.68835619e-23j ...
 -7.12884769e-25+1.24387951e-23j -2.27535638e-24-1.60078323e-23j
 -2.15303892e-23-2.08789038e-23j]
15:35 ninjax INFO    : [1.44906511e-46 1.44435812e-46 1.43973008e-46 ... 2.17771234e-47
 2.17774337e-47 2.17777440e-47]
15:35 ninjax INFO    : Signal injected in ifo V1. Frequencies, data, and PSD:
15:35 ninjax INFO    : [  20.         20.015625   20.03125  ... 2047.953125 2047.96875
 2047.984375]
15:35 ninjax INFO    : [ 5.19199764e-23-1.80397174e-23j  1.58377254e-23-3.00417774e-24j
  4.31570928e-24+7.13268581e-24j ...
 -2.31891628e-23+3.59545126e-23j  3.26389480e-23+3.47892802e-23j
  6.07960835e-24+2.39452383e-23j]
15:35 ninjax INFO    : [1.43183556e-46 1.42688205e-46 1.42194425e-46 ... 6.39772204e-47
 6.39781464e-47 6.39790724e-47]
15:35 ninjax INFO    : SNR for ifo H1 is 5.545022037862552
15:35 ninjax INFO    : SNR for ifo L1 is 12.463566687944704
15:35 ninjax INFO    : SNR for ifo V1 is 4.074558569374087
15:35 ninjax INFO    : The network SNR is 14.236916503249082
15:35 ninjax INFO    : The network SNR does not pass the threshold, trying again
15:35 ninjax INFO    : Generating new injection
15:35 ninjax INFO    : Sanity check: generated parameters:
15:35 ninjax INFO    : {'mass_1_source': 2.4465200108986838, 'mass_2_source': 2.438352152312477, 's1_z': -0.03497586086249227, 's2_z': -0.008338727697094497, 'cos_iota': 0.8972877859983135, 'd_L': 304.37996398448377, 't_c': 0.06903878650933937, 'phase_c': 5.044029546985484, 'psi': 0.6347325200920705, 'ra': 1.3644379342901776, 'sin_dec': -0.7153605369604548}
15:35 ninjax INFO    : Computing lambdas from EOS file /home/twouters2/projects/projection_BNS_A_plus/src/projection_BNS/data/MPA1.npz . . . 
15:35 ninjax INFO    : Injected lambda_1: 4.956098593412527
15:35 ninjax INFO    : Injected lambda_2: 5.396944182107658
15:35 ninjax INFO    : Duration is not specified in the config. Computed chirp time: for fmin = 20.0 and M_c = 2.2724974593901774 is 64.0
15:35 ninjax INFO    : After transforms, the injection parameters are:
15:35 ninjax INFO    : {'mass_1_source': 2.4465200108986838, 'mass_2_source': 2.438352152312477, 's1_z': -0.03497586086249227, 's2_z': -0.008338727697094497, 'cos_iota': 0.8972877859983135, 'd_L': 304.37996398448377, 't_c': 0.06903878650933937, 'phase_c': 5.044029546985484, 'psi': 0.6347325200920705, 'ra': 1.3644379342901776, 'sin_dec': -0.7153605369604548, 'q': 0.9966614380631179, 'M_c': 2.2724974593901774, 'eta': 0.24999930104370088, 'iota': Array(0.45720963, dtype=float64, weak_type=True), 'dec': Array(-0.79713994, dtype=float64, weak_type=True), 'lambda_1': 4.956098593412527, 'lambda_2': 5.396944182107658}
15:35 ninjax INFO    : The trial injection parameters are {'M_c': 2.2724974593901774, 'eta': 0.24999930104370088, 's1_z': -0.03497586086249227, 's2_z': -0.008338727697094497, 'lambda_1': 4.956098593412527, 'lambda_2': 5.396944182107658, 'd_L': 304.37996398448377, 'phase_c': 5.044029546985484, 'iota': 0.45720963225389494, 't_c': 0.06903878650933937, 'psi': 0.6347325200920705, 'ra': 1.3644379342901776, 'dec': -0.7971399404286452}
15:35 ninjax INFO    : Injecting signals . . .
15:35 ninjax INFO    : self.ifos
15:35 ninjax INFO    : [GroundBased2G(H1), GroundBased2G(L1), GroundBased2G(V1)]
15:35 ninjax INFO    : Signal injected in ifo H1. Frequencies, data, and PSD:
15:35 ninjax INFO    : [  20.         20.015625   20.03125  ... 2047.953125 2047.96875
 2047.984375]
15:35 ninjax INFO    : [ 2.25689734e-25-1.26936038e-23j -4.33870727e-23-3.01582774e-23j
 -1.39838917e-23-1.39793806e-24j ...
  1.42290719e-23-1.04362747e-23j  2.81214223e-23-1.49771218e-23j
 -3.64340139e-24+1.26865853e-23j]
15:35 ninjax INFO    : [1.44906511e-46 1.44435812e-46 1.43973008e-46 ... 2.17771234e-47
 2.17774337e-47 2.17777440e-47]
15:35 ninjax INFO    : Signal injected in ifo L1. Frequencies, data, and PSD:
15:35 ninjax INFO    : [  20.         20.015625   20.03125  ... 2047.953125 2047.96875
 2047.984375]
15:35 ninjax INFO    : [-5.82688276e-24+2.23770717e-23j  2.00052763e-23+2.91110755e-23j
 -6.71045529e-23-5.03765181e-23j ...
 -7.04748158e-25+1.24887275e-23j -2.27682345e-24-1.59572682e-23j
 -2.15414047e-23-2.08295381e-23j]
15:35 ninjax INFO    : [1.44906511e-46 1.44435812e-46 1.43973008e-46 ... 2.17771234e-47
 2.17774337e-47 2.17777440e-47]
15:35 ninjax INFO    : Signal injected in ifo V1. Frequencies, data, and PSD:
15:35 ninjax INFO    : [  20.         20.015625   20.03125  ... 2047.953125 2047.96875
 2047.984375]
15:35 ninjax INFO    : [ 5.07333225e-23-9.21143126e-24j  1.75607466e-23+4.47553998e-24j
  8.20638618e-24+1.16885165e-23j ...
 -2.32031689e-23+3.59705395e-23j  3.26221867e-23+3.48024271e-23j
  6.06067489e-24+2.39550393e-23j]
15:35 ninjax INFO    : [1.43183556e-46 1.42688205e-46 1.42194425e-46 ... 6.39772204e-47
 6.39781464e-47 6.39790724e-47]
15:35 ninjax INFO    : SNR for ifo H1 is 14.463280945796331
15:35 ninjax INFO    : SNR for ifo L1 is 14.788999167759268
15:35 ninjax INFO    : SNR for ifo V1 is 11.668275405909858
15:35 ninjax INFO    : The network SNR is 23.749729325808758
15:35 ninjax INFO    : The network SNR does not pass the threshold, trying again
15:35 ninjax INFO    : Generating new injection
15:35 ninjax INFO    : Sanity check: generated parameters:
15:35 ninjax INFO    : {'mass_1_source': 1.8871449359429564, 'mass_2_source': 2.4176710711220935, 's1_z': -0.023188716775720986, 's2_z': -0.004831082507161952, 'cos_iota': 0.4496326693790218, 'd_L': 208.13697820244565, 't_c': -0.053341450175829676, 'phase_c': 3.076372953138689, 'psi': 1.898851766979089, 'ra': 4.556623993970524, 'sin_dec': -0.29257339861265574}
15:35 ninjax INFO    : Computing lambdas from EOS file /home/twouters2/projects/projection_BNS_A_plus/src/projection_BNS/data/MPA1.npz . . . 
15:35 ninjax INFO    : Injected lambda_1: 6.466407478141631
15:35 ninjax INFO    : Injected lambda_2: 76.04240137695214
15:35 ninjax INFO    : Duration is not specified in the config. Computed chirp time: for fmin = 20.0 and M_c = 1.9439703325220994 is 128.0
15:35 ninjax INFO    : After transforms, the injection parameters are:
15:35 ninjax INFO    : {'mass_1_source': 2.4176710711220935, 'mass_2_source': 1.8871449359429564, 's1_z': -0.023188716775720986, 's2_z': -0.004831082507161952, 'cos_iota': 0.4496326693790218, 'd_L': 208.13697820244565, 't_c': -0.053341450175829676, 'phase_c': 3.076372953138689, 'psi': 1.898851766979089, 'ra': 4.556623993970524, 'sin_dec': -0.29257339861265574, 'q': 0.78056314545183, 'M_c': 1.9439703325220994, 'eta': 0.24620296686162724, 'iota': Array(1.10444228, dtype=float64, weak_type=True), 'dec': Array(-0.29691689, dtype=float64, weak_type=True), 'lambda_1': 6.466407478141631, 'lambda_2': 76.04240137695214}
15:35 ninjax INFO    : The trial injection parameters are {'M_c': 1.9439703325220994, 'eta': 0.24620296686162724, 's1_z': -0.023188716775720986, 's2_z': -0.004831082507161952, 'lambda_1': 6.466407478141631, 'lambda_2': 76.04240137695214, 'd_L': 208.13697820244565, 'phase_c': 3.076372953138689, 'iota': 1.10444227646692, 't_c': -0.053341450175829676, 'psi': 1.898851766979089, 'ra': 4.556623993970524, 'dec': -0.29691688927895044}
15:35 ninjax INFO    : Injecting signals . . .
15:35 ninjax INFO    : self.ifos
15:35 ninjax INFO    : [GroundBased2G(H1), GroundBased2G(L1), GroundBased2G(V1)]
15:35 ninjax INFO    : Signal injected in ifo H1. Frequencies, data, and PSD:
15:35 ninjax INFO    : [  20.          20.0078125   20.015625  ... 2047.9765625
 2047.984375  2047.9921875]
15:35 ninjax INFO    : [-6.43813140e-23-4.76439900e-23j -8.72297413e-23-4.36282593e-23j
 -3.09510947e-23+2.49738736e-23j ...
  5.39162770e-24+2.43622034e-24j  1.84037842e-23-8.45600196e-24j
  3.41020641e-24+7.15873822e-24j]
15:35 ninjax INFO    : [1.44906511e-46 1.44667215e-46 1.44435812e-46 ... 2.17775889e-47
 2.17777440e-47 2.17778992e-47]
15:35 ninjax INFO    : Signal injected in ifo L1. Frequencies, data, and PSD:
15:35 ninjax INFO    : [  20.          20.0078125   20.015625  ... 2047.9765625
 2047.984375  2047.9921875]
15:35 ninjax INFO    : [ 2.68950082e-23-6.94637480e-23j -4.39040231e-23+2.60824228e-23j
  3.83782644e-24+6.51625949e-23j ...
  1.86967243e-23-1.84952001e-23j  2.41797545e-24+2.92768194e-23j
 -6.74011135e-24-1.27833025e-23j]
15:35 ninjax INFO    : [1.44906511e-46 1.44667215e-46 1.44435812e-46 ... 2.17775889e-47
 2.17777440e-47 2.17778992e-47]
15:35 ninjax INFO    : Signal injected in ifo V1. Frequencies, data, and PSD:
15:35 ninjax INFO    : [  20.          20.0078125   20.015625  ... 2047.9765625
 2047.984375  2047.9921875]
15:35 ninjax INFO    : [-2.21483305e-23-9.19688834e-24j -3.21790124e-23+2.12701607e-23j
 -3.98080551e-23+3.40537058e-23j ...
  2.67958329e-23+9.93151567e-24j  5.51925831e-23-5.33198354e-24j
 -2.70174299e-23-1.64219721e-23j]
15:35 ninjax INFO    : [1.43183556e-46 1.42935095e-46 1.42688205e-46 ... 6.39786094e-47
 6.39790724e-47 6.39795354e-47]
15:35 ninjax INFO    : SNR for ifo H1 is 17.41901822608814
15:35 ninjax INFO    : SNR for ifo L1 is 23.493167728351175
15:35 ninjax INFO    : SNR for ifo V1 is 9.329214693926593
15:35 ninjax INFO    : The network SNR is 30.698295924669953
15:35 ninjax INFO    : Network SNR passes threshold
15:35 ninjax INFO    : Sanity checking the GW injection for ArrayImpl
15:35 ninjax INFO    :    mass_1_source: 2.4176710711220935
15:35 ninjax INFO    :    mass_2_source: 1.8871449359429564
15:35 ninjax INFO    :    s1_z: -0.023188716775720986
15:35 ninjax INFO    :    s2_z: -0.004831082507161952
15:35 ninjax INFO    :    cos_iota: 0.4496326693790218
15:35 ninjax INFO    :    d_L: 208.13697820244565
15:35 ninjax INFO    :    t_c: -0.053341450175829676
15:35 ninjax INFO    :    phase_c: 3.076372953138689
15:35 ninjax INFO    :    psi: 1.898851766979089
15:35 ninjax INFO    :    ra: 4.556623993970524
15:35 ninjax INFO    :    sin_dec: -0.29257339861265574
15:35 ninjax INFO    :    q: 0.78056314545183
15:35 ninjax INFO    :    M_c: 1.9439703325220994
15:35 ninjax INFO    :    eta: 0.24620296686162724
15:35 ninjax INFO    :    iota: 1.10444227646692
15:35 ninjax INFO    :    dec: -0.29691688927895044
15:35 ninjax INFO    :    lambda_1: 6.466407478141631
15:35 ninjax INFO    :    lambda_2: 76.04240137695214
15:35 ninjax INFO    :    H1_SNR: 17.41901822608814
15:35 ninjax INFO    :    L1_SNR: 23.493167728351175
15:35 ninjax INFO    :    V1_SNR: 9.329214693926593
15:35 ninjax INFO    :    network_SNR: 30.698295924669953
15:35 ninjax INFO    :    epoch: 126.0
15:35 ninjax INFO    :    gmst: 2.7288901910520846
15:35 ninjax INFO    :    duration: 128.0
15:35 ninjax INFO    : Using GW HeterodynedTransientLikelihoodFD. Initializing likelihood
15:35 ninjax INFO    : Using the injection parameters as reference parameters for the relative binning
15:35 ninjax INFO    : Using the following kwargs for the GW likelihood: {}
