Tue Apr  1 15:34:28 CEST 2025
NVIDIA H100
/gpfs/home6/twouters2/ninjax_dev/jim/src/jimgw/prior.py:94: UserWarning: As of jaxtyping version 0.2.24, jaxtyping now prefers the syntax
```
from jaxtyping import jaxtyped
# Use your favourite typechecker: usually one of the two lines below.
from typeguard import typechecked as typechecker
from beartype import beartype as typechecker

@jaxtyped(typechecker=typechecker)
def foo(...):
```
and the old double-decorator syntax
```
@jaxtyped
@typechecker
def foo(...):
```
should no longer be used. (It will continue to work as it did before, but the new approach will produce more readable error messages.)
In particular note that `typechecker` must be passed via keyword argument; the following is not valid:
```
@jaxtyped(typechecker)
def foo(...):
```

  class Uniform(Prior):
/gpfs/home6/twouters2/ninjax_dev/jim/src/jimgw/prior.py:149: UserWarning: As of jaxtyping version 0.2.24, jaxtyping now prefers the syntax
```
from jaxtyping import jaxtyped
# Use your favourite typechecker: usually one of the two lines below.
from typeguard import typechecked as typechecker
from beartype import beartype as typechecker

@jaxtyped(typechecker=typechecker)
def foo(...):
```
and the old double-decorator syntax
```
@jaxtyped
@typechecker
def foo(...):
```
should no longer be used. (It will continue to work as it did before, but the new approach will produce more readable error messages.)
In particular note that `typechecker` must be passed via keyword argument; the following is not valid:
```
@jaxtyped(typechecker)
def foo(...):
```

  class Unconstrained_Uniform(Prior):
/gpfs/home6/twouters2/ninjax_dev/jim/src/jimgw/prior.py:263: UserWarning: As of jaxtyping version 0.2.24, jaxtyping now prefers the syntax
```
from jaxtyping import jaxtyped
# Use your favourite typechecker: usually one of the two lines below.
from typeguard import typechecked as typechecker
from beartype import beartype as typechecker

@jaxtyped(typechecker=typechecker)
def foo(...):
```
and the old double-decorator syntax
```
@jaxtyped
@typechecker
def foo(...):
```
should no longer be used. (It will continue to work as it did before, but the new approach will produce more readable error messages.)
In particular note that `typechecker` must be passed via keyword argument; the following is not valid:
```
@jaxtyped(typechecker)
def foo(...):
```

  class AlignedSpin(Prior):
/gpfs/home6/twouters2/ninjax_dev/jim/src/jimgw/prior.py:377: UserWarning: As of jaxtyping version 0.2.24, jaxtyping now prefers the syntax
```
from jaxtyping import jaxtyped
# Use your favourite typechecker: usually one of the two lines below.
from typeguard import typechecked as typechecker
from beartype import beartype as typechecker

@jaxtyped(typechecker=typechecker)
def foo(...):
```
and the old double-decorator syntax
```
@jaxtyped
@typechecker
def foo(...):
```
should no longer be used. (It will continue to work as it did before, but the new approach will produce more readable error messages.)
In particular note that `typechecker` must be passed via keyword argument; the following is not valid:
```
@jaxtyped(typechecker)
def foo(...):
```

  class PowerLaw(Prior):
/gpfs/home6/twouters2/ninjax_dev/jim/src/jimgw/single_event/detector.py:496: UserWarning: As of jaxtyping version 0.2.24, jaxtyping now prefers the syntax
```
from jaxtyping import jaxtyped
# Use your favourite typechecker: usually one of the two lines below.
from typeguard import typechecked as typechecker
from beartype import beartype as typechecker

@jaxtyped(typechecker=typechecker)
def foo(...):
```
and the old double-decorator syntax
```
@jaxtyped
@typechecker
def foo(...):
```
should no longer be used. (It will continue to work as it did before, but the new approach will produce more readable error messages.)
In particular note that `typechecker` must be passed via keyword argument; the following is not valid:
```
@jaxtyped(typechecker)
def foo(...):
```

  def load_psd(
15:34 ninjax INFO    : Checking and setting outdir
15:34 ninjax INFO    : Found generation prior file ./Aplus/injection_25/generation_prior.prior
15:34 ninjax INFO    : The outdir is set to ./Aplus/injection_25
15:34 ninjax INFO    : Loading the given config
15:34 ninjax WARNING : Unrecognized keys given: {'generation_seed', 'n_max_examples'}. These will be ignored
15:34 ninjax INFO    : Arguments loaded into the config: {'likelihood': 'HeterodynedTransientLikelihoodFD', 'gw_injection': 'True', 'gw_load_existing_injection': 'False', 'gw_dump_injection_data': 'False', 'gw_SNR_threshold_low': '30.0', 'gw_SNR_threshold_high': '100', 'waveform_approximant': 'IMRPhenomD_NRTidalv2', 'waveform_approximant_1': 'None', 'waveform_approximant_2': 'None', 'gw_overlapping_tight_priors': 'False', 'ifos': 'H1,L1,V1', 'eos_file': '/home/twouters2/projects/projection_BNS_A_plus/src/projection_BNS/data/MPA1.npz', 'fmin': '20.0', 'fref': '20.0', 'fmax': '2048.0', 'duration': 'None', 'post_trigger_duration': '2.0', 'trigger_time': '1187008882.4', 'psd_file_H1': '/home/twouters2/projects/projection_BNS_A_plus/src/projection_BNS/data/AplusDesign_PSD.txt', 'psd_file_L1': '/home/twouters2/projects/projection_BNS_A_plus/src/projection_BNS/data/AplusDesign_PSD.txt', 'psd_file_V1': '/home/twouters2/projects/projection_BNS_A_plus/src/projection_BNS/data/avirgo_O5high_NEW_PSD.txt', 'psd_file_ET1': '/home/twouters2/psds/ET_D_psd.txt', 'psd_file_ET2': '/home/twouters2/psds/ET_D_psd.txt', 'psd_file_ET3': '/home/twouters2/psds/ET_D_psd.txt', 'psd_file_CE': '/home/twouters2/psds/CE_psd.txt', 'data_file_H1': 'None', 'data_file_L1': 'None', 'data_file_V1': 'None', 'data_file_ET1': 'None', 'data_file_ET2': 'None', 'data_file_ET3': 'None', 'relative_binning_binsize': '1000', 'relative_binning_ref_params_equal_true_params': 'True', 'relative_binning_ref_params': 'None', 'transforms': 'q_to_eta,cos_iota_to_iota,sin_dec_to_dec', 'gw_kwargs': 'None', 'filters': 'None', 'tmin': '0.05', 'tmax': '15.0', 'em_injection': 'False', 'em_trigger_time': '0.0', 'em_data_path': 'None', 'KN_model_name': 'None', 'KN_class_name': 'None', 'KN_model_dir': 'None', 'GRB_model_name': 'None', 'GRB_class_name': 'None', 'GRB_model_dir': 'None', 'detection_limit': 'None', 'n_loop_training': '200', 'n_loop_production': '10', 'n_local_steps': '100', 'n_global_steps': '1_000', 'n_epochs': '25', 'n_chains': '1_000', 'learning_rate': '0.001', 'max_samples': '50000', 'momentum': '0.9', 'batch_size': '30000', 'use_global': 'True', 'keep_quantile': '0.0', 'train_thinning': '10', 'output_thinning': '50', 'n_sample_max': '10000', 'verbose': 'False', 'save_training_chains': 'False', 'eps_mass_matrix': '1e-5', 'use_scheduler': 'True', 'use_temperature': 'False', 'which_temperature_schedule': 'exponential', 'starting_temperature': '2.0', 'stop_tempering_iteration': '75', 'stopping_criterion_global_acc': '0.10', 'stopping_criterion_loss': '-inf', 'seed': '123', 'sampling_seed': '123', 'injection_generation_seed': 'None', 'num_layers': '10', 'hidden_size': '128,128', 'num_bins': '8', 'nf_model_kwargs': 'None', 'run_sampler': 'True', 'keys_to_plot': 'M_c, q, s1_z, s2_z, lambda_1, lambda_2, d_L, t_c, phase_c, iota, psi, ra, dec'}
15:34 ninjax INFO    : Complete config file written to /gpfs/home6/twouters2/projects/projection_BNS_A_plus/src/projection_BNS/GW/MPA1/Aplus/injection_25/complete_config.json
15:34 ninjax INFO    : No injection_generation_seed specified. Generating a random injection_generation_seed: 433055
15:34 ninjax INFO    : Loading the priors
15:34 ninjax INFO    : Setting up the prior
15:34 ninjax INFO    :    Mc_prior = Uniform(0.98, 2.6, naming=["M_c"])
15:34 ninjax INFO    :    q_prior = Uniform(0.125, 1.0, naming=["q"])
15:34 ninjax INFO    :    s1_z_prior = Uniform(-0.05, 0.05, naming=["s1_z"])
15:34 ninjax INFO    :    s2_z_prior = Uniform(-0.05, 0.05, naming=["s2_z"])
15:34 ninjax INFO    :    lambda1_prior = Uniform(0.0, 5000.0, naming=["lambda_1"])
15:34 ninjax INFO    :    lambda2_prior = Uniform(0.0, 5000.0, naming=["lambda_2"])
15:34 ninjax INFO    :    cos_iota_prior = Uniform(-1.0, 1.0, naming=["cos_iota"])
15:34 ninjax INFO    :    dL_prior = PowerLaw(10.0, 1000.0, 2.0, naming=["d_L"])
15:34 ninjax INFO    :    t_c_prior = Uniform(-0.1, 0.1, naming=["t_c"])
15:34 ninjax INFO    :    phase_c_prior = Uniform(0.0, 2 * jnp.pi, naming=["phase_c"])
15:34 ninjax INFO    :    psi_prior = Uniform(0.0, jnp.pi, naming=["psi"])
15:34 ninjax INFO    :    ra_prior = Uniform(0.0, 2 * jnp.pi, naming=["ra"])
15:34 ninjax INFO    :    sin_dec_prior = Uniform(-1.0, 1.0, naming=["sin_dec"])
15:34 ninjax INFO    : Setting up the generation prior
15:34 ninjax INFO    :    mass_1_source_prior = Uniform(1.0, 2.468645554845655, naming=["mass_1_source"])
15:34 ninjax INFO    :    mass_2_source_prior = Uniform(1.0, 2.468645554845655, naming=["mass_2_source"])
15:34 ninjax INFO    :    s1_z_prior = Uniform(-0.05, 0.05, naming=["s1_z"])
15:34 ninjax INFO    :    s2_z_prior = Uniform(-0.05, 0.05, naming=["s2_z"])
15:34 ninjax INFO    :    cos_iota_prior = Uniform(-1.0, 1.0, naming=["cos_iota"])
15:34 ninjax INFO    :    dL_prior = PowerLaw(10.0, 460.0, 2.0, naming=["d_L"])
15:34 ninjax INFO    :    t_c_prior = Uniform(-0.1, 0.1, naming=["t_c"])
15:34 ninjax INFO    :    phase_c_prior = Uniform(0.0, 2 * jnp.pi, naming=["phase_c"])
15:34 ninjax INFO    :    psi_prior = Uniform(0.0, jnp.pi, naming=["psi"])
15:34 ninjax INFO    :    ra_prior = Uniform(0.0, 2 * jnp.pi, naming=["ra"])
15:34 ninjax INFO    :    sin_dec_prior = Uniform(-1.0, 1.0, naming=["sin_dec"])
15:34 ninjax INFO    : Finished prior setup
15:34 ninjax INFO    : Setting the transforms
15:34 ninjax INFO    : Raw transforms list is q_to_eta,cos_iota_to_iota,sin_dec_to_dec
15:34 ninjax INFO    : transforms_str_list has 3 elements
15:34 ninjax INFO    : DEBUG: Checking that all_transforms is OK: the list is ['binary_Love', 'binary_love_fit', 'cos_iota1_to_iota1', 'cos_iota2_to_iota2', 'cos_iota_to_iota', 'log_lambda_to_lambda', 'm1_m2_to_Mc_q', 'q1_to_eta1', 'q2_to_eta2', 'q_to_eta', 'sin_dec1_to_dec1', 'sin_dec2_to_dec2', 'sin_dec_to_dec', 'spin_sphere_to_cartesian_s1', 'spin_sphere_to_cartesian_s2', 'swap_lambdas_eos', 't_c_dt_to_tcs']
15:34 ninjax INFO    : Setting the likelihood
15:34 ninjax INFO    : GW likelihood provided, setting up the GW pipe
15:34 ninjax INFO    : eos_file is /home/twouters2/projects/projection_BNS_A_plus/src/projection_BNS/data/MPA1.npz
15:34 ninjax INFO    : Using eos_file /home/twouters2/projects/projection_BNS_A_plus/src/projection_BNS/data/MPA1.npz for BNS injections
15:34 ninjax INFO    : Note: No specific waveform approximant 1 so defaulting to IMRPhenomD_NRTidalv2
15:34 ninjax INFO    : self.is_BNS_run is True
15:34 ninjax INFO    : Using IMRPhenomD_NRTidalv2 waveform. Therefore, we will use no taper as the reference waveform for the likelihood if relative binning is used
15:34 ninjax INFO    : GW run is an injection
15:34 ninjax INFO    : Setting up GW injection . . . 
15:34 ninjax INFO    : The SNR thresholds are: 30.0 - 100.0
15:34 ninjax INFO    : Generating new injection
15:34 ninjax INFO    : Sanity check: generated parameters:
15:34 ninjax INFO    : {'mass_1_source': 1.0095526832002206, 'mass_2_source': 2.3264145767447975, 's1_z': 0.044752006787730905, 's2_z': -0.015097258891993495, 'cos_iota': 0.08051539287738496, 'd_L': 288.9276121300082, 't_c': -0.0825729312523512, 'phase_c': 0.013116534013784625, 'psi': 0.09197713575026836, 'ra': 0.21039278211597573, 'sin_dec': -0.7466657743308152}
15:34 ninjax INFO    : Computing lambdas from EOS file /home/twouters2/projects/projection_BNS_A_plus/src/projection_BNS/data/MPA1.npz . . . 
15:34 ninjax INFO    : Injected lambda_1: 11.54271288155287
15:34 ninjax INFO    : Injected lambda_2: 2994.4113935237556
15:34 ninjax INFO    : Duration is not specified in the config. Computed chirp time: for fmin = 20.0 and M_c = 1.3973690582994982 is 128.0
15:34 ninjax INFO    : After transforms, the injection parameters are:
15:34 ninjax INFO    : {'mass_1_source': 2.3264145767447975, 'mass_2_source': 1.0095526832002206, 's1_z': 0.044752006787730905, 's2_z': -0.015097258891993495, 'cos_iota': 0.08051539287738496, 'd_L': 288.9276121300082, 't_c': -0.0825729312523512, 'phase_c': 0.013116534013784625, 'psi': 0.09197713575026836, 'ra': 0.21039278211597573, 'sin_dec': -0.7466657743308152, 'q': 0.43395218259542667, 'M_c': 1.3973690582994982, 'eta': 0.21104377098244823, 'iota': Array(1.49019369, dtype=float64, weak_type=True), 'dec': Array(-0.84303551, dtype=float64, weak_type=True), 'lambda_1': 11.54271288155287, 'lambda_2': 2994.4113935237556}
15:34 ninjax INFO    : The trial injection parameters are {'M_c': 1.3973690582994982, 'eta': 0.21104377098244823, 's1_z': 0.044752006787730905, 's2_z': -0.015097258891993495, 'lambda_1': 11.54271288155287, 'lambda_2': 2994.4113935237556, 'd_L': 288.9276121300082, 'phase_c': 0.013116534013784625, 'iota': 1.4901936859162495, 't_c': -0.0825729312523512, 'psi': 0.09197713575026836, 'ra': 0.21039278211597573, 'dec': -0.8430355071087045}
15:34 ninjax INFO    : Injecting signals . . .
15:35 ninjax INFO    : self.ifos
15:35 ninjax INFO    : [GroundBased2G(H1), GroundBased2G(L1), GroundBased2G(V1)]
15:35 ninjax INFO    : Signal injected in ifo H1. Frequencies, data, and PSD:
15:35 ninjax INFO    : [  20.          20.0078125   20.015625  ... 2047.9765625
 2047.984375  2047.9921875]
15:35 ninjax INFO    : [-6.67531722e-23-4.03416118e-23j -8.20037505e-23-4.99695494e-23j
 -3.94370860e-23+2.57624581e-23j ...
  5.39276234e-24+2.45611913e-24j  1.84029243e-23-8.43609062e-24j
  3.40736080e-24+7.17846270e-24j]
15:35 ninjax INFO    : [1.44906511e-46 1.44667215e-46 1.44435812e-46 ... 2.17775889e-47
 2.17777440e-47 2.17778992e-47]
15:35 ninjax INFO    : Signal injected in ifo L1. Frequencies, data, and PSD:
15:35 ninjax INFO    : [  20.          20.0078125   20.015625  ... 2047.9765625
 2047.984375  2047.9921875]
15:35 ninjax INFO    : [ 2.22906843e-23-7.90691240e-23j -4.50775861e-23+3.71633107e-23j
  1.11515336e-23+5.71142876e-23j ...
  1.86703625e-23-1.85004590e-23j  2.39227072e-24+2.92689593e-23j
 -6.76490301e-24-1.27936851e-23j]
15:35 ninjax INFO    : [1.44906511e-46 1.44667215e-46 1.44435812e-46 ... 2.17775889e-47
 2.17777440e-47 2.17778992e-47]
15:35 ninjax INFO    : Signal injected in ifo V1. Frequencies, data, and PSD:
15:35 ninjax INFO    : [  20.          20.0078125   20.015625  ... 2047.9765625
 2047.984375  2047.9921875]
15:35 ninjax INFO    : [-2.48056002e-23-5.25001353e-24j -2.60453889e-23+1.94402510e-23j
 -4.42028796e-23+3.23521317e-23j ...
  2.68093527e-23+9.93100495e-24j  5.52060851e-23-5.33113432e-24j
 -2.70040822e-23-1.64197717e-23j]
15:35 ninjax INFO    : [1.43183556e-46 1.42935095e-46 1.42688205e-46 ... 6.39786094e-47
 6.39790724e-47 6.39795354e-47]
15:35 ninjax INFO    : SNR for ifo H1 is 1.9491708904329639
15:35 ninjax INFO    : SNR for ifo L1 is 0.6804949160438885
15:35 ninjax INFO    : SNR for ifo V1 is 1.5225123183868685
15:35 ninjax INFO    : The network SNR is 2.565225964805551
15:35 ninjax INFO    : The network SNR does not pass the threshold, trying again
15:35 ninjax INFO    : Generating new injection
15:35 ninjax INFO    : Sanity check: generated parameters:
15:35 ninjax INFO    : {'mass_1_source': 1.8370149798149646, 'mass_2_source': 2.012199540406449, 's1_z': -0.03506854198448528, 's2_z': -0.031254499459078836, 'cos_iota': 0.20548085002035155, 'd_L': 421.30534882937627, 't_c': 0.053142190988792054, 'phase_c': 0.30614738859453205, 'psi': 1.1033203801169642, 'ra': 5.464200620638144, 'sin_dec': -0.19941565918602544}
15:35 ninjax INFO    : Computing lambdas from EOS file /home/twouters2/projects/projection_BNS_A_plus/src/projection_BNS/data/MPA1.npz . . . 
15:35 ninjax INFO    : Injected lambda_1: 46.62733276277905
15:35 ninjax INFO    : Injected lambda_2: 92.24749224506012
15:35 ninjax INFO    : Duration is not specified in the config. Computed chirp time: for fmin = 20.0 and M_c = 1.8326853653650863 is 128.0
15:35 ninjax INFO    : After transforms, the injection parameters are:
15:35 ninjax INFO    : {'mass_1_source': 2.012199540406449, 'mass_2_source': 1.8370149798149646, 's1_z': -0.03506854198448528, 's2_z': -0.031254499459078836, 'cos_iota': 0.20548085002035155, 'd_L': 421.30534882937627, 't_c': 0.053142190988792054, 'phase_c': 0.30614738859453205, 'psi': 1.1033203801169642, 'ra': 5.464200620638144, 'sin_dec': -0.19941565918602544, 'q': 0.9129387731814617, 'M_c': 1.8326853653650863, 'eta': 0.24948216972939746, 'iota': Array(1.36384131, dtype=float64, weak_type=True), 'dec': Array(-0.20076157, dtype=float64, weak_type=True), 'lambda_1': 46.62733276277905, 'lambda_2': 92.24749224506012}
15:35 ninjax INFO    : The trial injection parameters are {'M_c': 1.8326853653650863, 'eta': 0.24948216972939746, 's1_z': -0.03506854198448528, 's2_z': -0.031254499459078836, 'lambda_1': 46.62733276277905, 'lambda_2': 92.24749224506012, 'd_L': 421.30534882937627, 'phase_c': 0.30614738859453205, 'iota': 1.3638413103138416, 't_c': 0.053142190988792054, 'psi': 1.1033203801169642, 'ra': 5.464200620638144, 'dec': -0.2007615667062697}
15:35 ninjax INFO    : Injecting signals . . .
15:35 ninjax INFO    : self.ifos
15:35 ninjax INFO    : [GroundBased2G(H1), GroundBased2G(L1), GroundBased2G(V1)]
15:35 ninjax INFO    : Signal injected in ifo H1. Frequencies, data, and PSD:
15:35 ninjax INFO    : [  20.          20.0078125   20.015625  ... 2047.9765625
 2047.984375  2047.9921875]
15:35 ninjax INFO    : [-6.47055070e-23-3.92792794e-23j -8.18670587e-23-5.06714960e-23j
 -3.97795790e-23+2.76745233e-23j ...
  5.39380702e-24+2.45911094e-24j  1.84036787e-23-8.43301298e-24j
  3.40781812e-24+7.18159808e-24j]
15:35 ninjax INFO    : [1.44906511e-46 1.44667215e-46 1.44435812e-46 ... 2.17775889e-47
 2.17777440e-47 2.17778992e-47]
15:35 ninjax INFO    : Signal injected in ifo L1. Frequencies, data, and PSD:
15:35 ninjax INFO    : [  20.          20.0078125   20.015625  ... 2047.9765625
 2047.984375  2047.9921875]
15:35 ninjax INFO    : [ 2.09016546e-23-7.72265096e-23j -4.29542365e-23+3.66850304e-23j
  9.39603172e-24+5.51078337e-23j ...
  1.86695792e-23-1.84954171e-23j  2.39101191e-24+2.92739036e-23j
 -6.76662592e-24-1.27888832e-23j]
15:35 ninjax INFO    : [1.44906511e-46 1.44667215e-46 1.44435812e-46 ... 2.17775889e-47
 2.17777440e-47 2.17778992e-47]
15:35 ninjax INFO    : Signal injected in ifo V1. Frequencies, data, and PSD:
15:35 ninjax INFO    : [  20.          20.0078125   20.015625  ... 2047.9765625
 2047.984375  2047.9921875]
15:35 ninjax INFO    : [-2.69252453e-23-7.22318389e-24j -2.80318240e-23+2.20243163e-23j
 -4.25176627e-23+3.20339918e-23j ...
  2.68037604e-23+9.93009608e-24j  5.52006044e-23-5.33256874e-24j
 -2.70094021e-23-1.64217187e-23j]
15:35 ninjax INFO    : [1.43183556e-46 1.42935095e-46 1.42688205e-46 ... 6.39786094e-47
 6.39790724e-47 6.39795354e-47]
15:35 ninjax INFO    : SNR for ifo H1 is 3.1414861168750594
15:35 ninjax INFO    : SNR for ifo L1 is 5.0580719907107605
15:35 ninjax INFO    : SNR for ifo V1 is 4.430501146249239
15:35 ninjax INFO    : The network SNR is 7.4217496382354
15:35 ninjax INFO    : The network SNR does not pass the threshold, trying again
15:35 ninjax INFO    : Generating new injection
15:35 ninjax INFO    : Sanity check: generated parameters:
15:35 ninjax INFO    : {'mass_1_source': 1.9573759066234837, 'mass_2_source': 1.5530623831457366, 's1_z': 0.0034230657088100552, 's2_z': 0.04119185942028972, 'cos_iota': 0.7462011564613578, 'd_L': 341.1290374913077, 't_c': 0.003434424389113344, 'phase_c': 5.87339182009093, 'psi': 1.0924843504416824, 'ra': 3.172303233844253, 'sin_dec': -0.009494613962211407}
15:35 ninjax INFO    : Computing lambdas from EOS file /home/twouters2/projects/projection_BNS_A_plus/src/projection_BNS/data/MPA1.npz . . . 
15:35 ninjax INFO    : Injected lambda_1: 57.87865394651743
15:35 ninjax INFO    : Injected lambda_2: 276.69326346093544
15:35 ninjax INFO    : Duration is not specified in the config. Computed chirp time: for fmin = 20.0 and M_c = 1.6326522149791458 is 128.0
15:35 ninjax INFO    : After transforms, the injection parameters are:
15:35 ninjax INFO    : {'mass_1_source': 1.9573759066234837, 'mass_2_source': 1.5530623831457366, 's1_z': 0.0034230657088100552, 's2_z': 0.04119185942028972, 'cos_iota': 0.7462011564613578, 'd_L': 341.1290374913077, 't_c': 0.003434424389113344, 'phase_c': 5.87339182009093, 'psi': 1.0924843504416824, 'ra': 3.172303233844253, 'sin_dec': -0.009494613962211407, 'q': 0.7934410441501771, 'M_c': 1.6326522149791458, 'eta': 0.2466836996366883, 'iota': Array(0.72845901, dtype=float64, weak_type=True), 'dec': Array(-0.00949476, dtype=float64, weak_type=True), 'lambda_1': 57.87865394651743, 'lambda_2': 276.69326346093544}
15:35 ninjax INFO    : The trial injection parameters are {'M_c': 1.6326522149791458, 'eta': 0.2466836996366883, 's1_z': 0.0034230657088100552, 's2_z': 0.04119185942028972, 'lambda_1': 57.87865394651743, 'lambda_2': 276.69326346093544, 'd_L': 341.1290374913077, 'phase_c': 5.87339182009093, 'iota': 0.7284590102276537, 't_c': 0.003434424389113344, 'psi': 1.0924843504416824, 'ra': 3.172303233844253, 'dec': -0.009494756620924789}
15:35 ninjax INFO    : Injecting signals . . .
15:35 ninjax INFO    : self.ifos
15:35 ninjax INFO    : [GroundBased2G(H1), GroundBased2G(L1), GroundBased2G(V1)]
15:35 ninjax INFO    : Signal injected in ifo H1. Frequencies, data, and PSD:
15:35 ninjax INFO    : [  20.          20.0078125   20.015625  ... 2047.9765625
 2047.984375  2047.9921875]
15:35 ninjax INFO    : [-6.22437226e-23-3.61664629e-23j -7.70645907e-23-5.21995890e-23j
 -4.07536009e-23+2.15979845e-23j ...
  5.39276234e-24+2.45611913e-24j  1.84029243e-23-8.43609062e-24j
  3.40736080e-24+7.17846270e-24j]
15:35 ninjax INFO    : [1.44906511e-46 1.44667215e-46 1.44435812e-46 ... 2.17775889e-47
 2.17777440e-47 2.17778992e-47]
15:35 ninjax INFO    : Signal injected in ifo L1. Frequencies, data, and PSD:
15:35 ninjax INFO    : [  20.          20.0078125   20.015625  ... 2047.9765625
 2047.984375  2047.9921875]
15:35 ninjax INFO    : [ 2.31773906e-23-8.36128428e-23j -4.92416696e-23+3.48247210e-23j
  8.00123148e-24+6.02227136e-23j ...
  1.86703625e-23-1.85004590e-23j  2.39227072e-24+2.92689593e-23j
 -6.76490301e-24-1.27936851e-23j]
15:35 ninjax INFO    : [1.44906511e-46 1.44667215e-46 1.44435812e-46 ... 2.17775889e-47
 2.17777440e-47 2.17778992e-47]
15:35 ninjax INFO    : Signal injected in ifo V1. Frequencies, data, and PSD:
15:35 ninjax INFO    : [  20.          20.0078125   20.015625  ... 2047.9765625
 2047.984375  2047.9921875]
15:35 ninjax INFO    : [-2.36159557e-23-9.92371041e-24j -3.12720618e-23+1.65178752e-23j
 -4.91519170e-23+3.60122989e-23j ...
  2.68093527e-23+9.93100495e-24j  5.52060851e-23-5.33113432e-24j
 -2.70040822e-23-1.64197717e-23j]
15:35 ninjax INFO    : [1.43183556e-46 1.42935095e-46 1.42688205e-46 ... 6.39786094e-47
 6.39790724e-47 6.39795354e-47]
15:35 ninjax INFO    : SNR for ifo H1 is 11.303444203096953
15:35 ninjax INFO    : SNR for ifo L1 is 9.658591870224793
15:35 ninjax INFO    : SNR for ifo V1 is 9.145775564429645
15:35 ninjax INFO    : The network SNR is 17.455699884078467
15:35 ninjax INFO    : The network SNR does not pass the threshold, trying again
15:35 ninjax INFO    : Generating new injection
15:35 ninjax INFO    : Sanity check: generated parameters:
15:35 ninjax INFO    : {'mass_1_source': 1.5858283881352873, 'mass_2_source': 1.5406782792864195, 's1_z': -0.0239450100185312, 's2_z': -0.04253869290598784, 'cos_iota': -0.3078426271831014, 'd_L': 246.44468674687434, 't_c': 0.07232664105970499, 'phase_c': 1.0395221223490918, 'psi': 2.862359268377306, 'ra': 0.1121264363708231, 'sin_dec': -0.025734980181515876}
15:35 ninjax INFO    : Computing lambdas from EOS file /home/twouters2/projects/projection_BNS_A_plus/src/projection_BNS/data/MPA1.npz . . . 
15:35 ninjax INFO    : Injected lambda_1: 243.25240835557267
15:35 ninjax INFO    : Injected lambda_2: 290.5655544331962
15:35 ninjax INFO    : Duration is not specified in the config. Computed chirp time: for fmin = 20.0 and M_c = 1.436493514670903 is 128.0
15:35 ninjax INFO    : After transforms, the injection parameters are:
15:35 ninjax INFO    : {'mass_1_source': 1.5858283881352873, 'mass_2_source': 1.5406782792864195, 's1_z': -0.0239450100185312, 's2_z': -0.04253869290598784, 'cos_iota': -0.3078426271831014, 'd_L': 246.44468674687434, 't_c': 0.07232664105970499, 'phase_c': 1.0395221223490918, 'psi': 2.862359268377306, 'ra': 0.1121264363708231, 'sin_dec': -0.025734980181515876, 'q': 0.97152900705608, 'M_c': 1.436493514670903, 'eta': 0.24994786385766452, 'iota': Array(1.88372104, dtype=float64, weak_type=True), 'dec': Array(-0.02573782, dtype=float64, weak_type=True), 'lambda_1': 243.25240835557267, 'lambda_2': 290.5655544331962}
15:35 ninjax INFO    : The trial injection parameters are {'M_c': 1.436493514670903, 'eta': 0.24994786385766452, 's1_z': -0.0239450100185312, 's2_z': -0.04253869290598784, 'lambda_1': 243.25240835557267, 'lambda_2': 290.5655544331962, 'd_L': 246.44468674687434, 'phase_c': 1.0395221223490918, 'iota': 1.8837210367100947, 't_c': 0.07232664105970499, 'psi': 2.862359268377306, 'ra': 0.1121264363708231, 'dec': -0.025737821695047982}
15:35 ninjax INFO    : Injecting signals . . .
15:35 ninjax INFO    : self.ifos
15:35 ninjax INFO    : [GroundBased2G(H1), GroundBased2G(L1), GroundBased2G(V1)]
15:35 ninjax INFO    : Signal injected in ifo H1. Frequencies, data, and PSD:
15:35 ninjax INFO    : [  20.          20.0078125   20.015625  ... 2047.9765625
 2047.984375  2047.9921875]
15:35 ninjax INFO    : [-6.89512146e-23-3.94922121e-23j -8.41705545e-23-4.85242755e-23j
 -4.14654566e-23+2.77816782e-23j ...
  5.39392431e-24+2.45616689e-24j  1.84040762e-23-8.43593247e-24j
  3.40849219e-24+7.17872975e-24j]
15:35 ninjax INFO    : [1.44906511e-46 1.44667215e-46 1.44435812e-46 ... 2.17775889e-47
 2.17777440e-47 2.17778992e-47]
15:35 ninjax INFO    : Signal injected in ifo L1. Frequencies, data, and PSD:
15:35 ninjax INFO    : [  20.          20.0078125   20.015625  ... 2047.9765625
 2047.984375  2047.9921875]
15:35 ninjax INFO    : [ 2.56400754e-23-7.88780773e-23j -4.16976886e-23+3.66447718e-23j
  1.44255813e-23+5.58790556e-23j ...
  1.86708868e-23-1.84990880e-23j  2.39266226e-24+2.92703737e-23j
 -6.76464775e-24-1.27922403e-23j]
15:35 ninjax INFO    : [1.44906511e-46 1.44667215e-46 1.44435812e-46 ... 2.17775889e-47
 2.17777440e-47 2.17778992e-47]
15:35 ninjax INFO    : Signal injected in ifo V1. Frequencies, data, and PSD:
15:35 ninjax INFO    : [  20.          20.0078125   20.015625  ... 2047.9765625
 2047.984375  2047.9921875]
15:35 ninjax INFO    : [-2.13549817e-23-3.11876401e-24j -2.23524028e-23+2.06356724e-23j
 -4.04261957e-23+3.25515407e-23j ...
  2.68074652e-23+9.93081108e-24j  5.52042245e-23-5.33150448e-24j
 -2.70058995e-23-1.64203148e-23j]
15:35 ninjax INFO    : [1.43183556e-46 1.42935095e-46 1.42688205e-46 ... 6.39786094e-47
 6.39790724e-47 6.39795354e-47]
15:35 ninjax INFO    : SNR for ifo H1 is 6.178167548800124
15:35 ninjax INFO    : SNR for ifo L1 is 7.79775756528188
15:35 ninjax INFO    : SNR for ifo V1 is 7.9442013348058556
15:35 ninjax INFO    : The network SNR is 12.73126514357033
15:35 ninjax INFO    : The network SNR does not pass the threshold, trying again
15:35 ninjax INFO    : Generating new injection
15:35 ninjax INFO    : Sanity check: generated parameters:
15:35 ninjax INFO    : {'mass_1_source': 1.6676334043348884, 'mass_2_source': 1.4332651403320047, 's1_z': 0.029408108597872448, 's2_z': -0.00927900985873191, 'cos_iota': -0.7433027742527898, 'd_L': 310.06672745571905, 't_c': 0.006995389569676783, 'phase_c': 2.74835458290381, 'psi': 1.2944309684010866, 'ra': 5.444949392662841, 'sin_dec': -0.5863986526751419}
15:35 ninjax INFO    : Computing lambdas from EOS file /home/twouters2/projects/projection_BNS_A_plus/src/projection_BNS/data/MPA1.npz . . . 
15:35 ninjax INFO    : Injected lambda_1: 176.95515005343498
15:35 ninjax INFO    : Injected lambda_2: 447.18887205374483
15:35 ninjax INFO    : Duration is not specified in the config. Computed chirp time: for fmin = 20.0 and M_c = 1.4393536597442886 is 128.0
15:35 ninjax INFO    : After transforms, the injection parameters are:
15:35 ninjax INFO    : {'mass_1_source': 1.6676334043348884, 'mass_2_source': 1.4332651403320047, 's1_z': 0.029408108597872448, 's2_z': -0.00927900985873191, 'cos_iota': -0.7433027742527898, 'd_L': 310.06672745571905, 't_c': 0.006995389569676783, 'phase_c': 2.74835458290381, 'psi': 1.2944309684010866, 'ra': 5.444949392662841, 'sin_dec': -0.5863986526751419, 'q': 0.859460560460314, 'M_c': 1.4393536597442886, 'eta': 0.24857188723656268, 'iota': Array(2.40879045, dtype=float64, weak_type=True), 'dec': Array(-0.62660566, dtype=float64, weak_type=True), 'lambda_1': 176.95515005343498, 'lambda_2': 447.18887205374483}
15:35 ninjax INFO    : The trial injection parameters are {'M_c': 1.4393536597442886, 'eta': 0.24857188723656268, 's1_z': 0.029408108597872448, 's2_z': -0.00927900985873191, 'lambda_1': 176.95515005343498, 'lambda_2': 447.18887205374483, 'd_L': 310.06672745571905, 'phase_c': 2.74835458290381, 'iota': 2.408790449445029, 't_c': 0.006995389569676783, 'psi': 1.2944309684010866, 'ra': 5.444949392662841, 'dec': -0.626605664301224}
15:35 ninjax INFO    : Injecting signals . . .
15:35 ninjax INFO    : self.ifos
15:35 ninjax INFO    : [GroundBased2G(H1), GroundBased2G(L1), GroundBased2G(V1)]
15:35 ninjax INFO    : Signal injected in ifo H1. Frequencies, data, and PSD:
15:35 ninjax INFO    : [  20.          20.0078125   20.015625  ... 2047.9765625
 2047.984375  2047.9921875]
15:35 ninjax INFO    : [-7.03751049e-23-3.87168797e-23j -8.53954475e-23-4.74373029e-23j
 -4.24167356e-23+2.91362688e-23j ...
  5.39276234e-24+2.45611913e-24j  1.84029243e-23-8.43609062e-24j
  3.40736080e-24+7.17846270e-24j]
15:35 ninjax INFO    : [1.44906511e-46 1.44667215e-46 1.44435812e-46 ... 2.17775889e-47
 2.17777440e-47 2.17778992e-47]
15:35 ninjax INFO    : Signal injected in ifo L1. Frequencies, data, and PSD:
15:35 ninjax INFO    : [  20.          20.0078125   20.015625  ... 2047.9765625
 2047.984375  2047.9921875]
15:35 ninjax INFO    : [ 2.72261343e-23-8.02755536e-23j -4.04344367e-23+3.49036347e-23j
  1.52809588e-23+5.38638116e-23j ...
  1.86703625e-23-1.85004590e-23j  2.39227072e-24+2.92689593e-23j
 -6.76490301e-24-1.27936851e-23j]
15:35 ninjax INFO    : [1.44906511e-46 1.44667215e-46 1.44435812e-46 ... 2.17775889e-47
 2.17777440e-47 2.17778992e-47]
15:35 ninjax INFO    : Signal injected in ifo V1. Frequencies, data, and PSD:
15:35 ninjax INFO    : [  20.          20.0078125   20.015625  ... 2047.9765625
 2047.984375  2047.9921875]
15:35 ninjax INFO    : [-3.24823337e-23-3.60374365e-24j -3.33272727e-23+2.23689084e-23j
 -5.07872109e-23+3.64875694e-23j ...
  2.68093527e-23+9.93100495e-24j  5.52060851e-23-5.33113432e-24j
 -2.70040822e-23-1.64197717e-23j]
15:35 ninjax INFO    : [1.43183556e-46 1.42935095e-46 1.42688205e-46 ... 6.39786094e-47
 6.39790724e-47 6.39795354e-47]
15:35 ninjax INFO    : SNR for ifo H1 is 9.4901755327245
15:35 ninjax INFO    : SNR for ifo L1 is 11.38971020718909
15:35 ninjax INFO    : SNR for ifo V1 is 11.865875527895602
15:35 ninjax INFO    : The network SNR is 18.989153016635097
15:35 ninjax INFO    : The network SNR does not pass the threshold, trying again
15:35 ninjax INFO    : Generating new injection
15:35 ninjax INFO    : Sanity check: generated parameters:
15:35 ninjax INFO    : {'mass_1_source': 2.3580389673579956, 'mass_2_source': 2.3106489603033245, 's1_z': -0.024847558754184873, 's2_z': -0.022409246476805422, 'cos_iota': 0.7048010179493942, 'd_L': 398.5163817257143, 't_c': 0.023188278408326157, 'phase_c': 1.3038174661224855, 'psi': 1.3658934378329664, 'ra': 4.510272088055642, 'sin_dec': 0.07707973299499526}
15:35 ninjax INFO    : Computing lambdas from EOS file /home/twouters2/projects/projection_BNS_A_plus/src/projection_BNS/data/MPA1.npz . . . 
15:35 ninjax INFO    : Injected lambda_1: 9.655853196389216
15:35 ninjax INFO    : Injected lambda_2: 12.55179923040514
15:35 ninjax INFO    : Duration is not specified in the config. Computed chirp time: for fmin = 20.0 and M_c = 2.2150184175452106 is 64.0
15:35 ninjax INFO    : After transforms, the injection parameters are:
15:35 ninjax INFO    : {'mass_1_source': 2.3580389673579956, 'mass_2_source': 2.3106489603033245, 's1_z': -0.024847558754184873, 's2_z': -0.022409246476805422, 'cos_iota': 0.7048010179493942, 'd_L': 398.5163817257143, 't_c': 0.023188278408326157, 'phase_c': 1.3038174661224855, 'psi': 1.3658934378329664, 'ra': 4.510272088055642, 'sin_dec': 0.07707973299499526, 'q': 0.9799027888382319, 'M_c': 2.2150184175452106, 'eta': 0.24997424130449794, 'iota': Array(0.78865371, dtype=float64, weak_type=True), 'dec': Array(0.07715626, dtype=float64, weak_type=True), 'lambda_1': 9.655853196389216, 'lambda_2': 12.55179923040514}
15:35 ninjax INFO    : The trial injection parameters are {'M_c': 2.2150184175452106, 'eta': 0.24997424130449794, 's1_z': -0.024847558754184873, 's2_z': -0.022409246476805422, 'lambda_1': 9.655853196389216, 'lambda_2': 12.55179923040514, 'd_L': 398.5163817257143, 'phase_c': 1.3038174661224855, 'iota': 0.7886537114977178, 't_c': 0.023188278408326157, 'psi': 1.3658934378329664, 'ra': 4.510272088055642, 'dec': 0.07715626322828903}
15:35 ninjax INFO    : Injecting signals . . .
15:35 ninjax INFO    : self.ifos
15:35 ninjax INFO    : [GroundBased2G(H1), GroundBased2G(L1), GroundBased2G(V1)]
15:35 ninjax INFO    : Signal injected in ifo H1. Frequencies, data, and PSD:
15:35 ninjax INFO    : [  20.         20.015625   20.03125  ... 2047.953125 2047.96875
 2047.984375]
15:35 ninjax INFO    : [-1.07499063e-23-1.48859541e-23j -5.39429418e-23-2.79645974e-23j
 -2.22914365e-23+4.54549127e-24j ...
  1.42073893e-23-1.04548833e-23j  2.81036044e-23-1.49995486e-23j
 -3.65669125e-24+1.26611323e-23j]
15:35 ninjax INFO    : [1.44906511e-46 1.44435812e-46 1.43973008e-46 ... 2.17771234e-47
 2.17774337e-47 2.17777440e-47]
15:35 ninjax INFO    : Signal injected in ifo L1. Frequencies, data, and PSD:
15:35 ninjax INFO    : [  20.         20.015625   20.03125  ... 2047.953125 2047.96875
 2047.984375]
15:35 ninjax INFO    : [ 6.18621929e-24+2.54345338e-23j  3.28816118e-23+2.74149345e-23j
 -5.55108122e-23-5.70590804e-23j ...
 -7.04800655e-25+1.24867340e-23j -2.27656245e-24-1.59592249e-23j
 -2.15408438e-23-2.08314118e-23j]
15:35 ninjax INFO    : [1.44906511e-46 1.44435812e-46 1.43973008e-46 ... 2.17771234e-47
 2.17774337e-47 2.17777440e-47]
15:35 ninjax INFO    : Signal injected in ifo V1. Frequencies, data, and PSD:
15:35 ninjax INFO    : [  20.         20.015625   20.03125  ... 2047.953125 2047.96875
 2047.984375]
15:35 ninjax INFO    : [ 4.87615048e-23-1.82858718e-23j  1.18114627e-23-3.11278536e-24j
 -3.47509560e-25+7.25277020e-24j ...
 -2.31791640e-23+3.59411486e-23j  3.26513369e-23+3.47780760e-23j
  6.09392967e-24+2.39366146e-23j]
15:35 ninjax INFO    : [1.43183556e-46 1.42688205e-46 1.42194425e-46 ... 6.39772204e-47
 6.39781464e-47 6.39790724e-47]
15:35 ninjax INFO    : SNR for ifo H1 is 10.131420903789119
15:35 ninjax INFO    : SNR for ifo L1 is 14.387612081962004
15:35 ninjax INFO    : SNR for ifo V1 is 4.6622946481225584
15:35 ninjax INFO    : The network SNR is 18.204012259297848
15:35 ninjax INFO    : The network SNR does not pass the threshold, trying again
15:35 ninjax INFO    : Generating new injection
15:35 ninjax INFO    : Sanity check: generated parameters:
15:35 ninjax INFO    : {'mass_1_source': 2.278876398196185, 'mass_2_source': 1.947794256876346, 's1_z': -0.04333454717959522, 's2_z': 0.01323646473440003, 'cos_iota': -0.20649375366738676, 'd_L': 424.11232954743764, 't_c': 0.015229890887635558, 'phase_c': 3.014461047957841, 'psi': 2.8239937106391375, 'ra': 4.446323843891103, 'sin_dec': -0.2654161093216145}
15:35 ninjax INFO    : Computing lambdas from EOS file /home/twouters2/projects/projection_BNS_A_plus/src/projection_BNS/data/MPA1.npz . . . 
15:35 ninjax INFO    : Injected lambda_1: 14.744986912500439
15:35 ninjax INFO    : Injected lambda_2: 60.08770231733878
15:35 ninjax INFO    : Duration is not specified in the config. Computed chirp time: for fmin = 20.0 and M_c = 2.008640226345162 is 128.0
15:35 ninjax INFO    : After transforms, the injection parameters are:
15:35 ninjax INFO    : {'mass_1_source': 2.278876398196185, 'mass_2_source': 1.947794256876346, 's1_z': -0.04333454717959522, 's2_z': 0.01323646473440003, 'cos_iota': -0.20649375366738676, 'd_L': 424.11232954743764, 't_c': 0.015229890887635558, 'phase_c': 3.014461047957841, 'psi': 2.8239937106391375, 'ra': 4.446323843891103, 'sin_dec': -0.2654161093216145, 'q': 0.85471693788136, 'M_c': 2.008640226345162, 'eta': 0.24846603764333333, 'iota': Array(1.77878645, dtype=float64, weak_type=True), 'dec': Array(-0.26863549, dtype=float64, weak_type=True), 'lambda_1': 14.744986912500439, 'lambda_2': 60.08770231733878}
15:35 ninjax INFO    : The trial injection parameters are {'M_c': 2.008640226345162, 'eta': 0.24846603764333333, 's1_z': -0.04333454717959522, 's2_z': 0.01323646473440003, 'lambda_1': 14.744986912500439, 'lambda_2': 60.08770231733878, 'd_L': 424.11232954743764, 'phase_c': 3.014461047957841, 'iota': 1.7787864450796398, 't_c': 0.015229890887635558, 'psi': 2.8239937106391375, 'ra': 4.446323843891103, 'dec': -0.2686354853973485}
15:35 ninjax INFO    : Injecting signals . . .
15:35 ninjax INFO    : self.ifos
15:35 ninjax INFO    : [GroundBased2G(H1), GroundBased2G(L1), GroundBased2G(V1)]
15:35 ninjax INFO    : Signal injected in ifo H1. Frequencies, data, and PSD:
15:35 ninjax INFO    : [  20.          20.0078125   20.015625  ... 2047.9765625
 2047.984375  2047.9921875]
15:35 ninjax INFO    : [-6.41432239e-23-3.99724262e-23j -8.33227839e-23-4.97883332e-23j
 -3.73379032e-23+2.76871820e-23j ...
  5.38936186e-24+2.45226536e-24j  1.83999120e-23-8.44025453e-24j
  3.40476488e-24+7.17402760e-24j]
15:35 ninjax INFO    : [1.44906511e-46 1.44667215e-46 1.44435812e-46 ... 2.17775889e-47
 2.17777440e-47 2.17778992e-47]
15:35 ninjax INFO    : Signal injected in ifo L1. Frequencies, data, and PSD:
15:35 ninjax INFO    : [  20.          20.0078125   20.015625  ... 2047.9765625
 2047.984375  2047.9921875]
15:35 ninjax INFO    : [ 2.02585072e-23-7.71966745e-23j -4.28422405e-23+3.56907400e-23j
  8.22078810e-24+5.70908193e-23j ...
  1.86717160e-23-1.85074847e-23j  2.39429456e-24+2.92620970e-23j
 -6.76222773e-24-1.28003202e-23j]
15:35 ninjax INFO    : [1.44906511e-46 1.44667215e-46 1.44435812e-46 ... 2.17775889e-47
 2.17777440e-47 2.17778992e-47]
15:35 ninjax INFO    : Signal injected in ifo V1. Frequencies, data, and PSD:
15:35 ninjax INFO    : [  20.          20.0078125   20.015625  ... 2047.9765625
 2047.984375  2047.9921875]
15:35 ninjax INFO    : [-2.71512452e-23-4.85012933e-24j -2.54882125e-23+2.01506320e-23j
 -4.62214255e-23+3.15101590e-23j ...
  2.68074142e-23+9.93441231e-24j  5.52038248e-23-5.32793159e-24j
 -2.70066428e-23-1.64168039e-23j]
15:35 ninjax INFO    : [1.43183556e-46 1.42935095e-46 1.42688205e-46 ... 6.39786094e-47
 6.39790724e-47 6.39795354e-47]
15:35 ninjax INFO    : SNR for ifo H1 is 4.2359988911598885
15:35 ninjax INFO    : SNR for ifo L1 is 5.8970903339843845
15:35 ninjax INFO    : SNR for ifo V1 is 2.5495745822854508
15:35 ninjax INFO    : The network SNR is 7.695433162838587
15:35 ninjax INFO    : The network SNR does not pass the threshold, trying again
15:35 ninjax INFO    : Generating new injection
15:35 ninjax INFO    : Sanity check: generated parameters:
15:35 ninjax INFO    : {'mass_1_source': 1.6949638530071836, 'mass_2_source': 2.2819560758038717, 's1_z': 0.025826283031199715, 's2_z': -0.03390031362529558, 'cos_iota': 0.9149845442081546, 'd_L': 299.6993633796513, 't_c': -0.09897696757115507, 'phase_c': 6.1954127497245715, 'psi': 1.9610474488870933, 'ra': 5.775240529990258, 'sin_dec': 0.7013346777216727}
15:35 ninjax INFO    : Computing lambdas from EOS file /home/twouters2/projects/projection_BNS_A_plus/src/projection_BNS/data/MPA1.npz . . . 
15:35 ninjax INFO    : Injected lambda_1: 14.522413662661512
15:35 ninjax INFO    : Injected lambda_2: 159.23336539512593
15:35 ninjax INFO    : Duration is not specified in the config. Computed chirp time: for fmin = 20.0 and M_c = 1.8240142216648991 is 128.0
15:35 ninjax INFO    : After transforms, the injection parameters are:
15:35 ninjax INFO    : {'mass_1_source': 2.2819560758038717, 'mass_2_source': 1.6949638530071836, 's1_z': 0.025826283031199715, 's2_z': -0.03390031362529558, 'cos_iota': 0.9149845442081546, 'd_L': 299.6993633796513, 't_c': -0.09897696757115507, 'phase_c': 6.1954127497245715, 'psi': 1.9610474488870933, 'ra': 5.775240529990258, 'sin_dec': 0.7013346777216727, 'q': 0.7427679572710852, 'M_c': 1.8240142216648991, 'eta': 0.24455358150198367, 'iota': Array(0.41532671, dtype=float64, weak_type=True), 'dec': Array(0.77726814, dtype=float64, weak_type=True), 'lambda_1': 14.522413662661512, 'lambda_2': 159.23336539512593}
15:35 ninjax INFO    : The trial injection parameters are {'M_c': 1.8240142216648991, 'eta': 0.24455358150198367, 's1_z': 0.025826283031199715, 's2_z': -0.03390031362529558, 'lambda_1': 14.522413662661512, 'lambda_2': 159.23336539512593, 'd_L': 299.6993633796513, 'phase_c': 6.1954127497245715, 'iota': 0.41532671314053304, 't_c': -0.09897696757115507, 'psi': 1.9610474488870933, 'ra': 5.775240529990258, 'dec': 0.777268135328238}
15:35 ninjax INFO    : Injecting signals . . .
15:35 ninjax INFO    : self.ifos
15:35 ninjax INFO    : [GroundBased2G(H1), GroundBased2G(L1), GroundBased2G(V1)]
15:35 ninjax INFO    : Signal injected in ifo H1. Frequencies, data, and PSD:
15:35 ninjax INFO    : [  20.          20.0078125   20.015625  ... 2047.9765625
 2047.984375  2047.9921875]
15:35 ninjax INFO    : [-6.06216679e-23-4.62087653e-23j -8.98411842e-23-5.03483647e-23j
 -3.51952200e-23+3.41314000e-23j ...
  5.39274605e-24+2.45609673e-24j  1.84029104e-23-8.43611456e-24j
  3.40734951e-24+7.17843749e-24j]
15:35 ninjax INFO    : [1.44906511e-46 1.44667215e-46 1.44435812e-46 ... 2.17775889e-47
 2.17777440e-47 2.17778992e-47]
15:35 ninjax INFO    : Signal injected in ifo L1. Frequencies, data, and PSD:
15:35 ninjax INFO    : [  20.          20.0078125   20.015625  ... 2047.9765625
 2047.984375  2047.9921875]
15:35 ninjax INFO    : [ 2.27049455e-23-7.48694571e-23j -4.19501074e-23+3.39884167e-23j
  6.66560469e-24+5.56807219e-23j ...
  1.86703585e-23-1.85004729e-23j  2.39226822e-24+2.92689450e-23j
 -6.76490402e-24-1.27936996e-23j]
15:35 ninjax INFO    : [1.44906511e-46 1.44667215e-46 1.44435812e-46 ... 2.17775889e-47
 2.17777440e-47 2.17778992e-47]
15:35 ninjax INFO    : Signal injected in ifo V1. Frequencies, data, and PSD:
15:35 ninjax INFO    : [  20.          20.0078125   20.015625  ... 2047.9765625
 2047.984375  2047.9921875]
15:35 ninjax INFO    : [-2.20156387e-23-5.82721002e-25j -2.52332017e-23+1.42457948e-23j
 -5.05372649e-23+3.40613466e-23j ...
  2.68093608e-23+9.93098832e-24j  5.52060949e-23-5.33115000e-24j
 -2.70040709e-23-1.64197863e-23j]
15:35 ninjax INFO    : [1.43183556e-46 1.42935095e-46 1.42688205e-46 ... 6.39786094e-47
 6.39790724e-47 6.39795354e-47]
15:35 ninjax INFO    : SNR for ifo H1 is 18.27141628138795
15:35 ninjax INFO    : SNR for ifo L1 is 9.583101216486467
15:35 ninjax INFO    : SNR for ifo V1 is 9.62648441819237
15:35 ninjax INFO    : The network SNR is 22.76729417622774
15:35 ninjax INFO    : The network SNR does not pass the threshold, trying again
15:35 ninjax INFO    : Generating new injection
15:35 ninjax INFO    : Sanity check: generated parameters:
15:35 ninjax INFO    : {'mass_1_source': 1.0777179561300494, 'mass_2_source': 1.9326484778904256, 's1_z': 0.03886752478512848, 's2_z': 0.038936490354951905, 'cos_iota': 0.6744691857603602, 'd_L': 432.1739946297874, 't_c': 0.028539827753844366, 'phase_c': 5.955453909349558, 'psi': 1.5869542464983983, 'ra': 1.8934333716359042, 'sin_dec': -0.6190748198436724}
15:35 ninjax INFO    : Computing lambdas from EOS file /home/twouters2/projects/projection_BNS_A_plus/src/projection_BNS/data/MPA1.npz . . . 
15:35 ninjax INFO    : Injected lambda_1: 63.74255674405199
15:35 ninjax INFO    : Injected lambda_2: 2139.184896580205
15:35 ninjax INFO    : Duration is not specified in the config. Computed chirp time: for fmin = 20.0 and M_c = 1.3675265573621533 is 256.0
15:35 ninjax INFO    : After transforms, the injection parameters are:
15:35 ninjax INFO    : {'mass_1_source': 1.9326484778904256, 'mass_2_source': 1.0777179561300494, 's1_z': 0.03886752478512848, 's2_z': 0.038936490354951905, 'cos_iota': 0.6744691857603602, 'd_L': 432.1739946297874, 't_c': 0.028539827753844366, 'phase_c': 5.955453909349558, 'psi': 1.5869542464983983, 'ra': 1.8934333716359042, 'sin_dec': -0.6190748198436724, 'q': 0.5576378573026524, 'M_c': 1.3675265573621533, 'eta': 0.22983663894080972, 'iota': Array(0.83055083, dtype=float64, weak_type=True), 'dec': Array(-0.66756408, dtype=float64, weak_type=True), 'lambda_1': 63.74255674405199, 'lambda_2': 2139.184896580205}
15:35 ninjax INFO    : The trial injection parameters are {'M_c': 1.3675265573621533, 'eta': 0.22983663894080972, 's1_z': 0.03886752478512848, 's2_z': 0.038936490354951905, 'lambda_1': 63.74255674405199, 'lambda_2': 2139.184896580205, 'd_L': 432.1739946297874, 'phase_c': 5.955453909349558, 'iota': 0.8305508262224777, 't_c': 0.028539827753844366, 'psi': 1.5869542464983983, 'ra': 1.8934333716359042, 'dec': -0.6675640802095153}
15:35 ninjax INFO    : Injecting signals . . .
