Fri Apr  4 10:44:35 CEST 2025
NVIDIA H100
Checking the convergence for ./outdir_jester_hard/
Key: E_sym
    rhat = 2.4367178664435296
    ess = 1277.3737303980784
Key: L_sym
    rhat = 2.351964669829736
    ess = 1283.0276531601148
Key: K_sym
    rhat = 2.395496199272241
    ess = 1247.1306190079135
Key: K_sat
    rhat = 2.382808142319827
    ess = 1249.503702921199
Key: nbreak
    rhat = 2.3818758569362632
    ess = 1258.160951770206
Key: n_CSE_0_u
    rhat = 2.3905584844155694
    ess = 1248.3684506803763
Key: cs2_CSE_0
    rhat = 2.481489937305251
    ess = 1241.1117892356194
Key: n_CSE_1_u
    rhat = 2.3437499344303814
    ess = 1270.2438138148193
Key: cs2_CSE_1
    rhat = 2.446144249349828
    ess = 1234.7822275443089
Key: n_CSE_2_u
    rhat = 2.402548884444731
    ess = 1267.073727365067
Key: cs2_CSE_2
    rhat = 2.4462596953163596
    ess = 1244.7463497352705
Key: n_CSE_3_u
    rhat = 2.411243557582762
    ess = 1244.8219443117293
Key: cs2_CSE_3
    rhat = 2.5014411703538557
    ess = 1223.467464924693
Key: n_CSE_4_u
    rhat = 2.393249741319771
    ess = 1253.2694407520457
Key: cs2_CSE_4
    rhat = 2.384657408491132
    ess = 1270.4926801190345
Key: n_CSE_5_u
    rhat = 2.4340692118792204
    ess = 1237.3568838464414
Key: cs2_CSE_5
    rhat = 2.485238529835789
    ess = 1226.510741335429
Key: n_CSE_6_u
    rhat = 2.4559346388114234
    ess = 1250.9088747529738
Key: cs2_CSE_6
    rhat = 2.363460357414758
    ess = 1267.5375104078748
Key: n_CSE_7_u
    rhat = 2.459840536471906
    ess = 1252.7685700401591
Key: cs2_CSE_7
    rhat = 2.4471308022721776
    ess = 1244.0450877376406
Key: cs2_CSE_8
    rhat = 2.3447107352498886
    ess = 1257.8557721279526
Key: key
    rhat = 2.3496652905110773
    ess = 1280.4716380432976
Plotting the cornerplot for ./outdir_jester_hard/
Making the cornerplot, these are the chains: ['E_sym', 'L_sym', 'K_sym', 'K_sat', 'nbreak', 'n_CSE_0_u', 'cs2_CSE_0', 'n_CSE_1_u', 'cs2_CSE_1', 'n_CSE_2_u', 'cs2_CSE_2', 'n_CSE_3_u', 'cs2_CSE_3', 'n_CSE_4_u', 'cs2_CSE_4', 'n_CSE_5_u', 'cs2_CSE_5', 'n_CSE_6_u', 'cs2_CSE_6', 'n_CSE_7_u', 'cs2_CSE_7', 'cs2_CSE_8']
(22, 10000)
Making plots for ./outdir_jester_hard/
This is a run for a jester target EOS
Number of samples: 10000




Showing the max log prob EOS values:
E_sym: 33.26833356234633
L_sym: 73.06324465970076
K_sym: -47.63381007461822
K_sat: 192.52883108343715
nbreak: 0.26972017300267587
n_CSE_0_u: 0.6513546248496964
cs2_CSE_0: 0.9033853409056766
n_CSE_1_u: 0.07702035099265504
cs2_CSE_1: 0.46484963539798435
n_CSE_2_u: 0.3618071731661538
cs2_CSE_2: 0.8964115172196582
n_CSE_3_u: 0.13661023754682824
cs2_CSE_3: 0.947044283394019
n_CSE_4_u: 0.07783893964049954
cs2_CSE_4: 0.9311405877797329
n_CSE_5_u: 0.29892623711743593
cs2_CSE_5: 0.8557235130638571
n_CSE_6_u: 0.4162274418768256
cs2_CSE_6: 0.5987874000108198
n_CSE_7_u: 0.8602874000623965
cs2_CSE_7: 0.36877041415346745
cs2_CSE_8: 0.457374052417419




Creating NS plot . . .
Bad counter: 0
Creating NS plot . . . DONE
Making the master plot
np.shape(interp_array)
(100, 10000)
np.shape(interp_array)
(100, 10000)
DONE

JOB STATISTICS
==============
Job ID: 10972601
Cluster: snellius
User/Group: twouters2/twouters2
State: RUNNING
Nodes: 1
Cores per node: 16
CPU Utilized: 00:00:00
CPU Efficiency: 0.00% of 00:12:16 core-walltime
Job Wall-clock time: 00:00:46
Memory Utilized: 0.00 MB
Memory Efficiency: 0.00% of 3.00 GB (3.00 GB/node)
WARNING: Efficiency statistics can only be obtained after the job has ended as seff tool is based on the accounting database data.
