Fri Mar 28 10:45:41 CET 2025
NVIDIA H100
/gpfs/home6/twouters2/ninjax_dev/jim/src/jimgw/prior.py:94: UserWarning: As of jaxtyping version 0.2.24, jaxtyping now prefers the syntax
```
from jaxtyping import jaxtyped
# Use your favourite typechecker: usually one of the two lines below.
from typeguard import typechecked as typechecker
from beartype import beartype as typechecker

@jaxtyped(typechecker=typechecker)
def foo(...):
```
and the old double-decorator syntax
```
@jaxtyped
@typechecker
def foo(...):
```
should no longer be used. (It will continue to work as it did before, but the new approach will produce more readable error messages.)
In particular note that `typechecker` must be passed via keyword argument; the following is not valid:
```
@jaxtyped(typechecker)
def foo(...):
```

  class Uniform(Prior):
/gpfs/home6/twouters2/ninjax_dev/jim/src/jimgw/prior.py:149: UserWarning: As of jaxtyping version 0.2.24, jaxtyping now prefers the syntax
```
from jaxtyping import jaxtyped
# Use your favourite typechecker: usually one of the two lines below.
from typeguard import typechecked as typechecker
from beartype import beartype as typechecker

@jaxtyped(typechecker=typechecker)
def foo(...):
```
and the old double-decorator syntax
```
@jaxtyped
@typechecker
def foo(...):
```
should no longer be used. (It will continue to work as it did before, but the new approach will produce more readable error messages.)
In particular note that `typechecker` must be passed via keyword argument; the following is not valid:
```
@jaxtyped(typechecker)
def foo(...):
```

  class Unconstrained_Uniform(Prior):
/gpfs/home6/twouters2/ninjax_dev/jim/src/jimgw/prior.py:263: UserWarning: As of jaxtyping version 0.2.24, jaxtyping now prefers the syntax
```
from jaxtyping import jaxtyped
# Use your favourite typechecker: usually one of the two lines below.
from typeguard import typechecked as typechecker
from beartype import beartype as typechecker

@jaxtyped(typechecker=typechecker)
def foo(...):
```
and the old double-decorator syntax
```
@jaxtyped
@typechecker
def foo(...):
```
should no longer be used. (It will continue to work as it did before, but the new approach will produce more readable error messages.)
In particular note that `typechecker` must be passed via keyword argument; the following is not valid:
```
@jaxtyped(typechecker)
def foo(...):
```

  class AlignedSpin(Prior):
/gpfs/home6/twouters2/ninjax_dev/jim/src/jimgw/prior.py:377: UserWarning: As of jaxtyping version 0.2.24, jaxtyping now prefers the syntax
```
from jaxtyping import jaxtyped
# Use your favourite typechecker: usually one of the two lines below.
from typeguard import typechecked as typechecker
from beartype import beartype as typechecker

@jaxtyped(typechecker=typechecker)
def foo(...):
```
and the old double-decorator syntax
```
@jaxtyped
@typechecker
def foo(...):
```
should no longer be used. (It will continue to work as it did before, but the new approach will produce more readable error messages.)
In particular note that `typechecker` must be passed via keyword argument; the following is not valid:
```
@jaxtyped(typechecker)
def foo(...):
```

  class PowerLaw(Prior):
/gpfs/home6/twouters2/ninjax_dev/jim/src/jimgw/single_event/detector.py:496: UserWarning: As of jaxtyping version 0.2.24, jaxtyping now prefers the syntax
```
from jaxtyping import jaxtyped
# Use your favourite typechecker: usually one of the two lines below.
from typeguard import typechecked as typechecker
from beartype import beartype as typechecker

@jaxtyped(typechecker=typechecker)
def foo(...):
```
and the old double-decorator syntax
```
@jaxtyped
@typechecker
def foo(...):
```
should no longer be used. (It will continue to work as it did before, but the new approach will produce more readable error messages.)
In particular note that `typechecker` must be passed via keyword argument; the following is not valid:
```
@jaxtyped(typechecker)
def foo(...):
```

  def load_psd(
10:45 ninjax INFO    : Checking and setting outdir
10:45 ninjax INFO    : Found generation prior file ./outdir/injection_3/generation_prior.prior
10:45 ninjax INFO    : The outdir is set to ./outdir/injection_3
10:45 ninjax INFO    : Loading the given config
10:45 ninjax WARNING : Unrecognized keys given: {'n_max_examples'}. These will be ignored
10:45 ninjax INFO    : Arguments loaded into the config: {'likelihood': 'HeterodynedTransientLikelihoodFD', 'gw_injection': 'True', 'gw_load_existing_injection': 'False', 'gw_dump_injection_data': 'False', 'gw_SNR_threshold_low': '11.2', 'gw_SNR_threshold_high': '100', 'waveform_approximant': 'IMRPhenomD_NRTidalv2', 'waveform_approximant_1': 'None', 'waveform_approximant_2': 'None', 'gw_overlapping_tight_priors': 'False', 'ifos': 'H1,L1,V1', 'eos_file': '/home/twouters2/projects/projection_BNS_A_plus/src/projection_BNS/data/HQC18.npz', 'fmin': '20.0', 'fref': '20.0', 'fmax': '2048.0', 'duration': 'None', 'post_trigger_duration': '2.0', 'trigger_time': '1187008882.4', 'psd_file_H1': '/home/twouters2/projects/projection_BNS_A_plus/src/projection_BNS/data/AplusDesign_PSD.txt', 'psd_file_L1': '/home/twouters2/projects/projection_BNS_A_plus/src/projection_BNS/data/AplusDesign_PSD.txt', 'psd_file_V1': '/home/twouters2/projects/projection_BNS_A_plus/src/projection_BNS/data/avirgo_O5high_NEW_PSD.txt', 'psd_file_ET1': '/home/twouters2/psds/ET_D_psd.txt', 'psd_file_ET2': '/home/twouters2/psds/ET_D_psd.txt', 'psd_file_ET3': '/home/twouters2/psds/ET_D_psd.txt', 'psd_file_CE': '/home/twouters2/psds/CE_psd.txt', 'data_file_H1': 'None', 'data_file_L1': 'None', 'data_file_V1': 'None', 'data_file_ET1': 'None', 'data_file_ET2': 'None', 'data_file_ET3': 'None', 'relative_binning_binsize': '1000', 'relative_binning_ref_params_equal_true_params': 'True', 'relative_binning_ref_params': 'None', 'transforms': 'q_to_eta,cos_iota_to_iota,sin_dec_to_dec', 'gw_kwargs': 'None', 'filters': 'None', 'tmin': '0.05', 'tmax': '15.0', 'em_injection': 'False', 'em_trigger_time': '0.0', 'em_data_path': 'None', 'KN_model_name': 'None', 'KN_class_name': 'None', 'KN_model_dir': 'None', 'GRB_model_name': 'None', 'GRB_class_name': 'None', 'GRB_model_dir': 'None', 'detection_limit': 'None', 'n_loop_training': '200', 'n_loop_production': '10', 'n_local_steps': '100', 'n_global_steps': '1_000', 'n_epochs': '25', 'n_chains': '1_000', 'learning_rate': '0.001', 'max_samples': '50000', 'momentum': '0.9', 'batch_size': '30000', 'use_global': 'True', 'keep_quantile': '0.0', 'train_thinning': '10', 'output_thinning': '50', 'n_sample_max': '10000', 'verbose': 'False', 'save_training_chains': 'False', 'eps_mass_matrix': '1e-5', 'use_scheduler': 'True', 'use_temperature': 'False', 'which_temperature_schedule': 'exponential', 'starting_temperature': '2.0', 'stop_tempering_iteration': '75', 'stopping_criterion_global_acc': '0.10', 'stopping_criterion_loss': '-inf', 'seed': 'None', 'sampling_seed': 'None', 'injection_generation_seed': 'None', 'num_layers': '10', 'hidden_size': '128,128', 'num_bins': '8', 'nf_model_kwargs': 'None', 'run_sampler': 'True', 'keys_to_plot': 'M_c, q, s1_z, s2_z, lambda_1, lambda_2, d_L, t_c, phase_c, iota, psi, ra, dec'}
10:45 ninjax INFO    : Complete config file written to /gpfs/home6/twouters2/projects/projection_BNS_A_plus/src/projection_BNS/GW/HQC18/outdir/injection_3/complete_config.json
10:45 ninjax INFO    : No seed specified. Generating a random seed: 603351
10:45 ninjax INFO    : No sampling_seed specified. Generating a random sampling_seed: 958203
10:45 ninjax INFO    : No injection_generation_seed specified. Generating a random injection_generation_seed: 771844
10:45 ninjax INFO    : Loading the priors
10:45 ninjax INFO    : Setting up the prior
10:45 ninjax INFO    :    Mc_prior = Uniform(0.98, 2.6, naming=["M_c"])
10:45 ninjax INFO    :    q_prior = Uniform(0.125, 1.0, naming=["q"])
10:45 ninjax INFO    :    s1_z_prior = Uniform(-0.05, 0.05, naming=["s1_z"])
10:45 ninjax INFO    :    s2_z_prior = Uniform(-0.05, 0.05, naming=["s2_z"])
10:45 ninjax INFO    :    lambda1_prior = Uniform(0.0, 5000.0, naming=["lambda_1"])
10:45 ninjax INFO    :    lambda2_prior = Uniform(0.0, 5000.0, naming=["lambda_2"])
10:45 ninjax INFO    :    cos_iota_prior = Uniform(-1.0, 1.0, naming=["cos_iota"])
10:45 ninjax INFO    :    dL_prior = PowerLaw(1.0, 1000.0, 2.0, naming=["d_L"])
10:45 ninjax INFO    :    t_c_prior = Uniform(-0.1, 0.1, naming=["t_c"])
10:45 ninjax INFO    :    phase_c_prior = Uniform(0.0, 2 * jnp.pi, naming=["phase_c"])
10:45 ninjax INFO    :    psi_prior = Uniform(0.0, jnp.pi, naming=["psi"])
10:45 ninjax INFO    :    ra_prior = Uniform(0.0, 2 * jnp.pi, naming=["ra"])
10:45 ninjax INFO    :    sin_dec_prior = Uniform(-1.0, 1.0, naming=["sin_dec"])
10:45 ninjax INFO    : Setting up the generation prior
10:45 ninjax INFO    :    mass_1_source_prior = Uniform(1.0, 2.0452447532113593, naming=["mass_1_source"])
10:45 ninjax INFO    :    mass_2_source_prior = Uniform(1.0, 2.0452447532113593, naming=["mass_2_source"])
10:45 ninjax INFO    :    s1_z_prior = Uniform(-0.05, 0.05, naming=["s1_z"])
10:45 ninjax INFO    :    s2_z_prior = Uniform(-0.05, 0.05, naming=["s2_z"])
10:45 ninjax INFO    :    cos_iota_prior = Uniform(-1.0, 1.0, naming=["cos_iota"])
10:45 ninjax INFO    :    dL_prior = PowerLaw(10.0, 460.0, 2.0, naming=["d_L"])
10:45 ninjax INFO    :    t_c_prior = Uniform(-0.1, 0.1, naming=["t_c"])
10:45 ninjax INFO    :    phase_c_prior = Uniform(0.0, 2 * jnp.pi, naming=["phase_c"])
10:45 ninjax INFO    :    psi_prior = Uniform(0.0, jnp.pi, naming=["psi"])
10:45 ninjax INFO    :    ra_prior = Uniform(0.0, 2 * jnp.pi, naming=["ra"])
10:45 ninjax INFO    :    sin_dec_prior = Uniform(-1.0, 1.0, naming=["sin_dec"])
10:45 ninjax INFO    : Finished prior setup
10:45 ninjax INFO    : Setting the transforms
10:45 ninjax INFO    : Raw transforms list is q_to_eta,cos_iota_to_iota,sin_dec_to_dec
10:45 ninjax INFO    : transforms_str_list has 3 elements
10:45 ninjax INFO    : DEBUG: Checking that all_transforms is OK: the list is ['binary_Love', 'binary_love_fit', 'cos_iota1_to_iota1', 'cos_iota2_to_iota2', 'cos_iota_to_iota', 'log_lambda_to_lambda', 'm1_m2_to_Mc_q', 'q1_to_eta1', 'q2_to_eta2', 'q_to_eta', 'sin_dec1_to_dec1', 'sin_dec2_to_dec2', 'sin_dec_to_dec', 'spin_sphere_to_cartesian_s1', 'spin_sphere_to_cartesian_s2', 'swap_lambdas_eos', 't_c_dt_to_tcs']
10:45 ninjax INFO    : Setting the likelihood
10:45 ninjax INFO    : GW likelihood provided, setting up the GW pipe
10:45 ninjax INFO    : eos_file is /home/twouters2/projects/projection_BNS_A_plus/src/projection_BNS/data/HQC18.npz
10:45 ninjax INFO    : Using eos_file /home/twouters2/projects/projection_BNS_A_plus/src/projection_BNS/data/HQC18.npz for BNS injections
10:45 ninjax INFO    : Note: No specific waveform approximant 1 so defaulting to IMRPhenomD_NRTidalv2
10:45 ninjax INFO    : self.is_BNS_run is True
10:45 ninjax INFO    : Using IMRPhenomD_NRTidalv2 waveform. Therefore, we will use no taper as the reference waveform for the likelihood if relative binning is used
10:45 ninjax INFO    : GW run is an injection
10:45 ninjax INFO    : Setting up GW injection . . . 
10:45 ninjax INFO    : The SNR thresholds are: 11.2 - 100.0
10:45 ninjax INFO    : Generating new injection
10:45 ninjax INFO    : Sanity check: generated parameters:
10:45 ninjax INFO    : {'mass_1_source': 1.6758185101860836, 'mass_2_source': 1.819947252232959, 's1_z': -0.04301137070690293, 's2_z': -0.031003820972705955, 'cos_iota': -0.04984507659306603, 'd_L': 458.78292991444766, 't_c': 0.08299248126336867, 'phase_c': 3.1999041005645297, 'psi': 1.561238083002385, 'ra': 1.373351294220609, 'sin_dec': 0.40853330270152677}
10:45 ninjax INFO    : Computing lambdas from EOS file /home/twouters2/projects/projection_BNS_A_plus/src/projection_BNS/data/HQC18.npz . . . 
10:45 ninjax INFO    : Injected lambda_1: 39.59917932302613
10:45 ninjax INFO    : Injected lambda_2: 75.94196155391379
10:45 ninjax INFO    : Duration is not specified in the config. Computed chirp time: for fmin = 20.0 and M_c = 1.677645657383218 is 128.0
10:45 ninjax INFO    : After transforms, the injection parameters are:
10:45 ninjax INFO    : {'mass_1_source': 1.819947252232959, 'mass_2_source': 1.6758185101860836, 's1_z': -0.04301137070690293, 's2_z': -0.031003820972705955, 'cos_iota': -0.04984507659306603, 'd_L': 458.78292991444766, 't_c': 0.08299248126336867, 'phase_c': 3.1999041005645297, 'psi': 1.561238083002385, 'ra': 1.373351294220609, 'sin_dec': 0.40853330270152677, 'q': 0.9208060882698449, 'M_c': 1.677645657383218, 'eta': 0.24957503168411896, 'iota': Array(1.62066207, dtype=float64, weak_type=True), 'dec': Array(0.42084657, dtype=float64, weak_type=True), 'lambda_1': 39.59917932302613, 'lambda_2': 75.94196155391379}
10:45 ninjax INFO    : The trial injection parameters are {'M_c': 1.677645657383218, 'eta': 0.24957503168411896, 's1_z': -0.04301137070690293, 's2_z': -0.031003820972705955, 'lambda_1': 39.59917932302613, 'lambda_2': 75.94196155391379, 'd_L': 458.78292991444766, 'phase_c': 3.1999041005645297, 'iota': 1.620662066777276, 't_c': 0.08299248126336867, 'psi': 1.561238083002385, 'ra': 1.373351294220609, 'dec': 0.4208465723523763}
10:45 ninjax INFO    : Injecting signals . . .
10:45 ninjax INFO    : self.ifos
10:45 ninjax INFO    : [GroundBased2G(H1), GroundBased2G(L1), GroundBased2G(V1)]
10:45 ninjax INFO    : Signal injected in ifo H1. Frequencies, data, and PSD:
10:45 ninjax INFO    : [  20.          20.0078125   20.015625  ... 2047.9765625
 2047.984375  2047.9921875]
10:45 ninjax INFO    : [-1.06755086e-23-5.58680619e-24j -4.08777250e-23-2.06711417e-23j
  3.06987255e-23+3.44862272e-24j ...
  1.98095958e-23-3.66084218e-23j  5.29809340e-24-2.84209795e-23j
  2.56314236e-23-2.40905563e-23j]
10:45 ninjax INFO    : [1.44906511e-46 1.44667215e-46 1.44435812e-46 ... 2.17775889e-47
 2.17777440e-47 2.17778992e-47]
10:45 ninjax INFO    : Signal injected in ifo L1. Frequencies, data, and PSD:
10:45 ninjax INFO    : [  20.          20.0078125   20.015625  ... 2047.9765625
 2047.984375  2047.9921875]
10:45 ninjax INFO    : [ 6.61848861e-25-1.55605932e-23j -3.76407876e-23+2.01370318e-23j
  5.84810372e-23+3.65325713e-23j ...
  1.27347326e-23-9.98029337e-24j  4.28198967e-25+3.06393438e-23j
  4.53446401e-24-1.84740517e-23j]
10:45 ninjax INFO    : [1.44906511e-46 1.44667215e-46 1.44435812e-46 ... 2.17775889e-47
 2.17777440e-47 2.17778992e-47]
10:45 ninjax INFO    : Signal injected in ifo V1. Frequencies, data, and PSD:
10:45 ninjax INFO    : [  20.          20.0078125   20.015625  ... 2047.9765625
 2047.984375  2047.9921875]
10:45 ninjax INFO    : [ 7.87415254e-26+8.53194883e-24j  1.53155443e-23-5.85488184e-23j
 -2.85945528e-23+5.05448398e-23j ...
  3.20702527e-24+1.50633413e-23j -3.22161325e-24+6.73227023e-23j
 -9.46453947e-24+8.56893102e-24j]
10:45 ninjax INFO    : [1.43183556e-46 1.42935095e-46 1.42688205e-46 ... 6.39786094e-47
 6.39790724e-47 6.39795354e-47]
10:45 ninjax INFO    : SNR for ifo H1 is 6.105393430093176
10:45 ninjax INFO    : SNR for ifo L1 is 7.664752156237406
10:45 ninjax INFO    : SNR for ifo V1 is 0.8814884697832684
10:45 ninjax INFO    : The network SNR is 9.838763970902631
10:45 ninjax INFO    : The network SNR does not pass the threshold, trying again
10:45 ninjax INFO    : Generating new injection
10:45 ninjax INFO    : Sanity check: generated parameters:
10:45 ninjax INFO    : {'mass_1_source': 1.1263412805847632, 'mass_2_source': 1.3402540535271559, 's1_z': 0.046669649722798925, 's2_z': -0.03406714054076679, 'cos_iota': 0.43734703281080556, 'd_L': 451.8224755047743, 't_c': -0.09391878956649782, 'phase_c': 1.480690408112968, 'psi': 2.501062199891633, 'ra': 5.199652598046935, 'sin_dec': 0.6115774986720255}
10:45 ninjax INFO    : Computing lambdas from EOS file /home/twouters2/projects/projection_BNS_A_plus/src/projection_BNS/data/HQC18.npz . . . 
10:45 ninjax INFO    : Injected lambda_1: 338.38243556728025
10:45 ninjax INFO    : Injected lambda_2: 961.1744915528249
10:45 ninjax INFO    : Duration is not specified in the config. Computed chirp time: for fmin = 20.0 and M_c = 1.1779113419677143 is 256.0
10:45 ninjax INFO    : After transforms, the injection parameters are:
10:45 ninjax INFO    : {'mass_1_source': 1.3402540535271559, 'mass_2_source': 1.1263412805847632, 's1_z': 0.046669649722798925, 's2_z': -0.03406714054076679, 'cos_iota': 0.43734703281080556, 'd_L': 451.8224755047743, 't_c': -0.09391878956649782, 'phase_c': 1.480690408112968, 'psi': 2.501062199891633, 'ra': 5.199652598046935, 'sin_dec': 0.6115774986720255, 'q': 0.8403938623580829, 'M_c': 1.1779113419677143, 'eta': 0.2481197411894196, 'iota': Array(1.11814984, dtype=float64, weak_type=True), 'dec': Array(0.6580529, dtype=float64, weak_type=True), 'lambda_1': 338.38243556728025, 'lambda_2': 961.1744915528249}
10:45 ninjax INFO    : The trial injection parameters are {'M_c': 1.1779113419677143, 'eta': 0.2481197411894196, 's1_z': 0.046669649722798925, 's2_z': -0.03406714054076679, 'lambda_1': 338.38243556728025, 'lambda_2': 961.1744915528249, 'd_L': 451.8224755047743, 'phase_c': 1.480690408112968, 'iota': 1.1181498362854887, 't_c': -0.09391878956649782, 'psi': 2.501062199891633, 'ra': 5.199652598046935, 'dec': 0.6580529023054765}
10:45 ninjax INFO    : Injecting signals . . .
10:45 ninjax INFO    : self.ifos
10:45 ninjax INFO    : [GroundBased2G(H1), GroundBased2G(L1), GroundBased2G(V1)]
10:45 ninjax INFO    : Signal injected in ifo H1. Frequencies, data, and PSD:
10:45 ninjax INFO    : [  20.           20.00390625   20.0078125  ... 2047.98828125
 2047.9921875  2047.99609375]
10:45 ninjax INFO    : [-5.63901525e-23-3.01129561e-24j  5.51520477e-23+2.49666639e-23j
 -7.74947934e-23-1.55297409e-24j ...
 -3.26858550e-23-8.54868341e-24j -2.56590948e-23-6.90107800e-24j
 -4.13594482e-23+2.05110090e-23j]
10:45 ninjax INFO    : [1.44906511e-46 1.44785671e-46 1.44667215e-46 ... 2.17778216e-47
 2.17778992e-47 2.17779767e-47]
10:45 ninjax INFO    : Signal injected in ifo L1. Frequencies, data, and PSD:
10:45 ninjax INFO    : [  20.           20.00390625   20.0078125  ... 2047.98828125
 2047.9921875  2047.99609375]
10:45 ninjax INFO    : [ 2.21627680e-23+8.42202485e-23j -9.25556781e-23+5.19927865e-23j
  7.93925566e-24+9.24701727e-23j ...
  4.36051476e-23-5.44663123e-23j -2.93926534e-23+8.97738089e-24j
  4.07052394e-23+8.10978870e-23j]
10:45 ninjax INFO    : [1.44906511e-46 1.44785671e-46 1.44667215e-46 ... 2.17778216e-47
 2.17778992e-47 2.17779767e-47]
10:45 ninjax INFO    : Signal injected in ifo V1. Frequencies, data, and PSD:
10:45 ninjax INFO    : [  20.           20.00390625   20.0078125  ... 2047.98828125
 2047.9921875  2047.99609375]
10:45 ninjax INFO    : [ 5.40836693e-23+6.93407252e-24j  1.62815609e-23+5.67192437e-23j
  3.63096092e-23-1.12876355e-22j ...
  1.07683284e-22+6.61720206e-23j  9.23359730e-23+2.70388165e-25j
 -4.17583232e-23+1.32206484e-22j]
10:45 ninjax INFO    : [1.43183556e-46 1.43058540e-46 1.42935095e-46 ... 6.39793039e-47
 6.39795354e-47 6.39797668e-47]
10:45 ninjax INFO    : SNR for ifo H1 is 3.665691345428009
10:45 ninjax INFO    : SNR for ifo L1 is 2.736438302312587
10:45 ninjax INFO    : SNR for ifo V1 is 2.5108350023616013
10:45 ninjax INFO    : The network SNR is 5.218206591482689
10:45 ninjax INFO    : The network SNR does not pass the threshold, trying again
10:45 ninjax INFO    : Generating new injection
10:45 ninjax INFO    : Sanity check: generated parameters:
10:45 ninjax INFO    : {'mass_1_source': 1.0624688266507425, 'mass_2_source': 1.0090611189827003, 's1_z': -0.042226116285741626, 's2_z': 0.0019002748230001476, 'cos_iota': -0.5866837535868505, 'd_L': 389.4890886115233, 't_c': 0.08343259889147733, 'phase_c': 3.3324600264346493, 'psi': 0.8111061570343665, 'ra': 3.6242283151219845, 'sin_dec': -0.40093902262582315}
10:45 ninjax INFO    : Computing lambdas from EOS file /home/twouters2/projects/projection_BNS_A_plus/src/projection_BNS/data/HQC18.npz . . . 
10:45 ninjax INFO    : Injected lambda_1: 1345.901212484779
10:45 ninjax INFO    : Injected lambda_2: 1803.8999929445836
10:45 ninjax INFO    : Duration is not specified in the config. Computed chirp time: for fmin = 20.0 and M_c = 0.9806495996957081 is 256.0
10:45 ninjax INFO    : After transforms, the injection parameters are:
10:45 ninjax INFO    : {'mass_1_source': 1.0624688266507425, 'mass_2_source': 1.0090611189827003, 's1_z': -0.042226116285741626, 's2_z': 0.0019002748230001476, 'cos_iota': -0.5866837535868505, 'd_L': 389.4890886115233, 't_c': 0.08343259889147733, 'phase_c': 3.3324600264346493, 'psi': 0.8111061570343665, 'ra': 3.6242283151219845, 'sin_dec': -0.40093902262582315, 'q': 0.9497324473637488, 'M_c': 0.9806495996957081, 'eta': 0.2498338250897563, 'iota': Array(2.197754, dtype=float64, weak_type=True), 'dec': Array(-0.41254163, dtype=float64, weak_type=True), 'lambda_1': 1345.901212484779, 'lambda_2': 1803.8999929445836}
10:45 ninjax INFO    : The trial injection parameters are {'M_c': 0.9806495996957081, 'eta': 0.2498338250897563, 's1_z': -0.042226116285741626, 's2_z': 0.0019002748230001476, 'lambda_1': 1345.901212484779, 'lambda_2': 1803.8999929445836, 'd_L': 389.4890886115233, 'phase_c': 3.3324600264346493, 'iota': 2.1977540025670055, 't_c': 0.08343259889147733, 'psi': 0.8111061570343665, 'ra': 3.6242283151219845, 'dec': -0.4125416330982026}
10:45 ninjax INFO    : Injecting signals . . .
10:45 ninjax INFO    : self.ifos
10:45 ninjax INFO    : [GroundBased2G(H1), GroundBased2G(L1), GroundBased2G(V1)]
10:46 ninjax INFO    : Signal injected in ifo H1. Frequencies, data, and PSD:
10:46 ninjax INFO    : [  20.           20.00390625   20.0078125  ... 2047.98828125
 2047.9921875  2047.99609375]
10:46 ninjax INFO    : [-5.83369528e-23-3.18690144e-24j  5.12186973e-23+2.53466459e-23j
 -8.00030789e-23+3.13466942e-24j ...
 -3.26858550e-23-8.54868341e-24j -2.56590948e-23-6.90107800e-24j
 -4.13594482e-23+2.05110090e-23j]
10:46 ninjax INFO    : [1.44906511e-46 1.44785671e-46 1.44667215e-46 ... 2.17778216e-47
 2.17778992e-47 2.17779767e-47]
10:46 ninjax INFO    : Signal injected in ifo L1. Frequencies, data, and PSD:
10:46 ninjax INFO    : [  20.           20.00390625   20.0078125  ... 2047.98828125
 2047.9921875  2047.99609375]
10:46 ninjax INFO    : [ 2.44138259e-23+8.52357721e-23j -8.85340078e-23+5.09904517e-23j
  9.45291871e-24+8.83126933e-23j ...
  4.36051476e-23-5.44663123e-23j -2.93926534e-23+8.97738089e-24j
  4.07052394e-23+8.10978870e-23j]
10:46 ninjax INFO    : [1.44906511e-46 1.44785671e-46 1.44667215e-46 ... 2.17778216e-47
 2.17778992e-47 2.17779767e-47]
10:46 ninjax INFO    : Signal injected in ifo V1. Frequencies, data, and PSD:
10:46 ninjax INFO    : [  20.           20.00390625   20.0078125  ... 2047.98828125
 2047.9921875  2047.99609375]
10:46 ninjax INFO    : [ 5.41237090e-23+7.72451572e-24j  1.85493491e-23+5.65357670e-23j
  3.65278700e-23-1.15478232e-22j ...
  1.07683284e-22+6.61720206e-23j  9.23359730e-23+2.70388165e-25j
 -4.17583232e-23+1.32206484e-22j]
10:46 ninjax INFO    : [1.43183556e-46 1.43058540e-46 1.42935095e-46 ... 6.39793039e-47
 6.39795354e-47 6.39797668e-47]
10:46 ninjax INFO    : SNR for ifo H1 is 7.913432415361765
10:46 ninjax INFO    : SNR for ifo L1 is 7.149160207560881
10:46 ninjax INFO    : SNR for ifo V1 is 2.0379132964222912
10:46 ninjax INFO    : The network SNR is 10.857531711655511
10:46 ninjax INFO    : The network SNR does not pass the threshold, trying again
10:46 ninjax INFO    : Generating new injection
10:46 ninjax INFO    : Sanity check: generated parameters:
10:46 ninjax INFO    : {'mass_1_source': 1.5334901302460229, 'mass_2_source': 1.7262415963872355, 's1_z': -0.008025334146397653, 's2_z': -0.007549481180369667, 'cos_iota': -0.5911299935363039, 'd_L': 403.97656270089254, 't_c': -0.0370818887819159, 'phase_c': 2.2617739892272555, 'psi': 1.7534077209811632, 'ra': 0.9361821149770599, 'sin_dec': -0.5739769163015751}
10:46 ninjax INFO    : Computing lambdas from EOS file /home/twouters2/projects/projection_BNS_A_plus/src/projection_BNS/data/HQC18.npz . . . 
10:46 ninjax INFO    : Injected lambda_1: 60.757916126038445
10:46 ninjax INFO    : Injected lambda_2: 141.72329152660765
10:46 ninjax INFO    : Duration is not specified in the config. Computed chirp time: for fmin = 20.0 and M_c = 1.5451469254977819 is 128.0
10:46 ninjax INFO    : After transforms, the injection parameters are:
10:46 ninjax INFO    : {'mass_1_source': 1.7262415963872355, 'mass_2_source': 1.5334901302460229, 's1_z': -0.008025334146397653, 's2_z': -0.007549481180369667, 'cos_iota': -0.5911299935363039, 'd_L': 403.97656270089254, 't_c': -0.0370818887819159, 'phase_c': 2.2617739892272555, 'psi': 1.7534077209811632, 'ra': 0.9361821149770599, 'sin_dec': -0.5739769163015751, 'q': 0.8883403884226794, 'M_c': 1.5451469254977819, 'eta': 0.24912587876618844, 'iota': Array(2.20325542, dtype=float64, weak_type=True), 'dec': Array(-0.61135422, dtype=float64, weak_type=True), 'lambda_1': 60.757916126038445, 'lambda_2': 141.72329152660765}
10:46 ninjax INFO    : The trial injection parameters are {'M_c': 1.5451469254977819, 'eta': 0.24912587876618844, 's1_z': -0.008025334146397653, 's2_z': -0.007549481180369667, 'lambda_1': 60.757916126038445, 'lambda_2': 141.72329152660765, 'd_L': 403.97656270089254, 'phase_c': 2.2617739892272555, 'iota': 2.203255424910598, 't_c': -0.0370818887819159, 'psi': 1.7534077209811632, 'ra': 0.9361821149770599, 'dec': -0.6113542176745501}
10:46 ninjax INFO    : Injecting signals . . .
10:46 ninjax INFO    : self.ifos
10:46 ninjax INFO    : [GroundBased2G(H1), GroundBased2G(L1), GroundBased2G(V1)]
10:46 ninjax INFO    : Signal injected in ifo H1. Frequencies, data, and PSD:
10:46 ninjax INFO    : [  20.          20.0078125   20.015625  ... 2047.9765625
 2047.984375  2047.9921875]
10:46 ninjax INFO    : [-1.08555491e-23-1.55316761e-24j -3.79935012e-23-1.98343712e-23j
  3.12871654e-23+1.83128166e-24j ...
  1.98079538e-23-3.66137671e-23j  5.29696210e-24-2.84264265e-23j
  2.56308074e-23-2.40960567e-23j]
10:46 ninjax INFO    : [1.44906511e-46 1.44667215e-46 1.44435812e-46 ... 2.17775889e-47
 2.17777440e-47 2.17778992e-47]
10:46 ninjax INFO    : Signal injected in ifo L1. Frequencies, data, and PSD:
10:46 ninjax INFO    : [  20.          20.0078125   20.015625  ... 2047.9765625
 2047.984375  2047.9921875]
10:46 ninjax INFO    : [ 3.62954301e-24-1.87912061e-23j -3.93635105e-23+1.78721344e-23j
  5.77095839e-23+3.75956329e-23j ...
  1.27341834e-23-9.96749652e-24j  4.26423640e-25+3.06519939e-23j
  4.53148570e-24-1.84616651e-23j]
10:46 ninjax INFO    : [1.44906511e-46 1.44667215e-46 1.44435812e-46 ... 2.17775889e-47
 2.17777440e-47 2.17778992e-47]
10:46 ninjax INFO    : Signal injected in ifo V1. Frequencies, data, and PSD:
10:46 ninjax INFO    : [  20.          20.0078125   20.015625  ... 2047.9765625
 2047.984375  2047.9921875]
10:46 ninjax INFO    : [ 1.05997653e-24+4.85573062e-24j  1.27941140e-23-6.16405633e-23j
 -3.25564923e-23+5.08448420e-23j ...
  3.21015755e-24+1.50550922e-23j -3.21767205e-24+6.73148107e-23j
 -9.45982942e-24+8.56147610e-24j]
10:46 ninjax INFO    : [1.43183556e-46 1.42935095e-46 1.42688205e-46 ... 6.39786094e-47
 6.39790724e-47 6.39795354e-47]
10:46 ninjax INFO    : SNR for ifo H1 is 4.136276697400869
10:46 ninjax INFO    : SNR for ifo L1 is 5.267059981481737
10:46 ninjax INFO    : SNR for ifo V1 is 5.943230301504774
10:46 ninjax INFO    : The network SNR is 8.953920492315774
10:46 ninjax INFO    : The network SNR does not pass the threshold, trying again
10:46 ninjax INFO    : Generating new injection
10:46 ninjax INFO    : Sanity check: generated parameters:
10:46 ninjax INFO    : {'mass_1_source': 2.013275435490029, 'mass_2_source': 1.1714585742881392, 's1_z': 0.01914774140921742, 's2_z': -0.0007079652884060678, 'cos_iota': 0.04845913883517605, 'd_L': 411.0273168487518, 't_c': 0.04004938897560248, 'phase_c': 1.7841256835607466, 'psi': 1.0618909737195545, 'ra': 4.023101637482727, 'sin_dec': -0.11833051296449071}
10:46 ninjax INFO    : Computing lambdas from EOS file /home/twouters2/projects/projection_BNS_A_plus/src/projection_BNS/data/HQC18.npz . . . 
10:46 ninjax INFO    : Injected lambda_1: 12.44177062935762
10:46 ninjax INFO    : Injected lambda_2: 763.7221093143057
10:46 ninjax INFO    : Duration is not specified in the config. Computed chirp time: for fmin = 20.0 and M_c = 1.4505530815357535 is 128.0
10:46 ninjax INFO    : After transforms, the injection parameters are:
10:46 ninjax INFO    : {'mass_1_source': 2.013275435490029, 'mass_2_source': 1.1714585742881392, 's1_z': 0.01914774140921742, 's2_z': -0.0007079652884060678, 'cos_iota': 0.04845913883517605, 'd_L': 411.0273168487518, 't_c': 0.04004938897560248, 'phase_c': 1.7841256835607466, 'psi': 1.0618909737195545, 'ra': 4.023101637482727, 'sin_dec': -0.11833051296449071, 'q': 0.5818670181127041, 'M_c': 1.4505530815357535, 'eta': 0.23253257377636383, 'iota': Array(1.5223182, dtype=float64, weak_type=True), 'dec': Array(-0.11860841, dtype=float64, weak_type=True), 'lambda_1': 12.44177062935762, 'lambda_2': 763.7221093143057}
10:46 ninjax INFO    : The trial injection parameters are {'M_c': 1.4505530815357535, 'eta': 0.23253257377636383, 's1_z': 0.01914774140921742, 's2_z': -0.0007079652884060678, 'lambda_1': 12.44177062935762, 'lambda_2': 763.7221093143057, 'd_L': 411.0273168487518, 'phase_c': 1.7841256835607466, 'iota': 1.5223182018862496, 't_c': 0.04004938897560248, 'psi': 1.0618909737195545, 'ra': 4.023101637482727, 'dec': -0.11860841373817814}
10:46 ninjax INFO    : Injecting signals . . .
10:46 ninjax INFO    : self.ifos
10:46 ninjax INFO    : [GroundBased2G(H1), GroundBased2G(L1), GroundBased2G(V1)]
10:46 ninjax INFO    : Signal injected in ifo H1. Frequencies, data, and PSD:
10:46 ninjax INFO    : [  20.          20.0078125   20.015625  ... 2047.9765625
 2047.984375  2047.9921875]
10:46 ninjax INFO    : [-8.21991764e-24-3.15303651e-24j -3.70031137e-23-2.22827213e-23j
  3.07037261e-23-7.50912420e-26j ...
  1.98022424e-23-3.66138609e-23j  5.29128881e-24-2.84270912e-23j
  2.56252291e-23-2.40972855e-23j]
10:46 ninjax INFO    : [1.44906511e-46 1.44667215e-46 1.44435812e-46 ... 2.17775889e-47
 2.17777440e-47 2.17778992e-47]
10:46 ninjax INFO    : Signal injected in ifo L1. Frequencies, data, and PSD:
10:46 ninjax INFO    : [  20.          20.0078125   20.015625  ... 2047.9765625
 2047.984375  2047.9921875]
10:46 ninjax INFO    : [ 3.64147839e-25-1.88093103e-23j -4.18788576e-23+2.00294234e-23j
  5.72810494e-23+4.07126020e-23j ...
  1.27407903e-23-9.97053890e-24j  4.33302331e-25+3.06496297e-23j
  4.53856683e-24-1.84633274e-23j]
10:46 ninjax INFO    : [1.44906511e-46 1.44667215e-46 1.44435812e-46 ... 2.17775889e-47
 2.17777440e-47 2.17778992e-47]
10:46 ninjax INFO    : Signal injected in ifo V1. Frequencies, data, and PSD:
10:46 ninjax INFO    : [  20.          20.0078125   20.015625  ... 2047.9765625
 2047.984375  2047.9921875]
10:46 ninjax INFO    : [-7.41160086e-25+9.54502188e-24j  1.42113407e-23-5.74743240e-23j
 -2.94770979e-23+5.24904755e-23j ...
  3.20593284e-24+1.50646108e-23j -3.22282055e-24+6.73238631e-23j
 -9.46585088e-24+8.56997272e-24j]
10:46 ninjax INFO    : [1.43183556e-46 1.42935095e-46 1.42688205e-46 ... 6.39786094e-47
 6.39790724e-47 6.39795354e-47]
10:46 ninjax INFO    : SNR for ifo H1 is 2.945977353348159
10:46 ninjax INFO    : SNR for ifo L1 is 1.908799734422502
10:46 ninjax INFO    : SNR for ifo V1 is 3.037128292507572
10:46 ninjax INFO    : The network SNR is 4.64181508224117
10:46 ninjax INFO    : The network SNR does not pass the threshold, trying again
10:46 ninjax INFO    : Generating new injection
10:46 ninjax INFO    : Sanity check: generated parameters:
10:46 ninjax INFO    : {'mass_1_source': 1.337620424309954, 'mass_2_source': 1.1881493176572189, 's1_z': -0.018375399555334293, 's2_z': -0.02769478511700099, 'cos_iota': 0.6625214680305018, 'd_L': 420.13104787954614, 't_c': -0.011267758526116098, 'phase_c': 1.2486427159174402, 'psi': 2.9325896941478184, 'ra': 0.5225365054010165, 'sin_dec': -0.5559929691524537}
10:46 ninjax INFO    : Computing lambdas from EOS file /home/twouters2/projects/projection_BNS_A_plus/src/projection_BNS/data/HQC18.npz . . . 
10:46 ninjax INFO    : Injected lambda_1: 342.5483059024159
10:46 ninjax INFO    : Injected lambda_2: 702.488815789192
10:46 ninjax INFO    : Duration is not specified in the config. Computed chirp time: for fmin = 20.0 and M_c = 1.2012418500942104 is 256.0
10:46 ninjax INFO    : After transforms, the injection parameters are:
10:46 ninjax INFO    : {'mass_1_source': 1.337620424309954, 'mass_2_source': 1.1881493176572189, 's1_z': -0.018375399555334293, 's2_z': -0.02769478511700099, 'cos_iota': 0.6625214680305018, 'd_L': 420.13104787954614, 't_c': -0.011267758526116098, 'phase_c': 1.2486427159174402, 'psi': 2.9325896941478184, 'ra': 0.5225365054010165, 'sin_dec': -0.5559929691524537, 'q': 0.8882559626511058, 'M_c': 1.2012418500942104, 'eta': 0.24912447813565847, 'iota': Array(0.8466163, dtype=float64, weak_type=True), 'dec': Array(-0.58955713, dtype=float64, weak_type=True), 'lambda_1': 342.5483059024159, 'lambda_2': 702.488815789192}
10:46 ninjax INFO    : The trial injection parameters are {'M_c': 1.2012418500942104, 'eta': 0.24912447813565847, 's1_z': -0.018375399555334293, 's2_z': -0.02769478511700099, 'lambda_1': 342.5483059024159, 'lambda_2': 702.488815789192, 'd_L': 420.13104787954614, 'phase_c': 1.2486427159174402, 'iota': 0.8466163030706163, 't_c': -0.011267758526116098, 'psi': 2.9325896941478184, 'ra': 0.5225365054010165, 'dec': -0.5895571293825741}
10:46 ninjax INFO    : Injecting signals . . .
10:46 ninjax INFO    : self.ifos
10:46 ninjax INFO    : [GroundBased2G(H1), GroundBased2G(L1), GroundBased2G(V1)]
10:46 ninjax INFO    : Signal injected in ifo H1. Frequencies, data, and PSD:
10:46 ninjax INFO    : [  20.           20.00390625   20.0078125  ... 2047.98828125
 2047.9921875  2047.99609375]
10:46 ninjax INFO    : [-5.49594114e-23-2.28424639e-24j  5.50994712e-23+2.32569073e-23j
 -7.90494424e-23-6.20597124e-25j ...
 -3.26859461e-23-8.54861528e-24j -2.56591892e-23-6.90101449e-24j
 -4.13595456e-23+2.05110677e-23j]
10:46 ninjax INFO    : [1.44906511e-46 1.44785671e-46 1.44667215e-46 ... 2.17778216e-47
 2.17778992e-47 2.17779767e-47]
10:46 ninjax INFO    : Signal injected in ifo L1. Frequencies, data, and PSD:
10:46 ninjax INFO    : [  20.           20.00390625   20.0078125  ... 2047.98828125
 2047.9921875  2047.99609375]
10:46 ninjax INFO    : [ 2.15580501e-23+8.36025275e-23j -9.27684895e-23+5.30039607e-23j
  9.05421724e-24+9.20320421e-23j ...
  4.36049988e-23-5.44664524e-23j -2.93927950e-23+8.97723361e-24j
  4.07051052e-23+8.10977329e-23j]
10:46 ninjax INFO    : [1.44906511e-46 1.44785671e-46 1.44667215e-46 ... 2.17778216e-47
 2.17778992e-47 2.17779767e-47]
10:46 ninjax INFO    : Signal injected in ifo V1. Frequencies, data, and PSD:
10:46 ninjax INFO    : [  20.           20.00390625   20.0078125  ... 2047.98828125
 2047.9921875  2047.99609375]
10:46 ninjax INFO    : [ 5.65302597e-23+7.26493681e-24j  1.50504823e-23+5.47339552e-23j
  3.56259850e-23-1.10745669e-22j ...
  1.07682981e-22+6.61724490e-23j  9.23356490e-23+2.70801118e-25j
 -4.17586670e-23+1.32206880e-22j]
10:46 ninjax INFO    : [1.43183556e-46 1.43058540e-46 1.42935095e-46 ... 6.39793039e-47
 6.39795354e-47 6.39797668e-47]
10:46 ninjax INFO    : SNR for ifo H1 is 1.7100542040023865
10:46 ninjax INFO    : SNR for ifo L1 is 3.0709639010778376
10:46 ninjax INFO    : SNR for ifo V1 is 6.212967241508826
10:46 ninjax INFO    : The network SNR is 7.138351813017571
10:46 ninjax INFO    : The network SNR does not pass the threshold, trying again
10:46 ninjax INFO    : Generating new injection
10:46 ninjax INFO    : Sanity check: generated parameters:
10:46 ninjax INFO    : {'mass_1_source': 2.00134645087378, 'mass_2_source': 1.3354661205668907, 's1_z': 0.00401699123394441, 's2_z': -0.0012701465699213738, 'cos_iota': -0.8044129754161538, 'd_L': 278.843463969439, 't_c': -0.08494400928880848, 'phase_c': 1.953736065550815, 'psi': 2.268194291998127, 'ra': 2.2156354538240732, 'sin_dec': -0.7823068585827877}
10:46 ninjax INFO    : Computing lambdas from EOS file /home/twouters2/projects/projection_BNS_A_plus/src/projection_BNS/data/HQC18.npz . . . 
10:46 ninjax INFO    : Injected lambda_1: 13.85210970908327
10:46 ninjax INFO    : Injected lambda_2: 345.99538567304273
10:46 ninjax INFO    : Duration is not specified in the config. Computed chirp time: for fmin = 20.0 and M_c = 1.5067549405316836 is 128.0
10:46 ninjax INFO    : After transforms, the injection parameters are:
10:46 ninjax INFO    : {'mass_1_source': 2.00134645087378, 'mass_2_source': 1.3354661205668907, 's1_z': 0.00401699123394441, 's2_z': -0.0012701465699213738, 'cos_iota': -0.8044129754161538, 'd_L': 278.843463969439, 't_c': -0.08494400928880848, 'phase_c': 1.953736065550815, 'psi': 2.268194291998127, 'ra': 2.2156354538240732, 'sin_dec': -0.7823068585827877, 'q': 0.6672838278369202, 'M_c': 1.5067549405316836, 'eta': 0.2400443698294558, 'iota': Array(2.50548299, dtype=float64, weak_type=True), 'dec': Array(-0.89836071, dtype=float64, weak_type=True), 'lambda_1': 13.85210970908327, 'lambda_2': 345.99538567304273}
10:46 ninjax INFO    : The trial injection parameters are {'M_c': 1.5067549405316836, 'eta': 0.2400443698294558, 's1_z': 0.00401699123394441, 's2_z': -0.0012701465699213738, 'lambda_1': 13.85210970908327, 'lambda_2': 345.99538567304273, 'd_L': 278.843463969439, 'phase_c': 1.953736065550815, 'iota': 2.505482993301557, 't_c': -0.08494400928880848, 'psi': 2.268194291998127, 'ra': 2.2156354538240732, 'dec': -0.8983607100155513}
10:46 ninjax INFO    : Injecting signals . . .
10:46 ninjax INFO    : self.ifos
10:46 ninjax INFO    : [GroundBased2G(H1), GroundBased2G(L1), GroundBased2G(V1)]
10:46 ninjax INFO    : Signal injected in ifo H1. Frequencies, data, and PSD:
10:46 ninjax INFO    : [  20.          20.0078125   20.015625  ... 2047.9765625
 2047.984375  2047.9921875]
10:46 ninjax INFO    : [-1.57636144e-23-2.26377204e-24j -4.27866818e-23-1.74629858e-23j
  2.86178465e-23+6.94795365e-24j ...
  1.98017736e-23-3.66127591e-23j  5.29071063e-24-2.84260431e-23j
  2.56245476e-23-2.40963021e-23j]
10:46 ninjax INFO    : [1.44906511e-46 1.44667215e-46 1.44435812e-46 ... 2.17775889e-47
 2.17777440e-47 2.17778992e-47]
10:46 ninjax INFO    : Signal injected in ifo L1. Frequencies, data, and PSD:
10:46 ninjax INFO    : [  20.          20.0078125   20.015625  ... 2047.9765625
 2047.984375  2047.9921875]
10:46 ninjax INFO    : [ 1.53895703e-24-1.47931699e-23j -3.83228191e-23+2.27713456e-23j
  6.20405419e-23+4.09135770e-23j ...
  1.27400032e-23-9.97028999e-24j  4.32494237e-25+3.06497969e-23j
  4.53774619e-24-1.84632436e-23j]
10:46 ninjax INFO    : [1.44906511e-46 1.44667215e-46 1.44435812e-46 ... 2.17775889e-47
 2.17777440e-47 2.17778992e-47]
10:46 ninjax INFO    : Signal injected in ifo V1. Frequencies, data, and PSD:
10:46 ninjax INFO    : [  20.          20.0078125   20.015625  ... 2047.9765625
 2047.984375  2047.9921875]
10:46 ninjax INFO    : [ 2.50665983e-24+1.29028564e-23j  1.94132607e-23-5.65086506e-23j
 -2.41151668e-23+5.01653684e-23j ...
  3.20656231e-24+1.50653349e-23j -3.22226846e-24+6.73246473e-23j
 -9.46538187e-24+8.57080894e-24j]
10:46 ninjax INFO    : [1.43183556e-46 1.42935095e-46 1.42688205e-46 ... 6.39786094e-47
 6.39790724e-47 6.39795354e-47]
10:46 ninjax INFO    : SNR for ifo H1 is 13.45135466294378
10:46 ninjax INFO    : SNR for ifo L1 is 9.273716273913584
10:46 ninjax INFO    : SNR for ifo V1 is 8.49542581095133
10:46 ninjax INFO    : The network SNR is 18.415021463651
10:46 ninjax INFO    : Network SNR passes threshold
10:46 ninjax INFO    : Sanity checking the GW injection for ArrayImpl
10:46 ninjax INFO    :    mass_1_source: 2.00134645087378
10:46 ninjax INFO    :    mass_2_source: 1.3354661205668907
10:46 ninjax INFO    :    s1_z: 0.00401699123394441
10:46 ninjax INFO    :    s2_z: -0.0012701465699213738
10:46 ninjax INFO    :    cos_iota: -0.8044129754161538
10:46 ninjax INFO    :    d_L: 278.843463969439
10:46 ninjax INFO    :    t_c: -0.08494400928880848
10:46 ninjax INFO    :    phase_c: 1.953736065550815
10:46 ninjax INFO    :    psi: 2.268194291998127
10:46 ninjax INFO    :    ra: 2.2156354538240732
10:46 ninjax INFO    :    sin_dec: -0.7823068585827877
10:46 ninjax INFO    :    q: 0.6672838278369202
10:46 ninjax INFO    :    M_c: 1.5067549405316836
10:46 ninjax INFO    :    eta: 0.2400443698294558
10:46 ninjax INFO    :    iota: 2.505482993301557
10:46 ninjax INFO    :    dec: -0.8983607100155513
10:46 ninjax INFO    :    lambda_1: 13.85210970908327
10:46 ninjax INFO    :    lambda_2: 345.99538567304273
10:46 ninjax INFO    :    H1_SNR: 13.45135466294378
10:46 ninjax INFO    :    L1_SNR: 9.273716273913584
10:46 ninjax INFO    :    V1_SNR: 8.49542581095133
10:46 ninjax INFO    :    network_SNR: 18.415021463651
10:46 ninjax INFO    :    epoch: 126.0
10:46 ninjax INFO    :    gmst: 2.7288901910520846
10:46 ninjax INFO    :    duration: 128.0
10:46 ninjax INFO    : Using GW HeterodynedTransientLikelihoodFD. Initializing likelihood
10:46 ninjax INFO    : Using the injection parameters as reference parameters for the relative binning
10:46 ninjax INFO    : Using the following kwargs for the GW likelihood: {}
10:48 ninjax INFO    : Initialization of HeterodynedTransientLikelihoodFD took 145.84400415420532 seconds = 2.430733402570089 minutes
10:48 ninjax INFO    : The priors are not modified after their initialization
10:48 ninjax INFO    : Required keys for the likelihood: ['M_c', 'eta', 's1_z', 's2_z', 'lambda_1', 'lambda_2', 'd_L', 'phase_c', 'iota', 't_c', 'psi', 'ra', 'dec']
10:48 ninjax INFO    : Checking the setup between prior, transforms, and likelihood
10:48 ninjax INFO    : sample: {'M_c': Array([1.03903322, 1.79034578, 2.42840993], dtype=float64), 'q': Array([0.61150943, 0.99599038, 0.45643886], dtype=float64), 's1_z': Array([-0.03844982, -0.02368295, -0.02107867], dtype=float64), 's2_z': Array([ 0.01298266, -0.0229015 ,  0.04374476], dtype=float64), 'lambda_1': Array([3065.72032262, 4856.02890908, 4685.44225153], dtype=float64), 'lambda_2': Array([1076.86454089, 3291.22111869, 1254.63022321], dtype=float64), 'cos_iota': Array([-0.92164726,  0.24884348,  0.31294323], dtype=float64), 'd_L': Array([664.34038622, 493.09871565, 506.67194547], dtype=float64), 't_c': Array([-0.07689332, -0.01661021, -0.01557449], dtype=float64), 'phase_c': Array([2.09885645, 4.87166014, 5.46764769], dtype=float64), 'psi': Array([1.90643012, 2.8496551 , 1.81854817], dtype=float64), 'ra': Array([3.38144743, 5.50300795, 5.6811223 ], dtype=float64), 'sin_dec': Array([-0.80751071, -0.06952317, -0.04521105], dtype=float64)}
10:48 ninjax INFO    : log_prob: [-36.72462819 -16.44070763 -25.36248192]
10:48 ninjax INFO    : Checking log_prob at injection parameters: {'mass_1_source': 2.00134645087378, 'mass_2_source': 1.3354661205668907, 's1_z': 0.00401699123394441, 's2_z': -0.0012701465699213738, 'cos_iota': -0.8044129754161538, 'd_L': 278.843463969439, 't_c': -0.08494400928880848, 'phase_c': 1.953736065550815, 'psi': 2.268194291998127, 'ra': 2.2156354538240732, 'sin_dec': -0.7823068585827877, 'q': 0.6672838278369202, 'M_c': 1.5067549405316836, 'eta': 0.2400443698294558, 'iota': Array(2.50548299, dtype=float64, weak_type=True), 'dec': Array(-0.89836071, dtype=float64, weak_type=True), 'lambda_1': 13.85210970908327, 'lambda_2': 345.99538567304273, 'H1_SNR': 13.45135466294378, 'L1_SNR': 9.273716273913584, 'V1_SNR': 8.49542581095133, 'network_SNR': 18.415021463651, 'epoch': 126.0, 'gmst': 2.7288901910520846, 'duration': 128.0}
10:48 ninjax INFO    : log_prob at the injection parameters is: 132.97366498154958
10:48 ninjax INFO    : Will plot these keys: ['M_c', 'q', 's1_z', 's2_z', 'lambda_1', 'lambda_2', 'd_L', 't_c', 'phase_c', 'iota', 'psi', 'ra', 'dec']
10:48 ninjax INFO    : Will plot the labels: ['$M_c/M_\\odot$', '$q$', '$\\chi_1$', '$\\chi_2$', '$\\Lambda_1$', '$\\Lambda_2$', '$d_{\\rm{L}}/{\\rm Mpc}$', '$t_c$', '$\\phi_c$', '$\\iota$', '$\\psi$', '$\\alpha$', '$\\delta$']
10:48 ninjax INFO    : Ninjax setup complete.
10:48 ninjax INFO    : Saving output to ./outdir/injection_3/
10:48 ninjax INFO    : Using polynomial learning rate scheduler
10:48 ninjax INFO    : The hyperparameters passed to flowMC and jim are
10:48 ninjax INFO    :    n_loop_training: 200
10:48 ninjax INFO    :    n_loop_production: 10
10:48 ninjax INFO    :    n_local_steps: 100
10:48 ninjax INFO    :    n_global_steps: 1000
10:48 ninjax INFO    :    n_epochs: 25
10:48 ninjax INFO    :    n_chains: 1000
10:48 ninjax INFO    :    learning_rate: <function polynomial_schedule.<locals>.schedule at 0x15124eb925f0>
10:48 ninjax INFO    :    max_samples: 50000
10:48 ninjax INFO    :    momentum: 0.9
10:48 ninjax INFO    :    batch_size: 30000
10:48 ninjax INFO    :    use_global: True
10:48 ninjax INFO    :    keep_quantile: 0.0
10:48 ninjax INFO    :    train_thinning: 10
10:48 ninjax INFO    :    output_thinning: 50
10:48 ninjax INFO    :    n_sample_max: 10000
10:48 ninjax INFO    :    num_layers: 10
10:48 ninjax INFO    :    hidden_size: [128, 128]
10:48 ninjax INFO    :    num_bins: 8
10:48 ninjax INFO    :    save_training_chains: False
10:48 ninjax INFO    :    eps_mass_matrix: 1e-05
10:48 ninjax INFO    :    use_scheduler: True
10:48 ninjax INFO    :    use_temperature: False
10:48 ninjax INFO    :    which_temperature_schedule: exponential
10:48 ninjax INFO    :    starting_temperature: 2.0
10:48 ninjax INFO    :    stop_tempering_iteration: 75
10:48 ninjax INFO    :    stopping_criterion_global_acc: 0.1
10:48 ninjax INFO    :    stopping_criterion_loss: -inf
10:48 ninjax INFO    :    nf_model_kwargs: {}
10:48 ninjax INFO    :    local sampler arg not shown (pretty print)
10:48 ninjax INFO    : Fetching the injected values for plotting
Checking the noise that was generated in inject_signal ifo:
[-9.57325009e-24 -3.82510292e-23  2.96677929e-23  4.09848790e-23
 -1.43554573e-23  2.22178381e-23  2.67944404e-23  7.62669588e-23
  2.18190279e-23  1.02803407e-22]
[-2.97600792e-24 -2.17314966e-23  8.11633223e-25 -2.37156469e-23
 -6.25421791e-23 -1.70500133e-23  4.88566008e-23  5.54117423e-23
  3.28884899e-23 -3.13924240e-23]
Checking the noise that was generated in inject_signal ifo:
[ 1.20722357e-24 -4.11456918e-23  5.78406840e-23 -4.92326360e-23
 -1.38339314e-23  1.91610830e-23  5.68201195e-23 -5.66101143e-23
  3.88089177e-23  3.18148673e-23]
[-1.90762971e-23  1.95356519e-23  4.00289090e-23 -3.89016016e-23
 -2.92778978e-23 -5.24177985e-23 -2.91241900e-23 -1.03989696e-23
  1.18893366e-22 -3.84043769e-23]
Checking the noise that was generated in inject_signal ifo:
[ 5.47833703e-25  1.51009573e-23 -2.90687873e-23 -5.12213128e-23
  6.28361800e-23  7.13480775e-23  6.05228816e-23 -3.81151300e-23
 -5.14115087e-23  6.98938346e-23]
[ 8.31004731e-24 -5.90210402e-23  5.07543544e-23 -1.49790802e-23
  2.53851137e-23 -2.79709357e-23  3.63695600e-24  3.43990630e-23
 -6.53274394e-23 -1.57624000e-23]
Checking the noise that was generated in inject_signal ifo:
[-5.47007600e-23  5.43441700e-23 -7.84229037e-23  2.14462465e-23
  5.42069199e-23 -1.41060838e-22 -7.78659939e-23  7.83121314e-23
 -1.05448464e-22 -4.09391863e-23]
[-3.02930540e-24  2.34832897e-23 -1.42168806e-25 -3.90806948e-23
 -2.65380744e-23 -2.03566709e-23 -1.06660270e-23  5.92483952e-24
 -1.72830547e-23 -1.89851133e-23]
Checking the noise that was generated in inject_signal ifo:
[ 2.11377343e-23 -9.14261452e-23  7.90157435e-24 -2.20229842e-23
  5.85296000e-24  1.86332906e-23  5.95265945e-23  4.63082966e-23
 -3.00892235e-23 -9.10386452e-24]
[ 8.49550541e-23  5.25531977e-23  9.12101100e-23  9.04633250e-24
  8.93536496e-23  2.95846341e-23  3.08437412e-23 -3.28184040e-23
  7.20955525e-23 -8.19049052e-24]
Checking the noise that was generated in inject_signal ifo:
[ 5.29405232e-23  1.76330112e-23  3.61815722e-23  2.39560796e-23
  3.86957923e-23  8.09246550e-23  4.71285781e-23 -5.21446746e-23
 -7.67581079e-23 -1.04199165e-22]
[ 7.85752963e-24  5.72955682e-23 -1.14339635e-22  4.19290500e-23
 -1.89062621e-23 -2.19532657e-23  5.12774925e-23  5.40863038e-23
  6.64667114e-23  1.28150564e-22]
Checking the noise that was generated in inject_signal ifo:
[-5.47007600e-23  5.43441700e-23 -7.84229037e-23  2.14462465e-23
  5.42069199e-23 -1.41060838e-22 -7.78659939e-23  7.83121314e-23
 -1.05448464e-22 -4.09391863e-23]
[-3.02930540e-24  2.34832897e-23 -1.42168806e-25 -3.90806948e-23
 -2.65380744e-23 -2.03566709e-23 -1.06660270e-23  5.92483952e-24
 -1.72830547e-23 -1.89851133e-23]
Checking the noise that was generated in inject_signal ifo:
[ 2.11377343e-23 -9.14261452e-23  7.90157435e-24 -2.20229842e-23
  5.85296000e-24  1.86332906e-23  5.95265945e-23  4.63082966e-23
 -3.00892235e-23 -9.10386452e-24]
[ 8.49550541e-23  5.25531977e-23  9.12101100e-23  9.04633250e-24
  8.93536496e-23  2.95846341e-23  3.08437412e-23 -3.28184040e-23
  7.20955525e-23 -8.19049052e-24]
Checking the noise that was generated in inject_signal ifo:
[ 5.29405232e-23  1.76330112e-23  3.61815722e-23  2.39560796e-23
  3.86957923e-23  8.09246550e-23  4.71285781e-23 -5.21446746e-23
 -7.67581079e-23 -1.04199165e-22]
[ 7.85752963e-24  5.72955682e-23 -1.14339635e-22  4.19290500e-23
 -1.89062621e-23 -2.19532657e-23  5.12774925e-23  5.40863038e-23
  6.64667114e-23  1.28150564e-22]
Checking the noise that was generated in inject_signal ifo:
[-9.57325009e-24 -3.82510292e-23  2.96677929e-23  4.09848790e-23
 -1.43554573e-23  2.22178381e-23  2.67944404e-23  7.62669588e-23
  2.18190279e-23  1.02803407e-22]
[-2.97600792e-24 -2.17314966e-23  8.11633223e-25 -2.37156469e-23
 -6.25421791e-23 -1.70500133e-23  4.88566008e-23  5.54117423e-23
  3.28884899e-23 -3.13924240e-23]
Checking the noise that was generated in inject_signal ifo:
[ 1.20722357e-24 -4.11456918e-23  5.78406840e-23 -4.92326360e-23
 -1.38339314e-23  1.91610830e-23  5.68201195e-23 -5.66101143e-23
  3.88089177e-23  3.18148673e-23]
[-1.90762971e-23  1.95356519e-23  4.00289090e-23 -3.89016016e-23
 -2.92778978e-23 -5.24177985e-23 -2.91241900e-23 -1.03989696e-23
  1.18893366e-22 -3.84043769e-23]
Checking the noise that was generated in inject_signal ifo:
[ 5.47833703e-25  1.51009573e-23 -2.90687873e-23 -5.12213128e-23
  6.28361800e-23  7.13480775e-23  6.05228816e-23 -3.81151300e-23
 -5.14115087e-23  6.98938346e-23]
[ 8.31004731e-24 -5.90210402e-23  5.07543544e-23 -1.49790802e-23
  2.53851137e-23 -2.79709357e-23  3.63695600e-24  3.43990630e-23
 -6.53274394e-23 -1.57624000e-23]
Checking the noise that was generated in inject_signal ifo:
[-9.57325009e-24 -3.82510292e-23  2.96677929e-23  4.09848790e-23
 -1.43554573e-23  2.22178381e-23  2.67944404e-23  7.62669588e-23
  2.18190279e-23  1.02803407e-22]
[-2.97600792e-24 -2.17314966e-23  8.11633223e-25 -2.37156469e-23
 -6.25421791e-23 -1.70500133e-23  4.88566008e-23  5.54117423e-23
  3.28884899e-23 -3.13924240e-23]
Checking the noise that was generated in inject_signal ifo:
[ 1.20722357e-24 -4.11456918e-23  5.78406840e-23 -4.92326360e-23
 -1.38339314e-23  1.91610830e-23  5.68201195e-23 -5.66101143e-23
  3.88089177e-23  3.18148673e-23]
[-1.90762971e-23  1.95356519e-23  4.00289090e-23 -3.89016016e-23
 -2.92778978e-23 -5.24177985e-23 -2.91241900e-23 -1.03989696e-23
  1.18893366e-22 -3.84043769e-23]
Checking the noise that was generated in inject_signal ifo:
[ 5.47833703e-25  1.51009573e-23 -2.90687873e-23 -5.12213128e-23
  6.28361800e-23  7.13480775e-23  6.05228816e-23 -3.81151300e-23
 -5.14115087e-23  6.98938346e-23]
[ 8.31004731e-24 -5.90210402e-23  5.07543544e-23 -1.49790802e-23
  2.53851137e-23 -2.79709357e-23  3.63695600e-24  3.43990630e-23
 -6.53274394e-23 -1.57624000e-23]
Checking the noise that was generated in inject_signal ifo:
[-5.47007600e-23  5.43441700e-23 -7.84229037e-23  2.14462465e-23
  5.42069199e-23 -1.41060838e-22 -7.78659939e-23  7.83121314e-23
 -1.05448464e-22 -4.09391863e-23]
[-3.02930540e-24  2.34832897e-23 -1.42168806e-25 -3.90806948e-23
 -2.65380744e-23 -2.03566709e-23 -1.06660270e-23  5.92483952e-24
 -1.72830547e-23 -1.89851133e-23]
Checking the noise that was generated in inject_signal ifo:
[ 2.11377343e-23 -9.14261452e-23  7.90157435e-24 -2.20229842e-23
  5.85296000e-24  1.86332906e-23  5.95265945e-23  4.63082966e-23
 -3.00892235e-23 -9.10386452e-24]
[ 8.49550541e-23  5.25531977e-23  9.12101100e-23  9.04633250e-24
  8.93536496e-23  2.95846341e-23  3.08437412e-23 -3.28184040e-23
  7.20955525e-23 -8.19049052e-24]
Checking the noise that was generated in inject_signal ifo:
[ 5.29405232e-23  1.76330112e-23  3.61815722e-23  2.39560796e-23
  3.86957923e-23  8.09246550e-23  4.71285781e-23 -5.21446746e-23
 -7.67581079e-23 -1.04199165e-22]
[ 7.85752963e-24  5.72955682e-23 -1.14339635e-22  4.19290500e-23
 -1.89062621e-23 -2.19532657e-23  5.12774925e-23  5.40863038e-23
  6.64667114e-23  1.28150564e-22]
Checking the noise that was generated in inject_signal ifo:
[-9.57325009e-24 -3.82510292e-23  2.96677929e-23  4.09848790e-23
 -1.43554573e-23  2.22178381e-23  2.67944404e-23  7.62669588e-23
  2.18190279e-23  1.02803407e-22]
[-2.97600792e-24 -2.17314966e-23  8.11633223e-25 -2.37156469e-23
 -6.25421791e-23 -1.70500133e-23  4.88566008e-23  5.54117423e-23
  3.28884899e-23 -3.13924240e-23]
Checking the noise that was generated in inject_signal ifo:
[ 1.20722357e-24 -4.11456918e-23  5.78406840e-23 -4.92326360e-23
 -1.38339314e-23  1.91610830e-23  5.68201195e-23 -5.66101143e-23
  3.88089177e-23  3.18148673e-23]
[-1.90762971e-23  1.95356519e-23  4.00289090e-23 -3.89016016e-23
 -2.92778978e-23 -5.24177985e-23 -2.91241900e-23 -1.03989696e-23
  1.18893366e-22 -3.84043769e-23]
Checking the noise that was generated in inject_signal ifo:
[ 5.47833703e-25  1.51009573e-23 -2.90687873e-23 -5.12213128e-23
  6.28361800e-23  7.13480775e-23  6.05228816e-23 -3.81151300e-23
 -5.14115087e-23  6.98938346e-23]
[ 8.31004731e-24 -5.90210402e-23  5.07543544e-23 -1.49790802e-23
  2.53851137e-23 -2.79709357e-23  3.63695600e-24  3.43990630e-23
 -6.53274394e-23 -1.57624000e-23]
NOTE: we are given a reference waveform!
Initializing heterodyned likelihood..
Comparing against relative binning in bilby
Using 5941 bins for relative binning for epsilon 0.01
Time for binning scheme: 0.10825324058532715 seconds
Using provided reference parameters:
ref_params for relative binning:
{'mass_1_source': 2.00134645087378, 'mass_2_source': 1.3354661205668907, 's1_z': 0.00401699123394441, 's2_z': -0.0012701465699213738, 'cos_iota': -0.8044129754161538, 'd_L': 278.843463969439, 't_c': -0.08494400928880848, 'phase_c': 1.953736065550815, 'psi': 2.268194291998127, 'ra': 2.2156354538240732, 'sin_dec': -0.7823068585827877, 'q': 0.6672838278369202, 'M_c': 1.5067549405316836, 'eta': 0.2400443698294558, 'iota': Array(2.50548299, dtype=float64, weak_type=True), 'dec': Array(-0.89836071, dtype=float64, weak_type=True), 'lambda_1': 13.85210970908327, 'lambda_2': 345.99538567304273, 'H1_SNR': 13.45135466294378, 'L1_SNR': 9.273716273913584, 'V1_SNR': 8.49542581095133, 'network_SNR': 18.415021463651, 'epoch': 126.0, 'gmst': 2.7288901910520846, 'duration': 128.0}
Constructing reference waveforms. . .
Time for reference waveforms: 0.5058941841125488 seconds
Time for h_sky_low and h_sky_center: 5.453850984573364 seconds
Going to compute the masks . . .
Time taken for f_index_array calculation is 0.6793913841247559
Going to compute coefficients . . .
Time for computing coefficients: 124.23768520355225 seconds
Time for computing coefficients: 7.2899627685546875 seconds
Time for computing coefficients: 7.022928714752197 seconds
['M_c', 'eta', 's1_z', 's2_z', 'lambda_1', 'lambda_2', 'd_L', 'phase_c', 'iota', 't_c', 'psi', 'ra', 'dec']
INFO: Using MALA as local sampler
Setting up a single Gaussian distribution
No autotune found, use input sampler_params
Training normalizing flow
Tuning global sampler:   0%|          | 0/200 [00:00<?, ?it/s]Tuning global sampler:   0%|          | 1/200 [02:00<6:41:12, 120.97s/it]Tuning global sampler:   1%|          | 2/200 [02:05<2:53:14, 52.50s/it] Tuning global sampler:   2%|         | 3/200 [02:10<1:40:34, 30.63s/it]Tuning global sampler:   2%|         | 4/200 [02:15<1:07:36, 20.70s/it]Tuning global sampler:   2%|         | 5/200 [02:20<48:24, 14.90s/it]  Tuning global sampler:   3%|         | 6/200 [02:24<36:50, 11.40s/it]Tuning global sampler:   4%|         | 7/200 [02:29<29:26,  9.15s/it]Tuning global sampler:   4%|         | 8/200 [02:33<24:39,  7.70s/it]Tuning global sampler:   4%|         | 9/200 [02:38<21:22,  6.71s/it]Tuning global sampler:   5%|         | 10/200 [02:42<19:01,  6.01s/it]Tuning global sampler:   6%|         | 11/200 [02:47<17:32,  5.57s/it]Tuning global sampler:   6%|         | 12/200 [02:52<16:30,  5.27s/it]Tuning global sampler:   6%|         | 13/200 [02:56<15:45,  5.05s/it]Tuning global sampler:   7%|         | 14/200 [03:01<15:16,  4.93s/it]Tuning global sampler:   8%|         | 15/200 [03:05<14:55,  4.84s/it]Tuning global sampler:   8%|         | 16/200 [03:10<14:39,  4.78s/it]Tuning global sampler:   8%|         | 17/200 [03:15<14:26,  4.73s/it]Tuning global sampler:   9%|         | 18/200 [03:19<14:16,  4.70s/it]Tuning global sampler:  10%|         | 19/200 [03:25<14:56,  4.95s/it]Tuning global sampler:  10%|         | 20/200 [03:29<14:34,  4.86s/it]Tuning global sampler:  10%|         | 21/200 [03:34<14:17,  4.79s/it]Tuning global sampler:  11%|         | 22/200 [03:39<14:01,  4.73s/it]Tuning global sampler:  12%|        | 23/200 [03:43<13:50,  4.69s/it]Tuning global sampler:  12%|        | 24/200 [03:48<13:31,  4.61s/it]Tuning global sampler:  12%|        | 25/200 [03:52<13:14,  4.54s/it]Tuning global sampler:  13%|        | 26/200 [03:56<13:01,  4.49s/it]Tuning global sampler:  14%|        | 27/200 [04:01<12:52,  4.46s/it]Tuning global sampler:  14%|        | 28/200 [04:05<12:43,  4.44s/it]Tuning global sampler:  14%|        | 29/200 [04:10<12:36,  4.42s/it]Tuning global sampler:  15%|        | 30/200 [04:14<12:30,  4.42s/it]Tuning global sampler:  16%|        | 31/200 [04:18<12:24,  4.41s/it]Tuning global sampler:  16%|        | 32/200 [04:23<12:18,  4.40s/it]Tuning global sampler:  16%|        | 33/200 [04:27<12:11,  4.38s/it]Tuning global sampler:  17%|        | 34/200 [04:32<12:05,  4.37s/it]Tuning global sampler:  18%|        | 35/200 [04:36<12:02,  4.38s/it]Tuning global sampler:  18%|        | 36/200 [04:40<11:58,  4.38s/it]Tuning global sampler:  18%|        | 37/200 [04:45<11:54,  4.38s/it]Tuning global sampler:  19%|        | 38/200 [04:50<12:34,  4.66s/it]Tuning global sampler:  20%|        | 39/200 [04:54<12:16,  4.58s/it]Tuning global sampler:  20%|        | 40/200 [04:59<12:02,  4.52s/it]Tuning global sampler:  20%|        | 41/200 [05:03<11:51,  4.48s/it]Tuning global sampler:  21%|        | 42/200 [05:08<11:43,  4.45s/it]Tuning global sampler:  22%|       | 43/200 [05:12<11:36,  4.43s/it]Tuning global sampler:  22%|       | 44/200 [05:16<11:28,  4.41s/it]Tuning global sampler:  22%|       | 45/200 [05:21<11:20,  4.39s/it]Tuning global sampler:  23%|       | 46/200 [05:25<11:15,  4.39s/it]Tuning global sampler:  24%|       | 47/200 [05:29<11:11,  4.39s/it]Tuning global sampler:  24%|       | 48/200 [05:34<11:06,  4.39s/it]Tuning global sampler:  24%|       | 49/200 [05:38<11:03,  4.39s/it]Tuning global sampler:  25%|       | 50/200 [05:43<10:58,  4.39s/it]Tuning global sampler:  26%|       | 51/200 [05:47<10:54,  4.39s/it]Tuning global sampler:  26%|       | 52/200 [05:51<10:49,  4.39s/it]Tuning global sampler:  26%|       | 53/200 [05:56<10:45,  4.39s/it]Tuning global sampler:  27%|       | 54/200 [06:00<10:41,  4.40s/it]Tuning global sampler:  28%|       | 55/200 [06:04<10:35,  4.38s/it]Tuning global sampler:  28%|       | 56/200 [06:09<10:30,  4.38s/it]Tuning global sampler:  28%|       | 57/200 [06:13<10:28,  4.39s/it]Tuning global sampler:  29%|       | 58/200 [06:19<11:04,  4.68s/it]Tuning global sampler:  30%|       | 59/200 [06:23<10:47,  4.59s/it]Tuning global sampler:  30%|       | 60/200 [06:27<10:34,  4.53s/it]Tuning global sampler:  30%|       | 61/200 [06:32<10:23,  4.49s/it]Tuning global sampler:  31%|       | 62/200 [06:36<10:15,  4.46s/it]Tuning global sampler:  32%|      | 63/200 [06:41<10:08,  4.44s/it]Tuning global sampler:  32%|      | 64/200 [06:45<10:01,  4.42s/it]Tuning global sampler:  32%|      | 65/200 [06:49<09:55,  4.41s/it]Tuning global sampler:  33%|      | 66/200 [06:54<09:48,  4.39s/it]Tuning global sampler:  34%|      | 67/200 [06:58<09:42,  4.38s/it]Tuning global sampler:  34%|      | 68/200 [07:02<09:38,  4.39s/it]Tuning global sampler:  34%|      | 69/200 [07:07<09:34,  4.39s/it]Tuning global sampler:  35%|      | 70/200 [07:11<09:31,  4.39s/it]Tuning global sampler:  35%|      | 70/200 [07:16<13:30,  6.23s/it]
Compiling MALA body
Early stopping: global acceptance target rate achieved
Starting Production run
Production run:   0%|          | 0/10 [00:00<?, ?it/s]Production run:  10%|         | 1/10 [00:03<00:28,  3.21s/it]Production run:  20%|        | 2/10 [00:06<00:25,  3.21s/it]Production run:  30%|       | 3/10 [00:09<00:22,  3.21s/it]Production run:  40%|      | 4/10 [00:12<00:19,  3.21s/it]Production run:  50%|     | 5/10 [00:16<00:16,  3.21s/it]Production run:  60%|    | 6/10 [00:19<00:12,  3.21s/it]Production run:  70%|   | 7/10 [00:22<00:09,  3.21s/it]Production run:  80%|  | 8/10 [00:25<00:06,  3.21s/it]Production run:  90%| | 9/10 [00:28<00:03,  3.21s/it]Production run: 100%|| 10/10 [00:32<00:00,  3.21s/it]Production run: 100%|| 10/10 [00:32<00:00,  3.21s/it]
10:56 ninjax INFO    : Saving samples to ./outdir/injection_3/results_training.npz
10:56 ninjax INFO    : Saving the NF
10:56 ninjax INFO    : Time taken: 482.0262506008148 seconds (8.033770843346913 minutes)
10:56 ninjax INFO    : Creating the final corner plot
10:56 ninjax INFO    : Dumping the final production chains
10:56 ninjax INFO    : Chains shape is: (13, 220000)
10:56 ninjax INFO    : Key: M_c: ESS = 26591, Rhat = 1.024343019789968
10:56 ninjax INFO    : Key: q: ESS = 17329, Rhat = 1.035994222068348
10:56 ninjax INFO    : Key: s1_z: ESS = 22645, Rhat = 1.0286350364563246
10:56 ninjax INFO    : Key: s2_z: ESS = 20448, Rhat = 1.0302178052469793
10:56 ninjax INFO    : Key: lambda_1: ESS = 26966, Rhat = 1.0231062713724144
10:56 ninjax INFO    : Key: lambda_2: ESS = 24571, Rhat = 1.0254014595002732
10:56 ninjax INFO    : Key: cos_iota: ESS = 18441, Rhat = 1.0332553940522373
10:56 ninjax INFO    : Key: d_L: ESS = 20006, Rhat = 1.031048129266225
10:56 ninjax INFO    : Key: t_c: ESS = 30679, Rhat = 1.0210200522964865
10:56 ninjax INFO    : Key: phase_c: ESS = 22930, Rhat = 1.0271095807718802
10:56 ninjax INFO    : Key: psi: ESS = 31573, Rhat = 1.0221583077125582
10:56 ninjax INFO    : Key: ra: ESS = 26964, Rhat = 1.0226674804458082
10:56 ninjax INFO    : Key: sin_dec: ESS = 23756, Rhat = 1.0255664261006219
10:56 ninjax INFO    : Key: eta: ESS = 17329, Rhat = 1.035994222068348
10:56 ninjax INFO    : Key: iota: ESS = 18441, Rhat = 1.033255394052237
10:56 ninjax INFO    : Key: dec: ESS = 23756, Rhat = 1.0255664261006219
10:56 ninjax INFO    : Finished successfully!
Training summary
==========
M_c: 1.534 +/- 0.208
q: 0.734 +/- 0.205
s1_z: 0.003 +/- 0.027
s2_z: -0.003 +/- 0.027
lambda_1: 1960.162 +/- 1564.589
lambda_2: 2096.215 +/- 1462.719
cos_iota: -0.373 +/- 0.501
d_L: 533.888 +/- 251.736
t_c: -0.067 +/- 0.039
phase_c: 3.100 +/- 1.845
psi: 1.551 +/- 0.882
ra: 2.418 +/- 0.982
sin_dec: -0.561 +/- 0.442
Log probability: 55.141 +/- 60.770
Local acceptance: 0.923 +/- 0.266
Global acceptance: 0.013 +/- 0.113
Max loss: 22.800, Min loss: 7.575
Production summary
==========
M_c: 1.507 +/- 0.000
q: 0.780 +/- 0.120
s1_z: -0.005 +/- 0.026
s2_z: -0.006 +/- 0.027
lambda_1: 309.213 +/- 322.622
lambda_2: 670.105 +/- 630.259
cos_iota: -0.768 +/- 0.194
d_L: 284.522 +/- 55.851
t_c: -0.084 +/- 0.001
phase_c: 3.053 +/- 1.810
psi: 1.552 +/- 0.890
ra: 2.207 +/- 0.016
sin_dec: -0.775 +/- 0.019
Log probability: 130.700 +/- 2.686
Local acceptance: 0.801 +/- 0.399
Global acceptance: 0.108 +/- 0.310
DONE

JOB STATISTICS
==============
Job ID: 10858902
Cluster: snellius
User/Group: twouters2/twouters2
State: RUNNING
Nodes: 1
Cores per node: 16
CPU Utilized: 00:00:00
CPU Efficiency: 0.00% of 03:04:00 core-walltime
Job Wall-clock time: 00:11:30
Memory Utilized: 0.00 MB (estimated maximum)
Memory Efficiency: 0.00% of 10.00 GB (10.00 GB/node)
WARNING: Efficiency statistics may be misleading for RUNNING jobs.
