Mon Mar 31 13:19:52 CEST 2025
NVIDIA H100
GPU found?
[CudaDevice(id=0)]
GPU found?
[CudaDevice(id=0)]
Ignoring the Q and Z NEP parameters
Using CSE grid with 8 points
Fixed params loaded inside the MicroToMacroTransform:
    E_sat: -16.0
Traceback (most recent call last):
  File "/gpfs/home6/twouters2/projects/projection_BNS_A_plus/src/projection_BNS/EOS/inference.py", line 385, in <module>
    main(args)
  File "/gpfs/home6/twouters2/projects/projection_BNS_A_plus/src/projection_BNS/EOS/inference.py", line 207, in main
    likelihoods_list_GW = [utils.GWlikelihood_with_masses(args.eos, idx) for idx in args.id_list]
  File "/gpfs/home6/twouters2/projects/projection_BNS_A_plus/src/projection_BNS/EOS/inference.py", line 207, in <listcomp>
    likelihoods_list_GW = [utils.GWlikelihood_with_masses(args.eos, idx) for idx in args.id_list]
TypeError: GWlikelihood_with_masses.__init__() missing 1 required positional argument: 'id'
DONE

JOB STATISTICS
==============
Job ID: 10886499
Cluster: snellius
User/Group: twouters2/twouters2
State: RUNNING
Nodes: 1
Cores per node: 16
CPU Utilized: 00:00:00
CPU Efficiency: 0.00% of 00:07:28 core-walltime
Job Wall-clock time: 00:00:28
Memory Utilized: 0.00 MB
Memory Efficiency: 0.00% of 20.00 GB (20.00 GB/node)
WARNING: Efficiency statistics can only be obtained after the job has ended as seff tool is based on the accounting database data.
