Tue Apr  1 15:34:28 CEST 2025
NVIDIA H100
/gpfs/home6/twouters2/ninjax_dev/jim/src/jimgw/prior.py:94: UserWarning: As of jaxtyping version 0.2.24, jaxtyping now prefers the syntax
```
from jaxtyping import jaxtyped
# Use your favourite typechecker: usually one of the two lines below.
from typeguard import typechecked as typechecker
from beartype import beartype as typechecker

@jaxtyped(typechecker=typechecker)
def foo(...):
```
and the old double-decorator syntax
```
@jaxtyped
@typechecker
def foo(...):
```
should no longer be used. (It will continue to work as it did before, but the new approach will produce more readable error messages.)
In particular note that `typechecker` must be passed via keyword argument; the following is not valid:
```
@jaxtyped(typechecker)
def foo(...):
```

  class Uniform(Prior):
/gpfs/home6/twouters2/ninjax_dev/jim/src/jimgw/prior.py:149: UserWarning: As of jaxtyping version 0.2.24, jaxtyping now prefers the syntax
```
from jaxtyping import jaxtyped
# Use your favourite typechecker: usually one of the two lines below.
from typeguard import typechecked as typechecker
from beartype import beartype as typechecker

@jaxtyped(typechecker=typechecker)
def foo(...):
```
and the old double-decorator syntax
```
@jaxtyped
@typechecker
def foo(...):
```
should no longer be used. (It will continue to work as it did before, but the new approach will produce more readable error messages.)
In particular note that `typechecker` must be passed via keyword argument; the following is not valid:
```
@jaxtyped(typechecker)
def foo(...):
```

  class Unconstrained_Uniform(Prior):
/gpfs/home6/twouters2/ninjax_dev/jim/src/jimgw/prior.py:263: UserWarning: As of jaxtyping version 0.2.24, jaxtyping now prefers the syntax
```
from jaxtyping import jaxtyped
# Use your favourite typechecker: usually one of the two lines below.
from typeguard import typechecked as typechecker
from beartype import beartype as typechecker

@jaxtyped(typechecker=typechecker)
def foo(...):
```
and the old double-decorator syntax
```
@jaxtyped
@typechecker
def foo(...):
```
should no longer be used. (It will continue to work as it did before, but the new approach will produce more readable error messages.)
In particular note that `typechecker` must be passed via keyword argument; the following is not valid:
```
@jaxtyped(typechecker)
def foo(...):
```

  class AlignedSpin(Prior):
/gpfs/home6/twouters2/ninjax_dev/jim/src/jimgw/prior.py:377: UserWarning: As of jaxtyping version 0.2.24, jaxtyping now prefers the syntax
```
from jaxtyping import jaxtyped
# Use your favourite typechecker: usually one of the two lines below.
from typeguard import typechecked as typechecker
from beartype import beartype as typechecker

@jaxtyped(typechecker=typechecker)
def foo(...):
```
and the old double-decorator syntax
```
@jaxtyped
@typechecker
def foo(...):
```
should no longer be used. (It will continue to work as it did before, but the new approach will produce more readable error messages.)
In particular note that `typechecker` must be passed via keyword argument; the following is not valid:
```
@jaxtyped(typechecker)
def foo(...):
```

  class PowerLaw(Prior):
/gpfs/home6/twouters2/ninjax_dev/jim/src/jimgw/single_event/detector.py:496: UserWarning: As of jaxtyping version 0.2.24, jaxtyping now prefers the syntax
```
from jaxtyping import jaxtyped
# Use your favourite typechecker: usually one of the two lines below.
from typeguard import typechecked as typechecker
from beartype import beartype as typechecker

@jaxtyped(typechecker=typechecker)
def foo(...):
```
and the old double-decorator syntax
```
@jaxtyped
@typechecker
def foo(...):
```
should no longer be used. (It will continue to work as it did before, but the new approach will produce more readable error messages.)
In particular note that `typechecker` must be passed via keyword argument; the following is not valid:
```
@jaxtyped(typechecker)
def foo(...):
```

  def load_psd(
15:34 ninjax INFO    : Checking and setting outdir
15:34 ninjax INFO    : Found generation prior file ./Aplus/injection_19/generation_prior.prior
15:34 ninjax INFO    : The outdir is set to ./Aplus/injection_19
15:34 ninjax INFO    : Loading the given config
15:34 ninjax WARNING : Unrecognized keys given: {'generation_seed', 'n_max_examples'}. These will be ignored
15:34 ninjax INFO    : Arguments loaded into the config: {'likelihood': 'HeterodynedTransientLikelihoodFD', 'gw_injection': 'True', 'gw_load_existing_injection': 'False', 'gw_dump_injection_data': 'False', 'gw_SNR_threshold_low': '30.0', 'gw_SNR_threshold_high': '100', 'waveform_approximant': 'IMRPhenomD_NRTidalv2', 'waveform_approximant_1': 'None', 'waveform_approximant_2': 'None', 'gw_overlapping_tight_priors': 'False', 'ifos': 'H1,L1,V1', 'eos_file': '/home/twouters2/projects/projection_BNS_A_plus/src/projection_BNS/data/MPA1.npz', 'fmin': '20.0', 'fref': '20.0', 'fmax': '2048.0', 'duration': 'None', 'post_trigger_duration': '2.0', 'trigger_time': '1187008882.4', 'psd_file_H1': '/home/twouters2/projects/projection_BNS_A_plus/src/projection_BNS/data/AplusDesign_PSD.txt', 'psd_file_L1': '/home/twouters2/projects/projection_BNS_A_plus/src/projection_BNS/data/AplusDesign_PSD.txt', 'psd_file_V1': '/home/twouters2/projects/projection_BNS_A_plus/src/projection_BNS/data/avirgo_O5high_NEW_PSD.txt', 'psd_file_ET1': '/home/twouters2/psds/ET_D_psd.txt', 'psd_file_ET2': '/home/twouters2/psds/ET_D_psd.txt', 'psd_file_ET3': '/home/twouters2/psds/ET_D_psd.txt', 'psd_file_CE': '/home/twouters2/psds/CE_psd.txt', 'data_file_H1': 'None', 'data_file_L1': 'None', 'data_file_V1': 'None', 'data_file_ET1': 'None', 'data_file_ET2': 'None', 'data_file_ET3': 'None', 'relative_binning_binsize': '1000', 'relative_binning_ref_params_equal_true_params': 'True', 'relative_binning_ref_params': 'None', 'transforms': 'q_to_eta,cos_iota_to_iota,sin_dec_to_dec', 'gw_kwargs': 'None', 'filters': 'None', 'tmin': '0.05', 'tmax': '15.0', 'em_injection': 'False', 'em_trigger_time': '0.0', 'em_data_path': 'None', 'KN_model_name': 'None', 'KN_class_name': 'None', 'KN_model_dir': 'None', 'GRB_model_name': 'None', 'GRB_class_name': 'None', 'GRB_model_dir': 'None', 'detection_limit': 'None', 'n_loop_training': '200', 'n_loop_production': '10', 'n_local_steps': '100', 'n_global_steps': '1_000', 'n_epochs': '25', 'n_chains': '1_000', 'learning_rate': '0.001', 'max_samples': '50000', 'momentum': '0.9', 'batch_size': '30000', 'use_global': 'True', 'keep_quantile': '0.0', 'train_thinning': '10', 'output_thinning': '50', 'n_sample_max': '10000', 'verbose': 'False', 'save_training_chains': 'False', 'eps_mass_matrix': '1e-5', 'use_scheduler': 'True', 'use_temperature': 'False', 'which_temperature_schedule': 'exponential', 'starting_temperature': '2.0', 'stop_tempering_iteration': '75', 'stopping_criterion_global_acc': '0.10', 'stopping_criterion_loss': '-inf', 'seed': '123', 'sampling_seed': '123', 'injection_generation_seed': 'None', 'num_layers': '10', 'hidden_size': '128,128', 'num_bins': '8', 'nf_model_kwargs': 'None', 'run_sampler': 'True', 'keys_to_plot': 'M_c, q, s1_z, s2_z, lambda_1, lambda_2, d_L, t_c, phase_c, iota, psi, ra, dec'}
15:34 ninjax INFO    : Complete config file written to /gpfs/home6/twouters2/projects/projection_BNS_A_plus/src/projection_BNS/GW/MPA1/Aplus/injection_19/complete_config.json
15:34 ninjax INFO    : No injection_generation_seed specified. Generating a random injection_generation_seed: 26925
15:34 ninjax INFO    : Loading the priors
15:34 ninjax INFO    : Setting up the prior
15:34 ninjax INFO    :    Mc_prior = Uniform(0.98, 2.6, naming=["M_c"])
15:34 ninjax INFO    :    q_prior = Uniform(0.125, 1.0, naming=["q"])
15:34 ninjax INFO    :    s1_z_prior = Uniform(-0.05, 0.05, naming=["s1_z"])
15:34 ninjax INFO    :    s2_z_prior = Uniform(-0.05, 0.05, naming=["s2_z"])
15:34 ninjax INFO    :    lambda1_prior = Uniform(0.0, 5000.0, naming=["lambda_1"])
15:34 ninjax INFO    :    lambda2_prior = Uniform(0.0, 5000.0, naming=["lambda_2"])
15:34 ninjax INFO    :    cos_iota_prior = Uniform(-1.0, 1.0, naming=["cos_iota"])
15:34 ninjax INFO    :    dL_prior = PowerLaw(10.0, 1000.0, 2.0, naming=["d_L"])
15:34 ninjax INFO    :    t_c_prior = Uniform(-0.1, 0.1, naming=["t_c"])
15:34 ninjax INFO    :    phase_c_prior = Uniform(0.0, 2 * jnp.pi, naming=["phase_c"])
15:34 ninjax INFO    :    psi_prior = Uniform(0.0, jnp.pi, naming=["psi"])
15:34 ninjax INFO    :    ra_prior = Uniform(0.0, 2 * jnp.pi, naming=["ra"])
15:34 ninjax INFO    :    sin_dec_prior = Uniform(-1.0, 1.0, naming=["sin_dec"])
15:34 ninjax INFO    : Setting up the generation prior
15:34 ninjax INFO    :    mass_1_source_prior = Uniform(1.0, 2.468645554845655, naming=["mass_1_source"])
15:34 ninjax INFO    :    mass_2_source_prior = Uniform(1.0, 2.468645554845655, naming=["mass_2_source"])
15:34 ninjax INFO    :    s1_z_prior = Uniform(-0.05, 0.05, naming=["s1_z"])
15:34 ninjax INFO    :    s2_z_prior = Uniform(-0.05, 0.05, naming=["s2_z"])
15:34 ninjax INFO    :    cos_iota_prior = Uniform(-1.0, 1.0, naming=["cos_iota"])
15:34 ninjax INFO    :    dL_prior = PowerLaw(10.0, 460.0, 2.0, naming=["d_L"])
15:34 ninjax INFO    :    t_c_prior = Uniform(-0.1, 0.1, naming=["t_c"])
15:34 ninjax INFO    :    phase_c_prior = Uniform(0.0, 2 * jnp.pi, naming=["phase_c"])
15:34 ninjax INFO    :    psi_prior = Uniform(0.0, jnp.pi, naming=["psi"])
15:34 ninjax INFO    :    ra_prior = Uniform(0.0, 2 * jnp.pi, naming=["ra"])
15:34 ninjax INFO    :    sin_dec_prior = Uniform(-1.0, 1.0, naming=["sin_dec"])
15:34 ninjax INFO    : Finished prior setup
15:34 ninjax INFO    : Setting the transforms
15:34 ninjax INFO    : Raw transforms list is q_to_eta,cos_iota_to_iota,sin_dec_to_dec
15:34 ninjax INFO    : transforms_str_list has 3 elements
15:34 ninjax INFO    : DEBUG: Checking that all_transforms is OK: the list is ['binary_Love', 'binary_love_fit', 'cos_iota1_to_iota1', 'cos_iota2_to_iota2', 'cos_iota_to_iota', 'log_lambda_to_lambda', 'm1_m2_to_Mc_q', 'q1_to_eta1', 'q2_to_eta2', 'q_to_eta', 'sin_dec1_to_dec1', 'sin_dec2_to_dec2', 'sin_dec_to_dec', 'spin_sphere_to_cartesian_s1', 'spin_sphere_to_cartesian_s2', 'swap_lambdas_eos', 't_c_dt_to_tcs']
15:34 ninjax INFO    : Setting the likelihood
15:34 ninjax INFO    : GW likelihood provided, setting up the GW pipe
15:34 ninjax INFO    : eos_file is /home/twouters2/projects/projection_BNS_A_plus/src/projection_BNS/data/MPA1.npz
15:34 ninjax INFO    : Using eos_file /home/twouters2/projects/projection_BNS_A_plus/src/projection_BNS/data/MPA1.npz for BNS injections
15:34 ninjax INFO    : Note: No specific waveform approximant 1 so defaulting to IMRPhenomD_NRTidalv2
15:34 ninjax INFO    : self.is_BNS_run is True
15:34 ninjax INFO    : Using IMRPhenomD_NRTidalv2 waveform. Therefore, we will use no taper as the reference waveform for the likelihood if relative binning is used
15:34 ninjax INFO    : GW run is an injection
15:34 ninjax INFO    : Setting up GW injection . . . 
15:34 ninjax INFO    : The SNR thresholds are: 30.0 - 100.0
15:34 ninjax INFO    : Generating new injection
15:34 ninjax INFO    : Sanity check: generated parameters:
15:34 ninjax INFO    : {'mass_1_source': 1.6031548987778486, 'mass_2_source': 1.341307355393092, 's1_z': -0.029401324675589383, 's2_z': -0.012741658017180746, 'cos_iota': -0.8076912973317674, 'd_L': 362.2452841362055, 't_c': 0.0787809078680562, 'phase_c': 3.250964583888023, 'psi': 2.738677736494183, 'ra': 4.402556206421835, 'sin_dec': 0.9574967717870932}
15:34 ninjax INFO    : Computing lambdas from EOS file /home/twouters2/projects/projection_BNS_A_plus/src/projection_BNS/data/MPA1.npz . . . 
15:34 ninjax INFO    : Injected lambda_1: 227.31540512595674
15:34 ninjax INFO    : Injected lambda_2: 654.6882642178051
15:34 ninjax INFO    : Duration is not specified in the config. Computed chirp time: for fmin = 20.0 and M_c = 1.3799672297339414 is 256.0
15:34 ninjax INFO    : After transforms, the injection parameters are:
15:34 ninjax INFO    : {'mass_1_source': 1.6031548987778486, 'mass_2_source': 1.341307355393092, 's1_z': -0.029401324675589383, 's2_z': -0.012741658017180746, 'cos_iota': -0.8076912973317674, 'd_L': 362.2452841362055, 't_c': 0.0787809078680562, 'phase_c': 3.250964583888023, 'psi': 2.738677736494183, 'ra': 4.402556206421835, 'sin_dec': 0.9574967717870932, 'q': 0.8366673466273448, 'M_c': 1.3799672297339414, 'eta': 0.24802291640060198, 'iota': Array(2.5110222, dtype=float64, weak_type=True), 'dec': Array(1.27819498, dtype=float64, weak_type=True), 'lambda_1': 227.31540512595674, 'lambda_2': 654.6882642178051}
15:34 ninjax INFO    : The trial injection parameters are {'M_c': 1.3799672297339414, 'eta': 0.24802291640060198, 's1_z': -0.029401324675589383, 's2_z': -0.012741658017180746, 'lambda_1': 227.31540512595674, 'lambda_2': 654.6882642178051, 'd_L': 362.2452841362055, 'phase_c': 3.250964583888023, 'iota': 2.5110222003672362, 't_c': 0.0787809078680562, 'psi': 2.738677736494183, 'ra': 4.402556206421835, 'dec': 1.2781949750025141}
15:34 ninjax INFO    : Injecting signals . . .
15:35 ninjax INFO    : self.ifos
15:35 ninjax INFO    : [GroundBased2G(H1), GroundBased2G(L1), GroundBased2G(V1)]
15:35 ninjax INFO    : Signal injected in ifo H1. Frequencies, data, and PSD:
15:35 ninjax INFO    : [  20.           20.00390625   20.0078125  ... 2047.98828125
 2047.9921875  2047.99609375]
15:35 ninjax INFO    : [-3.20026369e-23-5.59571934e-24j  7.63217903e-23-3.76316040e-23j
 -1.92934703e-25+1.74326820e-22j ...
  2.25422483e-23-6.55111347e-24j  1.46120288e-23+4.92797357e-23j
  5.10662865e-23-3.46449217e-24j]
15:35 ninjax INFO    : [1.44906511e-46 1.44785671e-46 1.44667215e-46 ... 2.17778216e-47
 2.17778992e-47 2.17779767e-47]
15:35 ninjax INFO    : Signal injected in ifo L1. Frequencies, data, and PSD:
15:35 ninjax INFO    : [  20.           20.00390625   20.0078125  ... 2047.98828125
 2047.9921875  2047.99609375]
15:35 ninjax INFO    : [-6.68666011e-23-2.64276154e-23j  4.85690163e-23-1.27768519e-23j
 -1.49794333e-22+1.10959833e-23j ...
 -2.53741207e-23-4.32953499e-23j -2.41682042e-23-3.21319862e-23j
  7.93567389e-23-3.19354114e-24j]
15:35 ninjax INFO    : [1.44906511e-46 1.44785671e-46 1.44667215e-46 ... 2.17778216e-47
 2.17778992e-47 2.17779767e-47]
15:35 ninjax INFO    : Signal injected in ifo V1. Frequencies, data, and PSD:
15:35 ninjax INFO    : [  20.           20.00390625   20.0078125  ... 2047.98828125
 2047.9921875  2047.99609375]
15:35 ninjax INFO    : [-5.88684987e-23-4.42784031e-23j  5.96957356e-23+3.19779604e-23j
 -3.23099897e-23-5.72415141e-23j ...
 -2.60527474e-23+4.89183385e-23j  3.97766966e-23+4.60130803e-23j
 -4.17488685e-23+1.29686330e-22j]
15:35 ninjax INFO    : [1.43183556e-46 1.43058540e-46 1.42935095e-46 ... 6.39793039e-47
 6.39795354e-47 6.39797668e-47]
15:35 ninjax INFO    : SNR for ifo H1 is 8.666781829100383
15:35 ninjax INFO    : SNR for ifo L1 is 7.02185212507762
15:35 ninjax INFO    : SNR for ifo V1 is 8.550389967143772
15:35 ninjax INFO    : The network SNR is 14.054489785471208
15:35 ninjax INFO    : The network SNR does not pass the threshold, trying again
15:35 ninjax INFO    : Generating new injection
15:35 ninjax INFO    : Sanity check: generated parameters:
15:35 ninjax INFO    : {'mass_1_source': 1.0496080719116547, 'mass_2_source': 1.0117979989464942, 's1_z': -0.017401912907210118, 's2_z': -0.01309228714473714, 'cos_iota': 0.9324116208036677, 'd_L': 284.1235761053395, 't_c': -0.014836974239137476, 'phase_c': 4.593994916176425, 'psi': 1.6038057353917814, 'ra': 3.6601716159945394, 'sin_dec': -0.8549278648433876}
15:35 ninjax INFO    : Computing lambdas from EOS file /home/twouters2/projects/projection_BNS_A_plus/src/projection_BNS/data/MPA1.npz . . . 
15:35 ninjax INFO    : Injected lambda_1: 2452.910930199049
15:35 ninjax INFO    : Injected lambda_2: 2960.6813256916753
15:35 ninjax INFO    : Duration is not specified in the config. Computed chirp time: for fmin = 20.0 and M_c = 0.954691232628859 is 256.0
15:35 ninjax INFO    : After transforms, the injection parameters are:
15:35 ninjax INFO    : {'mass_1_source': 1.0496080719116547, 'mass_2_source': 1.0117979989464942, 's1_z': -0.017401912907210118, 's2_z': -0.01309228714473714, 'cos_iota': 0.9324116208036677, 'd_L': 284.1235761053395, 't_c': -0.014836974239137476, 'phase_c': 4.593994916176425, 'psi': 1.6038057353917814, 'ra': 3.6601716159945394, 'sin_dec': -0.8549278648433876, 'q': 0.9639769605655787, 'M_c': 0.954691232628859, 'eta': 0.249915893814217, 'iota': Array(0.36976688, dtype=float64, weak_type=True), 'dec': Array(-1.02541177, dtype=float64, weak_type=True), 'lambda_1': 2452.910930199049, 'lambda_2': 2960.6813256916753}
15:35 ninjax INFO    : The trial injection parameters are {'M_c': 0.954691232628859, 'eta': 0.249915893814217, 's1_z': -0.017401912907210118, 's2_z': -0.01309228714473714, 'lambda_1': 2452.910930199049, 'lambda_2': 2960.6813256916753, 'd_L': 284.1235761053395, 'phase_c': 4.593994916176425, 'iota': 0.3697668779453924, 't_c': -0.014836974239137476, 'psi': 1.6038057353917814, 'ra': 3.6601716159945394, 'dec': -1.0254117670834229}
15:35 ninjax INFO    : Injecting signals . . .
15:35 ninjax INFO    : self.ifos
15:35 ninjax INFO    : [GroundBased2G(H1), GroundBased2G(L1), GroundBased2G(V1)]
15:35 ninjax INFO    : Signal injected in ifo H1. Frequencies, data, and PSD:
15:35 ninjax INFO    : [  20.           20.00390625   20.0078125  ... 2047.98828125
 2047.9921875  2047.99609375]
15:35 ninjax INFO    : [-2.48440073e-23-3.32511773e-24j  7.97951428e-23-3.10235780e-23j
  9.94524336e-24+1.73263460e-22j ...
  2.25422483e-23-6.55111347e-24j  1.46120288e-23+4.92797357e-23j
  5.10662865e-23-3.46449217e-24j]
15:35 ninjax INFO    : [1.44906511e-46 1.44785671e-46 1.44667215e-46 ... 2.17778216e-47
 2.17778992e-47 2.17779767e-47]
15:35 ninjax INFO    : Signal injected in ifo L1. Frequencies, data, and PSD:
15:35 ninjax INFO    : [  20.           20.00390625   20.0078125  ... 2047.98828125
 2047.9921875  2047.99609375]
15:35 ninjax INFO    : [-6.75422982e-23-2.91679730e-23j  4.39436255e-23-2.06858930e-23j
 -1.54196810e-22+1.08975438e-23j ...
 -2.53741207e-23-4.32953499e-23j -2.41682042e-23-3.21319862e-23j
  7.93567389e-23-3.19354114e-24j]
15:35 ninjax INFO    : [1.44906511e-46 1.44785671e-46 1.44667215e-46 ... 2.17778216e-47
 2.17778992e-47 2.17779767e-47]
15:35 ninjax INFO    : Signal injected in ifo V1. Frequencies, data, and PSD:
15:35 ninjax INFO    : [  20.           20.00390625   20.0078125  ... 2047.98828125
 2047.9921875  2047.99609375]
15:35 ninjax INFO    : [-6.10243962e-23-4.14537759e-23j  6.67695672e-23+3.00162161e-23j
 -3.49895354e-23-5.69658385e-23j ...
 -2.60527474e-23+4.89183385e-23j  3.97766966e-23+4.60130803e-23j
 -4.17488685e-23+1.29686330e-22j]
15:35 ninjax INFO    : [1.43183556e-46 1.43058540e-46 1.42935095e-46 ... 6.39793039e-47
 6.39795354e-47 6.39797668e-47]
15:35 ninjax INFO    : SNR for ifo H1 is 15.747916213837149
15:35 ninjax INFO    : SNR for ifo L1 is 13.148322597016643
15:35 ninjax INFO    : SNR for ifo V1 is 4.0787954991570965
15:35 ninjax INFO    : The network SNR is 20.916783331028643
15:35 ninjax INFO    : The network SNR does not pass the threshold, trying again
15:35 ninjax INFO    : Generating new injection
15:35 ninjax INFO    : Sanity check: generated parameters:
15:35 ninjax INFO    : {'mass_1_source': 1.1911104847532135, 'mass_2_source': 1.999137457507818, 's1_z': -0.04001970985432997, 's2_z': 0.03994879462657751, 'cos_iota': -0.22807662913184723, 'd_L': 314.5576909643205, 't_c': 0.022091596068989097, 'phase_c': 2.094865486898177, 'psi': 2.0725177511305963, 'ra': 1.5338926527405927, 'sin_dec': -0.5772960632868998}
15:35 ninjax INFO    : Computing lambdas from EOS file /home/twouters2/projects/projection_BNS_A_plus/src/projection_BNS/data/MPA1.npz . . . 
15:35 ninjax INFO    : Injected lambda_1: 49.10725951508396
15:35 ninjax INFO    : Injected lambda_2: 1260.2494599035513
15:35 ninjax INFO    : Duration is not specified in the config. Computed chirp time: for fmin = 20.0 and M_c = 1.4293294555645293 is 128.0
15:35 ninjax INFO    : After transforms, the injection parameters are:
15:35 ninjax INFO    : {'mass_1_source': 1.999137457507818, 'mass_2_source': 1.1911104847532135, 's1_z': -0.04001970985432997, 's2_z': 0.03994879462657751, 'cos_iota': -0.22807662913184723, 'd_L': 314.5576909643205, 't_c': 0.022091596068989097, 'phase_c': 2.094865486898177, 'psi': 2.0725177511305963, 'ra': 1.5338926527405927, 'sin_dec': -0.5772960632868998, 'q': 0.5958121990461256, 'M_c': 1.4293294555645293, 'eta': 0.23396227173852996, 'iota': Array(1.80089811, dtype=float64, weak_type=True), 'dec': Array(-0.61541332, dtype=float64, weak_type=True), 'lambda_1': 49.10725951508396, 'lambda_2': 1260.2494599035513}
15:35 ninjax INFO    : The trial injection parameters are {'M_c': 1.4293294555645293, 'eta': 0.23396227173852996, 's1_z': -0.04001970985432997, 's2_z': 0.03994879462657751, 'lambda_1': 49.10725951508396, 'lambda_2': 1260.2494599035513, 'd_L': 314.5576909643205, 'phase_c': 2.094865486898177, 'iota': 1.800898113996688, 't_c': 0.022091596068989097, 'psi': 2.0725177511305963, 'ra': 1.5338926527405927, 'dec': -0.6154133218271609}
15:35 ninjax INFO    : Injecting signals . . .
15:35 ninjax INFO    : self.ifos
15:35 ninjax INFO    : [GroundBased2G(H1), GroundBased2G(L1), GroundBased2G(V1)]
15:35 ninjax INFO    : Signal injected in ifo H1. Frequencies, data, and PSD:
15:35 ninjax INFO    : [  20.          20.0078125   20.015625  ... 2047.9765625
 2047.984375  2047.9921875]
15:35 ninjax INFO    : [-6.54488053e-23-4.13183035e-23j -8.09934147e-23-5.09610042e-23j
 -3.87402228e-23+2.47780961e-23j ...
  5.39276234e-24+2.45611913e-24j  1.84029243e-23-8.43609062e-24j
  3.40736080e-24+7.17846270e-24j]
15:35 ninjax INFO    : [1.44906511e-46 1.44667215e-46 1.44435812e-46 ... 2.17775889e-47
 2.17777440e-47 2.17778992e-47]
15:35 ninjax INFO    : Signal injected in ifo L1. Frequencies, data, and PSD:
15:35 ninjax INFO    : [  20.          20.0078125   20.015625  ... 2047.9765625
 2047.984375  2047.9921875]
15:35 ninjax INFO    : [ 2.10186536e-23-8.01049608e-23j -4.64325538e-23+3.62578613e-23j
  9.73301610e-24+5.63632905e-23j ...
  1.86703625e-23-1.85004590e-23j  2.39227072e-24+2.92689593e-23j
 -6.76490301e-24-1.27936851e-23j]
15:35 ninjax INFO    : [1.44906511e-46 1.44667215e-46 1.44435812e-46 ... 2.17775889e-47
 2.17777440e-47 2.17778992e-47]
15:35 ninjax INFO    : Signal injected in ifo V1. Frequencies, data, and PSD:
15:35 ninjax INFO    : [  20.          20.0078125   20.015625  ... 2047.9765625
 2047.984375  2047.9921875]
15:35 ninjax INFO    : [-2.63547534e-23-4.65903099e-24j -2.75725843e-23+2.00449007e-23j
 -4.56833857e-23+3.29704573e-23j ...
  2.68093527e-23+9.93100495e-24j  5.52060851e-23-5.33113432e-24j
 -2.70040822e-23-1.64197717e-23j]
15:35 ninjax INFO    : [1.43183556e-46 1.42935095e-46 1.42688205e-46 ... 6.39786094e-47
 6.39790724e-47 6.39795354e-47]
15:35 ninjax INFO    : SNR for ifo H1 is 3.7356629687355496
15:35 ninjax INFO    : SNR for ifo L1 is 2.857912736429604
15:35 ninjax INFO    : SNR for ifo V1 is 1.2957817103915896
15:35 ninjax INFO    : The network SNR is 4.878718404049777
15:35 ninjax INFO    : The network SNR does not pass the threshold, trying again
15:35 ninjax INFO    : Generating new injection
15:35 ninjax INFO    : Sanity check: generated parameters:
15:35 ninjax INFO    : {'mass_1_source': 2.2474069867854016, 'mass_2_source': 1.2224306841646235, 's1_z': -0.002322015695273863, 's2_z': -0.027002205918590774, 'cos_iota': -0.6671485095402576, 'd_L': 104.89668016663774, 't_c': -0.06573529013119561, 'phase_c': 3.8552643414978602, 'psi': 2.581736992452292, 'ra': 4.2694159150129725, 'sin_dec': 0.6711412348754235}
15:35 ninjax INFO    : Computing lambdas from EOS file /home/twouters2/projects/projection_BNS_A_plus/src/projection_BNS/data/MPA1.npz . . . 
15:35 ninjax INFO    : Injected lambda_1: 17.155364784242533
15:35 ninjax INFO    : Injected lambda_2: 1095.1355879528603
15:35 ninjax INFO    : Duration is not specified in the config. Computed chirp time: for fmin = 20.0 and M_c = 1.4637109792077752 is 128.0
15:35 ninjax INFO    : After transforms, the injection parameters are:
15:35 ninjax INFO    : {'mass_1_source': 2.2474069867854016, 'mass_2_source': 1.2224306841646235, 's1_z': -0.002322015695273863, 's2_z': -0.027002205918590774, 'cos_iota': -0.6671485095402576, 'd_L': 104.89668016663774, 't_c': -0.06573529013119561, 'phase_c': 3.8552643414978602, 'psi': 2.581736992452292, 'ra': 4.2694159150129725, 'sin_dec': 0.6711412348754235, 'q': 0.5439293778796772, 'M_c': 1.4637109792077752, 'eta': 0.22818529509327803, 'iota': Array(2.30117063, dtype=float64, weak_type=True), 'dec': Array(0.73574716, dtype=float64, weak_type=True), 'lambda_1': 17.155364784242533, 'lambda_2': 1095.1355879528603}
15:35 ninjax INFO    : The trial injection parameters are {'M_c': 1.4637109792077752, 'eta': 0.22818529509327803, 's1_z': -0.002322015695273863, 's2_z': -0.027002205918590774, 'lambda_1': 17.155364784242533, 'lambda_2': 1095.1355879528603, 'd_L': 104.89668016663774, 'phase_c': 3.8552643414978602, 'iota': 2.301170630122287, 't_c': -0.06573529013119561, 'psi': 2.581736992452292, 'ra': 4.2694159150129725, 'dec': 0.735747160270271}
15:35 ninjax INFO    : Injecting signals . . .
15:35 ninjax INFO    : self.ifos
15:35 ninjax INFO    : [GroundBased2G(H1), GroundBased2G(L1), GroundBased2G(V1)]
15:35 ninjax INFO    : Signal injected in ifo H1. Frequencies, data, and PSD:
15:35 ninjax INFO    : [  20.          20.0078125   20.015625  ... 2047.9765625
 2047.984375  2047.9921875]
15:35 ninjax INFO    : [-7.06596838e-23-3.22337603e-23j -8.29556832e-23-4.06628467e-23j
 -3.71770395e-23+3.50776843e-23j ...
  5.39276234e-24+2.45611913e-24j  1.84029243e-23-8.43609062e-24j
  3.40736080e-24+7.17846270e-24j]
15:35 ninjax INFO    : [1.44906511e-46 1.44667215e-46 1.44435812e-46 ... 2.17775889e-47
 2.17777440e-47 2.17778992e-47]
15:35 ninjax INFO    : Signal injected in ifo L1. Frequencies, data, and PSD:
15:35 ninjax INFO    : [  20.          20.0078125   20.015625  ... 2047.9765625
 2047.984375  2047.9921875]
15:35 ninjax INFO    : [ 1.65517843e-23-8.72023103e-23j -5.32890417e-23+3.15432603e-23j
  1.54402221e-24+5.47975855e-23j ...
  1.86703625e-23-1.85004590e-23j  2.39227072e-24+2.92689593e-23j
 -6.76490301e-24-1.27936851e-23j]
15:35 ninjax INFO    : [1.44906511e-46 1.44667215e-46 1.44435812e-46 ... 2.17775889e-47
 2.17777440e-47 2.17778992e-47]
15:35 ninjax INFO    : Signal injected in ifo V1. Frequencies, data, and PSD:
15:35 ninjax INFO    : [  20.          20.0078125   20.015625  ... 2047.9765625
 2047.984375  2047.9921875]
15:35 ninjax INFO    : [-1.59349335e-23-1.27244107e-23j -2.06726301e-23+8.90337273e-24j
 -4.32339817e-23+2.02030264e-23j ...
  2.68093527e-23+9.93100495e-24j  5.52060851e-23-5.33113432e-24j
 -2.70040822e-23-1.64197717e-23j]
15:35 ninjax INFO    : [1.43183556e-46 1.42935095e-46 1.42688205e-46 ... 6.39786094e-47
 6.39790724e-47 6.39795354e-47]
15:35 ninjax INFO    : SNR for ifo H1 is 18.880580502375125
15:35 ninjax INFO    : SNR for ifo L1 is 20.791788508083886
15:35 ninjax INFO    : SNR for ifo V1 is 21.150121249164116
15:35 ninjax INFO    : The network SNR is 35.15824822606923
15:35 ninjax INFO    : Network SNR passes threshold
15:35 ninjax INFO    : Sanity checking the GW injection for ArrayImpl
15:35 ninjax INFO    :    mass_1_source: 2.2474069867854016
15:35 ninjax INFO    :    mass_2_source: 1.2224306841646235
15:35 ninjax INFO    :    s1_z: -0.002322015695273863
15:35 ninjax INFO    :    s2_z: -0.027002205918590774
15:35 ninjax INFO    :    cos_iota: -0.6671485095402576
15:35 ninjax INFO    :    d_L: 104.89668016663774
15:35 ninjax INFO    :    t_c: -0.06573529013119561
15:35 ninjax INFO    :    phase_c: 3.8552643414978602
15:35 ninjax INFO    :    psi: 2.581736992452292
15:35 ninjax INFO    :    ra: 4.2694159150129725
15:35 ninjax INFO    :    sin_dec: 0.6711412348754235
15:35 ninjax INFO    :    q: 0.5439293778796772
15:35 ninjax INFO    :    M_c: 1.4637109792077752
15:35 ninjax INFO    :    eta: 0.22818529509327803
15:35 ninjax INFO    :    iota: 2.301170630122287
15:35 ninjax INFO    :    dec: 0.735747160270271
15:35 ninjax INFO    :    lambda_1: 17.155364784242533
15:35 ninjax INFO    :    lambda_2: 1095.1355879528603
15:35 ninjax INFO    :    H1_SNR: 18.880580502375125
15:35 ninjax INFO    :    L1_SNR: 20.791788508083886
15:35 ninjax INFO    :    V1_SNR: 21.150121249164116
15:35 ninjax INFO    :    network_SNR: 35.15824822606923
15:35 ninjax INFO    :    epoch: 126.0
15:35 ninjax INFO    :    gmst: 2.7288901910520846
15:35 ninjax INFO    :    duration: 128.0
15:35 ninjax INFO    : Using GW HeterodynedTransientLikelihoodFD. Initializing likelihood
15:35 ninjax INFO    : Using the injection parameters as reference parameters for the relative binning
15:35 ninjax INFO    : Using the following kwargs for the GW likelihood: {}
