Fri Mar 28 12:53:02 CET 2025
NVIDIA H100
/gpfs/home6/twouters2/ninjax_dev/jim/src/jimgw/prior.py:94: UserWarning: As of jaxtyping version 0.2.24, jaxtyping now prefers the syntax
```
from jaxtyping import jaxtyped
# Use your favourite typechecker: usually one of the two lines below.
from typeguard import typechecked as typechecker
from beartype import beartype as typechecker

@jaxtyped(typechecker=typechecker)
def foo(...):
```
and the old double-decorator syntax
```
@jaxtyped
@typechecker
def foo(...):
```
should no longer be used. (It will continue to work as it did before, but the new approach will produce more readable error messages.)
In particular note that `typechecker` must be passed via keyword argument; the following is not valid:
```
@jaxtyped(typechecker)
def foo(...):
```

  class Uniform(Prior):
/gpfs/home6/twouters2/ninjax_dev/jim/src/jimgw/prior.py:149: UserWarning: As of jaxtyping version 0.2.24, jaxtyping now prefers the syntax
```
from jaxtyping import jaxtyped
# Use your favourite typechecker: usually one of the two lines below.
from typeguard import typechecked as typechecker
from beartype import beartype as typechecker

@jaxtyped(typechecker=typechecker)
def foo(...):
```
and the old double-decorator syntax
```
@jaxtyped
@typechecker
def foo(...):
```
should no longer be used. (It will continue to work as it did before, but the new approach will produce more readable error messages.)
In particular note that `typechecker` must be passed via keyword argument; the following is not valid:
```
@jaxtyped(typechecker)
def foo(...):
```

  class Unconstrained_Uniform(Prior):
/gpfs/home6/twouters2/ninjax_dev/jim/src/jimgw/prior.py:263: UserWarning: As of jaxtyping version 0.2.24, jaxtyping now prefers the syntax
```
from jaxtyping import jaxtyped
# Use your favourite typechecker: usually one of the two lines below.
from typeguard import typechecked as typechecker
from beartype import beartype as typechecker

@jaxtyped(typechecker=typechecker)
def foo(...):
```
and the old double-decorator syntax
```
@jaxtyped
@typechecker
def foo(...):
```
should no longer be used. (It will continue to work as it did before, but the new approach will produce more readable error messages.)
In particular note that `typechecker` must be passed via keyword argument; the following is not valid:
```
@jaxtyped(typechecker)
def foo(...):
```

  class AlignedSpin(Prior):
/gpfs/home6/twouters2/ninjax_dev/jim/src/jimgw/prior.py:377: UserWarning: As of jaxtyping version 0.2.24, jaxtyping now prefers the syntax
```
from jaxtyping import jaxtyped
# Use your favourite typechecker: usually one of the two lines below.
from typeguard import typechecked as typechecker
from beartype import beartype as typechecker

@jaxtyped(typechecker=typechecker)
def foo(...):
```
and the old double-decorator syntax
```
@jaxtyped
@typechecker
def foo(...):
```
should no longer be used. (It will continue to work as it did before, but the new approach will produce more readable error messages.)
In particular note that `typechecker` must be passed via keyword argument; the following is not valid:
```
@jaxtyped(typechecker)
def foo(...):
```

  class PowerLaw(Prior):
/gpfs/home6/twouters2/ninjax_dev/jim/src/jimgw/single_event/detector.py:496: UserWarning: As of jaxtyping version 0.2.24, jaxtyping now prefers the syntax
```
from jaxtyping import jaxtyped
# Use your favourite typechecker: usually one of the two lines below.
from typeguard import typechecked as typechecker
from beartype import beartype as typechecker

@jaxtyped(typechecker=typechecker)
def foo(...):
```
and the old double-decorator syntax
```
@jaxtyped
@typechecker
def foo(...):
```
should no longer be used. (It will continue to work as it did before, but the new approach will produce more readable error messages.)
In particular note that `typechecker` must be passed via keyword argument; the following is not valid:
```
@jaxtyped(typechecker)
def foo(...):
```

  def load_psd(
12:53 ninjax INFO    : Checking and setting outdir
12:53 ninjax INFO    : Found generation prior file ./outdir/injection_26/generation_prior.prior
12:53 ninjax INFO    : The outdir is set to ./outdir/injection_26
12:53 ninjax INFO    : Loading the given config
12:53 ninjax WARNING : Unrecognized keys given: {'n_max_examples'}. These will be ignored
12:53 ninjax INFO    : Arguments loaded into the config: {'likelihood': 'HeterodynedTransientLikelihoodFD', 'gw_injection': 'True', 'gw_load_existing_injection': 'False', 'gw_dump_injection_data': 'False', 'gw_SNR_threshold_low': '11.2', 'gw_SNR_threshold_high': '100', 'waveform_approximant': 'IMRPhenomD_NRTidalv2', 'waveform_approximant_1': 'None', 'waveform_approximant_2': 'None', 'gw_overlapping_tight_priors': 'False', 'ifos': 'H1,L1,V1', 'eos_file': '/home/twouters2/projects/projection_BNS_A_plus/src/projection_BNS/data/HQC18.npz', 'fmin': '20.0', 'fref': '20.0', 'fmax': '2048.0', 'duration': 'None', 'post_trigger_duration': '2.0', 'trigger_time': '1187008882.4', 'psd_file_H1': '/home/twouters2/projects/projection_BNS_A_plus/src/projection_BNS/data/AplusDesign_PSD.txt', 'psd_file_L1': '/home/twouters2/projects/projection_BNS_A_plus/src/projection_BNS/data/AplusDesign_PSD.txt', 'psd_file_V1': '/home/twouters2/projects/projection_BNS_A_plus/src/projection_BNS/data/avirgo_O5high_NEW_PSD.txt', 'psd_file_ET1': '/home/twouters2/psds/ET_D_psd.txt', 'psd_file_ET2': '/home/twouters2/psds/ET_D_psd.txt', 'psd_file_ET3': '/home/twouters2/psds/ET_D_psd.txt', 'psd_file_CE': '/home/twouters2/psds/CE_psd.txt', 'data_file_H1': 'None', 'data_file_L1': 'None', 'data_file_V1': 'None', 'data_file_ET1': 'None', 'data_file_ET2': 'None', 'data_file_ET3': 'None', 'relative_binning_binsize': '1000', 'relative_binning_ref_params_equal_true_params': 'True', 'relative_binning_ref_params': 'None', 'transforms': 'q_to_eta,cos_iota_to_iota,sin_dec_to_dec', 'gw_kwargs': 'None', 'filters': 'None', 'tmin': '0.05', 'tmax': '15.0', 'em_injection': 'False', 'em_trigger_time': '0.0', 'em_data_path': 'None', 'KN_model_name': 'None', 'KN_class_name': 'None', 'KN_model_dir': 'None', 'GRB_model_name': 'None', 'GRB_class_name': 'None', 'GRB_model_dir': 'None', 'detection_limit': 'None', 'n_loop_training': '200', 'n_loop_production': '10', 'n_local_steps': '100', 'n_global_steps': '1_000', 'n_epochs': '25', 'n_chains': '1_000', 'learning_rate': '0.001', 'max_samples': '50000', 'momentum': '0.9', 'batch_size': '30000', 'use_global': 'True', 'keep_quantile': '0.0', 'train_thinning': '10', 'output_thinning': '50', 'n_sample_max': '10000', 'verbose': 'False', 'save_training_chains': 'False', 'eps_mass_matrix': '1e-5', 'use_scheduler': 'True', 'use_temperature': 'False', 'which_temperature_schedule': 'exponential', 'starting_temperature': '2.0', 'stop_tempering_iteration': '75', 'stopping_criterion_global_acc': '0.10', 'stopping_criterion_loss': '-inf', 'seed': 'None', 'sampling_seed': 'None', 'injection_generation_seed': 'None', 'num_layers': '10', 'hidden_size': '128,128', 'num_bins': '8', 'nf_model_kwargs': 'None', 'run_sampler': 'True', 'keys_to_plot': 'M_c, q, s1_z, s2_z, lambda_1, lambda_2, d_L, t_c, phase_c, iota, psi, ra, dec'}
12:53 ninjax INFO    : Complete config file written to /gpfs/home6/twouters2/projects/projection_BNS_A_plus/src/projection_BNS/GW/HQC18/outdir/injection_26/complete_config.json
12:53 ninjax INFO    : No seed specified. Generating a random seed: 491875
12:53 ninjax INFO    : No sampling_seed specified. Generating a random sampling_seed: 685681
12:53 ninjax INFO    : No injection_generation_seed specified. Generating a random injection_generation_seed: 494213
12:53 ninjax INFO    : Loading the priors
12:53 ninjax INFO    : Setting up the prior
12:53 ninjax INFO    :    Mc_prior = Uniform(0.98, 2.6, naming=["M_c"])
12:53 ninjax INFO    :    q_prior = Uniform(0.125, 1.0, naming=["q"])
12:53 ninjax INFO    :    s1_z_prior = Uniform(-0.05, 0.05, naming=["s1_z"])
12:53 ninjax INFO    :    s2_z_prior = Uniform(-0.05, 0.05, naming=["s2_z"])
12:53 ninjax INFO    :    lambda1_prior = Uniform(0.0, 5000.0, naming=["lambda_1"])
12:53 ninjax INFO    :    lambda2_prior = Uniform(0.0, 5000.0, naming=["lambda_2"])
12:53 ninjax INFO    :    cos_iota_prior = Uniform(-1.0, 1.0, naming=["cos_iota"])
12:53 ninjax INFO    :    dL_prior = PowerLaw(1.0, 1000.0, 2.0, naming=["d_L"])
12:53 ninjax INFO    :    t_c_prior = Uniform(-0.1, 0.1, naming=["t_c"])
12:53 ninjax INFO    :    phase_c_prior = Uniform(0.0, 2 * jnp.pi, naming=["phase_c"])
12:53 ninjax INFO    :    psi_prior = Uniform(0.0, jnp.pi, naming=["psi"])
12:53 ninjax INFO    :    ra_prior = Uniform(0.0, 2 * jnp.pi, naming=["ra"])
12:53 ninjax INFO    :    sin_dec_prior = Uniform(-1.0, 1.0, naming=["sin_dec"])
12:53 ninjax INFO    : Setting up the generation prior
12:53 ninjax INFO    :    mass_1_source_prior = Uniform(1.0, 2.0452447532113593, naming=["mass_1_source"])
12:53 ninjax INFO    :    mass_2_source_prior = Uniform(1.0, 2.0452447532113593, naming=["mass_2_source"])
12:53 ninjax INFO    :    s1_z_prior = Uniform(-0.05, 0.05, naming=["s1_z"])
12:53 ninjax INFO    :    s2_z_prior = Uniform(-0.05, 0.05, naming=["s2_z"])
12:53 ninjax INFO    :    cos_iota_prior = Uniform(-1.0, 1.0, naming=["cos_iota"])
12:53 ninjax INFO    :    dL_prior = PowerLaw(10.0, 460.0, 2.0, naming=["d_L"])
12:53 ninjax INFO    :    t_c_prior = Uniform(-0.1, 0.1, naming=["t_c"])
12:53 ninjax INFO    :    phase_c_prior = Uniform(0.0, 2 * jnp.pi, naming=["phase_c"])
12:53 ninjax INFO    :    psi_prior = Uniform(0.0, jnp.pi, naming=["psi"])
12:53 ninjax INFO    :    ra_prior = Uniform(0.0, 2 * jnp.pi, naming=["ra"])
12:53 ninjax INFO    :    sin_dec_prior = Uniform(-1.0, 1.0, naming=["sin_dec"])
12:53 ninjax INFO    : Finished prior setup
12:53 ninjax INFO    : Setting the transforms
12:53 ninjax INFO    : Raw transforms list is q_to_eta,cos_iota_to_iota,sin_dec_to_dec
12:53 ninjax INFO    : transforms_str_list has 3 elements
12:53 ninjax INFO    : DEBUG: Checking that all_transforms is OK: the list is ['binary_Love', 'binary_love_fit', 'cos_iota1_to_iota1', 'cos_iota2_to_iota2', 'cos_iota_to_iota', 'log_lambda_to_lambda', 'm1_m2_to_Mc_q', 'q1_to_eta1', 'q2_to_eta2', 'q_to_eta', 'sin_dec1_to_dec1', 'sin_dec2_to_dec2', 'sin_dec_to_dec', 'spin_sphere_to_cartesian_s1', 'spin_sphere_to_cartesian_s2', 'swap_lambdas_eos', 't_c_dt_to_tcs']
12:53 ninjax INFO    : Setting the likelihood
12:53 ninjax INFO    : GW likelihood provided, setting up the GW pipe
12:53 ninjax INFO    : eos_file is /home/twouters2/projects/projection_BNS_A_plus/src/projection_BNS/data/HQC18.npz
12:53 ninjax INFO    : Using eos_file /home/twouters2/projects/projection_BNS_A_plus/src/projection_BNS/data/HQC18.npz for BNS injections
12:53 ninjax INFO    : Note: No specific waveform approximant 1 so defaulting to IMRPhenomD_NRTidalv2
12:53 ninjax INFO    : self.is_BNS_run is True
12:53 ninjax INFO    : Using IMRPhenomD_NRTidalv2 waveform. Therefore, we will use no taper as the reference waveform for the likelihood if relative binning is used
12:53 ninjax INFO    : GW run is an injection
12:53 ninjax INFO    : Setting up GW injection . . . 
12:53 ninjax INFO    : The SNR thresholds are: 11.2 - 100.0
12:53 ninjax INFO    : Generating new injection
12:53 ninjax INFO    : Sanity check: generated parameters:
12:53 ninjax INFO    : {'mass_1_source': 1.2283262232534367, 'mass_2_source': 1.720658058753763, 's1_z': 0.0007788681261804639, 's2_z': 0.046908620310922786, 'cos_iota': 0.36056518308913077, 'd_L': 449.2513839817972, 't_c': -0.09499592257252264, 'phase_c': 2.7402407026569437, 'psi': 0.5936146716362702, 'ra': 2.83697252743665, 'sin_dec': 0.23603248144289335}
12:53 ninjax INFO    : Computing lambdas from EOS file /home/twouters2/projects/projection_BNS_A_plus/src/projection_BNS/data/HQC18.npz . . . 
12:53 ninjax INFO    : Injected lambda_1: 62.28749021206775
12:53 ninjax INFO    : Injected lambda_2: 576.2204934538488
12:53 ninjax INFO    : Duration is not specified in the config. Computed chirp time: for fmin = 20.0 and M_c = 1.3901427503501802 is 128.0
12:53 ninjax INFO    : After transforms, the injection parameters are:
12:53 ninjax INFO    : {'mass_1_source': 1.720658058753763, 'mass_2_source': 1.2283262232534367, 's1_z': 0.0007788681261804639, 's2_z': 0.046908620310922786, 'cos_iota': 0.36056518308913077, 'd_L': 449.2513839817972, 't_c': -0.09499592257252264, 'phase_c': 2.7402407026569437, 'psi': 0.5936146716362702, 'ra': 2.83697252743665, 'sin_dec': 0.23603248144289335, 'q': 0.7138700318778549, 'M_c': 1.3901427503501802, 'eta': 0.2430319552396726, 'iota': Array(1.20192256, dtype=float64, weak_type=True), 'dec': Array(0.23828093, dtype=float64, weak_type=True), 'lambda_1': 62.28749021206775, 'lambda_2': 576.2204934538488}
12:53 ninjax INFO    : The trial injection parameters are {'M_c': 1.3901427503501802, 'eta': 0.2430319552396726, 's1_z': 0.0007788681261804639, 's2_z': 0.046908620310922786, 'lambda_1': 62.28749021206775, 'lambda_2': 576.2204934538488, 'd_L': 449.2513839817972, 'phase_c': 2.7402407026569437, 'iota': 1.201922561872401, 't_c': -0.09499592257252264, 'psi': 0.5936146716362702, 'ra': 2.83697252743665, 'dec': 0.23828093349399043}
12:53 ninjax INFO    : Injecting signals . . .
12:53 ninjax INFO    : self.ifos
12:53 ninjax INFO    : [GroundBased2G(H1), GroundBased2G(L1), GroundBased2G(V1)]
12:53 ninjax INFO    : Signal injected in ifo H1. Frequencies, data, and PSD:
12:53 ninjax INFO    : [  20.          20.0078125   20.015625  ... 2047.9765625
 2047.984375  2047.9921875]
12:53 ninjax INFO    : [ 1.01691005e-22-3.42721738e-23j -5.29311675e-24+1.82435014e-23j
 -8.51467766e-24+6.52099821e-23j ...
  6.19958445e-24-9.24500950e-24j -2.76272112e-24-3.63096766e-24j
 -9.19982226e-24-8.91783421e-26j]
12:53 ninjax INFO    : [1.44906511e-46 1.44667215e-46 1.44435812e-46 ... 2.17775889e-47
 2.17777440e-47 2.17778992e-47]
12:53 ninjax INFO    : Signal injected in ifo L1. Frequencies, data, and PSD:
12:53 ninjax INFO    : [  20.          20.0078125   20.015625  ... 2047.9765625
 2047.984375  2047.9921875]
12:53 ninjax INFO    : [ 3.93541562e-24-1.71112799e-23j  5.76579689e-23+7.96280061e-23j
 -1.18217273e-23+4.71119980e-23j ...
  4.05410587e-24+2.74291836e-23j -1.41537048e-23+4.99830697e-24j
  1.37481719e-23+3.55959895e-24j]
12:53 ninjax INFO    : [1.44906511e-46 1.44667215e-46 1.44435812e-46 ... 2.17775889e-47
 2.17777440e-47 2.17778992e-47]
12:53 ninjax INFO    : Signal injected in ifo V1. Frequencies, data, and PSD:
12:53 ninjax INFO    : [  20.          20.0078125   20.015625  ... 2047.9765625
 2047.984375  2047.9921875]
12:53 ninjax INFO    : [-6.16286562e-23-6.93666746e-23j  4.70422212e-23+7.09362803e-24j
 -6.57818982e-23+6.40029778e-23j ...
  3.90595743e-23-3.95937702e-23j  5.10917835e-24-3.06485192e-23j
  5.03833136e-23-2.06641944e-23j]
12:53 ninjax INFO    : [1.43183556e-46 1.42935095e-46 1.42688205e-46 ... 6.39786094e-47
 6.39790724e-47 6.39795354e-47]
12:53 ninjax INFO    : SNR for ifo H1 is 3.7758225977839053
12:53 ninjax INFO    : SNR for ifo L1 is 4.179206357872676
12:53 ninjax INFO    : SNR for ifo V1 is 5.2271113699260665
12:53 ninjax INFO    : The network SNR is 7.684093658020402
12:53 ninjax INFO    : The network SNR does not pass the threshold, trying again
12:53 ninjax INFO    : Generating new injection
12:53 ninjax INFO    : Sanity check: generated parameters:
12:53 ninjax INFO    : {'mass_1_source': 1.7735407373738012, 'mass_2_source': 1.068835726475103, 's1_z': 0.03893648591478545, 's2_z': -0.016033152969932463, 'cos_iota': 0.4243749324558781, 'd_L': 319.13665361172104, 't_c': 0.07654677487202202, 'phase_c': 6.147574588074976, 'psi': 0.7615815087278542, 'ra': 2.653785109775874, 'sin_dec': -0.14949385871265797}
12:53 ninjax INFO    : Computing lambdas from EOS file /home/twouters2/projects/projection_BNS_A_plus/src/projection_BNS/data/HQC18.npz . . . 
12:53 ninjax INFO    : Injected lambda_1: 49.103352793223664
12:53 ninjax INFO    : Injected lambda_2: 1300.6562227397521
12:53 ninjax INFO    : Duration is not specified in the config. Computed chirp time: for fmin = 20.0 and M_c = 1.276893533248503 is 256.0
12:53 ninjax INFO    : After transforms, the injection parameters are:
12:53 ninjax INFO    : {'mass_1_source': 1.7735407373738012, 'mass_2_source': 1.068835726475103, 's1_z': 0.03893648591478545, 's2_z': -0.016033152969932463, 'cos_iota': 0.4243749324558781, 'd_L': 319.13665361172104, 't_c': 0.07654677487202202, 'phase_c': 6.147574588074976, 'psi': 0.7615815087278542, 'ra': 2.653785109775874, 'sin_dec': -0.14949385871265797, 'q': 0.6026564284380626, 'M_c': 1.276893533248503, 'eta': 0.23463291366509692, 'iota': Array(1.13252486, dtype=float64, weak_type=True), 'dec': Array(-0.15005636, dtype=float64, weak_type=True), 'lambda_1': 49.103352793223664, 'lambda_2': 1300.6562227397521}
12:53 ninjax INFO    : The trial injection parameters are {'M_c': 1.276893533248503, 'eta': 0.23463291366509692, 's1_z': 0.03893648591478545, 's2_z': -0.016033152969932463, 'lambda_1': 49.103352793223664, 'lambda_2': 1300.6562227397521, 'd_L': 319.13665361172104, 'phase_c': 6.147574588074976, 'iota': 1.132524864174639, 't_c': 0.07654677487202202, 'psi': 0.7615815087278542, 'ra': 2.653785109775874, 'dec': -0.1500563593309589}
12:53 ninjax INFO    : Injecting signals . . .
12:53 ninjax INFO    : self.ifos
12:53 ninjax INFO    : [GroundBased2G(H1), GroundBased2G(L1), GroundBased2G(V1)]
12:53 ninjax INFO    : Signal injected in ifo H1. Frequencies, data, and PSD:
12:53 ninjax INFO    : [  20.           20.00390625   20.0078125  ... 2047.98828125
 2047.9921875  2047.99609375]
12:53 ninjax INFO    : [-6.99230465e-23+3.55586612e-23j -4.33798540e-25+2.10246096e-23j
 -7.25618229e-23+5.29631798e-23j ...
 -2.79949733e-24-7.18960365e-23j  3.37292300e-23-6.86613348e-24j
 -5.22754752e-24-4.36677590e-25j]
12:53 ninjax INFO    : [1.44906511e-46 1.44785671e-46 1.44667215e-46 ... 2.17778216e-47
 2.17778992e-47 2.17779767e-47]
12:53 ninjax INFO    : Signal injected in ifo L1. Frequencies, data, and PSD:
12:53 ninjax INFO    : [  20.           20.00390625   20.0078125  ... 2047.98828125
 2047.9921875  2047.99609375]
12:53 ninjax INFO    : [-6.14259129e-23-7.88347083e-23j -3.37003249e-23-5.17015959e-23j
 -6.73682093e-23-1.03604479e-22j ...
  2.35123790e-23+2.66234234e-23j  6.14699568e-23-3.60387606e-24j
 -1.01474421e-24-8.83804054e-24j]
12:53 ninjax INFO    : [1.44906511e-46 1.44785671e-46 1.44667215e-46 ... 2.17778216e-47
 2.17778992e-47 2.17779767e-47]
12:53 ninjax INFO    : Signal injected in ifo V1. Frequencies, data, and PSD:
12:53 ninjax INFO    : [  20.           20.00390625   20.0078125  ... 2047.98828125
 2047.9921875  2047.99609375]
12:53 ninjax INFO    : [-3.88055525e-23-4.97404966e-24j  3.74598712e-23-1.02964500e-22j
 -3.03216164e-23-7.75931870e-23j ...
 -1.01144066e-22-3.69570960e-23j  5.08604687e-23+2.64491615e-23j
 -5.85334315e-23-6.12599179e-23j]
12:53 ninjax INFO    : [1.43183556e-46 1.43058540e-46 1.42935095e-46 ... 6.39793039e-47
 6.39795354e-47 6.39797668e-47]
12:53 ninjax INFO    : SNR for ifo H1 is 4.984486716158485
12:53 ninjax INFO    : SNR for ifo L1 is 3.29297108831124
12:53 ninjax INFO    : SNR for ifo V1 is 4.920036142485431
12:53 ninjax INFO    : The network SNR is 7.739219731689818
12:53 ninjax INFO    : The network SNR does not pass the threshold, trying again
12:53 ninjax INFO    : Generating new injection
12:53 ninjax INFO    : Sanity check: generated parameters:
12:53 ninjax INFO    : {'mass_1_source': 1.4827870133942866, 'mass_2_source': 1.038742084086067, 's1_z': -0.0362047086542892, 's2_z': 0.03005318699716679, 'cos_iota': 0.048254840885851635, 'd_L': 455.19624147195117, 't_c': -0.0988867317004238, 'phase_c': 3.500141855780277, 'psi': 1.3130260259876423, 'ra': 3.0855464626328604, 'sin_dec': -0.8820188200140149}
12:53 ninjax INFO    : Computing lambdas from EOS file /home/twouters2/projects/projection_BNS_A_plus/src/projection_BNS/data/HQC18.npz . . . 
12:53 ninjax INFO    : Injected lambda_1: 177.33342721861635
12:53 ninjax INFO    : Injected lambda_2: 1530.8292434399134
12:53 ninjax INFO    : Duration is not specified in the config. Computed chirp time: for fmin = 20.0 and M_c = 1.1877835606961011 is 256.0
12:53 ninjax INFO    : After transforms, the injection parameters are:
12:53 ninjax INFO    : {'mass_1_source': 1.4827870133942866, 'mass_2_source': 1.038742084086067, 's1_z': -0.0362047086542892, 's2_z': 0.03005318699716679, 'cos_iota': 0.048254840885851635, 'd_L': 455.19624147195117, 't_c': -0.0988867317004238, 'phase_c': 3.500141855780277, 'psi': 1.3130260259876423, 'ra': 3.0855464626328604, 'sin_dec': -0.8820188200140149, 'q': 0.7005335727268445, 'M_c': 1.1877835606961011, 'eta': 0.2422470698610301, 'iota': Array(1.52252274, dtype=float64, weak_type=True), 'dec': Array(-1.08012946, dtype=float64, weak_type=True), 'lambda_1': 177.33342721861635, 'lambda_2': 1530.8292434399134}
12:53 ninjax INFO    : The trial injection parameters are {'M_c': 1.1877835606961011, 'eta': 0.2422470698610301, 's1_z': -0.0362047086542892, 's2_z': 0.03005318699716679, 'lambda_1': 177.33342721861635, 'lambda_2': 1530.8292434399134, 'd_L': 455.19624147195117, 'phase_c': 3.500141855780277, 'iota': 1.5225227391206781, 't_c': -0.0988867317004238, 'psi': 1.3130260259876423, 'ra': 3.0855464626328604, 'dec': -1.080129464987054}
12:53 ninjax INFO    : Injecting signals . . .
12:53 ninjax INFO    : self.ifos
12:53 ninjax INFO    : [GroundBased2G(H1), GroundBased2G(L1), GroundBased2G(V1)]
12:53 ninjax INFO    : Signal injected in ifo H1. Frequencies, data, and PSD:
12:53 ninjax INFO    : [  20.           20.00390625   20.0078125  ... 2047.98828125
 2047.9921875  2047.99609375]
12:53 ninjax INFO    : [-6.86615208e-23+4.02038699e-23j  1.85379753e-24+1.72103235e-23j
 -7.63071533e-23+5.38124038e-23j ...
 -2.79949733e-24-7.18960365e-23j  3.37292300e-23-6.86613348e-24j
 -5.22754752e-24-4.36677590e-25j]
12:53 ninjax INFO    : [1.44906511e-46 1.44785671e-46 1.44667215e-46 ... 2.17778216e-47
 2.17778992e-47 2.17779767e-47]
12:53 ninjax INFO    : Signal injected in ifo L1. Frequencies, data, and PSD:
12:53 ninjax INFO    : [  20.           20.00390625   20.0078125  ... 2047.98828125
 2047.9921875  2047.99609375]
12:53 ninjax INFO    : [-5.86754481e-23-8.06086364e-23j -3.70518622e-23-5.25480914e-23j
 -6.56912326e-23-1.00584325e-22j ...
  2.35123790e-23+2.66234234e-23j  6.14699568e-23-3.60387606e-24j
 -1.01474421e-24-8.83804054e-24j]
12:53 ninjax INFO    : [1.44906511e-46 1.44785671e-46 1.44667215e-46 ... 2.17778216e-47
 2.17778992e-47 2.17779767e-47]
12:53 ninjax INFO    : Signal injected in ifo V1. Frequencies, data, and PSD:
12:53 ninjax INFO    : [  20.           20.00390625   20.0078125  ... 2047.98828125
 2047.9921875  2047.99609375]
12:53 ninjax INFO    : [-3.62999974e-23-7.52672163e-24j  3.43799574e-23-1.02497655e-22j
 -2.79878994e-23-7.65091897e-23j ...
 -1.01144066e-22-3.69570960e-23j  5.08604687e-23+2.64491615e-23j
 -5.85334315e-23-6.12599179e-23j]
12:53 ninjax INFO    : [1.43183556e-46 1.43058540e-46 1.42935095e-46 ... 6.39793039e-47
 6.39795354e-47 6.39797668e-47]
12:53 ninjax INFO    : SNR for ifo H1 is 5.667084298059226
12:53 ninjax INFO    : SNR for ifo L1 is 4.245674064150092
12:53 ninjax INFO    : SNR for ifo V1 is 2.0187268895851265
12:53 ninjax INFO    : The network SNR is 7.363209283664307
12:53 ninjax INFO    : The network SNR does not pass the threshold, trying again
12:53 ninjax INFO    : Generating new injection
12:53 ninjax INFO    : Sanity check: generated parameters:
12:53 ninjax INFO    : {'mass_1_source': 1.7657856045440021, 'mass_2_source': 1.6774361018548798, 's1_z': 0.021470630751482117, 's2_z': 0.026922779407374225, 'cos_iota': -0.9412360567878348, 'd_L': 397.8315610131289, 't_c': 0.048658924758728656, 'phase_c': 2.3044093831751176, 'psi': 0.7035165171074911, 'ra': 1.969914819861942, 'sin_dec': -0.29775826432160857}
12:53 ninjax INFO    : Computing lambdas from EOS file /home/twouters2/projects/projection_BNS_A_plus/src/projection_BNS/data/HQC18.npz . . . 
12:53 ninjax INFO    : Injected lambda_1: 50.86578118738817
12:53 ninjax INFO    : Injected lambda_2: 75.4035999632748
12:53 ninjax INFO    : Duration is not specified in the config. Computed chirp time: for fmin = 20.0 and M_c = 1.6328303453218236 is 128.0
12:53 ninjax INFO    : After transforms, the injection parameters are:
12:53 ninjax INFO    : {'mass_1_source': 1.7657856045440021, 'mass_2_source': 1.6774361018548798, 's1_z': 0.021470630751482117, 's2_z': 0.026922779407374225, 'cos_iota': -0.9412360567878348, 'd_L': 397.8315610131289, 't_c': 0.048658924758728656, 'phase_c': 2.3044093831751176, 'psi': 0.7035165171074911, 'ra': 1.969914819861942, 'sin_dec': -0.29775826432160857, 'q': 0.9499658948052543, 'M_c': 1.6328303453218236, 'eta': 0.2498354043883305, 'iota': Array(2.79706785, dtype=float64, weak_type=True), 'dec': Array(-0.30234354, dtype=float64, weak_type=True), 'lambda_1': 50.86578118738817, 'lambda_2': 75.4035999632748}
12:53 ninjax INFO    : The trial injection parameters are {'M_c': 1.6328303453218236, 'eta': 0.2498354043883305, 's1_z': 0.021470630751482117, 's2_z': 0.026922779407374225, 'lambda_1': 50.86578118738817, 'lambda_2': 75.4035999632748, 'd_L': 397.8315610131289, 'phase_c': 2.3044093831751176, 'iota': 2.7970678517565872, 't_c': 0.048658924758728656, 'psi': 0.7035165171074911, 'ra': 1.969914819861942, 'dec': -0.30234354205165537}
12:53 ninjax INFO    : Injecting signals . . .
12:53 ninjax INFO    : self.ifos
12:53 ninjax INFO    : [GroundBased2G(H1), GroundBased2G(L1), GroundBased2G(V1)]
12:53 ninjax INFO    : Signal injected in ifo H1. Frequencies, data, and PSD:
12:53 ninjax INFO    : [  20.          20.0078125   20.015625  ... 2047.9765625
 2047.984375  2047.9921875]
12:53 ninjax INFO    : [ 1.00315501e-22-3.72639284e-23j -8.29186966e-24+1.65281793e-23j
 -1.02881906e-23+6.54450242e-23j ...
  6.19758377e-24-9.25074310e-24j -2.76416427e-24-3.63686629e-24j
 -9.20069465e-24-9.51879330e-26j]
12:53 ninjax INFO    : [1.44906511e-46 1.44667215e-46 1.44435812e-46 ... 2.17775889e-47
 2.17777440e-47 2.17778992e-47]
12:53 ninjax INFO    : Signal injected in ifo L1. Frequencies, data, and PSD:
12:53 ninjax INFO    : [  20.          20.0078125   20.015625  ... 2047.9765625
 2047.984375  2047.9921875]
12:53 ninjax INFO    : [ 6.90831983e-25-1.79252135e-23j  5.35728619e-23+8.32451981e-23j
 -1.18370360e-23+5.21776237e-23j ...
  4.04218858e-24+2.74284484e-23j -1.41654962e-23+4.99642962e-24j
  1.37366156e-23+3.55659692e-24j]
12:53 ninjax INFO    : [1.44906511e-46 1.44667215e-46 1.44435812e-46 ... 2.17775889e-47
 2.17777440e-47 2.17778992e-47]
12:53 ninjax INFO    : Signal injected in ifo V1. Frequencies, data, and PSD:
12:53 ninjax INFO    : [  20.          20.0078125   20.015625  ... 2047.9765625
 2047.984375  2047.9921875]
12:53 ninjax INFO    : [-6.05677301e-23-6.40253536e-23j  4.95542538e-23+1.02655526e-23j
 -6.54577144e-23+6.47631932e-23j ...
  3.90592925e-23-3.95861107e-23j  5.10816320e-24-3.06409221e-23j
  5.03815745e-23-2.06567297e-23j]
12:53 ninjax INFO    : [1.43183556e-46 1.42935095e-46 1.42688205e-46 ... 6.39786094e-47
 6.39790724e-47 6.39795354e-47]
12:53 ninjax INFO    : SNR for ifo H1 is 4.068818578228633
12:53 ninjax INFO    : SNR for ifo L1 is 8.000068511226177
12:53 ninjax INFO    : SNR for ifo V1 is 4.047514419764606
12:53 ninjax INFO    : The network SNR is 9.845748005360157
12:53 ninjax INFO    : The network SNR does not pass the threshold, trying again
12:53 ninjax INFO    : Generating new injection
12:53 ninjax INFO    : Sanity check: generated parameters:
12:53 ninjax INFO    : {'mass_1_source': 1.1355514123131285, 'mass_2_source': 1.8184842503742344, 's1_z': 0.029183740277022974, 's2_z': -0.0022419890917706464, 'cos_iota': -0.832431045700111, 'd_L': 299.5329020925431, 't_c': -0.013935757997185577, 'phase_c': 2.9228454217297255, 'psi': 2.5872588503663163, 'ra': 4.872904324785647, 'sin_dec': -0.6015286043150003}
12:53 ninjax INFO    : Computing lambdas from EOS file /home/twouters2/projects/projection_BNS_A_plus/src/projection_BNS/data/HQC18.npz . . . 
12:53 ninjax INFO    : Injected lambda_1: 39.873650722500564
12:53 ninjax INFO    : Injected lambda_2: 916.6438212768265
12:53 ninjax INFO    : Duration is not specified in the config. Computed chirp time: for fmin = 20.0 and M_c = 1.3283371474121988 is 256.0
12:53 ninjax INFO    : After transforms, the injection parameters are:
12:53 ninjax INFO    : {'mass_1_source': 1.8184842503742344, 'mass_2_source': 1.1355514123131285, 's1_z': 0.029183740277022974, 's2_z': -0.0022419890917706464, 'cos_iota': -0.832431045700111, 'd_L': 299.5329020925431, 't_c': -0.013935757997185577, 'phase_c': 2.9228454217297255, 'psi': 2.5872588503663163, 'ra': 4.872904324785647, 'sin_dec': -0.6015286043150003, 'q': 0.6244494072904058, 'M_c': 1.3283371474121988, 'eta': 0.23663821337639504, 'iota': Array(2.55427681, dtype=float64, weak_type=True), 'dec': Array(-0.64541324, dtype=float64, weak_type=True), 'lambda_1': 39.873650722500564, 'lambda_2': 916.6438212768265}
12:53 ninjax INFO    : The trial injection parameters are {'M_c': 1.3283371474121988, 'eta': 0.23663821337639504, 's1_z': 0.029183740277022974, 's2_z': -0.0022419890917706464, 'lambda_1': 39.873650722500564, 'lambda_2': 916.6438212768265, 'd_L': 299.5329020925431, 'phase_c': 2.9228454217297255, 'iota': 2.554276813108757, 't_c': -0.013935757997185577, 'psi': 2.5872588503663163, 'ra': 4.872904324785647, 'dec': -0.6454132364388637}
12:53 ninjax INFO    : Injecting signals . . .
12:53 ninjax INFO    : self.ifos
12:53 ninjax INFO    : [GroundBased2G(H1), GroundBased2G(L1), GroundBased2G(V1)]
12:53 ninjax INFO    : Signal injected in ifo H1. Frequencies, data, and PSD:
12:53 ninjax INFO    : [  20.           20.00390625   20.0078125  ... 2047.98828125
 2047.9921875  2047.99609375]
12:53 ninjax INFO    : [-7.45536331e-23+3.59175843e-23j  4.59524470e-24+2.21370072e-23j
 -7.74379123e-23+5.00575637e-23j ...
 -2.79949733e-24-7.18960365e-23j  3.37292300e-23-6.86613348e-24j
 -5.22754752e-24-4.36677590e-25j]
12:53 ninjax INFO    : [1.44906511e-46 1.44785671e-46 1.44667215e-46 ... 2.17778216e-47
 2.17778992e-47 2.17779767e-47]
12:53 ninjax INFO    : Signal injected in ifo L1. Frequencies, data, and PSD:
12:53 ninjax INFO    : [  20.           20.00390625   20.0078125  ... 2047.98828125
 2047.9921875  2047.99609375]
12:53 ninjax INFO    : [-5.25800688e-23-7.87284544e-23j -4.19581497e-23-5.49591609e-23j
 -6.08252282e-23-9.76581058e-23j ...
  2.35123790e-23+2.66234234e-23j  6.14699568e-23-3.60387606e-24j
 -1.01474421e-24-8.83804054e-24j]
12:53 ninjax INFO    : [1.44906511e-46 1.44785671e-46 1.44667215e-46 ... 2.17778216e-47
 2.17778992e-47 2.17779767e-47]
12:53 ninjax INFO    : Signal injected in ifo V1. Frequencies, data, and PSD:
12:53 ninjax INFO    : [  20.           20.00390625   20.0078125  ... 2047.98828125
 2047.9921875  2047.99609375]
12:53 ninjax INFO    : [-3.65379370e-23-1.32834118e-23j  3.22580328e-23-9.63394270e-23j
 -2.32207765e-23-8.15660535e-23j ...
 -1.01144066e-22-3.69570960e-23j  5.08604687e-23+2.64491615e-23j
 -5.85334315e-23-6.12599179e-23j]
12:53 ninjax INFO    : [1.43183556e-46 1.43058540e-46 1.42935095e-46 ... 6.39793039e-47
 6.39795354e-47 6.39797668e-47]
12:53 ninjax INFO    : SNR for ifo H1 is 12.864510270387878
12:53 ninjax INFO    : SNR for ifo L1 is 15.918263868590557
12:53 ninjax INFO    : SNR for ifo V1 is 9.924452625063259
12:53 ninjax INFO    : The network SNR is 22.7460218278739
12:53 ninjax INFO    : Network SNR passes threshold
12:53 ninjax INFO    : Sanity checking the GW injection for ArrayImpl
12:53 ninjax INFO    :    mass_1_source: 1.8184842503742344
12:53 ninjax INFO    :    mass_2_source: 1.1355514123131285
12:53 ninjax INFO    :    s1_z: 0.029183740277022974
12:53 ninjax INFO    :    s2_z: -0.0022419890917706464
12:53 ninjax INFO    :    cos_iota: -0.832431045700111
12:53 ninjax INFO    :    d_L: 299.5329020925431
12:53 ninjax INFO    :    t_c: -0.013935757997185577
12:53 ninjax INFO    :    phase_c: 2.9228454217297255
12:53 ninjax INFO    :    psi: 2.5872588503663163
12:53 ninjax INFO    :    ra: 4.872904324785647
12:53 ninjax INFO    :    sin_dec: -0.6015286043150003
12:53 ninjax INFO    :    q: 0.6244494072904058
12:53 ninjax INFO    :    M_c: 1.3283371474121988
12:53 ninjax INFO    :    eta: 0.23663821337639504
12:53 ninjax INFO    :    iota: 2.554276813108757
12:53 ninjax INFO    :    dec: -0.6454132364388637
12:53 ninjax INFO    :    lambda_1: 39.873650722500564
12:53 ninjax INFO    :    lambda_2: 916.6438212768265
12:53 ninjax INFO    :    H1_SNR: 12.864510270387878
12:53 ninjax INFO    :    L1_SNR: 15.918263868590557
12:53 ninjax INFO    :    V1_SNR: 9.924452625063259
12:53 ninjax INFO    :    network_SNR: 22.7460218278739
12:53 ninjax INFO    :    epoch: 254.0
12:53 ninjax INFO    :    gmst: 2.7288901910520846
12:53 ninjax INFO    :    duration: 256.0
12:53 ninjax INFO    : Using GW HeterodynedTransientLikelihoodFD. Initializing likelihood
12:53 ninjax INFO    : Using the injection parameters as reference parameters for the relative binning
12:53 ninjax INFO    : Using the following kwargs for the GW likelihood: {}
12:56 ninjax INFO    : Initialization of HeterodynedTransientLikelihoodFD took 184.49613451957703 seconds = 3.074935575326284 minutes
12:56 ninjax INFO    : The priors are not modified after their initialization
12:56 ninjax INFO    : Required keys for the likelihood: ['M_c', 'eta', 's1_z', 's2_z', 'lambda_1', 'lambda_2', 'd_L', 'phase_c', 'iota', 't_c', 'psi', 'ra', 'dec']
12:56 ninjax INFO    : Checking the setup between prior, transforms, and likelihood
12:56 ninjax INFO    : sample: {'M_c': Array([2.37149643, 1.77316381, 1.91806476], dtype=float64), 'q': Array([0.49869126, 0.1326821 , 0.49768115], dtype=float64), 's1_z': Array([ 0.00555074, -0.03066674,  0.01428508], dtype=float64), 's2_z': Array([ 0.02239761, -0.03054075, -0.04512398], dtype=float64), 'lambda_1': Array([1190.95491451, 2008.67276846, 4129.1692237 ], dtype=float64), 'lambda_2': Array([4141.23226064, 1932.77297645, 2542.4660595 ], dtype=float64), 'cos_iota': Array([-0.1780627 , -0.23763876, -0.17842899], dtype=float64), 'd_L': Array([321.359255  , 966.15178026, 718.62831672], dtype=float64), 't_c': Array([ 0.08524788, -0.0032088 , -0.05126418], dtype=float64), 'phase_c': Array([0.98276538, 0.61934563, 2.16033979], dtype=float64), 'psi': Array([1.47376263, 0.96900813, 2.62302486], dtype=float64), 'ra': Array([0.33791018, 4.92565927, 4.10164718], dtype=float64), 'sin_dec': Array([-0.55613435,  0.07447025, -0.75930948], dtype=float64)}
12:56 ninjax INFO    : log_prob: [-28.09230456  -2.88204281 -13.34712064]
12:56 ninjax INFO    : Checking log_prob at injection parameters: {'mass_1_source': 1.8184842503742344, 'mass_2_source': 1.1355514123131285, 's1_z': 0.029183740277022974, 's2_z': -0.0022419890917706464, 'cos_iota': -0.832431045700111, 'd_L': 299.5329020925431, 't_c': -0.013935757997185577, 'phase_c': 2.9228454217297255, 'psi': 2.5872588503663163, 'ra': 4.872904324785647, 'sin_dec': -0.6015286043150003, 'q': 0.6244494072904058, 'M_c': 1.3283371474121988, 'eta': 0.23663821337639504, 'iota': Array(2.55427681, dtype=float64, weak_type=True), 'dec': Array(-0.64541324, dtype=float64, weak_type=True), 'lambda_1': 39.873650722500564, 'lambda_2': 916.6438212768265, 'H1_SNR': 12.864510270387878, 'L1_SNR': 15.918263868590557, 'V1_SNR': 9.924452625063259, 'network_SNR': 22.7460218278739, 'epoch': 254.0, 'gmst': 2.7288901910520846, 'duration': 256.0}
12:56 ninjax INFO    : log_prob at the injection parameters is: 237.66018052002147
12:56 ninjax INFO    : Will plot these keys: ['M_c', 'q', 's1_z', 's2_z', 'lambda_1', 'lambda_2', 'd_L', 't_c', 'phase_c', 'iota', 'psi', 'ra', 'dec']
12:56 ninjax INFO    : Will plot the labels: ['$M_c/M_\\odot$', '$q$', '$\\chi_1$', '$\\chi_2$', '$\\Lambda_1$', '$\\Lambda_2$', '$d_{\\rm{L}}/{\\rm Mpc}$', '$t_c$', '$\\phi_c$', '$\\iota$', '$\\psi$', '$\\alpha$', '$\\delta$']
12:56 ninjax INFO    : Ninjax setup complete.
12:56 ninjax INFO    : Saving output to ./outdir/injection_26/
12:56 ninjax INFO    : Using polynomial learning rate scheduler
12:56 ninjax INFO    : The hyperparameters passed to flowMC and jim are
12:56 ninjax INFO    :    n_loop_training: 200
12:56 ninjax INFO    :    n_loop_production: 10
12:56 ninjax INFO    :    n_local_steps: 100
12:56 ninjax INFO    :    n_global_steps: 1000
12:56 ninjax INFO    :    n_epochs: 25
12:56 ninjax INFO    :    n_chains: 1000
12:56 ninjax INFO    :    learning_rate: <function polynomial_schedule.<locals>.schedule at 0x1530683464d0>
12:56 ninjax INFO    :    max_samples: 50000
12:56 ninjax INFO    :    momentum: 0.9
12:56 ninjax INFO    :    batch_size: 30000
12:56 ninjax INFO    :    use_global: True
12:56 ninjax INFO    :    keep_quantile: 0.0
12:56 ninjax INFO    :    train_thinning: 10
12:56 ninjax INFO    :    output_thinning: 50
12:56 ninjax INFO    :    n_sample_max: 10000
12:56 ninjax INFO    :    num_layers: 10
12:56 ninjax INFO    :    hidden_size: [128, 128]
12:56 ninjax INFO    :    num_bins: 8
12:56 ninjax INFO    :    save_training_chains: False
12:56 ninjax INFO    :    eps_mass_matrix: 1e-05
12:56 ninjax INFO    :    use_scheduler: True
12:56 ninjax INFO    :    use_temperature: False
12:56 ninjax INFO    :    which_temperature_schedule: exponential
12:56 ninjax INFO    :    starting_temperature: 2.0
12:56 ninjax INFO    :    stop_tempering_iteration: 75
12:56 ninjax INFO    :    stopping_criterion_global_acc: 0.1
12:56 ninjax INFO    :    stopping_criterion_loss: -inf
12:56 ninjax INFO    :    nf_model_kwargs: {}
12:56 ninjax INFO    :    local sampler arg not shown (pretty print)
12:56 ninjax INFO    : Fetching the injected values for plotting
Checking the noise that was generated in inject_signal ifo:
[ 1.00341628e-22 -6.45374061e-24 -9.46822748e-24 -1.77175135e-24
 -2.45028465e-23  3.61283623e-23  1.71306271e-23  2.02607570e-24
 -3.07210241e-23 -6.40826677e-23]
[-3.53793577e-23  1.69408748e-23  6.37498996e-23  2.08359851e-23
 -1.35109669e-23  3.20068867e-23  1.54578826e-23 -4.32091308e-23
  1.17044641e-23  9.20595578e-24]
Checking the noise that was generated in inject_signal ifo:
[ 3.29488658e-24  5.67422724e-23 -1.29799442e-23  2.70916381e-23
  1.22119064e-22  3.30721674e-23 -1.34454763e-24  4.33790435e-23
  1.61394208e-22 -5.76708768e-23]
[-1.52886059e-23  8.13281535e-23  4.86560583e-23  4.45198730e-23
 -2.48264870e-23  1.70583985e-23  8.58808951e-24  1.62708246e-23
 -2.20886614e-23 -2.37132201e-25]
Checking the noise that was generated in inject_signal ifo:
[-6.10144935e-23  4.71789851e-23 -6.61054141e-23  3.20116502e-24
 -7.50597135e-24  2.77572937e-23  7.61685432e-23 -1.69881314e-23
  4.60166397e-23  5.66832417e-23]
[-6.63619054e-23  1.01560648e-23  6.70499372e-23  5.90258582e-23
 -2.94109227e-23 -7.24042257e-23  7.06012264e-23  7.11037359e-23
  4.66712209e-23 -1.86769657e-23]
Checking the noise that was generated in inject_signal ifo:
[-6.88491372e-23 -2.74904856e-25 -7.39018547e-23 -1.82050717e-22
 -3.95986954e-23 -3.37715733e-23 -2.22525266e-23  6.34480573e-23
  1.38362645e-22  1.12603461e-22]
[ 3.75958503e-23  1.87277106e-23  5.48347782e-23 -9.21856653e-23
 -1.13014372e-23  3.84649759e-23 -1.00081037e-23  8.77913525e-23
  8.64126230e-23 -7.33702194e-23]
Checking the noise that was generated in inject_signal ifo:
[-5.99282992e-23 -3.51143926e-23 -6.64588422e-23  5.27240648e-23
  3.98362498e-23  6.04514038e-23 -7.88929913e-23  1.01132699e-22
  3.77776898e-23 -3.43939732e-24]
[-7.91027257e-23 -5.22619826e-23 -1.02385621e-22  5.78958742e-24
 -3.88775564e-23  1.33606047e-22 -1.81861859e-23 -7.70481788e-23
  1.58062629e-22 -6.02345604e-23]
Checking the noise that was generated in inject_signal ifo:
[-3.74824764e-23  3.49852347e-23 -2.74378433e-23 -6.72970117e-23
 -6.30168888e-23 -5.90257629e-23  6.02086180e-24  8.14376717e-23
  1.19407422e-23  5.30264988e-23]
[-7.53816069e-24 -1.01482083e-22 -7.75553954e-23 -1.00364665e-23
  3.76603493e-23  5.93492504e-23  7.27645405e-23 -7.29000697e-23
 -2.28542201e-23 -3.42587205e-23]
Checking the noise that was generated in inject_signal ifo:
[-6.88491372e-23 -2.74904856e-25 -7.39018547e-23 -1.82050717e-22
 -3.95986954e-23 -3.37715733e-23 -2.22525266e-23  6.34480573e-23
  1.38362645e-22  1.12603461e-22]
[ 3.75958503e-23  1.87277106e-23  5.48347782e-23 -9.21856653e-23
 -1.13014372e-23  3.84649759e-23 -1.00081037e-23  8.77913525e-23
  8.64126230e-23 -7.33702194e-23]
Checking the noise that was generated in inject_signal ifo:
[-5.99282992e-23 -3.51143926e-23 -6.64588422e-23  5.27240648e-23
  3.98362498e-23  6.04514038e-23 -7.88929913e-23  1.01132699e-22
  3.77776898e-23 -3.43939732e-24]
[-7.91027257e-23 -5.22619826e-23 -1.02385621e-22  5.78958742e-24
 -3.88775564e-23  1.33606047e-22 -1.81861859e-23 -7.70481788e-23
  1.58062629e-22 -6.02345604e-23]
Checking the noise that was generated in inject_signal ifo:
[-3.74824764e-23  3.49852347e-23 -2.74378433e-23 -6.72970117e-23
 -6.30168888e-23 -5.90257629e-23  6.02086180e-24  8.14376717e-23
  1.19407422e-23  5.30264988e-23]
[-7.53816069e-24 -1.01482083e-22 -7.75553954e-23 -1.00364665e-23
  3.76603493e-23  5.93492504e-23  7.27645405e-23 -7.29000697e-23
 -2.28542201e-23 -3.42587205e-23]
Checking the noise that was generated in inject_signal ifo:
[ 1.00341628e-22 -6.45374061e-24 -9.46822748e-24 -1.77175135e-24
 -2.45028465e-23  3.61283623e-23  1.71306271e-23  2.02607570e-24
 -3.07210241e-23 -6.40826677e-23]
[-3.53793577e-23  1.69408748e-23  6.37498996e-23  2.08359851e-23
 -1.35109669e-23  3.20068867e-23  1.54578826e-23 -4.32091308e-23
  1.17044641e-23  9.20595578e-24]
Checking the noise that was generated in inject_signal ifo:
[ 3.29488658e-24  5.67422724e-23 -1.29799442e-23  2.70916381e-23
  1.22119064e-22  3.30721674e-23 -1.34454763e-24  4.33790435e-23
  1.61394208e-22 -5.76708768e-23]
[-1.52886059e-23  8.13281535e-23  4.86560583e-23  4.45198730e-23
 -2.48264870e-23  1.70583985e-23  8.58808951e-24  1.62708246e-23
 -2.20886614e-23 -2.37132201e-25]
Checking the noise that was generated in inject_signal ifo:
[-6.10144935e-23  4.71789851e-23 -6.61054141e-23  3.20116502e-24
 -7.50597135e-24  2.77572937e-23  7.61685432e-23 -1.69881314e-23
  4.60166397e-23  5.66832417e-23]
[-6.63619054e-23  1.01560648e-23  6.70499372e-23  5.90258582e-23
 -2.94109227e-23 -7.24042257e-23  7.06012264e-23  7.11037359e-23
  4.66712209e-23 -1.86769657e-23]
Checking the noise that was generated in inject_signal ifo:
[-6.88491372e-23 -2.74904856e-25 -7.39018547e-23 -1.82050717e-22
 -3.95986954e-23 -3.37715733e-23 -2.22525266e-23  6.34480573e-23
  1.38362645e-22  1.12603461e-22]
[ 3.75958503e-23  1.87277106e-23  5.48347782e-23 -9.21856653e-23
 -1.13014372e-23  3.84649759e-23 -1.00081037e-23  8.77913525e-23
  8.64126230e-23 -7.33702194e-23]
Checking the noise that was generated in inject_signal ifo:
[-5.99282992e-23 -3.51143926e-23 -6.64588422e-23  5.27240648e-23
  3.98362498e-23  6.04514038e-23 -7.88929913e-23  1.01132699e-22
  3.77776898e-23 -3.43939732e-24]
[-7.91027257e-23 -5.22619826e-23 -1.02385621e-22  5.78958742e-24
 -3.88775564e-23  1.33606047e-22 -1.81861859e-23 -7.70481788e-23
  1.58062629e-22 -6.02345604e-23]
Checking the noise that was generated in inject_signal ifo:
[-3.74824764e-23  3.49852347e-23 -2.74378433e-23 -6.72970117e-23
 -6.30168888e-23 -5.90257629e-23  6.02086180e-24  8.14376717e-23
  1.19407422e-23  5.30264988e-23]
[-7.53816069e-24 -1.01482083e-22 -7.75553954e-23 -1.00364665e-23
  3.76603493e-23  5.93492504e-23  7.27645405e-23 -7.29000697e-23
 -2.28542201e-23 -3.42587205e-23]
NOTE: we are given a reference waveform!
Initializing heterodyned likelihood..
Comparing against relative binning in bilby
Using 5941 bins for relative binning for epsilon 0.01
Time for binning scheme: 0.17835116386413574 seconds
Using provided reference parameters:
ref_params for relative binning:
{'mass_1_source': 1.8184842503742344, 'mass_2_source': 1.1355514123131285, 's1_z': 0.029183740277022974, 's2_z': -0.0022419890917706464, 'cos_iota': -0.832431045700111, 'd_L': 299.5329020925431, 't_c': -0.013935757997185577, 'phase_c': 2.9228454217297255, 'psi': 2.5872588503663163, 'ra': 4.872904324785647, 'sin_dec': -0.6015286043150003, 'q': 0.6244494072904058, 'M_c': 1.3283371474121988, 'eta': 0.23663821337639504, 'iota': Array(2.55427681, dtype=float64, weak_type=True), 'dec': Array(-0.64541324, dtype=float64, weak_type=True), 'lambda_1': 39.873650722500564, 'lambda_2': 916.6438212768265, 'H1_SNR': 12.864510270387878, 'L1_SNR': 15.918263868590557, 'V1_SNR': 9.924452625063259, 'network_SNR': 22.7460218278739, 'epoch': 254.0, 'gmst': 2.7288901910520846, 'duration': 256.0}
Constructing reference waveforms. . .
Time for reference waveforms: 0.51007080078125 seconds
Time for h_sky_low and h_sky_center: 5.592039585113525 seconds
Going to compute the masks . . .
Time taken for f_index_array calculation is 0.7004117965698242
Going to compute coefficients . . .
Time for computing coefficients: 162.5816569328308 seconds
Time for computing coefficients: 7.250393867492676 seconds
Time for computing coefficients: 7.146012306213379 seconds
['M_c', 'eta', 's1_z', 's2_z', 'lambda_1', 'lambda_2', 'd_L', 'phase_c', 'iota', 't_c', 'psi', 'ra', 'dec']
INFO: Using MALA as local sampler
Setting up a single Gaussian distribution
No autotune found, use input sampler_params
Training normalizing flow
Tuning global sampler:   0%|          | 0/200 [00:00<?, ?it/s]Tuning global sampler:   0%|          | 1/200 [02:02<6:47:24, 122.84s/it]Tuning global sampler:   1%|          | 2/200 [02:07<2:55:49, 53.28s/it] Tuning global sampler:   2%|▏         | 3/200 [02:12<1:42:01, 31.07s/it]Tuning global sampler:   2%|▏         | 4/200 [02:16<1:07:22, 20.63s/it]Tuning global sampler:   2%|▎         | 5/200 [02:21<48:15, 14.85s/it]  Tuning global sampler:   3%|▎         | 6/200 [02:25<36:45, 11.37s/it]Tuning global sampler:   4%|▎         | 7/200 [02:30<29:23,  9.14s/it]Tuning global sampler:   4%|▍         | 8/200 [02:35<24:37,  7.69s/it]Tuning global sampler:   4%|▍         | 9/200 [02:39<21:22,  6.71s/it]Tuning global sampler:   5%|▌         | 10/200 [02:44<19:01,  6.01s/it]Tuning global sampler:   6%|▌         | 11/200 [02:48<17:32,  5.57s/it]Tuning global sampler:   6%|▌         | 12/200 [02:53<16:32,  5.28s/it]Tuning global sampler:   6%|▋         | 13/200 [02:57<15:45,  5.06s/it]Tuning global sampler:   7%|▋         | 14/200 [03:02<15:16,  4.93s/it]Tuning global sampler:   8%|▊         | 15/200 [03:07<14:55,  4.84s/it]Tuning global sampler:   8%|▊         | 16/200 [03:11<14:38,  4.77s/it]Tuning global sampler:   8%|▊         | 17/200 [03:16<14:25,  4.73s/it]Tuning global sampler:   9%|▉         | 18/200 [03:20<14:15,  4.70s/it]Tuning global sampler:  10%|▉         | 19/200 [03:26<14:59,  4.97s/it]Tuning global sampler:  10%|█         | 20/200 [03:31<14:35,  4.87s/it]Tuning global sampler:  10%|█         | 21/200 [03:35<14:17,  4.79s/it]Tuning global sampler:  11%|█         | 22/200 [03:40<14:01,  4.73s/it]Tuning global sampler:  12%|█▏        | 23/200 [03:44<13:49,  4.69s/it]Tuning global sampler:  12%|█▏        | 24/200 [03:49<13:30,  4.60s/it]Tuning global sampler:  12%|█▎        | 25/200 [03:53<13:14,  4.54s/it]Tuning global sampler:  13%|█▎        | 26/200 [03:58<13:01,  4.49s/it]Tuning global sampler:  14%|█▎        | 27/200 [04:02<12:50,  4.46s/it]Tuning global sampler:  14%|█▍        | 28/200 [04:06<12:42,  4.43s/it]Tuning global sampler:  14%|█▍        | 29/200 [04:11<12:35,  4.42s/it]Tuning global sampler:  15%|█▌        | 30/200 [04:15<12:28,  4.41s/it]Tuning global sampler:  16%|█▌        | 31/200 [04:20<12:23,  4.40s/it]Tuning global sampler:  16%|█▌        | 32/200 [04:24<12:17,  4.39s/it]Tuning global sampler:  16%|█▋        | 33/200 [04:28<12:10,  4.38s/it]Tuning global sampler:  17%|█▋        | 34/200 [04:33<12:04,  4.37s/it]Tuning global sampler:  18%|█▊        | 35/200 [04:37<12:01,  4.37s/it]Tuning global sampler:  18%|█▊        | 36/200 [04:41<11:56,  4.37s/it]Tuning global sampler:  18%|█▊        | 37/200 [04:46<11:53,  4.38s/it]Tuning global sampler:  19%|█▉        | 38/200 [04:50<11:48,  4.38s/it]Tuning global sampler:  20%|█▉        | 39/200 [04:54<11:44,  4.38s/it]Tuning global sampler:  20%|██        | 40/200 [05:00<12:28,  4.68s/it]Tuning global sampler:  20%|██        | 41/200 [05:04<12:08,  4.58s/it]Tuning global sampler:  21%|██        | 42/200 [05:09<11:54,  4.52s/it]Tuning global sampler:  22%|██▏       | 43/200 [05:13<11:43,  4.48s/it]Tuning global sampler:  22%|██▏       | 44/200 [05:17<11:33,  4.44s/it]Tuning global sampler:  22%|██▎       | 45/200 [05:22<11:24,  4.42s/it]Tuning global sampler:  23%|██▎       | 46/200 [05:26<11:18,  4.41s/it]Tuning global sampler:  24%|██▎       | 47/200 [05:30<11:12,  4.40s/it]Tuning global sampler:  24%|██▍       | 48/200 [05:35<11:07,  4.39s/it]Tuning global sampler:  24%|██▍       | 49/200 [05:39<11:03,  4.39s/it]Tuning global sampler:  25%|██▌       | 50/200 [05:44<10:59,  4.39s/it]Tuning global sampler:  26%|██▌       | 51/200 [05:48<10:54,  4.39s/it]Tuning global sampler:  26%|██▌       | 52/200 [05:52<10:49,  4.39s/it]Tuning global sampler:  26%|██▋       | 53/200 [05:57<10:45,  4.39s/it]Tuning global sampler:  27%|██▋       | 54/200 [06:01<10:40,  4.39s/it]Tuning global sampler:  28%|██▊       | 55/200 [06:05<10:33,  4.37s/it]Tuning global sampler:  28%|██▊       | 56/200 [06:10<10:28,  4.36s/it]Tuning global sampler:  28%|██▊       | 57/200 [06:14<10:25,  4.37s/it]Tuning global sampler:  29%|██▉       | 58/200 [06:19<10:21,  4.38s/it]Tuning global sampler:  30%|██▉       | 59/200 [06:23<10:19,  4.39s/it]Tuning global sampler:  30%|███       | 60/200 [06:27<10:14,  4.39s/it]Tuning global sampler:  30%|███       | 61/200 [06:33<10:52,  4.70s/it]Tuning global sampler:  31%|███       | 62/200 [06:37<10:35,  4.61s/it]Tuning global sampler:  32%|███▏      | 63/200 [06:42<10:22,  4.54s/it]Tuning global sampler:  32%|███▏      | 64/200 [06:46<10:10,  4.49s/it]Tuning global sampler:  32%|███▎      | 65/200 [06:50<10:01,  4.46s/it]Tuning global sampler:  33%|███▎      | 66/200 [06:55<09:52,  4.42s/it]Tuning global sampler:  34%|███▎      | 67/200 [06:59<09:44,  4.40s/it]Tuning global sampler:  34%|███▍      | 68/200 [07:03<09:40,  4.39s/it]Tuning global sampler:  34%|███▍      | 69/200 [07:08<09:35,  4.39s/it]Tuning global sampler:  35%|███▌      | 70/200 [07:12<09:31,  4.39s/it]Tuning global sampler:  36%|███▌      | 71/200 [07:17<09:26,  4.39s/it]Tuning global sampler:  36%|███▌      | 72/200 [07:21<09:21,  4.39s/it]Tuning global sampler:  36%|███▋      | 73/200 [07:25<09:17,  4.39s/it]Tuning global sampler:  37%|███▋      | 74/200 [07:30<09:13,  4.39s/it]Tuning global sampler:  38%|███▊      | 75/200 [07:34<09:09,  4.39s/it]Tuning global sampler:  38%|███▊      | 76/200 [07:39<09:05,  4.40s/it]Tuning global sampler:  38%|███▊      | 77/200 [07:43<08:58,  4.38s/it]Tuning global sampler:  39%|███▉      | 78/200 [07:47<08:52,  4.37s/it]Tuning global sampler:  40%|███▉      | 79/200 [07:52<08:48,  4.37s/it]Tuning global sampler:  40%|████      | 80/200 [07:56<08:44,  4.37s/it]Tuning global sampler:  40%|████      | 81/200 [08:00<08:40,  4.38s/it]Tuning global sampler:  40%|████      | 81/200 [08:05<11:52,  5.99s/it]
Compiling MALA body
Early stopping: global acceptance target rate achieved
Starting Production run
Production run:   0%|          | 0/10 [00:00<?, ?it/s]Production run:  10%|█         | 1/10 [00:03<00:28,  3.21s/it]Production run:  20%|██        | 2/10 [00:06<00:25,  3.21s/it]Production run:  30%|███       | 3/10 [00:09<00:22,  3.21s/it]Production run:  40%|████      | 4/10 [00:12<00:19,  3.21s/it]Production run:  50%|█████     | 5/10 [00:16<00:16,  3.21s/it]Production run:  60%|██████    | 6/10 [00:19<00:12,  3.21s/it]Production run:  70%|███████   | 7/10 [00:22<00:09,  3.21s/it]Production run:  80%|████████  | 8/10 [00:25<00:06,  3.21s/it]Production run:  90%|█████████ | 9/10 [00:28<00:03,  3.21s/it]Production run: 100%|██████████| 10/10 [00:32<00:00,  3.21s/it]Production run: 100%|██████████| 10/10 [00:32<00:00,  3.21s/it]
13:05 ninjax INFO    : Saving samples to ./outdir/injection_26/results_training.npz
13:05 ninjax INFO    : Saving the NF
13:05 ninjax INFO    : Time taken: 525.716361284256 seconds (8.7619393547376 minutes)
13:05 ninjax INFO    : Creating the final corner plot
13:05 ninjax INFO    : Dumping the final production chains
13:05 ninjax INFO    : Chains shape is: (13, 220000)
13:05 ninjax INFO    : Key: M_c: ESS = 59607, Rhat = 1.0117322198608847
13:05 ninjax INFO    : Key: q: ESS = 33998, Rhat = 1.018783960783415
13:05 ninjax INFO    : Key: s1_z: ESS = 56143, Rhat = 1.0126293322513853
13:05 ninjax INFO    : Key: s2_z: ESS = 44851, Rhat = 1.0151815595337872
13:05 ninjax INFO    : Key: lambda_1: ESS = 38470, Rhat = 1.0171588156853952
13:05 ninjax INFO    : Key: lambda_2: ESS = 66337, Rhat = 1.0107930089160906
13:05 ninjax INFO    : Key: cos_iota: ESS = 51577, Rhat = 1.0137919247751352
13:05 ninjax INFO    : Key: d_L: ESS = 46630, Rhat = 1.014480535993716
13:05 ninjax INFO    : Key: t_c: ESS = 32572, Rhat = 1.0192259779967403
13:05 ninjax INFO    : Key: phase_c: ESS = 48746, Rhat = 1.0145419225414392
13:05 ninjax INFO    : Key: psi: ESS = 48845, Rhat = 1.0134668866510212
13:05 ninjax INFO    : Key: ra: ESS = 64494, Rhat = 1.0110744743341062
13:05 ninjax INFO    : Key: sin_dec: ESS = 63915, Rhat = 1.011461647943819
13:05 ninjax INFO    : Key: eta: ESS = 33998, Rhat = 1.018783960783415
13:05 ninjax INFO    : Key: iota: ESS = 51577, Rhat = 1.013791924775135
13:05 ninjax INFO    : Key: dec: ESS = 63915, Rhat = 1.011461647943819
13:05 ninjax INFO    : Finished successfully!
Training summary
==========
M_c: 1.346 +/- 0.129
q: 0.746 +/- 0.189
s1_z: 0.002 +/- 0.026
s2_z: -0.000 +/- 0.027
lambda_1: 1766.748 +/- 1511.173
lambda_2: 1920.206 +/- 1433.456
cos_iota: -0.198 +/- 0.662
d_L: 494.801 +/- 242.512
t_c: -0.007 +/- 0.021
phase_c: 3.016 +/- 1.737
psi: 1.397 +/- 0.904
ra: 3.949 +/- 1.623
sin_dec: -0.300 +/- 0.506
Log probability: 131.129 +/- 98.954
Local acceptance: 0.608 +/- 0.488
Global acceptance: 0.012 +/- 0.108
Max loss: 22.823, Min loss: 3.954
Production summary
==========
M_c: 1.328 +/- 0.000
q: 0.823 +/- 0.109
s1_z: -0.002 +/- 0.025
s2_z: -0.003 +/- 0.027
lambda_1: 427.704 +/- 376.415
lambda_2: 783.067 +/- 646.509
cos_iota: -0.823 +/- 0.133
d_L: 298.571 +/- 44.523
t_c: -0.013 +/- 0.001
phase_c: 3.151 +/- 1.808
psi: 1.524 +/- 0.900
ra: 4.884 +/- 0.007
sin_dec: -0.597 +/- 0.010
Log probability: 236.065 +/- 2.348
Local acceptance: 0.293 +/- 0.455
Global acceptance: 0.133 +/- 0.339
DONE

JOB STATISTICS
==============
Job ID: 10863593
Cluster: snellius
User/Group: twouters2/twouters2
State: RUNNING
Nodes: 1
Cores per node: 16
CPU Utilized: 00:00:00
CPU Efficiency: 0.00% of 03:26:08 core-walltime
Job Wall-clock time: 00:12:53
Memory Utilized: 0.00 MB (estimated maximum)
Memory Efficiency: 0.00% of 10.00 GB (10.00 GB/node)
WARNING: Efficiency statistics may be misleading for RUNNING jobs.
