Tue Apr  1 15:34:29 CEST 2025
NVIDIA H100
/gpfs/home6/twouters2/ninjax_dev/jim/src/jimgw/prior.py:94: UserWarning: As of jaxtyping version 0.2.24, jaxtyping now prefers the syntax
```
from jaxtyping import jaxtyped
# Use your favourite typechecker: usually one of the two lines below.
from typeguard import typechecked as typechecker
from beartype import beartype as typechecker

@jaxtyped(typechecker=typechecker)
def foo(...):
```
and the old double-decorator syntax
```
@jaxtyped
@typechecker
def foo(...):
```
should no longer be used. (It will continue to work as it did before, but the new approach will produce more readable error messages.)
In particular note that `typechecker` must be passed via keyword argument; the following is not valid:
```
@jaxtyped(typechecker)
def foo(...):
```

  class Uniform(Prior):
/gpfs/home6/twouters2/ninjax_dev/jim/src/jimgw/prior.py:149: UserWarning: As of jaxtyping version 0.2.24, jaxtyping now prefers the syntax
```
from jaxtyping import jaxtyped
# Use your favourite typechecker: usually one of the two lines below.
from typeguard import typechecked as typechecker
from beartype import beartype as typechecker

@jaxtyped(typechecker=typechecker)
def foo(...):
```
and the old double-decorator syntax
```
@jaxtyped
@typechecker
def foo(...):
```
should no longer be used. (It will continue to work as it did before, but the new approach will produce more readable error messages.)
In particular note that `typechecker` must be passed via keyword argument; the following is not valid:
```
@jaxtyped(typechecker)
def foo(...):
```

  class Unconstrained_Uniform(Prior):
/gpfs/home6/twouters2/ninjax_dev/jim/src/jimgw/prior.py:263: UserWarning: As of jaxtyping version 0.2.24, jaxtyping now prefers the syntax
```
from jaxtyping import jaxtyped
# Use your favourite typechecker: usually one of the two lines below.
from typeguard import typechecked as typechecker
from beartype import beartype as typechecker

@jaxtyped(typechecker=typechecker)
def foo(...):
```
and the old double-decorator syntax
```
@jaxtyped
@typechecker
def foo(...):
```
should no longer be used. (It will continue to work as it did before, but the new approach will produce more readable error messages.)
In particular note that `typechecker` must be passed via keyword argument; the following is not valid:
```
@jaxtyped(typechecker)
def foo(...):
```

  class AlignedSpin(Prior):
/gpfs/home6/twouters2/ninjax_dev/jim/src/jimgw/prior.py:377: UserWarning: As of jaxtyping version 0.2.24, jaxtyping now prefers the syntax
```
from jaxtyping import jaxtyped
# Use your favourite typechecker: usually one of the two lines below.
from typeguard import typechecked as typechecker
from beartype import beartype as typechecker

@jaxtyped(typechecker=typechecker)
def foo(...):
```
and the old double-decorator syntax
```
@jaxtyped
@typechecker
def foo(...):
```
should no longer be used. (It will continue to work as it did before, but the new approach will produce more readable error messages.)
In particular note that `typechecker` must be passed via keyword argument; the following is not valid:
```
@jaxtyped(typechecker)
def foo(...):
```

  class PowerLaw(Prior):
/gpfs/home6/twouters2/ninjax_dev/jim/src/jimgw/single_event/detector.py:496: UserWarning: As of jaxtyping version 0.2.24, jaxtyping now prefers the syntax
```
from jaxtyping import jaxtyped
# Use your favourite typechecker: usually one of the two lines below.
from typeguard import typechecked as typechecker
from beartype import beartype as typechecker

@jaxtyped(typechecker=typechecker)
def foo(...):
```
and the old double-decorator syntax
```
@jaxtyped
@typechecker
def foo(...):
```
should no longer be used. (It will continue to work as it did before, but the new approach will produce more readable error messages.)
In particular note that `typechecker` must be passed via keyword argument; the following is not valid:
```
@jaxtyped(typechecker)
def foo(...):
```

  def load_psd(
15:34 ninjax INFO    : Checking and setting outdir
15:34 ninjax INFO    : Found generation prior file ./Aplus/injection_26/generation_prior.prior
15:34 ninjax INFO    : The outdir is set to ./Aplus/injection_26
15:34 ninjax INFO    : Loading the given config
15:34 ninjax WARNING : Unrecognized keys given: {'n_max_examples', 'generation_seed'}. These will be ignored
15:34 ninjax INFO    : Arguments loaded into the config: {'likelihood': 'HeterodynedTransientLikelihoodFD', 'gw_injection': 'True', 'gw_load_existing_injection': 'False', 'gw_dump_injection_data': 'False', 'gw_SNR_threshold_low': '30.0', 'gw_SNR_threshold_high': '100', 'waveform_approximant': 'IMRPhenomD_NRTidalv2', 'waveform_approximant_1': 'None', 'waveform_approximant_2': 'None', 'gw_overlapping_tight_priors': 'False', 'ifos': 'H1,L1,V1', 'eos_file': '/home/twouters2/projects/projection_BNS_A_plus/src/projection_BNS/data/MPA1.npz', 'fmin': '20.0', 'fref': '20.0', 'fmax': '2048.0', 'duration': 'None', 'post_trigger_duration': '2.0', 'trigger_time': '1187008882.4', 'psd_file_H1': '/home/twouters2/projects/projection_BNS_A_plus/src/projection_BNS/data/AplusDesign_PSD.txt', 'psd_file_L1': '/home/twouters2/projects/projection_BNS_A_plus/src/projection_BNS/data/AplusDesign_PSD.txt', 'psd_file_V1': '/home/twouters2/projects/projection_BNS_A_plus/src/projection_BNS/data/avirgo_O5high_NEW_PSD.txt', 'psd_file_ET1': '/home/twouters2/psds/ET_D_psd.txt', 'psd_file_ET2': '/home/twouters2/psds/ET_D_psd.txt', 'psd_file_ET3': '/home/twouters2/psds/ET_D_psd.txt', 'psd_file_CE': '/home/twouters2/psds/CE_psd.txt', 'data_file_H1': 'None', 'data_file_L1': 'None', 'data_file_V1': 'None', 'data_file_ET1': 'None', 'data_file_ET2': 'None', 'data_file_ET3': 'None', 'relative_binning_binsize': '1000', 'relative_binning_ref_params_equal_true_params': 'True', 'relative_binning_ref_params': 'None', 'transforms': 'q_to_eta,cos_iota_to_iota,sin_dec_to_dec', 'gw_kwargs': 'None', 'filters': 'None', 'tmin': '0.05', 'tmax': '15.0', 'em_injection': 'False', 'em_trigger_time': '0.0', 'em_data_path': 'None', 'KN_model_name': 'None', 'KN_class_name': 'None', 'KN_model_dir': 'None', 'GRB_model_name': 'None', 'GRB_class_name': 'None', 'GRB_model_dir': 'None', 'detection_limit': 'None', 'n_loop_training': '200', 'n_loop_production': '10', 'n_local_steps': '100', 'n_global_steps': '1_000', 'n_epochs': '25', 'n_chains': '1_000', 'learning_rate': '0.001', 'max_samples': '50000', 'momentum': '0.9', 'batch_size': '30000', 'use_global': 'True', 'keep_quantile': '0.0', 'train_thinning': '10', 'output_thinning': '50', 'n_sample_max': '10000', 'verbose': 'False', 'save_training_chains': 'False', 'eps_mass_matrix': '1e-5', 'use_scheduler': 'True', 'use_temperature': 'False', 'which_temperature_schedule': 'exponential', 'starting_temperature': '2.0', 'stop_tempering_iteration': '75', 'stopping_criterion_global_acc': '0.10', 'stopping_criterion_loss': '-inf', 'seed': '123', 'sampling_seed': '123', 'injection_generation_seed': 'None', 'num_layers': '10', 'hidden_size': '128,128', 'num_bins': '8', 'nf_model_kwargs': 'None', 'run_sampler': 'True', 'keys_to_plot': 'M_c, q, s1_z, s2_z, lambda_1, lambda_2, d_L, t_c, phase_c, iota, psi, ra, dec'}
15:34 ninjax INFO    : Complete config file written to /gpfs/home6/twouters2/projects/projection_BNS_A_plus/src/projection_BNS/GW/MPA1/Aplus/injection_26/complete_config.json
15:34 ninjax INFO    : No injection_generation_seed specified. Generating a random injection_generation_seed: 717095
15:34 ninjax INFO    : Loading the priors
15:34 ninjax INFO    : Setting up the prior
15:34 ninjax INFO    :    Mc_prior = Uniform(0.98, 2.6, naming=["M_c"])
15:34 ninjax INFO    :    q_prior = Uniform(0.125, 1.0, naming=["q"])
15:34 ninjax INFO    :    s1_z_prior = Uniform(-0.05, 0.05, naming=["s1_z"])
15:34 ninjax INFO    :    s2_z_prior = Uniform(-0.05, 0.05, naming=["s2_z"])
15:34 ninjax INFO    :    lambda1_prior = Uniform(0.0, 5000.0, naming=["lambda_1"])
15:34 ninjax INFO    :    lambda2_prior = Uniform(0.0, 5000.0, naming=["lambda_2"])
15:34 ninjax INFO    :    cos_iota_prior = Uniform(-1.0, 1.0, naming=["cos_iota"])
15:34 ninjax INFO    :    dL_prior = PowerLaw(10.0, 1000.0, 2.0, naming=["d_L"])
15:34 ninjax INFO    :    t_c_prior = Uniform(-0.1, 0.1, naming=["t_c"])
15:34 ninjax INFO    :    phase_c_prior = Uniform(0.0, 2 * jnp.pi, naming=["phase_c"])
15:34 ninjax INFO    :    psi_prior = Uniform(0.0, jnp.pi, naming=["psi"])
15:34 ninjax INFO    :    ra_prior = Uniform(0.0, 2 * jnp.pi, naming=["ra"])
15:34 ninjax INFO    :    sin_dec_prior = Uniform(-1.0, 1.0, naming=["sin_dec"])
15:34 ninjax INFO    : Setting up the generation prior
15:34 ninjax INFO    :    mass_1_source_prior = Uniform(1.0, 2.468645554845655, naming=["mass_1_source"])
15:34 ninjax INFO    :    mass_2_source_prior = Uniform(1.0, 2.468645554845655, naming=["mass_2_source"])
15:34 ninjax INFO    :    s1_z_prior = Uniform(-0.05, 0.05, naming=["s1_z"])
15:34 ninjax INFO    :    s2_z_prior = Uniform(-0.05, 0.05, naming=["s2_z"])
15:34 ninjax INFO    :    cos_iota_prior = Uniform(-1.0, 1.0, naming=["cos_iota"])
15:34 ninjax INFO    :    dL_prior = PowerLaw(10.0, 460.0, 2.0, naming=["d_L"])
15:34 ninjax INFO    :    t_c_prior = Uniform(-0.1, 0.1, naming=["t_c"])
15:34 ninjax INFO    :    phase_c_prior = Uniform(0.0, 2 * jnp.pi, naming=["phase_c"])
15:34 ninjax INFO    :    psi_prior = Uniform(0.0, jnp.pi, naming=["psi"])
15:34 ninjax INFO    :    ra_prior = Uniform(0.0, 2 * jnp.pi, naming=["ra"])
15:34 ninjax INFO    :    sin_dec_prior = Uniform(-1.0, 1.0, naming=["sin_dec"])
15:34 ninjax INFO    : Finished prior setup
15:34 ninjax INFO    : Setting the transforms
15:34 ninjax INFO    : Raw transforms list is q_to_eta,cos_iota_to_iota,sin_dec_to_dec
15:34 ninjax INFO    : transforms_str_list has 3 elements
15:34 ninjax INFO    : DEBUG: Checking that all_transforms is OK: the list is ['binary_Love', 'binary_love_fit', 'cos_iota1_to_iota1', 'cos_iota2_to_iota2', 'cos_iota_to_iota', 'log_lambda_to_lambda', 'm1_m2_to_Mc_q', 'q1_to_eta1', 'q2_to_eta2', 'q_to_eta', 'sin_dec1_to_dec1', 'sin_dec2_to_dec2', 'sin_dec_to_dec', 'spin_sphere_to_cartesian_s1', 'spin_sphere_to_cartesian_s2', 'swap_lambdas_eos', 't_c_dt_to_tcs']
15:34 ninjax INFO    : Setting the likelihood
15:34 ninjax INFO    : GW likelihood provided, setting up the GW pipe
15:34 ninjax INFO    : eos_file is /home/twouters2/projects/projection_BNS_A_plus/src/projection_BNS/data/MPA1.npz
15:34 ninjax INFO    : Using eos_file /home/twouters2/projects/projection_BNS_A_plus/src/projection_BNS/data/MPA1.npz for BNS injections
15:34 ninjax INFO    : Note: No specific waveform approximant 1 so defaulting to IMRPhenomD_NRTidalv2
15:34 ninjax INFO    : self.is_BNS_run is True
15:34 ninjax INFO    : Using IMRPhenomD_NRTidalv2 waveform. Therefore, we will use no taper as the reference waveform for the likelihood if relative binning is used
15:34 ninjax INFO    : GW run is an injection
15:34 ninjax INFO    : Setting up GW injection . . . 
15:34 ninjax INFO    : The SNR thresholds are: 30.0 - 100.0
15:34 ninjax INFO    : Generating new injection
15:34 ninjax INFO    : Sanity check: generated parameters:
15:34 ninjax INFO    : {'mass_1_source': 1.8120265875491235, 'mass_2_source': 1.8290173097091875, 's1_z': -0.026707664749053797, 's2_z': -0.038239343603973075, 'cos_iota': 0.28863945281682923, 'd_L': 459.3998019426935, 't_c': 0.07337371381447033, 'phase_c': 5.5681625894736895, 'psi': 0.47623292035637693, 'ra': 1.419033767551145, 'sin_dec': 0.17735589565229626}
15:34 ninjax INFO    : Computing lambdas from EOS file /home/twouters2/projects/projection_BNS_A_plus/src/projection_BNS/data/MPA1.npz . . . 
15:34 ninjax INFO    : Injected lambda_1: 95.12773481212227
15:34 ninjax INFO    : Injected lambda_2: 101.54409705279802
15:34 ninjax INFO    : Duration is not specified in the config. Computed chirp time: for fmin = 20.0 and M_c = 1.7493484421643481 is 128.0
15:34 ninjax INFO    : After transforms, the injection parameters are:
15:34 ninjax INFO    : {'mass_1_source': 1.8290173097091875, 'mass_2_source': 1.8120265875491235, 's1_z': -0.026707664749053797, 's2_z': -0.038239343603973075, 'cos_iota': 0.28863945281682923, 'd_L': 459.3998019426935, 't_c': 0.07337371381447033, 'phase_c': 5.5681625894736895, 'psi': 0.47623292035637693, 'ra': 1.419033767551145, 'sin_dec': 0.17735589565229626, 'q': 0.9907104639907615, 'M_c': 1.7493484421643481, 'eta': 0.2499945560784874, 'iota': Array(1.27799082, dtype=float64, weak_type=True), 'dec': Array(0.1782991, dtype=float64, weak_type=True), 'lambda_1': 95.12773481212227, 'lambda_2': 101.54409705279802}
15:34 ninjax INFO    : The trial injection parameters are {'M_c': 1.7493484421643481, 'eta': 0.2499945560784874, 's1_z': -0.026707664749053797, 's2_z': -0.038239343603973075, 'lambda_1': 95.12773481212227, 'lambda_2': 101.54409705279802, 'd_L': 459.3998019426935, 'phase_c': 5.5681625894736895, 'iota': 1.2779908232585728, 't_c': 0.07337371381447033, 'psi': 0.47623292035637693, 'ra': 1.419033767551145, 'dec': 0.17829910013037714}
15:34 ninjax INFO    : Injecting signals . . .
15:35 ninjax INFO    : self.ifos
15:35 ninjax INFO    : [GroundBased2G(H1), GroundBased2G(L1), GroundBased2G(V1)]
15:35 ninjax INFO    : Signal injected in ifo H1. Frequencies, data, and PSD:
15:35 ninjax INFO    : [  20.          20.0078125   20.015625  ... 2047.9765625
 2047.984375  2047.9921875]
15:35 ninjax INFO    : [-6.65090718e-23-3.82296024e-23j -7.98767312e-23-4.93231588e-23j
 -3.94054245e-23+2.50421521e-23j ...
  5.39127180e-24+2.45892773e-24j  1.84011734e-23-8.43343673e-24j
  3.40536545e-24+7.18093780e-24j]
15:35 ninjax INFO    : [1.44906511e-46 1.44667215e-46 1.44435812e-46 ... 2.17775889e-47
 2.17777440e-47 2.17778992e-47]
15:35 ninjax INFO    : Signal injected in ifo L1. Frequencies, data, and PSD:
15:35 ninjax INFO    : [  20.          20.0078125   20.015625  ... 2047.9765625
 2047.984375  2047.9921875]
15:35 ninjax INFO    : [ 2.38007158e-23-8.06650042e-23j -4.71266049e-23+3.56639472e-23j
  1.02861193e-23+5.89898821e-23j ...
  1.86659748e-23-1.85018612e-23j  2.38803721e-24+2.92671448e-23j
 -6.76894375e-24-1.27958954e-23j]
15:35 ninjax INFO    : [1.44906511e-46 1.44667215e-46 1.44435812e-46 ... 2.17775889e-47
 2.17777440e-47 2.17778992e-47]
15:35 ninjax INFO    : Signal injected in ifo V1. Frequencies, data, and PSD:
15:35 ninjax INFO    : [  20.          20.0078125   20.015625  ... 2047.9765625
 2047.984375  2047.9921875]
15:35 ninjax INFO    : [-2.60814009e-23-3.49526674e-24j -2.54017414e-23+1.96573910e-23j
 -4.55394825e-23+3.10571263e-23j ...
  2.68062306e-23+9.93102326e-24j  5.52029754e-23-5.33141171e-24j
 -2.70071515e-23-1.64203423e-23j]
15:35 ninjax INFO    : [1.43183556e-46 1.42935095e-46 1.42688205e-46 ... 6.39786094e-47
 6.39790724e-47 6.39795354e-47]
15:35 ninjax INFO    : SNR for ifo H1 is 3.3133971544743144
15:35 ninjax INFO    : SNR for ifo L1 is 4.800073976393812
15:35 ninjax INFO    : SNR for ifo V1 is 2.5660320725078534
15:35 ninjax INFO    : The network SNR is 6.3721135802236395
15:35 ninjax INFO    : The network SNR does not pass the threshold, trying again
15:35 ninjax INFO    : Generating new injection
15:35 ninjax INFO    : Sanity check: generated parameters:
15:35 ninjax INFO    : {'mass_1_source': 2.409997285967545, 'mass_2_source': 2.1787533235342993, 's1_z': 0.03338401985530155, 's2_z': -0.028398198475983974, 'cos_iota': 0.25538947330634443, 'd_L': 401.58418299080364, 't_c': -0.017559329230683485, 'phase_c': 5.160673243897377, 'psi': 1.3501744852550193, 'ra': 1.691386056994673, 'sin_dec': -0.26912017806558497}
15:35 ninjax INFO    : Computing lambdas from EOS file /home/twouters2/projects/projection_BNS_A_plus/src/projection_BNS/data/MPA1.npz . . . 
15:35 ninjax INFO    : Injected lambda_1: 6.860386217809937
15:35 ninjax INFO    : Injected lambda_2: 23.402127778875773
15:35 ninjax INFO    : Duration is not specified in the config. Computed chirp time: for fmin = 20.0 and M_c = 2.175290740063998 is 64.0
15:35 ninjax INFO    : After transforms, the injection parameters are:
15:35 ninjax INFO    : {'mass_1_source': 2.409997285967545, 'mass_2_source': 2.1787533235342993, 's1_z': 0.03338401985530155, 's2_z': -0.028398198475983974, 'cos_iota': 0.25538947330634443, 'd_L': 401.58418299080364, 't_c': -0.017559329230683485, 'phase_c': 5.160673243897377, 'psi': 1.3501744852550193, 'ra': 1.691386056994673, 'sin_dec': -0.26912017806558497, 'q': 0.9040480403112123, 'M_c': 2.175290740063998, 'eta': 0.24936511962400795, 'iota': Array(1.31254581, dtype=float64, weak_type=True), 'dec': Array(-0.27247939, dtype=float64, weak_type=True), 'lambda_1': 6.860386217809937, 'lambda_2': 23.402127778875773}
15:35 ninjax INFO    : The trial injection parameters are {'M_c': 2.175290740063998, 'eta': 0.24936511962400795, 's1_z': 0.03338401985530155, 's2_z': -0.028398198475983974, 'lambda_1': 6.860386217809937, 'lambda_2': 23.402127778875773, 'd_L': 401.58418299080364, 'phase_c': 5.160673243897377, 'iota': 1.3125458130924506, 't_c': -0.017559329230683485, 'psi': 1.3501744852550193, 'ra': 1.691386056994673, 'dec': -0.27247938974136027}
15:35 ninjax INFO    : Injecting signals . . .
15:35 ninjax INFO    : self.ifos
15:35 ninjax INFO    : [GroundBased2G(H1), GroundBased2G(L1), GroundBased2G(V1)]
15:35 ninjax INFO    : Signal injected in ifo H1. Frequencies, data, and PSD:
15:35 ninjax INFO    : [  20.         20.015625   20.03125  ... 2047.953125 2047.96875
 2047.984375]
15:35 ninjax INFO    : [-4.98354640e-24-1.14948720e-23j -4.76946473e-23-2.58138776e-23j
 -1.58568674e-23+5.30818728e-24j ...
  1.42195985e-23-1.04580171e-23j  2.81161591e-23-1.50003104e-23j
 -3.64424627e-24+1.26627597e-23j]
15:35 ninjax INFO    : [1.44906511e-46 1.44435812e-46 1.43973008e-46 ... 2.17771234e-47
 2.17774337e-47 2.17777440e-47]
15:35 ninjax INFO    : Signal injected in ifo L1. Frequencies, data, and PSD:
15:35 ninjax INFO    : [  20.         20.015625   20.03125  ... 2047.953125 2047.96875
 2047.984375]
15:35 ninjax INFO    : [-4.86852081e-25+2.29740954e-23j  2.64979926e-23+2.65957172e-23j
 -6.12039995e-23-5.63408395e-23j ...
 -7.16597073e-25+1.24463456e-23j -2.28031380e-24-1.60011184e-23j
 -2.15364138e-23-2.08732238e-23j]
15:35 ninjax INFO    : [1.44906511e-46 1.44435812e-46 1.43973008e-46 ... 2.17771234e-47
 2.17774337e-47 2.17777440e-47]
15:35 ninjax INFO    : Signal injected in ifo V1. Frequencies, data, and PSD:
15:35 ninjax INFO    : [  20.         20.015625   20.03125  ... 2047.953125 2047.96875
 2047.984375]
15:35 ninjax INFO    : [ 5.07839387e-23-1.61078167e-23j  1.43211205e-23-1.45508715e-24j
  2.51911590e-24+8.24957848e-24j ...
 -2.31810901e-23+3.59514900e-23j  3.26474556e-23+3.47878483e-23j
  6.08824017e-24+2.39454521e-23j]
15:35 ninjax INFO    : [1.43183556e-46 1.42688205e-46 1.42194425e-46 ... 6.39772204e-47
 6.39781464e-47 6.39790724e-47]
15:35 ninjax INFO    : SNR for ifo H1 is 4.247383024491487
15:35 ninjax INFO    : SNR for ifo L1 is 7.956873046134008
15:35 ninjax INFO    : SNR for ifo V1 is 0.5351141752734013
15:35 ninjax INFO    : The network SNR is 9.035399183744506
15:35 ninjax INFO    : The network SNR does not pass the threshold, trying again
15:35 ninjax INFO    : Generating new injection
15:35 ninjax INFO    : Sanity check: generated parameters:
15:35 ninjax INFO    : {'mass_1_source': 1.9393249590113513, 'mass_2_source': 1.747404088247272, 's1_z': -0.0114227835369725, 's2_z': 0.005048556660438755, 'cos_iota': -0.6102425265280198, 'd_L': 426.36573185669147, 't_c': 0.04148268178229503, 'phase_c': 1.484583772697342, 'psi': 2.635334478978705, 'ra': 3.63862771261138, 'sin_dec': 0.043726025429208004}
15:35 ninjax INFO    : Computing lambdas from EOS file /home/twouters2/projects/projection_BNS_A_plus/src/projection_BNS/data/MPA1.npz . . . 
15:35 ninjax INFO    : Injected lambda_1: 62.1065192179907
15:35 ninjax INFO    : Injected lambda_2: 130.14507231317475
15:35 ninjax INFO    : Duration is not specified in the config. Computed chirp time: for fmin = 20.0 and M_c = 1.7564807249003314 is 128.0
15:35 ninjax INFO    : After transforms, the injection parameters are:
15:35 ninjax INFO    : {'mass_1_source': 1.9393249590113513, 'mass_2_source': 1.747404088247272, 's1_z': -0.0114227835369725, 's2_z': 0.005048556660438755, 'cos_iota': -0.6102425265280198, 'd_L': 426.36573185669147, 't_c': 0.04148268178229503, 'phase_c': 1.484583772697342, 'psi': 2.635334478978705, 'ra': 3.63862771261138, 'sin_dec': 0.043726025429208004, 'q': 0.9010372811053189, 'M_c': 1.7564807249003314, 'eta': 0.24932251142143338, 'iota': Array(2.22716302, dtype=float64, weak_type=True), 'dec': Array(0.04373997, dtype=float64, weak_type=True), 'lambda_1': 62.1065192179907, 'lambda_2': 130.14507231317475}
15:35 ninjax INFO    : The trial injection parameters are {'M_c': 1.7564807249003314, 'eta': 0.24932251142143338, 's1_z': -0.0114227835369725, 's2_z': 0.005048556660438755, 'lambda_1': 62.1065192179907, 'lambda_2': 130.14507231317475, 'd_L': 426.36573185669147, 'phase_c': 1.484583772697342, 'iota': 2.2271630190285636, 't_c': 0.04148268178229503, 'psi': 2.635334478978705, 'ra': 3.63862771261138, 'dec': 0.043739971205157685}
15:35 ninjax INFO    : Injecting signals . . .
15:35 ninjax INFO    : self.ifos
15:35 ninjax INFO    : [GroundBased2G(H1), GroundBased2G(L1), GroundBased2G(V1)]
15:35 ninjax INFO    : Signal injected in ifo H1. Frequencies, data, and PSD:
15:35 ninjax INFO    : [  20.          20.0078125   20.015625  ... 2047.9765625
 2047.984375  2047.9921875]
15:35 ninjax INFO    : [-6.62884050e-23-3.59916147e-23j -7.78260062e-23-5.02812339e-23j
 -4.10084613e-23+2.34211730e-23j ...
  5.38974407e-24+2.45807514e-24j  1.83997336e-23-8.43443166e-24j
  3.40402687e-24+7.17980956e-24j]
15:35 ninjax INFO    : [1.44906511e-46 1.44667215e-46 1.44435812e-46 ... 2.17775889e-47
 2.17777440e-47 2.17778992e-47]
15:35 ninjax INFO    : Signal injected in ifo L1. Frequencies, data, and PSD:
15:35 ninjax INFO    : [  20.          20.0078125   20.015625  ... 2047.9765625
 2047.984375  2047.9921875]
15:35 ninjax INFO    : [ 2.05950350e-23-8.28399077e-23j -4.82092927e-23+3.94415890e-23j
  1.42676743e-23+5.88222049e-23j ...
  1.86708798e-23-1.84967812e-23j  2.39243486e-24+2.92726692e-23j
 -6.76509341e-24-1.27899770e-23j]
15:35 ninjax INFO    : [1.44906511e-46 1.44667215e-46 1.44435812e-46 ... 2.17775889e-47
 2.17777440e-47 2.17778992e-47]
15:35 ninjax INFO    : Signal injected in ifo V1. Frequencies, data, and PSD:
15:35 ninjax INFO    : [  20.          20.0078125   20.015625  ... 2047.9765625
 2047.984375  2047.9921875]
15:35 ninjax INFO    : [-2.50461617e-23-8.54438259e-24j -3.05181877e-23+2.02273702e-23j
 -4.34027452e-23+3.57334630e-23j ...
  2.68072120e-23+9.92820733e-24j  5.52042251e-23-5.33412537e-24j
 -2.70056443e-23-1.64229281e-23j]
15:35 ninjax INFO    : [1.43183556e-46 1.42935095e-46 1.42688205e-46 ... 6.39786094e-47
 6.39790724e-47 6.39795354e-47]
15:35 ninjax INFO    : SNR for ifo H1 is 8.025442005918057
15:35 ninjax INFO    : SNR for ifo L1 is 8.287189252123968
15:35 ninjax INFO    : SNR for ifo V1 is 6.198579512178736
15:35 ninjax INFO    : The network SNR is 13.096091518452177
15:35 ninjax INFO    : The network SNR does not pass the threshold, trying again
15:35 ninjax INFO    : Generating new injection
15:35 ninjax INFO    : Sanity check: generated parameters:
15:35 ninjax INFO    : {'mass_1_source': 2.112325191910171, 'mass_2_source': 2.352516820666059, 's1_z': 0.0328589380849823, 's2_z': -0.04804433805703108, 'cos_iota': -0.49561427353478793, 'd_L': 458.03564508038926, 't_c': 0.05650100314296799, 'phase_c': 5.568698303695099, 'psi': 0.5306209577836066, 'ra': 2.133720765614361, 'sin_dec': 0.1680293279573588}
15:35 ninjax INFO    : Computing lambdas from EOS file /home/twouters2/projects/projection_BNS_A_plus/src/projection_BNS/data/MPA1.npz . . . 
15:35 ninjax INFO    : Injected lambda_1: 9.973081401762563
15:35 ninjax INFO    : Injected lambda_2: 31.053808332261074
15:35 ninjax INFO    : Duration is not specified in the config. Computed chirp time: for fmin = 20.0 and M_c = 2.140847205838488 is 64.0
15:35 ninjax INFO    : After transforms, the injection parameters are:
15:35 ninjax INFO    : {'mass_1_source': 2.352516820666059, 'mass_2_source': 2.112325191910171, 's1_z': 0.0328589380849823, 's2_z': -0.04804433805703108, 'cos_iota': -0.49561427353478793, 'd_L': 458.03564508038926, 't_c': 0.05650100314296799, 'phase_c': 5.568698303695099, 'psi': 0.5306209577836066, 'ra': 2.133720765614361, 'sin_dec': 0.1680293279573588, 'q': 0.8979001439454602, 'M_c': 2.140847205838488, 'eta': 0.24927649164479898, 'iota': Array(2.08933826, dtype=float64, weak_type=True), 'dec': Array(0.16883023, dtype=float64, weak_type=True), 'lambda_1': 9.973081401762563, 'lambda_2': 31.053808332261074}
15:35 ninjax INFO    : The trial injection parameters are {'M_c': 2.140847205838488, 'eta': 0.24927649164479898, 's1_z': 0.0328589380849823, 's2_z': -0.04804433805703108, 'lambda_1': 9.973081401762563, 'lambda_2': 31.053808332261074, 'd_L': 458.03564508038926, 'phase_c': 5.568698303695099, 'iota': 2.0893382620100596, 't_c': 0.05650100314296799, 'psi': 0.5306209577836066, 'ra': 2.133720765614361, 'dec': 0.16883023189853466}
15:35 ninjax INFO    : Injecting signals . . .
15:35 ninjax INFO    : self.ifos
15:35 ninjax INFO    : [GroundBased2G(H1), GroundBased2G(L1), GroundBased2G(V1)]
15:35 ninjax INFO    : Signal injected in ifo H1. Frequencies, data, and PSD:
15:35 ninjax INFO    : [  20.         20.015625   20.03125  ... 2047.953125 2047.96875
 2047.984375]
15:35 ninjax INFO    : [-6.13852545e-24-1.11652726e-23j -4.90634160e-23-2.53486903e-23j
 -1.74254698e-23+5.92170947e-24j ...
  1.42182066e-23-1.04631626e-23j  2.81158103e-23-1.50055856e-23j
 -3.64355510e-24+1.26575624e-23j]
15:35 ninjax INFO    : [1.44906511e-46 1.44435812e-46 1.43973008e-46 ... 2.17771234e-47
 2.17774337e-47 2.17777440e-47]
15:35 ninjax INFO    : Signal injected in ifo L1. Frequencies, data, and PSD:
15:35 ninjax INFO    : [  20.         20.015625   20.03125  ... 2047.953125 2047.96875
 2047.984375]
15:35 ninjax INFO    : [-1.12905664e-25+2.35505836e-23j  2.73886706e-23+2.71972802e-23j
 -5.97964697e-23-5.57251712e-23j ...
 -7.10196393e-25+1.24721537e-23j -2.27906468e-24-1.59745691e-23j
 -2.15403596e-23-2.08469515e-23j]
15:35 ninjax INFO    : [1.44906511e-46 1.44435812e-46 1.43973008e-46 ... 2.17771234e-47
 2.17774337e-47 2.17777440e-47]
15:35 ninjax INFO    : Signal injected in ifo V1. Frequencies, data, and PSD:
15:35 ninjax INFO    : [  20.         20.015625   20.03125  ... 2047.953125 2047.96875
 2047.984375]
15:35 ninjax INFO    : [ 5.05046724e-23-1.29819016e-23j  1.37701872e-23+1.68073630e-24j
  1.74035243e-24+1.13818174e-23j ...
 -2.31764867e-23+3.59411260e-23j  3.26539472e-23+3.47785591e-23j
  6.09637913e-24+2.39375772e-23j]
15:35 ninjax INFO    : [1.43183556e-46 1.42688205e-46 1.42194425e-46 ... 6.39772204e-47
 6.39781464e-47 6.39790724e-47]
15:35 ninjax INFO    : SNR for ifo H1 is 3.4522714323612798
15:35 ninjax INFO    : SNR for ifo L1 is 6.75294395859644
15:35 ninjax INFO    : SNR for ifo V1 is 5.302195516465142
15:35 ninjax INFO    : The network SNR is 9.253848250617956
15:35 ninjax INFO    : The network SNR does not pass the threshold, trying again
15:35 ninjax INFO    : Generating new injection
15:35 ninjax INFO    : Sanity check: generated parameters:
15:35 ninjax INFO    : {'mass_1_source': 1.325733634865198, 'mass_2_source': 2.396921324103804, 's1_z': 0.04699410467705556, 's2_z': -0.012704732646840133, 'cos_iota': -0.8017026492290089, 'd_L': 434.41704592458126, 't_c': 0.02507270929914468, 'phase_c': 4.6687983044417525, 'psi': 0.21824453227578158, 'ra': 2.870296091771599, 'sin_dec': 0.5055451434997345}
15:35 ninjax INFO    : Computing lambdas from EOS file /home/twouters2/projects/projection_BNS_A_plus/src/projection_BNS/data/MPA1.npz . . . 
15:35 ninjax INFO    : Injected lambda_1: 7.538154506616532
15:35 ninjax INFO    : Injected lambda_2: 699.2764604914297
15:35 ninjax INFO    : Duration is not specified in the config. Computed chirp time: for fmin = 20.0 and M_c = 1.6895101679827271 is 128.0
15:35 ninjax INFO    : After transforms, the injection parameters are:
15:35 ninjax INFO    : {'mass_1_source': 2.396921324103804, 'mass_2_source': 1.325733634865198, 's1_z': 0.04699410467705556, 's2_z': -0.012704732646840133, 'cos_iota': -0.8017026492290089, 'd_L': 434.41704592458126, 't_c': 0.02507270929914468, 'phase_c': 4.6687983044417525, 'psi': 0.21824453227578158, 'ra': 2.870296091771599, 'sin_dec': 0.5055451434997345, 'q': 0.5530985191434611, 'M_c': 1.6895101679827271, 'eta': 0.22930022690148855, 'iota': Array(2.50093469, dtype=float64, weak_type=True), 'dec': Array(0.53001368, dtype=float64, weak_type=True), 'lambda_1': 7.538154506616532, 'lambda_2': 699.2764604914297}
15:35 ninjax INFO    : The trial injection parameters are {'M_c': 1.6895101679827271, 'eta': 0.22930022690148855, 's1_z': 0.04699410467705556, 's2_z': -0.012704732646840133, 'lambda_1': 7.538154506616532, 'lambda_2': 699.2764604914297, 'd_L': 434.41704592458126, 'phase_c': 4.6687983044417525, 'iota': 2.500934686307393, 't_c': 0.02507270929914468, 'psi': 0.21824453227578158, 'ra': 2.870296091771599, 'dec': 0.5300136790049452}
15:35 ninjax INFO    : Injecting signals . . .
15:35 ninjax INFO    : self.ifos
15:35 ninjax INFO    : [GroundBased2G(H1), GroundBased2G(L1), GroundBased2G(V1)]
15:35 ninjax INFO    : Signal injected in ifo H1. Frequencies, data, and PSD:
15:35 ninjax INFO    : [  20.          20.0078125   20.015625  ... 2047.9765625
 2047.984375  2047.9921875]
15:35 ninjax INFO    : [-6.63309199e-23-4.28199474e-23j -8.45098337e-23-4.89460874e-23j
 -3.84563454e-23+2.95772316e-23j ...
  5.39276234e-24+2.45611913e-24j  1.84029243e-23-8.43609062e-24j
  3.40736080e-24+7.17846270e-24j]
15:35 ninjax INFO    : [1.44906511e-46 1.44667215e-46 1.44435812e-46 ... 2.17775889e-47
 2.17777440e-47 2.17778992e-47]
15:35 ninjax INFO    : Signal injected in ifo L1. Frequencies, data, and PSD:
15:35 ninjax INFO    : [  20.          20.0078125   20.015625  ... 2047.9765625
 2047.984375  2047.9921875]
15:35 ninjax INFO    : [ 2.35590655e-23-7.65133935e-23j -4.25825348e-23+3.53343584e-23j
  9.25627697e-24+5.42198081e-23j ...
  1.86703625e-23-1.85004590e-23j  2.39227072e-24+2.92689593e-23j
 -6.76490301e-24-1.27936851e-23j]
15:35 ninjax INFO    : [1.44906511e-46 1.44667215e-46 1.44435812e-46 ... 2.17775889e-47
 2.17777440e-47 2.17778992e-47]
15:35 ninjax INFO    : Signal injected in ifo V1. Frequencies, data, and PSD:
15:35 ninjax INFO    : [  20.          20.0078125   20.015625  ... 2047.9765625
 2047.984375  2047.9921875]
15:35 ninjax INFO    : [-1.95500982e-23-7.65539144e-24j -2.98245065e-23+1.36627722e-23j
 -5.09705499e-23+3.56342755e-23j ...
  2.68093527e-23+9.93100495e-24j  5.52060851e-23-5.33113432e-24j
 -2.70040822e-23-1.64197717e-23j]
15:35 ninjax INFO    : [1.43183556e-46 1.42935095e-46 1.42688205e-46 ... 6.39786094e-47
 6.39790724e-47 6.39795354e-47]
15:35 ninjax INFO    : SNR for ifo H1 is 6.6963150644740885
15:35 ninjax INFO    : SNR for ifo L1 is 6.768865212913079
15:35 ninjax INFO    : SNR for ifo V1 is 11.319850519193862
15:35 ninjax INFO    : The network SNR is 14.791794600053807
15:35 ninjax INFO    : The network SNR does not pass the threshold, trying again
15:35 ninjax INFO    : Generating new injection
15:35 ninjax INFO    : Sanity check: generated parameters:
15:35 ninjax INFO    : {'mass_1_source': 1.7412623224507624, 'mass_2_source': 1.5960637915739988, 's1_z': 0.010218679478990689, 's2_z': 0.013422785595594372, 'cos_iota': 0.5873296826834609, 'd_L': 416.00331112074537, 't_c': 0.015979163083151615, 'phase_c': 2.7345138289807784, 'psi': 0.5564105100913932, 'ra': 4.218676936852236, 'sin_dec': 0.36214872897148975}
15:35 ninjax INFO    : Computing lambdas from EOS file /home/twouters2/projects/projection_BNS_A_plus/src/projection_BNS/data/MPA1.npz . . . 
15:35 ninjax INFO    : Injected lambda_1: 133.25303683004725
15:35 ninjax INFO    : Injected lambda_2: 233.70180133674214
15:35 ninjax INFO    : Duration is not specified in the config. Computed chirp time: for fmin = 20.0 and M_c = 1.5873975161080256 is 128.0
15:35 ninjax INFO    : After transforms, the injection parameters are:
15:35 ninjax INFO    : {'mass_1_source': 1.7412623224507624, 'mass_2_source': 1.5960637915739988, 's1_z': 0.010218679478990689, 's2_z': 0.013422785595594372, 'cos_iota': 0.5873296826834609, 'd_L': 416.00331112074537, 't_c': 0.015979163083151615, 'phase_c': 2.7345138289807784, 'psi': 0.5564105100913932, 'ra': 4.218676936852236, 'sin_dec': 0.36214872897148975, 'q': 0.9166130634054024, 'M_c': 1.5873975161080256, 'eta': 0.24952677556701552, 'iota': Array(0.9430408, dtype=float64, weak_type=True), 'dec': Array(0.37057207, dtype=float64, weak_type=True), 'lambda_1': 133.25303683004725, 'lambda_2': 233.70180133674214}
15:35 ninjax INFO    : The trial injection parameters are {'M_c': 1.5873975161080256, 'eta': 0.24952677556701552, 's1_z': 0.010218679478990689, 's2_z': 0.013422785595594372, 'lambda_1': 133.25303683004725, 'lambda_2': 233.70180133674214, 'd_L': 416.00331112074537, 'phase_c': 2.7345138289807784, 'iota': 0.9430407959662215, 't_c': 0.015979163083151615, 'psi': 0.5564105100913932, 'ra': 4.218676936852236, 'dec': 0.37057206968125195}
15:35 ninjax INFO    : Injecting signals . . .
15:35 ninjax INFO    : self.ifos
15:35 ninjax INFO    : [GroundBased2G(H1), GroundBased2G(L1), GroundBased2G(V1)]
15:35 ninjax INFO    : Signal injected in ifo H1. Frequencies, data, and PSD:
15:35 ninjax INFO    : [  20.          20.0078125   20.015625  ... 2047.9765625
 2047.984375  2047.9921875]
15:35 ninjax INFO    : [-6.33507541e-23-4.06036386e-23j -8.09689730e-23-5.21366700e-23j
 -4.12669865e-23+2.48270788e-23j ...
  5.39273619e-24+2.45611617e-24j  1.84028985e-23-8.43609610e-24j
  3.40733576e-24+7.17845475e-24j]
15:35 ninjax INFO    : [1.44906511e-46 1.44667215e-46 1.44435812e-46 ... 2.17775889e-47
 2.17777440e-47 2.17778992e-47]
15:35 ninjax INFO    : Signal injected in ifo L1. Frequencies, data, and PSD:
15:35 ninjax INFO    : [  20.          20.0078125   20.015625  ... 2047.9765625
 2047.984375  2047.9921875]
15:35 ninjax INFO    : [ 1.96922927e-23-7.66435627e-23j -4.40062809e-23+4.02263989e-23j
  1.44782715e-23+5.71822859e-23j ...
  1.86703752e-23-1.85004294e-23j  2.39228054e-24+2.92689900e-23j
 -6.76489620e-24-1.27936537e-23j]
15:35 ninjax INFO    : [1.44906511e-46 1.44667215e-46 1.44435812e-46 ... 2.17775889e-47
 2.17777440e-47 2.17778992e-47]
15:35 ninjax INFO    : Signal injected in ifo V1. Frequencies, data, and PSD:
15:35 ninjax INFO    : [  20.          20.0078125   20.015625  ... 2047.9765625
 2047.984375  2047.9921875]
15:35 ninjax INFO    : [-2.34754509e-23-3.62673535e-24j -2.47575180e-23+1.83216389e-23j
 -4.53242039e-23+2.99709416e-23j ...
  2.68093738e-23+9.93099534e-24j  5.52061070e-23-5.33114181e-24j
 -2.70040598e-23-1.64197770e-23j]
15:35 ninjax INFO    : [1.43183556e-46 1.42935095e-46 1.42688205e-46 ... 6.39786094e-47
 6.39790724e-47 6.39795354e-47]
15:35 ninjax INFO    : SNR for ifo H1 is 6.238401325859171
15:35 ninjax INFO    : SNR for ifo L1 is 7.6365856123616345
15:35 ninjax INFO    : SNR for ifo V1 is 4.322540179294932
15:35 ninjax INFO    : The network SNR is 10.766589270471371
15:35 ninjax INFO    : The network SNR does not pass the threshold, trying again
15:35 ninjax INFO    : Generating new injection
15:35 ninjax INFO    : Sanity check: generated parameters:
15:35 ninjax INFO    : {'mass_1_source': 1.9026804312575814, 'mass_2_source': 2.030138226167848, 's1_z': 0.029923980794262575, 's2_z': -0.019014917990145833, 'cos_iota': 0.9568711561384107, 'd_L': 340.8440741103378, 't_c': -0.006571497912548366, 'phase_c': 0.32932828365283373, 'psi': 1.2572835796991861, 'ra': 1.9712778987176331, 'sin_dec': 0.19017983304300579}
15:35 ninjax INFO    : Computing lambdas from EOS file /home/twouters2/projects/projection_BNS_A_plus/src/projection_BNS/data/MPA1.npz . . . 
15:35 ninjax INFO    : Injected lambda_1: 43.40825420559263
15:35 ninjax INFO    : Injected lambda_2: 71.6074299789897
15:35 ninjax INFO    : Duration is not specified in the config. Computed chirp time: for fmin = 20.0 and M_c = 1.8425369056364105 is 128.0
15:35 ninjax INFO    : After transforms, the injection parameters are:
15:35 ninjax INFO    : {'mass_1_source': 2.030138226167848, 'mass_2_source': 1.9026804312575814, 's1_z': 0.029923980794262575, 's2_z': -0.019014917990145833, 'cos_iota': 0.9568711561384107, 'd_L': 340.8440741103378, 't_c': -0.006571497912548366, 'phase_c': 0.32932828365283373, 'psi': 1.2572835796991861, 'ra': 1.9712778987176331, 'sin_dec': 0.19017983304300579, 'q': 0.9372171839003988, 'M_c': 1.8425369056364105, 'eta': 0.24973741799086677, 'iota': Array(0.29476253, dtype=float64, weak_type=True), 'dec': Array(0.19134532, dtype=float64, weak_type=True), 'lambda_1': 43.40825420559263, 'lambda_2': 71.6074299789897}
15:35 ninjax INFO    : The trial injection parameters are {'M_c': 1.8425369056364105, 'eta': 0.24973741799086677, 's1_z': 0.029923980794262575, 's2_z': -0.019014917990145833, 'lambda_1': 43.40825420559263, 'lambda_2': 71.6074299789897, 'd_L': 340.8440741103378, 'phase_c': 0.32932828365283373, 'iota': 0.29476253411744474, 't_c': -0.006571497912548366, 'psi': 1.2572835796991861, 'ra': 1.9712778987176331, 'dec': 0.19134531942340363}
15:35 ninjax INFO    : Injecting signals . . .
15:35 ninjax INFO    : self.ifos
15:35 ninjax INFO    : [GroundBased2G(H1), GroundBased2G(L1), GroundBased2G(V1)]
15:35 ninjax INFO    : Signal injected in ifo H1. Frequencies, data, and PSD:
15:35 ninjax INFO    : [  20.          20.0078125   20.015625  ... 2047.9765625
 2047.984375  2047.9921875]
15:35 ninjax INFO    : [-6.50728014e-23-3.63821503e-23j -7.93742543e-23-5.21077042e-23j
 -4.23956461e-23+2.65848615e-23j ...
  5.38246703e-24+2.46080995e-24j  1.83922163e-23-8.43243898e-24j
  3.39634486e-24+7.18103952e-24j]
15:35 ninjax INFO    : [1.44906511e-46 1.44667215e-46 1.44435812e-46 ... 2.17775889e-47
 2.17777440e-47 2.17778992e-47]
15:35 ninjax INFO    : Signal injected in ifo L1. Frequencies, data, and PSD:
15:35 ninjax INFO    : [  20.          20.0078125   20.015625  ... 2047.9765625
 2047.984375  2047.9921875]
15:35 ninjax INFO    : [ 2.85689987e-23-8.29324101e-23j -5.21288273e-23+3.39283818e-23j
  1.27002446e-23+6.41219837e-23j ...
  1.86941518e-23-1.84958220e-23j  2.41548315e-24+2.92759307e-23j
 -6.74249589e-24-1.27844481e-23j]
15:35 ninjax INFO    : [1.44906511e-46 1.44667215e-46 1.44435812e-46 ... 2.17775889e-47
 2.17777440e-47 2.17778992e-47]
15:35 ninjax INFO    : Signal injected in ifo V1. Frequencies, data, and PSD:
15:35 ninjax INFO    : [  20.          20.0078125   20.015625  ... 2047.9765625
 2047.984375  2047.9921875]
15:35 ninjax INFO    : [-3.10927149e-23-2.17632149e-24j -2.14287799e-23+2.23463556e-23j
 -4.62689572e-23+2.65118044e-23j ...
  2.67945273e-23+9.94415383e-24j  5.51900314e-23-5.31951734e-24j
 -2.70212066e-23-1.64098006e-23j]
15:35 ninjax INFO    : [1.43183556e-46 1.42935095e-46 1.42688205e-46 ... 6.39786094e-47
 6.39790724e-47 6.39795354e-47]
15:35 ninjax INFO    : SNR for ifo H1 is 7.502971690890193
15:35 ninjax INFO    : SNR for ifo L1 is 16.073548244062483
15:35 ninjax INFO    : SNR for ifo V1 is 10.364291496003052
15:35 ninjax INFO    : The network SNR is 20.54439280102055
15:35 ninjax INFO    : The network SNR does not pass the threshold, trying again
15:35 ninjax INFO    : Generating new injection
15:35 ninjax INFO    : Sanity check: generated parameters:
15:35 ninjax INFO    : {'mass_1_source': 1.3093372283633937, 'mass_2_source': 1.4281388704946971, 's1_z': -0.0056892436585755934, 's2_z': -0.04723132225126088, 'cos_iota': -0.17829549090174135, 'd_L': 444.0796370242872, 't_c': 0.06216494352833252, 'phase_c': 3.4732826190664583, 'psi': 1.2134932157727116, 'ra': 4.360769226620874, 'sin_dec': 0.7099511604394122}
15:35 ninjax INFO    : Computing lambdas from EOS file /home/twouters2/projects/projection_BNS_A_plus/src/projection_BNS/data/MPA1.npz . . . 
15:35 ninjax INFO    : Injected lambda_1: 456.6408837222187
15:35 ninjax INFO    : Injected lambda_2: 749.8554773971731
15:35 ninjax INFO    : Duration is not specified in the config. Computed chirp time: for fmin = 20.0 and M_c = 1.3096372929017708 is 256.0
15:35 ninjax INFO    : After transforms, the injection parameters are:
15:35 ninjax INFO    : {'mass_1_source': 1.4281388704946971, 'mass_2_source': 1.3093372283633937, 's1_z': -0.0056892436585755934, 's2_z': -0.04723132225126088, 'cos_iota': -0.17829549090174135, 'd_L': 444.0796370242872, 't_c': 0.06216494352833252, 'phase_c': 3.4732826190664583, 'psi': 1.2134932157727116, 'ra': 4.360769226620874, 'sin_dec': 0.7099511604394122, 'q': 0.9168136624625648, 'M_c': 1.3096372929017708, 'eta': 0.24952914821184455, 'iota': Array(1.75005024, dtype=float64, weak_type=True), 'dec': Array(0.78942886, dtype=float64, weak_type=True), 'lambda_1': 456.6408837222187, 'lambda_2': 749.8554773971731}
15:35 ninjax INFO    : The trial injection parameters are {'M_c': 1.3096372929017708, 'eta': 0.24952914821184455, 's1_z': -0.0056892436585755934, 's2_z': -0.04723132225126088, 'lambda_1': 456.6408837222187, 'lambda_2': 749.8554773971731, 'd_L': 444.0796370242872, 'phase_c': 3.4732826190664583, 'iota': 1.7500502400236293, 't_c': 0.06216494352833252, 'psi': 1.2134932157727116, 'ra': 4.360769226620874, 'dec': 0.789428857263001}
15:35 ninjax INFO    : Injecting signals . . .
15:35 ninjax INFO    : self.ifos
15:35 ninjax INFO    : [GroundBased2G(H1), GroundBased2G(L1), GroundBased2G(V1)]
