Tue Apr  1 15:34:28 CEST 2025
NVIDIA H100
/gpfs/home6/twouters2/ninjax_dev/jim/src/jimgw/prior.py:94: UserWarning: As of jaxtyping version 0.2.24, jaxtyping now prefers the syntax
```
from jaxtyping import jaxtyped
# Use your favourite typechecker: usually one of the two lines below.
from typeguard import typechecked as typechecker
from beartype import beartype as typechecker

@jaxtyped(typechecker=typechecker)
def foo(...):
```
and the old double-decorator syntax
```
@jaxtyped
@typechecker
def foo(...):
```
should no longer be used. (It will continue to work as it did before, but the new approach will produce more readable error messages.)
In particular note that `typechecker` must be passed via keyword argument; the following is not valid:
```
@jaxtyped(typechecker)
def foo(...):
```

  class Uniform(Prior):
/gpfs/home6/twouters2/ninjax_dev/jim/src/jimgw/prior.py:149: UserWarning: As of jaxtyping version 0.2.24, jaxtyping now prefers the syntax
```
from jaxtyping import jaxtyped
# Use your favourite typechecker: usually one of the two lines below.
from typeguard import typechecked as typechecker
from beartype import beartype as typechecker

@jaxtyped(typechecker=typechecker)
def foo(...):
```
and the old double-decorator syntax
```
@jaxtyped
@typechecker
def foo(...):
```
should no longer be used. (It will continue to work as it did before, but the new approach will produce more readable error messages.)
In particular note that `typechecker` must be passed via keyword argument; the following is not valid:
```
@jaxtyped(typechecker)
def foo(...):
```

  class Unconstrained_Uniform(Prior):
/gpfs/home6/twouters2/ninjax_dev/jim/src/jimgw/prior.py:263: UserWarning: As of jaxtyping version 0.2.24, jaxtyping now prefers the syntax
```
from jaxtyping import jaxtyped
# Use your favourite typechecker: usually one of the two lines below.
from typeguard import typechecked as typechecker
from beartype import beartype as typechecker

@jaxtyped(typechecker=typechecker)
def foo(...):
```
and the old double-decorator syntax
```
@jaxtyped
@typechecker
def foo(...):
```
should no longer be used. (It will continue to work as it did before, but the new approach will produce more readable error messages.)
In particular note that `typechecker` must be passed via keyword argument; the following is not valid:
```
@jaxtyped(typechecker)
def foo(...):
```

  class AlignedSpin(Prior):
/gpfs/home6/twouters2/ninjax_dev/jim/src/jimgw/prior.py:377: UserWarning: As of jaxtyping version 0.2.24, jaxtyping now prefers the syntax
```
from jaxtyping import jaxtyped
# Use your favourite typechecker: usually one of the two lines below.
from typeguard import typechecked as typechecker
from beartype import beartype as typechecker

@jaxtyped(typechecker=typechecker)
def foo(...):
```
and the old double-decorator syntax
```
@jaxtyped
@typechecker
def foo(...):
```
should no longer be used. (It will continue to work as it did before, but the new approach will produce more readable error messages.)
In particular note that `typechecker` must be passed via keyword argument; the following is not valid:
```
@jaxtyped(typechecker)
def foo(...):
```

  class PowerLaw(Prior):
/gpfs/home6/twouters2/ninjax_dev/jim/src/jimgw/single_event/detector.py:496: UserWarning: As of jaxtyping version 0.2.24, jaxtyping now prefers the syntax
```
from jaxtyping import jaxtyped
# Use your favourite typechecker: usually one of the two lines below.
from typeguard import typechecked as typechecker
from beartype import beartype as typechecker

@jaxtyped(typechecker=typechecker)
def foo(...):
```
and the old double-decorator syntax
```
@jaxtyped
@typechecker
def foo(...):
```
should no longer be used. (It will continue to work as it did before, but the new approach will produce more readable error messages.)
In particular note that `typechecker` must be passed via keyword argument; the following is not valid:
```
@jaxtyped(typechecker)
def foo(...):
```

  def load_psd(
15:34 ninjax INFO    : Checking and setting outdir
15:34 ninjax INFO    : Found generation prior file ./Aplus/injection_15/generation_prior.prior
15:34 ninjax INFO    : The outdir is set to ./Aplus/injection_15
15:34 ninjax INFO    : Loading the given config
15:34 ninjax WARNING : Unrecognized keys given: {'generation_seed', 'n_max_examples'}. These will be ignored
15:34 ninjax INFO    : Arguments loaded into the config: {'likelihood': 'HeterodynedTransientLikelihoodFD', 'gw_injection': 'True', 'gw_load_existing_injection': 'False', 'gw_dump_injection_data': 'False', 'gw_SNR_threshold_low': '30.0', 'gw_SNR_threshold_high': '100', 'waveform_approximant': 'IMRPhenomD_NRTidalv2', 'waveform_approximant_1': 'None', 'waveform_approximant_2': 'None', 'gw_overlapping_tight_priors': 'False', 'ifos': 'H1,L1,V1', 'eos_file': '/home/twouters2/projects/projection_BNS_A_plus/src/projection_BNS/data/MPA1.npz', 'fmin': '20.0', 'fref': '20.0', 'fmax': '2048.0', 'duration': 'None', 'post_trigger_duration': '2.0', 'trigger_time': '1187008882.4', 'psd_file_H1': '/home/twouters2/projects/projection_BNS_A_plus/src/projection_BNS/data/AplusDesign_PSD.txt', 'psd_file_L1': '/home/twouters2/projects/projection_BNS_A_plus/src/projection_BNS/data/AplusDesign_PSD.txt', 'psd_file_V1': '/home/twouters2/projects/projection_BNS_A_plus/src/projection_BNS/data/avirgo_O5high_NEW_PSD.txt', 'psd_file_ET1': '/home/twouters2/psds/ET_D_psd.txt', 'psd_file_ET2': '/home/twouters2/psds/ET_D_psd.txt', 'psd_file_ET3': '/home/twouters2/psds/ET_D_psd.txt', 'psd_file_CE': '/home/twouters2/psds/CE_psd.txt', 'data_file_H1': 'None', 'data_file_L1': 'None', 'data_file_V1': 'None', 'data_file_ET1': 'None', 'data_file_ET2': 'None', 'data_file_ET3': 'None', 'relative_binning_binsize': '1000', 'relative_binning_ref_params_equal_true_params': 'True', 'relative_binning_ref_params': 'None', 'transforms': 'q_to_eta,cos_iota_to_iota,sin_dec_to_dec', 'gw_kwargs': 'None', 'filters': 'None', 'tmin': '0.05', 'tmax': '15.0', 'em_injection': 'False', 'em_trigger_time': '0.0', 'em_data_path': 'None', 'KN_model_name': 'None', 'KN_class_name': 'None', 'KN_model_dir': 'None', 'GRB_model_name': 'None', 'GRB_class_name': 'None', 'GRB_model_dir': 'None', 'detection_limit': 'None', 'n_loop_training': '200', 'n_loop_production': '10', 'n_local_steps': '100', 'n_global_steps': '1_000', 'n_epochs': '25', 'n_chains': '1_000', 'learning_rate': '0.001', 'max_samples': '50000', 'momentum': '0.9', 'batch_size': '30000', 'use_global': 'True', 'keep_quantile': '0.0', 'train_thinning': '10', 'output_thinning': '50', 'n_sample_max': '10000', 'verbose': 'False', 'save_training_chains': 'False', 'eps_mass_matrix': '1e-5', 'use_scheduler': 'True', 'use_temperature': 'False', 'which_temperature_schedule': 'exponential', 'starting_temperature': '2.0', 'stop_tempering_iteration': '75', 'stopping_criterion_global_acc': '0.10', 'stopping_criterion_loss': '-inf', 'seed': '123', 'sampling_seed': '123', 'injection_generation_seed': 'None', 'num_layers': '10', 'hidden_size': '128,128', 'num_bins': '8', 'nf_model_kwargs': 'None', 'run_sampler': 'True', 'keys_to_plot': 'M_c, q, s1_z, s2_z, lambda_1, lambda_2, d_L, t_c, phase_c, iota, psi, ra, dec'}
15:34 ninjax INFO    : Complete config file written to /gpfs/home6/twouters2/projects/projection_BNS_A_plus/src/projection_BNS/GW/MPA1/Aplus/injection_15/complete_config.json
15:34 ninjax INFO    : No injection_generation_seed specified. Generating a random injection_generation_seed: 948005
15:34 ninjax INFO    : Loading the priors
15:34 ninjax INFO    : Setting up the prior
15:34 ninjax INFO    :    Mc_prior = Uniform(0.98, 2.6, naming=["M_c"])
15:34 ninjax INFO    :    q_prior = Uniform(0.125, 1.0, naming=["q"])
15:34 ninjax INFO    :    s1_z_prior = Uniform(-0.05, 0.05, naming=["s1_z"])
15:34 ninjax INFO    :    s2_z_prior = Uniform(-0.05, 0.05, naming=["s2_z"])
15:34 ninjax INFO    :    lambda1_prior = Uniform(0.0, 5000.0, naming=["lambda_1"])
15:34 ninjax INFO    :    lambda2_prior = Uniform(0.0, 5000.0, naming=["lambda_2"])
15:34 ninjax INFO    :    cos_iota_prior = Uniform(-1.0, 1.0, naming=["cos_iota"])
15:34 ninjax INFO    :    dL_prior = PowerLaw(10.0, 1000.0, 2.0, naming=["d_L"])
15:34 ninjax INFO    :    t_c_prior = Uniform(-0.1, 0.1, naming=["t_c"])
15:34 ninjax INFO    :    phase_c_prior = Uniform(0.0, 2 * jnp.pi, naming=["phase_c"])
15:34 ninjax INFO    :    psi_prior = Uniform(0.0, jnp.pi, naming=["psi"])
15:34 ninjax INFO    :    ra_prior = Uniform(0.0, 2 * jnp.pi, naming=["ra"])
15:34 ninjax INFO    :    sin_dec_prior = Uniform(-1.0, 1.0, naming=["sin_dec"])
15:34 ninjax INFO    : Setting up the generation prior
15:34 ninjax INFO    :    mass_1_source_prior = Uniform(1.0, 2.468645554845655, naming=["mass_1_source"])
15:34 ninjax INFO    :    mass_2_source_prior = Uniform(1.0, 2.468645554845655, naming=["mass_2_source"])
15:34 ninjax INFO    :    s1_z_prior = Uniform(-0.05, 0.05, naming=["s1_z"])
15:34 ninjax INFO    :    s2_z_prior = Uniform(-0.05, 0.05, naming=["s2_z"])
15:34 ninjax INFO    :    cos_iota_prior = Uniform(-1.0, 1.0, naming=["cos_iota"])
15:34 ninjax INFO    :    dL_prior = PowerLaw(10.0, 460.0, 2.0, naming=["d_L"])
15:34 ninjax INFO    :    t_c_prior = Uniform(-0.1, 0.1, naming=["t_c"])
15:34 ninjax INFO    :    phase_c_prior = Uniform(0.0, 2 * jnp.pi, naming=["phase_c"])
15:34 ninjax INFO    :    psi_prior = Uniform(0.0, jnp.pi, naming=["psi"])
15:34 ninjax INFO    :    ra_prior = Uniform(0.0, 2 * jnp.pi, naming=["ra"])
15:34 ninjax INFO    :    sin_dec_prior = Uniform(-1.0, 1.0, naming=["sin_dec"])
15:34 ninjax INFO    : Finished prior setup
15:34 ninjax INFO    : Setting the transforms
15:34 ninjax INFO    : Raw transforms list is q_to_eta,cos_iota_to_iota,sin_dec_to_dec
15:34 ninjax INFO    : transforms_str_list has 3 elements
15:34 ninjax INFO    : DEBUG: Checking that all_transforms is OK: the list is ['binary_Love', 'binary_love_fit', 'cos_iota1_to_iota1', 'cos_iota2_to_iota2', 'cos_iota_to_iota', 'log_lambda_to_lambda', 'm1_m2_to_Mc_q', 'q1_to_eta1', 'q2_to_eta2', 'q_to_eta', 'sin_dec1_to_dec1', 'sin_dec2_to_dec2', 'sin_dec_to_dec', 'spin_sphere_to_cartesian_s1', 'spin_sphere_to_cartesian_s2', 'swap_lambdas_eos', 't_c_dt_to_tcs']
15:34 ninjax INFO    : Setting the likelihood
15:34 ninjax INFO    : GW likelihood provided, setting up the GW pipe
15:34 ninjax INFO    : eos_file is /home/twouters2/projects/projection_BNS_A_plus/src/projection_BNS/data/MPA1.npz
15:34 ninjax INFO    : Using eos_file /home/twouters2/projects/projection_BNS_A_plus/src/projection_BNS/data/MPA1.npz for BNS injections
15:34 ninjax INFO    : Note: No specific waveform approximant 1 so defaulting to IMRPhenomD_NRTidalv2
15:34 ninjax INFO    : self.is_BNS_run is True
15:34 ninjax INFO    : Using IMRPhenomD_NRTidalv2 waveform. Therefore, we will use no taper as the reference waveform for the likelihood if relative binning is used
15:34 ninjax INFO    : GW run is an injection
15:34 ninjax INFO    : Setting up GW injection . . . 
15:34 ninjax INFO    : The SNR thresholds are: 30.0 - 100.0
15:34 ninjax INFO    : Generating new injection
15:34 ninjax INFO    : Sanity check: generated parameters:
15:34 ninjax INFO    : {'mass_1_source': 1.6507959267763486, 'mass_2_source': 2.1896024620116394, 's1_z': -0.0006997631957178091, 's2_z': -0.0004528546136608469, 'cos_iota': -0.41824691393713875, 'd_L': 443.4976883708527, 't_c': 0.08364096669361362, 'phase_c': 0.8876787201905898, 'psi': 2.316938915454322, 'ra': 0.6497401447767152, 'sin_dec': 0.9251549068853282}
15:34 ninjax INFO    : Computing lambdas from EOS file /home/twouters2/projects/projection_BNS_A_plus/src/projection_BNS/data/MPA1.npz . . . 
15:34 ninjax INFO    : Injected lambda_1: 22.313683395947635
15:34 ninjax INFO    : Injected lambda_2: 188.86804270109732
15:34 ninjax INFO    : Duration is not specified in the config. Computed chirp time: for fmin = 20.0 and M_c = 1.817339077468176 is 128.0
15:34 ninjax INFO    : After transforms, the injection parameters are:
15:34 ninjax INFO    : {'mass_1_source': 2.1896024620116394, 'mass_2_source': 1.6507959267763486, 's1_z': -0.0006997631957178091, 's2_z': -0.0004528546136608469, 'cos_iota': -0.41824691393713875, 'd_L': 443.4976883708527, 't_c': 0.08364096669361362, 'phase_c': 0.8876787201905898, 'psi': 2.316938915454322, 'ra': 0.6497401447767152, 'sin_dec': 0.9251549068853282, 'q': 0.7539249500385213, 'M_c': 1.817339077468176, 'eta': 0.2450790023186499, 'iota': Array(2.00231078, dtype=float64, weak_type=True), 'dec': Array(1.18144348, dtype=float64, weak_type=True), 'lambda_1': 22.313683395947635, 'lambda_2': 188.86804270109732}
15:34 ninjax INFO    : The trial injection parameters are {'M_c': 1.817339077468176, 'eta': 0.2450790023186499, 's1_z': -0.0006997631957178091, 's2_z': -0.0004528546136608469, 'lambda_1': 22.313683395947635, 'lambda_2': 188.86804270109732, 'd_L': 443.4976883708527, 'phase_c': 0.8876787201905898, 'iota': 2.002310784405872, 't_c': 0.08364096669361362, 'psi': 2.316938915454322, 'ra': 0.6497401447767152, 'dec': 1.1814434815098187}
15:34 ninjax INFO    : Injecting signals . . .
15:35 ninjax INFO    : self.ifos
15:35 ninjax INFO    : [GroundBased2G(H1), GroundBased2G(L1), GroundBased2G(V1)]
15:35 ninjax INFO    : Signal injected in ifo H1. Frequencies, data, and PSD:
15:35 ninjax INFO    : [  20.          20.0078125   20.015625  ... 2047.9765625
 2047.984375  2047.9921875]
15:35 ninjax INFO    : [-7.04384283e-23-4.11920529e-23j -8.03678467e-23-4.48232833e-23j
 -3.57034365e-23+2.32344225e-23j ...
  5.39276234e-24+2.45611913e-24j  1.84029243e-23-8.43609062e-24j
  3.40736080e-24+7.17846270e-24j]
15:35 ninjax INFO    : [1.44906511e-46 1.44667215e-46 1.44435812e-46 ... 2.17775889e-47
 2.17777440e-47 2.17778992e-47]
15:35 ninjax INFO    : Signal injected in ifo L1. Frequencies, data, and PSD:
15:35 ninjax INFO    : [  20.          20.0078125   20.015625  ... 2047.9765625
 2047.984375  2047.9921875]
15:35 ninjax INFO    : [ 2.58895800e-23-8.02943865e-23j -4.81882893e-23+3.42213129e-23j
  1.02124249e-23+6.07588831e-23j ...
  1.86703625e-23-1.85004590e-23j  2.39227072e-24+2.92689593e-23j
 -6.76490301e-24-1.27936851e-23j]
15:35 ninjax INFO    : [1.44906511e-46 1.44667215e-46 1.44435812e-46 ... 2.17775889e-47
 2.17777440e-47 2.17778992e-47]
15:35 ninjax INFO    : Signal injected in ifo V1. Frequencies, data, and PSD:
15:35 ninjax INFO    : [  20.          20.0078125   20.015625  ... 2047.9765625
 2047.984375  2047.9921875]
15:35 ninjax INFO    : [-2.38418599e-23-5.32353364e-24j -2.81929837e-23+1.83359285e-23j
 -4.55252434e-23+3.42892184e-23j ...
  2.68093527e-23+9.93100495e-24j  5.52060851e-23-5.33113432e-24j
 -2.70040822e-23-1.64197717e-23j]
15:35 ninjax INFO    : [1.43183556e-46 1.42935095e-46 1.42688205e-46 ... 6.39786094e-47
 6.39790724e-47 6.39795354e-47]
15:35 ninjax INFO    : SNR for ifo H1 is 9.853934084094272
15:35 ninjax INFO    : SNR for ifo L1 is 8.532825152919838
15:35 ninjax INFO    : SNR for ifo V1 is 3.1306361389041055
15:35 ninjax INFO    : The network SNR is 13.405596020251716
15:35 ninjax INFO    : The network SNR does not pass the threshold, trying again
15:35 ninjax INFO    : Generating new injection
15:35 ninjax INFO    : Sanity check: generated parameters:
15:35 ninjax INFO    : {'mass_1_source': 2.040766551213513, 'mass_2_source': 1.5597022498954547, 's1_z': -0.02949644787700705, 's2_z': -0.025527795162544154, 'cos_iota': -0.7765808601521034, 'd_L': 437.3135213025797, 't_c': 0.05912807169381709, 'phase_c': 5.677111084837604, 'psi': 0.19452709747527708, 'ra': 5.490348966260243, 'sin_dec': -0.9442232520370255}
15:35 ninjax INFO    : Computing lambdas from EOS file /home/twouters2/projects/projection_BNS_A_plus/src/projection_BNS/data/MPA1.npz . . . 
15:35 ninjax INFO    : Injected lambda_1: 41.59706832126132
15:35 ninjax INFO    : Injected lambda_2: 269.54443219342215
15:35 ninjax INFO    : Duration is not specified in the config. Computed chirp time: for fmin = 20.0 and M_c = 1.7035437511997962 is 128.0
15:35 ninjax INFO    : After transforms, the injection parameters are:
15:35 ninjax INFO    : {'mass_1_source': 2.040766551213513, 'mass_2_source': 1.5597022498954547, 's1_z': -0.02949644787700705, 's2_z': -0.025527795162544154, 'cos_iota': -0.7765808601521034, 'd_L': 437.3135213025797, 't_c': 0.05912807169381709, 'phase_c': 5.677111084837604, 'psi': 0.19452709747527708, 'ra': 5.490348966260243, 'sin_dec': -0.9442232520370255, 'q': 0.7642727429886577, 'M_c': 1.7035437511997962, 'eta': 0.24553698686665457, 'iota': Array(2.46001679, dtype=float64, weak_type=True), 'dec': Array(-1.23522783, dtype=float64, weak_type=True), 'lambda_1': 41.59706832126132, 'lambda_2': 269.54443219342215}
15:35 ninjax INFO    : The trial injection parameters are {'M_c': 1.7035437511997962, 'eta': 0.24553698686665457, 's1_z': -0.02949644787700705, 's2_z': -0.025527795162544154, 'lambda_1': 41.59706832126132, 'lambda_2': 269.54443219342215, 'd_L': 437.3135213025797, 'phase_c': 5.677111084837604, 'iota': 2.4600167876413233, 't_c': 0.05912807169381709, 'psi': 0.19452709747527708, 'ra': 5.490348966260243, 'dec': -1.2352278276464765}
15:35 ninjax INFO    : Injecting signals . . .
15:35 ninjax INFO    : self.ifos
15:35 ninjax INFO    : [GroundBased2G(H1), GroundBased2G(L1), GroundBased2G(V1)]
15:35 ninjax INFO    : Signal injected in ifo H1. Frequencies, data, and PSD:
15:35 ninjax INFO    : [  20.          20.0078125   20.015625  ... 2047.9765625
 2047.984375  2047.9921875]
15:35 ninjax INFO    : [-7.05236792e-23-3.96176729e-23j -8.08737325e-23-4.48937003e-23j
 -3.46077704e-23+2.54987631e-23j ...
  5.39276234e-24+2.45611913e-24j  1.84029243e-23-8.43609062e-24j
  3.40736080e-24+7.17846270e-24j]
15:35 ninjax INFO    : [1.44906511e-46 1.44667215e-46 1.44435812e-46 ... 2.17775889e-47
 2.17777440e-47 2.17778992e-47]
15:35 ninjax INFO    : Signal injected in ifo L1. Frequencies, data, and PSD:
15:35 ninjax INFO    : [  20.          20.0078125   20.015625  ... 2047.9765625
 2047.984375  2047.9921875]
15:35 ninjax INFO    : [ 2.52996496e-23-7.72884461e-23j -4.36410919e-23+3.35042067e-23j
  7.37617080e-24+5.55839688e-23j ...
  1.86703625e-23-1.85004590e-23j  2.39227072e-24+2.92689593e-23j
 -6.76490301e-24-1.27936851e-23j]
15:35 ninjax INFO    : [1.44906511e-46 1.44667215e-46 1.44435812e-46 ... 2.17775889e-47
 2.17777440e-47 2.17778992e-47]
15:35 ninjax INFO    : Signal injected in ifo V1. Frequencies, data, and PSD:
15:35 ninjax INFO    : [  20.          20.0078125   20.015625  ... 2047.9765625
 2047.984375  2047.9921875]
15:35 ninjax INFO    : [-2.54253920e-23-1.06595255e-23j -3.26193692e-23+2.00199103e-23j
 -4.41306798e-23+3.81325020e-23j ...
  2.68093527e-23+9.93100495e-24j  5.52060851e-23-5.33113432e-24j
 -2.70040822e-23-1.64197717e-23j]
15:35 ninjax INFO    : [1.43183556e-46 1.42935095e-46 1.42688205e-46 ... 6.39786094e-47
 6.39790724e-47 6.39795354e-47]
15:35 ninjax INFO    : SNR for ifo H1 is 9.520880239345102
15:35 ninjax INFO    : SNR for ifo L1 is 8.193615645417951
15:35 ninjax INFO    : SNR for ifo V1 is 9.709047004898014
15:35 ninjax INFO    : The network SNR is 15.87602253778033
15:35 ninjax INFO    : The network SNR does not pass the threshold, trying again
15:35 ninjax INFO    : Generating new injection
15:35 ninjax INFO    : Sanity check: generated parameters:
15:35 ninjax INFO    : {'mass_1_source': 1.8753946672718824, 'mass_2_source': 2.0506519934055465, 's1_z': -0.038220019767917585, 's2_z': -0.034830310580509206, 'cos_iota': -0.12472092339083796, 'd_L': 444.77188747533944, 't_c': 0.05927982421325084, 'phase_c': 0.7850090317417839, 'psi': 2.773436152746353, 'ra': 5.778879075213247, 'sin_dec': 0.3353385088530807}
15:35 ninjax INFO    : Computing lambdas from EOS file /home/twouters2/projects/projection_BNS_A_plus/src/projection_BNS/data/MPA1.npz . . . 
15:35 ninjax INFO    : Injected lambda_1: 39.97410686539412
15:35 ninjax INFO    : Injected lambda_2: 79.5719058010452
15:35 ninjax INFO    : Duration is not specified in the config. Computed chirp time: for fmin = 20.0 and M_c = 1.8784055069133823 is 128.0
15:35 ninjax INFO    : After transforms, the injection parameters are:
15:35 ninjax INFO    : {'mass_1_source': 2.0506519934055465, 'mass_2_source': 1.8753946672718824, 's1_z': -0.038220019767917585, 's2_z': -0.034830310580509206, 'cos_iota': -0.12472092339083796, 'd_L': 444.77188747533944, 't_c': 0.05927982421325084, 'phase_c': 0.7850090317417839, 'psi': 2.773436152746353, 'ra': 5.778879075213247, 'sin_dec': 0.3353385088530807, 'q': 0.9145358029069517, 'M_c': 1.8784055069133823, 'eta': 0.24950182554092165, 'iota': Array(1.69584288, dtype=float64, weak_type=True), 'dec': Array(0.34196452, dtype=float64, weak_type=True), 'lambda_1': 39.97410686539412, 'lambda_2': 79.5719058010452}
15:35 ninjax INFO    : The trial injection parameters are {'M_c': 1.8784055069133823, 'eta': 0.24950182554092165, 's1_z': -0.038220019767917585, 's2_z': -0.034830310580509206, 'lambda_1': 39.97410686539412, 'lambda_2': 79.5719058010452, 'd_L': 444.77188747533944, 'phase_c': 0.7850090317417839, 'iota': 1.695842880160472, 't_c': 0.05927982421325084, 'psi': 2.773436152746353, 'ra': 5.778879075213247, 'dec': 0.3419645210908269}
15:35 ninjax INFO    : Injecting signals . . .
15:35 ninjax INFO    : self.ifos
15:35 ninjax INFO    : [GroundBased2G(H1), GroundBased2G(L1), GroundBased2G(V1)]
15:35 ninjax INFO    : Signal injected in ifo H1. Frequencies, data, and PSD:
15:35 ninjax INFO    : [  20.          20.0078125   20.015625  ... 2047.9765625
 2047.984375  2047.9921875]
15:35 ninjax INFO    : [-6.68016311e-23-3.92574506e-23j -8.05984411e-23-4.91031034e-23j
 -3.93605037e-23+2.57936039e-23j ...
  5.39071631e-24+2.45591849e-24j  1.84009069e-23-8.43648614e-24j
  3.40539069e-24+7.17787595e-24j]
15:35 ninjax INFO    : [1.44906511e-46 1.44667215e-46 1.44435812e-46 ... 2.17775889e-47
 2.17777440e-47 2.17778992e-47]
15:35 ninjax INFO    : Signal injected in ifo L1. Frequencies, data, and PSD:
15:35 ninjax INFO    : [  20.          20.0078125   20.015625  ... 2047.9765625
 2047.984375  2047.9921875]
15:35 ninjax INFO    : [ 2.25018833e-23-7.90851804e-23j -4.54699359e-23+3.64778454e-23j
  1.07597065e-23+5.73105259e-23j ...
  1.86709832e-23-1.85014850e-23j  2.39298631e-24+2.92679971e-23j
 -6.76409903e-24-1.27945747e-23j]
15:35 ninjax INFO    : [1.44906511e-46 1.44667215e-46 1.44435812e-46 ... 2.17775889e-47
 2.17777440e-47 2.17778992e-47]
15:35 ninjax INFO    : Signal injected in ifo V1. Frequencies, data, and PSD:
15:35 ninjax INFO    : [  20.          20.0078125   20.015625  ... 2047.9765625
 2047.984375  2047.9921875]
15:35 ninjax INFO    : [-2.77471205e-23-3.40368456e-24j -2.43438051e-23+2.00780934e-23j
 -4.66032113e-23+3.03850874e-23j ...
  2.68127251e-23+9.93644193e-24j  5.52089271e-23-5.32540262e-24j
 -2.70017962e-23-1.64137969e-23j]
15:35 ninjax INFO    : [1.43183556e-46 1.42935095e-46 1.42688205e-46 ... 6.39786094e-47
 6.39790724e-47 6.39795354e-47]
15:35 ninjax INFO    : SNR for ifo H1 is 1.7970031094900059
15:35 ninjax INFO    : SNR for ifo L1 is 1.0482055739226777
15:35 ninjax INFO    : SNR for ifo V1 is 4.41198058745617
15:35 ninjax INFO    : The network SNR is 4.877860986622046
15:35 ninjax INFO    : The network SNR does not pass the threshold, trying again
15:35 ninjax INFO    : Generating new injection
15:35 ninjax INFO    : Sanity check: generated parameters:
15:35 ninjax INFO    : {'mass_1_source': 2.3474171215057105, 'mass_2_source': 2.052444020522045, 's1_z': 0.010612110019772157, 's2_z': 0.01094038068039762, 'cos_iota': -0.15767212906693295, 'd_L': 453.13330169772183, 't_c': 0.051255374165566775, 'phase_c': 6.182593412248, 'psi': 1.6525575892178421, 'ra': 2.4871324868606126, 'sin_dec': 0.5369952473335884}
15:35 ninjax INFO    : Computing lambdas from EOS file /home/twouters2/projects/projection_BNS_A_plus/src/projection_BNS/data/MPA1.npz . . . 
15:35 ninjax INFO    : Injected lambda_1: 10.270741641294011
15:35 ninjax INFO    : Injected lambda_2: 39.6861365290302
15:35 ninjax INFO    : Duration is not specified in the config. Computed chirp time: for fmin = 20.0 and M_c = 2.105541312970991 is 64.0
15:35 ninjax INFO    : After transforms, the injection parameters are:
15:35 ninjax INFO    : {'mass_1_source': 2.3474171215057105, 'mass_2_source': 2.052444020522045, 's1_z': 0.010612110019772157, 's2_z': 0.01094038068039762, 'cos_iota': -0.15767212906693295, 'd_L': 453.13330169772183, 't_c': 0.051255374165566775, 'phase_c': 6.182593412248, 'psi': 1.6525575892178421, 'ra': 2.4871324868606126, 'sin_dec': 0.5369952473335884, 'q': 0.8743414204994551, 'M_c': 2.105541312970991, 'eta': 0.24887636076521424, 'iota': Array(1.72912918, dtype=float64, weak_type=True), 'dec': Array(0.56687117, dtype=float64, weak_type=True), 'lambda_1': 10.270741641294011, 'lambda_2': 39.6861365290302}
15:35 ninjax INFO    : The trial injection parameters are {'M_c': 2.105541312970991, 'eta': 0.24887636076521424, 's1_z': 0.010612110019772157, 's2_z': 0.01094038068039762, 'lambda_1': 10.270741641294011, 'lambda_2': 39.6861365290302, 'd_L': 453.13330169772183, 'phase_c': 6.182593412248, 'iota': 1.7291291758423297, 't_c': 0.051255374165566775, 'psi': 1.6525575892178421, 'ra': 2.4871324868606126, 'dec': 0.5668711708445876}
15:35 ninjax INFO    : Injecting signals . . .
15:35 ninjax INFO    : self.ifos
15:35 ninjax INFO    : [GroundBased2G(H1), GroundBased2G(L1), GroundBased2G(V1)]
15:35 ninjax INFO    : Signal injected in ifo H1. Frequencies, data, and PSD:
15:35 ninjax INFO    : [  20.         20.015625   20.03125  ... 2047.953125 2047.96875
 2047.984375]
15:35 ninjax INFO    : [-6.40326009e-24-1.18729960e-23j -4.94177503e-23-2.60786777e-23j
 -1.78709773e-23+5.12853406e-24j ...
  1.42230234e-23-1.04618541e-23j  2.81202890e-23-1.50033865e-23j
 -3.63957743e-24+1.26605712e-23j]
15:35 ninjax INFO    : [1.44906511e-46 1.44435812e-46 1.43973008e-46 ... 2.17771234e-47
 2.17774337e-47 2.17777440e-47]
15:35 ninjax INFO    : Signal injected in ifo L1. Frequencies, data, and PSD:
15:35 ninjax INFO    : [  20.         20.015625   20.03125  ... 2047.953125 2047.96875
 2047.984375]
15:35 ninjax INFO    : [-1.46917029e-24+2.47144993e-23j  2.63101249e-23+2.81172138e-23j
 -6.05496088e-23-5.49136607e-23j ...
 -7.20658261e-25+1.24568630e-23j -2.28641415e-24-1.59915761e-23j
 -2.15443263e-23-2.08650488e-23j]
15:35 ninjax INFO    : [1.44906511e-46 1.44435812e-46 1.43973008e-46 ... 2.17771234e-47
 2.17774337e-47 2.17777440e-47]
15:35 ninjax INFO    : Signal injected in ifo V1. Frequencies, data, and PSD:
15:35 ninjax INFO    : [  20.         20.015625   20.03125  ... 2047.953125 2047.96875
 2047.984375]
15:35 ninjax INFO    : [ 4.81061435e-23-1.22072941e-23j  1.07105404e-23+1.71446365e-24j
 -1.76447507e-24+1.05284757e-23j ...
 -2.31920901e-23+3.59619709e-23j  3.26346427e-23+3.47960237e-23j
  6.07409064e-24+2.39510157e-23j]
15:35 ninjax INFO    : [1.43183556e-46 1.42688205e-46 1.42194425e-46 ... 6.39772204e-47
 6.39781464e-47 6.39790724e-47]
15:35 ninjax INFO    : SNR for ifo H1 is 1.8522990970090931
15:35 ninjax INFO    : SNR for ifo L1 is 4.792306660086758
15:35 ninjax INFO    : SNR for ifo V1 is 7.729822188545734
15:35 ninjax INFO    : The network SNR is 9.281560544198726
15:35 ninjax INFO    : The network SNR does not pass the threshold, trying again
15:35 ninjax INFO    : Generating new injection
15:35 ninjax INFO    : Sanity check: generated parameters:
15:35 ninjax INFO    : {'mass_1_source': 2.1376252109099907, 'mass_2_source': 2.259245389406623, 's1_z': 0.012118255346133089, 's2_z': -0.015135763143957946, 'cos_iota': 0.6375366042955557, 'd_L': 426.6026254094899, 't_c': -0.025300950800935598, 'phase_c': 2.7628341022352796, 'psi': 2.2188110160043646, 'ra': 4.089192127257897, 'sin_dec': 0.21739479584800359}
15:35 ninjax INFO    : Computing lambdas from EOS file /home/twouters2/projects/projection_BNS_A_plus/src/projection_BNS/data/MPA1.npz . . . 
15:35 ninjax INFO    : Injected lambda_1: 16.21863597573142
15:35 ninjax INFO    : Injected lambda_2: 27.925676553336494
15:35 ninjax INFO    : Duration is not specified in the config. Computed chirp time: for fmin = 20.0 and M_c = 2.0973683927783133 is 128.0
15:35 ninjax INFO    : After transforms, the injection parameters are:
15:35 ninjax INFO    : {'mass_1_source': 2.259245389406623, 'mass_2_source': 2.1376252109099907, 's1_z': 0.012118255346133089, 's2_z': -0.015135763143957946, 'cos_iota': 0.6375366042955557, 'd_L': 426.6026254094899, 't_c': -0.025300950800935598, 'phase_c': 2.7628341022352796, 'psi': 2.2188110160043646, 'ra': 4.089192127257897, 'sin_dec': 0.21739479584800359, 'q': 0.9461677872324551, 'M_c': 2.0973683927783133, 'eta': 0.24980872248871522, 'iota': Array(0.87949978, dtype=float64, weak_type=True), 'dec': Array(0.21914464, dtype=float64, weak_type=True), 'lambda_1': 16.21863597573142, 'lambda_2': 27.925676553336494}
15:35 ninjax INFO    : The trial injection parameters are {'M_c': 2.0973683927783133, 'eta': 0.24980872248871522, 's1_z': 0.012118255346133089, 's2_z': -0.015135763143957946, 'lambda_1': 16.21863597573142, 'lambda_2': 27.925676553336494, 'd_L': 426.6026254094899, 'phase_c': 2.7628341022352796, 'iota': 0.879499778929098, 't_c': -0.025300950800935598, 'psi': 2.2188110160043646, 'ra': 4.089192127257897, 'dec': 0.21914463604587253}
15:35 ninjax INFO    : Injecting signals . . .
15:35 ninjax INFO    : self.ifos
15:35 ninjax INFO    : [GroundBased2G(H1), GroundBased2G(L1), GroundBased2G(V1)]
15:35 ninjax INFO    : Signal injected in ifo H1. Frequencies, data, and PSD:
15:35 ninjax INFO    : [  20.          20.0078125   20.015625  ... 2047.9765625
 2047.984375  2047.9921875]
15:35 ninjax INFO    : [-6.55859823e-23-3.56333583e-23j -8.12914141e-23-5.33917620e-23j
 -3.96581795e-23+3.05406547e-23j ...
  5.38467564e-24+2.46960814e-24j  1.83935446e-23-8.42346646e-24j
  3.39678002e-24+7.19009852e-24j]
15:35 ninjax INFO    : [1.44906511e-46 1.44667215e-46 1.44435812e-46 ... 2.17775889e-47
 2.17777440e-47 2.17778992e-47]
15:35 ninjax INFO    : Signal injected in ifo L1. Frequencies, data, and PSD:
15:35 ninjax INFO    : [  20.          20.0078125   20.015625  ... 2047.9765625
 2047.984375  2047.9921875]
15:35 ninjax INFO    : [ 1.97915435e-23-8.37302994e-23j -4.37477427e-23+4.16787146e-23j
  1.01492669e-23+5.19417083e-23j ...
  1.86863467e-23-1.85109050e-23j  2.40920653e-24+2.92601394e-23j
 -6.74718051e-24-1.28007932e-23j]
15:35 ninjax INFO    : [1.44906511e-46 1.44667215e-46 1.44435812e-46 ... 2.17775889e-47
 2.17777440e-47 2.17778992e-47]
15:35 ninjax INFO    : Signal injected in ifo V1. Frequencies, data, and PSD:
15:35 ninjax INFO    : [  20.          20.0078125   20.015625  ... 2047.9765625
 2047.984375  2047.9921875]
15:35 ninjax INFO    : [-2.95586217e-23-4.65553305e-24j -2.30070721e-23+1.99892845e-23j
 -4.88953123e-23+3.15814814e-23j ...
  2.68071399e-23+9.91617598e-24j  5.52053622e-23-5.34611000e-24j
 -2.70033081e-23-1.64347448e-23j]
15:35 ninjax INFO    : [1.43183556e-46 1.42935095e-46 1.42688205e-46 ... 6.39786094e-47
 6.39790724e-47 6.39795354e-47]
15:35 ninjax INFO    : SNR for ifo H1 is 8.820623083574501
15:35 ninjax INFO    : SNR for ifo L1 is 10.709338876823905
15:35 ninjax INFO    : SNR for ifo V1 is 6.635635706845934
15:35 ninjax INFO    : The network SNR is 15.379369037613603
15:35 ninjax INFO    : The network SNR does not pass the threshold, trying again
15:35 ninjax INFO    : Generating new injection
15:35 ninjax INFO    : Sanity check: generated parameters:
15:35 ninjax INFO    : {'mass_1_source': 1.9628702515236394, 'mass_2_source': 1.9055864969012688, 's1_z': 0.030261904276423765, 's2_z': 0.004113525483159616, 'cos_iota': -0.8435218773304936, 'd_L': 427.33986593704213, 't_c': 0.07553106452784406, 'phase_c': 3.775477376475614, 'psi': 3.0631140826478513, 'ra': 5.5155839787881344, 'sin_dec': -0.27345330921192135}
15:35 ninjax INFO    : Computing lambdas from EOS file /home/twouters2/projects/projection_BNS_A_plus/src/projection_BNS/data/MPA1.npz . . . 
15:35 ninjax INFO    : Injected lambda_1: 56.646551667523674
15:35 ninjax INFO    : Injected lambda_2: 70.80594892936736
15:35 ninjax INFO    : Duration is not specified in the config. Computed chirp time: for fmin = 20.0 and M_c = 1.8461928429984282 is 128.0
15:35 ninjax INFO    : After transforms, the injection parameters are:
15:35 ninjax INFO    : {'mass_1_source': 1.9628702515236394, 'mass_2_source': 1.9055864969012688, 's1_z': 0.030261904276423765, 's2_z': 0.004113525483159616, 'cos_iota': -0.8435218773304936, 'd_L': 427.33986593704213, 't_c': 0.07553106452784406, 'phase_c': 3.775477376475614, 'psi': 3.0631140826478513, 'ra': 5.5155839787881344, 'sin_dec': -0.27345330921192135, 'q': 0.9708163315543118, 'M_c': 1.8461928429984282, 'eta': 0.2499451814594438, 'iota': Array(2.57460345, dtype=float64, weak_type=True), 'dec': Array(-0.27698136, dtype=float64, weak_type=True), 'lambda_1': 56.646551667523674, 'lambda_2': 70.80594892936736}
15:35 ninjax INFO    : The trial injection parameters are {'M_c': 1.8461928429984282, 'eta': 0.2499451814594438, 's1_z': 0.030261904276423765, 's2_z': 0.004113525483159616, 'lambda_1': 56.646551667523674, 'lambda_2': 70.80594892936736, 'd_L': 427.33986593704213, 'phase_c': 3.775477376475614, 'iota': 2.5746034467544217, 't_c': 0.07553106452784406, 'psi': 3.0631140826478513, 'ra': 5.5155839787881344, 'dec': -0.2769813555623892}
15:35 ninjax INFO    : Injecting signals . . .
15:35 ninjax INFO    : self.ifos
15:35 ninjax INFO    : [GroundBased2G(H1), GroundBased2G(L1), GroundBased2G(V1)]
15:35 ninjax INFO    : Signal injected in ifo H1. Frequencies, data, and PSD:
15:35 ninjax INFO    : [  20.          20.0078125   20.015625  ... 2047.9765625
 2047.984375  2047.9921875]
15:35 ninjax INFO    : [-6.31716169e-23-4.08355538e-23j -8.41000487e-23-5.09009352e-23j
 -3.85245299e-23+2.96088617e-23j ...
  5.40066642e-24+2.46177653e-24j  1.84102595e-23-8.42971327e-24j
  3.41406191e-24+7.18550313e-24j]
15:35 ninjax INFO    : [1.44906511e-46 1.44667215e-46 1.44435812e-46 ... 2.17775889e-47
 2.17777440e-47 2.17778992e-47]
15:35 ninjax INFO    : Signal injected in ifo L1. Frequencies, data, and PSD:
15:35 ninjax INFO    : [  20.          20.0078125   20.015625  ... 2047.9765625
 2047.984375  2047.9921875]
15:35 ninjax INFO    : [ 1.79320890e-23-7.78824325e-23j -4.16579272e-23+3.93207092e-23j
  1.05849979e-23+5.25334640e-23j ...
  1.86630938e-23-1.85118183e-23j  2.38610160e-24+2.92569676e-23j
 -6.76991805e-24-1.28062032e-23j]
15:35 ninjax INFO    : [1.44906511e-46 1.44667215e-46 1.44435812e-46 ... 2.17775889e-47
 2.17777440e-47 2.17778992e-47]
15:35 ninjax INFO    : Signal injected in ifo V1. Frequencies, data, and PSD:
15:35 ninjax INFO    : [  20.          20.0078125   20.015625  ... 2047.9765625
 2047.984375  2047.9921875]
15:35 ninjax INFO    : [-2.15850398e-23-9.60777799e-24j -3.30869300e-23+1.93353688e-23j
 -4.15248024e-23+3.75484438e-23j ...
  2.68260426e-23+9.94043492e-24j  5.52218191e-23-5.32018428e-24j
 -2.69894422e-23-1.64073977e-23j]
15:35 ninjax INFO    : [1.43183556e-46 1.42935095e-46 1.42688205e-46 ... 6.39786094e-47
 6.39790724e-47 6.39795354e-47]
15:35 ninjax INFO    : SNR for ifo H1 is 6.750260143386112
15:35 ninjax INFO    : SNR for ifo L1 is 9.36541544741138
15:35 ninjax INFO    : SNR for ifo V1 is 10.498604532334138
15:35 ninjax INFO    : The network SNR is 15.604413338294577
15:35 ninjax INFO    : The network SNR does not pass the threshold, trying again
15:35 ninjax INFO    : Generating new injection
15:35 ninjax INFO    : Sanity check: generated parameters:
15:35 ninjax INFO    : {'mass_1_source': 1.0917087882889045, 'mass_2_source': 1.0071367159422442, 's1_z': 0.047622542791538144, 's2_z': 0.01819502717306512, 'cos_iota': 0.6859440876798222, 'd_L': 418.9208081907476, 't_c': -0.05962424504821948, 'phase_c': 5.7651249170728365, 'psi': 0.9248837398035316, 'ra': 4.372179140021187, 'sin_dec': -0.9752789435605225}
15:35 ninjax INFO    : Computing lambdas from EOS file /home/twouters2/projects/projection_BNS_A_plus/src/projection_BNS/data/MPA1.npz . . . 
15:35 ninjax INFO    : Injected lambda_1: 2000.136180641499
15:35 ninjax INFO    : Injected lambda_2: 3031.183220821555
15:35 ninjax INFO    : Duration is not specified in the config. Computed chirp time: for fmin = 20.0 and M_c = 0.9990780652995782 is 256.0
15:35 ninjax INFO    : After transforms, the injection parameters are:
15:35 ninjax INFO    : {'mass_1_source': 1.0917087882889045, 'mass_2_source': 1.0071367159422442, 's1_z': 0.047622542791538144, 's2_z': 0.01819502717306512, 'cos_iota': 0.6859440876798222, 'd_L': 418.9208081907476, 't_c': -0.05962424504821948, 'phase_c': 5.7651249170728365, 'psi': 0.9248837398035316, 'ra': 4.372179140021187, 'sin_dec': -0.9752789435605225, 'q': 0.9225323884410468, 'M_c': 0.9990780652995782, 'eta': 0.24959408695265567, 'iota': Array(0.81489598, dtype=float64, weak_type=True), 'dec': Array(-1.34797986, dtype=float64, weak_type=True), 'lambda_1': 2000.136180641499, 'lambda_2': 3031.183220821555}
15:35 ninjax INFO    : The trial injection parameters are {'M_c': 0.9990780652995782, 'eta': 0.24959408695265567, 's1_z': 0.047622542791538144, 's2_z': 0.01819502717306512, 'lambda_1': 2000.136180641499, 'lambda_2': 3031.183220821555, 'd_L': 418.9208081907476, 'phase_c': 5.7651249170728365, 'iota': 0.8148959801139853, 't_c': -0.05962424504821948, 'psi': 0.9248837398035316, 'ra': 4.372179140021187, 'dec': -1.3479798624793025}
15:35 ninjax INFO    : Injecting signals . . .
15:35 ninjax INFO    : self.ifos
15:35 ninjax INFO    : [GroundBased2G(H1), GroundBased2G(L1), GroundBased2G(V1)]
