Tue Apr  1 15:34:29 CEST 2025
NVIDIA H100
/gpfs/home6/twouters2/ninjax_dev/jim/src/jimgw/prior.py:94: UserWarning: As of jaxtyping version 0.2.24, jaxtyping now prefers the syntax
```
from jaxtyping import jaxtyped
# Use your favourite typechecker: usually one of the two lines below.
from typeguard import typechecked as typechecker
from beartype import beartype as typechecker

@jaxtyped(typechecker=typechecker)
def foo(...):
```
and the old double-decorator syntax
```
@jaxtyped
@typechecker
def foo(...):
```
should no longer be used. (It will continue to work as it did before, but the new approach will produce more readable error messages.)
In particular note that `typechecker` must be passed via keyword argument; the following is not valid:
```
@jaxtyped(typechecker)
def foo(...):
```

  class Uniform(Prior):
/gpfs/home6/twouters2/ninjax_dev/jim/src/jimgw/prior.py:149: UserWarning: As of jaxtyping version 0.2.24, jaxtyping now prefers the syntax
```
from jaxtyping import jaxtyped
# Use your favourite typechecker: usually one of the two lines below.
from typeguard import typechecked as typechecker
from beartype import beartype as typechecker

@jaxtyped(typechecker=typechecker)
def foo(...):
```
and the old double-decorator syntax
```
@jaxtyped
@typechecker
def foo(...):
```
should no longer be used. (It will continue to work as it did before, but the new approach will produce more readable error messages.)
In particular note that `typechecker` must be passed via keyword argument; the following is not valid:
```
@jaxtyped(typechecker)
def foo(...):
```

  class Unconstrained_Uniform(Prior):
/gpfs/home6/twouters2/ninjax_dev/jim/src/jimgw/prior.py:263: UserWarning: As of jaxtyping version 0.2.24, jaxtyping now prefers the syntax
```
from jaxtyping import jaxtyped
# Use your favourite typechecker: usually one of the two lines below.
from typeguard import typechecked as typechecker
from beartype import beartype as typechecker

@jaxtyped(typechecker=typechecker)
def foo(...):
```
and the old double-decorator syntax
```
@jaxtyped
@typechecker
def foo(...):
```
should no longer be used. (It will continue to work as it did before, but the new approach will produce more readable error messages.)
In particular note that `typechecker` must be passed via keyword argument; the following is not valid:
```
@jaxtyped(typechecker)
def foo(...):
```

  class AlignedSpin(Prior):
/gpfs/home6/twouters2/ninjax_dev/jim/src/jimgw/prior.py:377: UserWarning: As of jaxtyping version 0.2.24, jaxtyping now prefers the syntax
```
from jaxtyping import jaxtyped
# Use your favourite typechecker: usually one of the two lines below.
from typeguard import typechecked as typechecker
from beartype import beartype as typechecker

@jaxtyped(typechecker=typechecker)
def foo(...):
```
and the old double-decorator syntax
```
@jaxtyped
@typechecker
def foo(...):
```
should no longer be used. (It will continue to work as it did before, but the new approach will produce more readable error messages.)
In particular note that `typechecker` must be passed via keyword argument; the following is not valid:
```
@jaxtyped(typechecker)
def foo(...):
```

  class PowerLaw(Prior):
/gpfs/home6/twouters2/ninjax_dev/jim/src/jimgw/single_event/detector.py:496: UserWarning: As of jaxtyping version 0.2.24, jaxtyping now prefers the syntax
```
from jaxtyping import jaxtyped
# Use your favourite typechecker: usually one of the two lines below.
from typeguard import typechecked as typechecker
from beartype import beartype as typechecker

@jaxtyped(typechecker=typechecker)
def foo(...):
```
and the old double-decorator syntax
```
@jaxtyped
@typechecker
def foo(...):
```
should no longer be used. (It will continue to work as it did before, but the new approach will produce more readable error messages.)
In particular note that `typechecker` must be passed via keyword argument; the following is not valid:
```
@jaxtyped(typechecker)
def foo(...):
```

  def load_psd(
15:34 ninjax INFO    : Checking and setting outdir
15:34 ninjax INFO    : Found generation prior file ./Aplus/injection_27/generation_prior.prior
15:34 ninjax INFO    : The outdir is set to ./Aplus/injection_27
15:34 ninjax INFO    : Loading the given config
15:34 ninjax WARNING : Unrecognized keys given: {'n_max_examples', 'generation_seed'}. These will be ignored
15:34 ninjax INFO    : Arguments loaded into the config: {'likelihood': 'HeterodynedTransientLikelihoodFD', 'gw_injection': 'True', 'gw_load_existing_injection': 'False', 'gw_dump_injection_data': 'False', 'gw_SNR_threshold_low': '30.0', 'gw_SNR_threshold_high': '100', 'waveform_approximant': 'IMRPhenomD_NRTidalv2', 'waveform_approximant_1': 'None', 'waveform_approximant_2': 'None', 'gw_overlapping_tight_priors': 'False', 'ifos': 'H1,L1,V1', 'eos_file': '/home/twouters2/projects/projection_BNS_A_plus/src/projection_BNS/data/MPA1.npz', 'fmin': '20.0', 'fref': '20.0', 'fmax': '2048.0', 'duration': 'None', 'post_trigger_duration': '2.0', 'trigger_time': '1187008882.4', 'psd_file_H1': '/home/twouters2/projects/projection_BNS_A_plus/src/projection_BNS/data/AplusDesign_PSD.txt', 'psd_file_L1': '/home/twouters2/projects/projection_BNS_A_plus/src/projection_BNS/data/AplusDesign_PSD.txt', 'psd_file_V1': '/home/twouters2/projects/projection_BNS_A_plus/src/projection_BNS/data/avirgo_O5high_NEW_PSD.txt', 'psd_file_ET1': '/home/twouters2/psds/ET_D_psd.txt', 'psd_file_ET2': '/home/twouters2/psds/ET_D_psd.txt', 'psd_file_ET3': '/home/twouters2/psds/ET_D_psd.txt', 'psd_file_CE': '/home/twouters2/psds/CE_psd.txt', 'data_file_H1': 'None', 'data_file_L1': 'None', 'data_file_V1': 'None', 'data_file_ET1': 'None', 'data_file_ET2': 'None', 'data_file_ET3': 'None', 'relative_binning_binsize': '1000', 'relative_binning_ref_params_equal_true_params': 'True', 'relative_binning_ref_params': 'None', 'transforms': 'q_to_eta,cos_iota_to_iota,sin_dec_to_dec', 'gw_kwargs': 'None', 'filters': 'None', 'tmin': '0.05', 'tmax': '15.0', 'em_injection': 'False', 'em_trigger_time': '0.0', 'em_data_path': 'None', 'KN_model_name': 'None', 'KN_class_name': 'None', 'KN_model_dir': 'None', 'GRB_model_name': 'None', 'GRB_class_name': 'None', 'GRB_model_dir': 'None', 'detection_limit': 'None', 'n_loop_training': '200', 'n_loop_production': '10', 'n_local_steps': '100', 'n_global_steps': '1_000', 'n_epochs': '25', 'n_chains': '1_000', 'learning_rate': '0.001', 'max_samples': '50000', 'momentum': '0.9', 'batch_size': '30000', 'use_global': 'True', 'keep_quantile': '0.0', 'train_thinning': '10', 'output_thinning': '50', 'n_sample_max': '10000', 'verbose': 'False', 'save_training_chains': 'False', 'eps_mass_matrix': '1e-5', 'use_scheduler': 'True', 'use_temperature': 'False', 'which_temperature_schedule': 'exponential', 'starting_temperature': '2.0', 'stop_tempering_iteration': '75', 'stopping_criterion_global_acc': '0.10', 'stopping_criterion_loss': '-inf', 'seed': '123', 'sampling_seed': '123', 'injection_generation_seed': 'None', 'num_layers': '10', 'hidden_size': '128,128', 'num_bins': '8', 'nf_model_kwargs': 'None', 'run_sampler': 'True', 'keys_to_plot': 'M_c, q, s1_z, s2_z, lambda_1, lambda_2, d_L, t_c, phase_c, iota, psi, ra, dec'}
15:34 ninjax INFO    : Complete config file written to /gpfs/home6/twouters2/projects/projection_BNS_A_plus/src/projection_BNS/GW/MPA1/Aplus/injection_27/complete_config.json
15:34 ninjax INFO    : No injection_generation_seed specified. Generating a random injection_generation_seed: 472122
15:34 ninjax INFO    : Loading the priors
15:34 ninjax INFO    : Setting up the prior
15:34 ninjax INFO    :    Mc_prior = Uniform(0.98, 2.6, naming=["M_c"])
15:34 ninjax INFO    :    q_prior = Uniform(0.125, 1.0, naming=["q"])
15:34 ninjax INFO    :    s1_z_prior = Uniform(-0.05, 0.05, naming=["s1_z"])
15:34 ninjax INFO    :    s2_z_prior = Uniform(-0.05, 0.05, naming=["s2_z"])
15:34 ninjax INFO    :    lambda1_prior = Uniform(0.0, 5000.0, naming=["lambda_1"])
15:34 ninjax INFO    :    lambda2_prior = Uniform(0.0, 5000.0, naming=["lambda_2"])
15:34 ninjax INFO    :    cos_iota_prior = Uniform(-1.0, 1.0, naming=["cos_iota"])
15:34 ninjax INFO    :    dL_prior = PowerLaw(10.0, 1000.0, 2.0, naming=["d_L"])
15:34 ninjax INFO    :    t_c_prior = Uniform(-0.1, 0.1, naming=["t_c"])
15:34 ninjax INFO    :    phase_c_prior = Uniform(0.0, 2 * jnp.pi, naming=["phase_c"])
15:34 ninjax INFO    :    psi_prior = Uniform(0.0, jnp.pi, naming=["psi"])
15:34 ninjax INFO    :    ra_prior = Uniform(0.0, 2 * jnp.pi, naming=["ra"])
15:34 ninjax INFO    :    sin_dec_prior = Uniform(-1.0, 1.0, naming=["sin_dec"])
15:34 ninjax INFO    : Setting up the generation prior
15:34 ninjax INFO    :    mass_1_source_prior = Uniform(1.0, 2.468645554845655, naming=["mass_1_source"])
15:34 ninjax INFO    :    mass_2_source_prior = Uniform(1.0, 2.468645554845655, naming=["mass_2_source"])
15:34 ninjax INFO    :    s1_z_prior = Uniform(-0.05, 0.05, naming=["s1_z"])
15:34 ninjax INFO    :    s2_z_prior = Uniform(-0.05, 0.05, naming=["s2_z"])
15:34 ninjax INFO    :    cos_iota_prior = Uniform(-1.0, 1.0, naming=["cos_iota"])
15:34 ninjax INFO    :    dL_prior = PowerLaw(10.0, 460.0, 2.0, naming=["d_L"])
15:34 ninjax INFO    :    t_c_prior = Uniform(-0.1, 0.1, naming=["t_c"])
15:34 ninjax INFO    :    phase_c_prior = Uniform(0.0, 2 * jnp.pi, naming=["phase_c"])
15:34 ninjax INFO    :    psi_prior = Uniform(0.0, jnp.pi, naming=["psi"])
15:34 ninjax INFO    :    ra_prior = Uniform(0.0, 2 * jnp.pi, naming=["ra"])
15:34 ninjax INFO    :    sin_dec_prior = Uniform(-1.0, 1.0, naming=["sin_dec"])
15:34 ninjax INFO    : Finished prior setup
15:34 ninjax INFO    : Setting the transforms
15:34 ninjax INFO    : Raw transforms list is q_to_eta,cos_iota_to_iota,sin_dec_to_dec
15:34 ninjax INFO    : transforms_str_list has 3 elements
15:34 ninjax INFO    : DEBUG: Checking that all_transforms is OK: the list is ['binary_Love', 'binary_love_fit', 'cos_iota1_to_iota1', 'cos_iota2_to_iota2', 'cos_iota_to_iota', 'log_lambda_to_lambda', 'm1_m2_to_Mc_q', 'q1_to_eta1', 'q2_to_eta2', 'q_to_eta', 'sin_dec1_to_dec1', 'sin_dec2_to_dec2', 'sin_dec_to_dec', 'spin_sphere_to_cartesian_s1', 'spin_sphere_to_cartesian_s2', 'swap_lambdas_eos', 't_c_dt_to_tcs']
15:34 ninjax INFO    : Setting the likelihood
15:34 ninjax INFO    : GW likelihood provided, setting up the GW pipe
15:34 ninjax INFO    : eos_file is /home/twouters2/projects/projection_BNS_A_plus/src/projection_BNS/data/MPA1.npz
15:34 ninjax INFO    : Using eos_file /home/twouters2/projects/projection_BNS_A_plus/src/projection_BNS/data/MPA1.npz for BNS injections
15:34 ninjax INFO    : Note: No specific waveform approximant 1 so defaulting to IMRPhenomD_NRTidalv2
15:34 ninjax INFO    : self.is_BNS_run is True
15:34 ninjax INFO    : Using IMRPhenomD_NRTidalv2 waveform. Therefore, we will use no taper as the reference waveform for the likelihood if relative binning is used
15:34 ninjax INFO    : GW run is an injection
15:34 ninjax INFO    : Setting up GW injection . . . 
15:34 ninjax INFO    : The SNR thresholds are: 30.0 - 100.0
15:34 ninjax INFO    : Generating new injection
15:34 ninjax INFO    : Sanity check: generated parameters:
15:34 ninjax INFO    : {'mass_1_source': 2.332358318137098, 'mass_2_source': 1.4737954701407932, 's1_z': 0.03361185308138252, 's2_z': -0.002446667176941683, 'cos_iota': -0.907355371214599, 'd_L': 256.375906824853, 't_c': -0.08116942651840918, 'phase_c': 1.9671535677734102, 'psi': 1.9552790474709454, 'ra': 4.2424119033024414, 'sin_dec': 0.947991890343979}
15:34 ninjax INFO    : Computing lambdas from EOS file /home/twouters2/projects/projection_BNS_A_plus/src/projection_BNS/data/MPA1.npz . . . 
15:34 ninjax INFO    : Injected lambda_1: 11.174586169296022
15:34 ninjax INFO    : Injected lambda_2: 379.45315132366767
15:34 ninjax INFO    : Duration is not specified in the config. Computed chirp time: for fmin = 20.0 and M_c = 1.698631053666534 is 128.0
15:34 ninjax INFO    : After transforms, the injection parameters are:
15:34 ninjax INFO    : {'mass_1_source': 2.332358318137098, 'mass_2_source': 1.4737954701407932, 's1_z': 0.03361185308138252, 's2_z': -0.002446667176941683, 'cos_iota': -0.907355371214599, 'd_L': 256.375906824853, 't_c': -0.08116942651840918, 'phase_c': 1.9671535677734102, 'psi': 1.9552790474709454, 'ra': 4.2424119033024414, 'sin_dec': 0.947991890343979, 'q': 0.6318906742073591, 'M_c': 1.698631053666534, 'eta': 0.23727928484761043, 'iota': Array(2.70774576, dtype=float64, weak_type=True), 'dec': Array(1.24686647, dtype=float64, weak_type=True), 'lambda_1': 11.174586169296022, 'lambda_2': 379.45315132366767}
15:34 ninjax INFO    : The trial injection parameters are {'M_c': 1.698631053666534, 'eta': 0.23727928484761043, 's1_z': 0.03361185308138252, 's2_z': -0.002446667176941683, 'lambda_1': 11.174586169296022, 'lambda_2': 379.45315132366767, 'd_L': 256.375906824853, 'phase_c': 1.9671535677734102, 'iota': 2.7077457621400636, 't_c': -0.08116942651840918, 'psi': 1.9552790474709454, 'ra': 4.2424119033024414, 'dec': 1.2468664715542008}
15:34 ninjax INFO    : Injecting signals . . .
15:35 ninjax INFO    : self.ifos
15:35 ninjax INFO    : [GroundBased2G(H1), GroundBased2G(L1), GroundBased2G(V1)]
15:35 ninjax INFO    : Signal injected in ifo H1. Frequencies, data, and PSD:
15:35 ninjax INFO    : [  20.          20.0078125   20.015625  ... 2047.9765625
 2047.984375  2047.9921875]
15:35 ninjax INFO    : [-6.90865706e-23-3.33966420e-23j -7.49105988e-23-4.67383878e-23j
 -3.68537989e-23+1.98288761e-23j ...
  5.39276234e-24+2.45611913e-24j  1.84029243e-23-8.43609062e-24j
  3.40736080e-24+7.17846270e-24j]
15:35 ninjax INFO    : [1.44906511e-46 1.44667215e-46 1.44435812e-46 ... 2.17775889e-47
 2.17777440e-47 2.17778992e-47]
15:35 ninjax INFO    : Signal injected in ifo L1. Frequencies, data, and PSD:
15:35 ninjax INFO    : [  20.          20.0078125   20.015625  ... 2047.9765625
 2047.984375  2047.9921875]
15:35 ninjax INFO    : [ 1.90039493e-23-8.39963292e-23j -4.97877520e-23+4.02986218e-23j
  1.46440682e-23+6.10976202e-23j ...
  1.86703625e-23-1.85004590e-23j  2.39227072e-24+2.92689593e-23j
 -6.76490301e-24-1.27936851e-23j]
15:35 ninjax INFO    : [1.44906511e-46 1.44667215e-46 1.44435812e-46 ... 2.17775889e-47
 2.17777440e-47 2.17778992e-47]
15:35 ninjax INFO    : Signal injected in ifo V1. Frequencies, data, and PSD:
15:35 ninjax INFO    : [  20.          20.0078125   20.015625  ... 2047.9765625
 2047.984375  2047.9921875]
15:35 ninjax INFO    : [-1.71095143e-23-9.53364030e-24j -3.20738242e-23+1.14636533e-23j
 -5.28845017e-23+3.82421821e-23j ...
  2.68093527e-23+9.93100495e-24j  5.52060851e-23-5.33113432e-24j
 -2.70040822e-23-1.64197717e-23j]
15:35 ninjax INFO    : [1.43183556e-46 1.42935095e-46 1.42688205e-46 ... 6.39786094e-47
 6.39790724e-47 6.39795354e-47]
15:35 ninjax INFO    : SNR for ifo H1 is 15.040809535713834
15:35 ninjax INFO    : SNR for ifo L1 is 12.092773598090641
15:35 ninjax INFO    : SNR for ifo V1 is 16.456295954761735
15:35 ninjax INFO    : The network SNR is 25.362783785203973
15:35 ninjax INFO    : The network SNR does not pass the threshold, trying again
15:35 ninjax INFO    : Generating new injection
15:35 ninjax INFO    : Sanity check: generated parameters:
15:35 ninjax INFO    : {'mass_1_source': 1.9756130675992671, 'mass_2_source': 2.0760641131709585, 's1_z': 0.042305632099928325, 's2_z': -0.012958089637722846, 'cos_iota': -0.9926328517090037, 'd_L': 352.57959743110763, 't_c': -0.06260060734088171, 'phase_c': 1.2199037463065507, 'psi': 1.6753503903591538, 'ra': 4.916031401036793, 'sin_dec': -0.47989397277473733}
15:35 ninjax INFO    : Computing lambdas from EOS file /home/twouters2/projects/projection_BNS_A_plus/src/projection_BNS/data/MPA1.npz . . . 
15:35 ninjax INFO    : Injected lambda_1: 36.05808173319739
15:35 ninjax INFO    : Injected lambda_2: 53.88262563244375
15:35 ninjax INFO    : Duration is not specified in the config. Computed chirp time: for fmin = 20.0 and M_c = 1.9033939629881806 is 128.0
15:35 ninjax INFO    : After transforms, the injection parameters are:
15:35 ninjax INFO    : {'mass_1_source': 2.0760641131709585, 'mass_2_source': 1.9756130675992671, 's1_z': 0.042305632099928325, 's2_z': -0.012958089637722846, 'cos_iota': -0.9926328517090037, 'd_L': 352.57959743110763, 't_c': -0.06260060734088171, 'phase_c': 1.2199037463065507, 'psi': 1.6753503903591538, 'ra': 4.916031401036793, 'sin_dec': -0.47989397277473733, 'q': 0.9516146707924817, 'M_c': 1.9033939629881806, 'eta': 0.24984633347831597, 'iota': Array(3.0201331, dtype=float64, weak_type=True), 'dec': Array(-0.50053386, dtype=float64, weak_type=True), 'lambda_1': 36.05808173319739, 'lambda_2': 53.88262563244375}
15:35 ninjax INFO    : The trial injection parameters are {'M_c': 1.9033939629881806, 'eta': 0.24984633347831597, 's1_z': 0.042305632099928325, 's2_z': -0.012958089637722846, 'lambda_1': 36.05808173319739, 'lambda_2': 53.88262563244375, 'd_L': 352.57959743110763, 'phase_c': 1.2199037463065507, 'iota': 3.02013309722085, 't_c': -0.06260060734088171, 'psi': 1.6753503903591538, 'ra': 4.916031401036793, 'dec': -0.5005338557666772}
15:35 ninjax INFO    : Injecting signals . . .
15:35 ninjax INFO    : self.ifos
15:35 ninjax INFO    : [GroundBased2G(H1), GroundBased2G(L1), GroundBased2G(V1)]
15:35 ninjax INFO    : Signal injected in ifo H1. Frequencies, data, and PSD:
15:35 ninjax INFO    : [  20.          20.0078125   20.015625  ... 2047.9765625
 2047.984375  2047.9921875]
15:35 ninjax INFO    : [-6.86616287e-23-3.31766464e-23j -7.51864742e-23-5.25158558e-23j
 -4.57334413e-23+2.48601181e-23j ...
  5.40126027e-24+2.47869509e-24j  1.84091103e-23-8.41277503e-24j
  3.41117240e-24+7.20228184e-24j]
15:35 ninjax INFO    : [1.44906511e-46 1.44667215e-46 1.44435812e-46 ... 2.17775889e-47
 2.17777440e-47 2.17778992e-47]
15:35 ninjax INFO    : Signal injected in ifo L1. Frequencies, data, and PSD:
15:35 ninjax INFO    : [  20.          20.0078125   20.015625  ... 2047.9765625
 2047.984375  2047.9921875]
15:35 ninjax INFO    : [ 2.17409697e-23-8.90205190e-23j -5.14667152e-23+4.44696733e-23j
  2.05555916e-23+5.52166680e-23j ...
  1.86959661e-23-1.85220443e-23j  2.41990900e-24+2.92500492e-23j
 -6.73550852e-24-1.28097295e-23j]
15:35 ninjax INFO    : [1.44906511e-46 1.44667215e-46 1.44435812e-46 ... 2.17775889e-47
 2.17777440e-47 2.17778992e-47]
15:35 ninjax INFO    : Signal injected in ifo V1. Frequencies, data, and PSD:
15:35 ninjax INFO    : [  20.          20.0078125   20.015625  ... 2047.9765625
 2047.984375  2047.9921875]
15:35 ninjax INFO    : [-3.31309887e-23-4.44142023e-24j -2.09524943e-23+2.42106637e-23j
 -4.66080286e-23+2.51613631e-23j ...
  2.68066817e-23+9.90537729e-24j  5.52060033e-23-5.35690057e-24j
 -2.70015740e-23-1.64454156e-23j]
15:35 ninjax INFO    : [1.43183556e-46 1.42935095e-46 1.42688205e-46 ... 6.39786094e-47
 6.39790724e-47 6.39795354e-47]
15:35 ninjax INFO    : SNR for ifo H1 is 15.100227365123768
15:35 ninjax INFO    : SNR for ifo L1 is 20.96324150338441
15:35 ninjax INFO    : SNR for ifo V1 is 12.721442055889304
15:35 ninjax INFO    : The network SNR is 28.797733396727605
15:35 ninjax INFO    : The network SNR does not pass the threshold, trying again
15:35 ninjax INFO    : Generating new injection
15:35 ninjax INFO    : Sanity check: generated parameters:
15:35 ninjax INFO    : {'mass_1_source': 1.2144941630385186, 'mass_2_source': 1.5031955443140015, 's1_z': 0.006786220374603857, 's2_z': 0.0368368007766815, 'cos_iota': 0.42238534374414494, 'd_L': 287.4323052766229, 't_c': -0.007417707132934256, 'phase_c': 5.094387573513667, 'psi': 2.073103214498803, 'ra': 2.841755081088692, 'sin_dec': -0.5904794784369036}
15:35 ninjax INFO    : Computing lambdas from EOS file /home/twouters2/projects/projection_BNS_A_plus/src/projection_BNS/data/MPA1.npz . . . 
15:35 ninjax INFO    : Injected lambda_1: 337.24774249556214
15:35 ninjax INFO    : Injected lambda_2: 1134.5683433511679
15:35 ninjax INFO    : Duration is not specified in the config. Computed chirp time: for fmin = 20.0 and M_c = 1.2512227344978373 is 256.0
15:35 ninjax INFO    : After transforms, the injection parameters are:
15:35 ninjax INFO    : {'mass_1_source': 1.5031955443140015, 'mass_2_source': 1.2144941630385186, 's1_z': 0.006786220374603857, 's2_z': 0.0368368007766815, 'cos_iota': 0.42238534374414494, 'd_L': 287.4323052766229, 't_c': -0.007417707132934256, 'phase_c': 5.094387573513667, 'psi': 2.073103214498803, 'ra': 2.841755081088692, 'sin_dec': -0.5904794784369036, 'q': 0.8079415666394656, 'M_c': 1.2512227344978373, 'eta': 0.2471787732503438, 'iota': Array(1.13472099, dtype=float64, weak_type=True), 'dec': Array(-0.63165282, dtype=float64, weak_type=True), 'lambda_1': 337.24774249556214, 'lambda_2': 1134.5683433511679}
15:35 ninjax INFO    : The trial injection parameters are {'M_c': 1.2512227344978373, 'eta': 0.2471787732503438, 's1_z': 0.006786220374603857, 's2_z': 0.0368368007766815, 'lambda_1': 337.24774249556214, 'lambda_2': 1134.5683433511679, 'd_L': 287.4323052766229, 'phase_c': 5.094387573513667, 'iota': 1.134720994976148, 't_c': -0.007417707132934256, 'psi': 2.073103214498803, 'ra': 2.841755081088692, 'dec': -0.6316528222218679}
15:35 ninjax INFO    : Injecting signals . . .
15:35 ninjax INFO    : self.ifos
15:35 ninjax INFO    : [GroundBased2G(H1), GroundBased2G(L1), GroundBased2G(V1)]
15:35 ninjax INFO    : Signal injected in ifo H1. Frequencies, data, and PSD:
15:35 ninjax INFO    : [  20.           20.00390625   20.0078125  ... 2047.98828125
 2047.9921875  2047.99609375]
15:35 ninjax INFO    : [-2.89632655e-23-5.71844897e-24j  7.50210273e-23-3.75061793e-23j
 -1.56929038e-26+1.72989218e-22j ...
  2.25422483e-23-6.55111347e-24j  1.46120288e-23+4.92797357e-23j
  5.10662865e-23-3.46449217e-24j]
15:35 ninjax INFO    : [1.44906511e-46 1.44785671e-46 1.44667215e-46 ... 2.17778216e-47
 2.17778992e-47 2.17779767e-47]
15:35 ninjax INFO    : Signal injected in ifo L1. Frequencies, data, and PSD:
15:35 ninjax INFO    : [  20.           20.00390625   20.0078125  ... 2047.98828125
 2047.9921875  2047.99609375]
15:35 ninjax INFO    : [-6.42867259e-23-2.44554718e-23j  4.59846844e-23-1.59099232e-23j
 -1.47940470e-22+1.53338297e-23j ...
 -2.53741207e-23-4.32953499e-23j -2.41682042e-23-3.21319862e-23j
  7.93567389e-23-3.19354114e-24j]
15:35 ninjax INFO    : [1.44906511e-46 1.44785671e-46 1.44667215e-46 ... 2.17778216e-47
 2.17778992e-47 2.17779767e-47]
15:35 ninjax INFO    : Signal injected in ifo V1. Frequencies, data, and PSD:
15:35 ninjax INFO    : [  20.           20.00390625   20.0078125  ... 2047.98828125
 2047.9921875  2047.99609375]
15:35 ninjax INFO    : [-6.11581578e-23-4.27891736e-23j  6.22070183e-23+2.94519095e-23j
 -3.59586075e-23-5.40408584e-23j ...
 -2.60527474e-23+4.89183385e-23j  3.97766966e-23+4.60130803e-23j
 -4.17488685e-23+1.29686330e-22j]
15:35 ninjax INFO    : [1.43183556e-46 1.43058540e-46 1.42935095e-46 ... 6.39793039e-47
 6.39795354e-47 6.39797668e-47]
15:35 ninjax INFO    : SNR for ifo H1 is 6.810242648267772
15:35 ninjax INFO    : SNR for ifo L1 is 3.534783283419805
15:35 ninjax INFO    : SNR for ifo V1 is 3.9617251141632654
15:35 ninjax INFO    : The network SNR is 8.635355445447585
15:35 ninjax INFO    : The network SNR does not pass the threshold, trying again
15:35 ninjax INFO    : Generating new injection
15:35 ninjax INFO    : Sanity check: generated parameters:
15:35 ninjax INFO    : {'mass_1_source': 1.1833760873868309, 'mass_2_source': 2.2534064257817503, 's1_z': 0.013525365543720302, 's2_z': 0.033427279569648666, 'cos_iota': 0.1618824452716252, 'd_L': 194.1024494314624, 't_c': 0.04566322966893693, 'phase_c': 0.03738429932984485, 'psi': 2.2335989976378605, 'ra': 5.538780426260282, 'sin_dec': 0.6400273760359383}
15:35 ninjax INFO    : Computing lambdas from EOS file /home/twouters2/projects/projection_BNS_A_plus/src/projection_BNS/data/MPA1.npz . . . 
15:35 ninjax INFO    : Injected lambda_1: 16.675896947130205
15:35 ninjax INFO    : Injected lambda_2: 1305.1783599314977
15:35 ninjax INFO    : Duration is not specified in the config. Computed chirp time: for fmin = 20.0 and M_c = 1.4688880080121218 is 128.0
15:35 ninjax INFO    : After transforms, the injection parameters are:
15:35 ninjax INFO    : {'mass_1_source': 2.2534064257817503, 'mass_2_source': 1.1833760873868309, 's1_z': 0.013525365543720302, 's2_z': 0.033427279569648666, 'cos_iota': 0.1618824452716252, 'd_L': 194.1024494314624, 't_c': 0.04566322966893693, 'phase_c': 0.03738429932984485, 'psi': 2.2335989976378605, 'ra': 5.538780426260282, 'sin_dec': 0.6400273760359383, 'q': 0.5251498681496369, 'M_c': 1.4688880080121218, 'eta': 0.22576583327079694, 'iota': Array(1.40819836, dtype=float64, weak_type=True), 'dec': Array(0.69453389, dtype=float64, weak_type=True), 'lambda_1': 16.675896947130205, 'lambda_2': 1305.1783599314977}
15:35 ninjax INFO    : The trial injection parameters are {'M_c': 1.4688880080121218, 'eta': 0.22576583327079694, 's1_z': 0.013525365543720302, 's2_z': 0.033427279569648666, 'lambda_1': 16.675896947130205, 'lambda_2': 1305.1783599314977, 'd_L': 194.1024494314624, 'phase_c': 0.03738429932984485, 'iota': 1.4081983645655725, 't_c': 0.04566322966893693, 'psi': 2.2335989976378605, 'ra': 5.538780426260282, 'dec': 0.694533894642884}
15:35 ninjax INFO    : Injecting signals . . .
15:35 ninjax INFO    : self.ifos
15:35 ninjax INFO    : [GroundBased2G(H1), GroundBased2G(L1), GroundBased2G(V1)]
15:35 ninjax INFO    : Signal injected in ifo H1. Frequencies, data, and PSD:
15:35 ninjax INFO    : [  20.          20.0078125   20.015625  ... 2047.9765625
 2047.984375  2047.9921875]
15:35 ninjax INFO    : [-6.48304933e-23-3.87694680e-23j -7.98753595e-23-4.89181469e-23j
 -3.73571745e-23+2.62149123e-23j ...
  5.39276234e-24+2.45611913e-24j  1.84029243e-23-8.43609062e-24j
  3.40736080e-24+7.17846270e-24j]
15:35 ninjax INFO    : [1.44906511e-46 1.44667215e-46 1.44435812e-46 ... 2.17775889e-47
 2.17777440e-47 2.17778992e-47]
15:35 ninjax INFO    : Signal injected in ifo L1. Frequencies, data, and PSD:
15:35 ninjax INFO    : [  20.          20.0078125   20.015625  ... 2047.9765625
 2047.984375  2047.9921875]
15:35 ninjax INFO    : [ 2.07974126e-23-8.00275109e-23j -4.67429059e-23+3.67426563e-23j
  9.55460314e-24+5.72738030e-23j ...
  1.86703625e-23-1.85004590e-23j  2.39227072e-24+2.92689593e-23j
 -6.76490301e-24-1.27936851e-23j]
15:35 ninjax INFO    : [1.44906511e-46 1.44667215e-46 1.44435812e-46 ... 2.17775889e-47
 2.17777440e-47 2.17778992e-47]
15:35 ninjax INFO    : Signal injected in ifo V1. Frequencies, data, and PSD:
15:35 ninjax INFO    : [  20.          20.0078125   20.015625  ... 2047.9765625
 2047.984375  2047.9921875]
15:35 ninjax INFO    : [-2.79375557e-23-4.94077642e-24j -2.90124905e-23+2.05747541e-23j
 -4.66421741e-23+3.41750076e-23j ...
  2.68093527e-23+9.93100495e-24j  5.52060851e-23-5.33113432e-24j
 -2.70040822e-23-1.64197717e-23j]
15:35 ninjax INFO    : [1.43183556e-46 1.42935095e-46 1.42688205e-46 ... 6.39786094e-47
 6.39790724e-47 6.39795354e-47]
15:35 ninjax INFO    : SNR for ifo H1 is 3.4123242310343387
15:35 ninjax INFO    : SNR for ifo L1 is 3.153169381046178
15:35 ninjax INFO    : SNR for ifo V1 is 3.8913020234138607
15:35 ninjax INFO    : The network SNR is 6.060417909739892
15:35 ninjax INFO    : The network SNR does not pass the threshold, trying again
15:35 ninjax INFO    : Generating new injection
15:35 ninjax INFO    : Sanity check: generated parameters:
15:35 ninjax INFO    : {'mass_1_source': 1.9899020059314032, 'mass_2_source': 1.805304340284489, 's1_z': 0.025365370035432697, 's2_z': -0.008395062608532712, 'cos_iota': 0.6416833828754283, 'd_L': 366.4299081989231, 't_c': 0.09660666224298878, 'phase_c': 0.38422287555560397, 'psi': 0.6472226291129929, 'ra': 0.6282497232327985, 'sin_dec': 0.6505834152866932}
15:35 ninjax INFO    : Computing lambdas from EOS file /home/twouters2/projects/projection_BNS_A_plus/src/projection_BNS/data/MPA1.npz . . . 
15:35 ninjax INFO    : Injected lambda_1: 50.93303791613147
15:35 ninjax INFO    : Injected lambda_2: 104.19975951878256
15:35 ninjax INFO    : Duration is not specified in the config. Computed chirp time: for fmin = 20.0 and M_c = 1.7861967552584295 is 128.0
15:35 ninjax INFO    : After transforms, the injection parameters are:
15:35 ninjax INFO    : {'mass_1_source': 1.9899020059314032, 'mass_2_source': 1.805304340284489, 's1_z': 0.025365370035432697, 's2_z': -0.008395062608532712, 'cos_iota': 0.6416833828754283, 'd_L': 366.4299081989231, 't_c': 0.09660666224298878, 'phase_c': 0.38422287555560397, 'psi': 0.6472226291129929, 'ra': 0.6282497232327985, 'sin_dec': 0.6505834152866932, 'q': 0.9072327857871019, 'M_c': 1.7861967552584295, 'eta': 0.24940854510405386, 'iota': Array(0.87410522, dtype=float64, weak_type=True), 'dec': Array(0.70835241, dtype=float64, weak_type=True), 'lambda_1': 50.93303791613147, 'lambda_2': 104.19975951878256}
15:35 ninjax INFO    : The trial injection parameters are {'M_c': 1.7861967552584295, 'eta': 0.24940854510405386, 's1_z': 0.025365370035432697, 's2_z': -0.008395062608532712, 'lambda_1': 50.93303791613147, 'lambda_2': 104.19975951878256, 'd_L': 366.4299081989231, 'phase_c': 0.38422287555560397, 'iota': 0.8741052215256719, 't_c': 0.09660666224298878, 'psi': 0.6472226291129929, 'ra': 0.6282497232327985, 'dec': 0.7083524071841225}
15:35 ninjax INFO    : Injecting signals . . .
15:35 ninjax INFO    : self.ifos
15:35 ninjax INFO    : [GroundBased2G(H1), GroundBased2G(L1), GroundBased2G(V1)]
15:35 ninjax INFO    : Signal injected in ifo H1. Frequencies, data, and PSD:
15:35 ninjax INFO    : [  20.          20.0078125   20.015625  ... 2047.9765625
 2047.984375  2047.9921875]
15:35 ninjax INFO    : [-7.30643638e-23-4.11228180e-23j -7.97247068e-23-4.23851069e-23j
 -3.34143717e-23+2.20106011e-23j ...
  5.39462062e-24+2.47118803e-24j  1.84033518e-23-8.42091454e-24j
  3.40635394e-24+7.19361042e-24j]
15:35 ninjax INFO    : [1.44906511e-46 1.44667215e-46 1.44435812e-46 ... 2.17775889e-47
 2.17777440e-47 2.17778992e-47]
15:35 ninjax INFO    : Signal injected in ifo L1. Frequencies, data, and PSD:
15:35 ninjax INFO    : [  20.          20.0078125   20.015625  ... 2047.9765625
 2047.984375  2047.9921875]
15:35 ninjax INFO    : [ 2.84200071e-23-7.99269735e-23j -4.85905129e-23+3.14515180e-23j
  7.42834023e-24+6.21959691e-23j ...
  1.86581033e-23-1.85065198e-23j  2.38063844e-24+2.92617700e-23j
 -6.77580485e-24-1.28019388e-23j]
15:35 ninjax INFO    : [1.44906511e-46 1.44667215e-46 1.44435812e-46 ... 2.17775889e-47
 2.17777440e-47 2.17778992e-47]
15:35 ninjax INFO    : Signal injected in ifo V1. Frequencies, data, and PSD:
15:35 ninjax INFO    : [  20.          20.0078125   20.015625  ... 2047.9765625
 2047.984375  2047.9921875]
15:35 ninjax INFO    : [-2.61984735e-23-3.73327429e-24j -2.55839552e-23+1.96456729e-23j
 -4.56755880e-23+3.13073632e-23j ...
  2.68115317e-23+9.92918090e-24j  5.52084248e-23-5.33274665e-24j
 -2.70016022e-23-1.64211582e-23j]
15:35 ninjax INFO    : [1.43183556e-46 1.42935095e-46 1.42688205e-46 ... 6.39786094e-47
 6.39790724e-47 6.39795354e-47]
15:35 ninjax INFO    : SNR for ifo H1 is 15.298027991019197
15:35 ninjax INFO    : SNR for ifo L1 is 13.77908668947991
15:35 ninjax INFO    : SNR for ifo V1 is 2.257764927644519
15:35 ninjax INFO    : The network SNR is 20.712083257816218
15:35 ninjax INFO    : The network SNR does not pass the threshold, trying again
15:35 ninjax INFO    : Generating new injection
15:35 ninjax INFO    : Sanity check: generated parameters:
15:35 ninjax INFO    : {'mass_1_source': 1.423843966187898, 'mass_2_source': 1.6978168485091907, 's1_z': 0.016871440934810675, 's2_z': 0.04581873679664579, 'cos_iota': -0.06374758706055994, 'd_L': 315.911190297493, 't_c': 0.005827283628757132, 'phase_c': 1.3055917865906967, 'psi': 0.07953030121084217, 'ra': 2.8483114990718765, 'sin_dec': -0.05326220903989087}
15:35 ninjax INFO    : Computing lambdas from EOS file /home/twouters2/projects/projection_BNS_A_plus/src/projection_BNS/data/MPA1.npz . . . 
15:35 ninjax INFO    : Injected lambda_1: 157.4881855405158
15:35 ninjax INFO    : Injected lambda_2: 464.73213495153766
15:35 ninjax INFO    : Duration is not specified in the config. Computed chirp time: for fmin = 20.0 and M_c = 1.4490360773727864 is 128.0
15:35 ninjax INFO    : After transforms, the injection parameters are:
15:35 ninjax INFO    : {'mass_1_source': 1.6978168485091907, 'mass_2_source': 1.423843966187898, 's1_z': 0.016871440934810675, 's2_z': 0.04581873679664579, 'cos_iota': -0.06374758706055994, 'd_L': 315.911190297493, 't_c': 0.005827283628757132, 'phase_c': 1.3055917865906967, 'psi': 0.07953030121084217, 'ra': 2.8483114990718765, 'sin_dec': -0.05326220903989087, 'q': 0.8386322514340336, 'M_c': 1.4490360773727864, 'eta': 0.24807432168244822, 'iota': Array(1.63458717, dtype=float64, weak_type=True), 'dec': Array(-0.05328742, dtype=float64, weak_type=True), 'lambda_1': 157.4881855405158, 'lambda_2': 464.73213495153766}
15:35 ninjax INFO    : The trial injection parameters are {'M_c': 1.4490360773727864, 'eta': 0.24807432168244822, 's1_z': 0.016871440934810675, 's2_z': 0.04581873679664579, 'lambda_1': 157.4881855405158, 'lambda_2': 464.73213495153766, 'd_L': 315.911190297493, 'phase_c': 1.3055917865906967, 'iota': 1.6345871687631195, 't_c': 0.005827283628757132, 'psi': 0.07953030121084217, 'ra': 2.8483114990718765, 'dec': -0.053287424173421284}
15:35 ninjax INFO    : Injecting signals . . .
15:35 ninjax INFO    : self.ifos
15:35 ninjax INFO    : [GroundBased2G(H1), GroundBased2G(L1), GroundBased2G(V1)]
15:35 ninjax INFO    : Signal injected in ifo H1. Frequencies, data, and PSD:
15:35 ninjax INFO    : [  20.          20.0078125   20.015625  ... 2047.9765625
 2047.984375  2047.9921875]
15:35 ninjax INFO    : [-6.51508265e-23-3.92626748e-23j -8.03797589e-23-4.91004469e-23j
 -3.78676088e-23+2.63925356e-23j ...
  5.39276234e-24+2.45611913e-24j  1.84029243e-23-8.43609062e-24j
  3.40736080e-24+7.17846270e-24j]
15:35 ninjax INFO    : [1.44906511e-46 1.44667215e-46 1.44435812e-46 ... 2.17775889e-47
 2.17777440e-47 2.17778992e-47]
15:35 ninjax INFO    : Signal injected in ifo L1. Frequencies, data, and PSD:
15:35 ninjax INFO    : [  20.          20.0078125   20.015625  ... 2047.9765625
 2047.984375  2047.9921875]
15:35 ninjax INFO    : [ 2.17723974e-23-7.82469664e-23j -4.52898591e-23+3.80008649e-23j
  1.12514541e-23+5.78918115e-23j ...
  1.86703625e-23-1.85004590e-23j  2.39227072e-24+2.92689593e-23j
 -6.76490301e-24-1.27936851e-23j]
15:35 ninjax INFO    : [1.44906511e-46 1.44667215e-46 1.44435812e-46 ... 2.17775889e-47
 2.17777440e-47 2.17778992e-47]
15:35 ninjax INFO    : Signal injected in ifo V1. Frequencies, data, and PSD:
15:35 ninjax INFO    : [  20.          20.0078125   20.015625  ... 2047.9765625
 2047.984375  2047.9921875]
15:35 ninjax INFO    : [-2.31717521e-23-2.71740655e-24j -2.39359849e-23+2.11533028e-23j
 -4.18188688e-23+3.31233572e-23j ...
  2.68093527e-23+9.93100495e-24j  5.52060851e-23-5.33113432e-24j
 -2.70040822e-23-1.64197717e-23j]
15:35 ninjax INFO    : [1.43183556e-46 1.42935095e-46 1.42688205e-46 ... 6.39786094e-47
 6.39790724e-47 6.39795354e-47]
15:35 ninjax INFO    : SNR for ifo H1 is 2.2744565824087
15:35 ninjax INFO    : SNR for ifo L1 is 2.3116456020048446
15:35 ninjax INFO    : SNR for ifo V1 is 5.674385437049313
15:35 ninjax INFO    : The network SNR is 6.535710230933432
15:35 ninjax INFO    : The network SNR does not pass the threshold, trying again
15:35 ninjax INFO    : Generating new injection
15:35 ninjax INFO    : Sanity check: generated parameters:
15:35 ninjax INFO    : {'mass_1_source': 1.0737747436887006, 'mass_2_source': 1.7379589010940113, 's1_z': -0.00023980650871970738, 's2_z': 0.028427430595130643, 'cos_iota': 0.07985053999412273, 'd_L': 169.69497568897833, 't_c': 0.07783518963966798, 'phase_c': 3.1039297130798364, 'psi': 0.2041915975536604, 'ra': 3.805567495578516, 'sin_dec': 0.021593683473452696}
15:35 ninjax INFO    : Computing lambdas from EOS file /home/twouters2/projects/projection_BNS_A_plus/src/projection_BNS/data/MPA1.npz . . . 
15:35 ninjax INFO    : Injected lambda_1: 134.95458384461048
15:35 ninjax INFO    : Injected lambda_2: 2180.322957790786
15:35 ninjax INFO    : Duration is not specified in the config. Computed chirp time: for fmin = 20.0 and M_c = 1.2277724631640663 is 256.0
15:35 ninjax INFO    : After transforms, the injection parameters are:
15:35 ninjax INFO    : {'mass_1_source': 1.7379589010940113, 'mass_2_source': 1.0737747436887006, 's1_z': -0.00023980650871970738, 's2_z': 0.028427430595130643, 'cos_iota': 0.07985053999412273, 'd_L': 169.69497568897833, 't_c': 0.07783518963966798, 'phase_c': 3.1039297130798364, 'psi': 0.2041915975536604, 'ra': 3.805567495578516, 'sin_dec': 0.021593683473452696, 'q': 0.6178366720943633, 'M_c': 1.2277724631640663, 'eta': 0.2360501776163255, 'iota': Array(1.49086069, dtype=float64, weak_type=True), 'dec': Array(0.02159536, dtype=float64, weak_type=True), 'lambda_1': 134.95458384461048, 'lambda_2': 2180.322957790786}
15:35 ninjax INFO    : The trial injection parameters are {'M_c': 1.2277724631640663, 'eta': 0.2360501776163255, 's1_z': -0.00023980650871970738, 's2_z': 0.028427430595130643, 'lambda_1': 134.95458384461048, 'lambda_2': 2180.322957790786, 'd_L': 169.69497568897833, 'phase_c': 3.1039297130798364, 'iota': 1.490860686445546, 't_c': 0.07783518963966798, 'psi': 0.2041915975536604, 'ra': 3.805567495578516, 'dec': 0.021595361968585434}
15:35 ninjax INFO    : Injecting signals . . .
15:35 ninjax INFO    : self.ifos
15:35 ninjax INFO    : [GroundBased2G(H1), GroundBased2G(L1), GroundBased2G(V1)]
15:35 ninjax INFO    : Signal injected in ifo H1. Frequencies, data, and PSD:
15:35 ninjax INFO    : [  20.           20.00390625   20.0078125  ... 2047.98828125
 2047.9921875  2047.99609375]
15:35 ninjax INFO    : [-3.23463083e-23-1.16204435e-23j  7.34641498e-23-3.07787516e-23j
  5.75785380e-24+1.69059140e-22j ...
  2.25422483e-23-6.55111347e-24j  1.46120288e-23+4.92797357e-23j
  5.10662865e-23-3.46449217e-24j]
15:35 ninjax INFO    : [1.44906511e-46 1.44785671e-46 1.44667215e-46 ... 2.17778216e-47
 2.17778992e-47 2.17779767e-47]
15:35 ninjax INFO    : Signal injected in ifo L1. Frequencies, data, and PSD:
15:35 ninjax INFO    : [  20.           20.00390625   20.0078125  ... 2047.98828125
 2047.9921875  2047.99609375]
15:35 ninjax INFO    : [-6.11768417e-23-1.99899092e-23j  4.70320997e-23-2.14413762e-23j
 -1.52759448e-22+1.85865586e-23j ...
 -2.53741207e-23-4.32953499e-23j -2.41682042e-23-3.21319862e-23j
  7.93567389e-23-3.19354114e-24j]
15:35 ninjax INFO    : [1.44906511e-46 1.44785671e-46 1.44667215e-46 ... 2.17778216e-47
 2.17778992e-47 2.17779767e-47]
15:35 ninjax INFO    : Signal injected in ifo V1. Frequencies, data, and PSD:
15:35 ninjax INFO    : [  20.           20.00390625   20.0078125  ... 2047.98828125
 2047.9921875  2047.99609375]
15:35 ninjax INFO    : [-6.13993213e-23-4.07707060e-23j  6.39276632e-23+2.79682117e-23j
 -3.84608494e-23-5.41082312e-23j ...
 -2.60527474e-23+4.89183385e-23j  3.97766966e-23+4.60130803e-23j
 -4.17488685e-23+1.29686330e-22j]
15:35 ninjax INFO    : [1.43183556e-46 1.43058540e-46 1.42935095e-46 ... 6.39793039e-47
 6.39795354e-47 6.39797668e-47]
15:35 ninjax INFO    : SNR for ifo H1 is 8.539247452621074
15:35 ninjax INFO    : SNR for ifo L1 is 12.10718194100599
15:35 ninjax INFO    : SNR for ifo V1 is 3.9274599001460726
15:35 ninjax INFO    : The network SNR is 15.32734624378834
15:35 ninjax INFO    : The network SNR does not pass the threshold, trying again
15:35 ninjax INFO    : Generating new injection
15:35 ninjax INFO    : Sanity check: generated parameters:
15:35 ninjax INFO    : {'mass_1_source': 1.978425912986905, 'mass_2_source': 1.2740686724385744, 's1_z': 0.046389907951604276, 's2_z': 0.0304209966452047, 'cos_iota': -0.17721916400944382, 'd_L': 431.0652516012803, 't_c': 0.028451600596958615, 'phase_c': 5.45892276389605, 'psi': 3.108241878852838, 'ra': 3.1524939247195993, 'sin_dec': -0.09061659052241167}
15:35 ninjax INFO    : Computing lambdas from EOS file /home/twouters2/projects/projection_BNS_A_plus/src/projection_BNS/data/MPA1.npz . . . 
15:35 ninjax INFO    : Injected lambda_1: 53.28976068351876
15:35 ninjax INFO    : Injected lambda_2: 872.8497799028875
15:35 ninjax INFO    : Duration is not specified in the config. Computed chirp time: for fmin = 20.0 and M_c = 1.509489079378642 is 128.0
15:35 ninjax INFO    : After transforms, the injection parameters are:
15:35 ninjax INFO    : {'mass_1_source': 1.978425912986905, 'mass_2_source': 1.2740686724385744, 's1_z': 0.046389907951604276, 's2_z': 0.0304209966452047, 'cos_iota': -0.17721916400944382, 'd_L': 431.0652516012803, 't_c': 0.028451600596958615, 'phase_c': 5.45892276389605, 'psi': 3.108241878852838, 'ra': 3.1524939247195993, 'sin_dec': -0.09061659052241167, 'q': 0.6439809871450097, 'M_c': 1.509489079378642, 'eta': 0.23827554103682982, 'iota': Array(1.74895649, dtype=float64, weak_type=True), 'dec': Array(-0.09074107, dtype=float64, weak_type=True), 'lambda_1': 53.28976068351876, 'lambda_2': 872.8497799028875}
15:35 ninjax INFO    : The trial injection parameters are {'M_c': 1.509489079378642, 'eta': 0.23827554103682982, 's1_z': 0.046389907951604276, 's2_z': 0.0304209966452047, 'lambda_1': 53.28976068351876, 'lambda_2': 872.8497799028875, 'd_L': 431.0652516012803, 'phase_c': 5.45892276389605, 'iota': 1.748956494466956, 't_c': 0.028451600596958615, 'psi': 3.108241878852838, 'ra': 3.1524939247195993, 'dec': -0.09074106536098094}
15:35 ninjax INFO    : Injecting signals . . .
15:35 ninjax INFO    : self.ifos
15:35 ninjax INFO    : [GroundBased2G(H1), GroundBased2G(L1), GroundBased2G(V1)]
15:35 ninjax INFO    : Signal injected in ifo H1. Frequencies, data, and PSD:
15:35 ninjax INFO    : [  20.          20.0078125   20.015625  ... 2047.9765625
 2047.984375  2047.9921875]
15:35 ninjax INFO    : [-6.56233043e-23-4.09575837e-23j -8.18000573e-23-5.05568792e-23j
 -4.00022498e-23+2.57350839e-23j ...
  5.39276234e-24+2.45611913e-24j  1.84029243e-23-8.43609062e-24j
  3.40736080e-24+7.17846270e-24j]
15:35 ninjax INFO    : [1.44906511e-46 1.44667215e-46 1.44435812e-46 ... 2.17775889e-47
 2.17777440e-47 2.17778992e-47]
15:35 ninjax INFO    : Signal injected in ifo L1. Frequencies, data, and PSD:
15:35 ninjax INFO    : [  20.          20.0078125   20.015625  ... 2047.9765625
 2047.984375  2047.9921875]
15:35 ninjax INFO    : [ 2.24167428e-23-7.84903990e-23j -4.45238231e-23+3.73322828e-23j
  1.18094041e-23+5.67046887e-23j ...
  1.86703625e-23-1.85004590e-23j  2.39227072e-24+2.92689593e-23j
 -6.76490301e-24-1.27936851e-23j]
15:35 ninjax INFO    : [1.44906511e-46 1.44667215e-46 1.44435812e-46 ... 2.17775889e-47
 2.17777440e-47 2.17778992e-47]
15:35 ninjax INFO    : Signal injected in ifo V1. Frequencies, data, and PSD:
15:35 ninjax INFO    : [  20.          20.0078125   20.015625  ... 2047.9765625
 2047.984375  2047.9921875]
15:35 ninjax INFO    : [-2.39304329e-23-4.71187018e-24j -2.54132719e-23+1.87970386e-23j
 -4.44409201e-23+3.08913020e-23j ...
  2.68093527e-23+9.93100495e-24j  5.52060851e-23-5.33113432e-24j
 -2.70040822e-23-1.64197717e-23j]
15:35 ninjax INFO    : [1.43183556e-46 1.42935095e-46 1.42688205e-46 ... 6.39786094e-47
 6.39790724e-47 6.39795354e-47]
15:35 ninjax INFO    : SNR for ifo H1 is 2.8750003833760123
15:35 ninjax INFO    : SNR for ifo L1 is 1.8723471402524172
15:35 ninjax INFO    : SNR for ifo V1 is 2.949114125202186
15:35 ninjax INFO    : The network SNR is 4.524222048207921
15:35 ninjax INFO    : The network SNR does not pass the threshold, trying again
15:35 ninjax INFO    : Generating new injection
15:35 ninjax INFO    : Sanity check: generated parameters:
15:35 ninjax INFO    : {'mass_1_source': 1.1862548244068072, 'mass_2_source': 2.3968333268516147, 's1_z': -0.014150569125641388, 's2_z': 0.029693761006075778, 'cos_iota': 0.6327057568908954, 'd_L': 402.57092765857163, 't_c': -0.042386875209449754, 'phase_c': 5.419984493087374, 'psi': 2.02444451889279, 'ra': 2.914893715894217, 'sin_dec': 0.5588744558241845}
15:35 ninjax INFO    : Computing lambdas from EOS file /home/twouters2/projects/projection_BNS_A_plus/src/projection_BNS/data/MPA1.npz . . . 
15:35 ninjax INFO    : Injected lambda_1: 7.542756039094394
15:35 ninjax INFO    : Injected lambda_2: 1288.2504705036636
15:35 ninjax INFO    : Duration is not specified in the config. Computed chirp time: for fmin = 20.0 and M_c = 1.582151968806313 is 128.0
15:35 ninjax INFO    : After transforms, the injection parameters are:
15:35 ninjax INFO    : {'mass_1_source': 2.3968333268516147, 'mass_2_source': 1.1862548244068072, 's1_z': -0.014150569125641388, 's2_z': 0.029693761006075778, 'cos_iota': 0.6327057568908954, 'd_L': 402.57092765857163, 't_c': -0.042386875209449754, 'phase_c': 5.419984493087374, 'psi': 2.02444451889279, 'ra': 2.914893715894217, 'sin_dec': 0.5588744558241845, 'q': 0.49492587203175475, 'M_c': 1.582151968806313, 'eta': 0.22146282767186198, 'iota': Array(0.88575404, dtype=float64, weak_type=True), 'dec': Array(0.59302788, dtype=float64, weak_type=True), 'lambda_1': 7.542756039094394, 'lambda_2': 1288.2504705036636}
15:35 ninjax INFO    : The trial injection parameters are {'M_c': 1.582151968806313, 'eta': 0.22146282767186198, 's1_z': -0.014150569125641388, 's2_z': 0.029693761006075778, 'lambda_1': 7.542756039094394, 'lambda_2': 1288.2504705036636, 'd_L': 402.57092765857163, 'phase_c': 5.419984493087374, 'iota': 0.8857540422717495, 't_c': -0.042386875209449754, 'psi': 2.02444451889279, 'ra': 2.914893715894217, 'dec': 0.593027878149343}
15:35 ninjax INFO    : Injecting signals . . .
