Wed Apr  2 11:28:55 CEST 2025
NVIDIA H100
Checking the convergence for ./outdir_MPA1/
Key: E_sym
    rhat = 1.4743803445807329
    ess = 2030.4524697259105
Key: L_sym
    rhat = 1.4498287244604116
    ess = 2019.2617083899183
Key: K_sym
    rhat = 1.4789102198614137
    ess = 1939.5676300588034
Key: K_sat
    rhat = 1.5004193110155084
    ess = 1887.74723985322
Key: nbreak
    rhat = 1.5439280605585124
    ess = 1803.1649720467422
Key: n_CSE_0_u
    rhat = 1.4696058228767273
    ess = 2005.986418628733
Key: cs2_CSE_0
    rhat = 1.497008146976103
    ess = 1901.2662152348244
Key: n_CSE_1_u
    rhat = 1.4641909785873306
    ess = 1991.6386558247593
Key: cs2_CSE_1
    rhat = 1.502197743554026
    ess = 1898.5029058797504
Key: n_CSE_2_u
    rhat = 1.4481238624464385
    ess = 2018.7810744214285
Key: cs2_CSE_2
    rhat = 1.4916104198312516
    ess = 1907.137641730743
Key: n_CSE_3_u
    rhat = 1.4759926477978098
    ess = 1964.2367220772196
Key: cs2_CSE_3
    rhat = 1.4781380577389698
    ess = 1948.4976905989033
Key: n_CSE_4_u
    rhat = 1.4644402209889882
    ess = 1972.4810823492062
Key: cs2_CSE_4
    rhat = 1.4930735415948357
    ess = 1902.6079303176546
Key: n_CSE_5_u
    rhat = 1.4686839672633496
    ess = 2005.8567447490718
Key: cs2_CSE_5
    rhat = 1.4594521412352832
    ess = 1985.3451632729418
Key: n_CSE_6_u
    rhat = 1.4650991875487105
    ess = 1976.560002113963
Key: cs2_CSE_6
    rhat = 1.4721732288723453
    ess = 1955.9877418837086
Key: n_CSE_7_u
    rhat = 1.491948432082446
    ess = 1917.6983487770244
Key: cs2_CSE_7
    rhat = 1.459501947741897
    ess = 2017.769084022027
Key: cs2_CSE_8
    rhat = 1.4371550003254132
    ess = 2064.7650715992822
Key: key
    rhat = 1.5425415669994043
    ess = 1804.3783700768213
Plotting the cornerplot for ./outdir_MPA1/
Making the cornerplot, these are the chains: ['E_sym', 'L_sym', 'K_sym', 'K_sat', 'nbreak', 'n_CSE_0_u', 'cs2_CSE_0', 'n_CSE_1_u', 'cs2_CSE_1', 'n_CSE_2_u', 'cs2_CSE_2', 'n_CSE_3_u', 'cs2_CSE_3', 'n_CSE_4_u', 'cs2_CSE_4', 'n_CSE_5_u', 'cs2_CSE_5', 'n_CSE_6_u', 'cs2_CSE_6', 'n_CSE_7_u', 'cs2_CSE_7', 'cs2_CSE_8']
(22, 10000)
Making plots for ./outdir_MPA1/
This is a run for a default target EOS
Number of samples: 10000




Showing the max log prob EOS values:
E_sym: 43.843778077663856
L_sym: 79.33394061119682
K_sym: -191.17837107525338
K_sat: 198.73266495857678
nbreak: 0.2913999442282526
n_CSE_0_u: 0.8207997580694261
cs2_CSE_0: 0.9518887844394123
n_CSE_1_u: 0.5775207611534722
cs2_CSE_1: 0.955533251334474
n_CSE_2_u: 0.8580147780371854
cs2_CSE_2: 0.7336851637364528
n_CSE_3_u: 0.610150806680992
cs2_CSE_3: 0.2630067479271086
n_CSE_4_u: 0.2702218200265822
cs2_CSE_4: 0.44457153256464765
n_CSE_5_u: 0.3810600436216726
cs2_CSE_5: 0.9959405626927664
n_CSE_6_u: 0.1605945872708218
cs2_CSE_6: 0.7550883994841312
n_CSE_7_u: 0.20552492471202594
cs2_CSE_7: 0.32618059068660926
cs2_CSE_8: 0.383517284005436




Creating NS plot . . .
Bad counter: 0
Creating NS plot . . . DONE
Making the master plot
np.shape(interp_array)
(100, 10000)
np.shape(interp_array)
(100, 10000)
DONE

JOB STATISTICS
==============
Job ID: 10922976
Cluster: snellius
User/Group: twouters2/twouters2
State: COMPLETED (exit code 0)
Nodes: 1
Cores per node: 16
CPU Utilized: 00:00:38
CPU Efficiency: 5.79% of 00:10:56 core-walltime
Job Wall-clock time: 00:00:41
Memory Utilized: 661.95 MB
Memory Efficiency: 21.55% of 3.00 GB (3.00 GB/node)
