Tue Apr  1 15:34:33 CEST 2025
NVIDIA H100
/gpfs/home6/twouters2/ninjax_dev/jim/src/jimgw/prior.py:94: UserWarning: As of jaxtyping version 0.2.24, jaxtyping now prefers the syntax
```
from jaxtyping import jaxtyped
# Use your favourite typechecker: usually one of the two lines below.
from typeguard import typechecked as typechecker
from beartype import beartype as typechecker

@jaxtyped(typechecker=typechecker)
def foo(...):
```
and the old double-decorator syntax
```
@jaxtyped
@typechecker
def foo(...):
```
should no longer be used. (It will continue to work as it did before, but the new approach will produce more readable error messages.)
In particular note that `typechecker` must be passed via keyword argument; the following is not valid:
```
@jaxtyped(typechecker)
def foo(...):
```

  class Uniform(Prior):
/gpfs/home6/twouters2/ninjax_dev/jim/src/jimgw/prior.py:149: UserWarning: As of jaxtyping version 0.2.24, jaxtyping now prefers the syntax
```
from jaxtyping import jaxtyped
# Use your favourite typechecker: usually one of the two lines below.
from typeguard import typechecked as typechecker
from beartype import beartype as typechecker

@jaxtyped(typechecker=typechecker)
def foo(...):
```
and the old double-decorator syntax
```
@jaxtyped
@typechecker
def foo(...):
```
should no longer be used. (It will continue to work as it did before, but the new approach will produce more readable error messages.)
In particular note that `typechecker` must be passed via keyword argument; the following is not valid:
```
@jaxtyped(typechecker)
def foo(...):
```

  class Unconstrained_Uniform(Prior):
/gpfs/home6/twouters2/ninjax_dev/jim/src/jimgw/prior.py:263: UserWarning: As of jaxtyping version 0.2.24, jaxtyping now prefers the syntax
```
from jaxtyping import jaxtyped
# Use your favourite typechecker: usually one of the two lines below.
from typeguard import typechecked as typechecker
from beartype import beartype as typechecker

@jaxtyped(typechecker=typechecker)
def foo(...):
```
and the old double-decorator syntax
```
@jaxtyped
@typechecker
def foo(...):
```
should no longer be used. (It will continue to work as it did before, but the new approach will produce more readable error messages.)
In particular note that `typechecker` must be passed via keyword argument; the following is not valid:
```
@jaxtyped(typechecker)
def foo(...):
```

  class AlignedSpin(Prior):
/gpfs/home6/twouters2/ninjax_dev/jim/src/jimgw/prior.py:377: UserWarning: As of jaxtyping version 0.2.24, jaxtyping now prefers the syntax
```
from jaxtyping import jaxtyped
# Use your favourite typechecker: usually one of the two lines below.
from typeguard import typechecked as typechecker
from beartype import beartype as typechecker

@jaxtyped(typechecker=typechecker)
def foo(...):
```
and the old double-decorator syntax
```
@jaxtyped
@typechecker
def foo(...):
```
should no longer be used. (It will continue to work as it did before, but the new approach will produce more readable error messages.)
In particular note that `typechecker` must be passed via keyword argument; the following is not valid:
```
@jaxtyped(typechecker)
def foo(...):
```

  class PowerLaw(Prior):
/gpfs/home6/twouters2/ninjax_dev/jim/src/jimgw/single_event/detector.py:496: UserWarning: As of jaxtyping version 0.2.24, jaxtyping now prefers the syntax
```
from jaxtyping import jaxtyped
# Use your favourite typechecker: usually one of the two lines below.
from typeguard import typechecked as typechecker
from beartype import beartype as typechecker

@jaxtyped(typechecker=typechecker)
def foo(...):
```
and the old double-decorator syntax
```
@jaxtyped
@typechecker
def foo(...):
```
should no longer be used. (It will continue to work as it did before, but the new approach will produce more readable error messages.)
In particular note that `typechecker` must be passed via keyword argument; the following is not valid:
```
@jaxtyped(typechecker)
def foo(...):
```

  def load_psd(
15:34 ninjax INFO    : Checking and setting outdir
15:34 ninjax INFO    : Found generation prior file ./Aplus/injection_10/generation_prior.prior
15:34 ninjax INFO    : The outdir is set to ./Aplus/injection_10
15:34 ninjax INFO    : Loading the given config
15:34 ninjax WARNING : Unrecognized keys given: {'generation_seed', 'n_max_examples'}. These will be ignored
15:34 ninjax INFO    : Arguments loaded into the config: {'likelihood': 'HeterodynedTransientLikelihoodFD', 'gw_injection': 'True', 'gw_load_existing_injection': 'False', 'gw_dump_injection_data': 'False', 'gw_SNR_threshold_low': '30.0', 'gw_SNR_threshold_high': '100', 'waveform_approximant': 'IMRPhenomD_NRTidalv2', 'waveform_approximant_1': 'None', 'waveform_approximant_2': 'None', 'gw_overlapping_tight_priors': 'False', 'ifos': 'H1,L1,V1', 'eos_file': '/home/twouters2/projects/projection_BNS_A_plus/src/projection_BNS/data/MPA1.npz', 'fmin': '20.0', 'fref': '20.0', 'fmax': '2048.0', 'duration': 'None', 'post_trigger_duration': '2.0', 'trigger_time': '1187008882.4', 'psd_file_H1': '/home/twouters2/projects/projection_BNS_A_plus/src/projection_BNS/data/AplusDesign_PSD.txt', 'psd_file_L1': '/home/twouters2/projects/projection_BNS_A_plus/src/projection_BNS/data/AplusDesign_PSD.txt', 'psd_file_V1': '/home/twouters2/projects/projection_BNS_A_plus/src/projection_BNS/data/avirgo_O5high_NEW_PSD.txt', 'psd_file_ET1': '/home/twouters2/psds/ET_D_psd.txt', 'psd_file_ET2': '/home/twouters2/psds/ET_D_psd.txt', 'psd_file_ET3': '/home/twouters2/psds/ET_D_psd.txt', 'psd_file_CE': '/home/twouters2/psds/CE_psd.txt', 'data_file_H1': 'None', 'data_file_L1': 'None', 'data_file_V1': 'None', 'data_file_ET1': 'None', 'data_file_ET2': 'None', 'data_file_ET3': 'None', 'relative_binning_binsize': '1000', 'relative_binning_ref_params_equal_true_params': 'True', 'relative_binning_ref_params': 'None', 'transforms': 'q_to_eta,cos_iota_to_iota,sin_dec_to_dec', 'gw_kwargs': 'None', 'filters': 'None', 'tmin': '0.05', 'tmax': '15.0', 'em_injection': 'False', 'em_trigger_time': '0.0', 'em_data_path': 'None', 'KN_model_name': 'None', 'KN_class_name': 'None', 'KN_model_dir': 'None', 'GRB_model_name': 'None', 'GRB_class_name': 'None', 'GRB_model_dir': 'None', 'detection_limit': 'None', 'n_loop_training': '200', 'n_loop_production': '10', 'n_local_steps': '100', 'n_global_steps': '1_000', 'n_epochs': '25', 'n_chains': '1_000', 'learning_rate': '0.001', 'max_samples': '50000', 'momentum': '0.9', 'batch_size': '30000', 'use_global': 'True', 'keep_quantile': '0.0', 'train_thinning': '10', 'output_thinning': '50', 'n_sample_max': '10000', 'verbose': 'False', 'save_training_chains': 'False', 'eps_mass_matrix': '1e-5', 'use_scheduler': 'True', 'use_temperature': 'False', 'which_temperature_schedule': 'exponential', 'starting_temperature': '2.0', 'stop_tempering_iteration': '75', 'stopping_criterion_global_acc': '0.10', 'stopping_criterion_loss': '-inf', 'seed': '123', 'sampling_seed': '123', 'injection_generation_seed': 'None', 'num_layers': '10', 'hidden_size': '128,128', 'num_bins': '8', 'nf_model_kwargs': 'None', 'run_sampler': 'True', 'keys_to_plot': 'M_c, q, s1_z, s2_z, lambda_1, lambda_2, d_L, t_c, phase_c, iota, psi, ra, dec'}
15:34 ninjax INFO    : Complete config file written to /gpfs/home6/twouters2/projects/projection_BNS_A_plus/src/projection_BNS/GW/MPA1/Aplus/injection_10/complete_config.json
15:34 ninjax INFO    : No injection_generation_seed specified. Generating a random injection_generation_seed: 341338
15:34 ninjax INFO    : Loading the priors
15:34 ninjax INFO    : Setting up the prior
15:34 ninjax INFO    :    Mc_prior = Uniform(0.98, 2.6, naming=["M_c"])
15:34 ninjax INFO    :    q_prior = Uniform(0.125, 1.0, naming=["q"])
15:34 ninjax INFO    :    s1_z_prior = Uniform(-0.05, 0.05, naming=["s1_z"])
15:34 ninjax INFO    :    s2_z_prior = Uniform(-0.05, 0.05, naming=["s2_z"])
15:34 ninjax INFO    :    lambda1_prior = Uniform(0.0, 5000.0, naming=["lambda_1"])
15:34 ninjax INFO    :    lambda2_prior = Uniform(0.0, 5000.0, naming=["lambda_2"])
15:34 ninjax INFO    :    cos_iota_prior = Uniform(-1.0, 1.0, naming=["cos_iota"])
15:34 ninjax INFO    :    dL_prior = PowerLaw(10.0, 1000.0, 2.0, naming=["d_L"])
15:34 ninjax INFO    :    t_c_prior = Uniform(-0.1, 0.1, naming=["t_c"])
15:34 ninjax INFO    :    phase_c_prior = Uniform(0.0, 2 * jnp.pi, naming=["phase_c"])
15:34 ninjax INFO    :    psi_prior = Uniform(0.0, jnp.pi, naming=["psi"])
15:34 ninjax INFO    :    ra_prior = Uniform(0.0, 2 * jnp.pi, naming=["ra"])
15:34 ninjax INFO    :    sin_dec_prior = Uniform(-1.0, 1.0, naming=["sin_dec"])
15:34 ninjax INFO    : Setting up the generation prior
15:34 ninjax INFO    :    mass_1_source_prior = Uniform(1.0, 2.468645554845655, naming=["mass_1_source"])
15:34 ninjax INFO    :    mass_2_source_prior = Uniform(1.0, 2.468645554845655, naming=["mass_2_source"])
15:34 ninjax INFO    :    s1_z_prior = Uniform(-0.05, 0.05, naming=["s1_z"])
15:34 ninjax INFO    :    s2_z_prior = Uniform(-0.05, 0.05, naming=["s2_z"])
15:34 ninjax INFO    :    cos_iota_prior = Uniform(-1.0, 1.0, naming=["cos_iota"])
15:34 ninjax INFO    :    dL_prior = PowerLaw(10.0, 460.0, 2.0, naming=["d_L"])
15:34 ninjax INFO    :    t_c_prior = Uniform(-0.1, 0.1, naming=["t_c"])
15:34 ninjax INFO    :    phase_c_prior = Uniform(0.0, 2 * jnp.pi, naming=["phase_c"])
15:34 ninjax INFO    :    psi_prior = Uniform(0.0, jnp.pi, naming=["psi"])
15:34 ninjax INFO    :    ra_prior = Uniform(0.0, 2 * jnp.pi, naming=["ra"])
15:34 ninjax INFO    :    sin_dec_prior = Uniform(-1.0, 1.0, naming=["sin_dec"])
15:34 ninjax INFO    : Finished prior setup
15:34 ninjax INFO    : Setting the transforms
15:34 ninjax INFO    : Raw transforms list is q_to_eta,cos_iota_to_iota,sin_dec_to_dec
15:34 ninjax INFO    : transforms_str_list has 3 elements
15:34 ninjax INFO    : DEBUG: Checking that all_transforms is OK: the list is ['binary_Love', 'binary_love_fit', 'cos_iota1_to_iota1', 'cos_iota2_to_iota2', 'cos_iota_to_iota', 'log_lambda_to_lambda', 'm1_m2_to_Mc_q', 'q1_to_eta1', 'q2_to_eta2', 'q_to_eta', 'sin_dec1_to_dec1', 'sin_dec2_to_dec2', 'sin_dec_to_dec', 'spin_sphere_to_cartesian_s1', 'spin_sphere_to_cartesian_s2', 'swap_lambdas_eos', 't_c_dt_to_tcs']
15:34 ninjax INFO    : Setting the likelihood
15:34 ninjax INFO    : GW likelihood provided, setting up the GW pipe
15:34 ninjax INFO    : eos_file is /home/twouters2/projects/projection_BNS_A_plus/src/projection_BNS/data/MPA1.npz
15:34 ninjax INFO    : Using eos_file /home/twouters2/projects/projection_BNS_A_plus/src/projection_BNS/data/MPA1.npz for BNS injections
15:34 ninjax INFO    : Note: No specific waveform approximant 1 so defaulting to IMRPhenomD_NRTidalv2
15:34 ninjax INFO    : self.is_BNS_run is True
15:34 ninjax INFO    : Using IMRPhenomD_NRTidalv2 waveform. Therefore, we will use no taper as the reference waveform for the likelihood if relative binning is used
15:34 ninjax INFO    : GW run is an injection
15:34 ninjax INFO    : Setting up GW injection . . . 
15:34 ninjax INFO    : The SNR thresholds are: 30.0 - 100.0
15:34 ninjax INFO    : Generating new injection
15:34 ninjax INFO    : Sanity check: generated parameters:
15:34 ninjax INFO    : {'mass_1_source': 1.5982458487749716, 'mass_2_source': 1.7607936415628216, 's1_z': 0.04195297393609905, 's2_z': 0.0070192454081902805, 'cos_iota': -0.7492670520532854, 'd_L': 453.6908281914645, 't_c': -0.03151677611799637, 'phase_c': 4.768383498939769, 'psi': 0.5495168511761541, 'ra': 1.6791282880888638, 'sin_dec': -0.5178288764615342}
15:34 ninjax INFO    : Computing lambdas from EOS file /home/twouters2/projects/projection_BNS_A_plus/src/projection_BNS/data/MPA1.npz . . . 
15:34 ninjax INFO    : Injected lambda_1: 123.61825140413491
15:34 ninjax INFO    : Injected lambda_2: 231.7171994423204
15:34 ninjax INFO    : Duration is not specified in the config. Computed chirp time: for fmin = 20.0 and M_c = 1.6097277859392318 is 128.0
15:34 ninjax INFO    : After transforms, the injection parameters are:
15:34 ninjax INFO    : {'mass_1_source': 1.7607936415628216, 'mass_2_source': 1.5982458487749716, 's1_z': 0.04195297393609905, 's2_z': 0.0070192454081902805, 'cos_iota': -0.7492670520532854, 'd_L': 453.6908281914645, 't_c': -0.03151677611799637, 'phase_c': 4.768383498939769, 'psi': 0.5495168511761541, 'ra': 1.6791282880888638, 'sin_dec': -0.5178288764615342, 'q': 0.9076849274378467, 'M_c': 1.6097277859392318, 'eta': 0.24941457408591547, 'iota': Array(2.41775099, dtype=float64, weak_type=True), 'dec': Array(-0.54431111, dtype=float64, weak_type=True), 'lambda_1': 123.61825140413491, 'lambda_2': 231.7171994423204}
15:34 ninjax INFO    : The trial injection parameters are {'M_c': 1.6097277859392318, 'eta': 0.24941457408591547, 's1_z': 0.04195297393609905, 's2_z': 0.0070192454081902805, 'lambda_1': 123.61825140413491, 'lambda_2': 231.7171994423204, 'd_L': 453.6908281914645, 'phase_c': 4.768383498939769, 'iota': 2.4177509877014156, 't_c': -0.03151677611799637, 'psi': 0.5495168511761541, 'ra': 1.6791282880888638, 'dec': -0.5443111071506823}
15:34 ninjax INFO    : Injecting signals . . .
15:35 ninjax INFO    : self.ifos
15:35 ninjax INFO    : [GroundBased2G(H1), GroundBased2G(L1), GroundBased2G(V1)]
15:35 ninjax INFO    : Signal injected in ifo H1. Frequencies, data, and PSD:
15:35 ninjax INFO    : [  20.          20.0078125   20.015625  ... 2047.9765625
 2047.984375  2047.9921875]
15:35 ninjax INFO    : [-6.58671348e-23-3.69851299e-23j -7.87762486e-23-4.85534382e-23j
 -3.73245989e-23+2.42710986e-23j ...
  5.39276272e-24+2.45611904e-24j  1.84029246e-23-8.43609067e-24j
  3.40736119e-24+7.17846268e-24j]
15:35 ninjax INFO    : [1.44906511e-46 1.44667215e-46 1.44435812e-46 ... 2.17775889e-47
 2.17777440e-47 2.17778992e-47]
15:35 ninjax INFO    : Signal injected in ifo L1. Frequencies, data, and PSD:
15:35 ninjax INFO    : [  20.          20.0078125   20.015625  ... 2047.9765625
 2047.984375  2047.9921875]
15:35 ninjax INFO    : [ 2.51970122e-23-7.88639549e-23j -4.38117830e-23+3.41309548e-23j
  8.83552970e-24+5.45134966e-23j ...
  1.86703629e-23-1.85004592e-23j  2.39227113e-24+2.92689591e-23j
 -6.76490258e-24-1.27936853e-23j]
15:35 ninjax INFO    : [1.44906511e-46 1.44667215e-46 1.44435812e-46 ... 2.17775889e-47
 2.17777440e-47 2.17778992e-47]
15:35 ninjax INFO    : Signal injected in ifo V1. Frequencies, data, and PSD:
15:35 ninjax INFO    : [  20.          20.0078125   20.015625  ... 2047.9765625
 2047.984375  2047.9921875]
15:35 ninjax INFO    : [-2.54805199e-23-6.22389254e-24j -2.80545880e-23+1.90628594e-23j
 -4.60424330e-23+3.33641959e-23j ...
  2.68093529e-23+9.93100507e-24j  5.52060852e-23-5.33113418e-24j
 -2.70040821e-23-1.64197715e-23j]
15:35 ninjax INFO    : [1.43183556e-46 1.42935095e-46 1.42688205e-46 ... 6.39786094e-47
 6.39790724e-47 6.39795354e-47]
15:35 ninjax INFO    : SNR for ifo H1 is 5.911807827919957
15:35 ninjax INFO    : SNR for ifo L1 is 6.843097171663239
15:35 ninjax INFO    : SNR for ifo V1 is 2.1965557007870125
15:35 ninjax INFO    : The network SNR is 9.30603608641945
15:35 ninjax INFO    : The network SNR does not pass the threshold, trying again
15:35 ninjax INFO    : Generating new injection
15:35 ninjax INFO    : Sanity check: generated parameters:
15:35 ninjax INFO    : {'mass_1_source': 2.060180520686992, 'mass_2_source': 1.4812572081377766, 's1_z': -0.008152442842689164, 's2_z': -0.022436170544829093, 'cos_iota': 0.49063440815370596, 'd_L': 402.79374526946003, 't_c': 0.02999638149605066, 'phase_c': 4.412988024998868, 'psi': 0.5952210844337984, 'ra': 1.29501827802715, 'sin_dec': 0.6795040858878227}
15:35 ninjax INFO    : Computing lambdas from EOS file /home/twouters2/projects/projection_BNS_A_plus/src/projection_BNS/data/MPA1.npz . . . 
15:35 ninjax INFO    : Injected lambda_1: 38.463777131055856
15:35 ninjax INFO    : Injected lambda_2: 368.2307816141829
15:35 ninjax INFO    : Duration is not specified in the config. Computed chirp time: for fmin = 20.0 and M_c = 1.6546866788530783 is 128.0
15:35 ninjax INFO    : After transforms, the injection parameters are:
15:35 ninjax INFO    : {'mass_1_source': 2.060180520686992, 'mass_2_source': 1.4812572081377766, 's1_z': -0.008152442842689164, 's2_z': -0.022436170544829093, 'cos_iota': 0.49063440815370596, 'd_L': 402.79374526946003, 't_c': 0.02999638149605066, 'phase_c': 4.412988024998868, 'psi': 0.5952210844337984, 'ra': 1.29501827802715, 'sin_dec': 0.6795040858878227, 'q': 0.7189938907119816, 'M_c': 1.6546866788530783, 'eta': 0.24331928621596988, 'iota': Array(1.05797866, dtype=float64, weak_type=True), 'dec': Array(0.74708649, dtype=float64, weak_type=True), 'lambda_1': 38.463777131055856, 'lambda_2': 368.2307816141829}
15:35 ninjax INFO    : The trial injection parameters are {'M_c': 1.6546866788530783, 'eta': 0.24331928621596988, 's1_z': -0.008152442842689164, 's2_z': -0.022436170544829093, 'lambda_1': 38.463777131055856, 'lambda_2': 368.2307816141829, 'd_L': 402.79374526946003, 'phase_c': 4.412988024998868, 'iota': 1.0579786609370745, 't_c': 0.02999638149605066, 'psi': 0.5952210844337984, 'ra': 1.29501827802715, 'dec': 0.7470864882852808}
15:35 ninjax INFO    : Injecting signals . . .
15:35 ninjax INFO    : self.ifos
15:35 ninjax INFO    : [GroundBased2G(H1), GroundBased2G(L1), GroundBased2G(V1)]
15:35 ninjax INFO    : Signal injected in ifo H1. Frequencies, data, and PSD:
15:35 ninjax INFO    : [  20.          20.0078125   20.015625  ... 2047.9765625
 2047.984375  2047.9921875]
15:35 ninjax INFO    : [-6.26086493e-23-4.14520692e-23j -8.26971696e-23-5.29644568e-23j
 -4.27217514e-23+2.73241802e-23j ...
  5.39276234e-24+2.45611913e-24j  1.84029243e-23-8.43609062e-24j
  3.40736080e-24+7.17846270e-24j]
15:35 ninjax INFO    : [1.44906511e-46 1.44667215e-46 1.44435812e-46 ... 2.17775889e-47
 2.17777440e-47 2.17778992e-47]
15:35 ninjax INFO    : Signal injected in ifo L1. Frequencies, data, and PSD:
15:35 ninjax INFO    : [  20.          20.0078125   20.015625  ... 2047.9765625
 2047.984375  2047.9921875]
15:35 ninjax INFO    : [ 1.78588219e-23-7.87909897e-23j -4.53403594e-23+4.11533263e-23j
  1.51396615e-23+5.74248431e-23j ...
  1.86703625e-23-1.85004590e-23j  2.39227072e-24+2.92689593e-23j
 -6.76490301e-24-1.27936851e-23j]
15:35 ninjax INFO    : [1.44906511e-46 1.44667215e-46 1.44435812e-46 ... 2.17775889e-47
 2.17777440e-47 2.17778992e-47]
15:35 ninjax INFO    : Signal injected in ifo V1. Frequencies, data, and PSD:
15:35 ninjax INFO    : [  20.          20.0078125   20.015625  ... 2047.9765625
 2047.984375  2047.9921875]
15:35 ninjax INFO    : [-2.26861947e-23-5.65386661e-24j -2.72442567e-23+1.66381190e-23j
 -4.81293610e-23+3.24607226e-23j ...
  2.68093527e-23+9.93100495e-24j  5.52060851e-23-5.33113432e-24j
 -2.70040822e-23-1.64197717e-23j]
15:35 ninjax INFO    : [1.43183556e-46 1.42935095e-46 1.42688205e-46 ... 6.39786094e-47
 6.39790724e-47 6.39795354e-47]
15:35 ninjax INFO    : SNR for ifo H1 is 8.400228750432799
15:35 ninjax INFO    : SNR for ifo L1 is 9.094639140492543
15:35 ninjax INFO    : SNR for ifo V1 is 5.17269736805608
15:35 ninjax INFO    : The network SNR is 13.417641455072163
15:35 ninjax INFO    : The network SNR does not pass the threshold, trying again
15:35 ninjax INFO    : Generating new injection
15:35 ninjax INFO    : Sanity check: generated parameters:
15:35 ninjax INFO    : {'mass_1_source': 1.7820380468960773, 'mass_2_source': 2.243553301150513, 's1_z': -0.011365730126217131, 's2_z': -0.007098553650962125, 'cos_iota': 0.20190121750957957, 'd_L': 305.0720274680423, 't_c': 0.004617211834595694, 'phase_c': 2.9644779318105807, 'psi': 1.7139174275220976, 'ra': 0.8985943757798885, 'sin_dec': -0.5783526117441338}
15:35 ninjax INFO    : Computing lambdas from EOS file /home/twouters2/projects/projection_BNS_A_plus/src/projection_BNS/data/MPA1.npz . . . 
15:35 ninjax INFO    : Injected lambda_1: 17.468388616130465
15:35 ninjax INFO    : Injected lambda_2: 113.93527798524146
15:35 ninjax INFO    : Duration is not specified in the config. Computed chirp time: for fmin = 20.0 and M_c = 1.8582175025829566 is 128.0
15:35 ninjax INFO    : After transforms, the injection parameters are:
15:35 ninjax INFO    : {'mass_1_source': 2.243553301150513, 'mass_2_source': 1.7820380468960773, 's1_z': -0.011365730126217131, 's2_z': -0.007098553650962125, 'cos_iota': 0.20190121750957957, 'd_L': 305.0720274680423, 't_c': 0.004617211834595694, 'phase_c': 2.9644779318105807, 'psi': 1.7139174275220976, 'ra': 0.8985943757798885, 'sin_dec': -0.5783526117441338, 'q': 0.794292716817663, 'M_c': 1.8582175025829566, 'eta': 0.24671411199595442, 'iota': Array(1.3674976, dtype=float64, weak_type=True), 'dec': Array(-0.61670786, dtype=float64, weak_type=True), 'lambda_1': 17.468388616130465, 'lambda_2': 113.93527798524146}
15:35 ninjax INFO    : The trial injection parameters are {'M_c': 1.8582175025829566, 'eta': 0.24671411199595442, 's1_z': -0.011365730126217131, 's2_z': -0.007098553650962125, 'lambda_1': 17.468388616130465, 'lambda_2': 113.93527798524146, 'd_L': 305.0720274680423, 'phase_c': 2.9644779318105807, 'iota': 1.3674975983503395, 't_c': 0.004617211834595694, 'psi': 1.7139174275220976, 'ra': 0.8985943757798885, 'dec': -0.6167078561630125}
15:35 ninjax INFO    : Injecting signals . . .
15:35 ninjax INFO    : self.ifos
15:35 ninjax INFO    : [GroundBased2G(H1), GroundBased2G(L1), GroundBased2G(V1)]
15:35 ninjax INFO    : Signal injected in ifo H1. Frequencies, data, and PSD:
15:35 ninjax INFO    : [  20.          20.0078125   20.015625  ... 2047.9765625
 2047.984375  2047.9921875]
15:35 ninjax INFO    : [-6.44918747e-23-3.99252194e-23j -8.26166394e-23-5.03719028e-23j
 -3.89594874e-23+2.81199457e-23j ...
  5.39197818e-24+2.45754081e-24j  1.84020047e-23-8.43475280e-24j
  3.40631474e-24+7.17970381e-24j]
15:35 ninjax INFO    : [1.44906511e-46 1.44667215e-46 1.44435812e-46 ... 2.17775889e-47
 2.17777440e-47 2.17778992e-47]
15:35 ninjax INFO    : Signal injected in ifo L1. Frequencies, data, and PSD:
15:35 ninjax INFO    : [  20.          20.0078125   20.015625  ... 2047.9765625
 2047.984375  2047.9921875]
15:35 ninjax INFO    : [ 1.98814964e-23-8.02600711e-23j -4.46369784e-23+3.92230185e-23j
  1.22713415e-23+5.48784264e-23j ...
  1.86709664e-23-1.84981515e-23j  2.39264492e-24+2.92713147e-23j
 -6.76476205e-24-1.27913048e-23j]
15:35 ninjax INFO    : [1.44906511e-46 1.44667215e-46 1.44435812e-46 ... 2.17775889e-47
 2.17777440e-47 2.17778992e-47]
15:35 ninjax INFO    : Signal injected in ifo V1. Frequencies, data, and PSD:
15:35 ninjax INFO    : [  20.          20.0078125   20.015625  ... 2047.9765625
 2047.984375  2047.9921875]
15:35 ninjax INFO    : [-2.20755451e-23-4.33216918e-24j -2.87601706e-23+1.65479532e-23j
 -4.62499610e-23+3.59273327e-23j ...
  2.68104264e-23+9.92754090e-24j  5.52074901e-23-5.33447719e-24j
 -2.70023593e-23-1.64229618e-23j]
15:35 ninjax INFO    : [1.43183556e-46 1.42935095e-46 1.42688205e-46 ... 6.39786094e-47
 6.39790724e-47 6.39795354e-47]
15:35 ninjax INFO    : SNR for ifo H1 is 3.4878778186259085
15:35 ninjax INFO    : SNR for ifo L1 is 5.1239971208124055
15:35 ninjax INFO    : SNR for ifo V1 is 6.145567515502998
15:35 ninjax INFO    : The network SNR is 8.728610328074117
15:35 ninjax INFO    : The network SNR does not pass the threshold, trying again
15:35 ninjax INFO    : Generating new injection
15:35 ninjax INFO    : Sanity check: generated parameters:
15:35 ninjax INFO    : {'mass_1_source': 1.5542007293147049, 'mass_2_source': 1.4657564133846293, 's1_z': -0.0010620682830671177, 's2_z': -0.027037836367203007, 'cos_iota': -0.5247262181101262, 'd_L': 352.1224951335046, 't_c': -0.008678334622305967, 'phase_c': 0.2861200027483087, 'psi': 2.817242762794059, 'ra': 4.093022053932564, 'sin_dec': 0.6226173350666624}
15:35 ninjax INFO    : Computing lambdas from EOS file /home/twouters2/projects/projection_BNS_A_plus/src/projection_BNS/data/MPA1.npz . . . 
15:35 ninjax INFO    : Injected lambda_1: 275.45191148644085
15:35 ninjax INFO    : Injected lambda_2: 391.95353672930224
15:35 ninjax INFO    : Duration is not specified in the config. Computed chirp time: for fmin = 20.0 and M_c = 1.4183705537221933 is 128.0
15:35 ninjax INFO    : After transforms, the injection parameters are:
15:35 ninjax INFO    : {'mass_1_source': 1.5542007293147049, 'mass_2_source': 1.4657564133846293, 's1_z': -0.0010620682830671177, 's2_z': -0.027037836367203007, 'cos_iota': -0.5247262181101262, 'd_L': 352.1224951335046, 't_c': -0.008678334622305967, 'phase_c': 0.2861200027483087, 'psi': 2.817242762794059, 'ra': 4.093022053932564, 'sin_dec': 0.6226173350666624, 'q': 0.9430933763819083, 'M_c': 1.4183705537221933, 'eta': 0.24978557357564285, 'iota': Array(2.12318979, dtype=float64, weak_type=True), 'dec': Array(0.67208299, dtype=float64, weak_type=True), 'lambda_1': 275.45191148644085, 'lambda_2': 391.95353672930224}
15:35 ninjax INFO    : The trial injection parameters are {'M_c': 1.4183705537221933, 'eta': 0.24978557357564285, 's1_z': -0.0010620682830671177, 's2_z': -0.027037836367203007, 'lambda_1': 275.45191148644085, 'lambda_2': 391.95353672930224, 'd_L': 352.1224951335046, 'phase_c': 0.2861200027483087, 'iota': 2.1231897925870404, 't_c': -0.008678334622305967, 'psi': 2.817242762794059, 'ra': 4.093022053932564, 'dec': 0.6720829947284902}
15:35 ninjax INFO    : Injecting signals . . .
15:35 ninjax INFO    : self.ifos
15:35 ninjax INFO    : [GroundBased2G(H1), GroundBased2G(L1), GroundBased2G(V1)]
15:35 ninjax INFO    : Signal injected in ifo H1. Frequencies, data, and PSD:
15:35 ninjax INFO    : [  20.          20.0078125   20.015625  ... 2047.9765625
 2047.984375  2047.9921875]
15:35 ninjax INFO    : [-6.45718240e-23-4.05464339e-23j -7.99377333e-23-5.02014932e-23j
 -3.74983391e-23+2.54876768e-23j ...
  5.39276234e-24+2.45611913e-24j  1.84029243e-23-8.43609062e-24j
  3.40736080e-24+7.17846270e-24j]
15:35 ninjax INFO    : [1.44906511e-46 1.44667215e-46 1.44435812e-46 ... 2.17775889e-47
 2.17777440e-47 2.17778992e-47]
15:35 ninjax INFO    : Signal injected in ifo L1. Frequencies, data, and PSD:
15:35 ninjax INFO    : [  20.          20.0078125   20.015625  ... 2047.9765625
 2047.984375  2047.9921875]
15:35 ninjax INFO    : [ 2.18272370e-23-7.71294527e-23j -4.53940146e-23+3.90897455e-23j
  1.09964506e-23+5.90233840e-23j ...
  1.86703625e-23-1.85004590e-23j  2.39227072e-24+2.92689593e-23j
 -6.76490301e-24-1.27936851e-23j]
15:35 ninjax INFO    : [1.44906511e-46 1.44667215e-46 1.44435812e-46 ... 2.17775889e-47
 2.17777440e-47 2.17778992e-47]
15:35 ninjax INFO    : Signal injected in ifo V1. Frequencies, data, and PSD:
15:35 ninjax INFO    : [  20.          20.0078125   20.015625  ... 2047.9765625
 2047.984375  2047.9921875]
15:35 ninjax INFO    : [-2.92904584e-23-5.42957277e-24j -3.05754282e-23+1.93880255e-23j
 -4.87575300e-23+3.24551026e-23j ...
  2.68093527e-23+9.93100495e-24j  5.52060851e-23-5.33113432e-24j
 -2.70040822e-23-1.64197717e-23j]
15:35 ninjax INFO    : [1.43183556e-46 1.42935095e-46 1.42688205e-46 ... 6.39786094e-47
 6.39790724e-47 6.39795354e-47]
15:35 ninjax INFO    : SNR for ifo H1 is 3.763353972718938
15:35 ninjax INFO    : SNR for ifo L1 is 4.671116686618101
15:35 ninjax INFO    : SNR for ifo V1 is 6.260230299978417
15:35 ninjax INFO    : The network SNR is 8.67021612376239
15:35 ninjax INFO    : The network SNR does not pass the threshold, trying again
15:35 ninjax INFO    : Generating new injection
15:35 ninjax INFO    : Sanity check: generated parameters:
15:35 ninjax INFO    : {'mass_1_source': 1.7552202633502727, 'mass_2_source': 1.8364270243466654, 's1_z': -0.011337766633674827, 's2_z': -0.01970637321331077, 'cos_iota': -0.4951997510282453, 'd_L': 254.75767238018784, 't_c': -0.09362911825008964, 'phase_c': 0.9656997062539637, 'psi': 0.2437968466753631, 'ra': 4.634593977091103, 'sin_dec': 0.2806880178888105}
15:35 ninjax INFO    : Computing lambdas from EOS file /home/twouters2/projects/projection_BNS_A_plus/src/projection_BNS/data/MPA1.npz . . . 
15:35 ninjax INFO    : Injected lambda_1: 92.45601477647826
15:35 ninjax INFO    : Injected lambda_2: 126.29388327260342
15:35 ninjax INFO    : Duration is not specified in the config. Computed chirp time: for fmin = 20.0 and M_c = 1.6528412594223663 is 128.0
15:35 ninjax INFO    : After transforms, the injection parameters are:
15:35 ninjax INFO    : {'mass_1_source': 1.8364270243466654, 'mass_2_source': 1.7552202633502727, 's1_z': -0.011337766633674827, 's2_z': -0.01970637321331077, 'cos_iota': -0.4951997510282453, 'd_L': 254.75767238018784, 't_c': -0.09362911825008964, 'phase_c': 0.9656997062539637, 'psi': 0.2437968466753631, 'ra': 4.634593977091103, 'sin_dec': 0.2806880178888105, 'q': 0.9557800228815064, 'M_c': 1.6528412594223663, 'eta': 0.24987219818422982, 'iota': Array(2.08886106, dtype=float64, weak_type=True), 'dec': Array(0.28451087, dtype=float64, weak_type=True), 'lambda_1': 92.45601477647826, 'lambda_2': 126.29388327260342}
15:35 ninjax INFO    : The trial injection parameters are {'M_c': 1.6528412594223663, 'eta': 0.24987219818422982, 's1_z': -0.011337766633674827, 's2_z': -0.01970637321331077, 'lambda_1': 92.45601477647826, 'lambda_2': 126.29388327260342, 'd_L': 254.75767238018784, 'phase_c': 0.9656997062539637, 'iota': 2.088861064892308, 't_c': -0.09362911825008964, 'psi': 0.2437968466753631, 'ra': 4.634593977091103, 'dec': 0.28451086949173104}
15:35 ninjax INFO    : Injecting signals . . .
15:35 ninjax INFO    : self.ifos
15:35 ninjax INFO    : [GroundBased2G(H1), GroundBased2G(L1), GroundBased2G(V1)]
15:35 ninjax INFO    : Signal injected in ifo H1. Frequencies, data, and PSD:
15:35 ninjax INFO    : [  20.          20.0078125   20.015625  ... 2047.9765625
 2047.984375  2047.9921875]
15:35 ninjax INFO    : [-6.87512974e-23-4.29013964e-23j -8.49423841e-23-4.71082327e-23j
 -3.72393582e-23+3.02878092e-23j ...
  5.38885917e-24+2.46555927e-24j  1.83980749e-23-8.42710027e-24j
  3.40161637e-24+7.18690873e-24j]
15:35 ninjax INFO    : [1.44906511e-46 1.44667215e-46 1.44435812e-46 ... 2.17775889e-47
 2.17777440e-47 2.17778992e-47]
15:35 ninjax INFO    : Signal injected in ifo L1. Frequencies, data, and PSD:
15:35 ninjax INFO    : [  20.          20.0078125   20.015625  ... 2047.9765625
 2047.984375  2047.9921875]
15:35 ninjax INFO    : [ 2.73676214e-23-8.22185803e-23j -4.74570291e-23+3.12608210e-23j
  5.04785089e-24+5.82394569e-23j ...
  1.86626003e-23-1.84876635e-23j  2.38324416e-24+2.92808957e-23j
 -6.77509968e-24-1.27827322e-23j]
15:35 ninjax INFO    : [1.44906511e-46 1.44667215e-46 1.44435812e-46 ... 2.17775889e-47
 2.17777440e-47 2.17778992e-47]
15:35 ninjax INFO    : Signal injected in ifo V1. Frequencies, data, and PSD:
15:35 ninjax INFO    : [  20.          20.0078125   20.015625  ... 2047.9765625
 2047.984375  2047.9921875]
15:35 ninjax INFO    : [-2.45423286e-23-5.09841699e-24j -2.69099199e-23+1.85484618e-23j
 -4.61912267e-23+3.23430897e-23j ...
  2.68071095e-23+9.92941167e-24j  5.52040176e-23-5.33294959e-24j
 -2.70059522e-23-1.64217897e-23j]
15:35 ninjax INFO    : [1.43183556e-46 1.42935095e-46 1.42688205e-46 ... 6.39786094e-47
 6.39790724e-47 6.39795354e-47]
15:35 ninjax INFO    : SNR for ifo H1 is 8.936601905329594
15:35 ninjax INFO    : SNR for ifo L1 is 13.09254507417337
15:35 ninjax INFO    : SNR for ifo V1 is 1.897710647606673
15:35 ninjax INFO    : The network SNR is 15.964927053877874
15:35 ninjax INFO    : The network SNR does not pass the threshold, trying again
15:35 ninjax INFO    : Generating new injection
15:35 ninjax INFO    : Sanity check: generated parameters:
15:35 ninjax INFO    : {'mass_1_source': 2.2421523235795338, 'mass_2_source': 2.437845739456588, 's1_z': -0.009643058315495348, 's2_z': 0.0051338289047970775, 'cos_iota': -0.6067200541617432, 'd_L': 314.0895587472599, 't_c': 0.0999757614247257, 'phase_c': 6.2209653099740985, 'psi': 0.4977119902625213, 'ra': 4.431107187261494, 'sin_dec': 0.34083798344650296}
15:35 ninjax INFO    : Computing lambdas from EOS file /home/twouters2/projects/projection_BNS_A_plus/src/projection_BNS/data/MPA1.npz . . . 
15:35 ninjax INFO    : Injected lambda_1: 5.423642467449177
15:35 ninjax INFO    : Injected lambda_2: 17.58313123912336
15:35 ninjax INFO    : Duration is not specified in the config. Computed chirp time: for fmin = 20.0 and M_c = 2.179371075697295 is 64.0
15:35 ninjax INFO    : After transforms, the injection parameters are:
15:35 ninjax INFO    : {'mass_1_source': 2.437845739456588, 'mass_2_source': 2.2421523235795338, 's1_z': -0.009643058315495348, 's2_z': 0.0051338289047970775, 'cos_iota': -0.6067200541617432, 'd_L': 314.0895587472599, 't_c': 0.0999757614247257, 'phase_c': 6.2209653099740985, 'psi': 0.4977119902625213, 'ra': 4.431107187261494, 'sin_dec': 0.34083798344650296, 'q': 0.9197269077736332, 'M_c': 2.179371075697295, 'eta': 0.2495628795849135, 'iota': Array(2.22272423, dtype=float64, weak_type=True), 'dec': Array(0.34780811, dtype=float64, weak_type=True), 'lambda_1': 5.423642467449177, 'lambda_2': 17.58313123912336}
15:35 ninjax INFO    : The trial injection parameters are {'M_c': 2.179371075697295, 'eta': 0.2495628795849135, 's1_z': -0.009643058315495348, 's2_z': 0.0051338289047970775, 'lambda_1': 5.423642467449177, 'lambda_2': 17.58313123912336, 'd_L': 314.0895587472599, 'phase_c': 6.2209653099740985, 'iota': 2.222724231951175, 't_c': 0.0999757614247257, 'psi': 0.4977119902625213, 'ra': 4.431107187261494, 'dec': 0.34780810968468795}
15:35 ninjax INFO    : Injecting signals . . .
15:35 ninjax INFO    : self.ifos
15:35 ninjax INFO    : [GroundBased2G(H1), GroundBased2G(L1), GroundBased2G(V1)]
15:35 ninjax INFO    : Signal injected in ifo H1. Frequencies, data, and PSD:
15:35 ninjax INFO    : [  20.         20.015625   20.03125  ... 2047.953125 2047.96875
 2047.984375]
15:35 ninjax INFO    : [-9.61094245e-24-8.49177574e-24j -5.19619563e-23-2.24220078e-23j
 -1.96844305e-23+9.09668952e-24j ...
  1.42378019e-23-1.04807681e-23j  2.81383246e-23-1.50192314e-23j
 -3.61891060e-24+1.26483474e-23j]
15:35 ninjax INFO    : [1.44906511e-46 1.44435812e-46 1.43973008e-46 ... 2.17771234e-47
 2.17774337e-47 2.17777440e-47]
15:35 ninjax INFO    : Signal injected in ifo L1. Frequencies, data, and PSD:
15:35 ninjax INFO    : [  20.         20.015625   20.03125  ... 2047.953125 2047.96875
 2047.984375]
15:35 ninjax INFO    : [-4.27716389e-24+2.12903773e-23j  2.24377661e-23+2.53134762e-23j
 -6.55012724e-23-5.71353398e-23j ...
 -7.10263753e-25+1.24344655e-23j -2.27210903e-24-1.60116384e-23j
 -2.15266140e-23-2.08821033e-23j]
15:35 ninjax INFO    : [1.44906511e-46 1.44435812e-46 1.43973008e-46 ... 2.17771234e-47
 2.17774337e-47 2.17777440e-47]
15:35 ninjax INFO    : Signal injected in ifo V1. Frequencies, data, and PSD:
15:35 ninjax INFO    : [  20.         20.015625   20.03125  ... 2047.953125 2047.96875
 2047.984375]
15:35 ninjax INFO    : [ 5.12019450e-23-1.89744777e-23j  1.44550211e-23-4.35596318e-24j
  2.33032924e-24+5.34475422e-24j ...
 -2.31844959e-23+3.59412018e-23j  3.26460120e-23+3.47771142e-23j
  6.08880617e-24+2.39346426e-23j]
15:35 ninjax INFO    : [1.43183556e-46 1.42688205e-46 1.42194425e-46 ... 6.39772204e-47
 6.39781464e-47 6.39790724e-47]
15:35 ninjax INFO    : SNR for ifo H1 is 11.209723199453192
15:35 ninjax INFO    : SNR for ifo L1 is 14.211283644889217
15:35 ninjax INFO    : SNR for ifo V1 is 4.988977399953472
15:35 ninjax INFO    : The network SNR is 18.775206324861024
15:35 ninjax INFO    : The network SNR does not pass the threshold, trying again
15:35 ninjax INFO    : Generating new injection
15:35 ninjax INFO    : Sanity check: generated parameters:
15:35 ninjax INFO    : {'mass_1_source': 1.9226035875194, 'mass_2_source': 1.5427020621428396, 's1_z': -0.04842397358655679, 's2_z': 0.0003528147478044433, 'cos_iota': -0.6693724937134218, 'd_L': 441.91131364607634, 't_c': 0.08681189626706992, 'phase_c': 0.8331362678580126, 'psi': 3.13526221066777, 'ra': 2.5658642443021806, 'sin_dec': 0.5768219406215533}
15:35 ninjax INFO    : Computing lambdas from EOS file /home/twouters2/projects/projection_BNS_A_plus/src/projection_BNS/data/MPA1.npz . . . 
15:35 ninjax INFO    : Injected lambda_1: 66.28198850554958
15:35 ninjax INFO    : Injected lambda_2: 288.24909221729393
15:35 ninjax INFO    : Duration is not specified in the config. Computed chirp time: for fmin = 20.0 and M_c = 1.6469836300408207 is 128.0
15:35 ninjax INFO    : After transforms, the injection parameters are:
15:35 ninjax INFO    : {'mass_1_source': 1.9226035875194, 'mass_2_source': 1.5427020621428396, 's1_z': -0.04842397358655679, 's2_z': 0.0003528147478044433, 'cos_iota': -0.6693724937134218, 'd_L': 441.91131364607634, 't_c': 0.08681189626706992, 'phase_c': 0.8331362678580126, 'psi': 3.13526221066777, 'ra': 2.5658642443021806, 'sin_dec': 0.5768219406215533, 'q': 0.8024025712618581, 'M_c': 1.6469836300408207, 'eta': 0.24699531471511382, 'iota': Array(2.30416015, dtype=float64, weak_type=True), 'dec': Array(0.61483279, dtype=float64, weak_type=True), 'lambda_1': 66.28198850554958, 'lambda_2': 288.24909221729393}
15:35 ninjax INFO    : The trial injection parameters are {'M_c': 1.6469836300408207, 'eta': 0.24699531471511382, 's1_z': -0.04842397358655679, 's2_z': 0.0003528147478044433, 'lambda_1': 66.28198850554958, 'lambda_2': 288.24909221729393, 'd_L': 441.91131364607634, 'phase_c': 0.8331362678580126, 'iota': 2.3041601518899664, 't_c': 0.08681189626706992, 'psi': 3.13526221066777, 'ra': 2.5658642443021806, 'dec': 0.6148327888850381}
15:35 ninjax INFO    : Injecting signals . . .
15:35 ninjax INFO    : self.ifos
15:35 ninjax INFO    : [GroundBased2G(H1), GroundBased2G(L1), GroundBased2G(V1)]
15:35 ninjax INFO    : Signal injected in ifo H1. Frequencies, data, and PSD:
15:35 ninjax INFO    : [  20.          20.0078125   20.015625  ... 2047.9765625
 2047.984375  2047.9921875]
15:35 ninjax INFO    : [-6.85065645e-23-3.82223793e-23j -8.03254724e-23-4.66711493e-23j
 -3.61662085e-23+2.58255471e-23j ...
  5.39276234e-24+2.45611913e-24j  1.84029243e-23-8.43609062e-24j
  3.40736080e-24+7.17846270e-24j]
15:35 ninjax INFO    : [1.44906511e-46 1.44667215e-46 1.44435812e-46 ... 2.17775889e-47
 2.17777440e-47 2.17778992e-47]
15:35 ninjax INFO    : Signal injected in ifo L1. Frequencies, data, and PSD:
15:35 ninjax INFO    : [  20.          20.0078125   20.015625  ... 2047.9765625
 2047.984375  2047.9921875]
15:35 ninjax INFO    : [ 2.41157289e-23-8.15629488e-23j -4.72195667e-23+3.45340712e-23j
  8.29206904e-24+5.83976031e-23j ...
  1.86703625e-23-1.85004590e-23j  2.39227072e-24+2.92689593e-23j
 -6.76490301e-24-1.27936851e-23j]
15:35 ninjax INFO    : [1.44906511e-46 1.44667215e-46 1.44435812e-46 ... 2.17775889e-47
 2.17777440e-47 2.17778992e-47]
15:35 ninjax INFO    : Signal injected in ifo V1. Frequencies, data, and PSD:
15:35 ninjax INFO    : [  20.          20.0078125   20.015625  ... 2047.9765625
 2047.984375  2047.9921875]
15:35 ninjax INFO    : [-3.11449876e-23-4.28276198e-24j -2.71386362e-23+2.51938268e-23j
 -3.96613578e-23+3.35769917e-23j ...
  2.68093527e-23+9.93100495e-24j  5.52060851e-23-5.33113432e-24j
 -2.70040822e-23-1.64197717e-23j]
15:35 ninjax INFO    : [1.43183556e-46 1.42935095e-46 1.42688205e-46 ... 6.39786094e-47
 6.39790724e-47 6.39795354e-47]
15:35 ninjax INFO    : SNR for ifo H1 is 6.097858135462714
15:35 ninjax INFO    : SNR for ifo L1 is 6.629607293167746
15:35 ninjax INFO    : SNR for ifo V1 is 9.404548072449645
15:35 ninjax INFO    : The network SNR is 13.022330480711512
15:35 ninjax INFO    : The network SNR does not pass the threshold, trying again
15:35 ninjax INFO    : Generating new injection
15:35 ninjax INFO    : Sanity check: generated parameters:
15:35 ninjax INFO    : {'mass_1_source': 2.144039208262946, 'mass_2_source': 1.03482968576092, 's1_z': -0.03642835955011375, 's2_z': -0.00672648018954336, 'cos_iota': -0.019501878507566683, 'd_L': 343.1204034953637, 't_c': -0.019656455296168843, 'phase_c': 1.4330840638456748, 'psi': 1.0698897669891323, 'ra': 3.100094555096784, 'sin_dec': -0.3316036327883891}
15:35 ninjax INFO    : Computing lambdas from EOS file /home/twouters2/projects/projection_BNS_A_plus/src/projection_BNS/data/MPA1.npz . . . 
15:35 ninjax INFO    : Injected lambda_1: 27.176437333942236
15:35 ninjax INFO    : Injected lambda_2: 2638.5872273983227
15:35 ninjax INFO    : Duration is not specified in the config. Computed chirp time: for fmin = 20.0 and M_c = 1.3792274687410586 is 256.0
15:35 ninjax INFO    : After transforms, the injection parameters are:
15:35 ninjax INFO    : {'mass_1_source': 2.144039208262946, 'mass_2_source': 1.03482968576092, 's1_z': -0.03642835955011375, 's2_z': -0.00672648018954336, 'cos_iota': -0.019501878507566683, 'd_L': 343.1204034953637, 't_c': -0.019656455296168843, 'phase_c': 1.4330840638456748, 'psi': 1.0698897669891323, 'ra': 3.100094555096784, 'sin_dec': -0.3316036327883891, 'q': 0.4826542731927541, 'M_c': 1.3792274687410586, 'eta': 0.21956159060915295, 'iota': Array(1.59029944, dtype=float64, weak_type=True), 'dec': Array(-0.33800288, dtype=float64, weak_type=True), 'lambda_1': 27.176437333942236, 'lambda_2': 2638.5872273983227}
15:35 ninjax INFO    : The trial injection parameters are {'M_c': 1.3792274687410586, 'eta': 0.21956159060915295, 's1_z': -0.03642835955011375, 's2_z': -0.00672648018954336, 'lambda_1': 27.176437333942236, 'lambda_2': 2638.5872273983227, 'd_L': 343.1204034953637, 'phase_c': 1.4330840638456748, 'iota': 1.5902994416837617, 't_c': -0.019656455296168843, 'psi': 1.0698897669891323, 'ra': 3.100094555096784, 'dec': -0.3380028785669904}
15:35 ninjax INFO    : Injecting signals . . .
15:35 ninjax INFO    : self.ifos
15:35 ninjax INFO    : [GroundBased2G(H1), GroundBased2G(L1), GroundBased2G(V1)]
15:35 ninjax INFO    : Signal injected in ifo H1. Frequencies, data, and PSD:
15:35 ninjax INFO    : [  20.           20.00390625   20.0078125  ... 2047.98828125
 2047.9921875  2047.99609375]
15:35 ninjax INFO    : [-2.62632714e-23-7.93918372e-24j  7.03593777e-23-3.59531085e-23j
  5.91416265e-24+1.73323485e-22j ...
  2.25422483e-23-6.55111347e-24j  1.46120288e-23+4.92797357e-23j
  5.10662865e-23-3.46449217e-24j]
15:35 ninjax INFO    : [1.44906511e-46 1.44785671e-46 1.44667215e-46 ... 2.17778216e-47
 2.17778992e-47 2.17779767e-47]
15:35 ninjax INFO    : Signal injected in ifo L1. Frequencies, data, and PSD:
15:35 ninjax INFO    : [  20.           20.00390625   20.0078125  ... 2047.98828125
 2047.9921875  2047.99609375]
15:35 ninjax INFO    : [-6.67630266e-23-2.51367199e-23j  4.86068495e-23-1.40688090e-23j
 -1.49970427e-22+1.23739070e-23j ...
 -2.53741207e-23-4.32953499e-23j -2.41682042e-23-3.21319862e-23j
  7.93567389e-23-3.19354114e-24j]
15:35 ninjax INFO    : [1.44906511e-46 1.44785671e-46 1.44667215e-46 ... 2.17778216e-47
 2.17778992e-47 2.17779767e-47]
15:35 ninjax INFO    : Signal injected in ifo V1. Frequencies, data, and PSD:
15:35 ninjax INFO    : [  20.           20.00390625   20.0078125  ... 2047.98828125
 2047.9921875  2047.99609375]
15:35 ninjax INFO    : [-6.35037320e-23-4.19659262e-23j  6.45602099e-23+3.02012673e-23j
 -3.73399862e-23-5.60144461e-23j ...
 -2.60527474e-23+4.89183385e-23j  3.97766966e-23+4.60130803e-23j
 -4.17488685e-23+1.29686330e-22j]
15:35 ninjax INFO    : [1.43183556e-46 1.43058540e-46 1.42935095e-46 ... 6.39793039e-47
 6.39795354e-47 6.39797668e-47]
15:35 ninjax INFO    : SNR for ifo H1 is 7.402287135135283
15:35 ninjax INFO    : SNR for ifo L1 is 4.4496492052941
15:35 ninjax INFO    : SNR for ifo V1 is 0.28151587896854824
15:35 ninjax INFO    : The network SNR is 8.641324208202997
15:35 ninjax INFO    : The network SNR does not pass the threshold, trying again
15:35 ninjax INFO    : Generating new injection
15:35 ninjax INFO    : Sanity check: generated parameters:
15:35 ninjax INFO    : {'mass_1_source': 1.6086788984304672, 'mass_2_source': 1.1363187834079993, 's1_z': 0.03268696452795086, 's2_z': 0.025289980361359835, 'cos_iota': -0.6148701711442954, 'd_L': 378.0570152749068, 't_c': 0.06853046688929726, 'phase_c': 4.506788864947421, 'psi': 0.5729592645075651, 'ra': 4.0620766709788985, 'sin_dec': 0.5781527447477548}
15:35 ninjax INFO    : Computing lambdas from EOS file /home/twouters2/projects/projection_BNS_A_plus/src/projection_BNS/data/MPA1.npz . . . 
15:35 ninjax INFO    : Injected lambda_1: 222.46763975757742
15:35 ninjax INFO    : Injected lambda_2: 1620.3918985036378
15:35 ninjax INFO    : Duration is not specified in the config. Computed chirp time: for fmin = 20.0 and M_c = 1.2737168750156536 is 256.0
15:35 ninjax INFO    : After transforms, the injection parameters are:
15:35 ninjax INFO    : {'mass_1_source': 1.6086788984304672, 'mass_2_source': 1.1363187834079993, 's1_z': 0.03268696452795086, 's2_z': 0.025289980361359835, 'cos_iota': -0.6148701711442954, 'd_L': 378.0570152749068, 't_c': 0.06853046688929726, 'phase_c': 4.506788864947421, 'psi': 0.5729592645075651, 'ra': 4.0620766709788985, 'sin_dec': 0.5781527447477548, 'q': 0.7063676812797548, 'M_c': 1.2737168750156536, 'eta': 0.24259708975343305, 'iota': Array(2.23301766, dtype=float64, weak_type=True), 'dec': Array(0.61646288, dtype=float64, weak_type=True), 'lambda_1': 222.46763975757742, 'lambda_2': 1620.3918985036378}
15:35 ninjax INFO    : The trial injection parameters are {'M_c': 1.2737168750156536, 'eta': 0.24259708975343305, 's1_z': 0.03268696452795086, 's2_z': 0.025289980361359835, 'lambda_1': 222.46763975757742, 'lambda_2': 1620.3918985036378, 'd_L': 378.0570152749068, 'phase_c': 4.506788864947421, 'iota': 2.2330176565706754, 't_c': 0.06853046688929726, 'psi': 0.5729592645075651, 'ra': 4.0620766709788985, 'dec': 0.6164628784057309}
15:35 ninjax INFO    : Injecting signals . . .
15:35 ninjax INFO    : self.ifos
15:35 ninjax INFO    : [GroundBased2G(H1), GroundBased2G(L1), GroundBased2G(V1)]
15:35 ninjax INFO    : Signal injected in ifo H1. Frequencies, data, and PSD:
15:35 ninjax INFO    : [  20.           20.00390625   20.0078125  ... 2047.98828125
 2047.9921875  2047.99609375]
15:35 ninjax INFO    : [-3.13571817e-23-8.24679523e-24j  7.53503142e-23-3.42305382e-23j
  1.62798800e-24+1.70365529e-22j ...
  2.25422483e-23-6.55111347e-24j  1.46120288e-23+4.92797357e-23j
  5.10662865e-23-3.46449217e-24j]
15:35 ninjax INFO    : [1.44906511e-46 1.44785671e-46 1.44667215e-46 ... 2.17778216e-47
 2.17778992e-47 2.17779767e-47]
15:35 ninjax INFO    : Signal injected in ifo L1. Frequencies, data, and PSD:
15:35 ninjax INFO    : [  20.           20.00390625   20.0078125  ... 2047.98828125
 2047.9921875  2047.99609375]
15:35 ninjax INFO    : [-6.48093382e-23-2.55664069e-23j  4.58313715e-23-1.45108063e-23j
 -1.46948818e-22+1.40919241e-23j ...
 -2.53741207e-23-4.32953499e-23j -2.41682042e-23-3.21319862e-23j
  7.93567389e-23-3.19354114e-24j]
15:35 ninjax INFO    : [1.44906511e-46 1.44785671e-46 1.44667215e-46 ... 2.17778216e-47
 2.17778992e-47 2.17779767e-47]
15:35 ninjax INFO    : Signal injected in ifo V1. Frequencies, data, and PSD:
15:35 ninjax INFO    : [  20.           20.00390625   20.0078125  ... 2047.98828125
 2047.9921875  2047.99609375]
15:35 ninjax INFO    : [-6.02220284e-23-4.17401719e-23j  6.19144662e-23+2.83122174e-23j
 -3.61140317e-23-5.30710770e-23j ...
 -2.60527474e-23+4.89183385e-23j  3.97766966e-23+4.60130803e-23j
 -4.17488685e-23+1.29686330e-22j]
15:35 ninjax INFO    : [1.43183556e-46 1.43058540e-46 1.42935095e-46 ... 6.39793039e-47
 6.39795354e-47 6.39797668e-47]
15:35 ninjax INFO    : SNR for ifo H1 is 4.006088222299095
15:35 ninjax INFO    : SNR for ifo L1 is 4.871460802318508
15:35 ninjax INFO    : SNR for ifo V1 is 5.343221525559999
15:35 ninjax INFO    : The network SNR is 8.266189537179566
15:35 ninjax INFO    : The network SNR does not pass the threshold, trying again
15:35 ninjax INFO    : Generating new injection
15:35 ninjax INFO    : Sanity check: generated parameters:
15:35 ninjax INFO    : {'mass_1_source': 1.851034483556771, 'mass_2_source': 1.5014461980373182, 's1_z': -0.036631664966234004, 's2_z': -0.0074120949825605895, 'cos_iota': -0.0014496714306106995, 'd_L': 393.9639533108088, 't_c': -0.010039389442816793, 'phase_c': 3.7507357646678234, 'psi': 3.0184268697243235, 'ra': 2.1522058344937056, 'sin_dec': 0.25212372379670756}
15:35 ninjax INFO    : Computing lambdas from EOS file /home/twouters2/projects/projection_BNS_A_plus/src/projection_BNS/data/MPA1.npz . . . 
15:35 ninjax INFO    : Injected lambda_1: 87.40388243995969
15:35 ninjax INFO    : Injected lambda_2: 339.6138964757911
15:35 ninjax INFO    : Duration is not specified in the config. Computed chirp time: for fmin = 20.0 and M_c = 1.5787618694676875 is 128.0
15:35 ninjax INFO    : After transforms, the injection parameters are:
15:35 ninjax INFO    : {'mass_1_source': 1.851034483556771, 'mass_2_source': 1.5014461980373182, 's1_z': -0.036631664966234004, 's2_z': -0.0074120949825605895, 'cos_iota': -0.0014496714306106995, 'd_L': 393.9639533108088, 't_c': -0.010039389442816793, 'phase_c': 3.7507357646678234, 'psi': 3.0184268697243235, 'ra': 2.1522058344937056, 'sin_dec': 0.25212372379670756, 'q': 0.8111389665481988, 'M_c': 1.5787618694676875, 'eta': 0.24728155104012803, 'iota': Array(1.572246, dtype=float64, weak_type=True), 'dec': Array(0.25487425, dtype=float64, weak_type=True), 'lambda_1': 87.40388243995969, 'lambda_2': 339.6138964757911}
15:35 ninjax INFO    : The trial injection parameters are {'M_c': 1.5787618694676875, 'eta': 0.24728155104012803, 's1_z': -0.036631664966234004, 's2_z': -0.0074120949825605895, 'lambda_1': 87.40388243995969, 'lambda_2': 339.6138964757911, 'd_L': 393.9639533108088, 'phase_c': 3.7507357646678234, 'iota': 1.5722459987332666, 't_c': -0.010039389442816793, 'psi': 3.0184268697243235, 'ra': 2.1522058344937056, 'dec': 0.254874250843063}
15:35 ninjax INFO    : Injecting signals . . .
15:35 ninjax INFO    : self.ifos
15:35 ninjax INFO    : [GroundBased2G(H1), GroundBased2G(L1), GroundBased2G(V1)]
15:35 ninjax INFO    : Signal injected in ifo H1. Frequencies, data, and PSD:
15:35 ninjax INFO    : [  20.          20.0078125   20.015625  ... 2047.9765625
 2047.984375  2047.9921875]
15:35 ninjax INFO    : [-6.56195290e-23-3.97185324e-23j -8.11829615e-23-4.97036494e-23j
 -3.91681167e-23+2.60919573e-23j ...
  5.39276234e-24+2.45611913e-24j  1.84029243e-23-8.43609062e-24j
  3.40736080e-24+7.17846270e-24j]
15:35 ninjax INFO    : [1.44906511e-46 1.44667215e-46 1.44435812e-46 ... 2.17775889e-47
 2.17777440e-47 2.17778992e-47]
15:35 ninjax INFO    : Signal injected in ifo L1. Frequencies, data, and PSD:
15:35 ninjax INFO    : [  20.          20.0078125   20.015625  ... 2047.9765625
 2047.984375  2047.9921875]
15:35 ninjax INFO    : [ 2.06318699e-23-8.11293833e-23j -4.76028844e-23+3.72619898e-23j
  1.01227072e-23+5.90424774e-23j ...
  1.86703625e-23-1.85004590e-23j  2.39227072e-24+2.92689593e-23j
 -6.76490301e-24-1.27936851e-23j]
15:35 ninjax INFO    : [1.44906511e-46 1.44667215e-46 1.44435812e-46 ... 2.17775889e-47
 2.17777440e-47 2.17778992e-47]
15:35 ninjax INFO    : Signal injected in ifo V1. Frequencies, data, and PSD:
15:35 ninjax INFO    : [  20.          20.0078125   20.015625  ... 2047.9765625
 2047.984375  2047.9921875]
15:35 ninjax INFO    : [-2.45953863e-23-2.19088918e-24j -2.39992565e-23+2.00992093e-23j
 -4.32901557e-23+3.01649854e-23j ...
  2.68093527e-23+9.93100495e-24j  5.52060851e-23-5.33113432e-24j
 -2.70040822e-23-1.64197717e-23j]
15:35 ninjax INFO    : [1.43183556e-46 1.42935095e-46 1.42688205e-46 ... 6.39786094e-47
 6.39790724e-47 6.39795354e-47]
15:35 ninjax INFO    : SNR for ifo H1 is 1.0377040240568907
15:35 ninjax INFO    : SNR for ifo L1 is 5.033316276993794
15:35 ninjax INFO    : SNR for ifo V1 is 5.010555349835723
15:35 ninjax INFO    : The network SNR is 7.177518185247734
15:35 ninjax INFO    : The network SNR does not pass the threshold, trying again
15:35 ninjax INFO    : Generating new injection
15:35 ninjax INFO    : Sanity check: generated parameters:
15:35 ninjax INFO    : {'mass_1_source': 1.7000507440966537, 'mass_2_source': 1.599863664609265, 's1_z': 0.030397271952196422, 's2_z': -0.043895188045137014, 'cos_iota': 0.30191501828297973, 'd_L': 300.9459827699735, 't_c': 0.02674870006262492, 'phase_c': 4.558370435108745, 'psi': 3.0627677873419183, 'ra': 3.6323828166580183, 'sin_dec': -0.031191789039003215}
15:35 ninjax INFO    : Computing lambdas from EOS file /home/twouters2/projects/projection_BNS_A_plus/src/projection_BNS/data/MPA1.npz . . . 
15:35 ninjax INFO    : Injected lambda_1: 156.13557081646576
15:35 ninjax INFO    : Injected lambda_2: 230.25619230588833
15:35 ninjax INFO    : Duration is not specified in the config. Computed chirp time: for fmin = 20.0 and M_c = 1.533196771776696 is 128.0
15:35 ninjax INFO    : After transforms, the injection parameters are:
15:35 ninjax INFO    : {'mass_1_source': 1.7000507440966537, 'mass_2_source': 1.599863664609265, 's1_z': 0.030397271952196422, 's2_z': -0.043895188045137014, 'cos_iota': 0.30191501828297973, 'd_L': 300.9459827699735, 't_c': 0.02674870006262492, 'phase_c': 4.558370435108745, 'psi': 3.0627677873419183, 'ra': 3.6323828166580183, 'sin_dec': -0.031191789039003215, 'q': 0.9410681829143727, 'M_c': 1.533196771776696, 'eta': 0.24976955988075542, 'iota': Array(1.26409555, dtype=float64, weak_type=True), 'dec': Array(-0.03119685, dtype=float64, weak_type=True), 'lambda_1': 156.13557081646576, 'lambda_2': 230.25619230588833}
15:35 ninjax INFO    : The trial injection parameters are {'M_c': 1.533196771776696, 'eta': 0.24976955988075542, 's1_z': 0.030397271952196422, 's2_z': -0.043895188045137014, 'lambda_1': 156.13557081646576, 'lambda_2': 230.25619230588833, 'd_L': 300.9459827699735, 'phase_c': 4.558370435108745, 'iota': 1.2640955527134248, 't_c': 0.02674870006262492, 'psi': 3.0627677873419183, 'ra': 3.6323828166580183, 'dec': -0.031196849147332947}
15:35 ninjax INFO    : Injecting signals . . .
15:35 ninjax INFO    : self.ifos
15:35 ninjax INFO    : [GroundBased2G(H1), GroundBased2G(L1), GroundBased2G(V1)]
15:35 ninjax INFO    : Signal injected in ifo H1. Frequencies, data, and PSD:
15:35 ninjax INFO    : [  20.          20.0078125   20.015625  ... 2047.9765625
 2047.984375  2047.9921875]
15:35 ninjax INFO    : [-6.43184445e-23-4.12711694e-23j -8.12977991e-23-5.16450204e-23j
 -4.05402965e-23+2.47841091e-23j ...
  5.39177159e-24+2.45639418e-24j  1.84019119e-23-8.43591208e-24j
  3.40633615e-24+7.17854311e-24j]
15:35 ninjax INFO    : [1.44906511e-46 1.44667215e-46 1.44435812e-46 ... 2.17775889e-47
 2.17777440e-47 2.17778992e-47]
15:35 ninjax INFO    : Signal injected in ifo L1. Frequencies, data, and PSD:
15:35 ninjax INFO    : [  20.          20.0078125   20.015625  ... 2047.9765625
 2047.984375  2047.9921875]
15:35 ninjax INFO    : [ 1.92382621e-23-7.89886040e-23j -4.70392063e-23+3.91583290e-23j
  1.13622303e-23+5.96636859e-23j ...
  1.86703319e-23-1.84992297e-23j  2.39212219e-24+2.92701798e-23j
 -6.76516807e-24-1.27924849e-23j]
15:35 ninjax INFO    : [1.44906511e-46 1.44667215e-46 1.44435812e-46 ... 2.17775889e-47
 2.17777440e-47 2.17778992e-47]
15:35 ninjax INFO    : Signal injected in ifo V1. Frequencies, data, and PSD:
15:35 ninjax INFO    : [  20.          20.0078125   20.015625  ... 2047.9765625
 2047.984375  2047.9921875]
15:35 ninjax INFO    : [-2.74124736e-23-4.00127110e-24j -2.74622905e-23+2.15869229e-23j
 -4.40778153e-23+3.42233371e-23j ...
  2.68101806e-23+9.93074057e-24j  5.52069346e-23-5.33131679e-24j
 -2.70032192e-23-1.64198706e-23j]
15:35 ninjax INFO    : [1.43183556e-46 1.42935095e-46 1.42688205e-46 ... 6.39786094e-47
 6.39790724e-47 6.39795354e-47]
15:35 ninjax INFO    : SNR for ifo H1 is 5.110374378122397
15:35 ninjax INFO    : SNR for ifo L1 is 6.111651888849438
15:35 ninjax INFO    : SNR for ifo V1 is 3.404415340824608
15:35 ninjax INFO    : The network SNR is 8.663616964518267
15:35 ninjax INFO    : The network SNR does not pass the threshold, trying again
15:35 ninjax INFO    : Generating new injection
15:35 ninjax INFO    : Sanity check: generated parameters:
15:35 ninjax INFO    : {'mass_1_source': 2.162053251731775, 'mass_2_source': 2.4390959872770486, 's1_z': -0.04033548900762669, 's2_z': -0.0019496214313120333, 'cos_iota': -0.5602005203909739, 'd_L': 283.5025087504344, 't_c': 0.0179162891981767, 'phase_c': 5.916267466360228, 'psi': 0.008079935776047072, 'ra': 1.7629145013837184, 'sin_dec': -0.24877103113891863}
15:35 ninjax INFO    : Computing lambdas from EOS file /home/twouters2/projects/projection_BNS_A_plus/src/projection_BNS/data/MPA1.npz . . . 
15:35 ninjax INFO    : Injected lambda_1: 5.357725118885031
15:35 ninjax INFO    : Injected lambda_2: 25.160273060238698
15:35 ninjax INFO    : Duration is not specified in the config. Computed chirp time: for fmin = 20.0 and M_c = 2.1264231272377345 is 64.0
15:35 ninjax INFO    : After transforms, the injection parameters are:
15:35 ninjax INFO    : {'mass_1_source': 2.4390959872770486, 'mass_2_source': 2.162053251731775, 's1_z': -0.04033548900762669, 's2_z': -0.0019496214313120333, 'cos_iota': -0.5602005203909739, 'd_L': 283.5025087504344, 't_c': 0.0179162891981767, 'phase_c': 5.916267466360228, 'psi': 0.008079935776047072, 'ra': 1.7629145013837184, 'sin_dec': -0.24877103113891863, 'q': 0.8864158126656764, 'M_c': 2.1264231272377345, 'eta': 0.2490936396415184, 'iota': Array(2.16542418, dtype=float64, weak_type=True), 'dec': Array(-0.25141119, dtype=float64, weak_type=True), 'lambda_1': 5.357725118885031, 'lambda_2': 25.160273060238698}
15:35 ninjax INFO    : The trial injection parameters are {'M_c': 2.1264231272377345, 'eta': 0.2490936396415184, 's1_z': -0.04033548900762669, 's2_z': -0.0019496214313120333, 'lambda_1': 5.357725118885031, 'lambda_2': 25.160273060238698, 'd_L': 283.5025087504344, 'phase_c': 5.916267466360228, 'iota': 2.1654241769916265, 't_c': 0.0179162891981767, 'psi': 0.008079935776047072, 'ra': 1.7629145013837184, 'dec': -0.2514111891378844}
15:35 ninjax INFO    : Injecting signals . . .
15:35 ninjax INFO    : self.ifos
15:35 ninjax INFO    : [GroundBased2G(H1), GroundBased2G(L1), GroundBased2G(V1)]
15:35 ninjax INFO    : Signal injected in ifo H1. Frequencies, data, and PSD:
15:35 ninjax INFO    : [  20.         20.015625   20.03125  ... 2047.953125 2047.96875
 2047.984375]
15:35 ninjax INFO    : [-4.00307470e-24-1.43404988e-23j -4.65732612e-23-2.81332752e-23j
 -1.46776727e-23+3.53237864e-24j ...
  1.42163656e-23-1.04555335e-23j  2.81125258e-23-1.49984796e-23j
 -3.64815022e-24+1.26638759e-23j]
15:35 ninjax INFO    : [1.44906511e-46 1.44435812e-46 1.43973008e-46 ... 2.17771234e-47
 2.17774337e-47 2.17777440e-47]
15:35 ninjax INFO    : Signal injected in ifo L1. Frequencies, data, and PSD:
15:35 ninjax INFO    : [  20.         20.015625   20.03125  ... 2047.953125 2047.96875
 2047.984375]
15:35 ninjax INFO    : [-2.59514327e-24+2.12323168e-23j  2.55234198e-23+2.45685240e-23j
 -6.10463222e-23-5.85286078e-23j ...
 -7.05874164e-25+1.24826351e-23j -2.27690858e-24-1.59634391e-23j
 -2.15404552e-23-2.08356153e-23j]
15:35 ninjax INFO    : [1.44906511e-46 1.44435812e-46 1.43973008e-46 ... 2.17771234e-47
 2.17774337e-47 2.17777440e-47]
15:35 ninjax INFO    : Signal injected in ifo V1. Frequencies, data, and PSD:
15:35 ninjax INFO    : [  20.         20.015625   20.03125  ... 2047.953125 2047.96875
 2047.984375]
15:35 ninjax INFO    : [ 5.14806640e-23-1.54676108e-23j  1.49033351e-23-6.43640276e-25j
  2.97878416e-24+9.20618048e-24j ...
 -2.31817454e-23+3.59478735e-23j  3.26475096e-23+3.47841758e-23j
  6.08900044e-24+2.39418614e-23j]
15:35 ninjax INFO    : [1.43183556e-46 1.42688205e-46 1.42194425e-46 ... 6.39772204e-47
 6.39781464e-47 6.39790724e-47]
15:35 ninjax INFO    : SNR for ifo H1 is 6.436113509254114
15:35 ninjax INFO    : SNR for ifo L1 is 12.580519578188243
15:35 ninjax INFO    : SNR for ifo V1 is 2.0343264122278018
15:35 ninjax INFO    : The network SNR is 14.276957445922035
15:35 ninjax INFO    : The network SNR does not pass the threshold, trying again
15:35 ninjax INFO    : Generating new injection
15:35 ninjax INFO    : Sanity check: generated parameters:
15:35 ninjax INFO    : {'mass_1_source': 1.7216538699869584, 'mass_2_source': 1.5167207989893643, 's1_z': 0.009833901773920697, 's2_z': 0.0248562958822095, 'cos_iota': 0.6507797431349229, 'd_L': 223.77355675196944, 't_c': 0.012909334484327184, 'phase_c': 3.6271909923839645, 'psi': 2.164854325154595, 'ra': 3.4380059545563784, 'sin_dec': -0.5595829768320826}
15:35 ninjax INFO    : Computing lambdas from EOS file /home/twouters2/projects/projection_BNS_A_plus/src/projection_BNS/data/MPA1.npz . . . 
15:35 ninjax INFO    : Injected lambda_1: 143.67178976740473
15:35 ninjax INFO    : Injected lambda_2: 319.54331994878174
15:35 ninjax INFO    : Duration is not specified in the config. Computed chirp time: for fmin = 20.0 and M_c = 1.477296245254483 is 128.0
15:35 ninjax INFO    : After transforms, the injection parameters are:
15:35 ninjax INFO    : {'mass_1_source': 1.7216538699869584, 'mass_2_source': 1.5167207989893643, 's1_z': 0.009833901773920697, 's2_z': 0.0248562958822095, 'cos_iota': 0.6507797431349229, 'd_L': 223.77355675196944, 't_c': 0.012909334484327184, 'phase_c': 3.6271909923839645, 'psi': 2.164854325154595, 'ra': 3.4380059545563784, 'sin_dec': -0.5595829768320826, 'q': 0.8809673218466691, 'M_c': 1.477296245254483, 'eta': 0.2489988251818787, 'iota': Array(0.86218537, dtype=float64, weak_type=True), 'dec': Array(-0.59388253, dtype=float64, weak_type=True), 'lambda_1': 143.67178976740473, 'lambda_2': 319.54331994878174}
15:35 ninjax INFO    : The trial injection parameters are {'M_c': 1.477296245254483, 'eta': 0.2489988251818787, 's1_z': 0.009833901773920697, 's2_z': 0.0248562958822095, 'lambda_1': 143.67178976740473, 'lambda_2': 319.54331994878174, 'd_L': 223.77355675196944, 'phase_c': 3.6271909923839645, 'iota': 0.8621853726040861, 't_c': 0.012909334484327184, 'psi': 2.164854325154595, 'ra': 3.4380059545563784, 'dec': -0.5938825338711667}
15:35 ninjax INFO    : Injecting signals . . .
15:35 ninjax INFO    : self.ifos
15:35 ninjax INFO    : [GroundBased2G(H1), GroundBased2G(L1), GroundBased2G(V1)]
15:35 ninjax INFO    : Signal injected in ifo H1. Frequencies, data, and PSD:
15:35 ninjax INFO    : [  20.          20.0078125   20.015625  ... 2047.9765625
 2047.984375  2047.9921875]
15:35 ninjax INFO    : [-7.45739832e-23-3.52859299e-23j -8.70524220e-23-4.15660170e-23j
 -4.04979738e-23+3.59188528e-23j ...
  5.39292669e-24+2.45619690e-24j  1.84030802e-23-8.43599742e-24j
  3.40750690e-24+7.17857042e-24j]
15:35 ninjax INFO    : [1.44906511e-46 1.44667215e-46 1.44435812e-46 ... 2.17775889e-47
 2.17777440e-47 2.17778992e-47]
15:35 ninjax INFO    : Signal injected in ifo L1. Frequencies, data, and PSD:
15:35 ninjax INFO    : [  20.          20.0078125   20.015625  ... 2047.9765625
 2047.984375  2047.9921875]
15:35 ninjax INFO    : [ 2.97213196e-23-7.80031432e-23j -3.78556112e-23+3.46862013e-23j
  1.66008652e-23+5.15300372e-23j ...
  1.86703140e-23-1.85005986e-23j  2.39223602e-24+2.92688158e-23j
 -6.76492364e-24-1.27938313e-23j]
15:35 ninjax INFO    : [1.44906511e-46 1.44667215e-46 1.44435812e-46 ... 2.17775889e-47
 2.17777440e-47 2.17778992e-47]
15:35 ninjax INFO    : Signal injected in ifo V1. Frequencies, data, and PSD:
15:35 ninjax INFO    : [  20.          20.0078125   20.015625  ... 2047.9765625
 2047.984375  2047.9921875]
15:35 ninjax INFO    : [-2.43127939e-23-4.70777337e-24j -2.56111726e-23+1.92869843e-23j
 -4.40909995e-23+3.15792651e-23j ...
  2.68093702e-23+9.93102391e-24j  5.52061006e-23-5.33111375e-24j
 -2.70040688e-23-1.64197497e-23j]
15:35 ninjax INFO    : [1.43183556e-46 1.42935095e-46 1.42688205e-46 ... 6.39786094e-47
 6.39790724e-47 6.39795354e-47]
15:35 ninjax INFO    : SNR for ifo H1 is 20.667532030701153
15:35 ninjax INFO    : SNR for ifo L1 is 16.80298539768455
15:35 ninjax INFO    : SNR for ifo V1 is 2.3098889601303125
15:35 ninjax INFO    : The network SNR is 26.73616998605055
15:35 ninjax INFO    : The network SNR does not pass the threshold, trying again
15:35 ninjax INFO    : Generating new injection
15:35 ninjax INFO    : Sanity check: generated parameters:
15:35 ninjax INFO    : {'mass_1_source': 1.6902183424348576, 'mass_2_source': 2.185673367675146, 's1_z': 0.018192220190859615, 's2_z': -0.010582909085700545, 'cos_iota': -0.49795932575563295, 'd_L': 429.8738007264695, 't_c': 0.011742971845682959, 'phase_c': 4.2945209031671645, 'psi': 0.12355969047968053, 'ra': 1.7438777254505653, 'sin_dec': 0.9020310473001385}
15:35 ninjax INFO    : Computing lambdas from EOS file /home/twouters2/projects/projection_BNS_A_plus/src/projection_BNS/data/MPA1.npz . . . 
15:35 ninjax INFO    : Injected lambda_1: 22.70310957211706
15:35 ninjax INFO    : Injected lambda_2: 162.17729341125977
15:35 ninjax INFO    : Duration is not specified in the config. Computed chirp time: for fmin = 20.0 and M_c = 1.8327434474401958 is 128.0
15:35 ninjax INFO    : After transforms, the injection parameters are:
15:35 ninjax INFO    : {'mass_1_source': 2.185673367675146, 'mass_2_source': 1.6902183424348576, 's1_z': 0.018192220190859615, 's2_z': -0.010582909085700545, 'cos_iota': -0.49795932575563295, 'd_L': 429.8738007264695, 't_c': 0.011742971845682959, 'phase_c': 4.2945209031671645, 'psi': 0.12355969047968053, 'ra': 1.7438777254505653, 'sin_dec': 0.9020310473001385, 'q': 0.7733169866239926, 'M_c': 1.8327434474401958, 'eta': 0.24591487627200392, 'iota': Array(2.09204033, dtype=float64, weak_type=True), 'dec': Array(1.12445171, dtype=float64, weak_type=True), 'lambda_1': 22.70310957211706, 'lambda_2': 162.17729341125977}
15:35 ninjax INFO    : The trial injection parameters are {'M_c': 1.8327434474401958, 'eta': 0.24591487627200392, 's1_z': 0.018192220190859615, 's2_z': -0.010582909085700545, 'lambda_1': 22.70310957211706, 'lambda_2': 162.17729341125977, 'd_L': 429.8738007264695, 'phase_c': 4.2945209031671645, 'iota': 2.092040333253292, 't_c': 0.011742971845682959, 'psi': 0.12355969047968053, 'ra': 1.7438777254505653, 'dec': 1.1244517067157884}
15:35 ninjax INFO    : Injecting signals . . .
15:35 ninjax INFO    : self.ifos
15:35 ninjax INFO    : [GroundBased2G(H1), GroundBased2G(L1), GroundBased2G(V1)]
15:35 ninjax INFO    : Signal injected in ifo H1. Frequencies, data, and PSD:
15:35 ninjax INFO    : [  20.          20.0078125   20.015625  ... 2047.9765625
 2047.984375  2047.9921875]
15:35 ninjax INFO    : [-6.16906528e-23-3.92613974e-23j -8.35758316e-23-5.31511554e-23j
 -4.08221455e-23+3.04960436e-23j ...
  5.39276234e-24+2.45611913e-24j  1.84029243e-23-8.43609062e-24j
  3.40736080e-24+7.17846270e-24j]
15:35 ninjax INFO    : [1.44906511e-46 1.44667215e-46 1.44435812e-46 ... 2.17775889e-47
 2.17777440e-47 2.17778992e-47]
15:35 ninjax INFO    : Signal injected in ifo L1. Frequencies, data, and PSD:
15:35 ninjax INFO    : [  20.          20.0078125   20.015625  ... 2047.9765625
 2047.984375  2047.9921875]
15:35 ninjax INFO    : [ 1.78222391e-23-7.84154851e-23j -4.21584154e-23+3.98999352e-23j
  1.15690981e-23+5.25939865e-23j ...
  1.86703625e-23-1.85004590e-23j  2.39227072e-24+2.92689593e-23j
 -6.76490301e-24-1.27936851e-23j]
15:35 ninjax INFO    : [1.44906511e-46 1.44667215e-46 1.44435812e-46 ... 2.17775889e-47
 2.17777440e-47 2.17778992e-47]
15:35 ninjax INFO    : Signal injected in ifo V1. Frequencies, data, and PSD:
15:35 ninjax INFO    : [  20.          20.0078125   20.015625  ... 2047.9765625
 2047.984375  2047.9921875]
15:35 ninjax INFO    : [-2.66076494e-23-8.17819480e-24j -2.90089259e-23+2.23062303e-23j
 -4.17209007e-23+3.26829658e-23j ...
  2.68093527e-23+9.93100495e-24j  5.52060851e-23-5.33113432e-24j
 -2.70040822e-23-1.64197717e-23j]
15:35 ninjax INFO    : [1.43183556e-46 1.42935095e-46 1.42688205e-46 ... 6.39786094e-47
 6.39790724e-47 6.39795354e-47]
15:35 ninjax INFO    : SNR for ifo H1 is 9.534096281427953
15:35 ninjax INFO    : SNR for ifo L1 is 9.287366047445017
15:35 ninjax INFO    : SNR for ifo V1 is 5.7229037960744185
15:35 ninjax INFO    : The network SNR is 14.488125753937112
15:35 ninjax INFO    : The network SNR does not pass the threshold, trying again
15:35 ninjax INFO    : Generating new injection
15:35 ninjax INFO    : Sanity check: generated parameters:
15:35 ninjax INFO    : {'mass_1_source': 2.119635842642713, 'mass_2_source': 1.5553105819375865, 's1_z': 0.026697392951680055, 's2_z': -0.0419060116609566, 'cos_iota': 0.6464604377257244, 'd_L': 411.82009678366495, 't_c': 0.006256665550822757, 'phase_c': 4.204448448028873, 'psi': 1.0205988127602466, 'ra': 6.259005540815785, 'sin_dec': 0.5815370909943738}
15:35 ninjax INFO    : Computing lambdas from EOS file /home/twouters2/projects/projection_BNS_A_plus/src/projection_BNS/data/MPA1.npz . . . 
15:35 ninjax INFO    : Injected lambda_1: 30.120956978131467
15:35 ninjax INFO    : Injected lambda_2: 274.25082657092685
15:35 ninjax INFO    : Duration is not specified in the config. Computed chirp time: for fmin = 20.0 and M_c = 1.7236067541424303 is 128.0
15:35 ninjax INFO    : After transforms, the injection parameters are:
15:35 ninjax INFO    : {'mass_1_source': 2.119635842642713, 'mass_2_source': 1.5553105819375865, 's1_z': 0.026697392951680055, 's2_z': -0.0419060116609566, 'cos_iota': 0.6464604377257244, 'd_L': 411.82009678366495, 't_c': 0.006256665550822757, 'phase_c': 4.204448448028873, 'psi': 1.0205988127602466, 'ra': 6.259005540815785, 'sin_dec': 0.5815370909943738, 'q': 0.7337631071563977, 'M_c': 1.7236067541424303, 'eta': 0.2441048214095934, 'iota': Array(0.86786039, dtype=float64, weak_type=True), 'dec': Array(0.62061685, dtype=float64, weak_type=True), 'lambda_1': 30.120956978131467, 'lambda_2': 274.25082657092685}
15:35 ninjax INFO    : The trial injection parameters are {'M_c': 1.7236067541424303, 'eta': 0.2441048214095934, 's1_z': 0.026697392951680055, 's2_z': -0.0419060116609566, 'lambda_1': 30.120956978131467, 'lambda_2': 274.25082657092685, 'd_L': 411.82009678366495, 'phase_c': 4.204448448028873, 'iota': 0.8678603875336696, 't_c': 0.006256665550822757, 'psi': 1.0205988127602466, 'ra': 6.259005540815785, 'dec': 0.6206168501302856}
15:35 ninjax INFO    : Injecting signals . . .
15:35 ninjax INFO    : self.ifos
15:35 ninjax INFO    : [GroundBased2G(H1), GroundBased2G(L1), GroundBased2G(V1)]
15:35 ninjax INFO    : Signal injected in ifo H1. Frequencies, data, and PSD:
15:35 ninjax INFO    : [  20.          20.0078125   20.015625  ... 2047.9765625
 2047.984375  2047.9921875]
15:35 ninjax INFO    : [-6.60957613e-23-4.48463080e-23j -8.64610814e-23-4.83584463e-23j
 -3.70693990e-23+3.12840339e-23j ...
  5.39276234e-24+2.45611913e-24j  1.84029243e-23-8.43609062e-24j
  3.40736080e-24+7.17846270e-24j]
15:35 ninjax INFO    : [1.44906511e-46 1.44667215e-46 1.44435812e-46 ... 2.17775889e-47
 2.17777440e-47 2.17778992e-47]
15:35 ninjax INFO    : Signal injected in ifo L1. Frequencies, data, and PSD:
15:35 ninjax INFO    : [  20.          20.0078125   20.015625  ... 2047.9765625
 2047.984375  2047.9921875]
15:35 ninjax INFO    : [ 2.48476480e-23-7.72708492e-23j -4.38264654e-23+3.38221896e-23j
  7.63058626e-24+5.60024808e-23j ...
  1.86703625e-23-1.85004590e-23j  2.39227072e-24+2.92689593e-23j
 -6.76490301e-24-1.27936851e-23j]
15:35 ninjax INFO    : [1.44906511e-46 1.44667215e-46 1.44435812e-46 ... 2.17775889e-47
 2.17777440e-47 2.17778992e-47]
15:35 ninjax INFO    : Signal injected in ifo V1. Frequencies, data, and PSD:
15:35 ninjax INFO    : [  20.          20.0078125   20.015625  ... 2047.9765625
 2047.984375  2047.9921875]
15:35 ninjax INFO    : [-2.37901901e-23-4.80774526e-24j -2.71174993e-23+1.78137316e-23j
 -4.68657581e-23+3.30443103e-23j ...
  2.68093527e-23+9.93100495e-24j  5.52060851e-23-5.33113432e-24j
 -2.70040822e-23-1.64197717e-23j]
15:35 ninjax INFO    : [1.43183556e-46 1.42935095e-46 1.42688205e-46 ... 6.39786094e-47
 6.39790724e-47 6.39795354e-47]
15:35 ninjax INFO    : SNR for ifo H1 is 11.047241456192225
15:35 ninjax INFO    : SNR for ifo L1 is 7.405371593694802
15:35 ninjax INFO    : SNR for ifo V1 is 3.162429303938268
15:35 ninjax INFO    : The network SNR is 13.67048028909451
15:35 ninjax INFO    : The network SNR does not pass the threshold, trying again
15:35 ninjax INFO    : Generating new injection
15:35 ninjax INFO    : Sanity check: generated parameters:
15:35 ninjax INFO    : {'mass_1_source': 1.8468559745141033, 'mass_2_source': 2.0621874723098363, 's1_z': -0.03623166350964344, 's2_z': 0.016795176010356544, 'cos_iota': 0.8145207165895259, 'd_L': 211.31911430211395, 't_c': 0.09744411414643481, 'phase_c': 1.0532915280082427, 'psi': 1.124554671647546, 'ra': 5.727682303599742, 'sin_dec': 0.713541069430796}
15:35 ninjax INFO    : Computing lambdas from EOS file /home/twouters2/projects/projection_BNS_A_plus/src/projection_BNS/data/MPA1.npz . . . 
15:35 ninjax INFO    : Injected lambda_1: 38.1521707887535
15:35 ninjax INFO    : Injected lambda_2: 88.82078921405132
15:35 ninjax INFO    : Duration is not specified in the config. Computed chirp time: for fmin = 20.0 and M_c = 1.7795074611054833 is 128.0
15:35 ninjax INFO    : After transforms, the injection parameters are:
15:35 ninjax INFO    : {'mass_1_source': 2.0621874723098363, 'mass_2_source': 1.8468559745141033, 's1_z': -0.03623166350964344, 's2_z': 0.016795176010356544, 'cos_iota': 0.8145207165895259, 'd_L': 211.31911430211395, 't_c': 0.09744411414643481, 'phase_c': 1.0532915280082427, 'psi': 1.124554671647546, 'ra': 5.727682303599742, 'sin_dec': 0.713541069430796, 'q': 0.8955810270952028, 'M_c': 1.7795074611054833, 'eta': 0.24924139773267612, 'iota': Array(0.61889377, dtype=float64, weak_type=True), 'dec': Array(0.79453953, dtype=float64, weak_type=True), 'lambda_1': 38.1521707887535, 'lambda_2': 88.82078921405132}
15:35 ninjax INFO    : The trial injection parameters are {'M_c': 1.7795074611054833, 'eta': 0.24924139773267612, 's1_z': -0.03623166350964344, 's2_z': 0.016795176010356544, 'lambda_1': 38.1521707887535, 'lambda_2': 88.82078921405132, 'd_L': 211.31911430211395, 'phase_c': 1.0532915280082427, 'iota': 0.6188937708236621, 't_c': 0.09744411414643481, 'psi': 1.124554671647546, 'ra': 5.727682303599742, 'dec': 0.794539530416445}
15:35 ninjax INFO    : Injecting signals . . .
15:35 ninjax INFO    : self.ifos
15:35 ninjax INFO    : [GroundBased2G(H1), GroundBased2G(L1), GroundBased2G(V1)]
15:35 ninjax INFO    : Signal injected in ifo H1. Frequencies, data, and PSD:
15:35 ninjax INFO    : [  20.          20.0078125   20.015625  ... 2047.9765625
 2047.984375  2047.9921875]
15:35 ninjax INFO    : [-5.60260653e-23-3.71109766e-23j -8.31016069e-23-5.95455411e-23j
 -4.75919538e-23+3.22223795e-23j ...
  5.41124447e-24+2.48359932e-24j  1.84187403e-23-8.40699469e-24j
  3.42037075e-24+7.20891649e-24j]
15:35 ninjax INFO    : [1.44906511e-46 1.44667215e-46 1.44435812e-46 ... 2.17775889e-47
 2.17777440e-47 2.17778992e-47]
15:35 ninjax INFO    : Signal injected in ifo L1. Frequencies, data, and PSD:
15:35 ninjax INFO    : [  20.          20.0078125   20.015625  ... 2047.9765625
 2047.984375  2047.9921875]
15:35 ninjax INFO    : [ 1.73129138e-23-7.63190549e-23j -4.06722350e-23+4.00709701e-23j
  1.19360025e-23+5.13679687e-23j ...
  1.86878897e-23-1.85034841e-23j  2.41000397e-24+2.92675882e-23j
 -6.74711951e-24-1.27933903e-23j]
15:35 ninjax INFO    : [1.44906511e-46 1.44667215e-46 1.44435812e-46 ... 2.17775889e-47
 2.17777440e-47 2.17778992e-47]
15:35 ninjax INFO    : Signal injected in ifo V1. Frequencies, data, and PSD:
15:35 ninjax INFO    : [  20.          20.0078125   20.015625  ... 2047.9765625
 2047.984375  2047.9921875]
15:35 ninjax INFO    : [-2.90473510e-23+1.45977421e-24j -1.96849854e-23+2.01827663e-23j
 -4.75648740e-23+2.56921367e-23j ...
  2.68307705e-23+9.93958805e-24j  5.52266082e-23-5.32059007e-24j
 -2.69846330e-23-1.64073584e-23j]
15:35 ninjax INFO    : [1.43183556e-46 1.42935095e-46 1.42688205e-46 ... 6.39786094e-47
 6.39790724e-47 6.39795354e-47]
15:35 ninjax INFO    : SNR for ifo H1 is 22.39739589221366
15:35 ninjax INFO    : SNR for ifo L1 is 12.02906730534816
15:35 ninjax INFO    : SNR for ifo V1 is 12.306075386827132
15:35 ninjax INFO    : The network SNR is 28.245022471497837
15:35 ninjax INFO    : The network SNR does not pass the threshold, trying again
15:35 ninjax INFO    : Generating new injection
15:35 ninjax INFO    : Sanity check: generated parameters:
15:35 ninjax INFO    : {'mass_1_source': 1.5853064335680591, 'mass_2_source': 1.9468354206714964, 's1_z': -0.0178737283286071, 's2_z': 0.009178048313133513, 'cos_iota': 0.7903117784237246, 'd_L': 433.859388137564, 't_c': 0.013926154232608429, 'phase_c': 5.7571655540591244, 'psi': 0.44063834130636276, 'ra': 3.110406133918325, 'sin_dec': 0.20668660770497116}
15:35 ninjax INFO    : Computing lambdas from EOS file /home/twouters2/projects/projection_BNS_A_plus/src/projection_BNS/data/MPA1.npz . . . 
15:35 ninjax INFO    : Injected lambda_1: 60.313008205925435
15:35 ninjax INFO    : Injected lambda_2: 243.75172378979414
15:35 ninjax INFO    : Duration is not specified in the config. Computed chirp time: for fmin = 20.0 and M_c = 1.6775417928676986 is 128.0
15:35 ninjax INFO    : After transforms, the injection parameters are:
15:35 ninjax INFO    : {'mass_1_source': 1.9468354206714964, 'mass_2_source': 1.5853064335680591, 's1_z': -0.0178737283286071, 's2_z': 0.009178048313133513, 'cos_iota': 0.7903117784237246, 'd_L': 433.859388137564, 't_c': 0.013926154232608429, 'phase_c': 5.7571655540591244, 'psi': 0.44063834130636276, 'ra': 3.110406133918325, 'sin_dec': 0.20668660770497116, 'q': 0.8142991527353967, 'M_c': 1.6775417928676986, 'eta': 0.2473809126461032, 'iota': Array(0.65947864, dtype=float64, weak_type=True), 'dec': Array(0.20818722, dtype=float64, weak_type=True), 'lambda_1': 60.313008205925435, 'lambda_2': 243.75172378979414}
15:35 ninjax INFO    : The trial injection parameters are {'M_c': 1.6775417928676986, 'eta': 0.2473809126461032, 's1_z': -0.0178737283286071, 's2_z': 0.009178048313133513, 'lambda_1': 60.313008205925435, 'lambda_2': 243.75172378979414, 'd_L': 433.859388137564, 'phase_c': 5.7571655540591244, 'iota': 0.6594786404810534, 't_c': 0.013926154232608429, 'psi': 0.44063834130636276, 'ra': 3.110406133918325, 'dec': 0.20818722438141266}
15:35 ninjax INFO    : Injecting signals . . .
15:35 ninjax INFO    : self.ifos
15:35 ninjax INFO    : [GroundBased2G(H1), GroundBased2G(L1), GroundBased2G(V1)]
15:35 ninjax INFO    : Signal injected in ifo H1. Frequencies, data, and PSD:
15:35 ninjax INFO    : [  20.          20.0078125   20.015625  ... 2047.9765625
 2047.984375  2047.9921875]
15:35 ninjax INFO    : [-6.63342014e-23-4.32909132e-23j -8.49943255e-23-4.91224462e-23j
 -3.88092663e-23+3.00790438e-23j ...
  5.39276234e-24+2.45611913e-24j  1.84029243e-23-8.43609062e-24j
  3.40736080e-24+7.17846270e-24j]
15:35 ninjax INFO    : [1.44906511e-46 1.44667215e-46 1.44435812e-46 ... 2.17775889e-47
 2.17777440e-47 2.17778992e-47]
15:35 ninjax INFO    : Signal injected in ifo L1. Frequencies, data, and PSD:
15:35 ninjax INFO    : [  20.          20.0078125   20.015625  ... 2047.9765625
 2047.984375  2047.9921875]
15:35 ninjax INFO    : [ 1.90130645e-23-7.75462651e-23j -4.36252212e-23+4.00068454e-23j
  1.40568121e-23+5.52468442e-23j ...
  1.86703625e-23-1.85004590e-23j  2.39227072e-24+2.92689593e-23j
 -6.76490301e-24-1.27936851e-23j]
15:35 ninjax INFO    : [1.44906511e-46 1.44667215e-46 1.44435812e-46 ... 2.17775889e-47
 2.17777440e-47 2.17778992e-47]
15:35 ninjax INFO    : Signal injected in ifo V1. Frequencies, data, and PSD:
15:35 ninjax INFO    : [  20.          20.0078125   20.015625  ... 2047.9765625
 2047.984375  2047.9921875]
15:35 ninjax INFO    : [-3.05119495e-23-2.04499090e-24j -2.41221156e-23+2.45880797e-23j
 -4.01185597e-23+2.97925179e-23j ...
  2.68093527e-23+9.93100495e-24j  5.52060851e-23-5.33113432e-24j
 -2.70040822e-23-1.64197717e-23j]
15:35 ninjax INFO    : [1.43183556e-46 1.42935095e-46 1.42688205e-46 ... 6.39786094e-47
 6.39790724e-47 6.39795354e-47]
15:35 ninjax INFO    : SNR for ifo H1 is 7.722589508015501
15:35 ninjax INFO    : SNR for ifo L1 is 7.539339934198052
15:35 ninjax INFO    : SNR for ifo V1 is 9.61915327343898
15:35 ninjax INFO    : The network SNR is 14.457113994522436
15:35 ninjax INFO    : The network SNR does not pass the threshold, trying again
15:35 ninjax INFO    : Generating new injection
15:35 ninjax INFO    : Sanity check: generated parameters:
15:35 ninjax INFO    : {'mass_1_source': 1.3411712713167159, 'mass_2_source': 1.6909788744068788, 's1_z': 0.046320526622445, 's2_z': -0.02559155524399406, 'cos_iota': 0.8688785410852344, 'd_L': 167.1466448302287, 't_c': 0.05329191656580129, 'phase_c': 3.2490757981053013, 'psi': 1.8153058282842223, 'ra': 4.771443847121577, 'sin_dec': -0.7308701372781581}
15:35 ninjax INFO    : Computing lambdas from EOS file /home/twouters2/projects/projection_BNS_A_plus/src/projection_BNS/data/MPA1.npz . . . 
15:35 ninjax INFO    : Injected lambda_1: 161.70275847059807
15:35 ninjax INFO    : Injected lambda_2: 655.0654757767236
15:35 ninjax INFO    : Duration is not specified in the config. Computed chirp time: for fmin = 20.0 and M_c = 1.3586998327675406 is 256.0
15:35 ninjax INFO    : After transforms, the injection parameters are:
15:35 ninjax INFO    : {'mass_1_source': 1.6909788744068788, 'mass_2_source': 1.3411712713167159, 's1_z': 0.046320526622445, 's2_z': -0.02559155524399406, 'cos_iota': 0.8688785410852344, 'd_L': 167.1466448302287, 't_c': 0.05329191656580129, 'phase_c': 3.2490757981053013, 'psi': 1.8153058282842223, 'ra': 4.771443847121577, 'sin_dec': -0.7308701372781581, 'q': 0.7931330731657662, 'M_c': 1.3586998327675406, 'eta': 0.24667266067924967, 'iota': Array(0.51786399, dtype=float64, weak_type=True), 'dec': Array(-0.81959598, dtype=float64, weak_type=True), 'lambda_1': 161.70275847059807, 'lambda_2': 655.0654757767236}
15:35 ninjax INFO    : The trial injection parameters are {'M_c': 1.3586998327675406, 'eta': 0.24667266067924967, 's1_z': 0.046320526622445, 's2_z': -0.02559155524399406, 'lambda_1': 161.70275847059807, 'lambda_2': 655.0654757767236, 'd_L': 167.1466448302287, 'phase_c': 3.2490757981053013, 'iota': 0.5178639879799642, 't_c': 0.05329191656580129, 'psi': 1.8153058282842223, 'ra': 4.771443847121577, 'dec': -0.8195959774054662}
15:35 ninjax INFO    : Injecting signals . . .
15:35 ninjax INFO    : self.ifos
15:35 ninjax INFO    : [GroundBased2G(H1), GroundBased2G(L1), GroundBased2G(V1)]
15:35 ninjax INFO    : Signal injected in ifo H1. Frequencies, data, and PSD:
15:35 ninjax INFO    : [  20.           20.00390625   20.0078125  ... 2047.98828125
 2047.9921875  2047.99609375]
15:35 ninjax INFO    : [-2.80813217e-23-2.15044495e-23j  6.95918285e-23-2.25610802e-23j
  9.13144449e-24+1.60588575e-22j ...
  2.25422483e-23-6.55111347e-24j  1.46120288e-23+4.92797357e-23j
  5.10662865e-23-3.46449217e-24j]
15:35 ninjax INFO    : [1.44906511e-46 1.44785671e-46 1.44667215e-46 ... 2.17778216e-47
 2.17778992e-47 2.17779767e-47]
15:35 ninjax INFO    : Signal injected in ifo L1. Frequencies, data, and PSD:
15:35 ninjax INFO    : [  20.           20.00390625   20.0078125  ... 2047.98828125
 2047.9921875  2047.99609375]
15:35 ninjax INFO    : [-6.00535492e-23-1.03661178e-23j  4.47749387e-23-2.97895045e-23j
 -1.49110821e-22+2.84777992e-23j ...
 -2.53741207e-23-4.32953499e-23j -2.41682042e-23-3.21319862e-23j
  7.93567389e-23-3.19354114e-24j]
15:35 ninjax INFO    : [1.44906511e-46 1.44785671e-46 1.44667215e-46 ... 2.17778216e-47
 2.17778992e-47 2.17779767e-47]
15:35 ninjax INFO    : Signal injected in ifo V1. Frequencies, data, and PSD:
15:35 ninjax INFO    : [  20.           20.00390625   20.0078125  ... 2047.98828125
 2047.9921875  2047.99609375]
15:35 ninjax INFO    : [-7.24707372e-23-4.82728879e-23j  7.21127219e-23+3.81589448e-23j
 -4.31959601e-23-6.53024799e-23j ...
 -2.60527474e-23+4.89183385e-23j  3.97766966e-23+4.60130803e-23j
 -4.17488685e-23+1.29686330e-22j]
15:35 ninjax INFO    : [1.43183556e-46 1.43058540e-46 1.42935095e-46 ... 6.39793039e-47
 6.39795354e-47 6.39797668e-47]
15:35 ninjax INFO    : SNR for ifo H1 is 27.69390029649893
15:35 ninjax INFO    : SNR for ifo L1 is 30.73066391375728
15:35 ninjax INFO    : SNR for ifo V1 is 18.87970719448757
15:35 ninjax INFO    : The network SNR is 45.472729871454966
15:35 ninjax INFO    : Network SNR passes threshold
15:35 ninjax INFO    : Sanity checking the GW injection for ArrayImpl
15:35 ninjax INFO    :    mass_1_source: 1.6909788744068788
15:35 ninjax INFO    :    mass_2_source: 1.3411712713167159
15:35 ninjax INFO    :    s1_z: 0.046320526622445
15:35 ninjax INFO    :    s2_z: -0.02559155524399406
15:35 ninjax INFO    :    cos_iota: 0.8688785410852344
15:35 ninjax INFO    :    d_L: 167.1466448302287
15:35 ninjax INFO    :    t_c: 0.05329191656580129
15:35 ninjax INFO    :    phase_c: 3.2490757981053013
15:35 ninjax INFO    :    psi: 1.8153058282842223
15:35 ninjax INFO    :    ra: 4.771443847121577
15:35 ninjax INFO    :    sin_dec: -0.7308701372781581
15:35 ninjax INFO    :    q: 0.7931330731657662
15:35 ninjax INFO    :    M_c: 1.3586998327675406
15:35 ninjax INFO    :    eta: 0.24667266067924967
15:35 ninjax INFO    :    iota: 0.5178639879799642
15:35 ninjax INFO    :    dec: -0.8195959774054662
15:35 ninjax INFO    :    lambda_1: 161.70275847059807
15:35 ninjax INFO    :    lambda_2: 655.0654757767236
15:35 ninjax INFO    :    H1_SNR: 27.69390029649893
15:35 ninjax INFO    :    L1_SNR: 30.73066391375728
15:35 ninjax INFO    :    V1_SNR: 18.87970719448757
15:35 ninjax INFO    :    network_SNR: 45.472729871454966
15:35 ninjax INFO    :    epoch: 254.0
15:35 ninjax INFO    :    gmst: 2.7288901910520846
15:35 ninjax INFO    :    duration: 256.0
15:35 ninjax INFO    : Using GW HeterodynedTransientLikelihoodFD. Initializing likelihood
15:35 ninjax INFO    : Using the injection parameters as reference parameters for the relative binning
15:35 ninjax INFO    : Using the following kwargs for the GW likelihood: {}
