Fri Apr  4 09:26:18 CEST 2025
NVIDIA H100
Checking the convergence for ./outdir_jester_soft/
Key: E_sym
    rhat = 2.522878604368426
    ess = 1240.1507442179952
Key: L_sym
    rhat = 2.6540943086730406
    ess = 1227.781426046163
Key: K_sym
    rhat = 2.625802872429362
    ess = 1201.5948351835984
Key: K_sat
    rhat = 2.5731489450376874
    ess = 1222.9690772511638
Key: nbreak
    rhat = 2.567756693065672
    ess = 1222.7420967740986
Key: n_CSE_0_u
    rhat = 2.5385762048827583
    ess = 1216.8580071825925
Key: cs2_CSE_0
    rhat = 2.6085045472274917
    ess = 1224.0194598252406
Key: n_CSE_1_u
    rhat = 2.4787327413892677
    ess = 1233.3675756137595
Key: cs2_CSE_1
    rhat = 2.557062749679046
    ess = 1213.2854397409226
Key: n_CSE_2_u
    rhat = 2.569316651502469
    ess = 1234.2965136325083
Key: cs2_CSE_2
    rhat = 2.5946092314482048
    ess = 1211.5528286076612
Key: n_CSE_3_u
    rhat = 2.5430534488928846
    ess = 1215.9865160950321
Key: cs2_CSE_3
    rhat = 2.5610512574508824
    ess = 1230.2416627425587
Key: n_CSE_4_u
    rhat = 2.5281871240613403
    ess = 1222.2697563732017
Key: cs2_CSE_4
    rhat = 2.5587983482220826
    ess = 1219.6955427675186
Key: n_CSE_5_u
    rhat = 2.4763124244256525
    ess = 1229.0229668668048
Key: cs2_CSE_5
    rhat = 2.4746615001502206
    ess = 1228.7942390961848
Key: n_CSE_6_u
    rhat = 2.540288122068923
    ess = 1228.011458581955
Key: cs2_CSE_6
    rhat = 2.469672357599305
    ess = 1230.7487360161788
Key: n_CSE_7_u
    rhat = 2.3908042569637113
    ess = 1247.5043018078786
Key: cs2_CSE_7
    rhat = 2.429248497641129
    ess = 1238.9103461095128
Key: cs2_CSE_8
    rhat = 2.492063463815587
    ess = 1224.4456492867957
Key: key
    rhat = 2.54195897905435
    ess = 1227.6366409302311
Plotting the cornerplot for ./outdir_jester_soft/
Making the cornerplot, these are the chains: ['E_sym', 'L_sym', 'K_sym', 'K_sat', 'nbreak', 'n_CSE_0_u', 'cs2_CSE_0', 'n_CSE_1_u', 'cs2_CSE_1', 'n_CSE_2_u', 'cs2_CSE_2', 'n_CSE_3_u', 'cs2_CSE_3', 'n_CSE_4_u', 'cs2_CSE_4', 'n_CSE_5_u', 'cs2_CSE_5', 'n_CSE_6_u', 'cs2_CSE_6', 'n_CSE_7_u', 'cs2_CSE_7', 'cs2_CSE_8']
(22, 10000)
Making plots for ./outdir_jester_soft/
This is a run for a jester target EOS
Number of samples: 10000




Showing the max log prob EOS values:
E_sym: 39.74895899930039
L_sym: 27.342303414045528
K_sym: -248.04188443206138
K_sat: 177.13895851705595
nbreak: 0.3045438883818912
n_CSE_0_u: 0.7146365219937808
cs2_CSE_0: 0.8975234919200151
n_CSE_1_u: 0.43639948736795703
cs2_CSE_1: 0.9477805247102116
n_CSE_2_u: 0.21843325040073291
cs2_CSE_2: 0.9729013660826307
n_CSE_3_u: 0.8875846510858438
cs2_CSE_3: 0.0872807920381834
n_CSE_4_u: 0.21405999620554034
cs2_CSE_4: 0.6722227031790962
n_CSE_5_u: 0.7511487756054475
cs2_CSE_5: 0.7090292104637452
n_CSE_6_u: 0.6198257489382839
cs2_CSE_6: 0.14953315337486722
n_CSE_7_u: 0.45463834623793553
cs2_CSE_7: 0.1812584685758421
cs2_CSE_8: 0.3698972801146767




Creating NS plot . . .
Bad counter: 152
Creating NS plot . . . DONE
Making the master plot
np.shape(interp_array)
(100, 10000)
np.shape(interp_array)
(100, 10000)
DONE

JOB STATISTICS
==============
Job ID: 10971825
Cluster: snellius
User/Group: twouters2/twouters2
State: COMPLETED (exit code 0)
Nodes: 1
Cores per node: 16
CPU Utilized: 00:00:37
CPU Efficiency: 5.51% of 00:11:12 core-walltime
Job Wall-clock time: 00:00:42
Memory Utilized: 666.92 MB
Memory Efficiency: 21.71% of 3.00 GB (3.00 GB/node)
