Tue Apr  1 15:34:31 CEST 2025
NVIDIA H100
/gpfs/home6/twouters2/ninjax_dev/jim/src/jimgw/prior.py:94: UserWarning: As of jaxtyping version 0.2.24, jaxtyping now prefers the syntax
```
from jaxtyping import jaxtyped
# Use your favourite typechecker: usually one of the two lines below.
from typeguard import typechecked as typechecker
from beartype import beartype as typechecker

@jaxtyped(typechecker=typechecker)
def foo(...):
```
and the old double-decorator syntax
```
@jaxtyped
@typechecker
def foo(...):
```
should no longer be used. (It will continue to work as it did before, but the new approach will produce more readable error messages.)
In particular note that `typechecker` must be passed via keyword argument; the following is not valid:
```
@jaxtyped(typechecker)
def foo(...):
```

  class Uniform(Prior):
/gpfs/home6/twouters2/ninjax_dev/jim/src/jimgw/prior.py:149: UserWarning: As of jaxtyping version 0.2.24, jaxtyping now prefers the syntax
```
from jaxtyping import jaxtyped
# Use your favourite typechecker: usually one of the two lines below.
from typeguard import typechecked as typechecker
from beartype import beartype as typechecker

@jaxtyped(typechecker=typechecker)
def foo(...):
```
and the old double-decorator syntax
```
@jaxtyped
@typechecker
def foo(...):
```
should no longer be used. (It will continue to work as it did before, but the new approach will produce more readable error messages.)
In particular note that `typechecker` must be passed via keyword argument; the following is not valid:
```
@jaxtyped(typechecker)
def foo(...):
```

  class Unconstrained_Uniform(Prior):
/gpfs/home6/twouters2/ninjax_dev/jim/src/jimgw/prior.py:263: UserWarning: As of jaxtyping version 0.2.24, jaxtyping now prefers the syntax
```
from jaxtyping import jaxtyped
# Use your favourite typechecker: usually one of the two lines below.
from typeguard import typechecked as typechecker
from beartype import beartype as typechecker

@jaxtyped(typechecker=typechecker)
def foo(...):
```
and the old double-decorator syntax
```
@jaxtyped
@typechecker
def foo(...):
```
should no longer be used. (It will continue to work as it did before, but the new approach will produce more readable error messages.)
In particular note that `typechecker` must be passed via keyword argument; the following is not valid:
```
@jaxtyped(typechecker)
def foo(...):
```

  class AlignedSpin(Prior):
/gpfs/home6/twouters2/ninjax_dev/jim/src/jimgw/prior.py:377: UserWarning: As of jaxtyping version 0.2.24, jaxtyping now prefers the syntax
```
from jaxtyping import jaxtyped
# Use your favourite typechecker: usually one of the two lines below.
from typeguard import typechecked as typechecker
from beartype import beartype as typechecker

@jaxtyped(typechecker=typechecker)
def foo(...):
```
and the old double-decorator syntax
```
@jaxtyped
@typechecker
def foo(...):
```
should no longer be used. (It will continue to work as it did before, but the new approach will produce more readable error messages.)
In particular note that `typechecker` must be passed via keyword argument; the following is not valid:
```
@jaxtyped(typechecker)
def foo(...):
```

  class PowerLaw(Prior):
/gpfs/home6/twouters2/ninjax_dev/jim/src/jimgw/single_event/detector.py:496: UserWarning: As of jaxtyping version 0.2.24, jaxtyping now prefers the syntax
```
from jaxtyping import jaxtyped
# Use your favourite typechecker: usually one of the two lines below.
from typeguard import typechecked as typechecker
from beartype import beartype as typechecker

@jaxtyped(typechecker=typechecker)
def foo(...):
```
and the old double-decorator syntax
```
@jaxtyped
@typechecker
def foo(...):
```
should no longer be used. (It will continue to work as it did before, but the new approach will produce more readable error messages.)
In particular note that `typechecker` must be passed via keyword argument; the following is not valid:
```
@jaxtyped(typechecker)
def foo(...):
```

  def load_psd(
15:34 ninjax INFO    : Checking and setting outdir
15:34 ninjax INFO    : Found generation prior file ./Aplus/injection_4/generation_prior.prior
15:34 ninjax INFO    : The outdir is set to ./Aplus/injection_4
15:34 ninjax INFO    : Loading the given config
15:34 ninjax WARNING : Unrecognized keys given: {'generation_seed', 'n_max_examples'}. These will be ignored
15:34 ninjax INFO    : Arguments loaded into the config: {'likelihood': 'HeterodynedTransientLikelihoodFD', 'gw_injection': 'True', 'gw_load_existing_injection': 'False', 'gw_dump_injection_data': 'False', 'gw_SNR_threshold_low': '30.0', 'gw_SNR_threshold_high': '100', 'waveform_approximant': 'IMRPhenomD_NRTidalv2', 'waveform_approximant_1': 'None', 'waveform_approximant_2': 'None', 'gw_overlapping_tight_priors': 'False', 'ifos': 'H1,L1,V1', 'eos_file': '/home/twouters2/projects/projection_BNS_A_plus/src/projection_BNS/data/MPA1.npz', 'fmin': '20.0', 'fref': '20.0', 'fmax': '2048.0', 'duration': 'None', 'post_trigger_duration': '2.0', 'trigger_time': '1187008882.4', 'psd_file_H1': '/home/twouters2/projects/projection_BNS_A_plus/src/projection_BNS/data/AplusDesign_PSD.txt', 'psd_file_L1': '/home/twouters2/projects/projection_BNS_A_plus/src/projection_BNS/data/AplusDesign_PSD.txt', 'psd_file_V1': '/home/twouters2/projects/projection_BNS_A_plus/src/projection_BNS/data/avirgo_O5high_NEW_PSD.txt', 'psd_file_ET1': '/home/twouters2/psds/ET_D_psd.txt', 'psd_file_ET2': '/home/twouters2/psds/ET_D_psd.txt', 'psd_file_ET3': '/home/twouters2/psds/ET_D_psd.txt', 'psd_file_CE': '/home/twouters2/psds/CE_psd.txt', 'data_file_H1': 'None', 'data_file_L1': 'None', 'data_file_V1': 'None', 'data_file_ET1': 'None', 'data_file_ET2': 'None', 'data_file_ET3': 'None', 'relative_binning_binsize': '1000', 'relative_binning_ref_params_equal_true_params': 'True', 'relative_binning_ref_params': 'None', 'transforms': 'q_to_eta,cos_iota_to_iota,sin_dec_to_dec', 'gw_kwargs': 'None', 'filters': 'None', 'tmin': '0.05', 'tmax': '15.0', 'em_injection': 'False', 'em_trigger_time': '0.0', 'em_data_path': 'None', 'KN_model_name': 'None', 'KN_class_name': 'None', 'KN_model_dir': 'None', 'GRB_model_name': 'None', 'GRB_class_name': 'None', 'GRB_model_dir': 'None', 'detection_limit': 'None', 'n_loop_training': '200', 'n_loop_production': '10', 'n_local_steps': '100', 'n_global_steps': '1_000', 'n_epochs': '25', 'n_chains': '1_000', 'learning_rate': '0.001', 'max_samples': '50000', 'momentum': '0.9', 'batch_size': '30000', 'use_global': 'True', 'keep_quantile': '0.0', 'train_thinning': '10', 'output_thinning': '50', 'n_sample_max': '10000', 'verbose': 'False', 'save_training_chains': 'False', 'eps_mass_matrix': '1e-5', 'use_scheduler': 'True', 'use_temperature': 'False', 'which_temperature_schedule': 'exponential', 'starting_temperature': '2.0', 'stop_tempering_iteration': '75', 'stopping_criterion_global_acc': '0.10', 'stopping_criterion_loss': '-inf', 'seed': '123', 'sampling_seed': '123', 'injection_generation_seed': 'None', 'num_layers': '10', 'hidden_size': '128,128', 'num_bins': '8', 'nf_model_kwargs': 'None', 'run_sampler': 'True', 'keys_to_plot': 'M_c, q, s1_z, s2_z, lambda_1, lambda_2, d_L, t_c, phase_c, iota, psi, ra, dec'}
15:34 ninjax INFO    : Complete config file written to /gpfs/home6/twouters2/projects/projection_BNS_A_plus/src/projection_BNS/GW/MPA1/Aplus/injection_4/complete_config.json
15:34 ninjax INFO    : No injection_generation_seed specified. Generating a random injection_generation_seed: 150093
15:34 ninjax INFO    : Loading the priors
15:34 ninjax INFO    : Setting up the prior
15:34 ninjax INFO    :    Mc_prior = Uniform(0.98, 2.6, naming=["M_c"])
15:34 ninjax INFO    :    q_prior = Uniform(0.125, 1.0, naming=["q"])
15:34 ninjax INFO    :    s1_z_prior = Uniform(-0.05, 0.05, naming=["s1_z"])
15:34 ninjax INFO    :    s2_z_prior = Uniform(-0.05, 0.05, naming=["s2_z"])
15:34 ninjax INFO    :    lambda1_prior = Uniform(0.0, 5000.0, naming=["lambda_1"])
15:34 ninjax INFO    :    lambda2_prior = Uniform(0.0, 5000.0, naming=["lambda_2"])
15:34 ninjax INFO    :    cos_iota_prior = Uniform(-1.0, 1.0, naming=["cos_iota"])
15:34 ninjax INFO    :    dL_prior = PowerLaw(10.0, 1000.0, 2.0, naming=["d_L"])
15:34 ninjax INFO    :    t_c_prior = Uniform(-0.1, 0.1, naming=["t_c"])
15:34 ninjax INFO    :    phase_c_prior = Uniform(0.0, 2 * jnp.pi, naming=["phase_c"])
15:34 ninjax INFO    :    psi_prior = Uniform(0.0, jnp.pi, naming=["psi"])
15:34 ninjax INFO    :    ra_prior = Uniform(0.0, 2 * jnp.pi, naming=["ra"])
15:34 ninjax INFO    :    sin_dec_prior = Uniform(-1.0, 1.0, naming=["sin_dec"])
15:34 ninjax INFO    : Setting up the generation prior
15:34 ninjax INFO    :    mass_1_source_prior = Uniform(1.0, 2.468645554845655, naming=["mass_1_source"])
15:34 ninjax INFO    :    mass_2_source_prior = Uniform(1.0, 2.468645554845655, naming=["mass_2_source"])
15:34 ninjax INFO    :    s1_z_prior = Uniform(-0.05, 0.05, naming=["s1_z"])
15:34 ninjax INFO    :    s2_z_prior = Uniform(-0.05, 0.05, naming=["s2_z"])
15:34 ninjax INFO    :    cos_iota_prior = Uniform(-1.0, 1.0, naming=["cos_iota"])
15:34 ninjax INFO    :    dL_prior = PowerLaw(10.0, 460.0, 2.0, naming=["d_L"])
15:34 ninjax INFO    :    t_c_prior = Uniform(-0.1, 0.1, naming=["t_c"])
15:34 ninjax INFO    :    phase_c_prior = Uniform(0.0, 2 * jnp.pi, naming=["phase_c"])
15:34 ninjax INFO    :    psi_prior = Uniform(0.0, jnp.pi, naming=["psi"])
15:34 ninjax INFO    :    ra_prior = Uniform(0.0, 2 * jnp.pi, naming=["ra"])
15:34 ninjax INFO    :    sin_dec_prior = Uniform(-1.0, 1.0, naming=["sin_dec"])
15:34 ninjax INFO    : Finished prior setup
15:34 ninjax INFO    : Setting the transforms
15:34 ninjax INFO    : Raw transforms list is q_to_eta,cos_iota_to_iota,sin_dec_to_dec
15:34 ninjax INFO    : transforms_str_list has 3 elements
15:34 ninjax INFO    : DEBUG: Checking that all_transforms is OK: the list is ['binary_Love', 'binary_love_fit', 'cos_iota1_to_iota1', 'cos_iota2_to_iota2', 'cos_iota_to_iota', 'log_lambda_to_lambda', 'm1_m2_to_Mc_q', 'q1_to_eta1', 'q2_to_eta2', 'q_to_eta', 'sin_dec1_to_dec1', 'sin_dec2_to_dec2', 'sin_dec_to_dec', 'spin_sphere_to_cartesian_s1', 'spin_sphere_to_cartesian_s2', 'swap_lambdas_eos', 't_c_dt_to_tcs']
15:34 ninjax INFO    : Setting the likelihood
15:34 ninjax INFO    : GW likelihood provided, setting up the GW pipe
15:34 ninjax INFO    : eos_file is /home/twouters2/projects/projection_BNS_A_plus/src/projection_BNS/data/MPA1.npz
15:34 ninjax INFO    : Using eos_file /home/twouters2/projects/projection_BNS_A_plus/src/projection_BNS/data/MPA1.npz for BNS injections
15:34 ninjax INFO    : Note: No specific waveform approximant 1 so defaulting to IMRPhenomD_NRTidalv2
15:34 ninjax INFO    : self.is_BNS_run is True
15:34 ninjax INFO    : Using IMRPhenomD_NRTidalv2 waveform. Therefore, we will use no taper as the reference waveform for the likelihood if relative binning is used
15:34 ninjax INFO    : GW run is an injection
15:34 ninjax INFO    : Setting up GW injection . . . 
15:34 ninjax INFO    : The SNR thresholds are: 30.0 - 100.0
15:34 ninjax INFO    : Generating new injection
15:34 ninjax INFO    : Sanity check: generated parameters:
15:34 ninjax INFO    : {'mass_1_source': 1.7925159284359764, 'mass_2_source': 1.8041092614000744, 's1_z': 0.023086003767426824, 's2_z': -0.009325385346103589, 'cos_iota': 0.8285726856867388, 'd_L': 339.7375815674557, 't_c': 0.006082038262855777, 'phase_c': 2.79300010505012, 'psi': 2.5604406775851487, 'ra': 3.5908547154329256, 'sin_dec': 0.275522643818523}
15:34 ninjax INFO    : Computing lambdas from EOS file /home/twouters2/projects/projection_BNS_A_plus/src/projection_BNS/data/MPA1.npz . . . 
15:34 ninjax INFO    : Injected lambda_1: 104.67883200997032
15:34 ninjax INFO    : Injected lambda_2: 109.4430859699938
15:34 ninjax INFO    : Duration is not specified in the config. Computed chirp time: for fmin = 20.0 and M_c = 1.6856901686047048 is 128.0
15:34 ninjax INFO    : After transforms, the injection parameters are:
15:34 ninjax INFO    : {'mass_1_source': 1.8041092614000744, 'mass_2_source': 1.7925159284359764, 's1_z': 0.023086003767426824, 's2_z': -0.009325385346103589, 'cos_iota': 0.8285726856867388, 'd_L': 339.7375815674557, 't_c': 0.006082038262855777, 'phase_c': 2.79300010505012, 'psi': 2.5604406775851487, 'ra': 3.5908547154329256, 'sin_dec': 0.275522643818523, 'q': 0.9935739296881049, 'M_c': 1.6856901686047048, 'eta': 0.24999740243595872, 'iota': Array(0.59424279, dtype=float64, weak_type=True), 'dec': Array(0.27913335, dtype=float64, weak_type=True), 'lambda_1': 104.67883200997032, 'lambda_2': 109.4430859699938}
15:34 ninjax INFO    : The trial injection parameters are {'M_c': 1.6856901686047048, 'eta': 0.24999740243595872, 's1_z': 0.023086003767426824, 's2_z': -0.009325385346103589, 'lambda_1': 104.67883200997032, 'lambda_2': 109.4430859699938, 'd_L': 339.7375815674557, 'phase_c': 2.79300010505012, 'iota': 0.5942427873740777, 't_c': 0.006082038262855777, 'psi': 2.5604406775851487, 'ra': 3.5908547154329256, 'dec': 0.2791333475331803}
15:34 ninjax INFO    : Injecting signals . . .
15:35 ninjax INFO    : self.ifos
15:35 ninjax INFO    : [GroundBased2G(H1), GroundBased2G(L1), GroundBased2G(V1)]
15:35 ninjax INFO    : Signal injected in ifo H1. Frequencies, data, and PSD:
15:35 ninjax INFO    : [  20.          20.0078125   20.015625  ... 2047.9765625
 2047.984375  2047.9921875]
15:35 ninjax INFO    : [-6.81210423e-23-4.32182857e-23j -8.48870277e-23-4.72107328e-23j
 -3.67740264e-23+2.99281098e-23j ...
  5.38545270e-24+2.46331804e-24j  1.83949489e-23-8.42963758e-24j
  3.39879560e-24+7.18410865e-24j]
15:35 ninjax INFO    : [1.44906511e-46 1.44667215e-46 1.44435812e-46 ... 2.17775889e-47
 2.17777440e-47 2.17778992e-47]
15:35 ninjax INFO    : Signal injected in ifo L1. Frequencies, data, and PSD:
15:35 ninjax INFO    : [  20.          20.0078125   20.015625  ... 2047.9765625
 2047.984375  2047.9921875]
15:35 ninjax INFO    : [ 2.28165921e-23-7.45211131e-23j -4.05502263e-23+3.60984814e-23j
  1.00303875e-23+5.21417340e-23j ...
  1.86825818e-23-1.85003137e-23j  2.40441751e-24+2.92702926e-23j
 -6.75294399e-24-1.27911766e-23j]
15:35 ninjax INFO    : [1.44906511e-46 1.44667215e-46 1.44435812e-46 ... 2.17775889e-47
 2.17777440e-47 2.17778992e-47]
15:35 ninjax INFO    : Signal injected in ifo V1. Frequencies, data, and PSD:
15:35 ninjax INFO    : [  20.          20.0078125   20.015625  ... 2047.9765625
 2047.984375  2047.9921875]
15:35 ninjax INFO    : [-2.24057557e-23+1.09092549e-24j -2.09261767e-23+1.63409577e-23j
 -4.85188771e-23+2.65767131e-23j ...
  2.68259580e-23+9.92588759e-24j  5.52231132e-23-5.33459001e-24j
 -2.69867971e-23-1.64215322e-23j]
15:35 ninjax INFO    : [1.43183556e-46 1.42935095e-46 1.42688205e-46 ... 6.39786094e-47
 6.39790724e-47 6.39795354e-47]
15:35 ninjax INFO    : SNR for ifo H1 is 8.720453956312456
15:35 ninjax INFO    : SNR for ifo L1 is 10.387132954799565
15:35 ninjax INFO    : SNR for ifo V1 is 11.643937241647121
15:35 ninjax INFO    : The network SNR is 17.875125809690555
15:35 ninjax INFO    : The network SNR does not pass the threshold, trying again
15:35 ninjax INFO    : Generating new injection
15:35 ninjax INFO    : Sanity check: generated parameters:
15:35 ninjax INFO    : {'mass_1_source': 1.3143140886496218, 'mass_2_source': 1.871284265627398, 's1_z': 0.0006490947283085413, 's2_z': -0.03800933883583238, 'cos_iota': -0.6945329454600468, 'd_L': 412.0791082137399, 't_c': -0.08031145001106506, 'phase_c': 5.068537203048775, 'psi': 0.5469511679116328, 'ra': 1.5475539528722964, 'sin_dec': 0.47748985358703644}
15:35 ninjax INFO    : Computing lambdas from EOS file /home/twouters2/projects/projection_BNS_A_plus/src/projection_BNS/data/MPA1.npz . . . 
15:35 ninjax INFO    : Injected lambda_1: 80.84388534736894
15:35 ninjax INFO    : Injected lambda_2: 734.0905732143038
15:35 ninjax INFO    : Duration is not specified in the config. Computed chirp time: for fmin = 20.0 and M_c = 1.4877493436994187 is 128.0
15:35 ninjax INFO    : After transforms, the injection parameters are:
15:35 ninjax INFO    : {'mass_1_source': 1.871284265627398, 'mass_2_source': 1.3143140886496218, 's1_z': 0.0006490947283085413, 's2_z': -0.03800933883583238, 'cos_iota': -0.6945329454600468, 'd_L': 412.0791082137399, 't_c': -0.08031145001106506, 'phase_c': 5.068537203048775, 'psi': 0.5469511679116328, 'ra': 1.5475539528722964, 'sin_dec': 0.47748985358703644, 'q': 0.7023593971218279, 'M_c': 1.4877493436994187, 'eta': 0.24235773918959053, 'iota': Array(2.33856685, dtype=float64, weak_type=True), 'dec': Array(0.49779562, dtype=float64, weak_type=True), 'lambda_1': 80.84388534736894, 'lambda_2': 734.0905732143038}
15:35 ninjax INFO    : The trial injection parameters are {'M_c': 1.4877493436994187, 'eta': 0.24235773918959053, 's1_z': 0.0006490947283085413, 's2_z': -0.03800933883583238, 'lambda_1': 80.84388534736894, 'lambda_2': 734.0905732143038, 'd_L': 412.0791082137399, 'phase_c': 5.068537203048775, 'iota': 2.3385668510814663, 't_c': -0.08031145001106506, 'psi': 0.5469511679116328, 'ra': 1.5475539528722964, 'dec': 0.49779562420828005}
15:35 ninjax INFO    : Injecting signals . . .
15:35 ninjax INFO    : self.ifos
15:35 ninjax INFO    : [GroundBased2G(H1), GroundBased2G(L1), GroundBased2G(V1)]
15:35 ninjax INFO    : Signal injected in ifo H1. Frequencies, data, and PSD:
15:35 ninjax INFO    : [  20.          20.0078125   20.015625  ... 2047.9765625
 2047.984375  2047.9921875]
15:35 ninjax INFO    : [-6.37100895e-23-4.29396561e-23j -8.09525467e-23-5.32686663e-23j
 -4.05215276e-23+2.28249238e-23j ...
  5.39276234e-24+2.45611913e-24j  1.84029243e-23-8.43609062e-24j
  3.40736080e-24+7.17846270e-24j]
15:35 ninjax INFO    : [1.44906511e-46 1.44667215e-46 1.44435812e-46 ... 2.17775889e-47
 2.17777440e-47 2.17778992e-47]
15:35 ninjax INFO    : Signal injected in ifo L1. Frequencies, data, and PSD:
15:35 ninjax INFO    : [  20.          20.0078125   20.015625  ... 2047.9765625
 2047.984375  2047.9921875]
15:35 ninjax INFO    : [ 1.74479711e-23-7.68555488e-23j -4.80759902e-23+4.13271128e-23j
  1.07677265e-23+6.20608679e-23j ...
  1.86703625e-23-1.85004590e-23j  2.39227072e-24+2.92689593e-23j
 -6.76490301e-24-1.27936851e-23j]
15:35 ninjax INFO    : [1.44906511e-46 1.44667215e-46 1.44435812e-46 ... 2.17775889e-47
 2.17777440e-47 2.17778992e-47]
15:35 ninjax INFO    : Signal injected in ifo V1. Frequencies, data, and PSD:
15:35 ninjax INFO    : [  20.          20.0078125   20.015625  ... 2047.9765625
 2047.984375  2047.9921875]
15:35 ninjax INFO    : [-2.88120981e-23-6.20759329e-24j -3.02839040e-23+2.01482421e-23j
 -4.77525681e-23+3.46145267e-23j ...
  2.68093527e-23+9.93100495e-24j  5.52060851e-23-5.33113432e-24j
 -2.70040822e-23-1.64197717e-23j]
15:35 ninjax INFO    : [1.43183556e-46 1.42935095e-46 1.42688205e-46 ... 6.39786094e-47
 6.39790724e-47 6.39795354e-47]
15:35 ninjax INFO    : SNR for ifo H1 is 8.663197785690858
15:35 ninjax INFO    : SNR for ifo L1 is 11.229227494490177
15:35 ninjax INFO    : SNR for ifo V1 is 5.79566741910735
15:35 ninjax INFO    : The network SNR is 15.321106579810596
15:35 ninjax INFO    : The network SNR does not pass the threshold, trying again
15:35 ninjax INFO    : Generating new injection
15:35 ninjax INFO    : Sanity check: generated parameters:
15:35 ninjax INFO    : {'mass_1_source': 2.205322629044052, 'mass_2_source': 2.019799032189961, 's1_z': 0.03857344949018164, 's2_z': -0.00805411848042601, 'cos_iota': 0.7450376970015409, 'd_L': 334.87245523032624, 't_c': -0.020753803600367646, 'phase_c': 1.9908580530235884, 'psi': 0.6942550620600789, 'ra': 3.576105940877301, 'sin_dec': 0.07602649464103761}
15:35 ninjax INFO    : Computing lambdas from EOS file /home/twouters2/projects/projection_BNS_A_plus/src/projection_BNS/data/MPA1.npz . . . 
15:35 ninjax INFO    : Injected lambda_1: 20.80756310919227
15:35 ninjax INFO    : Injected lambda_2: 45.23788458744674
15:35 ninjax INFO    : Duration is not specified in the config. Computed chirp time: for fmin = 20.0 and M_c = 1.9759592992673596 is 128.0
15:35 ninjax INFO    : After transforms, the injection parameters are:
15:35 ninjax INFO    : {'mass_1_source': 2.205322629044052, 'mass_2_source': 2.019799032189961, 's1_z': 0.03857344949018164, 's2_z': -0.00805411848042601, 'cos_iota': 0.7450376970015409, 'd_L': 334.87245523032624, 't_c': -0.020753803600367646, 'phase_c': 1.9908580530235884, 'psi': 0.6942550620600789, 'ra': 3.576105940877301, 'sin_dec': 0.07602649464103761, 'q': 0.9158746233268776, 'M_c': 1.9759592992673596, 'eta': 0.2495179857449478, 'iota': Array(0.73020497, dtype=float64, weak_type=True), 'dec': Array(0.07609993, dtype=float64, weak_type=True), 'lambda_1': 20.80756310919227, 'lambda_2': 45.23788458744674}
15:35 ninjax INFO    : The trial injection parameters are {'M_c': 1.9759592992673596, 'eta': 0.2495179857449478, 's1_z': 0.03857344949018164, 's2_z': -0.00805411848042601, 'lambda_1': 20.80756310919227, 'lambda_2': 45.23788458744674, 'd_L': 334.87245523032624, 'phase_c': 1.9908580530235884, 'iota': 0.7302049721315707, 't_c': -0.020753803600367646, 'psi': 0.6942550620600789, 'ra': 3.576105940877301, 'dec': 0.07609992500499897}
15:35 ninjax INFO    : Injecting signals . . .
15:35 ninjax INFO    : self.ifos
15:35 ninjax INFO    : [GroundBased2G(H1), GroundBased2G(L1), GroundBased2G(V1)]
15:35 ninjax INFO    : Signal injected in ifo H1. Frequencies, data, and PSD:
15:35 ninjax INFO    : [  20.          20.0078125   20.015625  ... 2047.9765625
 2047.984375  2047.9921875]
15:35 ninjax INFO    : [-6.71974519e-23-3.38622887e-23j -7.76959457e-23-5.39280244e-23j
 -4.43693178e-23+2.88679706e-23j ...
  5.41416884e-24+2.45375531e-24j  1.84244594e-23-8.43633589e-24j
  3.42881544e-24+7.18033834e-24j]
15:35 ninjax INFO    : [1.44906511e-46 1.44667215e-46 1.44435812e-46 ... 2.17775889e-47
 2.17777440e-47 2.17778992e-47]
15:35 ninjax INFO    : Signal injected in ifo L1. Frequencies, data, and PSD:
15:35 ninjax INFO    : [  20.          20.0078125   20.015625  ... 2047.9765625
 2047.984375  2047.9921875]
15:35 ninjax INFO    : [ 2.56916746e-23-8.44858505e-23j -5.09508131e-23+3.98147657e-23j
  1.73036767e-23+5.69601089e-23j ...
  1.86723177e-23-1.85233547e-23j  2.39647020e-24+2.92463674e-23j
 -6.75850007e-24-1.28157539e-23j]
15:35 ninjax INFO    : [1.44906511e-46 1.44667215e-46 1.44435812e-46 ... 2.17775889e-47
 2.17777440e-47 2.17778992e-47]
15:35 ninjax INFO    : Signal injected in ifo V1. Frequencies, data, and PSD:
15:35 ninjax INFO    : [  20.          20.0078125   20.015625  ... 2047.9765625
 2047.984375  2047.9921875]
15:35 ninjax INFO    : [-2.26865167e-23-1.06164523e-23j -3.21973953e-23+2.32683081e-23j
 -3.87325065e-23+3.17895078e-23j ...
  2.68323825e-23+9.93334451e-24j  5.52287667e-23-5.32650991e-24j
 -2.69819749e-23-1.64129085e-23j]
15:35 ninjax INFO    : [1.43183556e-46 1.42935095e-46 1.42688205e-46 ... 6.39786094e-47
 6.39790724e-47 6.39795354e-47]
15:35 ninjax INFO    : SNR for ifo H1 is 12.793117778471494
15:35 ninjax INFO    : SNR for ifo L1 is 13.64993546914781
15:35 ninjax INFO    : SNR for ifo V1 is 10.846811787569521
15:35 ninjax INFO    : The network SNR is 21.62493761287417
15:35 ninjax INFO    : The network SNR does not pass the threshold, trying again
15:35 ninjax INFO    : Generating new injection
15:35 ninjax INFO    : Sanity check: generated parameters:
15:35 ninjax INFO    : {'mass_1_source': 1.956369678444022, 'mass_2_source': 2.202895617866411, 's1_z': -0.047135723841926463, 's2_z': -0.03915052143129836, 'cos_iota': -0.17210072784049402, 'd_L': 228.33782276943577, 't_c': 0.01831551779294656, 'phase_c': 3.5279655870268414, 'psi': 1.2220688918208247, 'ra': 1.3771379344269843, 'sin_dec': -0.7404586441310608}
15:35 ninjax INFO    : Computing lambdas from EOS file /home/twouters2/projects/projection_BNS_A_plus/src/projection_BNS/data/MPA1.npz . . . 
15:35 ninjax INFO    : Injected lambda_1: 21.03475134694736
15:35 ninjax INFO    : Injected lambda_2: 58.10666473244194
15:35 ninjax INFO    : Duration is not specified in the config. Computed chirp time: for fmin = 20.0 and M_c = 1.8998172848517938 is 128.0
15:35 ninjax INFO    : After transforms, the injection parameters are:
15:35 ninjax INFO    : {'mass_1_source': 2.202895617866411, 'mass_2_source': 1.956369678444022, 's1_z': -0.047135723841926463, 's2_z': -0.03915052143129836, 'cos_iota': -0.17210072784049402, 'd_L': 228.33782276943577, 't_c': 0.01831551779294656, 'phase_c': 3.5279655870268414, 'psi': 1.2220688918208247, 'ra': 1.3771379344269843, 'sin_dec': -0.7404586441310608, 'q': 0.8880900495588806, 'M_c': 1.8998172848517938, 'eta': 0.2491217219912401, 'iota': Array(1.74375815, dtype=float64, weak_type=True), 'dec': Array(-0.8337525, dtype=float64, weak_type=True), 'lambda_1': 21.03475134694736, 'lambda_2': 58.10666473244194}
15:35 ninjax INFO    : The trial injection parameters are {'M_c': 1.8998172848517938, 'eta': 0.2491217219912401, 's1_z': -0.047135723841926463, 's2_z': -0.03915052143129836, 'lambda_1': 21.03475134694736, 'lambda_2': 58.10666473244194, 'd_L': 228.33782276943577, 'phase_c': 3.5279655870268414, 'iota': 1.7437581472337482, 't_c': 0.01831551779294656, 'psi': 1.2220688918208247, 'ra': 1.3771379344269843, 'dec': -0.8337525047151952}
15:35 ninjax INFO    : Injecting signals . . .
15:35 ninjax INFO    : self.ifos
15:35 ninjax INFO    : [GroundBased2G(H1), GroundBased2G(L1), GroundBased2G(V1)]
15:35 ninjax INFO    : Signal injected in ifo H1. Frequencies, data, and PSD:
15:35 ninjax INFO    : [  20.          20.0078125   20.015625  ... 2047.9765625
 2047.984375  2047.9921875]
15:35 ninjax INFO    : [-6.80922797e-23-4.36839923e-23j -8.25463092e-23-4.49895646e-23j
 -3.52368093e-23+2.40143136e-23j ...
  5.37795844e-24+2.45162890e-24j  1.83886256e-23-8.44199521e-24j
  3.39370213e-24+7.17119941e-24j]
15:35 ninjax INFO    : [1.44906511e-46 1.44667215e-46 1.44435812e-46 ... 2.17775889e-47
 2.17777440e-47 2.17778992e-47]
15:35 ninjax INFO    : Signal injected in ifo L1. Frequencies, data, and PSD:
15:35 ninjax INFO    : [  20.          20.0078125   20.015625  ... 2047.9765625
 2047.984375  2047.9921875]
15:35 ninjax INFO    : [ 1.93345041e-23-7.57900124e-23j -4.09482619e-23+3.61164594e-23j
  7.15290281e-24+5.46179814e-23j ...
  1.86558631e-23-1.85056642e-23j  2.37834709e-24+2.92623671e-23j
 -6.77811860e-24-1.28016016e-23j]
15:35 ninjax INFO    : [1.44906511e-46 1.44667215e-46 1.44435812e-46 ... 2.17775889e-47
 2.17777440e-47 2.17778992e-47]
15:35 ninjax INFO    : Signal injected in ifo V1. Frequencies, data, and PSD:
15:35 ninjax INFO    : [  20.          20.0078125   20.015625  ... 2047.9765625
 2047.984375  2047.9921875]
15:35 ninjax INFO    : [-2.20329286e-23-2.79155015e-24j -2.82018887e-23+1.56615279e-23j
 -4.67499857e-23+3.63584054e-23j ...
  2.68228067e-23+9.92519581e-24j  5.52200375e-23-5.33561583e-24j
 -2.69897620e-23-1.64228836e-23j]
15:35 ninjax INFO    : [1.43183556e-46 1.42935095e-46 1.42688205e-46 ... 6.39786094e-47
 6.39790724e-47 6.39795354e-47]
15:35 ninjax INFO    : SNR for ifo H1 is 9.536839075352704
15:35 ninjax INFO    : SNR for ifo L1 is 9.49707423737296
15:35 ninjax INFO    : SNR for ifo V1 is 7.127692704366607
15:35 ninjax INFO    : The network SNR is 15.22989566304472
15:35 ninjax INFO    : The network SNR does not pass the threshold, trying again
15:35 ninjax INFO    : Generating new injection
15:35 ninjax INFO    : Sanity check: generated parameters:
15:35 ninjax INFO    : {'mass_1_source': 2.451987408702209, 'mass_2_source': 1.4345547097518299, 's1_z': -0.03304050602177759, 's2_z': -0.03794882304575356, 'cos_iota': 0.18932420530342053, 'd_L': 436.6245261510439, 't_c': 0.03465617778816399, 'phase_c': 4.572896237939118, 'psi': 2.073712408324014, 'ra': 4.052698055061232, 'sin_dec': 0.7257012761639778}
15:35 ninjax INFO    : Computing lambdas from EOS file /home/twouters2/projects/projection_BNS_A_plus/src/projection_BNS/data/MPA1.npz . . . 
15:35 ninjax INFO    : Injected lambda_1: 4.644724213246361
15:35 ninjax INFO    : Injected lambda_2: 444.8427805711871
15:35 ninjax INFO    : Duration is not specified in the config. Computed chirp time: for fmin = 20.0 and M_c = 1.7811114080079746 is 128.0
15:35 ninjax INFO    : After transforms, the injection parameters are:
15:35 ninjax INFO    : {'mass_1_source': 2.451987408702209, 'mass_2_source': 1.4345547097518299, 's1_z': -0.03304050602177759, 's2_z': -0.03794882304575356, 'cos_iota': 0.18932420530342053, 'd_L': 436.6245261510439, 't_c': 0.03465617778816399, 'phase_c': 4.572896237939118, 'psi': 2.073712408324014, 'ra': 4.052698055061232, 'sin_dec': 0.7257012761639778, 'q': 0.5850579430630571, 'M_c': 1.7811114080079746, 'eta': 0.2328673464045503, 'iota': Array(1.38032247, dtype=float64, weak_type=True), 'dec': Array(0.81205313, dtype=float64, weak_type=True), 'lambda_1': 4.644724213246361, 'lambda_2': 444.8427805711871}
15:35 ninjax INFO    : The trial injection parameters are {'M_c': 1.7811114080079746, 'eta': 0.2328673464045503, 's1_z': -0.03304050602177759, 's2_z': -0.03794882304575356, 'lambda_1': 4.644724213246361, 'lambda_2': 444.8427805711871, 'd_L': 436.6245261510439, 'phase_c': 4.572896237939118, 'iota': 1.3803224677919474, 't_c': 0.03465617778816399, 'psi': 2.073712408324014, 'ra': 4.052698055061232, 'dec': 0.8120531291709062}
15:35 ninjax INFO    : Injecting signals . . .
15:35 ninjax INFO    : self.ifos
15:35 ninjax INFO    : [GroundBased2G(H1), GroundBased2G(L1), GroundBased2G(V1)]
15:35 ninjax INFO    : Signal injected in ifo H1. Frequencies, data, and PSD:
15:35 ninjax INFO    : [  20.          20.0078125   20.015625  ... 2047.9765625
 2047.984375  2047.9921875]
15:35 ninjax INFO    : [-6.54421351e-23-4.05501532e-23j -8.24476061e-23-4.95386922e-23j
 -3.87173912e-23+2.75446087e-23j ...
  5.39276234e-24+2.45611913e-24j  1.84029243e-23-8.43609062e-24j
  3.40736080e-24+7.17846270e-24j]
15:35 ninjax INFO    : [1.44906511e-46 1.44667215e-46 1.44435812e-46 ... 2.17775889e-47
 2.17777440e-47 2.17778992e-47]
15:35 ninjax INFO    : Signal injected in ifo L1. Frequencies, data, and PSD:
15:35 ninjax INFO    : [  20.          20.0078125   20.015625  ... 2047.9765625
 2047.984375  2047.9921875]
15:35 ninjax INFO    : [ 2.20464306e-23-7.82176483e-23j -4.43240255e-23+3.65027280e-23j
  1.01645174e-23+5.61624504e-23j ...
  1.86703625e-23-1.85004590e-23j  2.39227072e-24+2.92689593e-23j
 -6.76490301e-24-1.27936851e-23j]
15:35 ninjax INFO    : [1.44906511e-46 1.44667215e-46 1.44435812e-46 ... 2.17775889e-47
 2.17777440e-47 2.17778992e-47]
15:35 ninjax INFO    : Signal injected in ifo V1. Frequencies, data, and PSD:
15:35 ninjax INFO    : [  20.          20.0078125   20.015625  ... 2047.9765625
 2047.984375  2047.9921875]
15:35 ninjax INFO    : [-2.46169510e-23-5.72078038e-24j -2.80444056e-23+1.90437748e-23j
 -4.51820779e-23+3.37845416e-23j ...
  2.68093527e-23+9.93100495e-24j  5.52060851e-23-5.33113432e-24j
 -2.70040822e-23-1.64197717e-23j]
15:35 ninjax INFO    : [1.43183556e-46 1.42935095e-46 1.42688205e-46 ... 6.39786094e-47
 6.39790724e-47 6.39795354e-47]
15:35 ninjax INFO    : SNR for ifo H1 is 2.2831845524291543
15:35 ninjax INFO    : SNR for ifo L1 is 2.275296847665782
15:35 ninjax INFO    : SNR for ifo V1 is 2.1860138249440393
15:35 ninjax INFO    : The network SNR is 3.8946840550031054
15:35 ninjax INFO    : The network SNR does not pass the threshold, trying again
15:35 ninjax INFO    : Generating new injection
15:35 ninjax INFO    : Sanity check: generated parameters:
15:35 ninjax INFO    : {'mass_1_source': 1.5866291645816082, 'mass_2_source': 1.2422381994427216, 's1_z': -0.012531621387475544, 's2_z': 6.415967910169268e-05, 'cos_iota': -0.293250175659757, 'd_L': 367.7259188608849, 't_c': -0.018315891263686573, 'phase_c': 2.4068674070598868, 'psi': 2.3559540836064863, 'ra': 4.640897498932537, 'sin_dec': -0.044385193780582366}
15:35 ninjax INFO    : Computing lambdas from EOS file /home/twouters2/projects/projection_BNS_A_plus/src/projection_BNS/data/MPA1.npz . . . 
15:35 ninjax INFO    : Injected lambda_1: 242.49232630417217
15:35 ninjax INFO    : Injected lambda_2: 1003.1961165684419
15:35 ninjax INFO    : Duration is not specified in the config. Computed chirp time: for fmin = 20.0 and M_c = 1.321752725511286 is 256.0
15:35 ninjax INFO    : After transforms, the injection parameters are:
15:35 ninjax INFO    : {'mass_1_source': 1.5866291645816082, 'mass_2_source': 1.2422381994427216, 's1_z': -0.012531621387475544, 's2_z': 6.415967910169268e-05, 'cos_iota': -0.293250175659757, 'd_L': 367.7259188608849, 't_c': -0.018315891263686573, 'phase_c': 2.4068674070598868, 'psi': 2.3559540836064863, 'ra': 4.640897498932537, 'sin_dec': -0.044385193780582366, 'q': 0.7829417403721417, 'M_c': 1.321752725511286, 'eta': 0.2462947429949469, 'iota': Array(1.86842104, dtype=float64, weak_type=True), 'dec': Array(-0.04439978, dtype=float64, weak_type=True), 'lambda_1': 242.49232630417217, 'lambda_2': 1003.1961165684419}
15:35 ninjax INFO    : The trial injection parameters are {'M_c': 1.321752725511286, 'eta': 0.2462947429949469, 's1_z': -0.012531621387475544, 's2_z': 6.415967910169268e-05, 'lambda_1': 242.49232630417217, 'lambda_2': 1003.1961165684419, 'd_L': 367.7259188608849, 'phase_c': 2.4068674070598868, 'iota': 1.8684210386111042, 't_c': -0.018315891263686573, 'psi': 2.3559540836064863, 'ra': 4.640897498932537, 'dec': -0.04439978019010801}
15:35 ninjax INFO    : Injecting signals . . .
15:35 ninjax INFO    : self.ifos
15:35 ninjax INFO    : [GroundBased2G(H1), GroundBased2G(L1), GroundBased2G(V1)]
15:35 ninjax INFO    : Signal injected in ifo H1. Frequencies, data, and PSD:
15:35 ninjax INFO    : [  20.           20.00390625   20.0078125  ... 2047.98828125
 2047.9921875  2047.99609375]
15:35 ninjax INFO    : [-2.88828403e-23-1.03482631e-23j  7.23667545e-23-3.35110188e-23j
  4.40875588e-24+1.71015815e-22j ...
  2.25422483e-23-6.55111347e-24j  1.46120288e-23+4.92797357e-23j
  5.10662865e-23-3.46449217e-24j]
15:35 ninjax INFO    : [1.44906511e-46 1.44785671e-46 1.44667215e-46 ... 2.17778216e-47
 2.17778992e-47 2.17779767e-47]
15:35 ninjax INFO    : Signal injected in ifo L1. Frequencies, data, and PSD:
15:35 ninjax INFO    : [  20.           20.00390625   20.0078125  ... 2047.98828125
 2047.9921875  2047.99609375]
15:35 ninjax INFO    : [-6.40932245e-23-2.16321134e-23j  4.68564871e-23-1.80960612e-23j
 -1.49238037e-22+1.66260637e-23j ...
 -2.53741207e-23-4.32953499e-23j -2.41682042e-23-3.21319862e-23j
  7.93567389e-23-3.19354114e-24j]
15:35 ninjax INFO    : [1.44906511e-46 1.44785671e-46 1.44667215e-46 ... 2.17778216e-47
 2.17778992e-47 2.17779767e-47]
15:35 ninjax INFO    : Signal injected in ifo V1. Frequencies, data, and PSD:
15:35 ninjax INFO    : [  20.           20.00390625   20.0078125  ... 2047.98828125
 2047.9921875  2047.99609375]
15:35 ninjax INFO    : [-6.18880492e-23-4.16007443e-23j  6.31710259e-23+2.93395872e-23j
 -3.63281505e-23-5.47668337e-23j ...
 -2.60527474e-23+4.89183385e-23j  3.97766966e-23+4.60130803e-23j
 -4.17488685e-23+1.29686330e-22j]
15:35 ninjax INFO    : [1.43183556e-46 1.43058540e-46 1.42935095e-46 ... 6.39793039e-47
 6.39795354e-47 6.39797668e-47]
15:35 ninjax INFO    : SNR for ifo H1 is 3.6880820829474334
15:35 ninjax INFO    : SNR for ifo L1 is 5.067920256990283
15:35 ninjax INFO    : SNR for ifo V1 is 2.5744273714495725
15:35 ninjax INFO    : The network SNR is 6.775945799122001
15:35 ninjax INFO    : The network SNR does not pass the threshold, trying again
15:35 ninjax INFO    : Generating new injection
15:35 ninjax INFO    : Sanity check: generated parameters:
15:35 ninjax INFO    : {'mass_1_source': 2.211629869899307, 'mass_2_source': 2.0835170148606665, 's1_z': -0.027497882819371357, 's2_z': -0.04877391833247047, 'cos_iota': -0.7714698859701068, 'd_L': 307.6897998081742, 't_c': 0.09326883156176957, 'phase_c': 4.410514037806508, 'psi': 1.8373258229468328, 'ra': 1.817474758884357, 'sin_dec': 0.5028883024024817}
15:35 ninjax INFO    : Computing lambdas from EOS file /home/twouters2/projects/projection_BNS_A_plus/src/projection_BNS/data/MPA1.npz . . . 
15:35 ninjax INFO    : Injected lambda_1: 20.225973286238624
15:35 ninjax INFO    : Injected lambda_2: 34.976013503052506
15:35 ninjax INFO    : Duration is not specified in the config. Computed chirp time: for fmin = 20.0 and M_c = 1.9984846362405497 is 128.0
15:35 ninjax INFO    : After transforms, the injection parameters are:
15:35 ninjax INFO    : {'mass_1_source': 2.211629869899307, 'mass_2_source': 2.0835170148606665, 's1_z': -0.027497882819371357, 's2_z': -0.04877391833247047, 'cos_iota': -0.7714698859701068, 'd_L': 307.6897998081742, 't_c': 0.09326883156176957, 'phase_c': 4.410514037806508, 'psi': 1.8373258229468328, 'ra': 1.817474758884357, 'sin_dec': 0.5028883024024817, 'q': 0.9420731032880861, 'M_c': 1.9984846362405497, 'eta': 0.24977758227853084, 'iota': Array(2.45194443, dtype=float64, weak_type=True), 'dec': Array(0.52693712, dtype=float64, weak_type=True), 'lambda_1': 20.225973286238624, 'lambda_2': 34.976013503052506}
15:35 ninjax INFO    : The trial injection parameters are {'M_c': 1.9984846362405497, 'eta': 0.24977758227853084, 's1_z': -0.027497882819371357, 's2_z': -0.04877391833247047, 'lambda_1': 20.225973286238624, 'lambda_2': 34.976013503052506, 'd_L': 307.6897998081742, 'phase_c': 4.410514037806508, 'iota': 2.451944429893512, 't_c': 0.09326883156176957, 'psi': 1.8373258229468328, 'ra': 1.817474758884357, 'dec': 0.5269371232940934}
15:35 ninjax INFO    : Injecting signals . . .
15:35 ninjax INFO    : self.ifos
15:35 ninjax INFO    : [GroundBased2G(H1), GroundBased2G(L1), GroundBased2G(V1)]
15:35 ninjax INFO    : Signal injected in ifo H1. Frequencies, data, and PSD:
15:35 ninjax INFO    : [  20.          20.0078125   20.015625  ... 2047.9765625
 2047.984375  2047.9921875]
15:35 ninjax INFO    : [-6.50761339e-23-4.63413513e-23j -8.50282517e-23-4.36366785e-23j
 -3.33428297e-23+2.27763770e-23j ...
  5.41267432e-24+2.47047571e-24j  1.84213966e-23-8.41992377e-24j
  3.42422953e-24+7.19629629e-24j]
15:35 ninjax INFO    : [1.44906511e-46 1.44667215e-46 1.44435812e-46 ... 2.17775889e-47
 2.17777440e-47 2.17778992e-47]
15:35 ninjax INFO    : Signal injected in ifo L1. Frequencies, data, and PSD:
15:35 ninjax INFO    : [  20.          20.0078125   20.015625  ... 2047.9765625
 2047.984375  2047.9921875]
15:35 ninjax INFO    : [ 1.75515298e-23-7.13250756e-23j -3.79635476e-23+3.14805702e-23j
  2.06123741e-24+5.89197244e-23j ...
  1.86931667e-23-1.84759810e-23j  2.41266318e-24+2.92954800e-23j
 -6.74710433e-24-1.27653585e-23j]
15:35 ninjax INFO    : [1.44906511e-46 1.44667215e-46 1.44435812e-46 ... 2.17775889e-47
 2.17777440e-47 2.17778992e-47]
15:35 ninjax INFO    : Signal injected in ifo V1. Frequencies, data, and PSD:
15:35 ninjax INFO    : [  20.          20.0078125   20.015625  ... 2047.9765625
 2047.984375  2047.9921875]
15:35 ninjax INFO    : [-3.12798484e-23-9.47240463e-24j -2.35926926e-23+2.60796013e-23j
 -4.55573671e-23+2.52933891e-23j ...
  2.67869179e-23+9.91698696e-24j  5.51850699e-23-5.34720236e-24j
 -2.70234911e-23-1.64377470e-23j]
15:35 ninjax INFO    : [1.43183556e-46 1.42935095e-46 1.42688205e-46 ... 6.39786094e-47
 6.39790724e-47 6.39795354e-47]
15:35 ninjax INFO    : SNR for ifo H1 is 14.384138345735279
15:35 ninjax INFO    : SNR for ifo L1 is 19.603107413709033
15:35 ninjax INFO    : SNR for ifo V1 is 12.232225648152495
15:35 ninjax INFO    : The network SNR is 27.217872814200337
15:35 ninjax INFO    : The network SNR does not pass the threshold, trying again
15:35 ninjax INFO    : Generating new injection
15:35 ninjax INFO    : Sanity check: generated parameters:
15:35 ninjax INFO    : {'mass_1_source': 1.9676362158617375, 'mass_2_source': 1.3983697946523914, 's1_z': -0.03093255742901435, 's2_z': -0.04528772809525701, 'cos_iota': 0.1987877444718089, 'd_L': 233.0379107476576, 't_c': 0.06874101165587271, 'phase_c': 2.1258553325706133, 'psi': 1.7669518192820581, 'ra': 0.9841492511801738, 'sin_dec': -0.9426082010554642}
15:35 ninjax INFO    : Computing lambdas from EOS file /home/twouters2/projects/projection_BNS_A_plus/src/projection_BNS/data/MPA1.npz . . . 
15:35 ninjax INFO    : Injected lambda_1: 55.59767627635874
15:35 ninjax INFO    : Injected lambda_2: 516.0154285723938
15:35 ninjax INFO    : Duration is not specified in the config. Computed chirp time: for fmin = 20.0 and M_c = 1.5156668714369605 is 128.0
15:35 ninjax INFO    : After transforms, the injection parameters are:
15:35 ninjax INFO    : {'mass_1_source': 1.9676362158617375, 'mass_2_source': 1.3983697946523914, 's1_z': -0.03093255742901435, 's2_z': -0.04528772809525701, 'cos_iota': 0.1987877444718089, 'd_L': 233.0379107476576, 't_c': 0.06874101165587271, 'phase_c': 2.1258553325706133, 'psi': 1.7669518192820581, 'ra': 0.9841492511801738, 'sin_dec': -0.9426082010554642, 'q': 0.710685127352145, 'M_c': 1.5156668714369605, 'eta': 0.24284941836963472, 'iota': Array(1.3706755, dtype=float64, weak_type=True), 'dec': Array(-1.23035741, dtype=float64, weak_type=True), 'lambda_1': 55.59767627635874, 'lambda_2': 516.0154285723938}
15:35 ninjax INFO    : The trial injection parameters are {'M_c': 1.5156668714369605, 'eta': 0.24284941836963472, 's1_z': -0.03093255742901435, 's2_z': -0.04528772809525701, 'lambda_1': 55.59767627635874, 'lambda_2': 516.0154285723938, 'd_L': 233.0379107476576, 'phase_c': 2.1258553325706133, 'iota': 1.3706755032408304, 't_c': 0.06874101165587271, 'psi': 1.7669518192820581, 'ra': 0.9841492511801738, 'dec': -1.2303574082567181}
15:35 ninjax INFO    : Injecting signals . . .
15:35 ninjax INFO    : self.ifos
15:35 ninjax INFO    : [GroundBased2G(H1), GroundBased2G(L1), GroundBased2G(V1)]
15:35 ninjax INFO    : Signal injected in ifo H1. Frequencies, data, and PSD:
15:35 ninjax INFO    : [  20.          20.0078125   20.015625  ... 2047.9765625
 2047.984375  2047.9921875]
15:35 ninjax INFO    : [-6.33996622e-23-3.70599109e-23j -7.76397540e-23-4.90103983e-23j
 -3.58748824e-23+2.42445053e-23j ...
  5.39276234e-24+2.45611913e-24j  1.84029243e-23-8.43609062e-24j
  3.40736080e-24+7.17846270e-24j]
15:35 ninjax INFO    : [1.44906511e-46 1.44667215e-46 1.44435812e-46 ... 2.17775889e-47
 2.17777440e-47 2.17778992e-47]
15:35 ninjax INFO    : Signal injected in ifo L1. Frequencies, data, and PSD:
15:35 ninjax INFO    : [  20.          20.0078125   20.015625  ... 2047.9765625
 2047.984375  2047.9921875]
15:35 ninjax INFO    : [ 2.15541652e-23-8.22063192e-23j -4.75690354e-23+3.50256981e-23j
  7.99028126e-24+5.69029707e-23j ...
  1.86703625e-23-1.85004590e-23j  2.39227072e-24+2.92689593e-23j
 -6.76490301e-24-1.27936851e-23j]
15:35 ninjax INFO    : [1.44906511e-46 1.44667215e-46 1.44435812e-46 ... 2.17775889e-47
 2.17777440e-47 2.17778992e-47]
15:35 ninjax INFO    : Signal injected in ifo V1. Frequencies, data, and PSD:
15:35 ninjax INFO    : [  20.          20.0078125   20.015625  ... 2047.9765625
 2047.984375  2047.9921875]
15:35 ninjax INFO    : [-3.12885405e-23-5.39890621e-24j -3.15015634e-23+2.29715561e-23j
 -4.64062164e-23+3.79955231e-23j ...
  2.68093527e-23+9.93100495e-24j  5.52060851e-23-5.33113432e-24j
 -2.70040822e-23-1.64197717e-23j]
15:35 ninjax INFO    : [1.43183556e-46 1.42935095e-46 1.42688205e-46 ... 6.39786094e-47
 6.39790724e-47 6.39795354e-47]
15:35 ninjax INFO    : SNR for ifo H1 is 8.166703811479355
15:35 ninjax INFO    : SNR for ifo L1 is 6.4058448457547
15:35 ninjax INFO    : SNR for ifo V1 is 9.621169901634923
15:35 ninjax INFO    : The network SNR is 14.152625537632204
15:35 ninjax INFO    : The network SNR does not pass the threshold, trying again
15:35 ninjax INFO    : Generating new injection
15:35 ninjax INFO    : Sanity check: generated parameters:
15:35 ninjax INFO    : {'mass_1_source': 1.93675205538139, 'mass_2_source': 1.4010716285357279, 's1_z': -0.00963702971597269, 's2_z': -0.04105198037968186, 'cos_iota': -0.40017177220859335, 'd_L': 305.3556070130085, 't_c': -0.0254494536477972, 'phase_c': 5.341876299881926, 'psi': 2.0309851857616175, 'ra': 4.772485506270433, 'sin_dec': 0.1606478028434033}
15:35 ninjax INFO    : Computing lambdas from EOS file /home/twouters2/projects/projection_BNS_A_plus/src/projection_BNS/data/MPA1.npz . . . 
15:35 ninjax INFO    : Injected lambda_1: 62.73211795635142
15:35 ninjax INFO    : Injected lambda_2: 510.297531786973
15:35 ninjax INFO    : Duration is not specified in the config. Computed chirp time: for fmin = 20.0 and M_c = 1.5289892720924008 is 128.0
15:35 ninjax INFO    : After transforms, the injection parameters are:
15:35 ninjax INFO    : {'mass_1_source': 1.93675205538139, 'mass_2_source': 1.4010716285357279, 's1_z': -0.00963702971597269, 's2_z': -0.04105198037968186, 'cos_iota': -0.40017177220859335, 'd_L': 305.3556070130085, 't_c': -0.0254494536477972, 'phase_c': 5.341876299881926, 'psi': 2.0309851857616175, 'ra': 4.772485506270433, 'sin_dec': 0.1606478028434033, 'q': 0.7234130071749558, 'M_c': 1.5289892720924008, 'eta': 0.24356090576593198, 'iota': Array(1.9825006, dtype=float64, weak_type=True), 'dec': Array(0.16134695, dtype=float64, weak_type=True), 'lambda_1': 62.73211795635142, 'lambda_2': 510.297531786973}
15:35 ninjax INFO    : The trial injection parameters are {'M_c': 1.5289892720924008, 'eta': 0.24356090576593198, 's1_z': -0.00963702971597269, 's2_z': -0.04105198037968186, 'lambda_1': 62.73211795635142, 'lambda_2': 510.297531786973, 'd_L': 305.3556070130085, 'phase_c': 5.341876299881926, 'iota': 1.982500599373994, 't_c': -0.0254494536477972, 'psi': 2.0309851857616175, 'ra': 4.772485506270433, 'dec': 0.161346945304356}
15:35 ninjax INFO    : Injecting signals . . .
15:35 ninjax INFO    : self.ifos
15:35 ninjax INFO    : [GroundBased2G(H1), GroundBased2G(L1), GroundBased2G(V1)]
15:35 ninjax INFO    : Signal injected in ifo H1. Frequencies, data, and PSD:
15:35 ninjax INFO    : [  20.          20.0078125   20.015625  ... 2047.9765625
 2047.984375  2047.9921875]
15:35 ninjax INFO    : [-6.39361590e-23-3.81685944e-23j -7.87896524e-23-4.96999891e-23j
 -3.73481780e-23+2.43517201e-23j ...
  5.39276234e-24+2.45611913e-24j  1.84029243e-23-8.43609062e-24j
  3.40736080e-24+7.17846270e-24j]
15:35 ninjax INFO    : [1.44906511e-46 1.44667215e-46 1.44435812e-46 ... 2.17775889e-47
 2.17777440e-47 2.17778992e-47]
15:35 ninjax INFO    : Signal injected in ifo L1. Frequencies, data, and PSD:
15:35 ninjax INFO    : [  20.          20.0078125   20.015625  ... 2047.9765625
 2047.984375  2047.9921875]
15:35 ninjax INFO    : [ 1.89367730e-23-7.64355501e-23j -4.55171839e-23+4.11430833e-23j
  1.37705526e-23+6.00037646e-23j ...
  1.86703625e-23-1.85004590e-23j  2.39227072e-24+2.92689593e-23j
 -6.76490301e-24-1.27936851e-23j]
15:35 ninjax INFO    : [1.44906511e-46 1.44667215e-46 1.44435812e-46 ... 2.17775889e-47
 2.17777440e-47 2.17778992e-47]
15:35 ninjax INFO    : Signal injected in ifo V1. Frequencies, data, and PSD:
15:35 ninjax INFO    : [  20.          20.0078125   20.015625  ... 2047.9765625
 2047.984375  2047.9921875]
15:35 ninjax INFO    : [-2.52673902e-23-4.02345384e-24j -2.59963881e-23+2.00529732e-23j
 -4.41633700e-23+3.21268853e-23j ...
  2.68093527e-23+9.93100495e-24j  5.52060851e-23-5.33113432e-24j
 -2.70040822e-23-1.64197717e-23j]
15:35 ninjax INFO    : [1.43183556e-46 1.42935095e-46 1.42688205e-46 ... 6.39786094e-47
 6.39790724e-47 6.39795354e-47]
15:35 ninjax INFO    : SNR for ifo H1 is 5.736739598159583
15:35 ninjax INFO    : SNR for ifo L1 is 9.098958805097418
15:35 ninjax INFO    : SNR for ifo V1 is 1.6934977477446618
15:35 ninjax INFO    : The network SNR is 10.888947018677621
15:35 ninjax INFO    : The network SNR does not pass the threshold, trying again
15:35 ninjax INFO    : Generating new injection
15:35 ninjax INFO    : Sanity check: generated parameters:
15:35 ninjax INFO    : {'mass_1_source': 1.5119452177965158, 'mass_2_source': 1.216448775127617, 's1_z': 0.014616457942923475, 's2_z': 0.0034102180663539983, 'cos_iota': 0.12555490976360684, 'd_L': 395.19991684337896, 't_c': -0.08078048670044176, 'phase_c': 1.2740548519524917, 'psi': 0.23706161169938272, 'ra': 0.49783140058834985, 'sin_dec': 0.579124143655191}
15:35 ninjax INFO    : Computing lambdas from EOS file /home/twouters2/projects/projection_BNS_A_plus/src/projection_BNS/data/MPA1.npz . . . 
15:35 ninjax INFO    : Injected lambda_1: 325.68070484727014
15:35 ninjax INFO    : Injected lambda_2: 1124.7127240590937
15:35 ninjax INFO    : Duration is not specified in the config. Computed chirp time: for fmin = 20.0 and M_c = 1.284526846286519 is 256.0
15:35 ninjax INFO    : After transforms, the injection parameters are:
15:35 ninjax INFO    : {'mass_1_source': 1.5119452177965158, 'mass_2_source': 1.216448775127617, 's1_z': 0.014616457942923475, 's2_z': 0.0034102180663539983, 'cos_iota': 0.12555490976360684, 'd_L': 395.19991684337896, 't_c': -0.08078048670044176, 'phase_c': 1.2740548519524917, 'psi': 0.23706161169938272, 'ra': 0.49783140058834985, 'sin_dec': 0.579124143655191, 'q': 0.8045587636438637, 'M_c': 1.284526846286519, 'eta': 0.2470675517728723, 'iota': Array(1.44490918, dtype=float64, weak_type=True), 'dec': Array(0.61765393, dtype=float64, weak_type=True), 'lambda_1': 325.68070484727014, 'lambda_2': 1124.7127240590937}
15:35 ninjax INFO    : The trial injection parameters are {'M_c': 1.284526846286519, 'eta': 0.2470675517728723, 's1_z': 0.014616457942923475, 's2_z': 0.0034102180663539983, 'lambda_1': 325.68070484727014, 'lambda_2': 1124.7127240590937, 'd_L': 395.19991684337896, 'phase_c': 1.2740548519524917, 'iota': 1.4449091794206226, 't_c': -0.08078048670044176, 'psi': 0.23706161169938272, 'ra': 0.49783140058834985, 'dec': 0.6176539253609504}
15:35 ninjax INFO    : Injecting signals . . .
15:35 ninjax INFO    : self.ifos
15:35 ninjax INFO    : [GroundBased2G(H1), GroundBased2G(L1), GroundBased2G(V1)]
15:35 ninjax INFO    : Signal injected in ifo H1. Frequencies, data, and PSD:
15:35 ninjax INFO    : [  20.           20.00390625   20.0078125  ... 2047.98828125
 2047.9921875  2047.99609375]
15:35 ninjax INFO    : [-3.04453875e-23-7.54792454e-24j  7.49312129e-23-3.53763623e-23j
  1.35695462e-24+1.71627705e-22j ...
  2.25422483e-23-6.55111347e-24j  1.46120288e-23+4.92797357e-23j
  5.10662865e-23-3.46449217e-24j]
15:35 ninjax INFO    : [1.44906511e-46 1.44785671e-46 1.44667215e-46 ... 2.17778216e-47
 2.17778992e-47 2.17779767e-47]
15:35 ninjax INFO    : Signal injected in ifo L1. Frequencies, data, and PSD:
15:35 ninjax INFO    : [  20.           20.00390625   20.0078125  ... 2047.98828125
 2047.9921875  2047.99609375]
15:35 ninjax INFO    : [-6.54877256e-23-2.45236363e-23j  4.70066230e-23-1.49920304e-23j
 -1.48218952e-22+1.38181331e-23j ...
 -2.53741207e-23-4.32953499e-23j -2.41682042e-23-3.21319862e-23j
  7.93567389e-23-3.19354114e-24j]
15:35 ninjax INFO    : [1.44906511e-46 1.44785671e-46 1.44667215e-46 ... 2.17778216e-47
 2.17778992e-47 2.17779767e-47]
15:35 ninjax INFO    : Signal injected in ifo V1. Frequencies, data, and PSD:
15:35 ninjax INFO    : [  20.           20.00390625   20.0078125  ... 2047.98828125
 2047.9921875  2047.99609375]
15:35 ninjax INFO    : [-6.30105651e-23-4.20833495e-23j  6.40692192e-23+3.01236960e-23j
 -3.69401327e-23-5.57687217e-23j ...
 -2.60527474e-23+4.89183385e-23j  3.97766966e-23+4.60130803e-23j
 -4.17488685e-23+1.29686330e-22j]
15:35 ninjax INFO    : [1.43183556e-46 1.43058540e-46 1.42935095e-46 ... 6.39793039e-47
 6.39795354e-47 6.39797668e-47]
15:35 ninjax INFO    : SNR for ifo H1 is 3.2783572231166036
15:35 ninjax INFO    : SNR for ifo L1 is 2.3328791004615472
15:35 ninjax INFO    : SNR for ifo V1 is 0.5821442894675904
15:35 ninjax INFO    : The network SNR is 4.065567974279954
15:35 ninjax INFO    : The network SNR does not pass the threshold, trying again
15:35 ninjax INFO    : Generating new injection
15:35 ninjax INFO    : Sanity check: generated parameters:
15:35 ninjax INFO    : {'mass_1_source': 2.1946742470468728, 'mass_2_source': 1.2301318363833005, 's1_z': -0.026807824644171377, 's2_z': 0.036113567440653555, 'cos_iota': 0.32624846353507353, 'd_L': 376.84846856471296, 't_c': 0.05263693448727419, 'phase_c': 3.4247912514804604, 'psi': 0.15165469872896725, 'ra': 2.8022762348211017, 'sin_dec': 0.6748210728071449}
15:35 ninjax INFO    : Computing lambdas from EOS file /home/twouters2/projects/projection_BNS_A_plus/src/projection_BNS/data/MPA1.npz . . . 
15:35 ninjax INFO    : Injected lambda_1: 21.81869075037983
15:35 ninjax INFO    : Injected lambda_2: 1058.322322652181
15:35 ninjax INFO    : Duration is not specified in the config. Computed chirp time: for fmin = 20.0 and M_c = 1.5394164756607882 is 128.0
15:35 ninjax INFO    : After transforms, the injection parameters are:
15:35 ninjax INFO    : {'mass_1_source': 2.1946742470468728, 'mass_2_source': 1.2301318363833005, 's1_z': -0.026807824644171377, 's2_z': 0.036113567440653555, 'cos_iota': 0.32624846353507353, 'd_L': 376.84846856471296, 't_c': 0.05263693448727419, 'phase_c': 3.4247912514804604, 'psi': 0.15165469872896725, 'ra': 2.8022762348211017, 'sin_dec': 0.6748210728071449, 'q': 0.5605077099886469, 'M_c': 1.5394164756607882, 'eta': 0.2301705489032672, 'iota': Array(1.23846417, dtype=float64, weak_type=True), 'dec': Array(0.74072222, dtype=float64, weak_type=True), 'lambda_1': 21.81869075037983, 'lambda_2': 1058.322322652181}
15:35 ninjax INFO    : The trial injection parameters are {'M_c': 1.5394164756607882, 'eta': 0.2301705489032672, 's1_z': -0.026807824644171377, 's2_z': 0.036113567440653555, 'lambda_1': 21.81869075037983, 'lambda_2': 1058.322322652181, 'd_L': 376.84846856471296, 'phase_c': 3.4247912514804604, 'iota': 1.2384641707533468, 't_c': 0.05263693448727419, 'psi': 0.15165469872896725, 'ra': 2.8022762348211017, 'dec': 0.7407222204305549}
15:35 ninjax INFO    : Injecting signals . . .
15:35 ninjax INFO    : self.ifos
15:35 ninjax INFO    : [GroundBased2G(H1), GroundBased2G(L1), GroundBased2G(V1)]
15:35 ninjax INFO    : Signal injected in ifo H1. Frequencies, data, and PSD:
15:35 ninjax INFO    : [  20.          20.0078125   20.015625  ... 2047.9765625
 2047.984375  2047.9921875]
15:35 ninjax INFO    : [-6.67201565e-23-3.84381135e-23j -8.08750467e-23-4.79715282e-23j
 -3.75730447e-23+2.69608815e-23j ...
  5.39276234e-24+2.45611913e-24j  1.84029243e-23-8.43609062e-24j
  3.40736080e-24+7.17846270e-24j]
15:35 ninjax INFO    : [1.44906511e-46 1.44667215e-46 1.44435812e-46 ... 2.17775889e-47
 2.17777440e-47 2.17778992e-47]
15:35 ninjax INFO    : Signal injected in ifo L1. Frequencies, data, and PSD:
15:35 ninjax INFO    : [  20.          20.0078125   20.015625  ... 2047.9765625
 2047.984375  2047.9921875]
15:35 ninjax INFO    : [ 2.35195154e-23-7.89628401e-23j -4.40828511e-23+3.60486112e-23j
  1.10951122e-23+5.53733904e-23j ...
  1.86703625e-23-1.85004590e-23j  2.39227072e-24+2.92689593e-23j
 -6.76490301e-24-1.27936851e-23j]
15:35 ninjax INFO    : [1.44906511e-46 1.44667215e-46 1.44435812e-46 ... 2.17775889e-47
 2.17777440e-47 2.17778992e-47]
15:35 ninjax INFO    : Signal injected in ifo V1. Frequencies, data, and PSD:
15:35 ninjax INFO    : [  20.          20.0078125   20.015625  ... 2047.9765625
 2047.984375  2047.9921875]
15:35 ninjax INFO    : [-2.10469016e-23-6.43671701e-24j -2.49629329e-23+1.52399887e-23j
 -4.71116189e-23+2.81099193e-23j ...
  2.68093527e-23+9.93100495e-24j  5.52060851e-23-5.33113432e-24j
 -2.70040822e-23-1.64197717e-23j]
15:35 ninjax INFO    : [1.43183556e-46 1.42935095e-46 1.42688205e-46 ... 6.39786094e-47
 6.39790724e-47 6.39795354e-47]
15:35 ninjax INFO    : SNR for ifo H1 is 3.05411385977044
15:35 ninjax INFO    : SNR for ifo L1 is 3.228331441272736
15:35 ninjax INFO    : SNR for ifo V1 is 8.21465035723827
15:35 ninjax INFO    : The network SNR is 9.339711765082841
15:35 ninjax INFO    : The network SNR does not pass the threshold, trying again
15:35 ninjax INFO    : Generating new injection
15:35 ninjax INFO    : Sanity check: generated parameters:
15:35 ninjax INFO    : {'mass_1_source': 2.377336380195941, 'mass_2_source': 2.2364306707836286, 's1_z': 0.04534487369456977, 's2_z': -0.04617284503172268, 'cos_iota': -0.8676095840875071, 'd_L': 359.9223330109605, 't_c': -0.09204539820348062, 'phase_c': 3.4620655440562285, 'psi': 0.5668597597631544, 'ra': 1.8122783593541674, 'sin_dec': 0.9031488335155791}
15:35 ninjax INFO    : Computing lambdas from EOS file /home/twouters2/projects/projection_BNS_A_plus/src/projection_BNS/data/MPA1.npz . . . 
15:35 ninjax INFO    : Injected lambda_1: 8.581698265534262
15:35 ninjax INFO    : Injected lambda_2: 18.05772962247904
15:35 ninjax INFO    : Duration is not specified in the config. Computed chirp time: for fmin = 20.0 and M_c = 2.1703683607931135 is 64.0
15:35 ninjax INFO    : After transforms, the injection parameters are:
15:35 ninjax INFO    : {'mass_1_source': 2.377336380195941, 'mass_2_source': 2.2364306707836286, 's1_z': 0.04534487369456977, 's2_z': -0.04617284503172268, 'cos_iota': -0.8676095840875071, 'd_L': 359.9223330109605, 't_c': -0.09204539820348062, 'phase_c': 3.4620655440562285, 'psi': 0.5668597597631544, 'ra': 1.8122783593541674, 'sin_dec': 0.9031488335155791, 'q': 0.9407295868661636, 'M_c': 2.1703683607931135, 'eta': 0.2497668229176454, 'iota': Array(2.62117099, dtype=float64, weak_type=True), 'dec': Array(1.12704819, dtype=float64, weak_type=True), 'lambda_1': 8.581698265534262, 'lambda_2': 18.05772962247904}
15:35 ninjax INFO    : The trial injection parameters are {'M_c': 2.1703683607931135, 'eta': 0.2497668229176454, 's1_z': 0.04534487369456977, 's2_z': -0.04617284503172268, 'lambda_1': 8.581698265534262, 'lambda_2': 18.05772962247904, 'd_L': 359.9223330109605, 'phase_c': 3.4620655440562285, 'iota': 2.621170985606746, 't_c': -0.09204539820348062, 'psi': 0.5668597597631544, 'ra': 1.8122783593541674, 'dec': 1.1270481926710247}
15:35 ninjax INFO    : Injecting signals . . .
15:35 ninjax INFO    : self.ifos
15:35 ninjax INFO    : [GroundBased2G(H1), GroundBased2G(L1), GroundBased2G(V1)]
15:35 ninjax INFO    : Signal injected in ifo H1. Frequencies, data, and PSD:
15:35 ninjax INFO    : [  20.         20.015625   20.03125  ... 2047.953125 2047.96875
 2047.984375]
15:35 ninjax INFO    : [-8.48075818e-24-2.10878332e-23j -5.15711298e-23-3.52142830e-23j
 -2.02164682e-23-3.83003091e-24j ...
  1.42407195e-23-1.04947507e-23j  2.81443331e-23-1.50319668e-23j
 -3.61020290e-24+1.26375134e-23j]
15:35 ninjax INFO    : [1.44906511e-46 1.44435812e-46 1.43973008e-46 ... 2.17771234e-47
 2.17774337e-47 2.17777440e-47]
15:35 ninjax INFO    : Signal injected in ifo L1. Frequencies, data, and PSD:
15:35 ninjax INFO    : [  20.         20.015625   20.03125  ... 2047.953125 2047.96875
 2047.984375]
15:35 ninjax INFO    : [ 4.12599734e-24+3.34243552e-23j  3.15957573e-23+3.68535766e-23j
 -5.55046001e-23-4.63708135e-23j ...
 -7.38594598e-25+1.24830153e-23j -2.30926447e-24-1.59697464e-23j
 -2.15710838e-23-2.08484429e-23j]
15:35 ninjax INFO    : [1.44906511e-46 1.44435812e-46 1.43973008e-46 ... 2.17771234e-47
 2.17774337e-47 2.17777440e-47]
15:35 ninjax INFO    : Signal injected in ifo V1. Frequencies, data, and PSD:
15:35 ninjax INFO    : [  20.         20.015625   20.03125  ... 2047.953125 2047.96875
 2047.984375]
15:35 ninjax INFO    : [ 4.36456839e-23-1.13692941e-23j  7.36691460e-24+3.54571460e-24j
 -4.17465148e-24+1.35898842e-23j ...
 -2.31777921e-23+3.59856588e-23j  3.26436685e-23+3.48219589e-23j
  6.07753244e-24+2.39780512e-23j]
15:35 ninjax INFO    : [1.43183556e-46 1.42688205e-46 1.42194425e-46 ... 6.39772204e-47
 6.39781464e-47 6.39790724e-47]
15:35 ninjax INFO    : SNR for ifo H1 is 18.395064281157467
15:35 ninjax INFO    : SNR for ifo L1 is 17.415146024261468
15:35 ninjax INFO    : SNR for ifo V1 is 14.055751923197912
15:35 ninjax INFO    : The network SNR is 28.969464321605034
15:35 ninjax INFO    : The network SNR does not pass the threshold, trying again
15:35 ninjax INFO    : Generating new injection
15:35 ninjax INFO    : Sanity check: generated parameters:
15:35 ninjax INFO    : {'mass_1_source': 2.2747168040307626, 'mass_2_source': 2.210789689702981, 's1_z': 0.04981250580147993, 's2_z': 0.012372195213085323, 'cos_iota': 0.6293718462659985, 'd_L': 453.8450453728178, 't_c': -0.011864844412084269, 'phase_c': 4.090064107628258, 'psi': 1.4583573020076575, 'ra': 1.057234656015611, 'sin_dec': 0.1517331453771935}
15:35 ninjax INFO    : Computing lambdas from EOS file /home/twouters2/projects/projection_BNS_A_plus/src/projection_BNS/data/MPA1.npz . . . 
15:35 ninjax INFO    : Injected lambda_1: 15.049321801647608
15:35 ninjax INFO    : Injected lambda_2: 20.30263039543348
15:35 ninjax INFO    : Duration is not specified in the config. Computed chirp time: for fmin = 20.0 and M_c = 2.1523878053027286 is 64.0
15:35 ninjax INFO    : After transforms, the injection parameters are:
15:35 ninjax INFO    : {'mass_1_source': 2.2747168040307626, 'mass_2_source': 2.210789689702981, 's1_z': 0.04981250580147993, 's2_z': 0.012372195213085323, 'cos_iota': 0.6293718462659985, 'd_L': 453.8450453728178, 't_c': -0.011864844412084269, 'phase_c': 4.090064107628258, 'psi': 1.4583573020076575, 'ra': 1.057234656015611, 'sin_dec': 0.1517331453771935, 'q': 0.9718966711748452, 'M_c': 2.1523878053027286, 'eta': 0.2499492206390795, 'iota': Array(0.89005171, dtype=float64, weak_type=True), 'dec': Array(0.15232149, dtype=float64, weak_type=True), 'lambda_1': 15.049321801647608, 'lambda_2': 20.30263039543348}
15:35 ninjax INFO    : The trial injection parameters are {'M_c': 2.1523878053027286, 'eta': 0.2499492206390795, 's1_z': 0.04981250580147993, 's2_z': 0.012372195213085323, 'lambda_1': 15.049321801647608, 'lambda_2': 20.30263039543348, 'd_L': 453.8450453728178, 'phase_c': 4.090064107628258, 'iota': 0.8900517062503768, 't_c': -0.011864844412084269, 'psi': 1.4583573020076575, 'ra': 1.057234656015611, 'dec': 0.15232148542718704}
15:35 ninjax INFO    : Injecting signals . . .
15:35 ninjax INFO    : self.ifos
15:35 ninjax INFO    : [GroundBased2G(H1), GroundBased2G(L1), GroundBased2G(V1)]
15:35 ninjax INFO    : Signal injected in ifo H1. Frequencies, data, and PSD:
15:35 ninjax INFO    : [  20.         20.015625   20.03125  ... 2047.953125 2047.96875
 2047.984375]
15:35 ninjax INFO    : [-1.73450617e-24-1.43820216e-23j -4.44602962e-23-2.83796059e-23j
 -1.26675539e-23+3.03000135e-24j ...
  1.42088555e-23-1.04774852e-23j  2.81094754e-23-1.50215227e-23j
 -3.64660500e-24+1.26406400e-23j]
15:35 ninjax INFO    : [1.44906511e-46 1.44435812e-46 1.43973008e-46 ... 2.17771234e-47
 2.17774337e-47 2.17777440e-47]
15:35 ninjax INFO    : Signal injected in ifo L1. Frequencies, data, and PSD:
15:35 ninjax INFO    : [  20.         20.015625   20.03125  ... 2047.953125 2047.96875
 2047.984375]
15:35 ninjax INFO    : [-6.62428878e-24+2.65867064e-23j  2.06232916e-23+2.99189508e-23j
 -6.67677596e-23-5.32509189e-23j ...
 -7.34523728e-25+1.24750453e-23j -2.30357012e-24-1.59765410e-23j
 -2.15640770e-23-2.08537427e-23j]
15:35 ninjax INFO    : [1.44906511e-46 1.44435812e-46 1.43973008e-46 ... 2.17771234e-47
 2.17774337e-47 2.17777440e-47]
15:35 ninjax INFO    : Signal injected in ifo V1. Frequencies, data, and PSD:
15:35 ninjax INFO    : [  20.         20.015625   20.03125  ... 2047.953125 2047.96875
 2047.984375]
15:35 ninjax INFO    : [ 4.98664344e-23-1.91704116e-23j  1.35331765e-23-4.51601094e-24j
  1.82395402e-24+5.20420740e-24j ...
 -2.31923144e-23+3.59505666e-23j  3.26366295e-23+3.47847424e-23j
  6.07823235e-24+2.39402840e-23j]
15:35 ninjax INFO    : [1.43183556e-46 1.42688205e-46 1.42194425e-46 ... 6.39772204e-47
 6.39781464e-47 6.39790724e-47]
15:35 ninjax INFO    : SNR for ifo H1 is 10.897474469758508
15:35 ninjax INFO    : SNR for ifo L1 is 13.312969998953518
15:35 ninjax INFO    : SNR for ifo V1 is 5.268252871004959
15:35 ninjax INFO    : The network SNR is 17.992904388256136
15:35 ninjax INFO    : The network SNR does not pass the threshold, trying again
15:35 ninjax INFO    : Generating new injection
15:35 ninjax INFO    : Sanity check: generated parameters:
15:35 ninjax INFO    : {'mass_1_source': 1.9121381101491184, 'mass_2_source': 1.51275654022107, 's1_z': -0.00021693976233529838, 's2_z': -0.029920211083342398, 'cos_iota': -0.5853798112934667, 'd_L': 402.33391931699384, 't_c': 0.030711854327835353, 'phase_c': 1.323006997843169, 'psi': 2.734435344202406, 'ra': 4.975133403445568, 'sin_dec': 0.8288998876793325}
15:35 ninjax INFO    : Computing lambdas from EOS file /home/twouters2/projects/projection_BNS_A_plus/src/projection_BNS/data/MPA1.npz . . . 
15:35 ninjax INFO    : Injected lambda_1: 69.03039736195814
15:35 ninjax INFO    : Injected lambda_2: 324.627638058121
15:35 ninjax INFO    : Duration is not specified in the config. Computed chirp time: for fmin = 20.0 and M_c = 1.6129927447860621 is 128.0
15:35 ninjax INFO    : After transforms, the injection parameters are:
15:35 ninjax INFO    : {'mass_1_source': 1.9121381101491184, 'mass_2_source': 1.51275654022107, 's1_z': -0.00021693976233529838, 's2_z': -0.029920211083342398, 'cos_iota': -0.5853798112934667, 'd_L': 402.33391931699384, 't_c': 0.030711854327835353, 'phase_c': 1.323006997843169, 'psi': 2.734435344202406, 'ra': 4.975133403445568, 'sin_dec': 0.8288998876793325, 'q': 0.7911335128941589, 'M_c': 1.6129927447860621, 'eta': 0.2466004485838582, 'iota': Array(2.19614477, dtype=float64, weak_type=True), 'dec': Array(0.97713821, dtype=float64, weak_type=True), 'lambda_1': 69.03039736195814, 'lambda_2': 324.627638058121}
15:35 ninjax INFO    : The trial injection parameters are {'M_c': 1.6129927447860621, 'eta': 0.2466004485838582, 's1_z': -0.00021693976233529838, 's2_z': -0.029920211083342398, 'lambda_1': 69.03039736195814, 'lambda_2': 324.627638058121, 'd_L': 402.33391931699384, 'phase_c': 1.323006997843169, 'iota': 2.196144769123354, 't_c': 0.030711854327835353, 'psi': 2.734435344202406, 'ra': 4.975133403445568, 'dec': 0.9771382053242459}
15:35 ninjax INFO    : Injecting signals . . .
15:35 ninjax INFO    : self.ifos
15:35 ninjax INFO    : [GroundBased2G(H1), GroundBased2G(L1), GroundBased2G(V1)]
15:35 ninjax INFO    : Signal injected in ifo H1. Frequencies, data, and PSD:
15:35 ninjax INFO    : [  20.          20.0078125   20.015625  ... 2047.9765625
 2047.984375  2047.9921875]
15:35 ninjax INFO    : [-6.34091785e-23-4.16817814e-23j -8.23966435e-23-5.24671393e-23j
 -4.22426434e-23+2.64054540e-23j ...
  5.39276234e-24+2.45611913e-24j  1.84029243e-23-8.43609062e-24j
  3.40736080e-24+7.17846270e-24j]
15:35 ninjax INFO    : [1.44906511e-46 1.44667215e-46 1.44435812e-46 ... 2.17775889e-47
 2.17777440e-47 2.17778992e-47]
15:35 ninjax INFO    : Signal injected in ifo L1. Frequencies, data, and PSD:
15:35 ninjax INFO    : [  20.          20.0078125   20.015625  ... 2047.9765625
 2047.984375  2047.9921875]
15:35 ninjax INFO    : [ 2.34957709e-23-7.71164365e-23j -4.27806322e-23+3.62737300e-23j
  1.11402202e-23+5.42752226e-23j ...
  1.86703625e-23-1.85004590e-23j  2.39227072e-24+2.92689593e-23j
 -6.76490301e-24-1.27936851e-23j]
15:35 ninjax INFO    : [1.44906511e-46 1.44667215e-46 1.44435812e-46 ... 2.17775889e-47
 2.17777440e-47 2.17778992e-47]
15:35 ninjax INFO    : Signal injected in ifo V1. Frequencies, data, and PSD:
15:35 ninjax INFO    : [  20.          20.0078125   20.015625  ... 2047.9765625
 2047.984375  2047.9921875]
15:35 ninjax INFO    : [-2.68869829e-23-2.34992565e-24j -2.48659445e-23+2.16806692e-23j
 -4.25207551e-23+3.12080310e-23j ...
  2.68093527e-23+9.93100495e-24j  5.52060851e-23-5.33113432e-24j
 -2.70040822e-23-1.64197717e-23j]
15:35 ninjax INFO    : [1.43183556e-46 1.42935095e-46 1.42688205e-46 ... 6.39786094e-47
 6.39790724e-47 6.39795354e-47]
15:35 ninjax INFO    : SNR for ifo H1 is 7.187353528273532
15:35 ninjax INFO    : SNR for ifo L1 is 5.60188582583645
15:35 ninjax INFO    : SNR for ifo V1 is 4.885641728882152
15:35 ninjax INFO    : The network SNR is 10.339664919574904
15:35 ninjax INFO    : The network SNR does not pass the threshold, trying again
15:35 ninjax INFO    : Generating new injection
15:35 ninjax INFO    : Sanity check: generated parameters:
15:35 ninjax INFO    : {'mass_1_source': 2.4323838205566206, 'mass_2_source': 1.9169142053406247, 's1_z': -0.04987876415849424, 's2_z': 0.039370480743503425, 'cos_iota': -0.02036769541394179, 'd_L': 208.5474947388992, 't_c': 0.09738664659626758, 'phase_c': 3.3122691163277875, 'psi': 2.333007144431931, 'ra': 4.1688932567117964, 'sin_dec': 0.9093624669248714}
15:35 ninjax INFO    : Computing lambdas from EOS file /home/twouters2/projects/projection_BNS_A_plus/src/projection_BNS/data/MPA1.npz . . . 
15:35 ninjax INFO    : Injected lambda_1: 5.709690477631884
15:35 ninjax INFO    : Injected lambda_2: 67.7625694920165
15:35 ninjax INFO    : Duration is not specified in the config. Computed chirp time: for fmin = 20.0 and M_c = 1.9655974429842065 is 128.0
15:35 ninjax INFO    : After transforms, the injection parameters are:
15:35 ninjax INFO    : {'mass_1_source': 2.4323838205566206, 'mass_2_source': 1.9169142053406247, 's1_z': -0.04987876415849424, 's2_z': 0.039370480743503425, 'cos_iota': -0.02036769541394179, 'd_L': 208.5474947388992, 't_c': 0.09738664659626758, 'phase_c': 3.3122691163277875, 'psi': 2.333007144431931, 'ra': 4.1688932567117964, 'sin_dec': 0.9093624669248714, 'q': 0.7880804785578466, 'M_c': 1.9655974429842065, 'eta': 0.24648837757093664, 'iota': Array(1.59116543, dtype=float64, weak_type=True), 'dec': Array(1.14174897, dtype=float64, weak_type=True), 'lambda_1': 5.709690477631884, 'lambda_2': 67.7625694920165}
15:35 ninjax INFO    : The trial injection parameters are {'M_c': 1.9655974429842065, 'eta': 0.24648837757093664, 's1_z': -0.04987876415849424, 's2_z': 0.039370480743503425, 'lambda_1': 5.709690477631884, 'lambda_2': 67.7625694920165, 'd_L': 208.5474947388992, 'phase_c': 3.3122691163277875, 'iota': 1.591165430704492, 't_c': 0.09738664659626758, 'psi': 2.333007144431931, 'ra': 4.1688932567117964, 'dec': 1.1417489715122575}
15:35 ninjax INFO    : Injecting signals . . .
15:35 ninjax INFO    : self.ifos
15:35 ninjax INFO    : [GroundBased2G(H1), GroundBased2G(L1), GroundBased2G(V1)]
15:35 ninjax INFO    : Signal injected in ifo H1. Frequencies, data, and PSD:
15:35 ninjax INFO    : [  20.          20.0078125   20.015625  ... 2047.9765625
 2047.984375  2047.9921875]
15:35 ninjax INFO    : [-6.58207598e-23-4.01990710e-23j -8.18970872e-23-4.89977784e-23j
 -3.83536503e-23+2.64863415e-23j ...
  5.39166132e-24+2.45724887e-24j  1.84017223e-23-8.43506907e-24j
  3.40606845e-24+7.17936707e-24j]
15:35 ninjax INFO    : [1.44906511e-46 1.44667215e-46 1.44435812e-46 ... 2.17775889e-47
 2.17777440e-47 2.17778992e-47]
15:35 ninjax INFO    : Signal injected in ifo L1. Frequencies, data, and PSD:
15:35 ninjax INFO    : [  20.          20.0078125   20.015625  ... 2047.9765625
 2047.984375  2047.9921875]
15:35 ninjax INFO    : [ 2.26300639e-23-7.81364494e-23j -4.52344002e-23+3.56553693e-23j
  1.02836283e-23+5.79505790e-23j ...
  1.86677315e-23-1.84979971e-23j  2.38942142e-24+2.92711646e-23j
 -6.76794568e-24-1.27917558e-23j]
15:35 ninjax INFO    : [1.44906511e-46 1.44667215e-46 1.44435812e-46 ... 2.17775889e-47
 2.17777440e-47 2.17778992e-47]
15:35 ninjax INFO    : Signal injected in ifo V1. Frequencies, data, and PSD:
15:35 ninjax INFO    : [  20.          20.0078125   20.015625  ... 2047.9765625
 2047.984375  2047.9921875]
15:35 ninjax INFO    : [-2.72304824e-23-4.39062653e-24j -2.52638413e-23+1.99608370e-23j
 -4.63800939e-23+3.14344438e-23j ...
  2.68124799e-23+9.93454355e-24j  5.52088655e-23-5.32731750e-24j
 -2.70016732e-23-1.64157105e-23j]
15:35 ninjax INFO    : [1.43183556e-46 1.42935095e-46 1.42688205e-46 ... 6.39786094e-47
 6.39790724e-47 6.39795354e-47]
15:35 ninjax INFO    : SNR for ifo H1 is 1.2019239734518152
15:35 ninjax INFO    : SNR for ifo L1 is 2.7453087442432538
15:35 ninjax INFO    : SNR for ifo V1 is 2.838867763965959
15:35 ninjax INFO    : The network SNR is 4.1280154457634675
15:35 ninjax INFO    : The network SNR does not pass the threshold, trying again
15:35 ninjax INFO    : Generating new injection
15:35 ninjax INFO    : Sanity check: generated parameters:
15:35 ninjax INFO    : {'mass_1_source': 2.40233745200792, 'mass_2_source': 2.3768868069127196, 's1_z': -0.04300977648258508, 's2_z': -0.04554150342272487, 'cos_iota': 0.7893088654215901, 'd_L': 140.62854082143085, 't_c': -0.05262601848280855, 'phase_c': 5.7887579110488145, 'psi': 0.22676569726858048, 'ra': 5.690039319957132, 'sin_dec': 0.5012131899283623}
15:35 ninjax INFO    : Computing lambdas from EOS file /home/twouters2/projects/projection_BNS_A_plus/src/projection_BNS/data/MPA1.npz . . . 
15:35 ninjax INFO    : Injected lambda_1: 7.25625133704448
15:35 ninjax INFO    : Injected lambda_2: 8.606167588927658
15:35 ninjax INFO    : Duration is not specified in the config. Computed chirp time: for fmin = 20.0 and M_c = 2.1463443910891193 is 64.0
15:35 ninjax INFO    : After transforms, the injection parameters are:
15:35 ninjax INFO    : {'mass_1_source': 2.40233745200792, 'mass_2_source': 2.3768868069127196, 's1_z': -0.04300977648258508, 's2_z': -0.04554150342272487, 'cos_iota': 0.7893088654215901, 'd_L': 140.62854082143085, 't_c': -0.05262601848280855, 'phase_c': 5.7887579110488145, 'psi': 0.22676569726858048, 'ra': 5.690039319957132, 'sin_dec': 0.5012131899283623, 'q': 0.9894058825607833, 'M_c': 2.1463443910891193, 'eta': 0.24999291038292074, 'iota': Array(0.66111378, dtype=float64, weak_type=True), 'dec': Array(0.52500021, dtype=float64, weak_type=True), 'lambda_1': 7.25625133704448, 'lambda_2': 8.606167588927658}
15:35 ninjax INFO    : The trial injection parameters are {'M_c': 2.1463443910891193, 'eta': 0.24999291038292074, 's1_z': -0.04300977648258508, 's2_z': -0.04554150342272487, 'lambda_1': 7.25625133704448, 'lambda_2': 8.606167588927658, 'd_L': 140.62854082143085, 'phase_c': 5.7887579110488145, 'iota': 0.6611137782648313, 't_c': -0.05262601848280855, 'psi': 0.22676569726858048, 'ra': 5.690039319957132, 'dec': 0.5250002140869645}
15:35 ninjax INFO    : Injecting signals . . .
15:35 ninjax INFO    : self.ifos
15:35 ninjax INFO    : [GroundBased2G(H1), GroundBased2G(L1), GroundBased2G(V1)]
15:35 ninjax INFO    : Signal injected in ifo H1. Frequencies, data, and PSD:
15:35 ninjax INFO    : [  20.         20.015625   20.03125  ... 2047.953125 2047.96875
 2047.984375]
15:35 ninjax INFO    : [-5.48939163e-26-4.30966072e-26j -4.37036143e-23-1.38639570e-23j
 -1.26606577e-23+1.76627847e-23j ...
  1.42439481e-23-1.04103673e-23j  2.81303923e-23-1.49487587e-23j
 -3.64070248e-24+1.27160923e-23j]
15:35 ninjax INFO    : [1.44906511e-46 1.44435812e-46 1.43973008e-46 ... 2.17771234e-47
 2.17774337e-47 2.17777440e-47]
15:35 ninjax INFO    : Signal injected in ifo L1. Frequencies, data, and PSD:
15:35 ninjax INFO    : [  20.         20.015625   20.03125  ... 2047.953125 2047.96875
 2047.984375]
15:35 ninjax INFO    : [-4.03771293e-24+2.63450211e-23j  2.32271009e-23+2.97152989e-23j
 -6.41458043e-23-5.34480814e-23j ...
 -7.02796564e-25+1.24700365e-23j -2.27150561e-24-1.59751400e-23j
 -2.15329563e-23-2.08459978e-23j]
15:35 ninjax INFO    : [1.44906511e-46 1.44435812e-46 1.43973008e-46 ... 2.17771234e-47
 2.17774337e-47 2.17777440e-47]
15:35 ninjax INFO    : Signal injected in ifo V1. Frequencies, data, and PSD:
15:35 ninjax INFO    : [  20.         20.015625   20.03125  ... 2047.953125 2047.96875
 2047.984375]
15:35 ninjax INFO    : [ 3.77775231e-23-1.23488900e-23j  1.11011515e-24+1.49512953e-24j
 -1.08125755e-23+1.05506364e-23j ...
 -2.31266582e-23+3.59553488e-23j  3.27000229e-23+3.48024978e-23j
  6.13682594e-24+2.39703032e-23j]
15:35 ninjax INFO    : [1.43183556e-46 1.42688205e-46 1.42194425e-46 ... 6.39772204e-47
 6.39781464e-47 6.39790724e-47]
15:35 ninjax INFO    : SNR for ifo H1 is 30.490871344108083
15:35 ninjax INFO    : SNR for ifo L1 is 7.780443946801735
15:35 ninjax INFO    : SNR for ifo V1 is 22.369585474169437
15:35 ninjax INFO    : The network SNR is 38.608637603759696
15:35 ninjax INFO    : Network SNR passes threshold
15:35 ninjax INFO    : Sanity checking the GW injection for ArrayImpl
15:35 ninjax INFO    :    mass_1_source: 2.40233745200792
15:35 ninjax INFO    :    mass_2_source: 2.3768868069127196
15:35 ninjax INFO    :    s1_z: -0.04300977648258508
15:35 ninjax INFO    :    s2_z: -0.04554150342272487
15:35 ninjax INFO    :    cos_iota: 0.7893088654215901
15:35 ninjax INFO    :    d_L: 140.62854082143085
15:35 ninjax INFO    :    t_c: -0.05262601848280855
15:35 ninjax INFO    :    phase_c: 5.7887579110488145
15:35 ninjax INFO    :    psi: 0.22676569726858048
15:35 ninjax INFO    :    ra: 5.690039319957132
15:35 ninjax INFO    :    sin_dec: 0.5012131899283623
15:35 ninjax INFO    :    q: 0.9894058825607833
15:35 ninjax INFO    :    M_c: 2.1463443910891193
15:35 ninjax INFO    :    eta: 0.24999291038292074
15:35 ninjax INFO    :    iota: 0.6611137782648313
15:35 ninjax INFO    :    dec: 0.5250002140869645
15:35 ninjax INFO    :    lambda_1: 7.25625133704448
15:35 ninjax INFO    :    lambda_2: 8.606167588927658
15:35 ninjax INFO    :    H1_SNR: 30.490871344108083
15:35 ninjax INFO    :    L1_SNR: 7.780443946801735
15:35 ninjax INFO    :    V1_SNR: 22.369585474169437
15:35 ninjax INFO    :    network_SNR: 38.608637603759696
15:35 ninjax INFO    :    epoch: 62.0
15:35 ninjax INFO    :    gmst: 2.7288901910520846
15:35 ninjax INFO    :    duration: 64.0
15:35 ninjax INFO    : Using GW HeterodynedTransientLikelihoodFD. Initializing likelihood
15:35 ninjax INFO    : Using the injection parameters as reference parameters for the relative binning
15:35 ninjax INFO    : Using the following kwargs for the GW likelihood: {}
