Fri Mar 28 12:53:02 CET 2025
NVIDIA H100
/gpfs/home6/twouters2/ninjax_dev/jim/src/jimgw/prior.py:94: UserWarning: As of jaxtyping version 0.2.24, jaxtyping now prefers the syntax
```
from jaxtyping import jaxtyped
# Use your favourite typechecker: usually one of the two lines below.
from typeguard import typechecked as typechecker
from beartype import beartype as typechecker

@jaxtyped(typechecker=typechecker)
def foo(...):
```
and the old double-decorator syntax
```
@jaxtyped
@typechecker
def foo(...):
```
should no longer be used. (It will continue to work as it did before, but the new approach will produce more readable error messages.)
In particular note that `typechecker` must be passed via keyword argument; the following is not valid:
```
@jaxtyped(typechecker)
def foo(...):
```

  class Uniform(Prior):
/gpfs/home6/twouters2/ninjax_dev/jim/src/jimgw/prior.py:149: UserWarning: As of jaxtyping version 0.2.24, jaxtyping now prefers the syntax
```
from jaxtyping import jaxtyped
# Use your favourite typechecker: usually one of the two lines below.
from typeguard import typechecked as typechecker
from beartype import beartype as typechecker

@jaxtyped(typechecker=typechecker)
def foo(...):
```
and the old double-decorator syntax
```
@jaxtyped
@typechecker
def foo(...):
```
should no longer be used. (It will continue to work as it did before, but the new approach will produce more readable error messages.)
In particular note that `typechecker` must be passed via keyword argument; the following is not valid:
```
@jaxtyped(typechecker)
def foo(...):
```

  class Unconstrained_Uniform(Prior):
/gpfs/home6/twouters2/ninjax_dev/jim/src/jimgw/prior.py:263: UserWarning: As of jaxtyping version 0.2.24, jaxtyping now prefers the syntax
```
from jaxtyping import jaxtyped
# Use your favourite typechecker: usually one of the two lines below.
from typeguard import typechecked as typechecker
from beartype import beartype as typechecker

@jaxtyped(typechecker=typechecker)
def foo(...):
```
and the old double-decorator syntax
```
@jaxtyped
@typechecker
def foo(...):
```
should no longer be used. (It will continue to work as it did before, but the new approach will produce more readable error messages.)
In particular note that `typechecker` must be passed via keyword argument; the following is not valid:
```
@jaxtyped(typechecker)
def foo(...):
```

  class AlignedSpin(Prior):
/gpfs/home6/twouters2/ninjax_dev/jim/src/jimgw/prior.py:377: UserWarning: As of jaxtyping version 0.2.24, jaxtyping now prefers the syntax
```
from jaxtyping import jaxtyped
# Use your favourite typechecker: usually one of the two lines below.
from typeguard import typechecked as typechecker
from beartype import beartype as typechecker

@jaxtyped(typechecker=typechecker)
def foo(...):
```
and the old double-decorator syntax
```
@jaxtyped
@typechecker
def foo(...):
```
should no longer be used. (It will continue to work as it did before, but the new approach will produce more readable error messages.)
In particular note that `typechecker` must be passed via keyword argument; the following is not valid:
```
@jaxtyped(typechecker)
def foo(...):
```

  class PowerLaw(Prior):
/gpfs/home6/twouters2/ninjax_dev/jim/src/jimgw/single_event/detector.py:496: UserWarning: As of jaxtyping version 0.2.24, jaxtyping now prefers the syntax
```
from jaxtyping import jaxtyped
# Use your favourite typechecker: usually one of the two lines below.
from typeguard import typechecked as typechecker
from beartype import beartype as typechecker

@jaxtyped(typechecker=typechecker)
def foo(...):
```
and the old double-decorator syntax
```
@jaxtyped
@typechecker
def foo(...):
```
should no longer be used. (It will continue to work as it did before, but the new approach will produce more readable error messages.)
In particular note that `typechecker` must be passed via keyword argument; the following is not valid:
```
@jaxtyped(typechecker)
def foo(...):
```

  def load_psd(
12:53 ninjax INFO    : Checking and setting outdir
12:53 ninjax INFO    : Found generation prior file ./outdir/injection_22/generation_prior.prior
12:53 ninjax INFO    : The outdir is set to ./outdir/injection_22
12:53 ninjax INFO    : Loading the given config
12:53 ninjax WARNING : Unrecognized keys given: {'n_max_examples'}. These will be ignored
12:53 ninjax INFO    : Arguments loaded into the config: {'likelihood': 'HeterodynedTransientLikelihoodFD', 'gw_injection': 'True', 'gw_load_existing_injection': 'False', 'gw_dump_injection_data': 'False', 'gw_SNR_threshold_low': '11.2', 'gw_SNR_threshold_high': '100', 'waveform_approximant': 'IMRPhenomD_NRTidalv2', 'waveform_approximant_1': 'None', 'waveform_approximant_2': 'None', 'gw_overlapping_tight_priors': 'False', 'ifos': 'H1,L1,V1', 'eos_file': '/home/twouters2/projects/projection_BNS_A_plus/src/projection_BNS/data/HQC18.npz', 'fmin': '20.0', 'fref': '20.0', 'fmax': '2048.0', 'duration': 'None', 'post_trigger_duration': '2.0', 'trigger_time': '1187008882.4', 'psd_file_H1': '/home/twouters2/projects/projection_BNS_A_plus/src/projection_BNS/data/AplusDesign_PSD.txt', 'psd_file_L1': '/home/twouters2/projects/projection_BNS_A_plus/src/projection_BNS/data/AplusDesign_PSD.txt', 'psd_file_V1': '/home/twouters2/projects/projection_BNS_A_plus/src/projection_BNS/data/avirgo_O5high_NEW_PSD.txt', 'psd_file_ET1': '/home/twouters2/psds/ET_D_psd.txt', 'psd_file_ET2': '/home/twouters2/psds/ET_D_psd.txt', 'psd_file_ET3': '/home/twouters2/psds/ET_D_psd.txt', 'psd_file_CE': '/home/twouters2/psds/CE_psd.txt', 'data_file_H1': 'None', 'data_file_L1': 'None', 'data_file_V1': 'None', 'data_file_ET1': 'None', 'data_file_ET2': 'None', 'data_file_ET3': 'None', 'relative_binning_binsize': '1000', 'relative_binning_ref_params_equal_true_params': 'True', 'relative_binning_ref_params': 'None', 'transforms': 'q_to_eta,cos_iota_to_iota,sin_dec_to_dec', 'gw_kwargs': 'None', 'filters': 'None', 'tmin': '0.05', 'tmax': '15.0', 'em_injection': 'False', 'em_trigger_time': '0.0', 'em_data_path': 'None', 'KN_model_name': 'None', 'KN_class_name': 'None', 'KN_model_dir': 'None', 'GRB_model_name': 'None', 'GRB_class_name': 'None', 'GRB_model_dir': 'None', 'detection_limit': 'None', 'n_loop_training': '200', 'n_loop_production': '10', 'n_local_steps': '100', 'n_global_steps': '1_000', 'n_epochs': '25', 'n_chains': '1_000', 'learning_rate': '0.001', 'max_samples': '50000', 'momentum': '0.9', 'batch_size': '30000', 'use_global': 'True', 'keep_quantile': '0.0', 'train_thinning': '10', 'output_thinning': '50', 'n_sample_max': '10000', 'verbose': 'False', 'save_training_chains': 'False', 'eps_mass_matrix': '1e-5', 'use_scheduler': 'True', 'use_temperature': 'False', 'which_temperature_schedule': 'exponential', 'starting_temperature': '2.0', 'stop_tempering_iteration': '75', 'stopping_criterion_global_acc': '0.10', 'stopping_criterion_loss': '-inf', 'seed': 'None', 'sampling_seed': 'None', 'injection_generation_seed': 'None', 'num_layers': '10', 'hidden_size': '128,128', 'num_bins': '8', 'nf_model_kwargs': 'None', 'run_sampler': 'True', 'keys_to_plot': 'M_c, q, s1_z, s2_z, lambda_1, lambda_2, d_L, t_c, phase_c, iota, psi, ra, dec'}
12:53 ninjax INFO    : Complete config file written to /gpfs/home6/twouters2/projects/projection_BNS_A_plus/src/projection_BNS/GW/HQC18/outdir/injection_22/complete_config.json
12:53 ninjax INFO    : No seed specified. Generating a random seed: 846719
12:53 ninjax INFO    : No sampling_seed specified. Generating a random sampling_seed: 306637
12:53 ninjax INFO    : No injection_generation_seed specified. Generating a random injection_generation_seed: 957191
12:53 ninjax INFO    : Loading the priors
12:53 ninjax INFO    : Setting up the prior
12:53 ninjax INFO    :    Mc_prior = Uniform(0.98, 2.6, naming=["M_c"])
12:53 ninjax INFO    :    q_prior = Uniform(0.125, 1.0, naming=["q"])
12:53 ninjax INFO    :    s1_z_prior = Uniform(-0.05, 0.05, naming=["s1_z"])
12:53 ninjax INFO    :    s2_z_prior = Uniform(-0.05, 0.05, naming=["s2_z"])
12:53 ninjax INFO    :    lambda1_prior = Uniform(0.0, 5000.0, naming=["lambda_1"])
12:53 ninjax INFO    :    lambda2_prior = Uniform(0.0, 5000.0, naming=["lambda_2"])
12:53 ninjax INFO    :    cos_iota_prior = Uniform(-1.0, 1.0, naming=["cos_iota"])
12:53 ninjax INFO    :    dL_prior = PowerLaw(1.0, 1000.0, 2.0, naming=["d_L"])
12:53 ninjax INFO    :    t_c_prior = Uniform(-0.1, 0.1, naming=["t_c"])
12:53 ninjax INFO    :    phase_c_prior = Uniform(0.0, 2 * jnp.pi, naming=["phase_c"])
12:53 ninjax INFO    :    psi_prior = Uniform(0.0, jnp.pi, naming=["psi"])
12:53 ninjax INFO    :    ra_prior = Uniform(0.0, 2 * jnp.pi, naming=["ra"])
12:53 ninjax INFO    :    sin_dec_prior = Uniform(-1.0, 1.0, naming=["sin_dec"])
12:53 ninjax INFO    : Setting up the generation prior
12:53 ninjax INFO    :    mass_1_source_prior = Uniform(1.0, 2.0452447532113593, naming=["mass_1_source"])
12:53 ninjax INFO    :    mass_2_source_prior = Uniform(1.0, 2.0452447532113593, naming=["mass_2_source"])
12:53 ninjax INFO    :    s1_z_prior = Uniform(-0.05, 0.05, naming=["s1_z"])
12:53 ninjax INFO    :    s2_z_prior = Uniform(-0.05, 0.05, naming=["s2_z"])
12:53 ninjax INFO    :    cos_iota_prior = Uniform(-1.0, 1.0, naming=["cos_iota"])
12:53 ninjax INFO    :    dL_prior = PowerLaw(10.0, 460.0, 2.0, naming=["d_L"])
12:53 ninjax INFO    :    t_c_prior = Uniform(-0.1, 0.1, naming=["t_c"])
12:53 ninjax INFO    :    phase_c_prior = Uniform(0.0, 2 * jnp.pi, naming=["phase_c"])
12:53 ninjax INFO    :    psi_prior = Uniform(0.0, jnp.pi, naming=["psi"])
12:53 ninjax INFO    :    ra_prior = Uniform(0.0, 2 * jnp.pi, naming=["ra"])
12:53 ninjax INFO    :    sin_dec_prior = Uniform(-1.0, 1.0, naming=["sin_dec"])
12:53 ninjax INFO    : Finished prior setup
12:53 ninjax INFO    : Setting the transforms
12:53 ninjax INFO    : Raw transforms list is q_to_eta,cos_iota_to_iota,sin_dec_to_dec
12:53 ninjax INFO    : transforms_str_list has 3 elements
12:53 ninjax INFO    : DEBUG: Checking that all_transforms is OK: the list is ['binary_Love', 'binary_love_fit', 'cos_iota1_to_iota1', 'cos_iota2_to_iota2', 'cos_iota_to_iota', 'log_lambda_to_lambda', 'm1_m2_to_Mc_q', 'q1_to_eta1', 'q2_to_eta2', 'q_to_eta', 'sin_dec1_to_dec1', 'sin_dec2_to_dec2', 'sin_dec_to_dec', 'spin_sphere_to_cartesian_s1', 'spin_sphere_to_cartesian_s2', 'swap_lambdas_eos', 't_c_dt_to_tcs']
12:53 ninjax INFO    : Setting the likelihood
12:53 ninjax INFO    : GW likelihood provided, setting up the GW pipe
12:53 ninjax INFO    : eos_file is /home/twouters2/projects/projection_BNS_A_plus/src/projection_BNS/data/HQC18.npz
12:53 ninjax INFO    : Using eos_file /home/twouters2/projects/projection_BNS_A_plus/src/projection_BNS/data/HQC18.npz for BNS injections
12:53 ninjax INFO    : Note: No specific waveform approximant 1 so defaulting to IMRPhenomD_NRTidalv2
12:53 ninjax INFO    : self.is_BNS_run is True
12:53 ninjax INFO    : Using IMRPhenomD_NRTidalv2 waveform. Therefore, we will use no taper as the reference waveform for the likelihood if relative binning is used
12:53 ninjax INFO    : GW run is an injection
12:53 ninjax INFO    : Setting up GW injection . . . 
12:53 ninjax INFO    : The SNR thresholds are: 11.2 - 100.0
12:53 ninjax INFO    : Generating new injection
12:53 ninjax INFO    : Sanity check: generated parameters:
12:53 ninjax INFO    : {'mass_1_source': 1.2703364671886037, 'mass_2_source': 1.1270330306747498, 's1_z': 0.03272254014120368, 's2_z': -0.03850733819952959, 'cos_iota': -0.29074194578258883, 'd_L': 401.22212473891426, 't_c': -0.009722406590791405, 'phase_c': 3.8274235406066985, 'psi': 2.2861712130383234, 'ra': 0.4854219463210471, 'sin_dec': 0.29067056747447717}
12:53 ninjax INFO    : Computing lambdas from EOS file /home/twouters2/projects/projection_BNS_A_plus/src/projection_BNS/data/HQC18.npz . . . 
12:53 ninjax INFO    : Injected lambda_1: 470.37795601151635
12:53 ninjax INFO    : Injected lambda_2: 957.7529079930863
12:53 ninjax INFO    : Duration is not specified in the config. Computed chirp time: for fmin = 20.0 and M_c = 1.1356777270600416 is 256.0
12:53 ninjax INFO    : After transforms, the injection parameters are:
12:53 ninjax INFO    : {'mass_1_source': 1.2703364671886037, 'mass_2_source': 1.1270330306747498, 's1_z': 0.03272254014120368, 's2_z': -0.03850733819952959, 'cos_iota': -0.29074194578258883, 'd_L': 401.22212473891426, 't_c': -0.009722406590791405, 'phase_c': 3.8274235406066985, 'psi': 2.2861712130383234, 'ra': 0.4854219463210471, 'sin_dec': 0.29067056747447717, 'q': 0.8871925350367998, 'M_c': 1.1356777270600416, 'eta': 0.24910672893140176, 'iota': Array(1.86579852, dtype=float64, weak_type=True), 'dec': Array(0.29492759, dtype=float64, weak_type=True), 'lambda_1': 470.37795601151635, 'lambda_2': 957.7529079930863}
12:53 ninjax INFO    : The trial injection parameters are {'M_c': 1.1356777270600416, 'eta': 0.24910672893140176, 's1_z': 0.03272254014120368, 's2_z': -0.03850733819952959, 'lambda_1': 470.37795601151635, 'lambda_2': 957.7529079930863, 'd_L': 401.22212473891426, 'phase_c': 3.8274235406066985, 'iota': 1.86579851706972, 't_c': -0.009722406590791405, 'psi': 2.2861712130383234, 'ra': 0.4854219463210471, 'dec': 0.2949275901631483}
12:53 ninjax INFO    : Injecting signals . . .
12:53 ninjax INFO    : self.ifos
12:53 ninjax INFO    : [GroundBased2G(H1), GroundBased2G(L1), GroundBased2G(V1)]
12:53 ninjax INFO    : Signal injected in ifo H1. Frequencies, data, and PSD:
12:53 ninjax INFO    : [  20.           20.00390625   20.0078125  ... 2047.98828125
 2047.9921875  2047.99609375]
12:53 ninjax INFO    : [ 3.46904225e-23+1.19619209e-22j -6.98111434e-24-3.83162551e-23j
 -5.25964410e-23-1.14677370e-22j ...
  1.99741182e-23+7.53746896e-24j  5.94422033e-23+1.15204969e-23j
  2.09531014e-23+6.03015083e-24j]
12:53 ninjax INFO    : [1.44906511e-46 1.44785671e-46 1.44667215e-46 ... 2.17778216e-47
 2.17778992e-47 2.17779767e-47]
12:53 ninjax INFO    : Signal injected in ifo L1. Frequencies, data, and PSD:
12:53 ninjax INFO    : [  20.           20.00390625   20.0078125  ... 2047.98828125
 2047.9921875  2047.99609375]
12:53 ninjax INFO    : [-4.31389833e-24+7.01809617e-23j  6.17298953e-23-6.25769868e-23j
  5.48038036e-23-2.05840331e-23j ...
 -4.78377990e-24-2.53297660e-23j  6.51315866e-24+2.46784121e-23j
  1.65492215e-23-9.96372084e-24j]
12:53 ninjax INFO    : [1.44906511e-46 1.44785671e-46 1.44667215e-46 ... 2.17778216e-47
 2.17778992e-47 2.17779767e-47]
12:53 ninjax INFO    : Signal injected in ifo V1. Frequencies, data, and PSD:
12:53 ninjax INFO    : [  20.           20.00390625   20.0078125  ... 2047.98828125
 2047.9921875  2047.99609375]
12:53 ninjax INFO    : [ 6.59481938e-23-1.11545978e-23j -9.16618914e-23+5.13443378e-23j
  5.46100329e-23-3.56165840e-23j ...
  3.64262096e-23+3.43797252e-23j  4.62693414e-23-9.59827558e-24j
 -1.37132628e-23-3.01458075e-23j]
12:53 ninjax INFO    : [1.43183556e-46 1.43058540e-46 1.42935095e-46 ... 6.39793039e-47
 6.39795354e-47 6.39797668e-47]
12:53 ninjax INFO    : SNR for ifo H1 is 6.436282197801493
12:53 ninjax INFO    : SNR for ifo L1 is 5.6481353198591595
12:53 ninjax INFO    : SNR for ifo V1 is 2.2984235450414054
12:53 ninjax INFO    : The network SNR is 8.866223091800569
12:53 ninjax INFO    : The network SNR does not pass the threshold, trying again
12:53 ninjax INFO    : Generating new injection
12:53 ninjax INFO    : Sanity check: generated parameters:
12:53 ninjax INFO    : {'mass_1_source': 1.1421677576606366, 'mass_2_source': 1.901174933163428, 's1_z': -0.005647274636396381, 's2_z': 0.012012408047380685, 'cos_iota': 0.19913552416376934, 'd_L': 410.97660826960947, 't_c': 0.06255325760874691, 'phase_c': 3.815216217573951, 'psi': 1.3158623173849393, 'ra': 2.946409023129207, 'sin_dec': 0.9927865818114334}
12:53 ninjax INFO    : Computing lambdas from EOS file /home/twouters2/projects/projection_BNS_A_plus/src/projection_BNS/data/HQC18.npz . . . 
12:53 ninjax INFO    : Injected lambda_1: 26.407671229657385
12:53 ninjax INFO    : Injected lambda_2: 886.0762992698608
12:53 ninjax INFO    : Duration is not specified in the config. Computed chirp time: for fmin = 20.0 and M_c = 1.3929856473319013 is 128.0
12:53 ninjax INFO    : After transforms, the injection parameters are:
12:53 ninjax INFO    : {'mass_1_source': 1.901174933163428, 'mass_2_source': 1.1421677576606366, 's1_z': -0.005647274636396381, 's2_z': 0.012012408047380685, 'cos_iota': 0.19913552416376934, 'd_L': 410.97660826960947, 't_c': 0.06255325760874691, 'phase_c': 3.815216217573951, 'psi': 1.3158623173849393, 'ra': 2.946409023129207, 'sin_dec': 0.9927865818114334, 'q': 0.6007694177621761, 'M_c': 1.3929856473319013, 'eta': 0.23445001209188918, 'iota': Array(1.37032063, dtype=float64, weak_type=True), 'dec': Array(1.45061224, dtype=float64, weak_type=True), 'lambda_1': 26.407671229657385, 'lambda_2': 886.0762992698608}
12:53 ninjax INFO    : The trial injection parameters are {'M_c': 1.3929856473319013, 'eta': 0.23445001209188918, 's1_z': -0.005647274636396381, 's2_z': 0.012012408047380685, 'lambda_1': 26.407671229657385, 'lambda_2': 886.0762992698608, 'd_L': 410.97660826960947, 'phase_c': 3.815216217573951, 'iota': 1.3703206286381104, 't_c': 0.06255325760874691, 'psi': 1.3158623173849393, 'ra': 2.946409023129207, 'dec': 1.4506122418025462}
12:53 ninjax INFO    : Injecting signals . . .
12:53 ninjax INFO    : self.ifos
12:53 ninjax INFO    : [GroundBased2G(H1), GroundBased2G(L1), GroundBased2G(V1)]
12:53 ninjax INFO    : Signal injected in ifo H1. Frequencies, data, and PSD:
12:53 ninjax INFO    : [  20.          20.0078125   20.015625  ... 2047.9765625
 2047.984375  2047.9921875]
12:53 ninjax INFO    : [-3.95441196e-23-4.69927493e-23j  1.91269706e-23+6.76827667e-23j
 -2.02506814e-23+1.14674599e-23j ...
  1.18061590e-23-1.97696206e-23j  3.08351324e-23-1.41744499e-23j
  3.79472465e-23+1.11610041e-23j]
12:53 ninjax INFO    : [1.44906511e-46 1.44667215e-46 1.44435812e-46 ... 2.17775889e-47
 2.17777440e-47 2.17778992e-47]
12:53 ninjax INFO    : Signal injected in ifo L1. Frequencies, data, and PSD:
12:53 ninjax INFO    : [  20.          20.0078125   20.015625  ... 2047.9765625
 2047.984375  2047.9921875]
12:53 ninjax INFO    : [-4.67217614e-23-4.83363557e-23j  1.91731084e-23+7.40059146e-25j
  1.11359942e-22-2.39830049e-23j ...
 -1.76602861e-23-1.36123498e-24j -1.36168851e-23-1.27309412e-23j
  7.99644682e-24+3.40417081e-23j]
12:53 ninjax INFO    : [1.44906511e-46 1.44667215e-46 1.44435812e-46 ... 2.17775889e-47
 2.17777440e-47 2.17778992e-47]
12:53 ninjax INFO    : Signal injected in ifo V1. Frequencies, data, and PSD:
12:53 ninjax INFO    : [  20.          20.0078125   20.015625  ... 2047.9765625
 2047.984375  2047.9921875]
12:53 ninjax INFO    : [-1.19217816e-23-3.38985963e-23j -5.38432581e-23+3.85611847e-23j
  4.01772058e-23-4.38762215e-23j ...
  2.39735486e-23+9.91326859e-24j -9.48734626e-25-3.58656795e-23j
 -3.47365381e-23-2.93018198e-24j]
12:53 ninjax INFO    : [1.43183556e-46 1.42935095e-46 1.42688205e-46 ... 6.39786094e-47
 6.39790724e-47 6.39795354e-47]
12:53 ninjax INFO    : SNR for ifo H1 is 4.668147159340599
12:53 ninjax INFO    : SNR for ifo L1 is 4.336282640086362
12:53 ninjax INFO    : SNR for ifo V1 is 2.5640715609922964
12:53 ninjax INFO    : The network SNR is 6.86799883560441
12:53 ninjax INFO    : The network SNR does not pass the threshold, trying again
12:53 ninjax INFO    : Generating new injection
12:53 ninjax INFO    : Sanity check: generated parameters:
12:53 ninjax INFO    : {'mass_1_source': 1.6822600161829504, 'mass_2_source': 1.410466875765172, 's1_z': 0.0008824304119395832, 's2_z': -0.016212238181138684, 'cos_iota': 0.3070981802782491, 'd_L': 275.08719865489786, 't_c': -0.05222810155999924, 'phase_c': 0.5482198078824722, 'psi': 2.628676592733339, 'ra': 4.980733868270793, 'sin_dec': -0.22213179850261122}
12:53 ninjax INFO    : Computing lambdas from EOS file /home/twouters2/projects/projection_BNS_A_plus/src/projection_BNS/data/HQC18.npz . . . 
12:53 ninjax INFO    : Injected lambda_1: 73.81961858743274
12:53 ninjax INFO    : Injected lambda_2: 245.25753447982964
12:53 ninjax INFO    : Duration is not specified in the config. Computed chirp time: for fmin = 20.0 and M_c = 1.4232273873158194 is 128.0
12:53 ninjax INFO    : After transforms, the injection parameters are:
12:53 ninjax INFO    : {'mass_1_source': 1.6822600161829504, 'mass_2_source': 1.410466875765172, 's1_z': 0.0008824304119395832, 's2_z': -0.016212238181138684, 'cos_iota': 0.3070981802782491, 'd_L': 275.08719865489786, 't_c': -0.05222810155999924, 'phase_c': 0.5482198078824722, 'psi': 2.628676592733339, 'ra': 4.980733868270793, 'sin_dec': -0.22213179850261122, 'q': 0.838435712789229, 'M_c': 1.4232273873158194, 'eta': 0.24806921529076487, 'iota': Array(1.25865396, dtype=float64, weak_type=True), 'dec': Array(-0.22400035, dtype=float64, weak_type=True), 'lambda_1': 73.81961858743274, 'lambda_2': 245.25753447982964}
12:53 ninjax INFO    : The trial injection parameters are {'M_c': 1.4232273873158194, 'eta': 0.24806921529076487, 's1_z': 0.0008824304119395832, 's2_z': -0.016212238181138684, 'lambda_1': 73.81961858743274, 'lambda_2': 245.25753447982964, 'd_L': 275.08719865489786, 'phase_c': 0.5482198078824722, 'iota': 1.258653962472819, 't_c': -0.05222810155999924, 'psi': 2.628676592733339, 'ra': 4.980733868270793, 'dec': -0.2240003506285024}
12:53 ninjax INFO    : Injecting signals . . .
12:53 ninjax INFO    : self.ifos
12:53 ninjax INFO    : [GroundBased2G(H1), GroundBased2G(L1), GroundBased2G(V1)]
12:53 ninjax INFO    : Signal injected in ifo H1. Frequencies, data, and PSD:
12:53 ninjax INFO    : [  20.          20.0078125   20.015625  ... 2047.9765625
 2047.984375  2047.9921875]
12:53 ninjax INFO    : [-4.07520534e-23-4.43274185e-23j  1.77210299e-23+7.05777585e-23j
 -2.18257190e-23+1.45626709e-23j ...
  1.18045525e-23-1.97747253e-23j  3.08340456e-23-1.41796899e-23j
  3.79466904e-23+1.11556816e-23j]
12:53 ninjax INFO    : [1.44906511e-46 1.44667215e-46 1.44435812e-46 ... 2.17775889e-47
 2.17777440e-47 2.17778992e-47]
12:53 ninjax INFO    : Signal injected in ifo L1. Frequencies, data, and PSD:
12:53 ninjax INFO    : [  20.          20.0078125   20.015625  ... 2047.9765625
 2047.984375  2047.9921875]
12:53 ninjax INFO    : [-4.75890257e-23-5.31582494e-23j  1.82201824e-23-4.23535068e-24j
  1.10303991e-22-2.90514177e-23j ...
 -1.76529654e-23-1.36622705e-24j -1.36091025e-23-1.27351772e-23j
  8.00461335e-24+3.40382706e-23j]
12:53 ninjax INFO    : [1.44906511e-46 1.44667215e-46 1.44435812e-46 ... 2.17775889e-47
 2.17777440e-47 2.17778992e-47]
12:53 ninjax INFO    : Signal injected in ifo V1. Frequencies, data, and PSD:
12:53 ninjax INFO    : [  20.          20.0078125   20.015625  ... 2047.9765625
 2047.984375  2047.9921875]
12:53 ninjax INFO    : [-1.28157828e-23-3.33164546e-23j -5.44053577e-23+3.90511602e-23j
  3.99583081e-23-4.34709403e-23j ...
  2.39784184e-23+9.91188733e-24j -9.43751028e-25-3.58665661e-23j
 -3.47314908e-23-2.93056505e-24j]
12:53 ninjax INFO    : [1.43183556e-46 1.42935095e-46 1.42688205e-46 ... 6.39786094e-47
 6.39790724e-47 6.39795354e-47]
12:53 ninjax INFO    : SNR for ifo H1 is 4.231217744987224
12:53 ninjax INFO    : SNR for ifo L1 is 7.00579006639096
12:53 ninjax INFO    : SNR for ifo V1 is 3.1532929238426397
12:53 ninjax INFO    : The network SNR is 8.770835440446541
12:53 ninjax INFO    : The network SNR does not pass the threshold, trying again
12:53 ninjax INFO    : Generating new injection
12:53 ninjax INFO    : Sanity check: generated parameters:
12:53 ninjax INFO    : {'mass_1_source': 1.9924235062320435, 'mass_2_source': 1.9877299594795326, 's1_z': 0.013761601828640835, 's2_z': 0.04193599684246084, 'cos_iota': -0.4928164732540008, 'd_L': 262.6935964111451, 't_c': 0.017156932411977577, 'phase_c': 3.162518811454324, 'psi': 1.2833614287152213, 'ra': 5.799981835496847, 'sin_dec': 0.9825702443587465}
12:53 ninjax INFO    : Computing lambdas from EOS file /home/twouters2/projects/projection_BNS_A_plus/src/projection_BNS/data/HQC18.npz . . . 
12:53 ninjax INFO    : Injected lambda_1: 14.894477506984948
12:53 ninjax INFO    : Injected lambda_2: 15.441974007378644
12:53 ninjax INFO    : Duration is not specified in the config. Computed chirp time: for fmin = 20.0 and M_c = 1.8352951427311626 is 128.0
12:53 ninjax INFO    : After transforms, the injection parameters are:
12:53 ninjax INFO    : {'mass_1_source': 1.9924235062320435, 'mass_2_source': 1.9877299594795326, 's1_z': 0.013761601828640835, 's2_z': 0.04193599684246084, 'cos_iota': -0.4928164732540008, 'd_L': 262.6935964111451, 't_c': 0.017156932411977577, 'phase_c': 3.162518811454324, 'psi': 1.2833614287152213, 'ra': 5.799981835496847, 'sin_dec': 0.9825702443587465, 'q': 0.9976443026606391, 'M_c': 1.8352951427311626, 'eta': 0.24999965234965116, 'iota': Array(2.08611995, dtype=float64, weak_type=True), 'dec': Array(1.38381705, dtype=float64, weak_type=True), 'lambda_1': 14.894477506984948, 'lambda_2': 15.441974007378644}
12:53 ninjax INFO    : The trial injection parameters are {'M_c': 1.8352951427311626, 'eta': 0.24999965234965116, 's1_z': 0.013761601828640835, 's2_z': 0.04193599684246084, 'lambda_1': 14.894477506984948, 'lambda_2': 15.441974007378644, 'd_L': 262.6935964111451, 'phase_c': 3.162518811454324, 'iota': 2.086119953556598, 't_c': 0.017156932411977577, 'psi': 1.2833614287152213, 'ra': 5.799981835496847, 'dec': 1.3838170496765172}
12:53 ninjax INFO    : Injecting signals . . .
12:53 ninjax INFO    : self.ifos
12:53 ninjax INFO    : [GroundBased2G(H1), GroundBased2G(L1), GroundBased2G(V1)]
12:53 ninjax INFO    : Signal injected in ifo H1. Frequencies, data, and PSD:
12:53 ninjax INFO    : [  20.          20.0078125   20.015625  ... 2047.9765625
 2047.984375  2047.9921875]
12:53 ninjax INFO    : [-4.57447721e-23-4.65518443e-23j  2.21747636e-23+7.63251767e-23j
 -1.63717086e-23+7.66355053e-24j ...
  1.18013393e-23-1.97439719e-23j  3.08278222e-23-1.41493972e-23j
  3.79375162e-23+1.11852197e-23j]
12:53 ninjax INFO    : [1.44906511e-46 1.44667215e-46 1.44435812e-46 ... 2.17775889e-47
 2.17777440e-47 2.17778992e-47]
12:53 ninjax INFO    : Signal injected in ifo L1. Frequencies, data, and PSD:
12:53 ninjax INFO    : [  20.          20.0078125   20.015625  ... 2047.9765625
 2047.984375  2047.9921875]
12:53 ninjax INFO    : [-4.36589542e-23-5.36519132e-23j  1.26674116e-23-2.32119169e-24j
  1.12706803e-22-2.05882063e-23j ...
 -1.76645962e-23-1.38177328e-24j -1.36191675e-23-1.27518024e-23j
  7.99621383e-24+3.40207238e-23j]
12:53 ninjax INFO    : [1.44906511e-46 1.44667215e-46 1.44435812e-46 ... 2.17775889e-47
 2.17777440e-47 2.17778992e-47]
12:53 ninjax INFO    : Signal injected in ifo V1. Frequencies, data, and PSD:
12:53 ninjax INFO    : [  20.          20.0078125   20.015625  ... 2047.9765625
 2047.984375  2047.9921875]
12:53 ninjax INFO    : [-7.42552541e-24-3.57891155e-23j -5.80831809e-23+3.32427465e-23j
  3.85713707e-23-4.00762519e-23j ...
  2.39735066e-23+9.93308732e-24j -9.50714257e-25-3.58459599e-23j
 -3.47404363e-23-2.91075049e-24j]
12:53 ninjax INFO    : [1.43183556e-46 1.42935095e-46 1.42688205e-46 ... 6.39786094e-47
 6.39790724e-47 6.39795354e-47]
12:53 ninjax INFO    : SNR for ifo H1 is 15.166530058230656
12:53 ninjax INFO    : SNR for ifo L1 is 12.195748259034257
12:53 ninjax INFO    : SNR for ifo V1 is 9.081143740123693
12:53 ninjax INFO    : The network SNR is 21.476198016263
12:53 ninjax INFO    : Network SNR passes threshold
12:53 ninjax INFO    : Sanity checking the GW injection for ArrayImpl
12:53 ninjax INFO    :    mass_1_source: 1.9924235062320435
12:53 ninjax INFO    :    mass_2_source: 1.9877299594795326
12:53 ninjax INFO    :    s1_z: 0.013761601828640835
12:53 ninjax INFO    :    s2_z: 0.04193599684246084
12:53 ninjax INFO    :    cos_iota: -0.4928164732540008
12:53 ninjax INFO    :    d_L: 262.6935964111451
12:53 ninjax INFO    :    t_c: 0.017156932411977577
12:53 ninjax INFO    :    phase_c: 3.162518811454324
12:53 ninjax INFO    :    psi: 1.2833614287152213
12:53 ninjax INFO    :    ra: 5.799981835496847
12:53 ninjax INFO    :    sin_dec: 0.9825702443587465
12:53 ninjax INFO    :    q: 0.9976443026606391
12:53 ninjax INFO    :    M_c: 1.8352951427311626
12:53 ninjax INFO    :    eta: 0.24999965234965116
12:53 ninjax INFO    :    iota: 2.086119953556598
12:53 ninjax INFO    :    dec: 1.3838170496765172
12:53 ninjax INFO    :    lambda_1: 14.894477506984948
12:53 ninjax INFO    :    lambda_2: 15.441974007378644
12:53 ninjax INFO    :    H1_SNR: 15.166530058230656
12:53 ninjax INFO    :    L1_SNR: 12.195748259034257
12:53 ninjax INFO    :    V1_SNR: 9.081143740123693
12:53 ninjax INFO    :    network_SNR: 21.476198016263
12:53 ninjax INFO    :    epoch: 126.0
12:53 ninjax INFO    :    gmst: 2.7288901910520846
12:53 ninjax INFO    :    duration: 128.0
12:53 ninjax INFO    : Using GW HeterodynedTransientLikelihoodFD. Initializing likelihood
12:53 ninjax INFO    : Using the injection parameters as reference parameters for the relative binning
12:53 ninjax INFO    : Using the following kwargs for the GW likelihood: {}
12:55 ninjax INFO    : Initialization of HeterodynedTransientLikelihoodFD took 143.3097710609436 seconds = 2.38849618434906 minutes
12:55 ninjax INFO    : The priors are not modified after their initialization
12:55 ninjax INFO    : Required keys for the likelihood: ['M_c', 'eta', 's1_z', 's2_z', 'lambda_1', 'lambda_2', 'd_L', 'phase_c', 'iota', 't_c', 'psi', 'ra', 'dec']
12:55 ninjax INFO    : Checking the setup between prior, transforms, and likelihood
12:55 ninjax INFO    : sample: {'M_c': Array([2.38514454, 2.06848712, 1.25593551], dtype=float64), 'q': Array([0.50013246, 0.59741247, 0.64595691], dtype=float64), 's1_z': Array([ 0.00220667, -0.03299673, -0.03345056], dtype=float64), 's2_z': Array([-0.04604914,  0.02316402, -0.03524284], dtype=float64), 'lambda_1': Array([2765.01101485, 3297.49775604, 2739.07073353], dtype=float64), 'lambda_2': Array([2429.19421539, 1023.50913752, 4923.94857726], dtype=float64), 'cos_iota': Array([0.11821732, 0.5561884 , 0.18159195], dtype=float64), 'd_L': Array([207.22912485, 408.89548262, 835.77651893], dtype=float64), 't_c': Array([-0.06160037, -0.04124536,  0.0857521 ], dtype=float64), 'phase_c': Array([4.29456869, 4.33969263, 3.45552005], dtype=float64), 'psi': Array([0.38788472, 1.87205081, 1.70736525], dtype=float64), 'ra': Array([2.05043672, 5.22476581, 5.33723192], dtype=float64), 'sin_dec': Array([-0.1332821 , -0.28587089, -0.59415455], dtype=float64)}
12:55 ninjax INFO    : log_prob: [-56.49040555 -80.22711386  -5.7611691 ]
12:55 ninjax INFO    : Checking log_prob at injection parameters: {'mass_1_source': 1.9924235062320435, 'mass_2_source': 1.9877299594795326, 's1_z': 0.013761601828640835, 's2_z': 0.04193599684246084, 'cos_iota': -0.4928164732540008, 'd_L': 262.6935964111451, 't_c': 0.017156932411977577, 'phase_c': 3.162518811454324, 'psi': 1.2833614287152213, 'ra': 5.799981835496847, 'sin_dec': 0.9825702443587465, 'q': 0.9976443026606391, 'M_c': 1.8352951427311626, 'eta': 0.24999965234965116, 'iota': Array(2.08611995, dtype=float64, weak_type=True), 'dec': Array(1.38381705, dtype=float64, weak_type=True), 'lambda_1': 14.894477506984948, 'lambda_2': 15.441974007378644, 'H1_SNR': 15.166530058230656, 'L1_SNR': 12.195748259034257, 'V1_SNR': 9.081143740123693, 'network_SNR': 21.476198016263, 'epoch': 126.0, 'gmst': 2.7288901910520846, 'duration': 128.0}
12:55 ninjax INFO    : log_prob at the injection parameters is: 234.13758104559764
12:55 ninjax INFO    : Will plot these keys: ['M_c', 'q', 's1_z', 's2_z', 'lambda_1', 'lambda_2', 'd_L', 't_c', 'phase_c', 'iota', 'psi', 'ra', 'dec']
12:55 ninjax INFO    : Will plot the labels: ['$M_c/M_\\odot$', '$q$', '$\\chi_1$', '$\\chi_2$', '$\\Lambda_1$', '$\\Lambda_2$', '$d_{\\rm{L}}/{\\rm Mpc}$', '$t_c$', '$\\phi_c$', '$\\iota$', '$\\psi$', '$\\alpha$', '$\\delta$']
12:55 ninjax INFO    : Ninjax setup complete.
12:55 ninjax INFO    : Saving output to ./outdir/injection_22/
12:55 ninjax INFO    : Using polynomial learning rate scheduler
12:55 ninjax INFO    : The hyperparameters passed to flowMC and jim are
12:55 ninjax INFO    :    n_loop_training: 200
12:55 ninjax INFO    :    n_loop_production: 10
12:55 ninjax INFO    :    n_local_steps: 100
12:55 ninjax INFO    :    n_global_steps: 1000
12:55 ninjax INFO    :    n_epochs: 25
12:55 ninjax INFO    :    n_chains: 1000
12:55 ninjax INFO    :    learning_rate: <function polynomial_schedule.<locals>.schedule at 0x14fbc5ddea70>
12:55 ninjax INFO    :    max_samples: 50000
12:55 ninjax INFO    :    momentum: 0.9
12:55 ninjax INFO    :    batch_size: 30000
12:55 ninjax INFO    :    use_global: True
12:55 ninjax INFO    :    keep_quantile: 0.0
12:55 ninjax INFO    :    train_thinning: 10
12:55 ninjax INFO    :    output_thinning: 50
12:55 ninjax INFO    :    n_sample_max: 10000
12:55 ninjax INFO    :    num_layers: 10
12:55 ninjax INFO    :    hidden_size: [128, 128]
12:55 ninjax INFO    :    num_bins: 8
12:55 ninjax INFO    :    save_training_chains: False
12:55 ninjax INFO    :    eps_mass_matrix: 1e-05
12:55 ninjax INFO    :    use_scheduler: True
12:55 ninjax INFO    :    use_temperature: False
12:55 ninjax INFO    :    which_temperature_schedule: exponential
12:55 ninjax INFO    :    starting_temperature: 2.0
12:55 ninjax INFO    :    stop_tempering_iteration: 75
12:55 ninjax INFO    :    stopping_criterion_global_acc: 0.1
12:55 ninjax INFO    :    stopping_criterion_loss: -inf
12:55 ninjax INFO    :    nf_model_kwargs: {}
12:55 ninjax INFO    :    local sampler arg not shown (pretty print)
12:55 ninjax INFO    : Fetching the injected values for plotting
Checking the noise that was generated in inject_signal ifo:
[ 3.61157680e-23 -9.83638720e-24 -5.27158614e-23  1.48060228e-24
 -4.77623202e-23 -7.64276805e-23 -6.14499799e-23 -8.90516591e-23
  8.53281409e-23  1.14938369e-22]
[ 1.17019318e-22 -3.91127720e-23 -1.11716164e-22  1.02943370e-22
  5.92257712e-23 -4.27859925e-23  4.27047769e-23  1.68355268e-23
 -1.62687299e-23 -7.42092737e-24]
Checking the noise that was generated in inject_signal ifo:
[-5.55334136e-24  6.42389975e-23  5.48955035e-23  3.73250591e-23
  1.56898716e-27  5.03870410e-23  3.37215456e-23 -1.09145652e-22
 -4.00606901e-23 -1.01668593e-23]
[ 7.24686797e-23 -6.18905601e-23 -2.31831235e-23  1.17712675e-22
  4.23871525e-23  3.48709991e-23  4.22032105e-23  5.80630191e-23
 -6.53171729e-23 -2.95351680e-24]
Checking the noise that was generated in inject_signal ifo:
[ 6.52705880e-23 -9.03767996e-23  5.46982871e-23  7.96621976e-23
  3.11992727e-24  3.42807924e-23 -1.30925664e-22 -1.57389926e-23
 -2.62529007e-23  3.95895883e-23]
[-9.99312772e-24  5.17391467e-23 -3.69577476e-23 -7.08443888e-23
 -3.14041166e-23  9.04782449e-23 -8.26199259e-23 -2.79671618e-23
 -6.76291301e-23 -3.37835016e-23]
Checking the noise that was generated in inject_signal ifo:
[-3.88916356e-23  1.95182298e-23 -2.01123386e-23  7.45224773e-23
  1.17178867e-23  5.00574103e-23  1.61342631e-23  6.84466020e-23
  3.43176457e-23  3.55212608e-23]
[-4.49325295e-23  6.98071208e-23  1.36221187e-23 -1.01468642e-22
 -7.88911238e-23  5.32392384e-23  4.33716587e-23 -1.67370194e-23
  7.34246043e-23  6.16429450e-23]
Checking the noise that was generated in inject_signal ifo:
[-4.79328237e-23  1.81704863e-23  1.10568953e-22  3.16486895e-23
  7.01360696e-23 -2.22642758e-23  4.82466815e-23 -2.69564791e-23
  5.23326740e-23  9.86490737e-24]
[-4.99373383e-23 -9.98007637e-25 -2.58260400e-23 -4.35015995e-23
 -5.03372912e-23  4.65803486e-23  5.87690843e-24  2.36382650e-23
 -5.08800479e-23 -8.26232192e-23]
Checking the noise that was generated in inject_signal ifo:
[-1.27366593e-23 -5.44939864e-23  3.96912278e-23  2.51871100e-23
 -2.10212795e-23  8.59848110e-23  3.92981421e-23 -4.69199892e-23
  1.36740864e-24  6.84328997e-24]
[-3.51652321e-23  3.72036621e-23 -4.53003232e-23 -9.36026333e-23
 -3.42565791e-23  4.29949427e-23 -3.37194413e-24  2.25236475e-24
 -4.68666203e-23 -9.70091543e-24]
Checking the noise that was generated in inject_signal ifo:
[-3.88916356e-23  1.95182298e-23 -2.01123386e-23  7.45224773e-23
  1.17178867e-23  5.00574103e-23  1.61342631e-23  6.84466020e-23
  3.43176457e-23  3.55212608e-23]
[-4.49325295e-23  6.98071208e-23  1.36221187e-23 -1.01468642e-22
 -7.88911238e-23  5.32392384e-23  4.33716587e-23 -1.67370194e-23
  7.34246043e-23  6.16429450e-23]
Checking the noise that was generated in inject_signal ifo:
[-4.79328237e-23  1.81704863e-23  1.10568953e-22  3.16486895e-23
  7.01360696e-23 -2.22642758e-23  4.82466815e-23 -2.69564791e-23
  5.23326740e-23  9.86490737e-24]
[-4.99373383e-23 -9.98007637e-25 -2.58260400e-23 -4.35015995e-23
 -5.03372912e-23  4.65803486e-23  5.87690843e-24  2.36382650e-23
 -5.08800479e-23 -8.26232192e-23]
Checking the noise that was generated in inject_signal ifo:
[-1.27366593e-23 -5.44939864e-23  3.96912278e-23  2.51871100e-23
 -2.10212795e-23  8.59848110e-23  3.92981421e-23 -4.69199892e-23
  1.36740864e-24  6.84328997e-24]
[-3.51652321e-23  3.72036621e-23 -4.53003232e-23 -9.36026333e-23
 -3.42565791e-23  4.29949427e-23 -3.37194413e-24  2.25236475e-24
 -4.68666203e-23 -9.70091543e-24]
Checking the noise that was generated in inject_signal ifo:
[-3.88916356e-23  1.95182298e-23 -2.01123386e-23  7.45224773e-23
  1.17178867e-23  5.00574103e-23  1.61342631e-23  6.84466020e-23
  3.43176457e-23  3.55212608e-23]
[-4.49325295e-23  6.98071208e-23  1.36221187e-23 -1.01468642e-22
 -7.88911238e-23  5.32392384e-23  4.33716587e-23 -1.67370194e-23
  7.34246043e-23  6.16429450e-23]
Checking the noise that was generated in inject_signal ifo:
[-4.79328237e-23  1.81704863e-23  1.10568953e-22  3.16486895e-23
  7.01360696e-23 -2.22642758e-23  4.82466815e-23 -2.69564791e-23
  5.23326740e-23  9.86490737e-24]
[-4.99373383e-23 -9.98007637e-25 -2.58260400e-23 -4.35015995e-23
 -5.03372912e-23  4.65803486e-23  5.87690843e-24  2.36382650e-23
 -5.08800479e-23 -8.26232192e-23]
Checking the noise that was generated in inject_signal ifo:
[-1.27366593e-23 -5.44939864e-23  3.96912278e-23  2.51871100e-23
 -2.10212795e-23  8.59848110e-23  3.92981421e-23 -4.69199892e-23
  1.36740864e-24  6.84328997e-24]
[-3.51652321e-23  3.72036621e-23 -4.53003232e-23 -9.36026333e-23
 -3.42565791e-23  4.29949427e-23 -3.37194413e-24  2.25236475e-24
 -4.68666203e-23 -9.70091543e-24]
NOTE: we are given a reference waveform!
Initializing heterodyned likelihood..
Comparing against relative binning in bilby
Using 5941 bins for relative binning for epsilon 0.01
Time for binning scheme: 0.11099600791931152 seconds
Using provided reference parameters:
ref_params for relative binning:
{'mass_1_source': 1.9924235062320435, 'mass_2_source': 1.9877299594795326, 's1_z': 0.013761601828640835, 's2_z': 0.04193599684246084, 'cos_iota': -0.4928164732540008, 'd_L': 262.6935964111451, 't_c': 0.017156932411977577, 'phase_c': 3.162518811454324, 'psi': 1.2833614287152213, 'ra': 5.799981835496847, 'sin_dec': 0.9825702443587465, 'q': 0.9976443026606391, 'M_c': 1.8352951427311626, 'eta': 0.24999965234965116, 'iota': Array(2.08611995, dtype=float64, weak_type=True), 'dec': Array(1.38381705, dtype=float64, weak_type=True), 'lambda_1': 14.894477506984948, 'lambda_2': 15.441974007378644, 'H1_SNR': 15.166530058230656, 'L1_SNR': 12.195748259034257, 'V1_SNR': 9.081143740123693, 'network_SNR': 21.476198016263, 'epoch': 126.0, 'gmst': 2.7288901910520846, 'duration': 128.0}
Constructing reference waveforms. . .
Time for reference waveforms: 0.5033087730407715 seconds
Time for h_sky_low and h_sky_center: 5.377958536148071 seconds
Going to compute the masks . . .
Time taken for f_index_array calculation is 0.6713459491729736
Going to compute coefficients . . .
Time for computing coefficients: 121.87636590003967 seconds
Time for computing coefficients: 6.996747016906738 seconds
Time for computing coefficients: 7.242043733596802 seconds
['M_c', 'eta', 's1_z', 's2_z', 'lambda_1', 'lambda_2', 'd_L', 'phase_c', 'iota', 't_c', 'psi', 'ra', 'dec']
INFO: Using MALA as local sampler
Setting up a single Gaussian distribution
No autotune found, use input sampler_params
Training normalizing flow
Tuning global sampler:   0%|          | 0/200 [00:00<?, ?it/s]Tuning global sampler:   0%|          | 1/200 [02:00<6:40:09, 120.65s/it]Tuning global sampler:   1%|          | 2/200 [02:05<2:52:48, 52.37s/it] Tuning global sampler:   2%|▏         | 3/200 [02:09<1:40:19, 30.56s/it]Tuning global sampler:   2%|▏         | 4/200 [02:15<1:07:28, 20.66s/it]Tuning global sampler:   2%|▎         | 5/200 [02:19<48:19, 14.87s/it]  Tuning global sampler:   3%|▎         | 6/200 [02:24<36:48, 11.38s/it]Tuning global sampler:   4%|▎         | 7/200 [02:29<29:30,  9.17s/it]Tuning global sampler:   4%|▍         | 8/200 [02:33<24:41,  7.72s/it]Tuning global sampler:   4%|▍         | 9/200 [02:38<21:23,  6.72s/it]Tuning global sampler:   5%|▌         | 10/200 [02:42<19:01,  6.01s/it]Tuning global sampler:   6%|▌         | 11/200 [02:47<17:33,  5.57s/it]Tuning global sampler:   6%|▌         | 12/200 [02:51<16:31,  5.27s/it]Tuning global sampler:   6%|▋         | 13/200 [02:56<15:46,  5.06s/it]Tuning global sampler:   7%|▋         | 14/200 [03:01<15:18,  4.94s/it]Tuning global sampler:   8%|▊         | 15/200 [03:05<14:57,  4.85s/it]Tuning global sampler:   8%|▊         | 16/200 [03:10<14:40,  4.78s/it]Tuning global sampler:   8%|▊         | 17/200 [03:15<14:28,  4.74s/it]Tuning global sampler:   9%|▉         | 18/200 [03:19<14:16,  4.71s/it]Tuning global sampler:  10%|▉         | 19/200 [03:24<14:07,  4.68s/it]Tuning global sampler:  10%|█         | 20/200 [03:28<14:00,  4.67s/it]Tuning global sampler:  10%|█         | 21/200 [03:33<13:53,  4.66s/it]Tuning global sampler:  11%|█         | 22/200 [03:39<14:34,  4.91s/it]Tuning global sampler:  12%|█▏        | 23/200 [03:43<14:12,  4.81s/it]Tuning global sampler:  12%|█▏        | 24/200 [03:48<13:46,  4.70s/it]Tuning global sampler:  12%|█▎        | 25/200 [03:52<13:25,  4.60s/it]Tuning global sampler:  13%|█▎        | 26/200 [03:56<13:09,  4.54s/it]Tuning global sampler:  14%|█▎        | 27/200 [04:01<12:57,  4.49s/it]Tuning global sampler:  14%|█▍        | 28/200 [04:05<12:46,  4.46s/it]Tuning global sampler:  14%|█▍        | 29/200 [04:09<12:38,  4.44s/it]Tuning global sampler:  15%|█▌        | 30/200 [04:14<12:31,  4.42s/it]Tuning global sampler:  16%|█▌        | 31/200 [04:18<12:25,  4.41s/it]Tuning global sampler:  16%|█▌        | 32/200 [04:23<12:19,  4.40s/it]Tuning global sampler:  16%|█▋        | 33/200 [04:27<12:11,  4.38s/it]Tuning global sampler:  17%|█▋        | 34/200 [04:31<12:06,  4.38s/it]Tuning global sampler:  18%|█▊        | 35/200 [04:36<12:02,  4.38s/it]Tuning global sampler:  18%|█▊        | 36/200 [04:40<11:57,  4.38s/it]Tuning global sampler:  18%|█▊        | 37/200 [04:44<11:54,  4.38s/it]Tuning global sampler:  19%|█▉        | 38/200 [04:49<11:49,  4.38s/it]Tuning global sampler:  20%|█▉        | 39/200 [04:53<11:45,  4.38s/it]Tuning global sampler:  20%|██        | 40/200 [04:58<11:40,  4.38s/it]Tuning global sampler:  20%|██        | 41/200 [05:02<11:36,  4.38s/it]Tuning global sampler:  21%|██        | 42/200 [05:07<12:16,  4.66s/it]Tuning global sampler:  22%|██▏       | 43/200 [05:12<12:09,  4.65s/it]Tuning global sampler:  22%|██▏       | 44/200 [05:16<11:51,  4.56s/it]Tuning global sampler:  22%|██▎       | 45/200 [05:21<11:36,  4.49s/it]Tuning global sampler:  23%|██▎       | 46/200 [05:25<11:26,  4.46s/it]Tuning global sampler:  24%|██▎       | 47/200 [05:29<11:18,  4.43s/it]Tuning global sampler:  24%|██▍       | 48/200 [05:34<11:10,  4.41s/it]Tuning global sampler:  24%|██▍       | 49/200 [05:38<11:05,  4.41s/it]Tuning global sampler:  25%|██▌       | 50/200 [05:42<10:59,  4.40s/it]Tuning global sampler:  26%|██▌       | 51/200 [05:47<10:54,  4.39s/it]Tuning global sampler:  26%|██▌       | 52/200 [05:51<10:48,  4.38s/it]Tuning global sampler:  26%|██▋       | 53/200 [05:56<10:44,  4.38s/it]Tuning global sampler:  27%|██▋       | 54/200 [06:00<10:39,  4.38s/it]Tuning global sampler:  28%|██▊       | 55/200 [06:04<10:34,  4.38s/it]Tuning global sampler:  28%|██▊       | 56/200 [06:09<10:28,  4.37s/it]Tuning global sampler:  28%|██▊       | 57/200 [06:13<10:25,  4.38s/it]Tuning global sampler:  29%|██▉       | 58/200 [06:17<10:22,  4.38s/it]Tuning global sampler:  30%|██▉       | 59/200 [06:22<10:17,  4.38s/it]Tuning global sampler:  30%|███       | 60/200 [06:26<10:13,  4.38s/it]Tuning global sampler:  30%|███       | 61/200 [06:31<10:09,  4.38s/it]Tuning global sampler:  31%|███       | 62/200 [06:36<10:44,  4.67s/it]Tuning global sampler:  32%|███▏      | 63/200 [06:40<10:31,  4.61s/it]Tuning global sampler:  32%|███▏      | 64/200 [06:45<10:18,  4.55s/it]Tuning global sampler:  32%|███▎      | 65/200 [06:49<10:06,  4.50s/it]Tuning global sampler:  33%|███▎      | 66/200 [06:54<09:56,  4.45s/it]Tuning global sampler:  34%|███▎      | 67/200 [06:58<09:47,  4.42s/it]Tuning global sampler:  34%|███▎      | 67/200 [07:02<13:59,  6.31s/it]
Compiling MALA body
Early stopping: global acceptance target rate achieved
Starting Production run
Production run:   0%|          | 0/10 [00:00<?, ?it/s]Production run:  10%|█         | 1/10 [00:03<00:28,  3.22s/it]Production run:  20%|██        | 2/10 [00:06<00:25,  3.22s/it]Production run:  30%|███       | 3/10 [00:09<00:22,  3.22s/it]Production run:  40%|████      | 4/10 [00:12<00:19,  3.22s/it]Production run:  50%|█████     | 5/10 [00:16<00:16,  3.22s/it]Production run:  60%|██████    | 6/10 [00:19<00:12,  3.22s/it]Production run:  70%|███████   | 7/10 [00:22<00:09,  3.22s/it]Production run:  80%|████████  | 8/10 [00:25<00:06,  3.22s/it]Production run:  90%|█████████ | 9/10 [00:28<00:03,  3.22s/it]Production run: 100%|██████████| 10/10 [00:32<00:00,  3.22s/it]Production run: 100%|██████████| 10/10 [00:32<00:00,  3.22s/it]
13:03 ninjax INFO    : Saving samples to ./outdir/injection_22/results_training.npz
13:03 ninjax INFO    : Saving the NF
13:03 ninjax INFO    : Time taken: 461.8567955493927 seconds (7.697613259156545 minutes)
13:03 ninjax INFO    : Creating the final corner plot
13:03 ninjax INFO    : Dumping the final production chains
13:03 ninjax INFO    : Chains shape is: (13, 220000)
13:03 ninjax INFO    : Key: M_c: ESS = 108680, Rhat = 1.0065690116642172
13:03 ninjax INFO    : Key: q: ESS = 81199, Rhat = 1.0098751747377426
13:03 ninjax INFO    : Key: s1_z: ESS = 83606, Rhat = 1.0096332077855261
13:03 ninjax INFO    : Key: s2_z: ESS = 71555, Rhat = 1.010339314119797
13:03 ninjax INFO    : Key: lambda_1: ESS = 106602, Rhat = 1.0068687377547922
13:03 ninjax INFO    : Key: lambda_2: ESS = 103936, Rhat = 1.0070392378595399
13:03 ninjax INFO    : Key: cos_iota: ESS = 68853, Rhat = 1.0116415694794547
13:03 ninjax INFO    : Key: d_L: ESS = 67846, Rhat = 1.0125797527192064
13:03 ninjax INFO    : Key: t_c: ESS = 111749, Rhat = 1.00597374330878
13:03 ninjax INFO    : Key: phase_c: ESS = 109611, Rhat = 1.0065347556383317
13:03 ninjax INFO    : Key: psi: ESS = 103744, Rhat = 1.0077541918760005
13:03 ninjax INFO    : Key: ra: ESS = 99440, Rhat = 1.0077827613071013
13:03 ninjax INFO    : Key: sin_dec: ESS = 109396, Rhat = 1.0066382782667147
13:03 ninjax INFO    : Key: eta: ESS = 81199, Rhat = 1.0098751747377426
13:03 ninjax INFO    : Key: iota: ESS = 68853, Rhat = 1.0116415694794547
13:03 ninjax INFO    : Key: dec: ESS = 109396, Rhat = 1.0066382782667147
13:03 ninjax INFO    : Finished successfully!
Training summary
==========
M_c: 1.820 +/- 0.111
q: 0.781 +/- 0.189
s1_z: 0.021 +/- 0.026
s2_z: 0.020 +/- 0.025
lambda_1: 1420.399 +/- 1509.818
lambda_2: 1548.269 +/- 1482.052
cos_iota: -0.218 +/- 0.650
d_L: 506.393 +/- 226.741
t_c: 0.013 +/- 0.018
phase_c: 3.263 +/- 1.722
psi: 1.719 +/- 0.913
ra: 5.322 +/- 1.076
sin_dec: 0.783 +/- 0.411
Log probability: 134.370 +/- 94.354
Local acceptance: 0.952 +/- 0.213
Global acceptance: 0.011 +/- 0.103
Max loss: 22.875, Min loss: 6.618
Production summary
==========
M_c: 1.835 +/- 0.000
q: 0.895 +/- 0.070
s1_z: 0.034 +/- 0.011
s2_z: 0.032 +/- 0.012
lambda_1: 114.406 +/- 102.578
lambda_2: 162.402 +/- 141.516
cos_iota: -0.800 +/- 0.156
d_L: 336.592 +/- 59.640
t_c: 0.018 +/- 0.000
phase_c: 3.161 +/- 1.812
psi: 1.585 +/- 0.900
ra: 5.825 +/- 0.047
sin_dec: 0.981 +/- 0.002
Log probability: 232.845 +/- 2.277
Local acceptance: 0.903 +/- 0.296
Global acceptance: 0.118 +/- 0.323
DONE

JOB STATISTICS
==============
Job ID: 10863589
Cluster: snellius
User/Group: twouters2/twouters2
State: COMPLETED (exit code 0)
Nodes: 1
Cores per node: 16
CPU Utilized: 00:09:58
CPU Efficiency: 5.61% of 02:57:36 core-walltime
Job Wall-clock time: 00:11:06
Memory Utilized: 4.25 GB
Memory Efficiency: 42.54% of 10.00 GB
