Tue Apr  1 15:34:26 CEST 2025
NVIDIA H100
/gpfs/home6/twouters2/ninjax_dev/jim/src/jimgw/prior.py:94: UserWarning: As of jaxtyping version 0.2.24, jaxtyping now prefers the syntax
```
from jaxtyping import jaxtyped
# Use your favourite typechecker: usually one of the two lines below.
from typeguard import typechecked as typechecker
from beartype import beartype as typechecker

@jaxtyped(typechecker=typechecker)
def foo(...):
```
and the old double-decorator syntax
```
@jaxtyped
@typechecker
def foo(...):
```
should no longer be used. (It will continue to work as it did before, but the new approach will produce more readable error messages.)
In particular note that `typechecker` must be passed via keyword argument; the following is not valid:
```
@jaxtyped(typechecker)
def foo(...):
```

  class Uniform(Prior):
/gpfs/home6/twouters2/ninjax_dev/jim/src/jimgw/prior.py:149: UserWarning: As of jaxtyping version 0.2.24, jaxtyping now prefers the syntax
```
from jaxtyping import jaxtyped
# Use your favourite typechecker: usually one of the two lines below.
from typeguard import typechecked as typechecker
from beartype import beartype as typechecker

@jaxtyped(typechecker=typechecker)
def foo(...):
```
and the old double-decorator syntax
```
@jaxtyped
@typechecker
def foo(...):
```
should no longer be used. (It will continue to work as it did before, but the new approach will produce more readable error messages.)
In particular note that `typechecker` must be passed via keyword argument; the following is not valid:
```
@jaxtyped(typechecker)
def foo(...):
```

  class Unconstrained_Uniform(Prior):
/gpfs/home6/twouters2/ninjax_dev/jim/src/jimgw/prior.py:263: UserWarning: As of jaxtyping version 0.2.24, jaxtyping now prefers the syntax
```
from jaxtyping import jaxtyped
# Use your favourite typechecker: usually one of the two lines below.
from typeguard import typechecked as typechecker
from beartype import beartype as typechecker

@jaxtyped(typechecker=typechecker)
def foo(...):
```
and the old double-decorator syntax
```
@jaxtyped
@typechecker
def foo(...):
```
should no longer be used. (It will continue to work as it did before, but the new approach will produce more readable error messages.)
In particular note that `typechecker` must be passed via keyword argument; the following is not valid:
```
@jaxtyped(typechecker)
def foo(...):
```

  class AlignedSpin(Prior):
/gpfs/home6/twouters2/ninjax_dev/jim/src/jimgw/prior.py:377: UserWarning: As of jaxtyping version 0.2.24, jaxtyping now prefers the syntax
```
from jaxtyping import jaxtyped
# Use your favourite typechecker: usually one of the two lines below.
from typeguard import typechecked as typechecker
from beartype import beartype as typechecker

@jaxtyped(typechecker=typechecker)
def foo(...):
```
and the old double-decorator syntax
```
@jaxtyped
@typechecker
def foo(...):
```
should no longer be used. (It will continue to work as it did before, but the new approach will produce more readable error messages.)
In particular note that `typechecker` must be passed via keyword argument; the following is not valid:
```
@jaxtyped(typechecker)
def foo(...):
```

  class PowerLaw(Prior):
/gpfs/home6/twouters2/ninjax_dev/jim/src/jimgw/single_event/detector.py:496: UserWarning: As of jaxtyping version 0.2.24, jaxtyping now prefers the syntax
```
from jaxtyping import jaxtyped
# Use your favourite typechecker: usually one of the two lines below.
from typeguard import typechecked as typechecker
from beartype import beartype as typechecker

@jaxtyped(typechecker=typechecker)
def foo(...):
```
and the old double-decorator syntax
```
@jaxtyped
@typechecker
def foo(...):
```
should no longer be used. (It will continue to work as it did before, but the new approach will produce more readable error messages.)
In particular note that `typechecker` must be passed via keyword argument; the following is not valid:
```
@jaxtyped(typechecker)
def foo(...):
```

  def load_psd(
15:34 ninjax INFO    : Checking and setting outdir
15:34 ninjax INFO    : Found generation prior file ./Aplus/injection_12/generation_prior.prior
15:34 ninjax INFO    : The outdir is set to ./Aplus/injection_12
15:34 ninjax INFO    : Loading the given config
15:34 ninjax WARNING : Unrecognized keys given: {'n_max_examples', 'generation_seed'}. These will be ignored
15:34 ninjax INFO    : Arguments loaded into the config: {'likelihood': 'HeterodynedTransientLikelihoodFD', 'gw_injection': 'True', 'gw_load_existing_injection': 'False', 'gw_dump_injection_data': 'False', 'gw_SNR_threshold_low': '30.0', 'gw_SNR_threshold_high': '100', 'waveform_approximant': 'IMRPhenomD_NRTidalv2', 'waveform_approximant_1': 'None', 'waveform_approximant_2': 'None', 'gw_overlapping_tight_priors': 'False', 'ifos': 'H1,L1,V1', 'eos_file': '/home/twouters2/projects/projection_BNS_A_plus/src/projection_BNS/data/MPA1.npz', 'fmin': '20.0', 'fref': '20.0', 'fmax': '2048.0', 'duration': 'None', 'post_trigger_duration': '2.0', 'trigger_time': '1187008882.4', 'psd_file_H1': '/home/twouters2/projects/projection_BNS_A_plus/src/projection_BNS/data/AplusDesign_PSD.txt', 'psd_file_L1': '/home/twouters2/projects/projection_BNS_A_plus/src/projection_BNS/data/AplusDesign_PSD.txt', 'psd_file_V1': '/home/twouters2/projects/projection_BNS_A_plus/src/projection_BNS/data/avirgo_O5high_NEW_PSD.txt', 'psd_file_ET1': '/home/twouters2/psds/ET_D_psd.txt', 'psd_file_ET2': '/home/twouters2/psds/ET_D_psd.txt', 'psd_file_ET3': '/home/twouters2/psds/ET_D_psd.txt', 'psd_file_CE': '/home/twouters2/psds/CE_psd.txt', 'data_file_H1': 'None', 'data_file_L1': 'None', 'data_file_V1': 'None', 'data_file_ET1': 'None', 'data_file_ET2': 'None', 'data_file_ET3': 'None', 'relative_binning_binsize': '1000', 'relative_binning_ref_params_equal_true_params': 'True', 'relative_binning_ref_params': 'None', 'transforms': 'q_to_eta,cos_iota_to_iota,sin_dec_to_dec', 'gw_kwargs': 'None', 'filters': 'None', 'tmin': '0.05', 'tmax': '15.0', 'em_injection': 'False', 'em_trigger_time': '0.0', 'em_data_path': 'None', 'KN_model_name': 'None', 'KN_class_name': 'None', 'KN_model_dir': 'None', 'GRB_model_name': 'None', 'GRB_class_name': 'None', 'GRB_model_dir': 'None', 'detection_limit': 'None', 'n_loop_training': '200', 'n_loop_production': '10', 'n_local_steps': '100', 'n_global_steps': '1_000', 'n_epochs': '25', 'n_chains': '1_000', 'learning_rate': '0.001', 'max_samples': '50000', 'momentum': '0.9', 'batch_size': '30000', 'use_global': 'True', 'keep_quantile': '0.0', 'train_thinning': '10', 'output_thinning': '50', 'n_sample_max': '10000', 'verbose': 'False', 'save_training_chains': 'False', 'eps_mass_matrix': '1e-5', 'use_scheduler': 'True', 'use_temperature': 'False', 'which_temperature_schedule': 'exponential', 'starting_temperature': '2.0', 'stop_tempering_iteration': '75', 'stopping_criterion_global_acc': '0.10', 'stopping_criterion_loss': '-inf', 'seed': '123', 'sampling_seed': '123', 'injection_generation_seed': 'None', 'num_layers': '10', 'hidden_size': '128,128', 'num_bins': '8', 'nf_model_kwargs': 'None', 'run_sampler': 'True', 'keys_to_plot': 'M_c, q, s1_z, s2_z, lambda_1, lambda_2, d_L, t_c, phase_c, iota, psi, ra, dec'}
15:34 ninjax INFO    : Complete config file written to /gpfs/home6/twouters2/projects/projection_BNS_A_plus/src/projection_BNS/GW/MPA1/Aplus/injection_12/complete_config.json
15:34 ninjax INFO    : No injection_generation_seed specified. Generating a random injection_generation_seed: 901536
15:34 ninjax INFO    : Loading the priors
15:34 ninjax INFO    : Setting up the prior
15:34 ninjax INFO    :    Mc_prior = Uniform(0.98, 2.6, naming=["M_c"])
15:34 ninjax INFO    :    q_prior = Uniform(0.125, 1.0, naming=["q"])
15:34 ninjax INFO    :    s1_z_prior = Uniform(-0.05, 0.05, naming=["s1_z"])
15:34 ninjax INFO    :    s2_z_prior = Uniform(-0.05, 0.05, naming=["s2_z"])
15:34 ninjax INFO    :    lambda1_prior = Uniform(0.0, 5000.0, naming=["lambda_1"])
15:34 ninjax INFO    :    lambda2_prior = Uniform(0.0, 5000.0, naming=["lambda_2"])
15:34 ninjax INFO    :    cos_iota_prior = Uniform(-1.0, 1.0, naming=["cos_iota"])
15:34 ninjax INFO    :    dL_prior = PowerLaw(10.0, 1000.0, 2.0, naming=["d_L"])
15:34 ninjax INFO    :    t_c_prior = Uniform(-0.1, 0.1, naming=["t_c"])
15:34 ninjax INFO    :    phase_c_prior = Uniform(0.0, 2 * jnp.pi, naming=["phase_c"])
15:34 ninjax INFO    :    psi_prior = Uniform(0.0, jnp.pi, naming=["psi"])
15:34 ninjax INFO    :    ra_prior = Uniform(0.0, 2 * jnp.pi, naming=["ra"])
15:34 ninjax INFO    :    sin_dec_prior = Uniform(-1.0, 1.0, naming=["sin_dec"])
15:34 ninjax INFO    : Setting up the generation prior
15:34 ninjax INFO    :    mass_1_source_prior = Uniform(1.0, 2.468645554845655, naming=["mass_1_source"])
15:34 ninjax INFO    :    mass_2_source_prior = Uniform(1.0, 2.468645554845655, naming=["mass_2_source"])
15:34 ninjax INFO    :    s1_z_prior = Uniform(-0.05, 0.05, naming=["s1_z"])
15:34 ninjax INFO    :    s2_z_prior = Uniform(-0.05, 0.05, naming=["s2_z"])
15:34 ninjax INFO    :    cos_iota_prior = Uniform(-1.0, 1.0, naming=["cos_iota"])
15:34 ninjax INFO    :    dL_prior = PowerLaw(10.0, 460.0, 2.0, naming=["d_L"])
15:34 ninjax INFO    :    t_c_prior = Uniform(-0.1, 0.1, naming=["t_c"])
15:34 ninjax INFO    :    phase_c_prior = Uniform(0.0, 2 * jnp.pi, naming=["phase_c"])
15:34 ninjax INFO    :    psi_prior = Uniform(0.0, jnp.pi, naming=["psi"])
15:34 ninjax INFO    :    ra_prior = Uniform(0.0, 2 * jnp.pi, naming=["ra"])
15:34 ninjax INFO    :    sin_dec_prior = Uniform(-1.0, 1.0, naming=["sin_dec"])
15:34 ninjax INFO    : Finished prior setup
15:34 ninjax INFO    : Setting the transforms
15:34 ninjax INFO    : Raw transforms list is q_to_eta,cos_iota_to_iota,sin_dec_to_dec
15:34 ninjax INFO    : transforms_str_list has 3 elements
15:34 ninjax INFO    : DEBUG: Checking that all_transforms is OK: the list is ['binary_Love', 'binary_love_fit', 'cos_iota1_to_iota1', 'cos_iota2_to_iota2', 'cos_iota_to_iota', 'log_lambda_to_lambda', 'm1_m2_to_Mc_q', 'q1_to_eta1', 'q2_to_eta2', 'q_to_eta', 'sin_dec1_to_dec1', 'sin_dec2_to_dec2', 'sin_dec_to_dec', 'spin_sphere_to_cartesian_s1', 'spin_sphere_to_cartesian_s2', 'swap_lambdas_eos', 't_c_dt_to_tcs']
15:34 ninjax INFO    : Setting the likelihood
15:34 ninjax INFO    : GW likelihood provided, setting up the GW pipe
15:34 ninjax INFO    : eos_file is /home/twouters2/projects/projection_BNS_A_plus/src/projection_BNS/data/MPA1.npz
15:34 ninjax INFO    : Using eos_file /home/twouters2/projects/projection_BNS_A_plus/src/projection_BNS/data/MPA1.npz for BNS injections
15:34 ninjax INFO    : Note: No specific waveform approximant 1 so defaulting to IMRPhenomD_NRTidalv2
15:34 ninjax INFO    : self.is_BNS_run is True
15:34 ninjax INFO    : Using IMRPhenomD_NRTidalv2 waveform. Therefore, we will use no taper as the reference waveform for the likelihood if relative binning is used
15:34 ninjax INFO    : GW run is an injection
15:34 ninjax INFO    : Setting up GW injection . . . 
15:34 ninjax INFO    : The SNR thresholds are: 30.0 - 100.0
15:34 ninjax INFO    : Generating new injection
15:34 ninjax INFO    : Sanity check: generated parameters:
15:34 ninjax INFO    : {'mass_1_source': 1.6868691142193346, 'mass_2_source': 1.4727315668153016, 's1_z': 0.006008118482545698, 's2_z': 0.0380623601295834, 'cos_iota': -0.0006642019922868947, 'd_L': 269.9243526239073, 't_c': -0.035739760538278945, 'phase_c': 3.5325768916005233, 'psi': 0.5918152434381818, 'ra': 5.2507324036876195, 'sin_dec': -0.7597189551673944}
15:34 ninjax INFO    : Computing lambdas from EOS file /home/twouters2/projects/projection_BNS_A_plus/src/projection_BNS/data/MPA1.npz . . . 
15:34 ninjax INFO    : Injected lambda_1: 164.28869284417667
15:34 ninjax INFO    : Injected lambda_2: 381.08405431803277
15:34 ninjax INFO    : Duration is not specified in the config. Computed chirp time: for fmin = 20.0 and M_c = 1.4551517829064717 is 128.0
15:34 ninjax INFO    : After transforms, the injection parameters are:
15:34 ninjax INFO    : {'mass_1_source': 1.6868691142193346, 'mass_2_source': 1.4727315668153016, 's1_z': 0.006008118482545698, 's2_z': 0.0380623601295834, 'cos_iota': -0.0006642019922868947, 'd_L': 269.9243526239073, 't_c': -0.035739760538278945, 'phase_c': 3.5325768916005233, 'psi': 0.5918152434381818, 'ra': 5.2507324036876195, 'sin_dec': -0.7597189551673944, 'q': 0.8730562166329463, 'M_c': 1.4551517829064717, 'eta': 0.24885168441373173, 'iota': Array(1.57146053, dtype=float64, weak_type=True), 'dec': Array(-0.8628808, dtype=float64, weak_type=True), 'lambda_1': 164.28869284417667, 'lambda_2': 381.08405431803277}
15:34 ninjax INFO    : The trial injection parameters are {'M_c': 1.4551517829064717, 'eta': 0.24885168441373173, 's1_z': 0.006008118482545698, 's2_z': 0.0380623601295834, 'lambda_1': 164.28869284417667, 'lambda_2': 381.08405431803277, 'd_L': 269.9243526239073, 'phase_c': 3.5325768916005233, 'iota': 1.5714605288360204, 't_c': -0.035739760538278945, 'psi': 0.5918152434381818, 'ra': 5.2507324036876195, 'dec': -0.8628807964357879}
15:34 ninjax INFO    : Injecting signals . . .
15:35 ninjax INFO    : self.ifos
15:35 ninjax INFO    : [GroundBased2G(H1), GroundBased2G(L1), GroundBased2G(V1)]
15:35 ninjax INFO    : Signal injected in ifo H1. Frequencies, data, and PSD:
15:35 ninjax INFO    : [  20.          20.0078125   20.015625  ... 2047.9765625
 2047.984375  2047.9921875]
15:35 ninjax INFO    : [-6.82702809e-23-4.12097765e-23j -8.39361539e-23-5.00453003e-23j
 -4.15450036e-23+2.65572039e-23j ...
  5.39276234e-24+2.45611913e-24j  1.84029243e-23-8.43609062e-24j
  3.40736080e-24+7.17846270e-24j]
15:35 ninjax INFO    : [1.44906511e-46 1.44667215e-46 1.44435812e-46 ... 2.17775889e-47
 2.17777440e-47 2.17778992e-47]
15:35 ninjax INFO    : Signal injected in ifo L1. Frequencies, data, and PSD:
15:35 ninjax INFO    : [  20.          20.0078125   20.015625  ... 2047.9765625
 2047.984375  2047.9921875]
15:35 ninjax INFO    : [ 2.31856134e-23-7.89047243e-23j -4.41018262e-23+3.69430381e-23j
  1.20928740e-23+5.65051674e-23j ...
  1.86703625e-23-1.85004590e-23j  2.39227072e-24+2.92689593e-23j
 -6.76490301e-24-1.27936851e-23j]
15:35 ninjax INFO    : [1.44906511e-46 1.44667215e-46 1.44435812e-46 ... 2.17775889e-47
 2.17777440e-47 2.17778992e-47]
15:35 ninjax INFO    : Signal injected in ifo V1. Frequencies, data, and PSD:
15:35 ninjax INFO    : [  20.          20.0078125   20.015625  ... 2047.9765625
 2047.984375  2047.9921875]
15:35 ninjax INFO    : [-2.16365536e-23-5.24978654e-24j -2.31876018e-23+1.81500834e-23j
 -4.20178771e-23+2.99019709e-23j ...
  2.68093527e-23+9.93100495e-24j  5.52060851e-23-5.33113432e-24j
 -2.70040822e-23-1.64197717e-23j]
15:35 ninjax INFO    : [1.43183556e-46 1.42935095e-46 1.42688205e-46 ... 6.39786094e-47
 6.39790724e-47 6.39795354e-47]
15:35 ninjax INFO    : SNR for ifo H1 is 5.697993857932591
15:35 ninjax INFO    : SNR for ifo L1 is 2.577323247375214
15:35 ninjax INFO    : SNR for ifo V1 is 6.854998045442071
15:35 ninjax INFO    : The network SNR is 9.279047759846527
15:35 ninjax INFO    : The network SNR does not pass the threshold, trying again
15:35 ninjax INFO    : Generating new injection
15:35 ninjax INFO    : Sanity check: generated parameters:
15:35 ninjax INFO    : {'mass_1_source': 2.0706670874769735, 'mass_2_source': 1.2619500396214707, 's1_z': -0.035147206020669945, 's2_z': -0.04393946812749257, 'cos_iota': 0.8068191794667978, 'd_L': 382.87185082423093, 't_c': -0.05057093488723927, 'phase_c': 3.7649888209815465, 'psi': 1.059528413218974, 'ra': 0.07273112657288192, 'sin_dec': 0.08937165371294098}
15:35 ninjax INFO    : Computing lambdas from EOS file /home/twouters2/projects/projection_BNS_A_plus/src/projection_BNS/data/MPA1.npz . . . 
15:35 ninjax INFO    : Injected lambda_1: 36.85993623630936
15:35 ninjax INFO    : Injected lambda_2: 920.129048314651
15:35 ninjax INFO    : Duration is not specified in the config. Computed chirp time: for fmin = 20.0 and M_c = 1.5197390874100967 is 128.0
15:35 ninjax INFO    : After transforms, the injection parameters are:
15:35 ninjax INFO    : {'mass_1_source': 2.0706670874769735, 'mass_2_source': 1.2619500396214707, 's1_z': -0.035147206020669945, 's2_z': -0.04393946812749257, 'cos_iota': 0.8068191794667978, 'd_L': 382.87185082423093, 't_c': -0.05057093488723927, 'phase_c': 3.7649888209815465, 'psi': 1.059528413218974, 'ra': 0.07273112657288192, 'sin_dec': 0.08937165371294098, 'q': 0.6094412990159163, 'M_c': 1.5197390874100967, 'eta': 0.2352781509230118, 'iota': Array(0.63204811, dtype=float64, weak_type=True), 'dec': Array(0.08949106, dtype=float64, weak_type=True), 'lambda_1': 36.85993623630936, 'lambda_2': 920.129048314651}
15:35 ninjax INFO    : The trial injection parameters are {'M_c': 1.5197390874100967, 'eta': 0.2352781509230118, 's1_z': -0.035147206020669945, 's2_z': -0.04393946812749257, 'lambda_1': 36.85993623630936, 'lambda_2': 920.129048314651, 'd_L': 382.87185082423093, 'phase_c': 3.7649888209815465, 'iota': 0.6320481128449688, 't_c': -0.05057093488723927, 'psi': 1.059528413218974, 'ra': 0.07273112657288192, 'dec': 0.08949105630235758}
15:35 ninjax INFO    : Injecting signals . . .
15:35 ninjax INFO    : self.ifos
15:35 ninjax INFO    : [GroundBased2G(H1), GroundBased2G(L1), GroundBased2G(V1)]
15:35 ninjax INFO    : Signal injected in ifo H1. Frequencies, data, and PSD:
15:35 ninjax INFO    : [  20.          20.0078125   20.015625  ... 2047.9765625
 2047.984375  2047.9921875]
15:35 ninjax INFO    : [-6.95631135e-23-4.32625383e-23j -8.63570186e-23-4.96492823e-23j
 -4.28406684e-23+2.95172333e-23j ...
  5.39276234e-24+2.45611913e-24j  1.84029243e-23-8.43609062e-24j
  3.40736080e-24+7.17846270e-24j]
15:35 ninjax INFO    : [1.44906511e-46 1.44667215e-46 1.44435812e-46 ... 2.17775889e-47
 2.17777440e-47 2.17778992e-47]
15:35 ninjax INFO    : Signal injected in ifo L1. Frequencies, data, and PSD:
15:35 ninjax INFO    : [  20.          20.0078125   20.015625  ... 2047.9765625
 2047.984375  2047.9921875]
15:35 ninjax INFO    : [ 2.62136404e-23-8.02361631e-23j -4.28115225e-23+3.34614884e-23j
  1.04949461e-23+5.26253434e-23j ...
  1.86703625e-23-1.85004590e-23j  2.39227072e-24+2.92689593e-23j
 -6.76490301e-24-1.27936851e-23j]
15:35 ninjax INFO    : [1.44906511e-46 1.44667215e-46 1.44435812e-46 ... 2.17775889e-47
 2.17777440e-47 2.17778992e-47]
15:35 ninjax INFO    : Signal injected in ifo V1. Frequencies, data, and PSD:
15:35 ninjax INFO    : [  20.          20.0078125   20.015625  ... 2047.9765625
 2047.984375  2047.9921875]
15:35 ninjax INFO    : [-2.14795927e-23-6.63466907e-24j -2.49145781e-23+1.56366024e-23j
 -4.62853789e-23+2.81666612e-23j ...
  2.68093527e-23+9.93100495e-24j  5.52060851e-23-5.33113432e-24j
 -2.70040822e-23-1.64197717e-23j]
15:35 ninjax INFO    : [1.43183556e-46 1.42935095e-46 1.42688205e-46 ... 6.39786094e-47
 6.39790724e-47 6.39795354e-47]
15:35 ninjax INFO    : SNR for ifo H1 is 10.677791258883557
15:35 ninjax INFO    : SNR for ifo L1 is 9.19395854404276
15:35 ninjax INFO    : SNR for ifo V1 is 7.6407603256073005
15:35 ninjax INFO    : The network SNR is 16.028890112270453
15:35 ninjax INFO    : The network SNR does not pass the threshold, trying again
15:35 ninjax INFO    : Generating new injection
15:35 ninjax INFO    : Sanity check: generated parameters:
15:35 ninjax INFO    : {'mass_1_source': 1.5503227052856332, 'mass_2_source': 1.1832139140398379, 's1_z': -0.03334257663372878, 's2_z': -0.046086437182516905, 'cos_iota': -0.3541487978880422, 'd_L': 311.4186439172058, 't_c': -0.09891693877211259, 'phase_c': 6.227428589710916, 'psi': 2.418442961514807, 'ra': 4.525475003475685, 'sin_dec': -0.34776141511893144}
15:35 ninjax INFO    : Computing lambdas from EOS file /home/twouters2/projects/projection_BNS_A_plus/src/projection_BNS/data/MPA1.npz . . . 
15:35 ninjax INFO    : Injected lambda_1: 279.69886636814465
15:35 ninjax INFO    : Injected lambda_2: 1306.141703426055
15:35 ninjax INFO    : Duration is not specified in the config. Computed chirp time: for fmin = 20.0 and M_c = 1.2597343200204687 is 256.0
15:35 ninjax INFO    : After transforms, the injection parameters are:
15:35 ninjax INFO    : {'mass_1_source': 1.5503227052856332, 'mass_2_source': 1.1832139140398379, 's1_z': -0.03334257663372878, 's2_z': -0.046086437182516905, 'cos_iota': -0.3541487978880422, 'd_L': 311.4186439172058, 't_c': -0.09891693877211259, 'phase_c': 6.227428589710916, 'psi': 2.418442961514807, 'ra': 4.525475003475685, 'sin_dec': -0.34776141511893144, 'q': 0.7632049185668356, 'M_c': 1.2597343200204687, 'eta': 0.24549100466674087, 'iota': Array(1.93280004, dtype=float64, weak_type=True), 'dec': Array(-0.35518243, dtype=float64, weak_type=True), 'lambda_1': 279.69886636814465, 'lambda_2': 1306.141703426055}
15:35 ninjax INFO    : The trial injection parameters are {'M_c': 1.2597343200204687, 'eta': 0.24549100466674087, 's1_z': -0.03334257663372878, 's2_z': -0.046086437182516905, 'lambda_1': 279.69886636814465, 'lambda_2': 1306.141703426055, 'd_L': 311.4186439172058, 'phase_c': 6.227428589710916, 'iota': 1.9328000445021392, 't_c': -0.09891693877211259, 'psi': 2.418442961514807, 'ra': 4.525475003475685, 'dec': -0.3551824308737005}
15:35 ninjax INFO    : Injecting signals . . .
15:35 ninjax INFO    : self.ifos
15:35 ninjax INFO    : [GroundBased2G(H1), GroundBased2G(L1), GroundBased2G(V1)]
15:35 ninjax INFO    : Signal injected in ifo H1. Frequencies, data, and PSD:
15:35 ninjax INFO    : [  20.           20.00390625   20.0078125  ... 2047.98828125
 2047.9921875  2047.99609375]
15:35 ninjax INFO    : [-3.21235577e-23-8.81913678e-24j  7.55857704e-23-3.31928662e-23j
  2.15348906e-24+1.69310048e-22j ...
  2.25422483e-23-6.55111347e-24j  1.46120288e-23+4.92797357e-23j
  5.10662865e-23-3.46449217e-24j]
15:35 ninjax INFO    : [1.44906511e-46 1.44785671e-46 1.44667215e-46 ... 2.17778216e-47
 2.17778992e-47 2.17779767e-47]
15:35 ninjax INFO    : Signal injected in ifo L1. Frequencies, data, and PSD:
15:35 ninjax INFO    : [  20.           20.00390625   20.0078125  ... 2047.98828125
 2047.9921875  2047.99609375]
15:35 ninjax INFO    : [-6.28776658e-23-2.53552161e-23j  4.43177199e-23-1.59582945e-23j
 -1.46585906e-22+1.63097316e-23j ...
 -2.53741207e-23-4.32953499e-23j -2.41682042e-23-3.21319862e-23j
  7.93567389e-23-3.19354114e-24j]
15:35 ninjax INFO    : [1.44906511e-46 1.44785671e-46 1.44667215e-46 ... 2.17778216e-47
 2.17778992e-47 2.17779767e-47]
15:35 ninjax INFO    : Signal injected in ifo V1. Frequencies, data, and PSD:
15:35 ninjax INFO    : [  20.           20.00390625   20.0078125  ... 2047.98828125
 2047.9921875  2047.99609375]
15:35 ninjax INFO    : [-6.19366772e-23-4.42081417e-23j  6.19534448e-23+3.11496151e-23j
 -3.46604493e-23-5.53077075e-23j ...
 -2.60527474e-23+4.89183385e-23j  3.97766966e-23+4.60130803e-23j
 -4.17488685e-23+1.29686330e-22j]
15:35 ninjax INFO    : [1.43183556e-46 1.43058540e-46 1.42935095e-46 ... 6.39793039e-47
 6.39795354e-47 6.39797668e-47]
15:35 ninjax INFO    : SNR for ifo H1 is 5.480711386250006
15:35 ninjax INFO    : SNR for ifo L1 is 7.13984283151824
15:35 ninjax INFO    : SNR for ifo V1 is 4.455880589280838
15:35 ninjax INFO    : The network SNR is 10.043426944229873
15:35 ninjax INFO    : The network SNR does not pass the threshold, trying again
15:35 ninjax INFO    : Generating new injection
15:35 ninjax INFO    : Sanity check: generated parameters:
15:35 ninjax INFO    : {'mass_1_source': 1.3114677523060192, 'mass_2_source': 1.8099074227958676, 's1_z': 0.022831884788009835, 's2_z': -0.031199767433004635, 'cos_iota': -0.632698977227157, 'd_L': 368.42057453827044, 't_c': -0.013775634297814185, 'phase_c': 2.9052131337438944, 'psi': 1.6282296725813719, 'ra': 1.4803276546670063, 'sin_dec': -0.36446637162115936}
15:35 ninjax INFO    : Computing lambdas from EOS file /home/twouters2/projects/projection_BNS_A_plus/src/projection_BNS/data/MPA1.npz . . . 
15:35 ninjax INFO    : Injected lambda_1: 102.37399138582064
15:35 ninjax INFO    : Injected lambda_2: 743.0608458964964
15:35 ninjax INFO    : Duration is not specified in the config. Computed chirp time: for fmin = 20.0 and M_c = 1.449127738320757 is 128.0
15:35 ninjax INFO    : After transforms, the injection parameters are:
15:35 ninjax INFO    : {'mass_1_source': 1.8099074227958676, 'mass_2_source': 1.3114677523060192, 's1_z': 0.022831884788009835, 's2_z': -0.031199767433004635, 'cos_iota': -0.632698977227157, 'd_L': 368.42057453827044, 't_c': -0.013775634297814185, 'phase_c': 2.9052131337438944, 'psi': 1.6282296725813719, 'ra': 1.4803276546670063, 'sin_dec': -0.36446637162115936, 'q': 0.7246048807734706, 'M_c': 1.449127738320757, 'eta': 0.2436251016364138, 'iota': Array(2.25582986, dtype=float64, weak_type=True), 'dec': Array(-0.37305969, dtype=float64, weak_type=True), 'lambda_1': 102.37399138582064, 'lambda_2': 743.0608458964964}
15:35 ninjax INFO    : The trial injection parameters are {'M_c': 1.449127738320757, 'eta': 0.2436251016364138, 's1_z': 0.022831884788009835, 's2_z': -0.031199767433004635, 'lambda_1': 102.37399138582064, 'lambda_2': 743.0608458964964, 'd_L': 368.42057453827044, 'phase_c': 2.9052131337438944, 'iota': 2.2558298565311707, 't_c': -0.013775634297814185, 'psi': 1.6282296725813719, 'ra': 1.4803276546670063, 'dec': -0.37305969442199227}
15:35 ninjax INFO    : Injecting signals . . .
15:35 ninjax INFO    : self.ifos
15:35 ninjax INFO    : [GroundBased2G(H1), GroundBased2G(L1), GroundBased2G(V1)]
15:35 ninjax INFO    : Signal injected in ifo H1. Frequencies, data, and PSD:
15:35 ninjax INFO    : [  20.          20.0078125   20.015625  ... 2047.9765625
 2047.984375  2047.9921875]
15:35 ninjax INFO    : [-6.39947765e-23-3.79084920e-23j -7.89028889e-23-4.81089624e-23j
 -3.61763733e-23+2.69383110e-23j ...
  5.39276234e-24+2.45611913e-24j  1.84029243e-23-8.43609062e-24j
  3.40736080e-24+7.17846270e-24j]
15:35 ninjax INFO    : [1.44906511e-46 1.44667215e-46 1.44435812e-46 ... 2.17775889e-47
 2.17777440e-47 2.17778992e-47]
15:35 ninjax INFO    : Signal injected in ifo L1. Frequencies, data, and PSD:
15:35 ninjax INFO    : [  20.          20.0078125   20.015625  ... 2047.9765625
 2047.984375  2047.9921875]
15:35 ninjax INFO    : [ 2.43707960e-23-8.23770391e-23j -4.38922103e-23+3.33275421e-23j
  1.13172456e-23+5.30160334e-23j ...
  1.86703625e-23-1.85004590e-23j  2.39227072e-24+2.92689593e-23j
 -6.76490301e-24-1.27936851e-23j]
15:35 ninjax INFO    : [1.44906511e-46 1.44667215e-46 1.44435812e-46 ... 2.17775889e-47
 2.17777440e-47 2.17778992e-47]
15:35 ninjax INFO    : Signal injected in ifo V1. Frequencies, data, and PSD:
15:35 ninjax INFO    : [  20.          20.0078125   20.015625  ... 2047.9765625
 2047.984375  2047.9921875]
15:35 ninjax INFO    : [-2.59375793e-23-5.96020252e-24j -2.74647119e-23+1.87636502e-23j
 -4.58642108e-23+3.17838427e-23j ...
  2.68093527e-23+9.93100495e-24j  5.52060851e-23-5.33113432e-24j
 -2.70040822e-23-1.64197717e-23j]
15:35 ninjax INFO    : [1.43183556e-46 1.42935095e-46 1.42688205e-46 ... 6.39786094e-47
 6.39790724e-47 6.39795354e-47]
15:35 ninjax INFO    : SNR for ifo H1 is 5.991938292128479
15:35 ninjax INFO    : SNR for ifo L1 is 8.357611641480336
15:35 ninjax INFO    : SNR for ifo V1 is 1.7992992073409482
15:35 ninjax INFO    : The network SNR is 10.439850309464257
15:35 ninjax INFO    : The network SNR does not pass the threshold, trying again
15:35 ninjax INFO    : Generating new injection
15:35 ninjax INFO    : Sanity check: generated parameters:
15:35 ninjax INFO    : {'mass_1_source': 1.7439035967348646, 'mass_2_source': 2.4454259351934566, 's1_z': -0.013596401602270512, 's2_z': -0.0029025440206555536, 'cos_iota': 0.14749984083246925, 'd_L': 339.2809614728615, 't_c': 0.02371404074728685, 'phase_c': 2.2781440315206236, 'psi': 2.017991852364503, 'ra': 3.4275944061569463, 'sin_dec': 0.4461069471624999}
15:35 ninjax INFO    : Computing lambdas from EOS file /home/twouters2/projects/projection_BNS_A_plus/src/projection_BNS/data/MPA1.npz . . . 
15:35 ninjax INFO    : Injected lambda_1: 5.016258764149374
15:35 ninjax INFO    : Injected lambda_2: 131.9080601117903
15:35 ninjax INFO    : Duration is not specified in the config. Computed chirp time: for fmin = 20.0 and M_c = 1.930087268266993 is 128.0
15:35 ninjax INFO    : After transforms, the injection parameters are:
15:35 ninjax INFO    : {'mass_1_source': 2.4454259351934566, 'mass_2_source': 1.7439035967348646, 's1_z': -0.013596401602270512, 's2_z': -0.0029025440206555536, 'cos_iota': 0.14749984083246925, 'd_L': 339.2809614728615, 't_c': 0.02371404074728685, 'phase_c': 2.2781440315206236, 'psi': 2.017991852364503, 'ra': 3.4275944061569463, 'sin_dec': 0.4461069471624999, 'q': 0.7131287730441548, 'M_c': 1.930087268266993, 'eta': 0.24298974248398178, 'iota': Array(1.42275634, dtype=float64, weak_type=True), 'dec': Array(0.46241072, dtype=float64, weak_type=True), 'lambda_1': 5.016258764149374, 'lambda_2': 131.9080601117903}
15:35 ninjax INFO    : The trial injection parameters are {'M_c': 1.930087268266993, 'eta': 0.24298974248398178, 's1_z': -0.013596401602270512, 's2_z': -0.0029025440206555536, 'lambda_1': 5.016258764149374, 'lambda_2': 131.9080601117903, 'd_L': 339.2809614728615, 'phase_c': 2.2781440315206236, 'iota': 1.4227563414840994, 't_c': 0.02371404074728685, 'psi': 2.017991852364503, 'ra': 3.4275944061569463, 'dec': 0.46241072070366623}
15:35 ninjax INFO    : Injecting signals . . .
15:35 ninjax INFO    : self.ifos
15:35 ninjax INFO    : [GroundBased2G(H1), GroundBased2G(L1), GroundBased2G(V1)]
15:35 ninjax INFO    : Signal injected in ifo H1. Frequencies, data, and PSD:
15:35 ninjax INFO    : [  20.          20.0078125   20.015625  ... 2047.9765625
 2047.984375  2047.9921875]
15:35 ninjax INFO    : [-6.50189292e-23-3.89864765e-23j -8.18653136e-23-5.05053444e-23j
 -3.92596991e-23+2.77550164e-23j ...
  5.39276234e-24+2.45611913e-24j  1.84029243e-23-8.43609062e-24j
  3.40736080e-24+7.17846270e-24j]
15:35 ninjax INFO    : [1.44906511e-46 1.44667215e-46 1.44435812e-46 ... 2.17775889e-47
 2.17777440e-47 2.17778992e-47]
15:35 ninjax INFO    : Signal injected in ifo L1. Frequencies, data, and PSD:
15:35 ninjax INFO    : [  20.          20.0078125   20.015625  ... 2047.9765625
 2047.984375  2047.9921875]
15:35 ninjax INFO    : [ 2.04313403e-23-8.09428829e-23j -4.49537896e-23+3.92309225e-23j
  1.20209684e-23+5.48003691e-23j ...
  1.86703625e-23-1.85004590e-23j  2.39227072e-24+2.92689593e-23j
 -6.76490301e-24-1.27936851e-23j]
15:35 ninjax INFO    : [1.44906511e-46 1.44667215e-46 1.44435812e-46 ... 2.17775889e-47
 2.17777440e-47 2.17778992e-47]
15:35 ninjax INFO    : Signal injected in ifo V1. Frequencies, data, and PSD:
15:35 ninjax INFO    : [  20.          20.0078125   20.015625  ... 2047.9765625
 2047.984375  2047.9921875]
15:35 ninjax INFO    : [-2.96344624e-23-7.95054859e-24j -2.54503536e-23+2.44362875e-23j
 -4.34892395e-23+2.77721226e-23j ...
  2.68093527e-23+9.93100495e-24j  5.52060851e-23-5.33113431e-24j
 -2.70040822e-23-1.64197717e-23j]
15:35 ninjax INFO    : [1.43183556e-46 1.42935095e-46 1.42688205e-46 ... 6.39786094e-47
 6.39790724e-47 6.39795354e-47]
15:35 ninjax INFO    : SNR for ifo H1 is 2.7981728608540406
15:35 ninjax INFO    : SNR for ifo L1 is 4.9888480452927695
15:35 ninjax INFO    : SNR for ifo V1 is 8.45583286329435
15:35 ninjax INFO    : The network SNR is 10.208794521891912
15:35 ninjax INFO    : The network SNR does not pass the threshold, trying again
15:35 ninjax INFO    : Generating new injection
15:35 ninjax INFO    : Sanity check: generated parameters:
15:35 ninjax INFO    : {'mass_1_source': 1.0283778677771522, 'mass_2_source': 1.3915100589086538, 's1_z': -0.02474330910756515, 's2_z': 0.006619008133533687, 'cos_iota': -0.8709924640967492, 'd_L': 448.2909024095221, 't_c': 0.08048412714692885, 'phase_c': 5.245520454456187, 'psi': 0.4514088812859889, 'ra': 2.1962252096283073, 'sin_dec': -0.8599771493299184}
15:35 ninjax INFO    : Computing lambdas from EOS file /home/twouters2/projects/projection_BNS_A_plus/src/projection_BNS/data/MPA1.npz . . . 
15:35 ninjax INFO    : Injected lambda_1: 530.8542913483876
15:35 ninjax INFO    : Injected lambda_2: 2724.590213731552
15:35 ninjax INFO    : Duration is not specified in the config. Computed chirp time: for fmin = 20.0 and M_c = 1.1442679378362073 is 256.0
15:35 ninjax INFO    : After transforms, the injection parameters are:
15:35 ninjax INFO    : {'mass_1_source': 1.3915100589086538, 'mass_2_source': 1.0283778677771522, 's1_z': -0.02474330910756515, 's2_z': 0.006619008133533687, 'cos_iota': -0.8709924640967492, 'd_L': 448.2909024095221, 't_c': 0.08048412714692885, 'phase_c': 5.245520454456187, 'psi': 0.4514088812859889, 'ra': 2.1962252096283073, 'sin_dec': -0.8599771493299184, 'q': 0.7390373222193578, 'M_c': 1.1442679378362073, 'eta': 0.24437038100372852, 'iota': Array(2.62801514, dtype=float64, weak_type=True), 'dec': Array(-1.03522489, dtype=float64, weak_type=True), 'lambda_1': 530.8542913483876, 'lambda_2': 2724.590213731552}
15:35 ninjax INFO    : The trial injection parameters are {'M_c': 1.1442679378362073, 'eta': 0.24437038100372852, 's1_z': -0.02474330910756515, 's2_z': 0.006619008133533687, 'lambda_1': 530.8542913483876, 'lambda_2': 2724.590213731552, 'd_L': 448.2909024095221, 'phase_c': 5.245520454456187, 'iota': 2.628015136763801, 't_c': 0.08048412714692885, 'psi': 0.4514088812859889, 'ra': 2.1962252096283073, 'dec': -1.035224894751499}
15:35 ninjax INFO    : Injecting signals . . .
15:35 ninjax INFO    : self.ifos
15:35 ninjax INFO    : [GroundBased2G(H1), GroundBased2G(L1), GroundBased2G(V1)]
15:35 ninjax INFO    : Signal injected in ifo H1. Frequencies, data, and PSD:
15:35 ninjax INFO    : [  20.           20.00390625   20.0078125  ... 2047.98828125
 2047.9921875  2047.99609375]
15:35 ninjax INFO    : [-2.83880634e-23-1.21428466e-23j  7.00186411e-23-3.49224715e-23j
  3.69009213e-24+1.75195332e-22j ...
  2.25422483e-23-6.55111347e-24j  1.46120288e-23+4.92797357e-23j
  5.10662865e-23-3.46449217e-24j]
15:35 ninjax INFO    : [1.44906511e-46 1.44785671e-46 1.44667215e-46 ... 2.17778216e-47
 2.17778992e-47 2.17779767e-47]
15:35 ninjax INFO    : Signal injected in ifo L1. Frequencies, data, and PSD:
15:35 ninjax INFO    : [  20.           20.00390625   20.0078125  ... 2047.98828125
 2047.9921875  2047.99609375]
15:35 ninjax INFO    : [-6.80978940e-23-2.39985791e-23j  4.78072881e-23-1.33023649e-23j
 -1.46774476e-22+1.33629469e-23j ...
 -2.53741207e-23-4.32953499e-23j -2.41682042e-23-3.21319862e-23j
  7.93567389e-23-3.19354114e-24j]
15:35 ninjax INFO    : [1.44906511e-46 1.44785671e-46 1.44667215e-46 ... 2.17778216e-47
 2.17778992e-47 2.17779767e-47]
15:35 ninjax INFO    : Signal injected in ifo V1. Frequencies, data, and PSD:
15:35 ninjax INFO    : [  20.           20.00390625   20.0078125  ... 2047.98828125
 2047.9921875  2047.99609375]
15:35 ninjax INFO    : [-6.61079667e-23-4.13855109e-23j  6.57762961e-23+3.26962985e-23j
 -3.52000007e-23-5.80476993e-23j ...
 -2.60527474e-23+4.89183385e-23j  3.97766966e-23+4.60130803e-23j
 -4.17488685e-23+1.29686330e-22j]
15:35 ninjax INFO    : [1.43183556e-46 1.43058540e-46 1.42935095e-46 ... 6.39793039e-47
 6.39795354e-47 6.39797668e-47]
15:35 ninjax INFO    : SNR for ifo H1 is 7.704431804490842
15:35 ninjax INFO    : SNR for ifo L1 is 5.604887110460122
15:35 ninjax INFO    : SNR for ifo V1 is 4.838400955313957
15:35 ninjax INFO    : The network SNR is 10.685651723476441
15:35 ninjax INFO    : The network SNR does not pass the threshold, trying again
15:35 ninjax INFO    : Generating new injection
15:35 ninjax INFO    : Sanity check: generated parameters:
15:35 ninjax INFO    : {'mass_1_source': 2.212424713258357, 'mass_2_source': 2.3673805693281267, 's1_z': -0.040466687963114305, 's2_z': -0.03937319324037439, 'cos_iota': 0.622997808722749, 'd_L': 421.57242895478703, 't_c': 0.010310367867806883, 'phase_c': 4.308285150600347, 'psi': 1.140606924660042, 'ra': 2.2465376569687665, 'sin_dec': 0.34315592137398676}
15:35 ninjax INFO    : Computing lambdas from EOS file /home/twouters2/projects/projection_BNS_A_plus/src/projection_BNS/data/MPA1.npz . . . 
15:35 ninjax INFO    : Injected lambda_1: 9.12924776996406
15:35 ninjax INFO    : Injected lambda_2: 20.153452659789743
15:35 ninjax INFO    : Duration is not specified in the config. Computed chirp time: for fmin = 20.0 and M_c = 2.181868459637125 is 64.0
15:35 ninjax INFO    : After transforms, the injection parameters are:
15:35 ninjax INFO    : {'mass_1_source': 2.3673805693281267, 'mass_2_source': 2.212424713258357, 's1_z': -0.040466687963114305, 's2_z': -0.03937319324037439, 'cos_iota': 0.622997808722749, 'd_L': 421.57242895478703, 't_c': 0.010310367867806883, 'phase_c': 4.308285150600347, 'psi': 1.140606924660042, 'ra': 2.2465376569687665, 'sin_dec': 0.34315592137398676, 'q': 0.9345454389220798, 'M_c': 2.181868459637125, 'eta': 0.2497138050484193, 'iota': Array(0.89822703, dtype=float64, weak_type=True), 'dec': Array(0.35027479, dtype=float64, weak_type=True), 'lambda_1': 9.12924776996406, 'lambda_2': 20.153452659789743}
15:35 ninjax INFO    : The trial injection parameters are {'M_c': 2.181868459637125, 'eta': 0.2497138050484193, 's1_z': -0.040466687963114305, 's2_z': -0.03937319324037439, 'lambda_1': 9.12924776996406, 'lambda_2': 20.153452659789743, 'd_L': 421.57242895478703, 'phase_c': 4.308285150600347, 'iota': 0.8982270260882161, 't_c': 0.010310367867806883, 'psi': 1.140606924660042, 'ra': 2.2465376569687665, 'dec': 0.3502747864228383}
15:35 ninjax INFO    : Injecting signals . . .
