Tue Apr  1 15:34:22 CEST 2025
NVIDIA H100
/gpfs/home6/twouters2/ninjax_dev/jim/src/jimgw/prior.py:94: UserWarning: As of jaxtyping version 0.2.24, jaxtyping now prefers the syntax
```
from jaxtyping import jaxtyped
# Use your favourite typechecker: usually one of the two lines below.
from typeguard import typechecked as typechecker
from beartype import beartype as typechecker

@jaxtyped(typechecker=typechecker)
def foo(...):
```
and the old double-decorator syntax
```
@jaxtyped
@typechecker
def foo(...):
```
should no longer be used. (It will continue to work as it did before, but the new approach will produce more readable error messages.)
In particular note that `typechecker` must be passed via keyword argument; the following is not valid:
```
@jaxtyped(typechecker)
def foo(...):
```

  class Uniform(Prior):
/gpfs/home6/twouters2/ninjax_dev/jim/src/jimgw/prior.py:149: UserWarning: As of jaxtyping version 0.2.24, jaxtyping now prefers the syntax
```
from jaxtyping import jaxtyped
# Use your favourite typechecker: usually one of the two lines below.
from typeguard import typechecked as typechecker
from beartype import beartype as typechecker

@jaxtyped(typechecker=typechecker)
def foo(...):
```
and the old double-decorator syntax
```
@jaxtyped
@typechecker
def foo(...):
```
should no longer be used. (It will continue to work as it did before, but the new approach will produce more readable error messages.)
In particular note that `typechecker` must be passed via keyword argument; the following is not valid:
```
@jaxtyped(typechecker)
def foo(...):
```

  class Unconstrained_Uniform(Prior):
/gpfs/home6/twouters2/ninjax_dev/jim/src/jimgw/prior.py:263: UserWarning: As of jaxtyping version 0.2.24, jaxtyping now prefers the syntax
```
from jaxtyping import jaxtyped
# Use your favourite typechecker: usually one of the two lines below.
from typeguard import typechecked as typechecker
from beartype import beartype as typechecker

@jaxtyped(typechecker=typechecker)
def foo(...):
```
and the old double-decorator syntax
```
@jaxtyped
@typechecker
def foo(...):
```
should no longer be used. (It will continue to work as it did before, but the new approach will produce more readable error messages.)
In particular note that `typechecker` must be passed via keyword argument; the following is not valid:
```
@jaxtyped(typechecker)
def foo(...):
```

  class AlignedSpin(Prior):
/gpfs/home6/twouters2/ninjax_dev/jim/src/jimgw/prior.py:377: UserWarning: As of jaxtyping version 0.2.24, jaxtyping now prefers the syntax
```
from jaxtyping import jaxtyped
# Use your favourite typechecker: usually one of the two lines below.
from typeguard import typechecked as typechecker
from beartype import beartype as typechecker

@jaxtyped(typechecker=typechecker)
def foo(...):
```
and the old double-decorator syntax
```
@jaxtyped
@typechecker
def foo(...):
```
should no longer be used. (It will continue to work as it did before, but the new approach will produce more readable error messages.)
In particular note that `typechecker` must be passed via keyword argument; the following is not valid:
```
@jaxtyped(typechecker)
def foo(...):
```

  class PowerLaw(Prior):
/gpfs/home6/twouters2/ninjax_dev/jim/src/jimgw/single_event/detector.py:496: UserWarning: As of jaxtyping version 0.2.24, jaxtyping now prefers the syntax
```
from jaxtyping import jaxtyped
# Use your favourite typechecker: usually one of the two lines below.
from typeguard import typechecked as typechecker
from beartype import beartype as typechecker

@jaxtyped(typechecker=typechecker)
def foo(...):
```
and the old double-decorator syntax
```
@jaxtyped
@typechecker
def foo(...):
```
should no longer be used. (It will continue to work as it did before, but the new approach will produce more readable error messages.)
In particular note that `typechecker` must be passed via keyword argument; the following is not valid:
```
@jaxtyped(typechecker)
def foo(...):
```

  def load_psd(
15:34 ninjax INFO    : Checking and setting outdir
15:34 ninjax INFO    : Found generation prior file ./Aplus/injection_5/generation_prior.prior
15:34 ninjax INFO    : The outdir is set to ./Aplus/injection_5
15:34 ninjax INFO    : Loading the given config
15:34 ninjax WARNING : Unrecognized keys given: {'n_max_examples', 'generation_seed'}. These will be ignored
15:34 ninjax INFO    : Arguments loaded into the config: {'likelihood': 'HeterodynedTransientLikelihoodFD', 'gw_injection': 'True', 'gw_load_existing_injection': 'False', 'gw_dump_injection_data': 'False', 'gw_SNR_threshold_low': '30.0', 'gw_SNR_threshold_high': '100', 'waveform_approximant': 'IMRPhenomD_NRTidalv2', 'waveform_approximant_1': 'None', 'waveform_approximant_2': 'None', 'gw_overlapping_tight_priors': 'False', 'ifos': 'H1,L1,V1', 'eos_file': '/home/twouters2/projects/projection_BNS_A_plus/src/projection_BNS/data/MPA1.npz', 'fmin': '20.0', 'fref': '20.0', 'fmax': '2048.0', 'duration': 'None', 'post_trigger_duration': '2.0', 'trigger_time': '1187008882.4', 'psd_file_H1': '/home/twouters2/projects/projection_BNS_A_plus/src/projection_BNS/data/AplusDesign_PSD.txt', 'psd_file_L1': '/home/twouters2/projects/projection_BNS_A_plus/src/projection_BNS/data/AplusDesign_PSD.txt', 'psd_file_V1': '/home/twouters2/projects/projection_BNS_A_plus/src/projection_BNS/data/avirgo_O5high_NEW_PSD.txt', 'psd_file_ET1': '/home/twouters2/psds/ET_D_psd.txt', 'psd_file_ET2': '/home/twouters2/psds/ET_D_psd.txt', 'psd_file_ET3': '/home/twouters2/psds/ET_D_psd.txt', 'psd_file_CE': '/home/twouters2/psds/CE_psd.txt', 'data_file_H1': 'None', 'data_file_L1': 'None', 'data_file_V1': 'None', 'data_file_ET1': 'None', 'data_file_ET2': 'None', 'data_file_ET3': 'None', 'relative_binning_binsize': '1000', 'relative_binning_ref_params_equal_true_params': 'True', 'relative_binning_ref_params': 'None', 'transforms': 'q_to_eta,cos_iota_to_iota,sin_dec_to_dec', 'gw_kwargs': 'None', 'filters': 'None', 'tmin': '0.05', 'tmax': '15.0', 'em_injection': 'False', 'em_trigger_time': '0.0', 'em_data_path': 'None', 'KN_model_name': 'None', 'KN_class_name': 'None', 'KN_model_dir': 'None', 'GRB_model_name': 'None', 'GRB_class_name': 'None', 'GRB_model_dir': 'None', 'detection_limit': 'None', 'n_loop_training': '200', 'n_loop_production': '10', 'n_local_steps': '100', 'n_global_steps': '1_000', 'n_epochs': '25', 'n_chains': '1_000', 'learning_rate': '0.001', 'max_samples': '50000', 'momentum': '0.9', 'batch_size': '30000', 'use_global': 'True', 'keep_quantile': '0.0', 'train_thinning': '10', 'output_thinning': '50', 'n_sample_max': '10000', 'verbose': 'False', 'save_training_chains': 'False', 'eps_mass_matrix': '1e-5', 'use_scheduler': 'True', 'use_temperature': 'False', 'which_temperature_schedule': 'exponential', 'starting_temperature': '2.0', 'stop_tempering_iteration': '75', 'stopping_criterion_global_acc': '0.10', 'stopping_criterion_loss': '-inf', 'seed': '123', 'sampling_seed': '123', 'injection_generation_seed': 'None', 'num_layers': '10', 'hidden_size': '128,128', 'num_bins': '8', 'nf_model_kwargs': 'None', 'run_sampler': 'True', 'keys_to_plot': 'M_c, q, s1_z, s2_z, lambda_1, lambda_2, d_L, t_c, phase_c, iota, psi, ra, dec'}
15:34 ninjax INFO    : Complete config file written to /gpfs/home6/twouters2/projects/projection_BNS_A_plus/src/projection_BNS/GW/MPA1/Aplus/injection_5/complete_config.json
15:34 ninjax INFO    : No injection_generation_seed specified. Generating a random injection_generation_seed: 440449
15:34 ninjax INFO    : Loading the priors
15:34 ninjax INFO    : Setting up the prior
15:34 ninjax INFO    :    Mc_prior = Uniform(0.98, 2.6, naming=["M_c"])
15:34 ninjax INFO    :    q_prior = Uniform(0.125, 1.0, naming=["q"])
15:34 ninjax INFO    :    s1_z_prior = Uniform(-0.05, 0.05, naming=["s1_z"])
15:34 ninjax INFO    :    s2_z_prior = Uniform(-0.05, 0.05, naming=["s2_z"])
15:34 ninjax INFO    :    lambda1_prior = Uniform(0.0, 5000.0, naming=["lambda_1"])
15:34 ninjax INFO    :    lambda2_prior = Uniform(0.0, 5000.0, naming=["lambda_2"])
15:34 ninjax INFO    :    cos_iota_prior = Uniform(-1.0, 1.0, naming=["cos_iota"])
15:34 ninjax INFO    :    dL_prior = PowerLaw(10.0, 1000.0, 2.0, naming=["d_L"])
15:34 ninjax INFO    :    t_c_prior = Uniform(-0.1, 0.1, naming=["t_c"])
15:34 ninjax INFO    :    phase_c_prior = Uniform(0.0, 2 * jnp.pi, naming=["phase_c"])
15:34 ninjax INFO    :    psi_prior = Uniform(0.0, jnp.pi, naming=["psi"])
15:34 ninjax INFO    :    ra_prior = Uniform(0.0, 2 * jnp.pi, naming=["ra"])
15:34 ninjax INFO    :    sin_dec_prior = Uniform(-1.0, 1.0, naming=["sin_dec"])
15:34 ninjax INFO    : Setting up the generation prior
15:34 ninjax INFO    :    mass_1_source_prior = Uniform(1.0, 2.468645554845655, naming=["mass_1_source"])
15:34 ninjax INFO    :    mass_2_source_prior = Uniform(1.0, 2.468645554845655, naming=["mass_2_source"])
15:34 ninjax INFO    :    s1_z_prior = Uniform(-0.05, 0.05, naming=["s1_z"])
15:34 ninjax INFO    :    s2_z_prior = Uniform(-0.05, 0.05, naming=["s2_z"])
15:34 ninjax INFO    :    cos_iota_prior = Uniform(-1.0, 1.0, naming=["cos_iota"])
15:34 ninjax INFO    :    dL_prior = PowerLaw(10.0, 460.0, 2.0, naming=["d_L"])
15:34 ninjax INFO    :    t_c_prior = Uniform(-0.1, 0.1, naming=["t_c"])
15:34 ninjax INFO    :    phase_c_prior = Uniform(0.0, 2 * jnp.pi, naming=["phase_c"])
15:34 ninjax INFO    :    psi_prior = Uniform(0.0, jnp.pi, naming=["psi"])
15:34 ninjax INFO    :    ra_prior = Uniform(0.0, 2 * jnp.pi, naming=["ra"])
15:34 ninjax INFO    :    sin_dec_prior = Uniform(-1.0, 1.0, naming=["sin_dec"])
15:34 ninjax INFO    : Finished prior setup
15:34 ninjax INFO    : Setting the transforms
15:34 ninjax INFO    : Raw transforms list is q_to_eta,cos_iota_to_iota,sin_dec_to_dec
15:34 ninjax INFO    : transforms_str_list has 3 elements
15:34 ninjax INFO    : DEBUG: Checking that all_transforms is OK: the list is ['binary_Love', 'binary_love_fit', 'cos_iota1_to_iota1', 'cos_iota2_to_iota2', 'cos_iota_to_iota', 'log_lambda_to_lambda', 'm1_m2_to_Mc_q', 'q1_to_eta1', 'q2_to_eta2', 'q_to_eta', 'sin_dec1_to_dec1', 'sin_dec2_to_dec2', 'sin_dec_to_dec', 'spin_sphere_to_cartesian_s1', 'spin_sphere_to_cartesian_s2', 'swap_lambdas_eos', 't_c_dt_to_tcs']
15:34 ninjax INFO    : Setting the likelihood
15:34 ninjax INFO    : GW likelihood provided, setting up the GW pipe
15:34 ninjax INFO    : eos_file is /home/twouters2/projects/projection_BNS_A_plus/src/projection_BNS/data/MPA1.npz
15:34 ninjax INFO    : Using eos_file /home/twouters2/projects/projection_BNS_A_plus/src/projection_BNS/data/MPA1.npz for BNS injections
15:34 ninjax INFO    : Note: No specific waveform approximant 1 so defaulting to IMRPhenomD_NRTidalv2
15:34 ninjax INFO    : self.is_BNS_run is True
15:34 ninjax INFO    : Using IMRPhenomD_NRTidalv2 waveform. Therefore, we will use no taper as the reference waveform for the likelihood if relative binning is used
15:34 ninjax INFO    : GW run is an injection
15:34 ninjax INFO    : Setting up GW injection . . . 
15:34 ninjax INFO    : The SNR thresholds are: 30.0 - 100.0
15:34 ninjax INFO    : Generating new injection
15:34 ninjax INFO    : Sanity check: generated parameters:
15:34 ninjax INFO    : {'mass_1_source': 2.397376885078928, 'mass_2_source': 2.109503949051852, 's1_z': -0.03204338828638505, 's2_z': 0.006416058352965104, 'cos_iota': 0.6892844140455843, 'd_L': 314.6974772730675, 't_c': 0.018780770657117515, 'phase_c': 4.189607224316232, 'psi': 2.2882447901320315, 'ra': 3.861833460482148, 'sin_dec': -0.2831536250686315}
15:34 ninjax INFO    : Computing lambdas from EOS file /home/twouters2/projects/projection_BNS_A_plus/src/projection_BNS/data/MPA1.npz . . . 
15:34 ninjax INFO    : Injected lambda_1: 7.5143324147838735
15:34 ninjax INFO    : Injected lambda_2: 31.42033755009828
15:34 ninjax INFO    : Duration is not specified in the config. Computed chirp time: for fmin = 20.0 and M_c = 2.096080677565128 is 128.0
15:34 ninjax INFO    : After transforms, the injection parameters are:
15:34 ninjax INFO    : {'mass_1_source': 2.397376885078928, 'mass_2_source': 2.109503949051852, 's1_z': -0.03204338828638505, 's2_z': 0.006416058352965104, 'cos_iota': 0.6892844140455843, 'd_L': 314.6974772730675, 't_c': 0.018780770657117515, 'phase_c': 4.189607224316232, 'psi': 2.2882447901320315, 'ra': 3.861833460482148, 'sin_dec': -0.2831536250686315, 'q': 0.8799217019990587, 'M_c': 2.096080677565128, 'eta': 0.24898002498653662, 'iota': Array(0.81029545, dtype=float64, weak_type=True), 'dec': Array(-0.28708072, dtype=float64, weak_type=True), 'lambda_1': 7.5143324147838735, 'lambda_2': 31.42033755009828}
15:34 ninjax INFO    : The trial injection parameters are {'M_c': 2.096080677565128, 'eta': 0.24898002498653662, 's1_z': -0.03204338828638505, 's2_z': 0.006416058352965104, 'lambda_1': 7.5143324147838735, 'lambda_2': 31.42033755009828, 'd_L': 314.6974772730675, 'phase_c': 4.189607224316232, 'iota': 0.8102954474743743, 't_c': 0.018780770657117515, 'psi': 2.2882447901320315, 'ra': 3.861833460482148, 'dec': -0.2870807164976101}
15:34 ninjax INFO    : Injecting signals . . .
15:35 ninjax INFO    : self.ifos
15:35 ninjax INFO    : [GroundBased2G(H1), GroundBased2G(L1), GroundBased2G(V1)]
15:35 ninjax INFO    : Signal injected in ifo H1. Frequencies, data, and PSD:
15:35 ninjax INFO    : [  20.          20.0078125   20.015625  ... 2047.9765625
 2047.984375  2047.9921875]
15:35 ninjax INFO    : [-7.20710377e-23-4.61544103e-23j -7.65151385e-23-4.19994934e-23j
 -4.26521992e-23+1.85623145e-23j ...
  5.41860112e-24+2.47826556e-24j  1.84265118e-23-8.41156049e-24j
  3.42847816e-24+7.20514881e-24j]
15:35 ninjax INFO    : [1.44906511e-46 1.44667215e-46 1.44435812e-46 ... 2.17775889e-47
 2.17777440e-47 2.17778992e-47]
15:35 ninjax INFO    : Signal injected in ifo L1. Frequencies, data, and PSD:
15:35 ninjax INFO    : [  20.          20.0078125   20.015625  ... 2047.9765625
 2047.984375  2047.9921875]
15:35 ninjax INFO    : [ 2.74521203e-23-7.20115363e-23j -4.95009078e-23+2.89219891e-23j
  1.39032156e-23+6.54161331e-23j ...
  1.86716659e-23-1.84654036e-23j  2.39019574e-24+2.93039773e-23j
 -6.77033711e-24-1.27590293e-23j]
15:35 ninjax INFO    : [1.44906511e-46 1.44667215e-46 1.44435812e-46 ... 2.17775889e-47
 2.17777440e-47 2.17778992e-47]
15:35 ninjax INFO    : Signal injected in ifo V1. Frequencies, data, and PSD:
15:35 ninjax INFO    : [  20.          20.0078125   20.015625  ... 2047.9765625
 2047.984375  2047.9921875]
15:35 ninjax INFO    : [-2.12227949e-23-4.15348474e-24j -3.11591359e-23+1.81951580e-23j
 -4.11158711e-23+3.45968432e-23j ...
  2.68213689e-23+9.91839278e-24j  5.52192719e-23-5.34251676e-24j
 -2.69898500e-23-1.64298163e-23j]
15:35 ninjax INFO    : [1.43183556e-46 1.42935095e-46 1.42688205e-46 ... 6.39786094e-47
 6.39790724e-47 6.39795354e-47]
15:35 ninjax INFO    : SNR for ifo H1 is 18.824041262160986
15:35 ninjax INFO    : SNR for ifo L1 is 19.404063337186265
15:35 ninjax INFO    : SNR for ifo V1 is 7.6044700443118565
15:35 ninjax INFO    : The network SNR is 28.08362811475597
15:35 ninjax INFO    : The network SNR does not pass the threshold, trying again
15:35 ninjax INFO    : Generating new injection
15:35 ninjax INFO    : Sanity check: generated parameters:
15:35 ninjax INFO    : {'mass_1_source': 1.6911499870258817, 'mass_2_source': 2.360461133122099, 's1_z': -0.036291007370242136, 's2_z': 0.02959582054780978, 'cos_iota': 0.4439304176878709, 'd_L': 438.9048722539901, 't_c': 0.0326037198619476, 'phase_c': 4.438752483032855, 'psi': 1.4172259727545438, 'ra': 3.201074799319232, 'sin_dec': 0.18649990821277918}
15:35 ninjax INFO    : Computing lambdas from EOS file /home/twouters2/projects/projection_BNS_A_plus/src/projection_BNS/data/MPA1.npz . . . 
15:35 ninjax INFO    : Injected lambda_1: 9.518161955261787
15:35 ninjax INFO    : Injected lambda_2: 161.5960280971746
15:35 ninjax INFO    : Duration is not specified in the config. Computed chirp time: for fmin = 20.0 and M_c = 1.9065492093868832 is 128.0
15:35 ninjax INFO    : After transforms, the injection parameters are:
15:35 ninjax INFO    : {'mass_1_source': 2.360461133122099, 'mass_2_source': 1.6911499870258817, 's1_z': -0.036291007370242136, 's2_z': 0.02959582054780978, 'cos_iota': 0.4439304176878709, 'd_L': 438.9048722539901, 't_c': 0.0326037198619476, 'phase_c': 4.438752483032855, 'psi': 1.4172259727545438, 'ra': 3.201074799319232, 'sin_dec': 0.18649990821277918, 'q': 0.716448986723648, 'M_c': 1.9065492093868832, 'eta': 0.2431775460241257, 'iota': Array(1.11081607, dtype=float64, weak_type=True), 'dec': Array(0.18759834, dtype=float64, weak_type=True), 'lambda_1': 9.518161955261787, 'lambda_2': 161.5960280971746}
15:35 ninjax INFO    : The trial injection parameters are {'M_c': 1.9065492093868832, 'eta': 0.2431775460241257, 's1_z': -0.036291007370242136, 's2_z': 0.02959582054780978, 'lambda_1': 9.518161955261787, 'lambda_2': 161.5960280971746, 'd_L': 438.9048722539901, 'phase_c': 4.438752483032855, 'iota': 1.1108160680390669, 't_c': 0.0326037198619476, 'psi': 1.4172259727545438, 'ra': 3.201074799319232, 'dec': 0.18759833585363697}
15:35 ninjax INFO    : Injecting signals . . .
15:35 ninjax INFO    : self.ifos
15:35 ninjax INFO    : [GroundBased2G(H1), GroundBased2G(L1), GroundBased2G(V1)]
15:35 ninjax INFO    : Signal injected in ifo H1. Frequencies, data, and PSD:
15:35 ninjax INFO    : [  20.          20.0078125   20.015625  ... 2047.9765625
 2047.984375  2047.9921875]
15:35 ninjax INFO    : [-6.56780659e-23-3.72983664e-23j -8.01805468e-23-5.14001356e-23j
 -4.12180770e-23+2.73300674e-23j ...
  5.39276234e-24+2.45611913e-24j  1.84029243e-23-8.43609062e-24j
  3.40736080e-24+7.17846270e-24j]
15:35 ninjax INFO    : [1.44906511e-46 1.44667215e-46 1.44435812e-46 ... 2.17775889e-47
 2.17777440e-47 2.17778992e-47]
15:35 ninjax INFO    : Signal injected in ifo L1. Frequencies, data, and PSD:
15:35 ninjax INFO    : [  20.          20.0078125   20.015625  ... 2047.9765625
 2047.984375  2047.9921875]
15:35 ninjax INFO    : [ 2.38909000e-23-8.04521292e-23j -4.74532257e-23+3.66443576e-23j
  1.24279947e-23+5.84721656e-23j ...
  1.86703625e-23-1.85004590e-23j  2.39227072e-24+2.92689593e-23j
 -6.76490301e-24-1.27936851e-23j]
15:35 ninjax INFO    : [1.44906511e-46 1.44667215e-46 1.44435812e-46 ... 2.17775889e-47
 2.17777440e-47 2.17778992e-47]
15:35 ninjax INFO    : Signal injected in ifo V1. Frequencies, data, and PSD:
15:35 ninjax INFO    : [  20.          20.0078125   20.015625  ... 2047.9765625
 2047.984375  2047.9921875]
15:35 ninjax INFO    : [-2.26075801e-23-6.48887797e-24j -3.02305136e-23+1.88801748e-23j
 -4.30509936e-23+3.52307928e-23j ...
  2.68093527e-23+9.93100495e-24j  5.52060851e-23-5.33113432e-24j
 -2.70040822e-23-1.64197717e-23j]
15:35 ninjax INFO    : [1.43183556e-46 1.42935095e-46 1.42688205e-46 ... 6.39786094e-47
 6.39790724e-47 6.39795354e-47]
15:35 ninjax INFO    : SNR for ifo H1 is 5.264784290389872
15:35 ninjax INFO    : SNR for ifo L1 is 4.680284281284362
15:35 ninjax INFO    : SNR for ifo V1 is 5.776998815163239
15:35 ninjax INFO    : The network SNR is 9.110254106685002
15:35 ninjax INFO    : The network SNR does not pass the threshold, trying again
15:35 ninjax INFO    : Generating new injection
15:35 ninjax INFO    : Sanity check: generated parameters:
15:35 ninjax INFO    : {'mass_1_source': 1.0629970680278713, 'mass_2_source': 1.1463373001806032, 's1_z': 0.03791332801031029, 's2_z': 0.02026825402413321, 'cos_iota': -0.7084898169484504, 'd_L': 291.56084397470426, 't_c': -0.05316153500452732, 'phase_c': 5.4096280797775105, 'psi': 0.8546787082063307, 'ra': 1.9244415323217225, 'sin_dec': 0.3614318200623763}
15:35 ninjax INFO    : Computing lambdas from EOS file /home/twouters2/projects/projection_BNS_A_plus/src/projection_BNS/data/MPA1.npz . . . 
15:35 ninjax INFO    : Injected lambda_1: 1546.7155914399923
15:35 ninjax INFO    : Injected lambda_2: 2297.4185820080106
15:35 ninjax INFO    : Duration is not specified in the config. Computed chirp time: for fmin = 20.0 and M_c = 1.0241480064410715 is 256.0
15:35 ninjax INFO    : After transforms, the injection parameters are:
15:35 ninjax INFO    : {'mass_1_source': 1.1463373001806032, 'mass_2_source': 1.0629970680278713, 's1_z': 0.03791332801031029, 's2_z': 0.02026825402413321, 'cos_iota': -0.7084898169484504, 'd_L': 291.56084397470426, 't_c': -0.05316153500452732, 'phase_c': 5.4096280797775105, 'psi': 0.8546787082063307, 'ra': 1.9244415323217225, 'sin_dec': 0.3614318200623763, 'q': 0.927298682386413, 'M_c': 1.0241480064410715, 'eta': 0.24964426505982473, 'iota': Array(2.35815232, dtype=float64, weak_type=True), 'dec': Array(0.36980307, dtype=float64, weak_type=True), 'lambda_1': 1546.7155914399923, 'lambda_2': 2297.4185820080106}
15:35 ninjax INFO    : The trial injection parameters are {'M_c': 1.0241480064410715, 'eta': 0.24964426505982473, 's1_z': 0.03791332801031029, 's2_z': 0.02026825402413321, 'lambda_1': 1546.7155914399923, 'lambda_2': 2297.4185820080106, 'd_L': 291.56084397470426, 'phase_c': 5.4096280797775105, 'iota': 2.3581523159149933, 't_c': -0.05316153500452732, 'psi': 0.8546787082063307, 'ra': 1.9244415323217225, 'dec': 0.3698030682114715}
15:35 ninjax INFO    : Injecting signals . . .
15:35 ninjax INFO    : self.ifos
15:35 ninjax INFO    : [GroundBased2G(H1), GroundBased2G(L1), GroundBased2G(V1)]
15:35 ninjax INFO    : Signal injected in ifo H1. Frequencies, data, and PSD:
15:35 ninjax INFO    : [  20.           20.00390625   20.0078125  ... 2047.98828125
 2047.9921875  2047.99609375]
15:35 ninjax INFO    : [-3.06457218e-23-6.20129579e-24j  7.51066186e-23-3.23799907e-23j
  5.66691563e-24+1.71791259e-22j ...
  2.25422483e-23-6.55111347e-24j  1.46120288e-23+4.92797357e-23j
  5.10662865e-23-3.46449217e-24j]
15:35 ninjax INFO    : [1.44906511e-46 1.44785671e-46 1.44667215e-46 ... 2.17778216e-47
 2.17778992e-47 2.17779767e-47]
15:35 ninjax INFO    : Signal injected in ifo L1. Frequencies, data, and PSD:
15:35 ninjax INFO    : [  20.           20.00390625   20.0078125  ... 2047.98828125
 2047.9921875  2047.99609375]
15:35 ninjax INFO    : [-6.22436051e-23-2.64898533e-23j  4.69996816e-23-2.03445121e-23j
 -1.53218741e-22+1.22709961e-23j ...
 -2.53741207e-23-4.32953499e-23j -2.41682042e-23-3.21319862e-23j
  7.93567389e-23-3.19354114e-24j]
15:35 ninjax INFO    : [1.44906511e-46 1.44785671e-46 1.44667215e-46 ... 2.17778216e-47
 2.17778992e-47 2.17779767e-47]
15:35 ninjax INFO    : Signal injected in ifo V1. Frequencies, data, and PSD:
15:35 ninjax INFO    : [  20.           20.00390625   20.0078125  ... 2047.98828125
 2047.9921875  2047.99609375]
15:35 ninjax INFO    : [-6.26239987e-23-3.82023199e-23j  6.79347666e-23+3.17876246e-23j
 -3.38837842e-23-5.80513189e-23j ...
 -2.60527474e-23+4.89183385e-23j  3.97766966e-23+4.60130803e-23j
 -4.17488685e-23+1.29686330e-22j]
15:35 ninjax INFO    : [1.43183556e-46 1.43058540e-46 1.42935095e-46 ... 6.39793039e-47
 6.39795354e-47 6.39797668e-47]
15:35 ninjax INFO    : SNR for ifo H1 is 6.090647520393089
15:35 ninjax INFO    : SNR for ifo L1 is 9.79507220668147
15:35 ninjax INFO    : SNR for ifo V1 is 6.6229901883289495
15:35 ninjax INFO    : The network SNR is 13.30050471923813
15:35 ninjax INFO    : The network SNR does not pass the threshold, trying again
15:35 ninjax INFO    : Generating new injection
15:35 ninjax INFO    : Sanity check: generated parameters:
15:35 ninjax INFO    : {'mass_1_source': 1.0040106042873738, 'mass_2_source': 1.8680979407123597, 's1_z': -0.022092048871070837, 's2_z': -0.007719133709032766, 'cos_iota': -0.1992388150670732, 'd_L': 218.56527074993508, 't_c': 0.03326049174637227, 'phase_c': 5.000319178810392, 'psi': 2.446980895022251, 'ra': 2.1197658537146746, 'sin_dec': -0.05284243513567244}
15:35 ninjax INFO    : Computing lambdas from EOS file /home/twouters2/projects/projection_BNS_A_plus/src/projection_BNS/data/MPA1.npz . . . 
15:35 ninjax INFO    : Injected lambda_1: 81.8434835863491
15:35 ninjax INFO    : Injected lambda_2: 3079.5259565927886
15:35 ninjax INFO    : Duration is not specified in the config. Computed chirp time: for fmin = 20.0 and M_c = 1.2393042680685715 is 256.0
15:35 ninjax INFO    : After transforms, the injection parameters are:
15:35 ninjax INFO    : {'mass_1_source': 1.8680979407123597, 'mass_2_source': 1.0040106042873738, 's1_z': -0.022092048871070837, 's2_z': -0.007719133709032766, 'cos_iota': -0.1992388150670732, 'd_L': 218.56527074993508, 't_c': 0.03326049174637227, 'phase_c': 5.000319178810392, 'psi': 2.446980895022251, 'ra': 2.1197658537146746, 'sin_dec': -0.05284243513567244, 'q': 0.5374507312526213, 'M_c': 1.2393042680685715, 'eta': 0.22737161332773884, 'iota': Array(1.77137743, dtype=float64, weak_type=True), 'dec': Array(-0.05286706, dtype=float64, weak_type=True), 'lambda_1': 81.8434835863491, 'lambda_2': 3079.5259565927886}
15:35 ninjax INFO    : The trial injection parameters are {'M_c': 1.2393042680685715, 'eta': 0.22737161332773884, 's1_z': -0.022092048871070837, 's2_z': -0.007719133709032766, 'lambda_1': 81.8434835863491, 'lambda_2': 3079.5259565927886, 'd_L': 218.56527074993508, 'phase_c': 5.000319178810392, 'iota': 1.7713774279773356, 't_c': 0.03326049174637227, 'psi': 2.446980895022251, 'ra': 2.1197658537146746, 'dec': -0.052867058279070026}
15:35 ninjax INFO    : Injecting signals . . .
15:35 ninjax INFO    : self.ifos
15:35 ninjax INFO    : [GroundBased2G(H1), GroundBased2G(L1), GroundBased2G(V1)]
15:35 ninjax INFO    : Signal injected in ifo H1. Frequencies, data, and PSD:
15:35 ninjax INFO    : [  20.           20.00390625   20.0078125  ... 2047.98828125
 2047.9921875  2047.99609375]
15:35 ninjax INFO    : [-2.93227538e-23-8.98654967e-24j  7.32414852e-23-3.47620737e-23j
  3.07941902e-24+1.71988109e-22j ...
  2.25422483e-23-6.55111347e-24j  1.46120288e-23+4.92797357e-23j
  5.10662865e-23-3.46449217e-24j]
15:35 ninjax INFO    : [1.44906511e-46 1.44785671e-46 1.44667215e-46 ... 2.17778216e-47
 2.17778992e-47 2.17779767e-47]
15:35 ninjax INFO    : Signal injected in ifo L1. Frequencies, data, and PSD:
15:35 ninjax INFO    : [  20.           20.00390625   20.0078125  ... 2047.98828125
 2047.9921875  2047.99609375]
15:35 ninjax INFO    : [-6.59302348e-23-2.21686292e-23j  4.87433710e-23-1.65852180e-23j
 -1.50497704e-22+1.40490155e-23j ...
 -2.53741207e-23-4.32953499e-23j -2.41682042e-23-3.21319862e-23j
  7.93567389e-23-3.19354114e-24j]
15:35 ninjax INFO    : [1.44906511e-46 1.44785671e-46 1.44667215e-46 ... 2.17778216e-47
 2.17778992e-47 2.17779767e-47]
15:35 ninjax INFO    : Signal injected in ifo V1. Frequencies, data, and PSD:
15:35 ninjax INFO    : [  20.           20.00390625   20.0078125  ... 2047.98828125
 2047.9921875  2047.99609375]
15:35 ninjax INFO    : [-6.24830928e-23-4.29321001e-23j  6.31366142e-23+3.03279803e-23j
 -3.61710201e-23-5.52489047e-23j ...
 -2.60527474e-23+4.89183385e-23j  3.97766966e-23+4.60130803e-23j
 -4.17488685e-23+1.29686330e-22j]
15:35 ninjax INFO    : [1.43183556e-46 1.43058540e-46 1.42935095e-46 ... 6.39793039e-47
 6.39795354e-47 6.39797668e-47]
15:35 ninjax INFO    : SNR for ifo H1 is 0.7089759370570563
15:35 ninjax INFO    : SNR for ifo L1 is 2.875101777025091
15:35 ninjax INFO    : SNR for ifo V1 is 2.1529642513574943
15:35 ninjax INFO    : The network SNR is 3.6611626807890008
15:35 ninjax INFO    : The network SNR does not pass the threshold, trying again
15:35 ninjax INFO    : Generating new injection
15:35 ninjax INFO    : Sanity check: generated parameters:
15:35 ninjax INFO    : {'mass_1_source': 2.3081813488437843, 'mass_2_source': 1.7579748948978002, 's1_z': -0.024466495349469854, 's2_z': -0.005255315230252425, 'cos_iota': 0.22954550094684123, 'd_L': 397.7111271046242, 't_c': -0.023607977832911547, 'phase_c': 2.63990320022003, 'psi': 2.4090178636957043, 'ra': 3.621458140728777, 'sin_dec': -0.6570410654608252}
15:35 ninjax INFO    : Computing lambdas from EOS file /home/twouters2/projects/projection_BNS_A_plus/src/projection_BNS/data/MPA1.npz . . . 
15:35 ninjax INFO    : Injected lambda_1: 12.714316465534939
15:35 ninjax INFO    : Injected lambda_2: 124.9647034986673
15:35 ninjax INFO    : Duration is not specified in the config. Computed chirp time: for fmin = 20.0 and M_c = 1.9076802665241583 is 128.0
15:35 ninjax INFO    : After transforms, the injection parameters are:
15:35 ninjax INFO    : {'mass_1_source': 2.3081813488437843, 'mass_2_source': 1.7579748948978002, 's1_z': -0.024466495349469854, 's2_z': -0.005255315230252425, 'cos_iota': 0.22954550094684123, 'd_L': 397.7111271046242, 't_c': -0.023607977832911547, 'phase_c': 2.63990320022003, 'psi': 2.4090178636957043, 'ra': 3.621458140728777, 'sin_dec': -0.6570410654608252, 'q': 0.761627718627224, 'M_c': 1.9076802665241583, 'eta': 0.24542255384564363, 'iota': Array(1.33918564, dtype=float64, weak_type=True), 'dec': Array(-0.71688694, dtype=float64, weak_type=True), 'lambda_1': 12.714316465534939, 'lambda_2': 124.9647034986673}
15:35 ninjax INFO    : The trial injection parameters are {'M_c': 1.9076802665241583, 'eta': 0.24542255384564363, 's1_z': -0.024466495349469854, 's2_z': -0.005255315230252425, 'lambda_1': 12.714316465534939, 'lambda_2': 124.9647034986673, 'd_L': 397.7111271046242, 'phase_c': 2.63990320022003, 'iota': 1.3391856377324274, 't_c': -0.023607977832911547, 'psi': 2.4090178636957043, 'ra': 3.621458140728777, 'dec': -0.7168869415190525}
15:35 ninjax INFO    : Injecting signals . . .
15:35 ninjax INFO    : self.ifos
15:35 ninjax INFO    : [GroundBased2G(H1), GroundBased2G(L1), GroundBased2G(V1)]
15:35 ninjax INFO    : Signal injected in ifo H1. Frequencies, data, and PSD:
15:35 ninjax INFO    : [  20.          20.0078125   20.015625  ... 2047.9765625
 2047.984375  2047.9921875]
15:35 ninjax INFO    : [-6.17784577e-23-4.25638836e-23j -8.65548868e-23-4.98838809e-23j
 -3.53540534e-23+3.02529000e-23j ...
  5.39287244e-24+2.45610911e-24j  1.84030347e-23-8.43608978e-24j
  3.40747054e-24+7.17847436e-24j]
15:35 ninjax INFO    : [1.44906511e-46 1.44667215e-46 1.44435812e-46 ... 2.17775889e-47
 2.17777440e-47 2.17778992e-47]
15:35 ninjax INFO    : Signal injected in ifo L1. Frequencies, data, and PSD:
15:35 ninjax INFO    : [  20.          20.0078125   20.015625  ... 2047.9765625
 2047.984375  2047.9921875]
15:35 ninjax INFO    : [ 1.77430669e-23-7.85415197e-23j -4.15222969e-23+3.91432232e-23j
  9.48063633e-24+5.27531407e-23j ...
  1.86703609e-23-1.85005523e-23j  2.39227836e-24+2.92688663e-23j
 -6.76488627e-24-1.27937768e-23j]
15:35 ninjax INFO    : [1.44906511e-46 1.44667215e-46 1.44435812e-46 ... 2.17775889e-47
 2.17777440e-47 2.17778992e-47]
15:35 ninjax INFO    : Signal injected in ifo V1. Frequencies, data, and PSD:
15:35 ninjax INFO    : [  20.          20.0078125   20.015625  ... 2047.9765625
 2047.984375  2047.9921875]
15:35 ninjax INFO    : [-2.55688251e-23-4.68758064e-24j -2.68084882e-23+1.94176553e-23j
 -4.53248797e-23+3.26204076e-23j ...
  2.68093509e-23+9.93101036e-24j  5.52060827e-23-5.33112912e-24j
 -2.70040851e-23-1.64197668e-23j]
15:35 ninjax INFO    : [1.43183556e-46 1.42935095e-46 1.42688205e-46 ... 6.39786094e-47
 6.39790724e-47 6.39795354e-47]
15:35 ninjax INFO    : SNR for ifo H1 is 11.116227648631732
15:35 ninjax INFO    : SNR for ifo L1 is 9.389868469695202
15:35 ninjax INFO    : SNR for ifo V1 is 0.4542482892149612
15:35 ninjax INFO    : The network SNR is 14.558382070911431
15:35 ninjax INFO    : The network SNR does not pass the threshold, trying again
15:35 ninjax INFO    : Generating new injection
15:35 ninjax INFO    : Sanity check: generated parameters:
15:35 ninjax INFO    : {'mass_1_source': 2.3661254780859187, 'mass_2_source': 1.8179606950625025, 's1_z': 0.015044164131666829, 's2_z': -0.0012319241123317504, 'cos_iota': -0.5389592340343086, 'd_L': 296.30278422265894, 't_c': -0.02476992887611651, 'phase_c': 2.6408718225121803, 'psi': 0.8116222552844296, 'ra': 0.05861139350284688, 'sin_dec': -0.23169836252218756}
15:35 ninjax INFO    : Computing lambdas from EOS file /home/twouters2/projects/projection_BNS_A_plus/src/projection_BNS/data/MPA1.npz . . . 
15:35 ninjax INFO    : Injected lambda_1: 9.199216535829088
15:35 ninjax INFO    : Injected lambda_2: 99.2558340841193
15:35 ninjax INFO    : Duration is not specified in the config. Computed chirp time: for fmin = 20.0 and M_c = 1.9230824539786788 is 128.0
15:35 ninjax INFO    : After transforms, the injection parameters are:
15:35 ninjax INFO    : {'mass_1_source': 2.3661254780859187, 'mass_2_source': 1.8179606950625025, 's1_z': 0.015044164131666829, 's2_z': -0.0012319241123317504, 'cos_iota': -0.5389592340343086, 'd_L': 296.30278422265894, 't_c': -0.02476992887611651, 'phase_c': 2.6408718225121803, 'psi': 0.8116222552844296, 'ra': 0.05861139350284688, 'sin_dec': -0.23169836252218756, 'q': 0.7683281008973137, 'M_c': 1.9230824539786788, 'eta': 0.24570897515321888, 'iota': Array(2.13999737, dtype=float64, weak_type=True), 'dec': Array(-0.23382319, dtype=float64, weak_type=True), 'lambda_1': 9.199216535829088, 'lambda_2': 99.2558340841193}
15:35 ninjax INFO    : The trial injection parameters are {'M_c': 1.9230824539786788, 'eta': 0.24570897515321888, 's1_z': 0.015044164131666829, 's2_z': -0.0012319241123317504, 'lambda_1': 9.199216535829088, 'lambda_2': 99.2558340841193, 'd_L': 296.30278422265894, 'phase_c': 2.6408718225121803, 'iota': 2.139997369959275, 't_c': -0.02476992887611651, 'psi': 0.8116222552844296, 'ra': 0.05861139350284688, 'dec': -0.2338231926497267}
15:35 ninjax INFO    : Injecting signals . . .
15:35 ninjax INFO    : self.ifos
15:35 ninjax INFO    : [GroundBased2G(H1), GroundBased2G(L1), GroundBased2G(V1)]
15:35 ninjax INFO    : Signal injected in ifo H1. Frequencies, data, and PSD:
15:35 ninjax INFO    : [  20.          20.0078125   20.015625  ... 2047.9765625
 2047.984375  2047.9921875]
15:35 ninjax INFO    : [-7.04729462e-23-3.86580962e-23j -7.73026199e-23-4.74658317e-23j
 -4.10900562e-23+2.25682273e-23j ...
  5.39501572e-24+2.45965138e-24j  1.84048140e-23-8.43235191e-24j
  3.40886824e-24+7.18237056e-24j]
15:35 ninjax INFO    : [1.44906511e-46 1.44667215e-46 1.44435812e-46 ... 2.17775889e-47
 2.17777440e-47 2.17778992e-47]
15:35 ninjax INFO    : Signal injected in ifo L1. Frequencies, data, and PSD:
15:35 ninjax INFO    : [  20.          20.0078125   20.015625  ... 2047.9765625
 2047.984375  2047.9921875]
15:35 ninjax INFO    : [ 2.65296925e-23-7.92198544e-23j -4.88116908e-23+3.41685131e-23j
  1.20900237e-23+6.11915666e-23j ...
  1.86667592e-23-1.85025572e-23j  2.38889470e-24+2.92665132e-23j
 -6.76801824e-24-1.27964548e-23j]
15:35 ninjax INFO    : [1.44906511e-46 1.44667215e-46 1.44435812e-46 ... 2.17775889e-47
 2.17777440e-47 2.17778992e-47]
15:35 ninjax INFO    : Signal injected in ifo V1. Frequencies, data, and PSD:
15:35 ninjax INFO    : [  20.          20.0078125   20.015625  ... 2047.9765625
 2047.984375  2047.9921875]
15:35 ninjax INFO    : [-1.90461498e-23-2.48948648e-24j -3.06717711e-23+1.37117881e-23j
 -4.56810684e-23+3.95098706e-23j ...
  2.68112535e-23+9.92472544e-24j  5.52085942e-23-5.33719537e-24j
 -2.70009893e-23-1.64255555e-23j]
15:35 ninjax INFO    : [1.43183556e-46 1.42935095e-46 1.42688205e-46 ... 6.39786094e-47
 6.39790724e-47 6.39795354e-47]
15:35 ninjax INFO    : SNR for ifo H1 is 9.663540563636097
15:35 ninjax INFO    : SNR for ifo L1 is 9.617165183766295
15:35 ninjax INFO    : SNR for ifo V1 is 11.937439281045156
15:35 ninjax INFO    : The network SNR is 18.121157219822546
15:35 ninjax INFO    : The network SNR does not pass the threshold, trying again
15:35 ninjax INFO    : Generating new injection
15:35 ninjax INFO    : Sanity check: generated parameters:
15:35 ninjax INFO    : {'mass_1_source': 2.07833857016694, 'mass_2_source': 2.02776422629559, 's1_z': -0.028848917859443792, 's2_z': 0.029829140172882115, 'cos_iota': -0.7921351181193401, 'd_L': 388.0853649163593, 't_c': 0.04879887314272113, 'phase_c': 2.530668182288363, 'psi': 2.536067018834677, 'ra': 2.676352648435736, 'sin_dec': -0.7057210483119696}
15:35 ninjax INFO    : Computing lambdas from EOS file /home/twouters2/projects/projection_BNS_A_plus/src/projection_BNS/data/MPA1.npz . . . 
15:35 ninjax INFO    : Injected lambda_1: 35.72464276496558
15:35 ninjax INFO    : Injected lambda_2: 43.822282249697686
15:35 ninjax INFO    : Duration is not specified in the config. Computed chirp time: for fmin = 20.0 and M_c = 1.9438357296725342 is 128.0
15:35 ninjax INFO    : After transforms, the injection parameters are:
15:35 ninjax INFO    : {'mass_1_source': 2.07833857016694, 'mass_2_source': 2.02776422629559, 's1_z': -0.028848917859443792, 's2_z': 0.029829140172882115, 'cos_iota': -0.7921351181193401, 'd_L': 388.0853649163593, 't_c': 0.04879887314272113, 'phase_c': 2.530668182288363, 'psi': 2.536067018834677, 'ra': 2.676352648435736, 'sin_dec': -0.7057210483119696, 'q': 0.9756659744483848, 'M_c': 1.9438357296725342, 'eta': 0.2499620736640714, 'iota': Array(2.48509564, dtype=float64, weak_type=True), 'dec': Array(-0.78344036, dtype=float64, weak_type=True), 'lambda_1': 35.72464276496558, 'lambda_2': 43.822282249697686}
15:35 ninjax INFO    : The trial injection parameters are {'M_c': 1.9438357296725342, 'eta': 0.2499620736640714, 's1_z': -0.028848917859443792, 's2_z': 0.029829140172882115, 'lambda_1': 35.72464276496558, 'lambda_2': 43.822282249697686, 'd_L': 388.0853649163593, 'phase_c': 2.530668182288363, 'iota': 2.485095636677987, 't_c': 0.04879887314272113, 'psi': 2.536067018834677, 'ra': 2.676352648435736, 'dec': -0.7834403564251374}
15:35 ninjax INFO    : Injecting signals . . .
15:35 ninjax INFO    : self.ifos
15:35 ninjax INFO    : [GroundBased2G(H1), GroundBased2G(L1), GroundBased2G(V1)]
15:35 ninjax INFO    : Signal injected in ifo H1. Frequencies, data, and PSD:
15:35 ninjax INFO    : [  20.          20.0078125   20.015625  ... 2047.9765625
 2047.984375  2047.9921875]
15:35 ninjax INFO    : [-6.85685586e-23-4.53775582e-23j -8.24713984e-23-4.31984947e-23j
 -3.47014583e-23+2.19874684e-23j ...
  5.41295569e-24+2.46381082e-24j  1.84222962e-23-8.42651684e-24j
  3.42573643e-24+7.18983209e-24j]
15:35 ninjax INFO    : [1.44906511e-46 1.44667215e-46 1.44435812e-46 ... 2.17775889e-47
 2.17777440e-47 2.17778992e-47]
15:35 ninjax INFO    : Signal injected in ifo L1. Frequencies, data, and PSD:
15:35 ninjax INFO    : [  20.          20.0078125   20.015625  ... 2047.9765625
 2047.984375  2047.9921875]
15:35 ninjax INFO    : [ 1.96179420e-23-7.70547844e-23j -4.20370156e-23+3.64182797e-23j
  7.95299889e-24+5.55128494e-23j ...
  1.86690784e-23-1.85119231e-23j  2.39208544e-24+2.92574251e-23j
 -6.76398784e-24-1.28051845e-23j]
15:35 ninjax INFO    : [1.44906511e-46 1.44667215e-46 1.44435812e-46 ... 2.17775889e-47
 2.17777440e-47 2.17778992e-47]
15:35 ninjax INFO    : Signal injected in ifo V1. Frequencies, data, and PSD:
15:35 ninjax INFO    : [  20.          20.0078125   20.015625  ... 2047.9765625
 2047.984375  2047.9921875]
15:35 ninjax INFO    : [-2.89778169e-23-7.00931429e-24j -2.52733170e-23+2.32213508e-23j
 -4.45096348e-23+2.86260736e-23j ...
  2.68223024e-23+9.92651560e-24j  5.52194049e-23-5.33436382e-24j
 -2.69905145e-23-1.64217117e-23j]
15:35 ninjax INFO    : [1.43183556e-46 1.42935095e-46 1.42688205e-46 ... 6.39786094e-47
 6.39790724e-47 6.39795354e-47]
15:35 ninjax INFO    : SNR for ifo H1 is 13.27413311499082
15:35 ninjax INFO    : SNR for ifo L1 is 7.086404634385506
15:35 ninjax INFO    : SNR for ifo V1 is 6.6416716678789856
15:35 ninjax INFO    : The network SNR is 16.447843115151684
15:35 ninjax INFO    : The network SNR does not pass the threshold, trying again
15:35 ninjax INFO    : Generating new injection
15:35 ninjax INFO    : Sanity check: generated parameters:
15:35 ninjax INFO    : {'mass_1_source': 1.666238348038615, 'mass_2_source': 1.353333814312958, 's1_z': 0.03958390126487632, 's2_z': -0.026585886356249457, 'cos_iota': 0.13359080246016175, 'd_L': 270.32581446359825, 't_c': 0.0875763342369491, 'phase_c': 5.206226548597691, 'psi': 1.40298348054064, 'ra': 0.5330666650613727, 'sin_dec': 0.10722458659171252}
15:35 ninjax INFO    : Computing lambdas from EOS file /home/twouters2/projects/projection_BNS_A_plus/src/projection_BNS/data/MPA1.npz . . . 
15:35 ninjax INFO    : Injected lambda_1: 177.9112185600509
15:35 ninjax INFO    : Injected lambda_2: 622.3842996207858
15:35 ninjax INFO    : Duration is not specified in the config. Computed chirp time: for fmin = 20.0 and M_c = 1.385622824410418 is 128.0
15:35 ninjax INFO    : After transforms, the injection parameters are:
15:35 ninjax INFO    : {'mass_1_source': 1.666238348038615, 'mass_2_source': 1.353333814312958, 's1_z': 0.03958390126487632, 's2_z': -0.026585886356249457, 'cos_iota': 0.13359080246016175, 'd_L': 270.32581446359825, 't_c': 0.0875763342369491, 'phase_c': 5.206226548597691, 'psi': 1.40298348054064, 'ra': 0.5330666650613727, 'sin_dec': 0.10722458659171252, 'q': 0.8122090191394363, 'M_c': 1.385622824410418, 'eta': 0.24731544136344263, 'iota': Array(1.43680494, dtype=float64, weak_type=True), 'dec': Array(0.10743112, dtype=float64, weak_type=True), 'lambda_1': 177.9112185600509, 'lambda_2': 622.3842996207858}
15:35 ninjax INFO    : The trial injection parameters are {'M_c': 1.385622824410418, 'eta': 0.24731544136344263, 's1_z': 0.03958390126487632, 's2_z': -0.026585886356249457, 'lambda_1': 177.9112185600509, 'lambda_2': 622.3842996207858, 'd_L': 270.32581446359825, 'phase_c': 5.206226548597691, 'iota': 1.4368049441266262, 't_c': 0.0875763342369491, 'psi': 1.40298348054064, 'ra': 0.5330666650613727, 'dec': 0.10743111910319555}
15:35 ninjax INFO    : Injecting signals . . .
15:35 ninjax INFO    : self.ifos
15:35 ninjax INFO    : [GroundBased2G(H1), GroundBased2G(L1), GroundBased2G(V1)]
15:35 ninjax INFO    : Signal injected in ifo H1. Frequencies, data, and PSD:
15:35 ninjax INFO    : [  20.          20.0078125   20.015625  ... 2047.9765625
 2047.984375  2047.9921875]
15:35 ninjax INFO    : [-6.70183631e-23-3.74106837e-23j -8.27344148e-23-4.71843252e-23j
 -4.05776972e-23+2.83339115e-23j ...
  5.39276234e-24+2.45611913e-24j  1.84029243e-23-8.43609062e-24j
  3.40736080e-24+7.17846270e-24j]
15:35 ninjax INFO    : [1.44906511e-46 1.44667215e-46 1.44435812e-46 ... 2.17775889e-47
 2.17777440e-47 2.17778992e-47]
15:35 ninjax INFO    : Signal injected in ifo L1. Frequencies, data, and PSD:
15:35 ninjax INFO    : [  20.          20.0078125   20.015625  ... 2047.9765625
 2047.984375  2047.9921875]
15:35 ninjax INFO    : [ 2.26813973e-23-8.27667731e-23j -4.40442558e-23+3.36168913e-23j
  1.27658326e-23+5.38200856e-23j ...
  1.86703625e-23-1.85004590e-23j  2.39227072e-24+2.92689593e-23j
 -6.76490301e-24-1.27936851e-23j]
15:35 ninjax INFO    : [1.44906511e-46 1.44667215e-46 1.44435812e-46 ... 2.17775889e-47
 2.17777440e-47 2.17778992e-47]
15:35 ninjax INFO    : Signal injected in ifo V1. Frequencies, data, and PSD:
15:35 ninjax INFO    : [  20.          20.0078125   20.015625  ... 2047.9765625
 2047.984375  2047.9921875]
15:35 ninjax INFO    : [-2.51222780e-23-6.57971144e-24j -2.61016011e-23+1.81505560e-23j
 -4.40253805e-23+3.11484891e-23j ...
  2.68093527e-23+9.93100495e-24j  5.52060851e-23-5.33113432e-24j
 -2.70040822e-23-1.64197717e-23j]
15:35 ninjax INFO    : [1.43183556e-46 1.42935095e-46 1.42688205e-46 ... 6.39786094e-47
 6.39790724e-47 6.39795354e-47]
15:35 ninjax INFO    : SNR for ifo H1 is 5.363885999214546
15:35 ninjax INFO    : SNR for ifo L1 is 7.667926899241379
15:35 ninjax INFO    : SNR for ifo V1 is 2.9290700652809605
15:35 ninjax INFO    : The network SNR is 9.805499854265683
15:35 ninjax INFO    : The network SNR does not pass the threshold, trying again
15:35 ninjax INFO    : Generating new injection
15:35 ninjax INFO    : Sanity check: generated parameters:
15:35 ninjax INFO    : {'mass_1_source': 1.6108706906449712, 'mass_2_source': 1.9233496987495706, 's1_z': -0.024835839828406137, 's2_z': 0.037206977710372166, 'cos_iota': -0.46818727792006687, 'd_L': 227.3927593793279, 't_c': 0.016677606168014364, 'phase_c': 4.178399717263875, 'psi': 2.438601310251472, 'ra': 3.965384563757647, 'sin_dec': 0.3539862293454532}
15:35 ninjax INFO    : Computing lambdas from EOS file /home/twouters2/projects/projection_BNS_A_plus/src/projection_BNS/data/MPA1.npz . . . 
15:35 ninjax INFO    : Injected lambda_1: 66.09033721624546
15:35 ninjax INFO    : Injected lambda_2: 220.57377110605267
15:35 ninjax INFO    : Duration is not specified in the config. Computed chirp time: for fmin = 20.0 and M_c = 1.609802838962937 is 128.0
15:35 ninjax INFO    : After transforms, the injection parameters are:
15:35 ninjax INFO    : {'mass_1_source': 1.9233496987495706, 'mass_2_source': 1.6108706906449712, 's1_z': -0.024835839828406137, 's2_z': 0.037206977710372166, 'cos_iota': -0.46818727792006687, 'd_L': 227.3927593793279, 't_c': 0.016677606168014364, 'phase_c': 4.178399717263875, 'psi': 2.438601310251472, 'ra': 3.965384563757647, 'sin_dec': 0.3539862293454532, 'q': 0.8375339605128741, 'M_c': 1.609802838962937, 'eta': 0.24804568553135095, 'iota': Array(2.05803454, dtype=float64, weak_type=True), 'dec': Array(0.36182989, dtype=float64, weak_type=True), 'lambda_1': 66.09033721624546, 'lambda_2': 220.57377110605267}
15:35 ninjax INFO    : The trial injection parameters are {'M_c': 1.609802838962937, 'eta': 0.24804568553135095, 's1_z': -0.024835839828406137, 's2_z': 0.037206977710372166, 'lambda_1': 66.09033721624546, 'lambda_2': 220.57377110605267, 'd_L': 227.3927593793279, 'phase_c': 4.178399717263875, 'iota': 2.0580345362983854, 't_c': 0.016677606168014364, 'psi': 2.438601310251472, 'ra': 3.965384563757647, 'dec': 0.3618298884837903}
15:35 ninjax INFO    : Injecting signals . . .
15:35 ninjax INFO    : self.ifos
15:35 ninjax INFO    : [GroundBased2G(H1), GroundBased2G(L1), GroundBased2G(V1)]
15:35 ninjax INFO    : Signal injected in ifo H1. Frequencies, data, and PSD:
15:35 ninjax INFO    : [  20.          20.0078125   20.015625  ... 2047.9765625
 2047.984375  2047.9921875]
15:35 ninjax INFO    : [-6.63292192e-23-4.35728536e-23j -8.51167078e-23-5.03899529e-23j
 -4.12051715e-23+2.96075263e-23j ...
  5.39180044e-24+2.45616941e-24j  1.84019623e-23-8.43613376e-24j
  3.40640786e-24+7.17832659e-24j]
15:35 ninjax INFO    : [1.44906511e-46 1.44667215e-46 1.44435812e-46 ... 2.17775889e-47
 2.17777440e-47 2.17778992e-47]
15:35 ninjax INFO    : Signal injected in ifo L1. Frequencies, data, and PSD:
15:35 ninjax INFO    : [  20.          20.0078125   20.015625  ... 2047.9765625
 2047.984375  2047.9921875]
15:35 ninjax INFO    : [ 2.56869934e-23-7.65616802e-23j -4.14980412e-23+3.44507832e-23j
  9.90411402e-24+5.24568118e-23j ...
  1.86714581e-23-1.85007373e-23j  2.39338777e-24+2.92687882e-23j
 -6.76377500e-24-1.27937474e-23j]
15:35 ninjax INFO    : [1.44906511e-46 1.44667215e-46 1.44435812e-46 ... 2.17775889e-47
 2.17777440e-47 2.17778992e-47]
15:35 ninjax INFO    : Signal injected in ifo V1. Frequencies, data, and PSD:
15:35 ninjax INFO    : [  20.          20.0078125   20.015625  ... 2047.9765625
 2047.984375  2047.9921875]
15:35 ninjax INFO    : [-2.62177491e-23+1.06812137e-24j -2.14656587e-23+2.22646513e-23j
 -4.07962397e-23+2.82562380e-23j ...
  2.68083594e-23+9.93213528e-24j  5.52049863e-23-5.33010697e-24j
 -2.70052760e-23-1.64188571e-23j]
15:35 ninjax INFO    : [1.43183556e-46 1.42935095e-46 1.42688205e-46 ... 6.39786094e-47
 6.39790724e-47 6.39795354e-47]
15:35 ninjax INFO    : SNR for ifo H1 is 8.339192093012706
15:35 ninjax INFO    : SNR for ifo L1 is 9.786932946734195
15:35 ninjax INFO    : SNR for ifo V1 is 10.269704018093787
15:35 ninjax INFO    : The network SNR is 16.455789312193097
15:35 ninjax INFO    : The network SNR does not pass the threshold, trying again
15:35 ninjax INFO    : Generating new injection
15:35 ninjax INFO    : Sanity check: generated parameters:
15:35 ninjax INFO    : {'mass_1_source': 2.358294202183126, 'mass_2_source': 2.3071580123226427, 's1_z': 0.0036424656552102447, 's2_z': 0.017468736603728344, 'cos_iota': 0.9217667772389144, 'd_L': 452.08628894798295, 't_c': 0.07739628435500095, 'phase_c': 2.568631573175014, 'psi': 1.7736495395903058, 'ra': 0.43391367386138346, 'sin_dec': -0.13588078734671694}
15:35 ninjax INFO    : Computing lambdas from EOS file /home/twouters2/projects/projection_BNS_A_plus/src/projection_BNS/data/MPA1.npz . . . 
15:35 ninjax INFO    : Injected lambda_1: 9.641273324095934
15:35 ninjax INFO    : Injected lambda_2: 12.781977678368744
15:35 ninjax INFO    : Duration is not specified in the config. Computed chirp time: for fmin = 20.0 and M_c = 2.2380399798024877 is 64.0
15:35 ninjax INFO    : After transforms, the injection parameters are:
15:35 ninjax INFO    : {'mass_1_source': 2.358294202183126, 'mass_2_source': 2.3071580123226427, 's1_z': 0.0036424656552102447, 's2_z': 0.017468736603728344, 'cos_iota': 0.9217667772389144, 'd_L': 452.08628894798295, 't_c': 0.07739628435500095, 'phase_c': 2.568631573175014, 'psi': 1.7736495395903058, 'ra': 0.43391367386138346, 'sin_dec': -0.13588078734671694, 'q': 0.9783164501642139, 'M_c': 2.2380399798024877, 'eta': 0.24996996627159795, 'iota': Array(0.39818369, dtype=float64, weak_type=True), 'dec': Array(-0.13630244, dtype=float64, weak_type=True), 'lambda_1': 9.641273324095934, 'lambda_2': 12.781977678368744}
15:35 ninjax INFO    : The trial injection parameters are {'M_c': 2.2380399798024877, 'eta': 0.24996996627159795, 's1_z': 0.0036424656552102447, 's2_z': 0.017468736603728344, 'lambda_1': 9.641273324095934, 'lambda_2': 12.781977678368744, 'd_L': 452.08628894798295, 'phase_c': 2.568631573175014, 'iota': 0.39818369392779535, 't_c': 0.07739628435500095, 'psi': 1.7736495395903058, 'ra': 0.43391367386138346, 'dec': -0.1363024413430104}
15:35 ninjax INFO    : Injecting signals . . .
15:35 ninjax INFO    : self.ifos
15:35 ninjax INFO    : [GroundBased2G(H1), GroundBased2G(L1), GroundBased2G(V1)]
15:35 ninjax INFO    : Signal injected in ifo H1. Frequencies, data, and PSD:
15:35 ninjax INFO    : [  20.         20.015625   20.03125  ... 2047.953125 2047.96875
 2047.984375]
15:35 ninjax INFO    : [-4.63931316e-24-1.77288832e-23j -4.92753292e-23-3.22819611e-23j
 -1.94300793e-23-6.86437821e-25j ...
  1.42180047e-23-1.04433785e-23j  2.81118758e-23-1.49861882e-23j
 -3.65108352e-24+1.26758750e-23j]
15:35 ninjax INFO    : [1.44906511e-46 1.44435812e-46 1.43973008e-46 ... 2.17771234e-47
 2.17774337e-47 2.17777440e-47]
15:35 ninjax INFO    : Signal injected in ifo L1. Frequencies, data, and PSD:
15:35 ninjax INFO    : [  20.         20.015625   20.03125  ... 2047.953125 2047.96875
 2047.984375]
15:35 ninjax INFO    : [-3.09253232e-26+3.25770952e-23j  2.92109642e-23+3.56800880e-23j
 -5.64393370e-23-4.85110870e-23j ...
 -6.92189340e-25+1.24707736e-23j -2.26109756e-24-1.59725272e-23j
 -2.15230778e-23-2.08415521e-23j]
15:35 ninjax INFO    : [1.44906511e-46 1.44435812e-46 1.43973008e-46 ... 2.17771234e-47
 2.17774337e-47 2.17777440e-47]
15:35 ninjax INFO    : Signal injected in ifo V1. Frequencies, data, and PSD:
15:35 ninjax INFO    : [  20.         20.015625   20.03125  ... 2047.953125 2047.96875
 2047.984375]
15:35 ninjax INFO    : [ 4.97502981e-23-9.60924596e-24j  1.55971343e-23+4.90161972e-24j
  5.96738110e-24+1.36308205e-23j ...
 -2.31894974e-23+3.59270871e-23j  3.26437315e-23+3.47623142e-23j
  6.08932665e-24+2.39196770e-23j]
15:35 ninjax INFO    : [1.43183556e-46 1.42688205e-46 1.42194425e-46 ... 6.39772204e-47
 6.39781464e-47 6.39790724e-47]
15:35 ninjax INFO    : SNR for ifo H1 is 11.458965898373403
15:35 ninjax INFO    : SNR for ifo L1 is 12.64223521733931
15:35 ninjax INFO    : SNR for ifo V1 is 11.066988032671828
15:35 ninjax INFO    : The network SNR is 20.337458908770298
15:35 ninjax INFO    : The network SNR does not pass the threshold, trying again
15:35 ninjax INFO    : Generating new injection
15:35 ninjax INFO    : Sanity check: generated parameters:
15:35 ninjax INFO    : {'mass_1_source': 1.608275555249458, 'mass_2_source': 1.1197845589467512, 's1_z': -0.006852294790105851, 's2_z': -0.002526200356963472, 'cos_iota': -0.7041338966894379, 'd_L': 335.2681324361547, 't_c': -0.08545733485367042, 'phase_c': 5.212473652313102, 'psi': 0.26058336718884784, 'ra': 2.953959351941165, 'sin_dec': -0.7609094717212748}
15:35 ninjax INFO    : Computing lambdas from EOS file /home/twouters2/projects/projection_BNS_A_plus/src/projection_BNS/data/MPA1.npz . . . 
15:35 ninjax INFO    : Injected lambda_1: 222.81796628570916
15:35 ninjax INFO    : Injected lambda_2: 1750.7867984837503
15:35 ninjax INFO    : Duration is not specified in the config. Computed chirp time: for fmin = 20.0 and M_c = 1.2526793898891884 is 256.0
15:35 ninjax INFO    : After transforms, the injection parameters are:
15:35 ninjax INFO    : {'mass_1_source': 1.608275555249458, 'mass_2_source': 1.1197845589467512, 's1_z': -0.006852294790105851, 's2_z': -0.002526200356963472, 'cos_iota': -0.7041338966894379, 'd_L': 335.2681324361547, 't_c': -0.08545733485367042, 'phase_c': 5.212473652313102, 'psi': 0.26058336718884784, 'ra': 2.953959351941165, 'sin_dec': -0.7609094717212748, 'q': 0.6962641167377953, 'M_c': 1.2526793898891884, 'eta': 0.24198422970253505, 'iota': Array(2.35199899, dtype=float64, weak_type=True), 'dec': Array(-0.86471362, dtype=float64, weak_type=True), 'lambda_1': 222.81796628570916, 'lambda_2': 1750.7867984837503}
15:35 ninjax INFO    : The trial injection parameters are {'M_c': 1.2526793898891884, 'eta': 0.24198422970253505, 's1_z': -0.006852294790105851, 's2_z': -0.002526200356963472, 'lambda_1': 222.81796628570916, 'lambda_2': 1750.7867984837503, 'd_L': 335.2681324361547, 'phase_c': 5.212473652313102, 'iota': 2.3519989854259924, 't_c': -0.08545733485367042, 'psi': 0.26058336718884784, 'ra': 2.953959351941165, 'dec': -0.864713615151088}
15:35 ninjax INFO    : Injecting signals . . .
15:35 ninjax INFO    : self.ifos
15:35 ninjax INFO    : [GroundBased2G(H1), GroundBased2G(L1), GroundBased2G(V1)]
15:35 ninjax INFO    : Signal injected in ifo H1. Frequencies, data, and PSD:
15:35 ninjax INFO    : [  20.           20.00390625   20.0078125  ... 2047.98828125
 2047.9921875  2047.99609375]
15:35 ninjax INFO    : [-2.70371688e-23-1.32730195e-23j  6.87769916e-23-3.28249421e-23j
  7.79176819e-24+1.73243564e-22j ...
  2.25422483e-23-6.55111347e-24j  1.46120288e-23+4.92797357e-23j
  5.10662865e-23-3.46449217e-24j]
15:35 ninjax INFO    : [1.44906511e-46 1.44785671e-46 1.44667215e-46 ... 2.17778216e-47
 2.17778992e-47 2.17779767e-47]
15:35 ninjax INFO    : Signal injected in ifo L1. Frequencies, data, and PSD:
15:35 ninjax INFO    : [  20.           20.00390625   20.0078125  ... 2047.98828125
 2047.9921875  2047.99609375]
15:35 ninjax INFO    : [-6.88901774e-23-2.31664357e-23j  5.03820787e-23-1.40265071e-23j
 -1.50195016e-22+1.11110570e-23j ...
 -2.53741207e-23-4.32953499e-23j -2.41682042e-23-3.21319862e-23j
  7.93567389e-23-3.19354114e-24j]
15:35 ninjax INFO    : [1.44906511e-46 1.44785671e-46 1.44667215e-46 ... 2.17778216e-47
 2.17778992e-47 2.17779767e-47]
15:35 ninjax INFO    : Signal injected in ifo V1. Frequencies, data, and PSD:
15:35 ninjax INFO    : [  20.           20.00390625   20.0078125  ... 2047.98828125
 2047.9921875  2047.99609375]
15:35 ninjax INFO    : [-6.34244154e-23-4.43209249e-23j  6.30116673e-23+3.20793775e-23j
 -3.49343982e-23-5.66042463e-23j ...
 -2.60527474e-23+4.89183385e-23j  3.97766966e-23+4.60130803e-23j
 -4.17488685e-23+1.29686330e-22j]
15:35 ninjax INFO    : [1.43183556e-46 1.43058540e-46 1.42935095e-46 ... 6.39793039e-47
 6.39795354e-47 6.39797668e-47]
15:35 ninjax INFO    : SNR for ifo H1 is 11.153494944705766
15:35 ninjax INFO    : SNR for ifo L1 is 7.211237279022304
15:35 ninjax INFO    : SNR for ifo V1 is 3.951316281882007
15:35 ninjax INFO    : The network SNR is 13.856958285836178
15:35 ninjax INFO    : The network SNR does not pass the threshold, trying again
15:35 ninjax INFO    : Generating new injection
15:35 ninjax INFO    : Sanity check: generated parameters:
15:35 ninjax INFO    : {'mass_1_source': 2.208005043151549, 'mass_2_source': 1.8906854198897372, 's1_z': 0.027102308524885932, 's2_z': 0.018201330357994247, 'cos_iota': -0.8110685765614902, 'd_L': 380.11108142164466, 't_c': -0.017567476107307647, 'phase_c': 1.2871547742265126, 'psi': 2.0712389411341188, 'ra': 1.6972134993719026, 'sin_dec': -0.14298170963162082}
15:35 ninjax INFO    : Computing lambdas from EOS file /home/twouters2/projects/projection_BNS_A_plus/src/projection_BNS/data/MPA1.npz . . . 
15:35 ninjax INFO    : Injected lambda_1: 20.558606357303617
15:35 ninjax INFO    : Injected lambda_2: 75.00920959801677
15:35 ninjax INFO    : Duration is not specified in the config. Computed chirp time: for fmin = 20.0 and M_c = 1.9303133373047754 is 128.0
15:35 ninjax INFO    : After transforms, the injection parameters are:
15:35 ninjax INFO    : {'mass_1_source': 2.208005043151549, 'mass_2_source': 1.8906854198897372, 's1_z': 0.027102308524885932, 's2_z': 0.018201330357994247, 'cos_iota': -0.8110685765614902, 'd_L': 380.11108142164466, 't_c': -0.017567476107307647, 'phase_c': 1.2871547742265126, 'psi': 2.0712389411341188, 'ra': 1.6972134993719026, 'sin_dec': -0.14298170963162082, 'q': 0.856286730754522, 'M_c': 1.9303133373047754, 'eta': 0.248501545272563, 'iota': Array(2.51677291, dtype=float64, weak_type=True), 'dec': Array(-0.14347343, dtype=float64, weak_type=True), 'lambda_1': 20.558606357303617, 'lambda_2': 75.00920959801677}
15:35 ninjax INFO    : The trial injection parameters are {'M_c': 1.9303133373047754, 'eta': 0.248501545272563, 's1_z': 0.027102308524885932, 's2_z': 0.018201330357994247, 'lambda_1': 20.558606357303617, 'lambda_2': 75.00920959801677, 'd_L': 380.11108142164466, 'phase_c': 1.2871547742265126, 'iota': 2.5167729146121114, 't_c': -0.017567476107307647, 'psi': 2.0712389411341188, 'ra': 1.6972134993719026, 'dec': -0.14347342770524238}
15:35 ninjax INFO    : Injecting signals . . .
15:35 ninjax INFO    : self.ifos
15:35 ninjax INFO    : [GroundBased2G(H1), GroundBased2G(L1), GroundBased2G(V1)]
15:35 ninjax INFO    : Signal injected in ifo H1. Frequencies, data, and PSD:
15:35 ninjax INFO    : [  20.          20.0078125   20.015625  ... 2047.9765625
 2047.984375  2047.9921875]
15:35 ninjax INFO    : [-6.89640579e-23-4.11883397e-23j -7.99731717e-23-4.64043688e-23j
 -3.83921603e-23+2.33242880e-23j ...
  5.39212347e-24+2.46405415e-24j  1.84015017e-23-8.42825852e-24j
  3.40516869e-24+7.18611466e-24j]
15:35 ninjax INFO    : [1.44906511e-46 1.44667215e-46 1.44435812e-46 ... 2.17775889e-47
 2.17777440e-47 2.17778992e-47]
15:35 ninjax INFO    : Signal injected in ifo L1. Frequencies, data, and PSD:
15:35 ninjax INFO    : [  20.          20.0078125   20.015625  ... 2047.9765625
 2047.984375  2047.9921875]
15:35 ninjax INFO    : [ 1.97350412e-23-7.38932280e-23j -4.02454967e-23+3.39551473e-23j
  5.12629900e-24+5.63119109e-23j ...
  1.86840532e-23-1.84957054e-23j  2.40541908e-24+2.92750525e-23j
 -6.75242767e-24-1.27863131e-23j]
15:35 ninjax INFO    : [1.44906511e-46 1.44667215e-46 1.44435812e-46 ... 2.17775889e-47
 2.17777440e-47 2.17778992e-47]
15:35 ninjax INFO    : Signal injected in ifo V1. Frequencies, data, and PSD:
15:35 ninjax INFO    : [  20.          20.0078125   20.015625  ... 2047.9765625
 2047.984375  2047.9921875]
15:35 ninjax INFO    : [-2.70335433e-23-5.58132367e-24j -2.61704463e-23+2.09958694e-23j
 -4.49067812e-23+3.09850376e-23j ...
  2.68071431e-23+9.92795054e-24j  5.52041891e-23-5.33439244e-24j
 -2.70056460e-23-1.64232014e-23j]
15:35 ninjax INFO    : [1.43183556e-46 1.42935095e-46 1.42688205e-46 ... 6.39786094e-47
 6.39790724e-47 6.39795354e-47]
15:35 ninjax INFO    : SNR for ifo H1 is 6.923978414499625
15:35 ninjax INFO    : SNR for ifo L1 is 12.605090215166568
15:35 ninjax INFO    : SNR for ifo V1 is 2.5862683441661494
15:35 ninjax INFO    : The network SNR is 14.612274305014282
15:35 ninjax INFO    : The network SNR does not pass the threshold, trying again
15:35 ninjax INFO    : Generating new injection
15:35 ninjax INFO    : Sanity check: generated parameters:
15:35 ninjax INFO    : {'mass_1_source': 1.5144696159120703, 'mass_2_source': 1.1990531633102184, 's1_z': -0.016989534633925232, 's2_z': -0.019121106447334935, 'cos_iota': 0.694962943105792, 'd_L': 376.2074378803198, 't_c': 0.060083296985335516, 'phase_c': 5.629883930536355, 'psi': 2.3813053917537768, 'ra': 5.7150555243220325, 'sin_dec': -0.09858195556726512}
15:35 ninjax INFO    : Computing lambdas from EOS file /home/twouters2/projects/projection_BNS_A_plus/src/projection_BNS/data/MPA1.npz . . . 
15:35 ninjax INFO    : Injected lambda_1: 322.42111816656137
15:35 ninjax INFO    : Injected lambda_2: 1215.895132063424
15:35 ninjax INFO    : Duration is not specified in the config. Computed chirp time: for fmin = 20.0 and M_c = 1.271115536189288 is 256.0
15:35 ninjax INFO    : After transforms, the injection parameters are:
15:35 ninjax INFO    : {'mass_1_source': 1.5144696159120703, 'mass_2_source': 1.1990531633102184, 's1_z': -0.016989534633925232, 's2_z': -0.019121106447334935, 'cos_iota': 0.694962943105792, 'd_L': 376.2074378803198, 't_c': 0.060083296985335516, 'phase_c': 5.629883930536355, 'psi': 2.3813053917537768, 'ra': 5.7150555243220325, 'sin_dec': -0.09858195556726512, 'q': 0.7917314092749914, 'M_c': 1.271115536189288, 'eta': 0.24662213917812942, 'iota': Array(0.80242796, dtype=float64, weak_type=True), 'dec': Array(-0.09874233, dtype=float64, weak_type=True), 'lambda_1': 322.42111816656137, 'lambda_2': 1215.895132063424}
15:35 ninjax INFO    : The trial injection parameters are {'M_c': 1.271115536189288, 'eta': 0.24662213917812942, 's1_z': -0.016989534633925232, 's2_z': -0.019121106447334935, 'lambda_1': 322.42111816656137, 'lambda_2': 1215.895132063424, 'd_L': 376.2074378803198, 'phase_c': 5.629883930536355, 'iota': 0.8024279635042162, 't_c': 0.060083296985335516, 'psi': 2.3813053917537768, 'ra': 5.7150555243220325, 'dec': -0.09874233445572862}
15:35 ninjax INFO    : Injecting signals . . .
15:35 ninjax INFO    : self.ifos
15:35 ninjax INFO    : [GroundBased2G(H1), GroundBased2G(L1), GroundBased2G(V1)]
15:35 ninjax INFO    : Signal injected in ifo H1. Frequencies, data, and PSD:
15:35 ninjax INFO    : [  20.           20.00390625   20.0078125  ... 2047.98828125
 2047.9921875  2047.99609375]
15:35 ninjax INFO    : [-2.93153039e-23-6.36767970e-24j  7.46715658e-23-3.69023424e-23j
  7.47273755e-25+1.72958372e-22j ...
  2.25422483e-23-6.55111347e-24j  1.46120288e-23+4.92797357e-23j
  5.10662865e-23-3.46449217e-24j]
15:35 ninjax INFO    : [1.44906511e-46 1.44785671e-46 1.44667215e-46 ... 2.17778216e-47
 2.17778992e-47 2.17779767e-47]
15:35 ninjax INFO    : Signal injected in ifo L1. Frequencies, data, and PSD:
15:35 ninjax INFO    : [  20.           20.00390625   20.0078125  ... 2047.98828125
 2047.9921875  2047.99609375]
15:35 ninjax INFO    : [-6.76897106e-23-2.22896885e-23j  5.00223886e-23-1.56858343e-23j
 -1.51095880e-22+1.28041985e-23j ...
 -2.53741207e-23-4.32953499e-23j -2.41682042e-23-3.21319862e-23j
  7.93567389e-23-3.19354114e-24j]
15:35 ninjax INFO    : [1.44906511e-46 1.44785671e-46 1.44667215e-46 ... 2.17778216e-47
 2.17778992e-47 2.17779767e-47]
15:35 ninjax INFO    : Signal injected in ifo V1. Frequencies, data, and PSD:
15:35 ninjax INFO    : [  20.           20.00390625   20.0078125  ... 2047.98828125
 2047.9921875  2047.99609375]
15:35 ninjax INFO    : [-6.66506781e-23-4.45336175e-23j  6.57719497e-23+3.41504758e-23j
 -3.61753622e-23-6.00563643e-23j ...
 -2.60527474e-23+4.89183385e-23j  3.97766966e-23+4.60130803e-23j
 -4.17488685e-23+1.29686330e-22j]
15:35 ninjax INFO    : [1.43183556e-46 1.43058540e-46 1.42935095e-46 ... 6.39793039e-47
 6.39795354e-47 6.39797668e-47]
15:35 ninjax INFO    : SNR for ifo H1 is 5.294248816112803
15:35 ninjax INFO    : SNR for ifo L1 is 5.228857704183507
15:35 ninjax INFO    : SNR for ifo V1 is 7.100601798074874
15:35 ninjax INFO    : The network SNR is 10.285357033780361
15:35 ninjax INFO    : The network SNR does not pass the threshold, trying again
15:35 ninjax INFO    : Generating new injection
15:35 ninjax INFO    : Sanity check: generated parameters:
15:35 ninjax INFO    : {'mass_1_source': 2.118681807345787, 'mass_2_source': 2.181914963304706, 's1_z': 0.03209348300195258, 's2_z': -0.0025236614079454864, 'cos_iota': 0.00980219360054324, 'd_L': 222.42341638665226, 't_c': 0.08062645612655647, 'phase_c': 3.752831876351896, 'psi': 2.959459145710741, 'ra': 2.942757861922521, 'sin_dec': 0.8608871180058943}
15:35 ninjax INFO    : Computing lambdas from EOS file /home/twouters2/projects/projection_BNS_A_plus/src/projection_BNS/data/MPA1.npz . . . 
15:35 ninjax INFO    : Injected lambda_1: 23.080695667564655
15:35 ninjax INFO    : Injected lambda_2: 30.241450772083947
15:35 ninjax INFO    : Duration is not specified in the config. Computed chirp time: for fmin = 20.0 and M_c = 1.9657685311864 is 128.0
15:35 ninjax INFO    : After transforms, the injection parameters are:
15:35 ninjax INFO    : {'mass_1_source': 2.181914963304706, 'mass_2_source': 2.118681807345787, 's1_z': 0.03209348300195258, 's2_z': -0.0025236614079454864, 'cos_iota': 0.00980219360054324, 'd_L': 222.42341638665226, 't_c': 0.08062645612655647, 'phase_c': 3.752831876351896, 'psi': 2.959459145710741, 'ra': 2.942757861922521, 'sin_dec': 0.8608871180058943, 'q': 0.9710194223778792, 'M_c': 1.9657685311864, 'eta': 0.24994595291498423, 'iota': Array(1.56099398, dtype=float64, weak_type=True), 'dec': Array(1.03701067, dtype=float64, weak_type=True), 'lambda_1': 23.080695667564655, 'lambda_2': 30.241450772083947}
15:35 ninjax INFO    : The trial injection parameters are {'M_c': 1.9657685311864, 'eta': 0.24994595291498423, 's1_z': 0.03209348300195258, 's2_z': -0.0025236614079454864, 'lambda_1': 23.080695667564655, 'lambda_2': 30.241450772083947, 'd_L': 222.42341638665226, 'phase_c': 3.752831876351896, 'iota': 1.5609939762168723, 't_c': 0.08062645612655647, 'psi': 2.959459145710741, 'ra': 2.942757861922521, 'dec': 1.0370106722995955}
15:35 ninjax INFO    : Injecting signals . . .
15:35 ninjax INFO    : self.ifos
15:35 ninjax INFO    : [GroundBased2G(H1), GroundBased2G(L1), GroundBased2G(V1)]
15:35 ninjax INFO    : Signal injected in ifo H1. Frequencies, data, and PSD:
15:35 ninjax INFO    : [  20.          20.0078125   20.015625  ... 2047.9765625
 2047.984375  2047.9921875]
15:35 ninjax INFO    : [-6.61286252e-23-4.38545078e-23j -8.34342076e-23-4.56697543e-23j
 -3.53830574e-23+2.43426056e-23j ...
  5.38099092e-24+2.44650484e-24j  1.83921143e-23-8.44677447e-24j
  3.39760913e-24+7.16680496e-24j]
15:35 ninjax INFO    : [1.44906511e-46 1.44667215e-46 1.44435812e-46 ... 2.17775889e-47
 2.17777440e-47 2.17778992e-47]
15:35 ninjax INFO    : Signal injected in ifo L1. Frequencies, data, and PSD:
15:35 ninjax INFO    : [  20.          20.0078125   20.015625  ... 2047.9765625
 2047.984375  2047.9921875]
15:35 ninjax INFO    : [ 2.24182532e-23-7.65260508e-23j -4.42519335e-23+3.43602361e-23j
  8.78978447e-24+5.85951325e-23j ...
  1.86778540e-23-1.85073677e-23j  2.40038137e-24+2.92627892e-23j
 -6.75624579e-24-1.27990614e-23j]
15:35 ninjax INFO    : [1.44906511e-46 1.44667215e-46 1.44435812e-46 ... 2.17775889e-47
 2.17777440e-47 2.17778992e-47]
15:35 ninjax INFO    : Signal injected in ifo V1. Frequencies, data, and PSD:
15:35 ninjax INFO    : [  20.          20.0078125   20.015625  ... 2047.9765625
 2047.984375  2047.9921875]
15:35 ninjax INFO    : [-2.97540556e-23-4.59434691e-24j -2.31725624e-23+2.13893362e-23j
 -4.74968666e-23+2.91604368e-23j ...
  2.68241559e-23+9.93411571e-24j  5.52205253e-23-5.32662967e-24j
 -2.69901361e-23-1.64139140e-23j]
15:35 ninjax INFO    : [1.43183556e-46 1.42935095e-46 1.42688205e-46 ... 6.39786094e-47
 6.39790724e-47 6.39795354e-47]
15:35 ninjax INFO    : SNR for ifo H1 is 8.898589789715286
15:35 ninjax INFO    : SNR for ifo L1 is 5.96656406234413
15:35 ninjax INFO    : SNR for ifo V1 is 6.98582435406286
15:35 ninjax INFO    : The network SNR is 12.790094951230792
15:35 ninjax INFO    : The network SNR does not pass the threshold, trying again
15:35 ninjax INFO    : Generating new injection
15:35 ninjax INFO    : Sanity check: generated parameters:
15:35 ninjax INFO    : {'mass_1_source': 2.170622641346937, 'mass_2_source': 1.4059055171248773, 's1_z': 0.025111200098806213, 's2_z': 0.04686701135283507, 'cos_iota': -0.4798189770446366, 'd_L': 298.82154194512236, 't_c': 0.04248996575721181, 'phase_c': 2.2511653534682194, 'psi': 1.8896805533621237, 'ra': 0.7549449189265723, 'sin_dec': -0.7931018529883822}
15:35 ninjax INFO    : Computing lambdas from EOS file /home/twouters2/projects/projection_BNS_A_plus/src/projection_BNS/data/MPA1.npz . . . 
15:35 ninjax INFO    : Injected lambda_1: 24.24537993373649
15:35 ninjax INFO    : Injected lambda_2: 500.23575497233867
15:35 ninjax INFO    : Duration is not specified in the config. Computed chirp time: for fmin = 20.0 and M_c = 1.6158767020874902 is 128.0
15:35 ninjax INFO    : After transforms, the injection parameters are:
15:35 ninjax INFO    : {'mass_1_source': 2.170622641346937, 'mass_2_source': 1.4059055171248773, 's1_z': 0.025111200098806213, 's2_z': 0.04686701135283507, 'cos_iota': -0.4798189770446366, 'd_L': 298.82154194512236, 't_c': 0.04248996575721181, 'phase_c': 2.2511653534682194, 'psi': 1.8896805533621237, 'ra': 0.7549449189265723, 'sin_dec': -0.7931018529883822, 'q': 0.6476968821501237, 'M_c': 1.6158767020874902, 'eta': 0.23857073395380857, 'iota': Array(2.0712447, dtype=float64, weak_type=True), 'dec': Array(-0.91588486, dtype=float64, weak_type=True), 'lambda_1': 24.24537993373649, 'lambda_2': 500.23575497233867}
15:35 ninjax INFO    : The trial injection parameters are {'M_c': 1.6158767020874902, 'eta': 0.23857073395380857, 's1_z': 0.025111200098806213, 's2_z': 0.04686701135283507, 'lambda_1': 24.24537993373649, 'lambda_2': 500.23575497233867, 'd_L': 298.82154194512236, 'phase_c': 2.2511653534682194, 'iota': 2.071244702438092, 't_c': 0.04248996575721181, 'psi': 1.8896805533621237, 'ra': 0.7549449189265723, 'dec': -0.9158848553612179}
15:35 ninjax INFO    : Injecting signals . . .
15:35 ninjax INFO    : self.ifos
15:35 ninjax INFO    : [GroundBased2G(H1), GroundBased2G(L1), GroundBased2G(V1)]
15:35 ninjax INFO    : Signal injected in ifo H1. Frequencies, data, and PSD:
15:35 ninjax INFO    : [  20.          20.0078125   20.015625  ... 2047.9765625
 2047.984375  2047.9921875]
15:35 ninjax INFO    : [-6.56711169e-23-4.15525672e-23j -8.30255336e-23-5.02661630e-23j
 -4.03449674e-23+2.77271060e-23j ...
  5.39276234e-24+2.45611913e-24j  1.84029243e-23-8.43609062e-24j
  3.40736080e-24+7.17846270e-24j]
15:35 ninjax INFO    : [1.44906511e-46 1.44667215e-46 1.44435812e-46 ... 2.17775889e-47
 2.17777440e-47 2.17778992e-47]
15:35 ninjax INFO    : Signal injected in ifo L1. Frequencies, data, and PSD:
15:35 ninjax INFO    : [  20.          20.0078125   20.015625  ... 2047.9765625
 2047.984375  2047.9921875]
15:35 ninjax INFO    : [ 2.07673326e-23-7.81041610e-23j -4.45821942e-23+3.85214414e-23j
  1.26878409e-23+5.66796232e-23j ...
  1.86703625e-23-1.85004590e-23j  2.39227072e-24+2.92689593e-23j
 -6.76490301e-24-1.27936851e-23j]
15:35 ninjax INFO    : [1.44906511e-46 1.44667215e-46 1.44435812e-46 ... 2.17775889e-47
 2.17777440e-47 2.17778992e-47]
15:35 ninjax INFO    : Signal injected in ifo V1. Frequencies, data, and PSD:
15:35 ninjax INFO    : [  20.          20.0078125   20.015625  ... 2047.9765625
 2047.984375  2047.9921875]
15:35 ninjax INFO    : [-2.07497425e-23-2.19056850e-24j -2.27675342e-23+1.58749331e-23j
 -4.74143207e-23+2.73895482e-23j ...
  2.68093527e-23+9.93100495e-24j  5.52060851e-23-5.33113432e-24j
 -2.70040822e-23-1.64197717e-23j]
15:35 ninjax INFO    : [1.43183556e-46 1.42935095e-46 1.42688205e-46 ... 6.39786094e-47
 6.39790724e-47 6.39795354e-47]
15:35 ninjax INFO    : SNR for ifo H1 is 4.069918578081388
15:35 ninjax INFO    : SNR for ifo L1 is 3.7544453286461708
15:35 ninjax INFO    : SNR for ifo V1 is 9.550382499346561
15:35 ninjax INFO    : The network SNR is 11.039470224690591
15:35 ninjax INFO    : The network SNR does not pass the threshold, trying again
15:35 ninjax INFO    : Generating new injection
15:35 ninjax INFO    : Sanity check: generated parameters:
15:35 ninjax INFO    : {'mass_1_source': 2.007219858293939, 'mass_2_source': 1.973322816554214, 's1_z': -0.011226477231342, 's2_z': 0.039116979470267335, 'cos_iota': -0.6132481444881743, 'd_L': 283.27707635913396, 't_c': 0.010433230765352783, 'phase_c': 2.389962784761179, 'psi': 0.9326344008554708, 'ra': 2.300468862139405, 'sin_dec': 0.5060010671107782}
15:35 ninjax INFO    : Computing lambdas from EOS file /home/twouters2/projects/projection_BNS_A_plus/src/projection_BNS/data/MPA1.npz . . . 
15:35 ninjax INFO    : Injected lambda_1: 47.5587407616953
15:35 ninjax INFO    : Injected lambda_2: 54.37003070463236
15:35 ninjax INFO    : Duration is not specified in the config. Computed chirp time: for fmin = 20.0 and M_c = 1.8434543435526094 is 128.0
15:35 ninjax INFO    : After transforms, the injection parameters are:
15:35 ninjax INFO    : {'mass_1_source': 2.007219858293939, 'mass_2_source': 1.973322816554214, 's1_z': -0.011226477231342, 's2_z': 0.039116979470267335, 'cos_iota': -0.6132481444881743, 'd_L': 283.27707635913396, 't_c': 0.010433230765352783, 'phase_c': 2.389962784761179, 'psi': 0.9326344008554708, 'ra': 2.300468862139405, 'sin_dec': 0.5060010671107782, 'q': 0.9831124420179181, 'M_c': 1.8434543435526094, 'eta': 0.24998187078345818, 'iota': Array(2.23096253, dtype=float64, weak_type=True), 'dec': Array(0.53054218, dtype=float64, weak_type=True), 'lambda_1': 47.5587407616953, 'lambda_2': 54.37003070463236}
15:35 ninjax INFO    : The trial injection parameters are {'M_c': 1.8434543435526094, 'eta': 0.24998187078345818, 's1_z': -0.011226477231342, 's2_z': 0.039116979470267335, 'lambda_1': 47.5587407616953, 'lambda_2': 54.37003070463236, 'd_L': 283.27707635913396, 'phase_c': 2.389962784761179, 'iota': 2.2309625322062323, 't_c': 0.010433230765352783, 'psi': 0.9326344008554708, 'ra': 2.300468862139405, 'dec': 0.530542184051362}
15:35 ninjax INFO    : Injecting signals . . .
15:35 ninjax INFO    : self.ifos
15:35 ninjax INFO    : [GroundBased2G(H1), GroundBased2G(L1), GroundBased2G(V1)]
15:35 ninjax INFO    : Signal injected in ifo H1. Frequencies, data, and PSD:
15:35 ninjax INFO    : [  20.          20.0078125   20.015625  ... 2047.9765625
 2047.984375  2047.9921875]
15:35 ninjax INFO    : [-6.23589864e-23-3.66794032e-23j -8.12615234e-23-5.40954457e-23j
 -4.28255042e-23+2.93029589e-23j ...
  5.40414183e-24+2.44469231e-24j  1.84153676e-23-8.44634861e-24j
  3.42074845e-24+7.16947205e-24j]
15:35 ninjax INFO    : [1.44906511e-46 1.44667215e-46 1.44435812e-46 ... 2.17775889e-47
 2.17777440e-47 2.17778992e-47]
15:35 ninjax INFO    : Signal injected in ifo L1. Frequencies, data, and PSD:
15:35 ninjax INFO    : [  20.          20.0078125   20.015625  ... 2047.9765625
 2047.984375  2047.9921875]
15:35 ninjax INFO    : [ 1.76594644e-23-8.27923175e-23j -4.54353054e-23+4.25546250e-23j
  1.55062128e-23+5.35617498e-23j ...
  1.86725057e-23-1.85191707e-23j  2.39623987e-24+2.92505483e-23j
 -6.75914622e-24-1.28116177e-23j]
15:35 ninjax INFO    : [1.44906511e-46 1.44667215e-46 1.44435812e-46 ... 2.17775889e-47
 2.17777440e-47 2.17778992e-47]
15:35 ninjax INFO    : Signal injected in ifo V1. Frequencies, data, and PSD:
15:35 ninjax INFO    : [  20.          20.0078125   20.015625  ... 2047.9765625
 2047.984375  2047.9921875]
15:35 ninjax INFO    : [-1.98216733e-23-3.61194351e-25j -2.67832764e-23+1.22564004e-23j
 -5.10461893e-23+3.68945623e-23j ...
  2.67917560e-23+9.94849835e-24j  5.51868517e-23-5.31545842e-24j
 -2.70247655e-23-1.64060656e-23j]
15:35 ninjax INFO    : [1.43183556e-46 1.42935095e-46 1.42688205e-46 ... 6.39786094e-47
 6.39790724e-47 6.39795354e-47]
15:35 ninjax INFO    : SNR for ifo H1 is 10.368932695120876
15:35 ninjax INFO    : SNR for ifo L1 is 12.10981492670959
15:35 ninjax INFO    : SNR for ifo V1 is 12.581252782524825
15:35 ninjax INFO    : The network SNR is 20.308872552972844
15:35 ninjax INFO    : The network SNR does not pass the threshold, trying again
15:35 ninjax INFO    : Generating new injection
15:35 ninjax INFO    : Sanity check: generated parameters:
15:35 ninjax INFO    : {'mass_1_source': 1.4430157461796955, 'mass_2_source': 2.309083186894248, 's1_z': -0.016537520403091775, 's2_z': 0.011320501052306954, 'cos_iota': -0.9414743915665831, 'd_L': 276.08345504861626, 't_c': -0.05698716593880833, 'phase_c': 2.493721907233046, 'psi': 2.8128491726283364, 'ra': 4.150841054202182, 'sin_dec': 0.42149603482808295}
15:35 ninjax INFO    : Computing lambdas from EOS file /home/twouters2/projects/projection_BNS_A_plus/src/projection_BNS/data/MPA1.npz . . . 
15:35 ninjax INFO    : Injected lambda_1: 12.654711094375042
15:35 ninjax INFO    : Injected lambda_2: 429.7817014936694
15:35 ninjax INFO    : Duration is not specified in the config. Computed chirp time: for fmin = 20.0 and M_c = 1.6790072233950852 is 128.0
15:35 ninjax INFO    : After transforms, the injection parameters are:
15:35 ninjax INFO    : {'mass_1_source': 2.309083186894248, 'mass_2_source': 1.4430157461796955, 's1_z': -0.016537520403091775, 's2_z': 0.011320501052306954, 'cos_iota': -0.9414743915665831, 'd_L': 276.08345504861626, 't_c': -0.05698716593880833, 'phase_c': 2.493721907233046, 'psi': 2.8128491726283364, 'ra': 4.150841054202182, 'sin_dec': 0.42149603482808295, 'q': 0.6249301689821638, 'M_c': 1.6790072233950852, 'eta': 0.2366802869057008, 'iota': Array(2.7977742, dtype=float64, weak_type=True), 'dec': Array(0.43509443, dtype=float64, weak_type=True), 'lambda_1': 12.654711094375042, 'lambda_2': 429.7817014936694}
15:35 ninjax INFO    : The trial injection parameters are {'M_c': 1.6790072233950852, 'eta': 0.2366802869057008, 's1_z': -0.016537520403091775, 's2_z': 0.011320501052306954, 'lambda_1': 12.654711094375042, 'lambda_2': 429.7817014936694, 'd_L': 276.08345504861626, 'phase_c': 2.493721907233046, 'iota': 2.7977742026050425, 't_c': -0.05698716593880833, 'psi': 2.8128491726283364, 'ra': 4.150841054202182, 'dec': 0.435094429561474}
15:35 ninjax INFO    : Injecting signals . . .
15:35 ninjax INFO    : self.ifos
15:35 ninjax INFO    : [GroundBased2G(H1), GroundBased2G(L1), GroundBased2G(V1)]
15:35 ninjax INFO    : Signal injected in ifo H1. Frequencies, data, and PSD:
15:35 ninjax INFO    : [  20.          20.0078125   20.015625  ... 2047.9765625
 2047.984375  2047.9921875]
15:35 ninjax INFO    : [-7.16542289e-23-4.16528670e-23j -8.34397429e-23-4.37624980e-23j
 -3.34178818e-23+2.85829163e-23j ...
  5.39276234e-24+2.45611913e-24j  1.84029243e-23-8.43609062e-24j
  3.40736080e-24+7.17846270e-24j]
15:35 ninjax INFO    : [1.44906511e-46 1.44667215e-46 1.44435812e-46 ... 2.17775889e-47
 2.17777440e-47 2.17778992e-47]
15:35 ninjax INFO    : Signal injected in ifo L1. Frequencies, data, and PSD:
15:35 ninjax INFO    : [  20.          20.0078125   20.015625  ... 2047.9765625
 2047.984375  2047.9921875]
15:35 ninjax INFO    : [ 2.77004822e-23-8.39997203e-23j -4.99251331e-23+3.12163469e-23j
  5.19565634e-24+6.14342506e-23j ...
  1.86703625e-23-1.85004590e-23j  2.39227072e-24+2.92689593e-23j
 -6.76490301e-24-1.27936851e-23j]
15:35 ninjax INFO    : [1.44906511e-46 1.44667215e-46 1.44435812e-46 ... 2.17775889e-47
 2.17777440e-47 2.17778992e-47]
15:35 ninjax INFO    : Signal injected in ifo V1. Frequencies, data, and PSD:
15:35 ninjax INFO    : [  20.          20.0078125   20.015625  ... 2047.9765625
 2047.984375  2047.9921875]
15:35 ninjax INFO    : [-1.99041686e-23-1.24028571e-24j -2.31169988e-23+1.39850075e-23j
 -5.07187007e-23+2.86378780e-23j ...
  2.68093527e-23+9.93100495e-24j  5.52060851e-23-5.33113432e-24j
 -2.70040822e-23-1.64197717e-23j]
15:35 ninjax INFO    : [1.43183556e-46 1.42935095e-46 1.42688205e-46 ... 6.39786094e-47
 6.39790724e-47 6.39795354e-47]
15:35 ninjax INFO    : SNR for ifo H1 is 12.654958651112128
15:35 ninjax INFO    : SNR for ifo L1 is 15.835677457473121
15:35 ninjax INFO    : SNR for ifo V1 is 11.597245640051451
15:35 ninjax INFO    : The network SNR is 23.35407385091887
15:35 ninjax INFO    : The network SNR does not pass the threshold, trying again
15:35 ninjax INFO    : Generating new injection
15:35 ninjax INFO    : Sanity check: generated parameters:
15:35 ninjax INFO    : {'mass_1_source': 1.850778839202698, 'mass_2_source': 1.749626468913138, 's1_z': -0.048793385501796196, 's2_z': -0.042227095527239515, 'cos_iota': 0.47709995950603146, 'd_L': 424.78888209703535, 't_c': 0.007521349719450926, 'phase_c': 5.944377388430472, 'psi': 0.6653996459666836, 'ra': 1.0036307477178716, 'sin_dec': 0.9928453315817318}
15:35 ninjax INFO    : Computing lambdas from EOS file /home/twouters2/projects/projection_BNS_A_plus/src/projection_BNS/data/MPA1.npz . . . 
15:35 ninjax INFO    : Injected lambda_1: 87.48994455787701
15:35 ninjax INFO    : Injected lambda_2: 129.03869198467976
15:35 ninjax INFO    : Duration is not specified in the config. Computed chirp time: for fmin = 20.0 and M_c = 1.716776454908127 is 128.0
15:35 ninjax INFO    : After transforms, the injection parameters are:
15:35 ninjax INFO    : {'mass_1_source': 1.850778839202698, 'mass_2_source': 1.749626468913138, 's1_z': -0.048793385501796196, 's2_z': -0.042227095527239515, 'cos_iota': 0.47709995950603146, 'd_L': 424.78888209703535, 't_c': 0.007521349719450926, 'phase_c': 5.944377388430472, 'psi': 0.6653996459666836, 'ra': 1.0036307477178716, 'sin_dec': 0.9928453315817318, 'q': 0.9453460520798175, 'M_c': 1.716776454908127, 'eta': 0.24980267171108542, 'iota': Array(1.0734444, dtype=float64, weak_type=True), 'dec': Array(1.45110325, dtype=float64, weak_type=True), 'lambda_1': 87.48994455787701, 'lambda_2': 129.03869198467976}
15:35 ninjax INFO    : The trial injection parameters are {'M_c': 1.716776454908127, 'eta': 0.24980267171108542, 's1_z': -0.048793385501796196, 's2_z': -0.042227095527239515, 'lambda_1': 87.48994455787701, 'lambda_2': 129.03869198467976, 'd_L': 424.78888209703535, 'phase_c': 5.944377388430472, 'iota': 1.073444397737795, 't_c': 0.007521349719450926, 'psi': 0.6653996459666836, 'ra': 1.0036307477178716, 'dec': 1.4511032503039838}
15:35 ninjax INFO    : Injecting signals . . .
15:35 ninjax INFO    : self.ifos
15:35 ninjax INFO    : [GroundBased2G(H1), GroundBased2G(L1), GroundBased2G(V1)]
15:35 ninjax INFO    : Signal injected in ifo H1. Frequencies, data, and PSD:
15:35 ninjax INFO    : [  20.          20.0078125   20.015625  ... 2047.9765625
 2047.984375  2047.9921875]
15:35 ninjax INFO    : [-6.32058007e-23-4.15116541e-23j -8.36378148e-23-5.18632612e-23j
 -4.11058853e-23+2.91035686e-23j ...
  5.39094656e-24+2.46014268e-24j  1.84007210e-23-8.43226598e-24j
  3.40479157e-24+7.18205123e-24j]
15:35 ninjax INFO    : [1.44906511e-46 1.44667215e-46 1.44435812e-46 ... 2.17775889e-47
 2.17777440e-47 2.17778992e-47]
15:35 ninjax INFO    : Signal injected in ifo L1. Frequencies, data, and PSD:
15:35 ninjax INFO    : [  20.          20.0078125   20.015625  ... 2047.9765625
 2047.984375  2047.9921875]
15:35 ninjax INFO    : [ 1.98885014e-23-7.72008608e-23j -4.29066030e-23+3.87489468e-23j
  1.23698192e-23+5.42205831e-23j ...
  1.86673499e-23-1.85029153e-23j  2.38951460e-24+2.92662189e-23j
 -6.76737598e-24-1.27966831e-23j]
15:35 ninjax INFO    : [1.44906511e-46 1.44667215e-46 1.44435812e-46 ... 2.17775889e-47
 2.17777440e-47 2.17778992e-47]
15:35 ninjax INFO    : Signal injected in ifo V1. Frequencies, data, and PSD:
15:35 ninjax INFO    : [  20.          20.0078125   20.015625  ... 2047.9765625
 2047.984375  2047.9921875]
15:35 ninjax INFO    : [-2.52176115e-23-2.10485582e-24j -2.41761809e-23+1.88000466e-23j
 -4.63755751e-23+2.99353409e-23j ...
  2.68060439e-23+9.92930575e-24j  5.52029599e-23-5.33315068e-24j
 -2.70069936e-23-1.64220856e-23j]
15:35 ninjax INFO    : [1.43183556e-46 1.42935095e-46 1.42688205e-46 ... 6.39786094e-47
 6.39790724e-47 6.39795354e-47]
15:35 ninjax INFO    : SNR for ifo H1 is 7.333860744080864
15:35 ninjax INFO    : SNR for ifo L1 is 6.457920451975594
15:35 ninjax INFO    : SNR for ifo V1 is 4.873743989264028
15:35 ninjax INFO    : The network SNR is 10.919873188389243
15:35 ninjax INFO    : The network SNR does not pass the threshold, trying again
15:35 ninjax INFO    : Generating new injection
15:35 ninjax INFO    : Sanity check: generated parameters:
15:35 ninjax INFO    : {'mass_1_source': 2.42429156988104, 'mass_2_source': 1.7493417373956865, 's1_z': 0.03275540122720402, 's2_z': -0.002053340679012014, 'cos_iota': -0.45144233635881914, 'd_L': 227.66528610683895, 't_c': 0.004640251253422933, 'phase_c': 5.840259914568907, 'psi': 0.9950402492215609, 'ra': 3.4458141825284967, 'sin_dec': -0.4522006633605793}
15:35 ninjax INFO    : Computing lambdas from EOS file /home/twouters2/projects/projection_BNS_A_plus/src/projection_BNS/data/MPA1.npz . . . 
15:35 ninjax INFO    : Injected lambda_1: 6.127161156014178
15:35 ninjax INFO    : Injected lambda_2: 129.17960912928507
15:35 ninjax INFO    : Duration is not specified in the config. Computed chirp time: for fmin = 20.0 and M_c = 1.8800021154504438 is 128.0
15:35 ninjax INFO    : After transforms, the injection parameters are:
15:35 ninjax INFO    : {'mass_1_source': 2.42429156988104, 'mass_2_source': 1.7493417373956865, 's1_z': 0.03275540122720402, 's2_z': -0.002053340679012014, 'cos_iota': -0.45144233635881914, 'd_L': 227.66528610683895, 't_c': 0.004640251253422933, 'phase_c': 5.840259914568907, 'psi': 0.9950402492215609, 'ra': 3.4458141825284967, 'sin_dec': -0.4522006633605793, 'q': 0.7215888382112086, 'M_c': 1.8800021154504438, 'eta': 0.24346185696656458, 'iota': Array(2.03917743, dtype=float64, weak_type=True), 'dec': Array(-0.46923114, dtype=float64, weak_type=True), 'lambda_1': 6.127161156014178, 'lambda_2': 129.17960912928507}
15:35 ninjax INFO    : The trial injection parameters are {'M_c': 1.8800021154504438, 'eta': 0.24346185696656458, 's1_z': 0.03275540122720402, 's2_z': -0.002053340679012014, 'lambda_1': 6.127161156014178, 'lambda_2': 129.17960912928507, 'd_L': 227.66528610683895, 'phase_c': 5.840259914568907, 'iota': 2.039177430965607, 't_c': 0.004640251253422933, 'psi': 0.9950402492215609, 'ra': 3.4458141825284967, 'dec': -0.46923114332869686}
15:35 ninjax INFO    : Injecting signals . . .
15:35 ninjax INFO    : self.ifos
15:35 ninjax INFO    : [GroundBased2G(H1), GroundBased2G(L1), GroundBased2G(V1)]
15:35 ninjax INFO    : Signal injected in ifo H1. Frequencies, data, and PSD:
15:35 ninjax INFO    : [  20.          20.0078125   20.015625  ... 2047.9765625
 2047.984375  2047.9921875]
15:35 ninjax INFO    : [-6.09040976e-23-4.74874601e-23j -9.05946441e-23-4.75255476e-23j
 -3.11992226e-23+3.17689855e-23j ...
  5.39373691e-24+2.45511641e-24j  1.84039909e-23-8.43699379e-24j
  3.40850946e-24+7.17766748e-24j]
15:35 ninjax INFO    : [1.44906511e-46 1.44667215e-46 1.44435812e-46 ... 2.17775889e-47
 2.17777440e-47 2.17778992e-47]
15:35 ninjax INFO    : Signal injected in ifo L1. Frequencies, data, and PSD:
15:35 ninjax INFO    : [  20.          20.0078125   20.015625  ... 2047.9765625
 2047.984375  2047.9921875]
15:35 ninjax INFO    : [ 1.64943536e-23-7.43221269e-23j -3.78642540e-23+3.74121753e-23j
  6.06407887e-24+5.12596724e-23j ...
  1.86692659e-23-1.85006540e-23j  2.39119873e-24+2.92686589e-23j
 -6.76594031e-24-1.27940880e-23j]
15:35 ninjax INFO    : [1.44906511e-46 1.44667215e-46 1.44435812e-46 ... 2.17775889e-47
 2.17777440e-47 2.17778992e-47]
15:35 ninjax INFO    : Signal injected in ifo V1. Frequencies, data, and PSD:
15:35 ninjax INFO    : [  20.          20.0078125   20.015625  ... 2047.9765625
 2047.984375  2047.9921875]
15:35 ninjax INFO    : [-2.53962004e-23-2.82233324e-24j -2.55778570e-23+1.79979906e-23j
 -4.72089510e-23+3.27233994e-23j ...
  2.68096717e-23+9.93098716e-24j  5.52064042e-23-5.33112074e-24j
 -2.70037662e-23-1.64197269e-23j]
15:35 ninjax INFO    : [1.43183556e-46 1.42935095e-46 1.42688205e-46 ... 6.39786094e-47
 6.39790724e-47 6.39795354e-47]
15:35 ninjax INFO    : SNR for ifo H1 is 20.099120845004595
15:35 ninjax INFO    : SNR for ifo L1 is 16.009395556568627
15:35 ninjax INFO    : SNR for ifo V1 is 3.6222268823890698
15:35 ninjax INFO    : The network SNR is 25.94987345665253
15:35 ninjax INFO    : The network SNR does not pass the threshold, trying again
15:35 ninjax INFO    : Generating new injection
15:35 ninjax INFO    : Sanity check: generated parameters:
15:35 ninjax INFO    : {'mass_1_source': 1.7553155715761342, 'mass_2_source': 2.024830195497044, 's1_z': -0.03297270859647024, 's2_z': 0.035959311846545036, 'cos_iota': -0.10071102277809185, 'd_L': 272.1316860083781, 't_c': 0.026300595902828933, 'phase_c': 3.287455264193677, 'psi': 0.6880727988277628, 'ra': 2.374726567430785, 'sin_dec': 0.7921852169022836}
15:35 ninjax INFO    : Computing lambdas from EOS file /home/twouters2/projects/projection_BNS_A_plus/src/projection_BNS/data/MPA1.npz . . . 
15:35 ninjax INFO    : Injected lambda_1: 44.33895675116684
15:35 ninjax INFO    : Injected lambda_2: 126.24758049501295
15:35 ninjax INFO    : Duration is not specified in the config. Computed chirp time: for fmin = 20.0 and M_c = 1.7412472142089486 is 128.0
15:35 ninjax INFO    : After transforms, the injection parameters are:
15:35 ninjax INFO    : {'mass_1_source': 2.024830195497044, 'mass_2_source': 1.7553155715761342, 's1_z': -0.03297270859647024, 's2_z': 0.035959311846545036, 'cos_iota': -0.10071102277809185, 'd_L': 272.1316860083781, 't_c': 0.026300595902828933, 'phase_c': 3.287455264193677, 'psi': 0.6880727988277628, 'ra': 2.374726567430785, 'sin_dec': 0.7921852169022836, 'q': 0.8668951971773856, 'M_c': 1.7412472142089486, 'eta': 0.24872916963089534, 'iota': Array(1.67167838, dtype=float64, weak_type=True), 'dec': Array(0.9143814, dtype=float64, weak_type=True), 'lambda_1': 44.33895675116684, 'lambda_2': 126.24758049501295}
15:35 ninjax INFO    : The trial injection parameters are {'M_c': 1.7412472142089486, 'eta': 0.24872916963089534, 's1_z': -0.03297270859647024, 's2_z': 0.035959311846545036, 'lambda_1': 44.33895675116684, 'lambda_2': 126.24758049501295, 'd_L': 272.1316860083781, 'phase_c': 3.287455264193677, 'iota': 1.6716783784602525, 't_c': 0.026300595902828933, 'psi': 0.6880727988277628, 'ra': 2.374726567430785, 'dec': 0.9143813968812555}
15:35 ninjax INFO    : Injecting signals . . .
15:35 ninjax INFO    : self.ifos
15:35 ninjax INFO    : [GroundBased2G(H1), GroundBased2G(L1), GroundBased2G(V1)]
15:35 ninjax INFO    : Signal injected in ifo H1. Frequencies, data, and PSD:
15:35 ninjax INFO    : [  20.          20.0078125   20.015625  ... 2047.9765625
 2047.984375  2047.9921875]
15:35 ninjax INFO    : [-6.61176940e-23-3.55486294e-23j -7.73841358e-23-5.03248620e-23j
 -4.09617672e-23+2.28769738e-23j ...
  5.39658606e-24+2.46277646e-24j  1.84060817e-23-8.42909327e-24j
  3.40982206e-24+7.18573358e-24j]
15:35 ninjax INFO    : [1.44906511e-46 1.44667215e-46 1.44435812e-46 ... 2.17775889e-47
 2.17777440e-47 2.17778992e-47]
15:35 ninjax INFO    : Signal injected in ifo L1. Frequencies, data, and PSD:
15:35 ninjax INFO    : [  20.          20.0078125   20.015625  ... 2047.9765625
 2047.984375  2047.9921875]
15:35 ninjax INFO    : [ 2.24269558e-23-8.33106058e-23j -4.92860939e-23+3.75963463e-23j
  1.26309429e-23+6.05487492e-23j ...
  1.86711748e-23-1.85078783e-23j  2.39380165e-24+2.92616549e-23j
 -6.76266810e-24-1.28008051e-23j]
15:35 ninjax INFO    : [1.44906511e-46 1.44667215e-46 1.44435812e-46 ... 2.17775889e-47
 2.17777440e-47 2.17778992e-47]
15:35 ninjax INFO    : Signal injected in ifo V1. Frequencies, data, and PSD:
15:35 ninjax INFO    : [  20.          20.0078125   20.015625  ... 2047.9765625
 2047.984375  2047.9921875]
15:35 ninjax INFO    : [-2.54098346e-23-3.62332913e-24j -2.56968315e-23+1.90990498e-23j
 -4.59464663e-23+3.14697905e-23j ...
  2.68097312e-23+9.93344868e-24j  5.52062229e-23-5.32866547e-24j
 -2.70041865e-23-1.64173014e-23j]
15:35 ninjax INFO    : [1.43183556e-46 1.42935095e-46 1.42688205e-46 ... 6.39786094e-47
 6.39790724e-47 6.39795354e-47]
15:35 ninjax INFO    : SNR for ifo H1 is 8.971620231724039
15:35 ninjax INFO    : SNR for ifo L1 is 8.721942043874806
15:35 ninjax INFO    : SNR for ifo V1 is 2.278651174656934
15:35 ninjax INFO    : The network SNR is 12.71827400926543
15:35 ninjax INFO    : The network SNR does not pass the threshold, trying again
15:35 ninjax INFO    : Generating new injection
15:35 ninjax INFO    : Sanity check: generated parameters:
15:35 ninjax INFO    : {'mass_1_source': 1.3323165723866661, 'mass_2_source': 1.8719804736536299, 's1_z': 0.018210600355006462, 's2_z': 0.036198637627536986, 'cos_iota': 0.7227841508240229, 'd_L': 82.94605276019544, 't_c': -0.08917751808380481, 'phase_c': 5.6583795454530295, 'psi': 0.6797140248337691, 'ra': 0.913173479367775, 'sin_dec': -0.40927671366517604}
15:35 ninjax INFO    : Computing lambdas from EOS file /home/twouters2/projects/projection_BNS_A_plus/src/projection_BNS/data/MPA1.npz . . . 
15:35 ninjax INFO    : Injected lambda_1: 80.62721303137815
15:35 ninjax INFO    : Injected lambda_2: 680.0408462774805
15:35 ninjax INFO    : Duration is not specified in the config. Computed chirp time: for fmin = 20.0 and M_c = 1.3965708816297582 is 128.0
15:35 ninjax INFO    : After transforms, the injection parameters are:
15:35 ninjax INFO    : {'mass_1_source': 1.8719804736536299, 'mass_2_source': 1.3323165723866661, 's1_z': 0.018210600355006462, 's2_z': 0.036198637627536986, 'cos_iota': 0.7227841508240229, 'd_L': 82.94605276019544, 't_c': -0.08917751808380481, 'phase_c': 5.6583795454530295, 'psi': 0.6797140248337691, 'ra': 0.913173479367775, 'sin_dec': -0.40927671366517604, 'q': 0.7117149944338484, 'M_c': 1.3965708816297582, 'eta': 0.24290877595485205, 'iota': Array(0.76297372, dtype=float64, weak_type=True), 'dec': Array(-0.4216612, dtype=float64, weak_type=True), 'lambda_1': 80.62721303137815, 'lambda_2': 680.0408462774805}
15:35 ninjax INFO    : The trial injection parameters are {'M_c': 1.3965708816297582, 'eta': 0.24290877595485205, 's1_z': 0.018210600355006462, 's2_z': 0.036198637627536986, 'lambda_1': 80.62721303137815, 'lambda_2': 680.0408462774805, 'd_L': 82.94605276019544, 'phase_c': 5.6583795454530295, 'iota': 0.7629737179634561, 't_c': -0.08917751808380481, 'psi': 0.6797140248337691, 'ra': 0.913173479367775, 'dec': -0.42166120063608237}
15:35 ninjax INFO    : Injecting signals . . .
15:35 ninjax INFO    : self.ifos
15:35 ninjax INFO    : [GroundBased2G(H1), GroundBased2G(L1), GroundBased2G(V1)]
15:35 ninjax INFO    : Signal injected in ifo H1. Frequencies, data, and PSD:
15:35 ninjax INFO    : [  20.          20.0078125   20.015625  ... 2047.9765625
 2047.984375  2047.9921875]
15:35 ninjax INFO    : [-7.68406134e-23-4.61789813e-23j -9.13889923e-23-5.68664325e-23j
 -4.80607494e-23+1.79455588e-23j ...
  5.39276234e-24+2.45611913e-24j  1.84029243e-23-8.43609062e-24j
  3.40736080e-24+7.17846270e-24j]
15:35 ninjax INFO    : [1.44906511e-46 1.44667215e-46 1.44435812e-46 ... 2.17775889e-47
 2.17777440e-47 2.17778992e-47]
15:35 ninjax INFO    : Signal injected in ifo L1. Frequencies, data, and PSD:
15:35 ninjax INFO    : [  20.          20.0078125   20.015625  ... 2047.9765625
 2047.984375  2047.9921875]
15:35 ninjax INFO    : [ 3.16705080e-23-6.68862568e-23j -3.70789355e-23+5.02869948e-23j
  1.77663779e-23+7.09801112e-23j ...
  1.86703625e-23-1.85004590e-23j  2.39227072e-24+2.92689593e-23j
 -6.76490301e-24-1.27936851e-23j]
15:35 ninjax INFO    : [1.44906511e-46 1.44667215e-46 1.44435812e-46 ... 2.17775889e-47
 2.17777440e-47 2.17778992e-47]
15:35 ninjax INFO    : Signal injected in ifo V1. Frequencies, data, and PSD:
15:35 ninjax INFO    : [  20.          20.0078125   20.015625  ... 2047.9765625
 2047.984375  2047.9921875]
15:35 ninjax INFO    : [-3.90810914e-23+6.01759881e-24j -4.14364922e-23+2.91189289e-23j
 -6.04809908e-23+4.04389249e-23j ...
  2.68093527e-23+9.93100495e-24j  5.52060851e-23-5.33113432e-24j
 -2.70040822e-23-1.64197717e-23j]
15:35 ninjax INFO    : [1.43183556e-46 1.42935095e-46 1.42688205e-46 ... 6.39786094e-47
 6.39790724e-47 6.39795354e-47]
15:35 ninjax INFO    : SNR for ifo H1 is 27.113374832502956
15:35 ninjax INFO    : SNR for ifo L1 is 33.92714996213356
15:35 ninjax INFO    : SNR for ifo V1 is 29.54745901927403
15:35 ninjax INFO    : The network SNR is 52.52845832362284
15:35 ninjax INFO    : Network SNR passes threshold
15:35 ninjax INFO    : Sanity checking the GW injection for ArrayImpl
15:35 ninjax INFO    :    mass_1_source: 1.8719804736536299
15:35 ninjax INFO    :    mass_2_source: 1.3323165723866661
15:35 ninjax INFO    :    s1_z: 0.018210600355006462
15:35 ninjax INFO    :    s2_z: 0.036198637627536986
15:35 ninjax INFO    :    cos_iota: 0.7227841508240229
15:35 ninjax INFO    :    d_L: 82.94605276019544
15:35 ninjax INFO    :    t_c: -0.08917751808380481
15:35 ninjax INFO    :    phase_c: 5.6583795454530295
15:35 ninjax INFO    :    psi: 0.6797140248337691
15:35 ninjax INFO    :    ra: 0.913173479367775
15:35 ninjax INFO    :    sin_dec: -0.40927671366517604
15:35 ninjax INFO    :    q: 0.7117149944338484
15:35 ninjax INFO    :    M_c: 1.3965708816297582
15:35 ninjax INFO    :    eta: 0.24290877595485205
15:35 ninjax INFO    :    iota: 0.7629737179634561
15:35 ninjax INFO    :    dec: -0.42166120063608237
15:35 ninjax INFO    :    lambda_1: 80.62721303137815
15:35 ninjax INFO    :    lambda_2: 680.0408462774805
15:35 ninjax INFO    :    H1_SNR: 27.113374832502956
15:35 ninjax INFO    :    L1_SNR: 33.92714996213356
15:35 ninjax INFO    :    V1_SNR: 29.54745901927403
15:35 ninjax INFO    :    network_SNR: 52.52845832362284
15:35 ninjax INFO    :    epoch: 126.0
15:35 ninjax INFO    :    gmst: 2.7288901910520846
15:35 ninjax INFO    :    duration: 128.0
15:35 ninjax INFO    : Using GW HeterodynedTransientLikelihoodFD. Initializing likelihood
15:35 ninjax INFO    : Using the injection parameters as reference parameters for the relative binning
15:35 ninjax INFO    : Using the following kwargs for the GW likelihood: {}
