Wed Apr  2 07:33:41 CEST 2025
NVIDIA H100
/gpfs/home6/twouters2/ninjax_dev/jim/src/jimgw/prior.py:94: UserWarning: As of jaxtyping version 0.2.24, jaxtyping now prefers the syntax
```
from jaxtyping import jaxtyped
# Use your favourite typechecker: usually one of the two lines below.
from typeguard import typechecked as typechecker
from beartype import beartype as typechecker

@jaxtyped(typechecker=typechecker)
def foo(...):
```
and the old double-decorator syntax
```
@jaxtyped
@typechecker
def foo(...):
```
should no longer be used. (It will continue to work as it did before, but the new approach will produce more readable error messages.)
In particular note that `typechecker` must be passed via keyword argument; the following is not valid:
```
@jaxtyped(typechecker)
def foo(...):
```

  class Uniform(Prior):
/gpfs/home6/twouters2/ninjax_dev/jim/src/jimgw/prior.py:149: UserWarning: As of jaxtyping version 0.2.24, jaxtyping now prefers the syntax
```
from jaxtyping import jaxtyped
# Use your favourite typechecker: usually one of the two lines below.
from typeguard import typechecked as typechecker
from beartype import beartype as typechecker

@jaxtyped(typechecker=typechecker)
def foo(...):
```
and the old double-decorator syntax
```
@jaxtyped
@typechecker
def foo(...):
```
should no longer be used. (It will continue to work as it did before, but the new approach will produce more readable error messages.)
In particular note that `typechecker` must be passed via keyword argument; the following is not valid:
```
@jaxtyped(typechecker)
def foo(...):
```

  class Unconstrained_Uniform(Prior):
/gpfs/home6/twouters2/ninjax_dev/jim/src/jimgw/prior.py:263: UserWarning: As of jaxtyping version 0.2.24, jaxtyping now prefers the syntax
```
from jaxtyping import jaxtyped
# Use your favourite typechecker: usually one of the two lines below.
from typeguard import typechecked as typechecker
from beartype import beartype as typechecker

@jaxtyped(typechecker=typechecker)
def foo(...):
```
and the old double-decorator syntax
```
@jaxtyped
@typechecker
def foo(...):
```
should no longer be used. (It will continue to work as it did before, but the new approach will produce more readable error messages.)
In particular note that `typechecker` must be passed via keyword argument; the following is not valid:
```
@jaxtyped(typechecker)
def foo(...):
```

  class AlignedSpin(Prior):
/gpfs/home6/twouters2/ninjax_dev/jim/src/jimgw/prior.py:377: UserWarning: As of jaxtyping version 0.2.24, jaxtyping now prefers the syntax
```
from jaxtyping import jaxtyped
# Use your favourite typechecker: usually one of the two lines below.
from typeguard import typechecked as typechecker
from beartype import beartype as typechecker

@jaxtyped(typechecker=typechecker)
def foo(...):
```
and the old double-decorator syntax
```
@jaxtyped
@typechecker
def foo(...):
```
should no longer be used. (It will continue to work as it did before, but the new approach will produce more readable error messages.)
In particular note that `typechecker` must be passed via keyword argument; the following is not valid:
```
@jaxtyped(typechecker)
def foo(...):
```

  class PowerLaw(Prior):
/gpfs/home6/twouters2/ninjax_dev/jim/src/jimgw/single_event/detector.py:496: UserWarning: As of jaxtyping version 0.2.24, jaxtyping now prefers the syntax
```
from jaxtyping import jaxtyped
# Use your favourite typechecker: usually one of the two lines below.
from typeguard import typechecked as typechecker
from beartype import beartype as typechecker

@jaxtyped(typechecker=typechecker)
def foo(...):
```
and the old double-decorator syntax
```
@jaxtyped
@typechecker
def foo(...):
```
should no longer be used. (It will continue to work as it did before, but the new approach will produce more readable error messages.)
In particular note that `typechecker` must be passed via keyword argument; the following is not valid:
```
@jaxtyped(typechecker)
def foo(...):
```

  def load_psd(
07:33 ninjax INFO    : Checking and setting outdir
07:33 ninjax INFO    : Found generation prior file ./Aplus/injection_23/generation_prior.prior
07:33 ninjax INFO    : The outdir is set to ./Aplus/injection_23
07:33 ninjax INFO    : Loading the given config
07:33 ninjax WARNING : Unrecognized keys given: {'n_max_examples'}. These will be ignored
07:33 ninjax INFO    : Arguments loaded into the config: {'likelihood': 'HeterodynedTransientLikelihoodFD', 'gw_injection': 'True', 'gw_load_existing_injection': 'False', 'gw_dump_injection_data': 'False', 'gw_SNR_threshold_low': '11.2', 'gw_SNR_threshold_high': '100', 'waveform_approximant': 'IMRPhenomD_NRTidalv2', 'waveform_approximant_1': 'None', 'waveform_approximant_2': 'None', 'gw_overlapping_tight_priors': 'False', 'ifos': 'H1,L1,V1', 'eos_file': '/home/twouters2/projects/projection_BNS_A_plus/src/projection_BNS/data/eos/jester_soft.npz', 'fmin': '20.0', 'fref': '20.0', 'fmax': '2048.0', 'duration': 'None', 'post_trigger_duration': '2.0', 'trigger_time': '1187008882.4', 'psd_file_H1': '/home/twouters2/projects/projection_BNS_A_plus/src/projection_BNS/data/psds/AplusDesign_PSD.txt', 'psd_file_L1': '/home/twouters2/projects/projection_BNS_A_plus/src/projection_BNS/data/psds/AplusDesign_PSD.txt', 'psd_file_V1': '/home/twouters2/projects/projection_BNS_A_plus/src/projection_BNS/data/psds/avirgo_O5high_NEW_PSD.txt', 'psd_file_ET1': '/home/twouters2/psds/ET_D_psd.txt', 'psd_file_ET2': '/home/twouters2/psds/ET_D_psd.txt', 'psd_file_ET3': '/home/twouters2/psds/ET_D_psd.txt', 'psd_file_CE': '/home/twouters2/psds/CE_psd.txt', 'data_file_H1': 'None', 'data_file_L1': 'None', 'data_file_V1': 'None', 'data_file_ET1': 'None', 'data_file_ET2': 'None', 'data_file_ET3': 'None', 'relative_binning_binsize': '1000', 'relative_binning_ref_params_equal_true_params': 'True', 'relative_binning_ref_params': 'None', 'transforms': 'q_to_eta,cos_iota_to_iota,sin_dec_to_dec', 'gw_kwargs': 'None', 'filters': 'None', 'tmin': '0.05', 'tmax': '15.0', 'em_injection': 'False', 'em_trigger_time': '0.0', 'em_data_path': 'None', 'KN_model_name': 'None', 'KN_class_name': 'None', 'KN_model_dir': 'None', 'GRB_model_name': 'None', 'GRB_class_name': 'None', 'GRB_model_dir': 'None', 'detection_limit': 'None', 'n_loop_training': '200', 'n_loop_production': '10', 'n_local_steps': '100', 'n_global_steps': '1_000', 'n_epochs': '25', 'n_chains': '1_000', 'learning_rate': '0.001', 'max_samples': '50000', 'momentum': '0.9', 'batch_size': '30000', 'use_global': 'True', 'keep_quantile': '0.0', 'train_thinning': '10', 'output_thinning': '50', 'n_sample_max': '10000', 'verbose': 'False', 'save_training_chains': 'False', 'eps_mass_matrix': '1e-5', 'use_scheduler': 'True', 'use_temperature': 'False', 'which_temperature_schedule': 'exponential', 'starting_temperature': '2.0', 'stop_tempering_iteration': '75', 'stopping_criterion_global_acc': '0.10', 'stopping_criterion_loss': '-inf', 'seed': 'None', 'sampling_seed': 'None', 'injection_generation_seed': 'None', 'num_layers': '10', 'hidden_size': '128,128', 'num_bins': '8', 'nf_model_kwargs': 'None', 'run_sampler': 'True', 'keys_to_plot': 'M_c, q, s1_z, s2_z, lambda_1, lambda_2, d_L, t_c, phase_c, iota, psi, ra, dec'}
07:33 ninjax INFO    : Complete config file written to /gpfs/home6/twouters2/projects/projection_BNS_A_plus/src/projection_BNS/GW/jester_soft/Aplus/injection_23/complete_config.json
07:33 ninjax INFO    : No seed specified. Generating a random seed: 828416
07:33 ninjax INFO    : No sampling_seed specified. Generating a random sampling_seed: 791165
07:33 ninjax INFO    : No injection_generation_seed specified. Generating a random injection_generation_seed: 276745
07:33 ninjax INFO    : Loading the priors
07:33 ninjax INFO    : Setting up the prior
07:33 ninjax INFO    :    Mc_prior = Uniform(0.98, 2.6, naming=["M_c"])
07:33 ninjax INFO    :    q_prior = Uniform(0.125, 1.0, naming=["q"])
07:33 ninjax INFO    :    s1_z_prior = Uniform(-0.05, 0.05, naming=["s1_z"])
07:33 ninjax INFO    :    s2_z_prior = Uniform(-0.05, 0.05, naming=["s2_z"])
07:33 ninjax INFO    :    lambda1_prior = Uniform(0.0, 5000.0, naming=["lambda_1"])
07:33 ninjax INFO    :    lambda2_prior = Uniform(0.0, 5000.0, naming=["lambda_2"])
07:33 ninjax INFO    :    cos_iota_prior = Uniform(-1.0, 1.0, naming=["cos_iota"])
07:33 ninjax INFO    :    dL_prior = PowerLaw(1.0, 1000.0, 2.0, naming=["d_L"])
07:33 ninjax INFO    :    t_c_prior = Uniform(-0.1, 0.1, naming=["t_c"])
07:33 ninjax INFO    :    phase_c_prior = Uniform(0.0, 2 * jnp.pi, naming=["phase_c"])
07:33 ninjax INFO    :    psi_prior = Uniform(0.0, jnp.pi, naming=["psi"])
07:33 ninjax INFO    :    ra_prior = Uniform(0.0, 2 * jnp.pi, naming=["ra"])
07:33 ninjax INFO    :    sin_dec_prior = Uniform(-1.0, 1.0, naming=["sin_dec"])
07:33 ninjax INFO    : Setting up the generation prior
07:33 ninjax INFO    :    mass_1_source_prior = Uniform(1.0, 1.99, naming=["mass_1_source"])
07:33 ninjax INFO    :    mass_2_source_prior = Uniform(1.0, 1.99, naming=["mass_2_source"])
07:33 ninjax INFO    :    s1_z_prior = Uniform(-0.05, 0.05, naming=["s1_z"])
07:33 ninjax INFO    :    s2_z_prior = Uniform(-0.05, 0.05, naming=["s2_z"])
07:33 ninjax INFO    :    cos_iota_prior = Uniform(-1.0, 1.0, naming=["cos_iota"])
07:33 ninjax INFO    :    dL_prior = PowerLaw(10.0, 460.0, 2.0, naming=["d_L"])
07:33 ninjax INFO    :    t_c_prior = Uniform(-0.1, 0.1, naming=["t_c"])
07:33 ninjax INFO    :    phase_c_prior = Uniform(0.0, 2 * jnp.pi, naming=["phase_c"])
07:33 ninjax INFO    :    psi_prior = Uniform(0.0, jnp.pi, naming=["psi"])
07:33 ninjax INFO    :    ra_prior = Uniform(0.0, 2 * jnp.pi, naming=["ra"])
07:33 ninjax INFO    :    sin_dec_prior = Uniform(-1.0, 1.0, naming=["sin_dec"])
07:33 ninjax INFO    : Finished prior setup
07:33 ninjax INFO    : Setting the transforms
07:33 ninjax INFO    : Raw transforms list is q_to_eta,cos_iota_to_iota,sin_dec_to_dec
07:33 ninjax INFO    : transforms_str_list has 3 elements
07:33 ninjax INFO    : DEBUG: Checking that all_transforms is OK: the list is ['binary_Love', 'binary_love_fit', 'cos_iota1_to_iota1', 'cos_iota2_to_iota2', 'cos_iota_to_iota', 'log_lambda_to_lambda', 'm1_m2_to_Mc_q', 'q1_to_eta1', 'q2_to_eta2', 'q_to_eta', 'sin_dec1_to_dec1', 'sin_dec2_to_dec2', 'sin_dec_to_dec', 'spin_sphere_to_cartesian_s1', 'spin_sphere_to_cartesian_s2', 'swap_lambdas_eos', 't_c_dt_to_tcs']
07:33 ninjax INFO    : Setting the likelihood
07:33 ninjax INFO    : GW likelihood provided, setting up the GW pipe
07:33 ninjax INFO    : eos_file is /home/twouters2/projects/projection_BNS_A_plus/src/projection_BNS/data/eos/jester_soft.npz
07:33 ninjax INFO    : Using eos_file /home/twouters2/projects/projection_BNS_A_plus/src/projection_BNS/data/eos/jester_soft.npz for BNS injections
07:33 ninjax INFO    : Note: No specific waveform approximant 1 so defaulting to IMRPhenomD_NRTidalv2
07:33 ninjax INFO    : self.is_BNS_run is True
07:33 ninjax INFO    : Using IMRPhenomD_NRTidalv2 waveform. Therefore, we will use no taper as the reference waveform for the likelihood if relative binning is used
07:33 ninjax INFO    : GW run is an injection
07:33 ninjax INFO    : Setting up GW injection . . . 
07:33 ninjax INFO    : The SNR thresholds are: 11.2 - 100.0
07:33 ninjax INFO    : Generating new injection
07:33 ninjax INFO    : Sanity check: generated parameters:
07:33 ninjax INFO    : {'mass_1_source': 1.7568107106663837, 'mass_2_source': 1.78232514919856, 's1_z': -0.003599576895443636, 's2_z': 0.009425053245948355, 'cos_iota': 0.225061515592337, 'd_L': 351.59524085227065, 't_c': -0.03840106709545164, 'phase_c': 2.224438196021592, 'psi': 0.23137646215320667, 'ra': 0.47606789738003685, 'sin_dec': 0.7861280850784849}
07:33 ninjax INFO    : Computing lambdas from EOS file /home/twouters2/projects/projection_BNS_A_plus/src/projection_BNS/data/eos/jester_soft.npz . . . 
07:33 ninjax INFO    : Injected lambda_1: 29.89941292084108
07:33 ninjax INFO    : Injected lambda_2: 33.78634226017673
07:33 ninjax INFO    : Duration is not specified in the config. Computed chirp time: for fmin = 20.0 and M_c = 1.6628316505670837 is 128.0
07:33 ninjax INFO    : After transforms, the injection parameters are:
07:33 ninjax INFO    : {'mass_1_source': 1.78232514919856, 'mass_2_source': 1.7568107106663837, 's1_z': -0.003599576895443636, 's2_z': 0.009425053245948355, 'cos_iota': 0.225061515592337, 'd_L': 351.59524085227065, 't_c': -0.03840106709545164, 'phase_c': 2.224438196021592, 'psi': 0.23137646215320667, 'ra': 0.47606789738003685, 'sin_dec': 0.7861280850784849, 'q': 0.98568474526455, 'M_c': 1.6628316505670837, 'eta': 0.24998700675669341, 'iota': Array(1.34379016, dtype=float64, weak_type=True), 'dec': Array(0.90451921, dtype=float64, weak_type=True), 'lambda_1': 29.89941292084108, 'lambda_2': 33.78634226017673}
07:33 ninjax INFO    : The trial injection parameters are {'M_c': 1.6628316505670837, 'eta': 0.24998700675669341, 's1_z': -0.003599576895443636, 's2_z': 0.009425053245948355, 'lambda_1': 29.89941292084108, 'lambda_2': 33.78634226017673, 'd_L': 351.59524085227065, 'phase_c': 2.224438196021592, 'iota': 1.3437901557187297, 't_c': -0.03840106709545164, 'psi': 0.23137646215320667, 'ra': 0.47606789738003685, 'dec': 0.9045192068595134}
07:33 ninjax INFO    : Injecting signals . . .
07:33 ninjax INFO    : self.ifos
07:33 ninjax INFO    : [GroundBased2G(H1), GroundBased2G(L1), GroundBased2G(V1)]
07:33 ninjax INFO    : Signal injected in ifo H1. Frequencies, data, and PSD:
07:33 ninjax INFO    : [  20.          20.0078125   20.015625  ... 2047.9765625
 2047.984375  2047.9921875]
07:33 ninjax INFO    : [ 2.53160240e-23-5.98947998e-23j  5.51155140e-24-6.91252795e-23j
  2.55529026e-23-4.12563083e-24j ...
 -1.15465552e-23+1.79432925e-23j -1.38247391e-24+1.34993863e-23j
 -1.18521910e-23+4.93496526e-24j]
07:33 ninjax INFO    : [1.44906511e-46 1.44667215e-46 1.44435812e-46 ... 2.17775889e-47
 2.17777440e-47 2.17778992e-47]
07:33 ninjax INFO    : Signal injected in ifo L1. Frequencies, data, and PSD:
07:33 ninjax INFO    : [  20.          20.0078125   20.015625  ... 2047.9765625
 2047.984375  2047.9921875]
07:33 ninjax INFO    : [-2.63123398e-23-1.64327940e-23j -6.59384951e-23+1.21512783e-23j
 -3.69338656e-23-3.16198147e-23j ...
  2.60659579e-23+4.08128552e-23j  1.77537976e-23+2.96385583e-24j
  1.55870119e-23-1.56442863e-24j]
07:33 ninjax INFO    : [1.44906511e-46 1.44667215e-46 1.44435812e-46 ... 2.17775889e-47
 2.17777440e-47 2.17778992e-47]
07:33 ninjax INFO    : Signal injected in ifo V1. Frequencies, data, and PSD:
07:33 ninjax INFO    : [  20.          20.0078125   20.015625  ... 2047.9765625
 2047.984375  2047.9921875]
07:33 ninjax INFO    : [-3.89426022e-23-8.65880890e-24j -6.34989831e-23+2.83228437e-23j
  4.64089304e-23-4.79012111e-23j ...
 -1.04236340e-23+5.87948151e-23j -4.38109736e-23+3.82372912e-23j
 -3.90743635e-23-8.74398878e-23j]
07:33 ninjax INFO    : [1.43183556e-46 1.42935095e-46 1.42688205e-46 ... 6.39786094e-47
 6.39790724e-47 6.39795354e-47]
07:33 ninjax INFO    : SNR for ifo H1 is 6.368914811210107
07:33 ninjax INFO    : SNR for ifo L1 is 5.465400669041765
07:33 ninjax INFO    : SNR for ifo V1 is 1.0362341442876397
07:33 ninjax INFO    : The network SNR is 8.456208461680754
07:33 ninjax INFO    : The network SNR does not pass the threshold, trying again
07:33 ninjax INFO    : Generating new injection
07:33 ninjax INFO    : Sanity check: generated parameters:
07:33 ninjax INFO    : {'mass_1_source': 1.2349849159224737, 'mass_2_source': 1.2197671552605258, 's1_z': -0.009974753335526401, 's2_z': 0.010607705733896203, 'cos_iota': -0.822037892949111, 'd_L': 374.3251421419142, 't_c': 0.04266686578442497, 'phase_c': 3.6531756770313355, 'psi': 2.5559146451801364, 'ra': 4.640805372392893, 'sin_dec': 0.3887029362474883}
07:33 ninjax INFO    : Computing lambdas from EOS file /home/twouters2/projects/projection_BNS_A_plus/src/projection_BNS/data/eos/jester_soft.npz . . . 
07:33 ninjax INFO    : Injected lambda_1: 440.69642436112844
07:33 ninjax INFO    : Injected lambda_2: 479.42091103243104
07:33 ninjax INFO    : Duration is not specified in the config. Computed chirp time: for fmin = 20.0 and M_c = 1.1588405145738248 is 256.0
07:33 ninjax INFO    : After transforms, the injection parameters are:
07:33 ninjax INFO    : {'mass_1_source': 1.2349849159224737, 'mass_2_source': 1.2197671552605258, 's1_z': -0.009974753335526401, 's2_z': 0.010607705733896203, 'cos_iota': -0.822037892949111, 'd_L': 374.3251421419142, 't_c': 0.04266686578442497, 'phase_c': 3.6531756770313355, 'psi': 2.5559146451801364, 'ra': 4.640805372392893, 'sin_dec': 0.3887029362474883, 'q': 0.987677776087993, 'M_c': 1.1588405145738248, 'eta': 0.24999039214948834, 'iota': Array(2.53577697, dtype=float64, weak_type=True), 'dec': Array(0.39922341, dtype=float64, weak_type=True), 'lambda_1': 440.69642436112844, 'lambda_2': 479.42091103243104}
07:33 ninjax INFO    : The trial injection parameters are {'M_c': 1.1588405145738248, 'eta': 0.24999039214948834, 's1_z': -0.009974753335526401, 's2_z': 0.010607705733896203, 'lambda_1': 440.69642436112844, 'lambda_2': 479.42091103243104, 'd_L': 374.3251421419142, 'phase_c': 3.6531756770313355, 'iota': 2.5357769678558117, 't_c': 0.04266686578442497, 'psi': 2.5559146451801364, 'ra': 4.640805372392893, 'dec': 0.3992234078855419}
07:33 ninjax INFO    : Injecting signals . . .
07:33 ninjax INFO    : self.ifos
07:33 ninjax INFO    : [GroundBased2G(H1), GroundBased2G(L1), GroundBased2G(V1)]
07:34 ninjax INFO    : Signal injected in ifo H1. Frequencies, data, and PSD:
07:34 ninjax INFO    : [  20.           20.00390625   20.0078125  ... 2047.98828125
 2047.9921875  2047.99609375]
07:34 ninjax INFO    : [ 5.00200376e-23-9.10205590e-23j  3.28437829e-23-4.01877377e-23j
 -1.00304015e-22+9.12638925e-24j ...
 -5.12296654e-23+2.64709999e-23j  2.30859876e-23-3.46867710e-23j
  1.86610276e-23+8.02671194e-23j]
07:34 ninjax INFO    : [1.44906511e-46 1.44785671e-46 1.44667215e-46 ... 2.17778216e-47
 2.17778992e-47 2.17779767e-47]
07:34 ninjax INFO    : Signal injected in ifo L1. Frequencies, data, and PSD:
07:34 ninjax INFO    : [  20.           20.00390625   20.0078125  ... 2047.98828125
 2047.9921875  2047.99609375]
07:34 ninjax INFO    : [-4.45589117e-23+4.77546210e-23j -8.32877731e-23-3.85185629e-23j
  1.82657636e-22-9.18980176e-23j ...
  1.11931160e-23-3.21317880e-23j  1.65220546e-24+5.24681647e-24j
  4.21838177e-23-4.49398365e-24j]
07:34 ninjax INFO    : [1.44906511e-46 1.44785671e-46 1.44667215e-46 ... 2.17778216e-47
 2.17778992e-47 2.17779767e-47]
07:34 ninjax INFO    : Signal injected in ifo V1. Frequencies, data, and PSD:
07:34 ninjax INFO    : [  20.           20.00390625   20.0078125  ... 2047.98828125
 2047.9921875  2047.99609375]
07:34 ninjax INFO    : [-6.68586120e-23-7.30770925e-23j -1.87845528e-22+5.27171120e-23j
 -4.44940646e-23+7.43834556e-23j ...
 -7.72064919e-25+2.12884544e-23j  4.86489844e-23+4.89163608e-23j
  2.47290856e-26-2.39879980e-23j]
07:34 ninjax INFO    : [1.43183556e-46 1.43058540e-46 1.42935095e-46 ... 6.39793039e-47
 6.39795354e-47 6.39797668e-47]
07:34 ninjax INFO    : SNR for ifo H1 is 6.231714055486948
07:34 ninjax INFO    : SNR for ifo L1 is 8.205430090276355
07:34 ninjax INFO    : SNR for ifo V1 is 1.716069611091558
07:34 ninjax INFO    : The network SNR is 10.445488880175889
07:34 ninjax INFO    : The network SNR does not pass the threshold, trying again
07:34 ninjax INFO    : Generating new injection
07:34 ninjax INFO    : Sanity check: generated parameters:
07:34 ninjax INFO    : {'mass_1_source': 1.5328381696440418, 'mass_2_source': 1.4370968666991195, 's1_z': -0.04912656862737095, 's2_z': -0.008593839558993663, 'cos_iota': 0.21556252965091938, 'd_L': 346.95399017405185, 't_c': 0.032055893337182756, 'phase_c': 2.509021027103692, 'psi': 2.984139018842958, 'ra': 0.45493492713370653, 'sin_dec': 0.9069621254051778}
07:34 ninjax INFO    : Computing lambdas from EOS file /home/twouters2/projects/projection_BNS_A_plus/src/projection_BNS/data/eos/jester_soft.npz . . . 
07:34 ninjax INFO    : Injected lambda_1: 96.69877266482625
07:34 ninjax INFO    : Injected lambda_2: 153.90683673516313
07:34 ninjax INFO    : Duration is not specified in the config. Computed chirp time: for fmin = 20.0 and M_c = 1.393216044898356 is 128.0
07:34 ninjax INFO    : After transforms, the injection parameters are:
07:34 ninjax INFO    : {'mass_1_source': 1.5328381696440418, 'mass_2_source': 1.4370968666991195, 's1_z': -0.04912656862737095, 's2_z': -0.008593839558993663, 'cos_iota': 0.21556252965091938, 'd_L': 346.95399017405185, 't_c': 0.032055893337182756, 'phase_c': 2.509021027103692, 'psi': 2.984139018842958, 'ra': 0.45493492713370653, 'sin_dec': 0.9069621254051778, 'q': 0.9375398493846513, 'M_c': 1.393216044898356, 'eta': 0.2497401966323963, 'iota': Array(1.35352846, dtype=float64, weak_type=True), 'dec': Array(1.13601489, dtype=float64, weak_type=True), 'lambda_1': 96.69877266482625, 'lambda_2': 153.90683673516313}
07:34 ninjax INFO    : The trial injection parameters are {'M_c': 1.393216044898356, 'eta': 0.2497401966323963, 's1_z': -0.04912656862737095, 's2_z': -0.008593839558993663, 'lambda_1': 96.69877266482625, 'lambda_2': 153.90683673516313, 'd_L': 346.95399017405185, 'phase_c': 2.509021027103692, 'iota': 1.3535284604386066, 't_c': 0.032055893337182756, 'psi': 2.984139018842958, 'ra': 0.45493492713370653, 'dec': 1.1360148899029514}
07:34 ninjax INFO    : Injecting signals . . .
07:34 ninjax INFO    : self.ifos
07:34 ninjax INFO    : [GroundBased2G(H1), GroundBased2G(L1), GroundBased2G(V1)]
07:34 ninjax INFO    : Signal injected in ifo H1. Frequencies, data, and PSD:
07:34 ninjax INFO    : [  20.          20.0078125   20.015625  ... 2047.9765625
 2047.984375  2047.9921875]
07:34 ninjax INFO    : [ 2.54213838e-23-5.48346541e-23j  8.62010064e-24-6.62743344e-23j
  2.64530628e-23-4.73559938e-24j ...
 -1.15391355e-23+1.79451064e-23j -1.37525493e-24+1.35019483e-23j
 -1.18452481e-23+4.93825332e-24j]
07:34 ninjax INFO    : [1.44906511e-46 1.44667215e-46 1.44435812e-46 ... 2.17775889e-47
 2.17777440e-47 2.17778992e-47]
07:34 ninjax INFO    : Signal injected in ifo L1. Frequencies, data, and PSD:
07:34 ninjax INFO    : [  20.          20.0078125   20.015625  ... 2047.9765625
 2047.984375  2047.9921875]
07:34 ninjax INFO    : [-2.77888664e-23-2.02579687e-23j -6.90141573e-23+1.11524467e-23j
 -3.70898294e-23-3.06363224e-23j ...
  2.60781126e-23+4.08117029e-23j  1.77660152e-23+2.96392087e-24j
  1.55991707e-23-1.56314517e-24j]
07:34 ninjax INFO    : [1.44906511e-46 1.44667215e-46 1.44435812e-46 ... 2.17775889e-47
 2.17777440e-47 2.17778992e-47]
07:34 ninjax INFO    : Signal injected in ifo V1. Frequencies, data, and PSD:
07:34 ninjax INFO    : [  20.          20.0078125   20.015625  ... 2047.9765625
 2047.984375  2047.9921875]
07:34 ninjax INFO    : [-3.98743147e-23-7.02034175e-24j -6.42182881e-23+2.90588679e-23j
  4.48741953e-23-4.77275580e-23j ...
 -1.04269873e-23+5.87906689e-23j -4.38139031e-23+3.82328424e-23j
 -3.90768422e-23-8.74445961e-23j]
07:34 ninjax INFO    : [1.43183556e-46 1.42935095e-46 1.42688205e-46 ... 6.39786094e-47
 6.39790724e-47 6.39795354e-47]
07:34 ninjax INFO    : SNR for ifo H1 is 4.745289521272891
07:34 ninjax INFO    : SNR for ifo L1 is 3.440493106235416
07:34 ninjax INFO    : SNR for ifo V1 is 2.718590480938733
07:34 ninjax INFO    : The network SNR is 6.4610757353405495
07:34 ninjax INFO    : The network SNR does not pass the threshold, trying again
07:34 ninjax INFO    : Generating new injection
07:34 ninjax INFO    : Sanity check: generated parameters:
07:34 ninjax INFO    : {'mass_1_source': 1.5948979137565014, 'mass_2_source': 1.3467541690557678, 's1_z': -0.021261780237765683, 's2_z': -0.03735214865502084, 'cos_iota': 0.05570078532461453, 'd_L': 331.6663608457335, 't_c': -0.06692244513023966, 'phase_c': 5.877540732762206, 'psi': 1.0746166683764118, 'ra': 1.7030799700016597, 'sin_dec': -0.8394412835456575}
07:34 ninjax INFO    : Computing lambdas from EOS file /home/twouters2/projects/projection_BNS_A_plus/src/projection_BNS/data/eos/jester_soft.npz . . . 
07:34 ninjax INFO    : Injected lambda_1: 72.02899836714138
07:34 ninjax INFO    : Injected lambda_2: 242.49304113832304
07:34 ninjax INFO    : Duration is not specified in the config. Computed chirp time: for fmin = 20.0 and M_c = 1.3705015976721093 is 256.0
07:34 ninjax INFO    : After transforms, the injection parameters are:
07:34 ninjax INFO    : {'mass_1_source': 1.5948979137565014, 'mass_2_source': 1.3467541690557678, 's1_z': -0.021261780237765683, 's2_z': -0.03735214865502084, 'cos_iota': 0.05570078532461453, 'd_L': 331.6663608457335, 't_c': -0.06692244513023966, 'phase_c': 5.877540732762206, 'psi': 1.0746166683764118, 'ra': 1.7030799700016597, 'sin_dec': -0.8394412835456575, 'q': 0.8444140264023077, 'M_c': 1.3705015976721093, 'eta': 0.24822104869720338, 'iota': Array(1.5150667, dtype=float64, weak_type=True), 'dec': Array(-0.99625431, dtype=float64, weak_type=True), 'lambda_1': 72.02899836714138, 'lambda_2': 242.49304113832304}
07:34 ninjax INFO    : The trial injection parameters are {'M_c': 1.3705015976721093, 'eta': 0.24822104869720338, 's1_z': -0.021261780237765683, 's2_z': -0.03735214865502084, 'lambda_1': 72.02899836714138, 'lambda_2': 242.49304113832304, 'd_L': 331.6663608457335, 'phase_c': 5.877540732762206, 'iota': 1.5150666985156511, 't_c': -0.06692244513023966, 'psi': 1.0746166683764118, 'ra': 1.7030799700016597, 'dec': -0.996254313575187}
07:34 ninjax INFO    : Injecting signals . . .
07:34 ninjax INFO    : self.ifos
07:34 ninjax INFO    : [GroundBased2G(H1), GroundBased2G(L1), GroundBased2G(V1)]
07:34 ninjax INFO    : Signal injected in ifo H1. Frequencies, data, and PSD:
07:34 ninjax INFO    : [  20.           20.00390625   20.0078125  ... 2047.98828125
 2047.9921875  2047.99609375]
07:34 ninjax INFO    : [ 5.01958656e-23-9.20473685e-23j  2.97416306e-23-3.85178646e-23j
 -9.53285880e-23+1.02622782e-23j ...
 -5.12176750e-23+2.64671524e-23j  2.30981489e-23-3.46900201e-23j
  1.86733301e-23+8.02644762e-23j]
07:34 ninjax INFO    : [1.44906511e-46 1.44785671e-46 1.44667215e-46 ... 2.17778216e-47
 2.17778992e-47 2.17779767e-47]
07:34 ninjax INFO    : Signal injected in ifo L1. Frequencies, data, and PSD:
07:34 ninjax INFO    : [  20.           20.00390625   20.0078125  ... 2047.98828125
 2047.9921875  2047.99609375]
07:34 ninjax INFO    : [-4.27724371e-23+4.26194637e-23j -8.66037578e-23-3.73934072e-23j
  1.82975495e-22-9.04347880e-23j ...
  1.11829231e-23-3.21339466e-23j  1.64214445e-24+5.24416425e-24j
  4.21739125e-23-4.49712167e-24j]
07:34 ninjax INFO    : [1.44906511e-46 1.44785671e-46 1.44667215e-46 ... 2.17778216e-47
 2.17778992e-47 2.17779767e-47]
07:34 ninjax INFO    : Signal injected in ifo V1. Frequencies, data, and PSD:
07:34 ninjax INFO    : [  20.           20.00390625   20.0078125  ... 2047.98828125
 2047.9921875  2047.99609375]
07:34 ninjax INFO    : [-6.83918582e-23-7.35581924e-23j -1.85732849e-22+5.26843716e-23j
 -4.75226325e-23+7.37508068e-23j ...
 -7.68560119e-25+2.12838032e-23j  4.86527245e-23+4.89118917e-23j
  2.86948948e-26-2.39922732e-23j]
07:34 ninjax INFO    : [1.43183556e-46 1.43058540e-46 1.42935095e-46 ... 6.39793039e-47
 6.39795354e-47 6.39797668e-47]
07:34 ninjax INFO    : SNR for ifo H1 is 5.526887390863251
07:34 ninjax INFO    : SNR for ifo L1 is 4.9951494490407
07:34 ninjax INFO    : SNR for ifo V1 is 4.419969390298593
07:34 ninjax INFO    : The network SNR is 8.662224406046713
07:34 ninjax INFO    : The network SNR does not pass the threshold, trying again
07:34 ninjax INFO    : Generating new injection
07:34 ninjax INFO    : Sanity check: generated parameters:
07:34 ninjax INFO    : {'mass_1_source': 1.1585430295702734, 'mass_2_source': 1.4909935378119525, 's1_z': -0.004076757143751816, 's2_z': 0.02139776175192573, 'cos_iota': -0.0947674713377551, 'd_L': 284.4491217041159, 't_c': -0.030047192852447058, 'phase_c': 2.891470839142012, 'psi': 2.6643640323588436, 'ra': 0.07431506940753188, 'sin_dec': 0.6643455273756871}
07:34 ninjax INFO    : Computing lambdas from EOS file /home/twouters2/projects/projection_BNS_A_plus/src/projection_BNS/data/eos/jester_soft.npz . . . 
07:34 ninjax INFO    : Injected lambda_1: 118.3682791357987
07:34 ninjax INFO    : Injected lambda_2: 677.3388837471138
07:34 ninjax INFO    : Duration is not specified in the config. Computed chirp time: for fmin = 20.0 and M_c = 1.2157711960298492 is 256.0
07:34 ninjax INFO    : After transforms, the injection parameters are:
07:34 ninjax INFO    : {'mass_1_source': 1.4909935378119525, 'mass_2_source': 1.1585430295702734, 's1_z': -0.004076757143751816, 's2_z': 0.02139776175192573, 'cos_iota': -0.0947674713377551, 'd_L': 284.4491217041159, 't_c': -0.030047192852447058, 'phase_c': 2.891470839142012, 'psi': 2.6643640323588436, 'ra': 0.07431506940753188, 'sin_dec': 0.6643455273756871, 'q': 0.7770275324401785, 'M_c': 1.2157711960298492, 'eta': 0.24606400828522487, 'iota': Array(1.66570622, dtype=float64, weak_type=True), 'dec': Array(0.72661784, dtype=float64, weak_type=True), 'lambda_1': 118.3682791357987, 'lambda_2': 677.3388837471138}
07:34 ninjax INFO    : The trial injection parameters are {'M_c': 1.2157711960298492, 'eta': 0.24606400828522487, 's1_z': -0.004076757143751816, 's2_z': 0.02139776175192573, 'lambda_1': 118.3682791357987, 'lambda_2': 677.3388837471138, 'd_L': 284.4491217041159, 'phase_c': 2.891470839142012, 'iota': 1.6657062235980482, 't_c': -0.030047192852447058, 'psi': 2.6643640323588436, 'ra': 0.07431506940753188, 'dec': 0.7266178410476021}
07:34 ninjax INFO    : Injecting signals . . .
07:34 ninjax INFO    : self.ifos
07:34 ninjax INFO    : [GroundBased2G(H1), GroundBased2G(L1), GroundBased2G(V1)]
07:34 ninjax INFO    : Signal injected in ifo H1. Frequencies, data, and PSD:
07:34 ninjax INFO    : [  20.           20.00390625   20.0078125  ... 2047.98828125
 2047.9921875  2047.99609375]
07:34 ninjax INFO    : [ 4.64078019e-23-9.10928042e-23j  3.41992448e-23-3.74947326e-23j
 -9.88906545e-23+7.24774214e-24j ...
 -5.12251910e-23+2.64692270e-23j  2.30905380e-23-3.46883280e-23j
  1.86656437e-23+8.02657816e-23j]
07:34 ninjax INFO    : [1.44906511e-46 1.44785671e-46 1.44667215e-46 ... 2.17778216e-47
 2.17778992e-47 2.17779767e-47]
07:34 ninjax INFO    : Signal injected in ifo L1. Frequencies, data, and PSD:
07:34 ninjax INFO    : [  20.           20.00390625   20.0078125  ... 2047.98828125
 2047.9921875  2047.99609375]
07:34 ninjax INFO    : [-4.21254377e-23+4.31165858e-23j -8.82136966e-23-3.85868890e-23j
  1.84605652e-22-8.78263517e-23j ...
  1.11872801e-23-3.21274936e-23j  1.64616882e-24+5.25082941e-24j
  4.21775939e-23-4.49026155e-24j]
07:34 ninjax INFO    : [1.44906511e-46 1.44785671e-46 1.44667215e-46 ... 2.17778216e-47
 2.17778992e-47 2.17779767e-47]
07:34 ninjax INFO    : Signal injected in ifo V1. Frequencies, data, and PSD:
07:34 ninjax INFO    : [  20.           20.00390625   20.0078125  ... 2047.98828125
 2047.9921875  2047.99609375]
07:34 ninjax INFO    : [-6.54162823e-23-7.28294926e-23j -1.88300029e-22+5.13075153e-23j
 -4.55183918e-23+7.54298649e-23j ...
 -7.71195064e-25+2.12903453e-23j  4.86497623e-23+4.89182921e-23j
  2.54130731e-26-2.39860309e-23j]
07:34 ninjax INFO    : [1.43183556e-46 1.43058540e-46 1.42935095e-46 ... 6.39793039e-47
 6.39795354e-47 6.39797668e-47]
07:34 ninjax INFO    : SNR for ifo H1 is 4.66069019629735
07:34 ninjax INFO    : SNR for ifo L1 is 3.743507704523049
07:34 ninjax INFO    : SNR for ifo V1 is 0.8153767114706832
07:34 ninjax INFO    : The network SNR is 6.033301104809406
07:34 ninjax INFO    : The network SNR does not pass the threshold, trying again
07:34 ninjax INFO    : Generating new injection
07:34 ninjax INFO    : Sanity check: generated parameters:
07:34 ninjax INFO    : {'mass_1_source': 1.6094924002441724, 'mass_2_source': 1.8178312079627326, 's1_z': 0.02757088982644032, 's2_z': -0.02063199301326828, 'cos_iota': -0.4479992674261237, 'd_L': 455.0493671627408, 't_c': 0.03694082678930469, 'phase_c': 3.614531835924073, 'psi': 0.9691909967158321, 'ra': 1.177801764837956, 'sin_dec': 0.05455983406555953}
07:34 ninjax INFO    : Computing lambdas from EOS file /home/twouters2/projects/projection_BNS_A_plus/src/projection_BNS/data/eos/jester_soft.npz . . . 
07:34 ninjax INFO    : Injected lambda_1: 25.069925583980798
07:34 ninjax INFO    : Injected lambda_2: 67.09957921848006
07:34 ninjax INFO    : Duration is not specified in the config. Computed chirp time: for fmin = 20.0 and M_c = 1.6415707540295137 is 128.0
07:34 ninjax INFO    : After transforms, the injection parameters are:
07:34 ninjax INFO    : {'mass_1_source': 1.8178312079627326, 'mass_2_source': 1.6094924002441724, 's1_z': 0.02757088982644032, 's2_z': -0.02063199301326828, 'cos_iota': -0.4479992674261237, 'd_L': 455.0493671627408, 't_c': 0.03694082678930469, 'phase_c': 3.614531835924073, 'psi': 0.9691909967158321, 'ra': 1.177801764837956, 'sin_dec': 0.05455983406555953, 'q': 0.8853915551642177, 'M_c': 1.6415707540295137, 'eta': 0.2490762166452985, 'iota': Array(2.03532254, dtype=float64, weak_type=True), 'dec': Array(0.05458694, dtype=float64, weak_type=True), 'lambda_1': 25.069925583980798, 'lambda_2': 67.09957921848006}
07:34 ninjax INFO    : The trial injection parameters are {'M_c': 1.6415707540295137, 'eta': 0.2490762166452985, 's1_z': 0.02757088982644032, 's2_z': -0.02063199301326828, 'lambda_1': 25.069925583980798, 'lambda_2': 67.09957921848006, 'd_L': 455.0493671627408, 'phase_c': 3.614531835924073, 'iota': 2.035322536811124, 't_c': 0.03694082678930469, 'psi': 0.9691909967158321, 'ra': 1.177801764837956, 'dec': 0.05458693911932108}
07:34 ninjax INFO    : Injecting signals . . .
07:34 ninjax INFO    : self.ifos
07:34 ninjax INFO    : [GroundBased2G(H1), GroundBased2G(L1), GroundBased2G(V1)]
07:34 ninjax INFO    : Signal injected in ifo H1. Frequencies, data, and PSD:
07:34 ninjax INFO    : [  20.          20.0078125   20.015625  ... 2047.9765625
 2047.984375  2047.9921875]
07:34 ninjax INFO    : [ 2.46306980e-23-6.00987839e-23j  5.26006998e-24-6.87686980e-23j
  2.55879754e-23-3.91579303e-24j ...
 -1.15452325e-23+1.79459952e-23j -1.38140593e-24+1.35022435e-23j
 -1.18513955e-23+4.93795267e-24j]
07:34 ninjax INFO    : [1.44906511e-46 1.44667215e-46 1.44435812e-46 ... 2.17775889e-47
 2.17777440e-47 2.17778992e-47]
07:34 ninjax INFO    : Signal injected in ifo L1. Frequencies, data, and PSD:
07:34 ninjax INFO    : [  20.          20.0078125   20.015625  ... 2047.9765625
 2047.984375  2047.9921875]
07:34 ninjax INFO    : [-2.96433481e-23-1.60288001e-23j -6.61422481e-23+1.57425977e-23j
 -3.31968702e-23-3.07655592e-23j ...
  2.60869524e-23+4.08103605e-23j  1.77749439e-23+2.96344351e-24j
  1.56081038e-23-1.56275296e-24j]
07:34 ninjax INFO    : [1.44906511e-46 1.44667215e-46 1.44435812e-46 ... 2.17775889e-47
 2.17777440e-47 2.17778992e-47]
07:34 ninjax INFO    : Signal injected in ifo V1. Frequencies, data, and PSD:
07:34 ninjax INFO    : [  20.          20.0078125   20.015625  ... 2047.9765625
 2047.984375  2047.9921875]
07:34 ninjax INFO    : [-3.97409249e-23-6.25093283e-24j -6.13030487e-23+2.95055264e-23j
  4.79178935e-23-4.98292440e-23j ...
 -1.04208591e-23+5.87996369e-23j -4.38086677e-23+3.82423610e-23j
 -3.90725488e-23-8.74346154e-23j]
07:34 ninjax INFO    : [1.43183556e-46 1.42935095e-46 1.42688205e-46 ... 6.39786094e-47
 6.39790724e-47 6.39795354e-47]
07:34 ninjax INFO    : SNR for ifo H1 is 6.7801179661395095
07:34 ninjax INFO    : SNR for ifo L1 is 8.334284961391043
07:34 ninjax INFO    : SNR for ifo V1 is 3.608389270218434
07:34 ninjax INFO    : The network SNR is 11.333612776950877
07:34 ninjax INFO    : Network SNR passes threshold
07:34 ninjax INFO    : Sanity checking the GW injection for ArrayImpl
07:34 ninjax INFO    :    mass_1_source: 1.8178312079627326
07:34 ninjax INFO    :    mass_2_source: 1.6094924002441724
07:34 ninjax INFO    :    s1_z: 0.02757088982644032
07:34 ninjax INFO    :    s2_z: -0.02063199301326828
07:34 ninjax INFO    :    cos_iota: -0.4479992674261237
07:34 ninjax INFO    :    d_L: 455.0493671627408
07:34 ninjax INFO    :    t_c: 0.03694082678930469
07:34 ninjax INFO    :    phase_c: 3.614531835924073
07:34 ninjax INFO    :    psi: 0.9691909967158321
07:34 ninjax INFO    :    ra: 1.177801764837956
07:34 ninjax INFO    :    sin_dec: 0.05455983406555953
07:34 ninjax INFO    :    q: 0.8853915551642177
07:34 ninjax INFO    :    M_c: 1.6415707540295137
07:34 ninjax INFO    :    eta: 0.2490762166452985
07:34 ninjax INFO    :    iota: 2.035322536811124
07:34 ninjax INFO    :    dec: 0.05458693911932108
07:34 ninjax INFO    :    lambda_1: 25.069925583980798
07:34 ninjax INFO    :    lambda_2: 67.09957921848006
07:34 ninjax INFO    :    H1_SNR: 6.7801179661395095
07:34 ninjax INFO    :    L1_SNR: 8.334284961391043
07:34 ninjax INFO    :    V1_SNR: 3.608389270218434
07:34 ninjax INFO    :    network_SNR: 11.333612776950877
07:34 ninjax INFO    :    epoch: 126.0
07:34 ninjax INFO    :    gmst: 2.7288901910520846
07:34 ninjax INFO    :    duration: 128.0
07:34 ninjax INFO    : Using GW HeterodynedTransientLikelihoodFD. Initializing likelihood
07:34 ninjax INFO    : Using the injection parameters as reference parameters for the relative binning
07:34 ninjax INFO    : Using the following kwargs for the GW likelihood: {}
07:36 ninjax INFO    : Initialization of HeterodynedTransientLikelihoodFD took 149.90734910964966 seconds = 2.4984558184941608 minutes
07:36 ninjax INFO    : The priors are not modified after their initialization
07:36 ninjax INFO    : Required keys for the likelihood: ['M_c', 'eta', 's1_z', 's2_z', 'lambda_1', 'lambda_2', 'd_L', 'phase_c', 'iota', 't_c', 'psi', 'ra', 'dec']
07:36 ninjax INFO    : Checking the setup between prior, transforms, and likelihood
07:36 ninjax INFO    : sample: {'M_c': Array([1.11304626, 1.24834699, 1.1935921 ], dtype=float64), 'q': Array([0.41326502, 0.30357744, 0.89178326], dtype=float64), 's1_z': Array([ 0.04389193, -0.02768537, -0.03726817], dtype=float64), 's2_z': Array([ 0.02517934, -0.00834647, -0.00294298], dtype=float64), 'lambda_1': Array([ 126.80086476, 1354.22871775, 1546.17461233], dtype=float64), 'lambda_2': Array([4061.81221363, 3942.34763153, 4602.81692965], dtype=float64), 'cos_iota': Array([-0.71827268,  0.19939262,  0.32285535], dtype=float64), 'd_L': Array([970.00926587, 982.78404532, 944.68320467], dtype=float64), 't_c': Array([ 0.08112401, -0.05828164,  0.09188598], dtype=float64), 'phase_c': Array([2.82213235, 5.48686222, 1.46987228], dtype=float64), 'psi': Array([1.81768115, 1.21713713, 3.00228942], dtype=float64), 'ra': Array([0.15477168, 4.19485122, 4.35543825], dtype=float64), 'sin_dec': Array([-0.69481424, -0.89952201, -0.86485942], dtype=float64)}
07:36 ninjax INFO    : log_prob: [ -4.99011432  -2.66525604 -10.86406443]
07:36 ninjax INFO    : Checking log_prob at injection parameters: {'mass_1_source': 1.8178312079627326, 'mass_2_source': 1.6094924002441724, 's1_z': 0.02757088982644032, 's2_z': -0.02063199301326828, 'cos_iota': -0.4479992674261237, 'd_L': 455.0493671627408, 't_c': 0.03694082678930469, 'phase_c': 3.614531835924073, 'psi': 0.9691909967158321, 'ra': 1.177801764837956, 'sin_dec': 0.05455983406555953, 'q': 0.8853915551642177, 'M_c': 1.6415707540295137, 'eta': 0.2490762166452985, 'iota': Array(2.03532254, dtype=float64, weak_type=True), 'dec': Array(0.05458694, dtype=float64, weak_type=True), 'lambda_1': 25.069925583980798, 'lambda_2': 67.09957921848006, 'H1_SNR': 6.7801179661395095, 'L1_SNR': 8.334284961391043, 'V1_SNR': 3.608389270218434, 'network_SNR': 11.333612776950877, 'epoch': 126.0, 'gmst': 2.7288901910520846, 'duration': 128.0}
07:36 ninjax INFO    : log_prob at the injection parameters is: 41.85242950072502
07:36 ninjax INFO    : Will plot these keys: ['M_c', 'q', 's1_z', 's2_z', 'lambda_1', 'lambda_2', 'd_L', 't_c', 'phase_c', 'iota', 'psi', 'ra', 'dec']
07:36 ninjax INFO    : Will plot the labels: ['$M_c/M_\\odot$', '$q$', '$\\chi_1$', '$\\chi_2$', '$\\Lambda_1$', '$\\Lambda_2$', '$d_{\\rm{L}}/{\\rm Mpc}$', '$t_c$', '$\\phi_c$', '$\\iota$', '$\\psi$', '$\\alpha$', '$\\delta$']
07:36 ninjax INFO    : Ninjax setup complete.
07:36 ninjax INFO    : Saving output to ./Aplus/injection_23/
07:36 ninjax INFO    : Using polynomial learning rate scheduler
07:36 ninjax INFO    : The hyperparameters passed to flowMC and jim are
07:36 ninjax INFO    :    n_loop_training: 200
07:36 ninjax INFO    :    n_loop_production: 10
07:36 ninjax INFO    :    n_local_steps: 100
07:36 ninjax INFO    :    n_global_steps: 1000
07:36 ninjax INFO    :    n_epochs: 25
07:36 ninjax INFO    :    n_chains: 1000
07:36 ninjax INFO    :    learning_rate: <function polynomial_schedule.<locals>.schedule at 0x1524123c9240>
07:36 ninjax INFO    :    max_samples: 50000
07:36 ninjax INFO    :    momentum: 0.9
07:36 ninjax INFO    :    batch_size: 30000
07:36 ninjax INFO    :    use_global: True
07:36 ninjax INFO    :    keep_quantile: 0.0
07:36 ninjax INFO    :    train_thinning: 10
07:36 ninjax INFO    :    output_thinning: 50
07:36 ninjax INFO    :    n_sample_max: 10000
07:36 ninjax INFO    :    num_layers: 10
07:36 ninjax INFO    :    hidden_size: [128, 128]
07:36 ninjax INFO    :    num_bins: 8
07:36 ninjax INFO    :    save_training_chains: False
07:36 ninjax INFO    :    eps_mass_matrix: 1e-05
07:36 ninjax INFO    :    use_scheduler: True
07:36 ninjax INFO    :    use_temperature: False
07:36 ninjax INFO    :    which_temperature_schedule: exponential
07:36 ninjax INFO    :    starting_temperature: 2.0
07:36 ninjax INFO    :    stop_tempering_iteration: 75
07:36 ninjax INFO    :    stopping_criterion_global_acc: 0.1
07:36 ninjax INFO    :    stopping_criterion_loss: -inf
07:36 ninjax INFO    :    nf_model_kwargs: {}
07:36 ninjax INFO    :    local sampler arg not shown (pretty print)
07:36 ninjax INFO    : Fetching the injected values for plotting
Checking the noise that was generated in inject_signal ifo:
[ 2.49173353e-23  8.38526056e-24  2.64764582e-23 -3.20810605e-23
 -4.44417388e-23 -7.26762965e-23 -1.57046131e-22 -5.28606303e-23
  6.19246724e-23  1.02094837e-23]
[-5.69694728e-23 -6.84542338e-23 -6.92698372e-24 -3.71943871e-23
  6.05053601e-23  9.58422007e-23  4.35367985e-24  2.22302239e-23
 -4.69879090e-23 -4.42081119e-23]
Checking the noise that was generated in inject_signal ifo:
[-2.70211777e-23 -6.84253963e-23 -3.66788494e-23 -5.71637029e-24
 -5.13767702e-23 -2.07636886e-23  3.78782253e-24  3.90706242e-23
 -1.40057041e-22 -3.32909216e-23]
[-1.88651515e-23  1.26290411e-23 -2.91014760e-23 -3.80877571e-23
  1.09155321e-23  1.24867092e-22 -5.36111676e-23  1.98226857e-23
 -3.01401635e-23  6.98772011e-23]
Checking the noise that was generated in inject_signal ifo:
[-3.86999781e-23 -6.29200845e-23  4.62712409e-23 -3.40371411e-23
  2.41845298e-23 -6.66624450e-23 -7.14142286e-24  2.58707823e-24
 -4.76432448e-23 -2.31569570e-23]
[-8.09978410e-24  2.81333408e-23 -4.84942852e-23 -2.14303128e-23
  1.81643171e-23  7.45220698e-24 -7.30275892e-23  6.88201312e-23
  2.75222829e-23  1.60313529e-23]
Checking the noise that was generated in inject_signal ifo:
[ 4.77468306e-23  3.20518164e-23 -9.74490442e-23 -6.72003687e-23
 -5.43335647e-23  4.08794553e-23 -3.52169416e-23  1.17359192e-22
  5.24654195e-23 -7.09017204e-23]
[-9.27735351e-23 -3.74292210e-23  8.84003250e-24  1.61492196e-23
 -2.26595821e-23 -7.88478867e-23 -2.12566473e-23  8.72277606e-23
  1.04421304e-23  8.03536668e-23]
Checking the noise that was generated in inject_signal ifo:
[-4.21493280e-23 -8.68822774e-23  1.82907021e-22  7.46136320e-23
 -1.01628660e-22 -1.87759779e-23  4.47584135e-23  2.76582812e-23
 -9.82257252e-23  3.67369461e-23]
[ 4.48424515e-23 -3.96846788e-23 -8.81281949e-23 -3.12555402e-23
 -1.31560869e-22 -4.41722218e-23 -7.81646255e-24  1.93886841e-23
 -4.38979372e-23  1.80909505e-23]
Checking the noise that was generated in inject_signal ifo:
[-6.58566010e-23 -1.88155816e-22 -4.52656939e-23 -1.80642052e-23
  1.73755987e-22  5.34700700e-24 -1.54147469e-23 -2.75093708e-23
 -2.19481577e-23  1.32870562e-22]
[-7.30139920e-23  5.17625087e-23  7.50250738e-23  1.67407835e-23
  1.79082669e-23  1.51516617e-23  9.77709182e-23 -2.78974848e-23
 -4.26081948e-23  6.21397188e-23]
Checking the noise that was generated in inject_signal ifo:
[ 2.49173353e-23  8.38526056e-24  2.64764582e-23 -3.20810605e-23
 -4.44417388e-23 -7.26762965e-23 -1.57046131e-22 -5.28606303e-23
  6.19246724e-23  1.02094837e-23]
[-5.69694728e-23 -6.84542338e-23 -6.92698372e-24 -3.71943871e-23
  6.05053601e-23  9.58422007e-23  4.35367985e-24  2.22302239e-23
 -4.69879090e-23 -4.42081119e-23]
Checking the noise that was generated in inject_signal ifo:
[-2.70211777e-23 -6.84253963e-23 -3.66788494e-23 -5.71637029e-24
 -5.13767702e-23 -2.07636886e-23  3.78782253e-24  3.90706242e-23
 -1.40057041e-22 -3.32909216e-23]
[-1.88651515e-23  1.26290411e-23 -2.91014760e-23 -3.80877571e-23
  1.09155321e-23  1.24867092e-22 -5.36111676e-23  1.98226857e-23
 -3.01401635e-23  6.98772011e-23]
Checking the noise that was generated in inject_signal ifo:
[-3.86999781e-23 -6.29200845e-23  4.62712409e-23 -3.40371411e-23
  2.41845298e-23 -6.66624450e-23 -7.14142286e-24  2.58707823e-24
 -4.76432448e-23 -2.31569570e-23]
[-8.09978410e-24  2.81333408e-23 -4.84942852e-23 -2.14303128e-23
  1.81643171e-23  7.45220698e-24 -7.30275892e-23  6.88201312e-23
  2.75222829e-23  1.60313529e-23]
Checking the noise that was generated in inject_signal ifo:
[ 4.77468306e-23  3.20518164e-23 -9.74490442e-23 -6.72003687e-23
 -5.43335647e-23  4.08794553e-23 -3.52169416e-23  1.17359192e-22
  5.24654195e-23 -7.09017204e-23]
[-9.27735351e-23 -3.74292210e-23  8.84003250e-24  1.61492196e-23
 -2.26595821e-23 -7.88478867e-23 -2.12566473e-23  8.72277606e-23
  1.04421304e-23  8.03536668e-23]
Checking the noise that was generated in inject_signal ifo:
[-4.21493280e-23 -8.68822774e-23  1.82907021e-22  7.46136320e-23
 -1.01628660e-22 -1.87759779e-23  4.47584135e-23  2.76582812e-23
 -9.82257252e-23  3.67369461e-23]
[ 4.48424515e-23 -3.96846788e-23 -8.81281949e-23 -3.12555402e-23
 -1.31560869e-22 -4.41722218e-23 -7.81646255e-24  1.93886841e-23
 -4.38979372e-23  1.80909505e-23]
Checking the noise that was generated in inject_signal ifo:
[-6.58566010e-23 -1.88155816e-22 -4.52656939e-23 -1.80642052e-23
  1.73755987e-22  5.34700700e-24 -1.54147469e-23 -2.75093708e-23
 -2.19481577e-23  1.32870562e-22]
[-7.30139920e-23  5.17625087e-23  7.50250738e-23  1.67407835e-23
  1.79082669e-23  1.51516617e-23  9.77709182e-23 -2.78974848e-23
 -4.26081948e-23  6.21397188e-23]
Checking the noise that was generated in inject_signal ifo:
[ 4.77468306e-23  3.20518164e-23 -9.74490442e-23 -6.72003687e-23
 -5.43335647e-23  4.08794553e-23 -3.52169416e-23  1.17359192e-22
  5.24654195e-23 -7.09017204e-23]
[-9.27735351e-23 -3.74292210e-23  8.84003250e-24  1.61492196e-23
 -2.26595821e-23 -7.88478867e-23 -2.12566473e-23  8.72277606e-23
  1.04421304e-23  8.03536668e-23]
Checking the noise that was generated in inject_signal ifo:
[-4.21493280e-23 -8.68822774e-23  1.82907021e-22  7.46136320e-23
 -1.01628660e-22 -1.87759779e-23  4.47584135e-23  2.76582812e-23
 -9.82257252e-23  3.67369461e-23]
[ 4.48424515e-23 -3.96846788e-23 -8.81281949e-23 -3.12555402e-23
 -1.31560869e-22 -4.41722218e-23 -7.81646255e-24  1.93886841e-23
 -4.38979372e-23  1.80909505e-23]
Checking the noise that was generated in inject_signal ifo:
[-6.58566010e-23 -1.88155816e-22 -4.52656939e-23 -1.80642052e-23
  1.73755987e-22  5.34700700e-24 -1.54147469e-23 -2.75093708e-23
 -2.19481577e-23  1.32870562e-22]
[-7.30139920e-23  5.17625087e-23  7.50250738e-23  1.67407835e-23
  1.79082669e-23  1.51516617e-23  9.77709182e-23 -2.78974848e-23
 -4.26081948e-23  6.21397188e-23]
Checking the noise that was generated in inject_signal ifo:
[ 2.49173353e-23  8.38526056e-24  2.64764582e-23 -3.20810605e-23
 -4.44417388e-23 -7.26762965e-23 -1.57046131e-22 -5.28606303e-23
  6.19246724e-23  1.02094837e-23]
[-5.69694728e-23 -6.84542338e-23 -6.92698372e-24 -3.71943871e-23
  6.05053601e-23  9.58422007e-23  4.35367985e-24  2.22302239e-23
 -4.69879090e-23 -4.42081119e-23]
Checking the noise that was generated in inject_signal ifo:
[-2.70211777e-23 -6.84253963e-23 -3.66788494e-23 -5.71637029e-24
 -5.13767702e-23 -2.07636886e-23  3.78782253e-24  3.90706242e-23
 -1.40057041e-22 -3.32909216e-23]
[-1.88651515e-23  1.26290411e-23 -2.91014760e-23 -3.80877571e-23
  1.09155321e-23  1.24867092e-22 -5.36111676e-23  1.98226857e-23
 -3.01401635e-23  6.98772011e-23]
Checking the noise that was generated in inject_signal ifo:
[-3.86999781e-23 -6.29200845e-23  4.62712409e-23 -3.40371411e-23
  2.41845298e-23 -6.66624450e-23 -7.14142286e-24  2.58707823e-24
 -4.76432448e-23 -2.31569570e-23]
[-8.09978410e-24  2.81333408e-23 -4.84942852e-23 -2.14303128e-23
  1.81643171e-23  7.45220698e-24 -7.30275892e-23  6.88201312e-23
  2.75222829e-23  1.60313529e-23]
NOTE: we are given a reference waveform!
Initializing heterodyned likelihood..
Comparing against relative binning in bilby
Using 5941 bins for relative binning for epsilon 0.01
Time for binning scheme: 0.10819888114929199 seconds
Using provided reference parameters:
ref_params for relative binning:
{'mass_1_source': 1.8178312079627326, 'mass_2_source': 1.6094924002441724, 's1_z': 0.02757088982644032, 's2_z': -0.02063199301326828, 'cos_iota': -0.4479992674261237, 'd_L': 455.0493671627408, 't_c': 0.03694082678930469, 'phase_c': 3.614531835924073, 'psi': 0.9691909967158321, 'ra': 1.177801764837956, 'sin_dec': 0.05455983406555953, 'q': 0.8853915551642177, 'M_c': 1.6415707540295137, 'eta': 0.2490762166452985, 'iota': Array(2.03532254, dtype=float64, weak_type=True), 'dec': Array(0.05458694, dtype=float64, weak_type=True), 'lambda_1': 25.069925583980798, 'lambda_2': 67.09957921848006, 'H1_SNR': 6.7801179661395095, 'L1_SNR': 8.334284961391043, 'V1_SNR': 3.608389270218434, 'network_SNR': 11.333612776950877, 'epoch': 126.0, 'gmst': 2.7288901910520846, 'duration': 128.0}
Constructing reference waveforms. . .
Time for reference waveforms: 0.512178897857666 seconds
Time for h_sky_low and h_sky_center: 5.453227281570435 seconds
Going to compute the masks . . .
Time taken for f_index_array calculation is 0.6998987197875977
Going to compute coefficients . . .
Time for computing coefficients: 127.84534764289856 seconds
Time for computing coefficients: 7.404104232788086 seconds
Time for computing coefficients: 7.330420017242432 seconds
['M_c', 'eta', 's1_z', 's2_z', 'lambda_1', 'lambda_2', 'd_L', 'phase_c', 'iota', 't_c', 'psi', 'ra', 'dec']
INFO: Using MALA as local sampler
Setting up a single Gaussian distribution
No autotune found, use input sampler_params
Training normalizing flow
Tuning global sampler:   0%|          | 0/200 [00:00<?, ?it/s]Tuning global sampler:   0%|          | 1/200 [02:00<6:40:36, 120.79s/it]Tuning global sampler:   1%|          | 2/200 [02:05<2:53:01, 52.43s/it] Tuning global sampler:   2%|         | 3/200 [02:10<1:40:29, 30.61s/it]Tuning global sampler:   2%|         | 4/200 [02:15<1:07:35, 20.69s/it]Tuning global sampler:   2%|         | 5/200 [02:20<48:25, 14.90s/it]  Tuning global sampler:   3%|         | 6/200 [02:24<36:52, 11.41s/it]Tuning global sampler:   4%|         | 7/200 [02:29<29:28,  9.16s/it]Tuning global sampler:   4%|         | 8/200 [02:33<24:40,  7.71s/it]Tuning global sampler:   4%|         | 9/200 [02:38<21:24,  6.73s/it]Tuning global sampler:   5%|         | 10/200 [02:42<19:03,  6.02s/it]Tuning global sampler:   6%|         | 11/200 [02:47<17:35,  5.59s/it]Tuning global sampler:   6%|         | 12/200 [02:52<16:33,  5.28s/it]Tuning global sampler:   6%|         | 13/200 [02:56<15:48,  5.07s/it]Tuning global sampler:   7%|         | 14/200 [03:01<15:20,  4.95s/it]Tuning global sampler:   8%|         | 15/200 [03:05<14:58,  4.86s/it]Tuning global sampler:   8%|         | 16/200 [03:10<14:42,  4.80s/it]Tuning global sampler:   8%|         | 17/200 [03:15<14:30,  4.75s/it]Tuning global sampler:   9%|         | 18/200 [03:19<14:19,  4.72s/it]Tuning global sampler:  10%|         | 19/200 [03:25<15:00,  4.97s/it]Tuning global sampler:  10%|         | 20/200 [03:30<14:38,  4.88s/it]Tuning global sampler:  10%|         | 21/200 [03:34<14:20,  4.81s/it]Tuning global sampler:  11%|         | 22/200 [03:39<14:05,  4.75s/it]Tuning global sampler:  12%|        | 23/200 [03:44<13:54,  4.71s/it]Tuning global sampler:  12%|        | 24/200 [03:48<13:34,  4.63s/it]Tuning global sampler:  12%|        | 25/200 [03:52<13:18,  4.56s/it]Tuning global sampler:  13%|        | 26/200 [03:57<13:05,  4.52s/it]Tuning global sampler:  14%|        | 27/200 [04:01<12:55,  4.48s/it]Tuning global sampler:  14%|        | 28/200 [04:06<12:46,  4.46s/it]Tuning global sampler:  14%|        | 29/200 [04:10<12:39,  4.44s/it]Tuning global sampler:  15%|        | 30/200 [04:14<12:33,  4.43s/it]Tuning global sampler:  16%|        | 31/200 [04:19<12:27,  4.42s/it]Tuning global sampler:  16%|        | 32/200 [04:23<12:22,  4.42s/it]Tuning global sampler:  16%|        | 33/200 [04:28<12:15,  4.40s/it]Tuning global sampler:  17%|        | 34/200 [04:32<12:09,  4.39s/it]Tuning global sampler:  18%|        | 35/200 [04:36<12:05,  4.39s/it]Tuning global sampler:  18%|        | 36/200 [04:41<12:00,  4.40s/it]Tuning global sampler:  18%|        | 37/200 [04:45<11:57,  4.40s/it]Tuning global sampler:  19%|        | 38/200 [04:50<11:53,  4.40s/it]Tuning global sampler:  20%|        | 39/200 [04:55<12:36,  4.70s/it]Tuning global sampler:  20%|        | 40/200 [04:59<12:18,  4.61s/it]Tuning global sampler:  20%|        | 41/200 [05:04<12:04,  4.56s/it]Tuning global sampler:  21%|        | 42/200 [05:08<11:52,  4.51s/it]Tuning global sampler:  22%|       | 43/200 [05:13<11:43,  4.48s/it]Tuning global sampler:  22%|       | 44/200 [05:17<11:33,  4.45s/it]Tuning global sampler:  22%|       | 45/200 [05:21<11:25,  4.42s/it]Tuning global sampler:  23%|       | 46/200 [05:26<11:19,  4.41s/it]Tuning global sampler:  24%|       | 47/200 [05:30<11:14,  4.41s/it]Tuning global sampler:  24%|       | 48/200 [05:34<11:08,  4.40s/it]Tuning global sampler:  24%|       | 49/200 [05:39<11:05,  4.40s/it]Tuning global sampler:  25%|       | 50/200 [05:43<11:00,  4.40s/it]Tuning global sampler:  26%|       | 51/200 [05:48<10:55,  4.40s/it]