Tue Apr  1 15:34:29 CEST 2025
NVIDIA H100
/gpfs/home6/twouters2/ninjax_dev/jim/src/jimgw/prior.py:94: UserWarning: As of jaxtyping version 0.2.24, jaxtyping now prefers the syntax
```
from jaxtyping import jaxtyped
# Use your favourite typechecker: usually one of the two lines below.
from typeguard import typechecked as typechecker
from beartype import beartype as typechecker

@jaxtyped(typechecker=typechecker)
def foo(...):
```
and the old double-decorator syntax
```
@jaxtyped
@typechecker
def foo(...):
```
should no longer be used. (It will continue to work as it did before, but the new approach will produce more readable error messages.)
In particular note that `typechecker` must be passed via keyword argument; the following is not valid:
```
@jaxtyped(typechecker)
def foo(...):
```

  class Uniform(Prior):
/gpfs/home6/twouters2/ninjax_dev/jim/src/jimgw/prior.py:149: UserWarning: As of jaxtyping version 0.2.24, jaxtyping now prefers the syntax
```
from jaxtyping import jaxtyped
# Use your favourite typechecker: usually one of the two lines below.
from typeguard import typechecked as typechecker
from beartype import beartype as typechecker

@jaxtyped(typechecker=typechecker)
def foo(...):
```
and the old double-decorator syntax
```
@jaxtyped
@typechecker
def foo(...):
```
should no longer be used. (It will continue to work as it did before, but the new approach will produce more readable error messages.)
In particular note that `typechecker` must be passed via keyword argument; the following is not valid:
```
@jaxtyped(typechecker)
def foo(...):
```

  class Unconstrained_Uniform(Prior):
/gpfs/home6/twouters2/ninjax_dev/jim/src/jimgw/prior.py:263: UserWarning: As of jaxtyping version 0.2.24, jaxtyping now prefers the syntax
```
from jaxtyping import jaxtyped
# Use your favourite typechecker: usually one of the two lines below.
from typeguard import typechecked as typechecker
from beartype import beartype as typechecker

@jaxtyped(typechecker=typechecker)
def foo(...):
```
and the old double-decorator syntax
```
@jaxtyped
@typechecker
def foo(...):
```
should no longer be used. (It will continue to work as it did before, but the new approach will produce more readable error messages.)
In particular note that `typechecker` must be passed via keyword argument; the following is not valid:
```
@jaxtyped(typechecker)
def foo(...):
```

  class AlignedSpin(Prior):
/gpfs/home6/twouters2/ninjax_dev/jim/src/jimgw/prior.py:377: UserWarning: As of jaxtyping version 0.2.24, jaxtyping now prefers the syntax
```
from jaxtyping import jaxtyped
# Use your favourite typechecker: usually one of the two lines below.
from typeguard import typechecked as typechecker
from beartype import beartype as typechecker

@jaxtyped(typechecker=typechecker)
def foo(...):
```
and the old double-decorator syntax
```
@jaxtyped
@typechecker
def foo(...):
```
should no longer be used. (It will continue to work as it did before, but the new approach will produce more readable error messages.)
In particular note that `typechecker` must be passed via keyword argument; the following is not valid:
```
@jaxtyped(typechecker)
def foo(...):
```

  class PowerLaw(Prior):
/gpfs/home6/twouters2/ninjax_dev/jim/src/jimgw/single_event/detector.py:496: UserWarning: As of jaxtyping version 0.2.24, jaxtyping now prefers the syntax
```
from jaxtyping import jaxtyped
# Use your favourite typechecker: usually one of the two lines below.
from typeguard import typechecked as typechecker
from beartype import beartype as typechecker

@jaxtyped(typechecker=typechecker)
def foo(...):
```
and the old double-decorator syntax
```
@jaxtyped
@typechecker
def foo(...):
```
should no longer be used. (It will continue to work as it did before, but the new approach will produce more readable error messages.)
In particular note that `typechecker` must be passed via keyword argument; the following is not valid:
```
@jaxtyped(typechecker)
def foo(...):
```

  def load_psd(
15:34 ninjax INFO    : Checking and setting outdir
15:34 ninjax INFO    : Found generation prior file ./Aplus/injection_24/generation_prior.prior
15:34 ninjax INFO    : The outdir is set to ./Aplus/injection_24
15:34 ninjax INFO    : Loading the given config
15:34 ninjax WARNING : Unrecognized keys given: {'n_max_examples', 'generation_seed'}. These will be ignored
15:34 ninjax INFO    : Arguments loaded into the config: {'likelihood': 'HeterodynedTransientLikelihoodFD', 'gw_injection': 'True', 'gw_load_existing_injection': 'False', 'gw_dump_injection_data': 'False', 'gw_SNR_threshold_low': '30.0', 'gw_SNR_threshold_high': '100', 'waveform_approximant': 'IMRPhenomD_NRTidalv2', 'waveform_approximant_1': 'None', 'waveform_approximant_2': 'None', 'gw_overlapping_tight_priors': 'False', 'ifos': 'H1,L1,V1', 'eos_file': '/home/twouters2/projects/projection_BNS_A_plus/src/projection_BNS/data/MPA1.npz', 'fmin': '20.0', 'fref': '20.0', 'fmax': '2048.0', 'duration': 'None', 'post_trigger_duration': '2.0', 'trigger_time': '1187008882.4', 'psd_file_H1': '/home/twouters2/projects/projection_BNS_A_plus/src/projection_BNS/data/AplusDesign_PSD.txt', 'psd_file_L1': '/home/twouters2/projects/projection_BNS_A_plus/src/projection_BNS/data/AplusDesign_PSD.txt', 'psd_file_V1': '/home/twouters2/projects/projection_BNS_A_plus/src/projection_BNS/data/avirgo_O5high_NEW_PSD.txt', 'psd_file_ET1': '/home/twouters2/psds/ET_D_psd.txt', 'psd_file_ET2': '/home/twouters2/psds/ET_D_psd.txt', 'psd_file_ET3': '/home/twouters2/psds/ET_D_psd.txt', 'psd_file_CE': '/home/twouters2/psds/CE_psd.txt', 'data_file_H1': 'None', 'data_file_L1': 'None', 'data_file_V1': 'None', 'data_file_ET1': 'None', 'data_file_ET2': 'None', 'data_file_ET3': 'None', 'relative_binning_binsize': '1000', 'relative_binning_ref_params_equal_true_params': 'True', 'relative_binning_ref_params': 'None', 'transforms': 'q_to_eta,cos_iota_to_iota,sin_dec_to_dec', 'gw_kwargs': 'None', 'filters': 'None', 'tmin': '0.05', 'tmax': '15.0', 'em_injection': 'False', 'em_trigger_time': '0.0', 'em_data_path': 'None', 'KN_model_name': 'None', 'KN_class_name': 'None', 'KN_model_dir': 'None', 'GRB_model_name': 'None', 'GRB_class_name': 'None', 'GRB_model_dir': 'None', 'detection_limit': 'None', 'n_loop_training': '200', 'n_loop_production': '10', 'n_local_steps': '100', 'n_global_steps': '1_000', 'n_epochs': '25', 'n_chains': '1_000', 'learning_rate': '0.001', 'max_samples': '50000', 'momentum': '0.9', 'batch_size': '30000', 'use_global': 'True', 'keep_quantile': '0.0', 'train_thinning': '10', 'output_thinning': '50', 'n_sample_max': '10000', 'verbose': 'False', 'save_training_chains': 'False', 'eps_mass_matrix': '1e-5', 'use_scheduler': 'True', 'use_temperature': 'False', 'which_temperature_schedule': 'exponential', 'starting_temperature': '2.0', 'stop_tempering_iteration': '75', 'stopping_criterion_global_acc': '0.10', 'stopping_criterion_loss': '-inf', 'seed': '123', 'sampling_seed': '123', 'injection_generation_seed': 'None', 'num_layers': '10', 'hidden_size': '128,128', 'num_bins': '8', 'nf_model_kwargs': 'None', 'run_sampler': 'True', 'keys_to_plot': 'M_c, q, s1_z, s2_z, lambda_1, lambda_2, d_L, t_c, phase_c, iota, psi, ra, dec'}
15:34 ninjax INFO    : Complete config file written to /gpfs/home6/twouters2/projects/projection_BNS_A_plus/src/projection_BNS/GW/MPA1/Aplus/injection_24/complete_config.json
15:34 ninjax INFO    : No injection_generation_seed specified. Generating a random injection_generation_seed: 546531
15:34 ninjax INFO    : Loading the priors
15:34 ninjax INFO    : Setting up the prior
15:34 ninjax INFO    :    Mc_prior = Uniform(0.98, 2.6, naming=["M_c"])
15:34 ninjax INFO    :    q_prior = Uniform(0.125, 1.0, naming=["q"])
15:34 ninjax INFO    :    s1_z_prior = Uniform(-0.05, 0.05, naming=["s1_z"])
15:34 ninjax INFO    :    s2_z_prior = Uniform(-0.05, 0.05, naming=["s2_z"])
15:34 ninjax INFO    :    lambda1_prior = Uniform(0.0, 5000.0, naming=["lambda_1"])
15:34 ninjax INFO    :    lambda2_prior = Uniform(0.0, 5000.0, naming=["lambda_2"])
15:34 ninjax INFO    :    cos_iota_prior = Uniform(-1.0, 1.0, naming=["cos_iota"])
15:34 ninjax INFO    :    dL_prior = PowerLaw(10.0, 1000.0, 2.0, naming=["d_L"])
15:34 ninjax INFO    :    t_c_prior = Uniform(-0.1, 0.1, naming=["t_c"])
15:34 ninjax INFO    :    phase_c_prior = Uniform(0.0, 2 * jnp.pi, naming=["phase_c"])
15:34 ninjax INFO    :    psi_prior = Uniform(0.0, jnp.pi, naming=["psi"])
15:34 ninjax INFO    :    ra_prior = Uniform(0.0, 2 * jnp.pi, naming=["ra"])
15:34 ninjax INFO    :    sin_dec_prior = Uniform(-1.0, 1.0, naming=["sin_dec"])
15:34 ninjax INFO    : Setting up the generation prior
15:34 ninjax INFO    :    mass_1_source_prior = Uniform(1.0, 2.468645554845655, naming=["mass_1_source"])
15:34 ninjax INFO    :    mass_2_source_prior = Uniform(1.0, 2.468645554845655, naming=["mass_2_source"])
15:34 ninjax INFO    :    s1_z_prior = Uniform(-0.05, 0.05, naming=["s1_z"])
15:34 ninjax INFO    :    s2_z_prior = Uniform(-0.05, 0.05, naming=["s2_z"])
15:34 ninjax INFO    :    cos_iota_prior = Uniform(-1.0, 1.0, naming=["cos_iota"])
15:34 ninjax INFO    :    dL_prior = PowerLaw(10.0, 460.0, 2.0, naming=["d_L"])
15:34 ninjax INFO    :    t_c_prior = Uniform(-0.1, 0.1, naming=["t_c"])
15:34 ninjax INFO    :    phase_c_prior = Uniform(0.0, 2 * jnp.pi, naming=["phase_c"])
15:34 ninjax INFO    :    psi_prior = Uniform(0.0, jnp.pi, naming=["psi"])
15:34 ninjax INFO    :    ra_prior = Uniform(0.0, 2 * jnp.pi, naming=["ra"])
15:34 ninjax INFO    :    sin_dec_prior = Uniform(-1.0, 1.0, naming=["sin_dec"])
15:34 ninjax INFO    : Finished prior setup
15:34 ninjax INFO    : Setting the transforms
15:34 ninjax INFO    : Raw transforms list is q_to_eta,cos_iota_to_iota,sin_dec_to_dec
15:34 ninjax INFO    : transforms_str_list has 3 elements
15:34 ninjax INFO    : DEBUG: Checking that all_transforms is OK: the list is ['binary_Love', 'binary_love_fit', 'cos_iota1_to_iota1', 'cos_iota2_to_iota2', 'cos_iota_to_iota', 'log_lambda_to_lambda', 'm1_m2_to_Mc_q', 'q1_to_eta1', 'q2_to_eta2', 'q_to_eta', 'sin_dec1_to_dec1', 'sin_dec2_to_dec2', 'sin_dec_to_dec', 'spin_sphere_to_cartesian_s1', 'spin_sphere_to_cartesian_s2', 'swap_lambdas_eos', 't_c_dt_to_tcs']
15:34 ninjax INFO    : Setting the likelihood
15:34 ninjax INFO    : GW likelihood provided, setting up the GW pipe
15:34 ninjax INFO    : eos_file is /home/twouters2/projects/projection_BNS_A_plus/src/projection_BNS/data/MPA1.npz
15:34 ninjax INFO    : Using eos_file /home/twouters2/projects/projection_BNS_A_plus/src/projection_BNS/data/MPA1.npz for BNS injections
15:34 ninjax INFO    : Note: No specific waveform approximant 1 so defaulting to IMRPhenomD_NRTidalv2
15:34 ninjax INFO    : self.is_BNS_run is True
15:34 ninjax INFO    : Using IMRPhenomD_NRTidalv2 waveform. Therefore, we will use no taper as the reference waveform for the likelihood if relative binning is used
15:34 ninjax INFO    : GW run is an injection
15:34 ninjax INFO    : Setting up GW injection . . . 
15:34 ninjax INFO    : The SNR thresholds are: 30.0 - 100.0
15:34 ninjax INFO    : Generating new injection
15:34 ninjax INFO    : Sanity check: generated parameters:
15:34 ninjax INFO    : {'mass_1_source': 1.1754272754834736, 'mass_2_source': 1.5404532188436062, 's1_z': -0.04430994074104753, 's2_z': -0.03931514956480345, 'cos_iota': 0.8420225182968348, 'd_L': 310.6722400656994, 't_c': 0.009592742108289892, 'phase_c': 4.036702005414784, 'psi': 2.116350576134411, 'ra': 5.804367707781108, 'sin_dec': -0.24486706996436247}
15:34 ninjax INFO    : Computing lambdas from EOS file /home/twouters2/projects/projection_BNS_A_plus/src/projection_BNS/data/MPA1.npz . . . 
15:34 ninjax INFO    : Injected lambda_1: 290.8237270889195
15:34 ninjax INFO    : Injected lambda_2: 1353.2255466411364
15:34 ninjax INFO    : Duration is not specified in the config. Computed chirp time: for fmin = 20.0 and M_c = 1.2513785747489927 is 256.0
15:34 ninjax INFO    : After transforms, the injection parameters are:
15:34 ninjax INFO    : {'mass_1_source': 1.5404532188436062, 'mass_2_source': 1.1754272754834736, 's1_z': -0.04430994074104753, 's2_z': -0.03931514956480345, 'cos_iota': 0.8420225182968348, 'd_L': 310.6722400656994, 't_c': 0.009592742108289892, 'phase_c': 4.036702005414784, 'psi': 2.116350576134411, 'ra': 5.804367707781108, 'sin_dec': -0.24486706996436247, 'q': 0.7630399035199836, 'M_c': 1.2513785747489927, 'eta': 0.24548387285069592, 'iota': Array(0.56977473, dtype=float64, weak_type=True), 'dec': Array(-0.24738259, dtype=float64, weak_type=True), 'lambda_1': 290.8237270889195, 'lambda_2': 1353.2255466411364}
15:34 ninjax INFO    : The trial injection parameters are {'M_c': 1.2513785747489927, 'eta': 0.24548387285069592, 's1_z': -0.04430994074104753, 's2_z': -0.03931514956480345, 'lambda_1': 290.8237270889195, 'lambda_2': 1353.2255466411364, 'd_L': 310.6722400656994, 'phase_c': 4.036702005414784, 'iota': 0.5697747270603525, 't_c': 0.009592742108289892, 'psi': 2.116350576134411, 'ra': 5.804367707781108, 'dec': -0.24738258622225776}
15:34 ninjax INFO    : Injecting signals . . .
15:35 ninjax INFO    : self.ifos
15:35 ninjax INFO    : [GroundBased2G(H1), GroundBased2G(L1), GroundBased2G(V1)]
15:35 ninjax INFO    : Signal injected in ifo H1. Frequencies, data, and PSD:
15:35 ninjax INFO    : [  20.           20.00390625   20.0078125  ... 2047.98828125
 2047.9921875  2047.99609375]
15:35 ninjax INFO    : [-3.19631610e-23-1.17817627e-23j  7.35405575e-23-3.09099858e-23j
  5.27227895e-24+1.68784804e-22j ...
  2.25422483e-23-6.55111347e-24j  1.46120288e-23+4.92797357e-23j
  5.10662865e-23-3.46449217e-24j]
15:35 ninjax INFO    : [1.44906511e-46 1.44785671e-46 1.44667215e-46 ... 2.17778216e-47
 2.17778992e-47 2.17779767e-47]
15:35 ninjax INFO    : Signal injected in ifo L1. Frequencies, data, and PSD:
15:35 ninjax INFO    : [  20.           20.00390625   20.0078125  ... 2047.98828125
 2047.9921875  2047.99609375]
15:35 ninjax INFO    : [-6.27694126e-23-2.61030462e-23j  4.37698038e-23-1.55728133e-23j
 -1.45998459e-22+1.64521903e-23j ...
 -2.53741207e-23-4.32953499e-23j -2.41682042e-23-3.21319862e-23j
  7.93567389e-23-3.19354114e-24j]
15:35 ninjax INFO    : [1.44906511e-46 1.44785671e-46 1.44667215e-46 ... 2.17778216e-47
 2.17778992e-47 2.17779767e-47]
15:35 ninjax INFO    : Signal injected in ifo V1. Frequencies, data, and PSD:
15:35 ninjax INFO    : [  20.           20.00390625   20.0078125  ... 2047.98828125
 2047.9921875  2047.99609375]
15:35 ninjax INFO    : [-5.67470309e-23-4.17108825e-23j  5.94450703e-23+2.58562936e-23j
 -3.60448656e-23-4.95146975e-23j ...
 -2.60527474e-23+4.89183385e-23j  3.97766966e-23+4.60130803e-23j
 -4.17488685e-23+1.29686330e-22j]
15:35 ninjax INFO    : [1.43183556e-46 1.43058540e-46 1.42935095e-46 ... 6.39793039e-47
 6.39795354e-47 6.39797668e-47]
15:35 ninjax INFO    : SNR for ifo H1 is 8.24969346324339
15:35 ninjax INFO    : SNR for ifo L1 is 8.350891179073514
15:35 ninjax INFO    : SNR for ifo V1 is 11.25861727271874
15:35 ninjax INFO    : The network SNR is 16.265032696424846
15:35 ninjax INFO    : The network SNR does not pass the threshold, trying again
15:35 ninjax INFO    : Generating new injection
15:35 ninjax INFO    : Sanity check: generated parameters:
15:35 ninjax INFO    : {'mass_1_source': 2.019927225056164, 'mass_2_source': 1.900404363107212, 's1_z': 0.01345109957622799, 's2_z': -0.04205418726842554, 'cos_iota': 0.3595744986050975, 'd_L': 318.54786788741967, 't_c': -0.08859911719100762, 'phase_c': 5.402190080175391, 'psi': 1.8537728762078587, 'ra': 5.122812241263053, 'sin_dec': 0.13452775716966547}
15:35 ninjax INFO    : Computing lambdas from EOS file /home/twouters2/projects/projection_BNS_A_plus/src/projection_BNS/data/MPA1.npz . . . 
15:35 ninjax INFO    : Injected lambda_1: 45.21481520105614
15:35 ninjax INFO    : Injected lambda_2: 72.24142514835772
15:35 ninjax INFO    : Duration is not specified in the config. Computed chirp time: for fmin = 20.0 and M_c = 1.8282278395364462 is 128.0
15:35 ninjax INFO    : After transforms, the injection parameters are:
15:35 ninjax INFO    : {'mass_1_source': 2.019927225056164, 'mass_2_source': 1.900404363107212, 's1_z': 0.01345109957622799, 's2_z': -0.04205418726842554, 'cos_iota': 0.3595744986050975, 'd_L': 318.54786788741967, 't_c': -0.08859911719100762, 'phase_c': 5.402190080175391, 'psi': 1.8537728762078587, 'ra': 5.122812241263053, 'sin_dec': 0.13452775716966547, 'q': 0.9408281345652794, 'M_c': 1.8282278395364462, 'eta': 0.24976762127089464, 'iota': Array(1.20298447, dtype=float64, weak_type=True), 'dec': Array(0.13493687, dtype=float64, weak_type=True), 'lambda_1': 45.21481520105614, 'lambda_2': 72.24142514835772}
15:35 ninjax INFO    : The trial injection parameters are {'M_c': 1.8282278395364462, 'eta': 0.24976762127089464, 's1_z': 0.01345109957622799, 's2_z': -0.04205418726842554, 'lambda_1': 45.21481520105614, 'lambda_2': 72.24142514835772, 'd_L': 318.54786788741967, 'phase_c': 5.402190080175391, 'iota': 1.2029844737936406, 't_c': -0.08859911719100762, 'psi': 1.8537728762078587, 'ra': 5.122812241263053, 'dec': 0.13493687205014868}
15:35 ninjax INFO    : Injecting signals . . .
15:35 ninjax INFO    : self.ifos
15:35 ninjax INFO    : [GroundBased2G(H1), GroundBased2G(L1), GroundBased2G(V1)]
15:35 ninjax INFO    : Signal injected in ifo H1. Frequencies, data, and PSD:
15:35 ninjax INFO    : [  20.          20.0078125   20.015625  ... 2047.9765625
 2047.984375  2047.9921875]
15:35 ninjax INFO    : [-6.68203044e-23-3.93768324e-23j -8.07340406e-23-4.88736757e-23j
 -3.89571259e-23+2.57067057e-23j ...
  5.39367890e-24+2.45852763e-24j  1.84035895e-23-8.43360099e-24j
  3.40776778e-24+7.18100731e-24j]
15:35 ninjax INFO    : [1.44906511e-46 1.44667215e-46 1.44435812e-46 ... 2.17775889e-47
 2.17777440e-47 2.17778992e-47]
15:35 ninjax INFO    : Signal injected in ifo L1. Frequencies, data, and PSD:
15:35 ninjax INFO    : [  20.          20.0078125   20.015625  ... 2047.9765625
 2047.984375  2047.9921875]
15:35 ninjax INFO    : [ 2.33508215e-23-8.24210475e-23j -4.86231330e-23+3.76109696e-23j
  1.33888691e-23+5.92374151e-23j ...
  1.86593582e-23-1.84997804e-23j  2.38125462e-24+2.92685133e-23j
 -6.77581626e-24-1.27952512e-23j]
15:35 ninjax INFO    : [1.44906511e-46 1.44667215e-46 1.44435812e-46 ... 2.17775889e-47
 2.17777440e-47 2.17778992e-47]
15:35 ninjax INFO    : Signal injected in ifo V1. Frequencies, data, and PSD:
15:35 ninjax INFO    : [  20.          20.0078125   20.015625  ... 2047.9765625
 2047.984375  2047.9921875]
15:35 ninjax INFO    : [-2.75619968e-23-4.10375027e-24j -2.51483992e-23+2.07829832e-23j
 -4.51522518e-23+3.04109540e-23j ...
  2.68056034e-23+9.93665113e-24j  5.52017792e-23-5.32590028e-24j
 -2.70088998e-23-1.64150044e-23j]
15:35 ninjax INFO    : [1.43183556e-46 1.42935095e-46 1.42688205e-46 ... 6.39786094e-47
 6.39790724e-47 6.39795354e-47]
15:35 ninjax INFO    : SNR for ifo H1 is 1.7094386313299585
15:35 ninjax INFO    : SNR for ifo L1 is 7.313524986516961
15:35 ninjax INFO    : SNR for ifo V1 is 3.54597277030592
15:35 ninjax INFO    : The network SNR is 8.305645733502134
15:35 ninjax INFO    : The network SNR does not pass the threshold, trying again
15:35 ninjax INFO    : Generating new injection
15:35 ninjax INFO    : Sanity check: generated parameters:
15:35 ninjax INFO    : {'mass_1_source': 1.6402504899967731, 'mass_2_source': 1.588299893876806, 's1_z': 0.026655931985638717, 's2_z': -0.022049545114616875, 'cos_iota': -0.7991714260495244, 'd_L': 369.4975899680798, 't_c': 0.002341120526417703, 'phase_c': 5.562680887950712, 'psi': 2.3427952267797063, 'ra': 0.8970891689011279, 'sin_dec': -0.8988982571433124}
15:35 ninjax INFO    : Computing lambdas from EOS file /home/twouters2/projects/projection_BNS_A_plus/src/projection_BNS/data/MPA1.npz . . . 
15:35 ninjax INFO    : Injected lambda_1: 196.75312612783543
15:35 ninjax INFO    : Injected lambda_2: 240.91048073572045
15:35 ninjax INFO    : Duration is not specified in the config. Computed chirp time: for fmin = 20.0 and M_c = 1.5224012427785842 is 128.0
15:35 ninjax INFO    : After transforms, the injection parameters are:
15:35 ninjax INFO    : {'mass_1_source': 1.6402504899967731, 'mass_2_source': 1.588299893876806, 's1_z': 0.026655931985638717, 's2_z': -0.022049545114616875, 'cos_iota': -0.7991714260495244, 'd_L': 369.4975899680798, 't_c': 0.002341120526417703, 'phase_c': 5.562680887950712, 'psi': 2.3427952267797063, 'ra': 0.8970891689011279, 'sin_dec': -0.8988982571433124, 'q': 0.9683276448098672, 'M_c': 1.5224012427785842, 'eta': 0.24993526994995238, 'iota': Array(2.49671186, dtype=float64, weak_type=True), 'dec': Array(-1.1172485, dtype=float64, weak_type=True), 'lambda_1': 196.75312612783543, 'lambda_2': 240.91048073572045}
15:35 ninjax INFO    : The trial injection parameters are {'M_c': 1.5224012427785842, 'eta': 0.24993526994995238, 's1_z': 0.026655931985638717, 's2_z': -0.022049545114616875, 'lambda_1': 196.75312612783543, 'lambda_2': 240.91048073572045, 'd_L': 369.4975899680798, 'phase_c': 5.562680887950712, 'iota': 2.4967118568004443, 't_c': 0.002341120526417703, 'psi': 2.3427952267797063, 'ra': 0.8970891689011279, 'dec': -1.1172485021035847}
15:35 ninjax INFO    : Injecting signals . . .
15:35 ninjax INFO    : self.ifos
15:35 ninjax INFO    : [GroundBased2G(H1), GroundBased2G(L1), GroundBased2G(V1)]
15:35 ninjax INFO    : Signal injected in ifo H1. Frequencies, data, and PSD:
15:35 ninjax INFO    : [  20.          20.0078125   20.015625  ... 2047.9765625
 2047.984375  2047.9921875]
15:35 ninjax INFO    : [-6.86508096e-23-3.79812535e-23j -8.21376239e-23-4.62865466e-23j
 -3.74191209e-23+2.91932997e-23j ...
  5.39308282e-24+2.45559092e-24j  1.84032947e-23-8.43658485e-24j
  3.40777757e-24+7.17800714e-24j]
15:35 ninjax INFO    : [1.44906511e-46 1.44667215e-46 1.44435812e-46 ... 2.17775889e-47
 2.17777440e-47 2.17778992e-47]
15:35 ninjax INFO    : Signal injected in ifo L1. Frequencies, data, and PSD:
15:35 ninjax INFO    : [  20.          20.0078125   20.015625  ... 2047.9765625
 2047.984375  2047.9921875]
15:35 ninjax INFO    : [ 2.44476708e-23-7.85139666e-23j -4.30078914e-23+3.58898930e-23j
  1.19357301e-23+5.45526782e-23j ...
  1.86708650e-23-1.85004264e-23j  2.39276748e-24+2.92690409e-23j
 -6.76441678e-24-1.27935553e-23j]
15:35 ninjax INFO    : [1.44906511e-46 1.44667215e-46 1.44435812e-46 ... 2.17775889e-47
 2.17777440e-47 2.17778992e-47]
15:35 ninjax INFO    : Signal injected in ifo V1. Frequencies, data, and PSD:
15:35 ninjax INFO    : [  20.          20.0078125   20.015625  ... 2047.9765625
 2047.984375  2047.9921875]
15:35 ninjax INFO    : [-2.55913997e-23-1.05812356e-23j -3.06609846e-23+1.54564538e-23j
 -5.06911439e-23+3.19370186e-23j ...
  2.68104815e-23+9.93105140e-24j  5.52072037e-23-5.33097837e-24j
 -2.70029845e-23-1.64195078e-23j]
15:35 ninjax INFO    : [1.43183556e-46 1.42935095e-46 1.42688205e-46 ... 6.39786094e-47
 6.39790724e-47 6.39795354e-47]
15:35 ninjax INFO    : SNR for ifo H1 is 6.659268525575613
15:35 ninjax INFO    : SNR for ifo L1 is 5.427778008543423
15:35 ninjax INFO    : SNR for ifo V1 is 9.597308712166413
15:35 ninjax INFO    : The network SNR is 12.880798341809989
15:35 ninjax INFO    : The network SNR does not pass the threshold, trying again
15:35 ninjax INFO    : Generating new injection
15:35 ninjax INFO    : Sanity check: generated parameters:
15:35 ninjax INFO    : {'mass_1_source': 2.4588088754849355, 'mass_2_source': 1.0798326922890809, 's1_z': 0.019217660212929005, 's2_z': -0.01657379940031347, 'cos_iota': 0.6942737258405929, 'd_L': 447.7376708471435, 't_c': 0.07091829627825255, 'phase_c': 3.8101578744752667, 'psi': 2.611521251748828, 'ra': 4.725907507451683, 'sin_dec': -0.8299385508591213}
15:35 ninjax INFO    : Computing lambdas from EOS file /home/twouters2/projects/projection_BNS_A_plus/src/projection_BNS/data/MPA1.npz . . . 
15:35 ninjax INFO    : Injected lambda_1: 4.221072509553438
15:35 ninjax INFO    : Injected lambda_2: 2117.4883058187115
15:35 ninjax INFO    : Duration is not specified in the config. Computed chirp time: for fmin = 20.0 and M_c = 1.5365102769855656 is 128.0
15:35 ninjax INFO    : After transforms, the injection parameters are:
15:35 ninjax INFO    : {'mass_1_source': 2.4588088754849355, 'mass_2_source': 1.0798326922890809, 's1_z': 0.019217660212929005, 's2_z': -0.01657379940031347, 'cos_iota': 0.6942737258405929, 'd_L': 447.7376708471435, 't_c': 0.07091829627825255, 'phase_c': 3.8101578744752667, 'psi': 2.611521251748828, 'ra': 4.725907507451683, 'sin_dec': -0.8299385508591213, 'q': 0.43916902328413476, 'M_c': 1.5365102769855656, 'eta': 0.21203526350587082, 'iota': Array(0.80338604, dtype=float64, weak_type=True), 'dec': Array(-0.97899752, dtype=float64, weak_type=True), 'lambda_1': 4.221072509553438, 'lambda_2': 2117.4883058187115}
15:35 ninjax INFO    : The trial injection parameters are {'M_c': 1.5365102769855656, 'eta': 0.21203526350587082, 's1_z': 0.019217660212929005, 's2_z': -0.01657379940031347, 'lambda_1': 4.221072509553438, 'lambda_2': 2117.4883058187115, 'd_L': 447.7376708471435, 'phase_c': 3.8101578744752667, 'iota': 0.8033860369011054, 't_c': 0.07091829627825255, 'psi': 2.611521251748828, 'ra': 4.725907507451683, 'dec': -0.978997522773376}
15:35 ninjax INFO    : Injecting signals . . .
15:35 ninjax INFO    : self.ifos
15:35 ninjax INFO    : [GroundBased2G(H1), GroundBased2G(L1), GroundBased2G(V1)]
15:35 ninjax INFO    : Signal injected in ifo H1. Frequencies, data, and PSD:
15:35 ninjax INFO    : [  20.          20.0078125   20.015625  ... 2047.9765625
 2047.984375  2047.9921875]
15:35 ninjax INFO    : [-6.40836055e-23-4.37689539e-23j -8.30439278e-23-5.35059728e-23j
 -4.31355362e-23+2.48738891e-23j ...
  5.39276234e-24+2.45611913e-24j  1.84029243e-23-8.43609062e-24j
  3.40736080e-24+7.17846270e-24j]
15:35 ninjax INFO    : [1.44906511e-46 1.44667215e-46 1.44435812e-46 ... 2.17775889e-47
 2.17777440e-47 2.17778992e-47]
15:35 ninjax INFO    : Signal injected in ifo L1. Frequencies, data, and PSD:
15:35 ninjax INFO    : [  20.          20.0078125   20.015625  ... 2047.9765625
 2047.984375  2047.9921875]
15:35 ninjax INFO    : [ 2.14696861e-23-7.47865912e-23j -4.23751214e-23+4.03939431e-23j
  1.54802294e-23+5.70238532e-23j ...
  1.86703625e-23-1.85004590e-23j  2.39227072e-24+2.92689593e-23j
 -6.76490301e-24-1.27936851e-23j]
15:35 ninjax INFO    : [1.44906511e-46 1.44667215e-46 1.44435812e-46 ... 2.17775889e-47
 2.17777440e-47 2.17778992e-47]
15:35 ninjax INFO    : Signal injected in ifo V1. Frequencies, data, and PSD:
15:35 ninjax INFO    : [  20.          20.0078125   20.015625  ... 2047.9765625
 2047.984375  2047.9921875]
15:35 ninjax INFO    : [-2.85652995e-23-7.33998781e-24j -3.06484787e-23+2.01979549e-23j
 -4.71970586e-23+3.56240755e-23j ...
  2.68093527e-23+9.93100495e-24j  5.52060851e-23-5.33113432e-24j
 -2.70040822e-23-1.64197717e-23j]
15:35 ninjax INFO    : [1.43183556e-46 1.42935095e-46 1.42688205e-46 ... 6.39786094e-47
 6.39790724e-47 6.39795354e-47]
15:35 ninjax INFO    : SNR for ifo H1 is 9.727384144178373
15:35 ninjax INFO    : SNR for ifo L1 is 9.72868692764726
15:35 ninjax INFO    : SNR for ifo V1 is 6.398714065327227
15:35 ninjax INFO    : The network SNR is 15.172768149365625
15:35 ninjax INFO    : The network SNR does not pass the threshold, trying again
15:35 ninjax INFO    : Generating new injection
15:35 ninjax INFO    : Sanity check: generated parameters:
15:35 ninjax INFO    : {'mass_1_source': 1.3868869827412584, 'mass_2_source': 1.0990012437947485, 's1_z': -0.045253122331355346, 's2_z': -0.013152527414225589, 'cos_iota': 0.42361650329054124, 'd_L': 363.96526790972274, 't_c': -0.017693415548249547, 'phase_c': 2.8930937287368748, 'psi': 1.5295985745236542, 'ra': 0.25808991948240223, 'sin_dec': 0.30959079300719194}
15:35 ninjax INFO    : Computing lambdas from EOS file /home/twouters2/projects/projection_BNS_A_plus/src/projection_BNS/data/MPA1.npz . . . 
15:35 ninjax INFO    : Injected lambda_1: 541.1111364403409
15:35 ninjax INFO    : Injected lambda_2: 1931.7048160643933
15:35 ninjax INFO    : Duration is not specified in the config. Computed chirp time: for fmin = 20.0 and M_c = 1.1615847899848497 is 256.0
15:35 ninjax INFO    : After transforms, the injection parameters are:
15:35 ninjax INFO    : {'mass_1_source': 1.3868869827412584, 'mass_2_source': 1.0990012437947485, 's1_z': -0.045253122331355346, 's2_z': -0.013152527414225589, 'cos_iota': 0.42361650329054124, 'd_L': 363.96526790972274, 't_c': -0.017693415548249547, 'phase_c': 2.8930937287368748, 'psi': 1.5295985745236542, 'ra': 0.25808991948240223, 'sin_dec': 0.30959079300719194, 'q': 0.7924230722985892, 'M_c': 1.1615847899848497, 'eta': 0.24664712689562446, 'iota': Array(1.13336229, dtype=float64, weak_type=True), 'dec': Array(0.31476265, dtype=float64, weak_type=True), 'lambda_1': 541.1111364403409, 'lambda_2': 1931.7048160643933}
15:35 ninjax INFO    : The trial injection parameters are {'M_c': 1.1615847899848497, 'eta': 0.24664712689562446, 's1_z': -0.045253122331355346, 's2_z': -0.013152527414225589, 'lambda_1': 541.1111364403409, 'lambda_2': 1931.7048160643933, 'd_L': 363.96526790972274, 'phase_c': 2.8930937287368748, 'iota': 1.1333622928900378, 't_c': -0.017693415548249547, 'psi': 1.5295985745236542, 'ra': 0.25808991948240223, 'dec': 0.31476265212938115}
15:35 ninjax INFO    : Injecting signals . . .
15:35 ninjax INFO    : self.ifos
15:35 ninjax INFO    : [GroundBased2G(H1), GroundBased2G(L1), GroundBased2G(V1)]
15:35 ninjax INFO    : Signal injected in ifo H1. Frequencies, data, and PSD:
15:35 ninjax INFO    : [  20.           20.00390625   20.0078125  ... 2047.98828125
 2047.9921875  2047.99609375]
15:35 ninjax INFO    : [-2.73464712e-23-1.01369648e-23j  7.14692506e-23-3.62792584e-23j
  2.23802754e-24+1.74274963e-22j ...
  2.25422483e-23-6.55111347e-24j  1.46120288e-23+4.92797357e-23j
  5.10662865e-23-3.46449217e-24j]
15:35 ninjax INFO    : [1.44906511e-46 1.44785671e-46 1.44667215e-46 ... 2.17778216e-47
 2.17778992e-47 2.17779767e-47]
15:35 ninjax INFO    : Signal injected in ifo L1. Frequencies, data, and PSD:
15:35 ninjax INFO    : [  20.           20.00390625   20.0078125  ... 2047.98828125
 2047.9921875  2047.99609375]
15:35 ninjax INFO    : [-6.59478940e-23-2.11783013e-23j  4.98566761e-23-1.64042885e-23j
 -1.50536947e-22+1.24201512e-23j ...
 -2.53741207e-23-4.32953499e-23j -2.41682042e-23-3.21319862e-23j
  7.93567389e-23-3.19354114e-24j]
15:35 ninjax INFO    : [1.44906511e-46 1.44785671e-46 1.44667215e-46 ... 2.17778216e-47
 2.17778992e-47 2.17779767e-47]
15:35 ninjax INFO    : Signal injected in ifo V1. Frequencies, data, and PSD:
15:35 ninjax INFO    : [  20.           20.00390625   20.0078125  ... 2047.98828125
 2047.9921875  2047.99609375]
15:35 ninjax INFO    : [-6.33548404e-23-4.05695108e-23j  6.57258721e-23+2.96813687e-23j
 -3.81869314e-23-5.70341094e-23j ...
 -2.60527474e-23+4.89183385e-23j  3.97766966e-23+4.60130803e-23j
 -4.17488685e-23+1.29686330e-22j]
15:35 ninjax INFO    : [1.43183556e-46 1.43058540e-46 1.42935095e-46 ... 6.39793039e-47
 6.39795354e-47 6.39797668e-47]
15:35 ninjax INFO    : SNR for ifo H1 is 5.664159838134217
15:35 ninjax INFO    : SNR for ifo L1 is 4.989244684074862
15:35 ninjax INFO    : SNR for ifo V1 is 2.451634093812475
15:35 ninjax INFO    : The network SNR is 7.9363580387634745
15:35 ninjax INFO    : The network SNR does not pass the threshold, trying again
15:35 ninjax INFO    : Generating new injection
15:35 ninjax INFO    : Sanity check: generated parameters:
15:35 ninjax INFO    : {'mass_1_source': 2.263133650470662, 'mass_2_source': 1.5407501641235477, 's1_z': -0.03658072519552183, 's2_z': 0.01216596047335479, 'cos_iota': 0.8079918153129655, 'd_L': 208.95746844832215, 't_c': 0.03530177750427041, 'phase_c': 4.860174796722687, 'psi': 2.2226656411569023, 'ra': 1.698902008491032, 'sin_dec': -0.8165355937005017}
15:35 ninjax INFO    : Computing lambdas from EOS file /home/twouters2/projects/projection_BNS_A_plus/src/projection_BNS/data/MPA1.npz . . . 
15:35 ninjax INFO    : Injected lambda_1: 15.919144976420107
15:35 ninjax INFO    : Injected lambda_2: 290.4831911386199
15:35 ninjax INFO    : Duration is not specified in the config. Computed chirp time: for fmin = 20.0 and M_c = 1.6961176302228609 is 128.0
15:35 ninjax INFO    : After transforms, the injection parameters are:
15:35 ninjax INFO    : {'mass_1_source': 2.263133650470662, 'mass_2_source': 1.5407501641235477, 's1_z': -0.03658072519552183, 's2_z': 0.01216596047335479, 'cos_iota': 0.8079918153129655, 'd_L': 208.95746844832215, 't_c': 0.03530177750427041, 'phase_c': 4.860174796722687, 'psi': 2.2226656411569023, 'ra': 1.698902008491032, 'sin_dec': -0.8165355937005017, 'q': 0.6808038773154732, 'M_c': 1.6961176302228609, 'eta': 0.2409838497429525, 'iota': Array(0.63006058, dtype=float64, weak_type=True), 'dec': Array(-0.95538419, dtype=float64, weak_type=True), 'lambda_1': 15.919144976420107, 'lambda_2': 290.4831911386199}
15:35 ninjax INFO    : The trial injection parameters are {'M_c': 1.6961176302228609, 'eta': 0.2409838497429525, 's1_z': -0.03658072519552183, 's2_z': 0.01216596047335479, 'lambda_1': 15.919144976420107, 'lambda_2': 290.4831911386199, 'd_L': 208.95746844832215, 'phase_c': 4.860174796722687, 'iota': 0.6300605819128976, 't_c': 0.03530177750427041, 'psi': 2.2226656411569023, 'ra': 1.698902008491032, 'dec': -0.9553841934581027}
15:35 ninjax INFO    : Injecting signals . . .
15:35 ninjax INFO    : self.ifos
15:35 ninjax INFO    : [GroundBased2G(H1), GroundBased2G(L1), GroundBased2G(V1)]
15:35 ninjax INFO    : Signal injected in ifo H1. Frequencies, data, and PSD:
15:35 ninjax INFO    : [  20.          20.0078125   20.015625  ... 2047.9765625
 2047.984375  2047.9921875]
15:35 ninjax INFO    : [-5.94823704e-23-3.47514145e-23j -7.69054576e-23-5.62128604e-23j
 -4.61435784e-23+2.24964440e-23j ...
  5.39276234e-24+2.45611913e-24j  1.84029243e-23-8.43609062e-24j
  3.40736080e-24+7.17846270e-24j]
15:35 ninjax INFO    : [1.44906511e-46 1.44667215e-46 1.44435812e-46 ... 2.17775889e-47
 2.17777440e-47 2.17778992e-47]
15:35 ninjax INFO    : Signal injected in ifo L1. Frequencies, data, and PSD:
15:35 ninjax INFO    : [  20.          20.0078125   20.015625  ... 2047.9765625
 2047.984375  2047.9921875]
15:35 ninjax INFO    : [ 2.02195509e-23-8.61453359e-23j -5.20210154e-23+3.92151809e-23j
  1.37096770e-23+6.34114633e-23j ...
  1.86703625e-23-1.85004590e-23j  2.39227072e-24+2.92689593e-23j
 -6.76490301e-24-1.27936851e-23j]
15:35 ninjax INFO    : [1.44906511e-46 1.44667215e-46 1.44435812e-46 ... 2.17775889e-47
 2.17777440e-47 2.17778992e-47]
15:35 ninjax INFO    : Signal injected in ifo V1. Frequencies, data, and PSD:
15:35 ninjax INFO    : [  20.          20.0078125   20.015625  ... 2047.9765625
 2047.984375  2047.9921875]
15:35 ninjax INFO    : [-3.31007865e-23-6.78669449e-24j -2.82555683e-23+2.72197697e-23j
 -3.74583092e-23+3.32989121e-23j ...
  2.68093527e-23+9.93100495e-24j  5.52060851e-23-5.33113432e-24j
 -2.70040822e-23-1.64197717e-23j]
15:35 ninjax INFO    : [1.43183556e-46 1.42935095e-46 1.42688205e-46 ... 6.39786094e-47
 6.39790724e-47 6.39795354e-47]
15:35 ninjax INFO    : SNR for ifo H1 is 17.800621524281876
15:35 ninjax INFO    : SNR for ifo L1 is 15.294843401937872
15:35 ninjax INFO    : SNR for ifo V1 is 13.02913473384837
15:35 ninjax INFO    : The network SNR is 26.84311295757822
15:35 ninjax INFO    : The network SNR does not pass the threshold, trying again
15:35 ninjax INFO    : Generating new injection
15:35 ninjax INFO    : Sanity check: generated parameters:
15:35 ninjax INFO    : {'mass_1_source': 2.213326286138822, 'mass_2_source': 1.3378938955220194, 's1_z': 0.027259368315046606, 's2_z': -0.0027573638850547436, 'cos_iota': 0.9969465474476626, 'd_L': 260.79633683269833, 't_c': 0.09838193037812346, 'phase_c': 2.6704451297305773, 'psi': 2.1793669320399127, 'ra': 5.9663634061502995, 'sin_dec': 0.4103117407231265}
15:35 ninjax INFO    : Computing lambdas from EOS file /home/twouters2/projects/projection_BNS_A_plus/src/projection_BNS/data/MPA1.npz . . . 
15:35 ninjax INFO    : Injected lambda_1: 20.071731587407438
15:35 ninjax INFO    : Injected lambda_2: 664.1903283679286
15:35 ninjax INFO    : Duration is not specified in the config. Computed chirp time: for fmin = 20.0 and M_c = 1.5764181203599574 is 128.0
15:35 ninjax INFO    : After transforms, the injection parameters are:
15:35 ninjax INFO    : {'mass_1_source': 2.213326286138822, 'mass_2_source': 1.3378938955220194, 's1_z': 0.027259368315046606, 's2_z': -0.0027573638850547436, 'cos_iota': 0.9969465474476626, 'd_L': 260.79633683269833, 't_c': 0.09838193037812346, 'phase_c': 2.6704451297305773, 'psi': 2.1793669320399127, 'ra': 5.9663634061502995, 'sin_dec': 0.4103117407231265, 'q': 0.6044720581419533, 'M_c': 1.5764181203599574, 'eta': 0.23480747250564457, 'iota': Array(0.07816659, dtype=float64, weak_type=True), 'dec': Array(0.42279588, dtype=float64, weak_type=True), 'lambda_1': 20.071731587407438, 'lambda_2': 664.1903283679286}
15:35 ninjax INFO    : The trial injection parameters are {'M_c': 1.5764181203599574, 'eta': 0.23480747250564457, 's1_z': 0.027259368315046606, 's2_z': -0.0027573638850547436, 'lambda_1': 20.071731587407438, 'lambda_2': 664.1903283679286, 'd_L': 260.79633683269833, 'phase_c': 2.6704451297305773, 'iota': 0.0781665881003065, 't_c': 0.09838193037812346, 'psi': 2.1793669320399127, 'ra': 5.9663634061502995, 'dec': 0.4227958773710613}
15:35 ninjax INFO    : Injecting signals . . .
15:35 ninjax INFO    : self.ifos
15:35 ninjax INFO    : [GroundBased2G(H1), GroundBased2G(L1), GroundBased2G(V1)]
15:35 ninjax INFO    : Signal injected in ifo H1. Frequencies, data, and PSD:
15:35 ninjax INFO    : [  20.          20.0078125   20.015625  ... 2047.9765625
 2047.984375  2047.9921875]
15:35 ninjax INFO    : [-6.65530626e-23-4.85469756e-23j -8.92936816e-23-5.32924695e-23j
 -4.62879281e-23+3.13666651e-23j ...
  5.39276234e-24+2.45611913e-24j  1.84029243e-23-8.43609062e-24j
  3.40736080e-24+7.17846270e-24j]
15:35 ninjax INFO    : [1.44906511e-46 1.44667215e-46 1.44435812e-46 ... 2.17775889e-47
 2.17777440e-47 2.17778992e-47]
15:35 ninjax INFO    : Signal injected in ifo L1. Frequencies, data, and PSD:
15:35 ninjax INFO    : [  20.          20.0078125   20.015625  ... 2047.9765625
 2047.984375  2047.9921875]
15:35 ninjax INFO    : [ 2.62959178e-23-7.88490526e-23j -4.28084494e-23+3.34697650e-23j
  9.17368821e-24+5.29966665e-23j ...
  1.86703625e-23-1.85004590e-23j  2.39227072e-24+2.92689593e-23j
 -6.76490301e-24-1.27936851e-23j]
15:35 ninjax INFO    : [1.44906511e-46 1.44667215e-46 1.44435812e-46 ... 2.17775889e-47
 2.17777440e-47 2.17778992e-47]
15:35 ninjax INFO    : Signal injected in ifo V1. Frequencies, data, and PSD:
15:35 ninjax INFO    : [  20.          20.0078125   20.015625  ... 2047.9765625
 2047.984375  2047.9921875]
15:35 ninjax INFO    : [-1.86948819e-23-5.12169126e-24j -2.36084536e-23+1.35476942e-23j
 -4.87773941e-23+2.66101662e-23j ...
  2.68093527e-23+9.93100495e-24j  5.52060851e-23-5.33113432e-24j
 -2.70040822e-23-1.64197717e-23j]
15:35 ninjax INFO    : [1.43183556e-46 1.42935095e-46 1.42688205e-46 ... 6.39786094e-47
 6.39790724e-47 6.39795354e-47]
15:35 ninjax INFO    : SNR for ifo H1 is 19.059148980321076
15:35 ninjax INFO    : SNR for ifo L1 is 9.188318530643208
15:35 ninjax INFO    : SNR for ifo V1 is 11.818644550841048
15:35 ninjax INFO    : The network SNR is 24.23544338966713
15:35 ninjax INFO    : The network SNR does not pass the threshold, trying again
15:35 ninjax INFO    : Generating new injection
15:35 ninjax INFO    : Sanity check: generated parameters:
15:35 ninjax INFO    : {'mass_1_source': 1.7993616740449165, 'mass_2_source': 1.2647129461176438, 's1_z': 0.0447933783976799, 's2_z': -0.02562103447712363, 'cos_iota': 0.31184624525712934, 'd_L': 270.5516284357755, 't_c': 0.038275483975312996, 'phase_c': 5.009960025240177, 'psi': 2.009710591883358, 'ra': 0.4497144186368864, 'sin_dec': -0.5757667344028063}
15:35 ninjax INFO    : Computing lambdas from EOS file /home/twouters2/projects/projection_BNS_A_plus/src/projection_BNS/data/MPA1.npz . . . 
15:35 ninjax INFO    : Injected lambda_1: 106.60465889680711
15:35 ninjax INFO    : Injected lambda_2: 909.1000734861067
15:35 ninjax INFO    : Duration is not specified in the config. Computed chirp time: for fmin = 20.0 and M_c = 1.389236386979292 is 128.0
15:35 ninjax INFO    : After transforms, the injection parameters are:
15:35 ninjax INFO    : {'mass_1_source': 1.7993616740449165, 'mass_2_source': 1.2647129461176438, 's1_z': 0.0447933783976799, 's2_z': -0.02562103447712363, 'cos_iota': 0.31184624525712934, 'd_L': 270.5516284357755, 't_c': 0.038275483975312996, 'phase_c': 5.009960025240177, 'psi': 2.009710591883358, 'ra': 0.4497144186368864, 'sin_dec': -0.5757667344028063, 'q': 0.7028675581794533, 'M_c': 1.389236386979292, 'eta': 0.24238835702870276, 'iota': Array(1.25366077, dtype=float64, weak_type=True), 'dec': Array(-0.61354161, dtype=float64, weak_type=True), 'lambda_1': 106.60465889680711, 'lambda_2': 909.1000734861067}
15:35 ninjax INFO    : The trial injection parameters are {'M_c': 1.389236386979292, 'eta': 0.24238835702870276, 's1_z': 0.0447933783976799, 's2_z': -0.02562103447712363, 'lambda_1': 106.60465889680711, 'lambda_2': 909.1000734861067, 'd_L': 270.5516284357755, 'phase_c': 5.009960025240177, 'iota': 1.253660767495076, 't_c': 0.038275483975312996, 'psi': 2.009710591883358, 'ra': 0.4497144186368864, 'dec': -0.6135416093752761}
15:35 ninjax INFO    : Injecting signals . . .
15:35 ninjax INFO    : self.ifos
15:35 ninjax INFO    : [GroundBased2G(H1), GroundBased2G(L1), GroundBased2G(V1)]
15:35 ninjax INFO    : Signal injected in ifo H1. Frequencies, data, and PSD:
15:35 ninjax INFO    : [  20.          20.0078125   20.015625  ... 2047.9765625
 2047.984375  2047.9921875]
15:35 ninjax INFO    : [-6.63010539e-23-3.91137047e-23j -8.17063420e-23-4.87207020e-23j
 -3.92844575e-23+2.70111945e-23j ...
  5.39276234e-24+2.45611913e-24j  1.84029243e-23-8.43609062e-24j
  3.40736080e-24+7.17846270e-24j]
15:35 ninjax INFO    : [1.44906511e-46 1.44667215e-46 1.44435812e-46 ... 2.17775889e-47
 2.17777440e-47 2.17778992e-47]
15:35 ninjax INFO    : Signal injected in ifo L1. Frequencies, data, and PSD:
15:35 ninjax INFO    : [  20.          20.0078125   20.015625  ... 2047.9765625
 2047.984375  2047.9921875]
15:35 ninjax INFO    : [ 2.18727366e-23-8.02014303e-23j -4.53281256e-23+3.59927177e-23j
  1.10633352e-23+5.59310669e-23j ...
  1.86703625e-23-1.85004590e-23j  2.39227072e-24+2.92689593e-23j
 -6.76490301e-24-1.27936851e-23j]
15:35 ninjax INFO    : [1.44906511e-46 1.44667215e-46 1.44435812e-46 ... 2.17775889e-47
 2.17777440e-47 2.17778992e-47]
15:35 ninjax INFO    : Signal injected in ifo V1. Frequencies, data, and PSD:
15:35 ninjax INFO    : [  20.          20.0078125   20.015625  ... 2047.9765625
 2047.984375  2047.9921875]
15:35 ninjax INFO    : [-2.17700929e-23-7.38183846e-24j -2.27065081e-23+1.78561013e-23j
 -4.06607174e-23+3.13331578e-23j ...
  2.68093527e-23+9.93100495e-24j  5.52060851e-23-5.33113432e-24j
 -2.70040822e-23-1.64197717e-23j]
15:35 ninjax INFO    : [1.43183556e-46 1.42935095e-46 1.42688205e-46 ... 6.39786094e-47
 6.39790724e-47 6.39795354e-47]
15:35 ninjax INFO    : SNR for ifo H1 is 1.3685856202224072
15:35 ninjax INFO    : SNR for ifo L1 is 2.034134740547653
15:35 ninjax INFO    : SNR for ifo V1 is 7.804852346049967
15:35 ninjax INFO    : The network SNR is 8.180858811043256
15:35 ninjax INFO    : The network SNR does not pass the threshold, trying again
15:35 ninjax INFO    : Generating new injection
15:35 ninjax INFO    : Sanity check: generated parameters:
15:35 ninjax INFO    : {'mass_1_source': 1.1016728728519856, 'mass_2_source': 1.581886535357698, 's1_z': 0.03483218076116275, 's2_z': 0.021364651215758215, 'cos_iota': 0.5849718253460137, 'd_L': 383.87998898454214, 't_c': -0.06927368156754588, 'phase_c': 4.970064856036679, 'psi': 0.13619427286709934, 'ra': 1.7314941691640318, 'sin_dec': -0.08417035589348698}
15:35 ninjax INFO    : Computing lambdas from EOS file /home/twouters2/projects/projection_BNS_A_plus/src/projection_BNS/data/MPA1.npz . . . 
15:35 ninjax INFO    : Injected lambda_1: 247.0394657461372
15:35 ninjax INFO    : Injected lambda_2: 1907.3227366674832
15:35 ninjax INFO    : Duration is not specified in the config. Computed chirp time: for fmin = 20.0 and M_c = 1.244859231802329 is 256.0
15:35 ninjax INFO    : After transforms, the injection parameters are:
15:35 ninjax INFO    : {'mass_1_source': 1.581886535357698, 'mass_2_source': 1.1016728728519856, 's1_z': 0.03483218076116275, 's2_z': 0.021364651215758215, 'cos_iota': 0.5849718253460137, 'd_L': 383.87998898454214, 't_c': -0.06927368156754588, 'phase_c': 4.970064856036679, 'psi': 0.13619427286709934, 'ra': 1.7314941691640318, 'sin_dec': -0.08417035589348698, 'q': 0.6964297680192808, 'M_c': 1.244859231802329, 'eta': 0.24199453423816963, 'iota': Array(0.94595101, dtype=float64, weak_type=True), 'dec': Array(-0.08427006, dtype=float64, weak_type=True), 'lambda_1': 247.0394657461372, 'lambda_2': 1907.3227366674832}
15:35 ninjax INFO    : The trial injection parameters are {'M_c': 1.244859231802329, 'eta': 0.24199453423816963, 's1_z': 0.03483218076116275, 's2_z': 0.021364651215758215, 'lambda_1': 247.0394657461372, 'lambda_2': 1907.3227366674832, 'd_L': 383.87998898454214, 'phase_c': 4.970064856036679, 'iota': 0.9459510078060919, 't_c': -0.06927368156754588, 'psi': 0.13619427286709934, 'ra': 1.7314941691640318, 'dec': -0.08427006032390864}
15:35 ninjax INFO    : Injecting signals . . .
15:35 ninjax INFO    : self.ifos
15:35 ninjax INFO    : [GroundBased2G(H1), GroundBased2G(L1), GroundBased2G(V1)]
15:35 ninjax INFO    : Signal injected in ifo H1. Frequencies, data, and PSD:
15:35 ninjax INFO    : [  20.           20.00390625   20.0078125  ... 2047.98828125
 2047.9921875  2047.99609375]
15:35 ninjax INFO    : [-2.97434242e-23-1.03691618e-23j  7.26500248e-23-3.34361877e-23j
  4.40017774e-24+1.71369379e-22j ...
  2.25422483e-23-6.55111347e-24j  1.46120288e-23+4.92797357e-23j
  5.10662865e-23-3.46449217e-24j]
15:35 ninjax INFO    : [1.44906511e-46 1.44785671e-46 1.44667215e-46 ... 2.17778216e-47
 2.17778992e-47 2.17779767e-47]
15:35 ninjax INFO    : Signal injected in ifo L1. Frequencies, data, and PSD:
15:35 ninjax INFO    : [  20.           20.00390625   20.0078125  ... 2047.98828125
 2047.9921875  2047.99609375]
15:35 ninjax INFO    : [-6.76713668e-23-2.09970088e-23j  5.08093374e-23-1.63498850e-23j
 -1.51908475e-22+1.25467812e-23j ...
 -2.53741207e-23-4.32953499e-23j -2.41682042e-23-3.21319862e-23j
  7.93567389e-23-3.19354114e-24j]
15:35 ninjax INFO    : [1.44906511e-46 1.44785671e-46 1.44667215e-46 ... 2.17778216e-47
 2.17778992e-47 2.17779767e-47]
15:35 ninjax INFO    : Signal injected in ifo V1. Frequencies, data, and PSD:
15:35 ninjax INFO    : [  20.           20.00390625   20.0078125  ... 2047.98828125
 2047.9921875  2047.99609375]
15:35 ninjax INFO    : [-6.36989558e-23-4.30496082e-23j  6.39788893e-23+3.12431966e-23j
 -3.61906085e-23-5.65146607e-23j ...
 -2.60527474e-23+4.89183385e-23j  3.97766966e-23+4.60130803e-23j
 -4.17488685e-23+1.29686330e-22j]
15:35 ninjax INFO    : [1.43183556e-46 1.43058540e-46 1.42935095e-46 ... 6.39793039e-47
 6.39795354e-47 6.39797668e-47]
15:35 ninjax INFO    : SNR for ifo H1 is 3.4193343223600583
15:35 ninjax INFO    : SNR for ifo L1 is 6.9940364403312945
15:35 ninjax INFO    : SNR for ifo V1 is 1.8823113693299616
15:35 ninjax INFO    : The network SNR is 8.009462468097368
15:35 ninjax INFO    : The network SNR does not pass the threshold, trying again
15:35 ninjax INFO    : Generating new injection
15:35 ninjax INFO    : Sanity check: generated parameters:
15:35 ninjax INFO    : {'mass_1_source': 1.0998566859257959, 'mass_2_source': 2.348482855067209, 's1_z': -0.024504724539451628, 's2_z': 0.00946014204926826, 'cos_iota': 0.835520867734902, 'd_L': 422.93670218856784, 't_c': 0.09832915552514643, 'phase_c': 5.442493378346743, 'psi': 2.8334576458078615, 'ra': 4.836889071718711, 'sin_dec': -0.43338066170297473}
15:35 ninjax INFO    : Computing lambdas from EOS file /home/twouters2/projects/projection_BNS_A_plus/src/projection_BNS/data/MPA1.npz . . . 
15:35 ninjax INFO    : Injected lambda_1: 10.208123303719645
15:35 ninjax INFO    : Injected lambda_2: 1923.8738351208522
15:35 ninjax INFO    : Duration is not specified in the config. Computed chirp time: for fmin = 20.0 and M_c = 1.5114379694562894 is 128.0
15:35 ninjax INFO    : After transforms, the injection parameters are:
15:35 ninjax INFO    : {'mass_1_source': 2.348482855067209, 'mass_2_source': 1.0998566859257959, 's1_z': -0.024504724539451628, 's2_z': 0.00946014204926826, 'cos_iota': 0.835520867734902, 'd_L': 422.93670218856784, 't_c': 0.09832915552514643, 'phase_c': 5.442493378346743, 'psi': 2.8334576458078615, 'ra': 4.836889071718711, 'sin_dec': -0.43338066170297473, 'q': 0.46832647023702456, 'M_c': 1.5114379694562894, 'eta': 0.21722182043480145, 'iota': Array(0.58171626, dtype=float64, weak_type=True), 'dec': Array(-0.44824065, dtype=float64, weak_type=True), 'lambda_1': 10.208123303719645, 'lambda_2': 1923.8738351208522}
15:35 ninjax INFO    : The trial injection parameters are {'M_c': 1.5114379694562894, 'eta': 0.21722182043480145, 's1_z': -0.024504724539451628, 's2_z': 0.00946014204926826, 'lambda_1': 10.208123303719645, 'lambda_2': 1923.8738351208522, 'd_L': 422.93670218856784, 'phase_c': 5.442493378346743, 'iota': 0.5817162584711572, 't_c': 0.09832915552514643, 'psi': 2.8334576458078615, 'ra': 4.836889071718711, 'dec': -0.4482406517320465}
15:35 ninjax INFO    : Injecting signals . . .
15:35 ninjax INFO    : self.ifos
15:35 ninjax INFO    : [GroundBased2G(H1), GroundBased2G(L1), GroundBased2G(V1)]
15:35 ninjax INFO    : Signal injected in ifo H1. Frequencies, data, and PSD:
15:35 ninjax INFO    : [  20.          20.0078125   20.015625  ... 2047.9765625
 2047.984375  2047.9921875]
15:35 ninjax INFO    : [-6.24124946e-23-4.16141938e-23j -7.97557959e-23-5.30829323e-23j
 -4.00484405e-23+2.25129073e-23j ...
  5.39276234e-24+2.45611913e-24j  1.84029243e-23-8.43609062e-24j
  3.40736080e-24+7.17846270e-24j]
15:35 ninjax INFO    : [1.44906511e-46 1.44667215e-46 1.44435812e-46 ... 2.17775889e-47
 2.17777440e-47 2.17778992e-47]
15:35 ninjax INFO    : Signal injected in ifo L1. Frequencies, data, and PSD:
15:35 ninjax INFO    : [  20.          20.0078125   20.015625  ... 2047.9765625
 2047.984375  2047.9921875]
15:35 ninjax INFO    : [ 2.08203391e-23-7.35648241e-23j -4.26415947e-23+4.21383866e-23j
  1.63127170e-23+5.91943383e-23j ...
  1.86703625e-23-1.85004590e-23j  2.39227072e-24+2.92689593e-23j
 -6.76490301e-24-1.27936851e-23j]
15:35 ninjax INFO    : [1.44906511e-46 1.44667215e-46 1.44435812e-46 ... 2.17775889e-47
 2.17777440e-47 2.17778992e-47]
15:35 ninjax INFO    : Signal injected in ifo V1. Frequencies, data, and PSD:
15:35 ninjax INFO    : [  20.          20.0078125   20.015625  ... 2047.9765625
 2047.984375  2047.9921875]
15:35 ninjax INFO    : [-2.43546601e-23-8.77305614e-24j -2.83269698e-23+1.58800188e-23j
 -4.85825452e-23+3.04770503e-23j ...
  2.68093527e-23+9.93100495e-24j  5.52060851e-23-5.33113432e-24j
 -2.70040822e-23-1.64197717e-23j]
15:35 ninjax INFO    : [1.43183556e-46 1.42935095e-46 1.42688205e-46 ... 6.39786094e-47
 6.39790724e-47 6.39795354e-47]
15:35 ninjax INFO    : SNR for ifo H1 is 8.917130279726525
15:35 ninjax INFO    : SNR for ifo L1 is 12.562537345122763
15:35 ninjax INFO    : SNR for ifo V1 is 6.854247898994452
15:35 ninjax INFO    : The network SNR is 16.861591598484694
15:35 ninjax INFO    : The network SNR does not pass the threshold, trying again
15:35 ninjax INFO    : Generating new injection
15:35 ninjax INFO    : Sanity check: generated parameters:
15:35 ninjax INFO    : {'mass_1_source': 2.239930379586765, 'mass_2_source': 1.0592831662453424, 's1_z': 0.01399287107006461, 's2_z': -0.008031437455886525, 'cos_iota': -0.04428109414273429, 'd_L': 100.36281641754506, 't_c': 0.021982939781034314, 'phase_c': 1.9294831705849262, 'psi': 1.7659003318578437, 'ra': 3.241349634313345, 'sin_dec': 0.2471579921502407}
15:35 ninjax INFO    : Computing lambdas from EOS file /home/twouters2/projects/projection_BNS_A_plus/src/projection_BNS/data/MPA1.npz . . . 
15:35 ninjax INFO    : Injected lambda_1: 17.766323576578923
15:35 ninjax INFO    : Injected lambda_2: 2339.3977438580155
15:35 ninjax INFO    : Duration is not specified in the config. Computed chirp time: for fmin = 20.0 and M_c = 1.3527097425924368 is 256.0
15:35 ninjax INFO    : After transforms, the injection parameters are:
15:35 ninjax INFO    : {'mass_1_source': 2.239930379586765, 'mass_2_source': 1.0592831662453424, 's1_z': 0.01399287107006461, 's2_z': -0.008031437455886525, 'cos_iota': -0.04428109414273429, 'd_L': 100.36281641754506, 't_c': 0.021982939781034314, 'phase_c': 1.9294831705849262, 'psi': 1.7659003318578437, 'ra': 3.241349634313345, 'sin_dec': 0.2471579921502407, 'q': 0.4729089689121342, 'M_c': 1.3527097425924368, 'eta': 0.21798456197946253, 'iota': Array(1.6150919, dtype=float64, weak_type=True), 'dec': Array(0.24974615, dtype=float64, weak_type=True), 'lambda_1': 17.766323576578923, 'lambda_2': 2339.3977438580155}
15:35 ninjax INFO    : The trial injection parameters are {'M_c': 1.3527097425924368, 'eta': 0.21798456197946253, 's1_z': 0.01399287107006461, 's2_z': -0.008031437455886525, 'lambda_1': 17.766323576578923, 'lambda_2': 2339.3977438580155, 'd_L': 100.36281641754506, 'phase_c': 1.9294831705849262, 'iota': 1.6150919048959105, 't_c': 0.021982939781034314, 'psi': 1.7659003318578437, 'ra': 3.241349634313345, 'dec': 0.2497461492596931}
15:35 ninjax INFO    : Injecting signals . . .
15:35 ninjax INFO    : self.ifos
15:35 ninjax INFO    : [GroundBased2G(H1), GroundBased2G(L1), GroundBased2G(V1)]
15:35 ninjax INFO    : Signal injected in ifo H1. Frequencies, data, and PSD:
15:35 ninjax INFO    : [  20.           20.00390625   20.0078125  ... 2047.98828125
 2047.9921875  2047.99609375]
15:35 ninjax INFO    : [-2.84117033e-23-8.06722423e-24j  7.25757389e-23-3.56912452e-23j
  3.62324056e-24+1.72900865e-22j ...
  2.25422483e-23-6.55111347e-24j  1.46120288e-23+4.92797357e-23j
  5.10662865e-23-3.46449217e-24j]
15:35 ninjax INFO    : [1.44906511e-46 1.44785671e-46 1.44667215e-46 ... 2.17778216e-47
 2.17778992e-47 2.17779767e-47]
15:35 ninjax INFO    : Signal injected in ifo L1. Frequencies, data, and PSD:
15:35 ninjax INFO    : [  20.           20.00390625   20.0078125  ... 2047.98828125
 2047.9921875  2047.99609375]
15:35 ninjax INFO    : [-7.08094582e-23-2.56984505e-23j  5.22350412e-23-1.25424276e-23j
 -1.52974582e-22+1.00260598e-23j ...
 -2.53741207e-23-4.32953499e-23j -2.41682042e-23-3.21319862e-23j
  7.93567389e-23-3.19354114e-24j]
15:35 ninjax INFO    : [1.44906511e-46 1.44785671e-46 1.44667215e-46 ... 2.17778216e-47
 2.17778992e-47 2.17779767e-47]
15:35 ninjax INFO    : Signal injected in ifo V1. Frequencies, data, and PSD:
15:35 ninjax INFO    : [  20.           20.00390625   20.0078125  ... 2047.98828125
 2047.9921875  2047.99609375]
15:35 ninjax INFO    : [-7.32249883e-23-4.46684966e-23j  7.34527466e-23+3.49838255e-23j
 -4.49780364e-23-6.26314307e-23j ...
 -2.60527474e-23+4.89183385e-23j  3.97766966e-23+4.60130803e-23j
 -4.17488685e-23+1.29686330e-22j]
15:35 ninjax INFO    : [1.43183556e-46 1.43058540e-46 1.42935095e-46 ... 6.39793039e-47
 6.39795354e-47 6.39797668e-47]
15:35 ninjax INFO    : SNR for ifo H1 is 2.991780294167259
15:35 ninjax INFO    : SNR for ifo L1 is 12.293877575649365
15:35 ninjax INFO    : SNR for ifo V1 is 17.401727865212155
15:35 ninjax INFO    : The network SNR is 21.515350516980266
15:35 ninjax INFO    : The network SNR does not pass the threshold, trying again
15:35 ninjax INFO    : Generating new injection
15:35 ninjax INFO    : Sanity check: generated parameters:
15:35 ninjax INFO    : {'mass_1_source': 2.291711892784892, 'mass_2_source': 2.4190817619510767, 's1_z': 0.014221540405890895, 's2_z': -0.02345884512310217, 'cos_iota': 0.8319627663304283, 'd_L': 366.15463768959245, 't_c': -0.044980850026958445, 'phase_c': 0.28445353079314084, 'psi': 0.6981054375507518, 'ra': 1.383294172901279, 'sin_dec': 0.16226465855944427}
15:35 ninjax INFO    : Computing lambdas from EOS file /home/twouters2/projects/projection_BNS_A_plus/src/projection_BNS/data/MPA1.npz . . . 
15:35 ninjax INFO    : Injected lambda_1: 6.39406001688286
15:35 ninjax INFO    : Injected lambda_2: 13.831911423902405
15:35 ninjax INFO    : Duration is not specified in the config. Computed chirp time: for fmin = 20.0 and M_c = 2.2191654405359826 is 64.0
15:35 ninjax INFO    : After transforms, the injection parameters are:
15:35 ninjax INFO    : {'mass_1_source': 2.4190817619510767, 'mass_2_source': 2.291711892784892, 's1_z': 0.014221540405890895, 's2_z': -0.02345884512310217, 'cos_iota': 0.8319627663304283, 'd_L': 366.15463768959245, 't_c': -0.044980850026958445, 'phase_c': 0.28445353079314084, 'psi': 0.6981054375507518, 'ra': 1.383294172901279, 'sin_dec': 0.16226465855944427, 'q': 0.9473478444715915, 'M_c': 2.2191654405359826, 'eta': 0.24981723827383262, 'iota': Array(0.58816038, dtype=float64, weak_type=True), 'dec': Array(0.1629853, dtype=float64, weak_type=True), 'lambda_1': 6.39406001688286, 'lambda_2': 13.831911423902405}
15:35 ninjax INFO    : The trial injection parameters are {'M_c': 2.2191654405359826, 'eta': 0.24981723827383262, 's1_z': 0.014221540405890895, 's2_z': -0.02345884512310217, 'lambda_1': 6.39406001688286, 'lambda_2': 13.831911423902405, 'd_L': 366.15463768959245, 'phase_c': 0.28445353079314084, 'iota': 0.5881603782379702, 't_c': -0.044980850026958445, 'psi': 0.6981054375507518, 'ra': 1.383294172901279, 'dec': 0.16298529659117925}
15:35 ninjax INFO    : Injecting signals . . .
15:35 ninjax INFO    : self.ifos
15:35 ninjax INFO    : [GroundBased2G(H1), GroundBased2G(L1), GroundBased2G(V1)]
15:35 ninjax INFO    : Signal injected in ifo H1. Frequencies, data, and PSD:
15:35 ninjax INFO    : [  20.         20.015625   20.03125  ... 2047.953125 2047.96875
 2047.984375]
15:35 ninjax INFO    : [-3.03814399e-25-9.94100821e-24j -4.25910921e-23-2.58576455e-23j
 -1.08013020e-23+3.54104311e-24j ...
  1.42207064e-23-1.04366650e-23j  2.81129379e-23-1.49791918e-23j
 -3.65165701e-24+1.26827769e-23j]
15:35 ninjax INFO    : [1.44906511e-46 1.44435812e-46 1.43973008e-46 ... 2.17771234e-47
 2.17774337e-47 2.17777440e-47]
15:35 ninjax INFO    : Signal injected in ifo L1. Frequencies, data, and PSD:
15:35 ninjax INFO    : [  20.         20.015625   20.03125  ... 2047.953125 2047.96875
 2047.984375]
15:35 ninjax INFO    : [-4.81850848e-24+1.83409911e-23j  2.04157772e-23+2.33692187e-23j
 -6.86174059e-23-5.76226904e-23j ...
 -7.23307704e-25+1.24988201e-23j -2.29740150e-24-1.59510670e-23j
 -2.15631797e-23-2.08276251e-23j]
15:35 ninjax INFO    : [1.44906511e-46 1.44435812e-46 1.43973008e-46 ... 2.17771234e-47
 2.17774337e-47 2.17777440e-47]
15:35 ninjax INFO    : Signal injected in ifo V1. Frequencies, data, and PSD:
15:35 ninjax INFO    : [  20.         20.015625   20.03125  ... 2047.953125 2047.96875
 2047.984375]
15:35 ninjax INFO    : [ 5.52117626e-23-1.64224368e-23j  1.85035802e-23-2.96692381e-24j
  6.11879013e-24+5.60331094e-24j ...
 -2.31996642e-23+3.59508474e-23j  3.26293873e-23+3.47835062e-23j
  6.07140681e-24+2.39375867e-23j]
15:35 ninjax INFO    : [1.43183556e-46 1.42688205e-46 1.42194425e-46 ... 6.39772204e-47
 6.39781464e-47 6.39790724e-47]
15:35 ninjax INFO    : SNR for ifo H1 is 14.618155501054991
15:35 ninjax INFO    : SNR for ifo L1 is 20.200911489729194
15:35 ninjax INFO    : SNR for ifo V1 is 8.034814709927584
15:35 ninjax INFO    : The network SNR is 26.19781560916417
15:35 ninjax INFO    : The network SNR does not pass the threshold, trying again
15:35 ninjax INFO    : Generating new injection
15:35 ninjax INFO    : Sanity check: generated parameters:
15:35 ninjax INFO    : {'mass_1_source': 1.4130347650825, 'mass_2_source': 1.9555593058102003, 's1_z': -0.03898766131828677, 's2_z': -0.027884431890737995, 'cos_iota': -0.40215689370667507, 'd_L': 309.8115852261983, 't_c': 0.052344548366420524, 'phase_c': 4.867082646032672, 'psi': 1.5884570308682837, 'ra': 1.8574640076704638, 'sin_dec': -0.28383778981633556}
15:35 ninjax INFO    : Computing lambdas from EOS file /home/twouters2/projects/projection_BNS_A_plus/src/projection_BNS/data/MPA1.npz . . . 
15:35 ninjax INFO    : Injected lambda_1: 58.29149153025526
15:35 ninjax INFO    : Injected lambda_2: 485.7861641820858
15:35 ninjax INFO    : Duration is not specified in the config. Computed chirp time: for fmin = 20.0 and M_c = 1.5443648965131813 is 128.0
15:35 ninjax INFO    : After transforms, the injection parameters are:
15:35 ninjax INFO    : {'mass_1_source': 1.9555593058102003, 'mass_2_source': 1.4130347650825, 's1_z': -0.03898766131828677, 's2_z': -0.027884431890737995, 'cos_iota': -0.40215689370667507, 'd_L': 309.8115852261983, 't_c': 0.052344548366420524, 'phase_c': 4.867082646032672, 'psi': 1.5884570308682837, 'ra': 1.8574640076704638, 'sin_dec': -0.28383778981633556, 'q': 0.7225732100704922, 'M_c': 1.5443648965131813, 'eta': 0.2435154263857525, 'iota': Array(1.98466775, dtype=float64, weak_type=True), 'dec': Array(-0.28779415, dtype=float64, weak_type=True), 'lambda_1': 58.29149153025526, 'lambda_2': 485.7861641820858}
15:35 ninjax INFO    : The trial injection parameters are {'M_c': 1.5443648965131813, 'eta': 0.2435154263857525, 's1_z': -0.03898766131828677, 's2_z': -0.027884431890737995, 'lambda_1': 58.29149153025526, 'lambda_2': 485.7861641820858, 'd_L': 309.8115852261983, 'phase_c': 4.867082646032672, 'iota': 1.9846677488142084, 't_c': 0.052344548366420524, 'psi': 1.5884570308682837, 'ra': 1.8574640076704638, 'dec': -0.28779415097962524}
15:35 ninjax INFO    : Injecting signals . . .
15:35 ninjax INFO    : self.ifos
15:35 ninjax INFO    : [GroundBased2G(H1), GroundBased2G(L1), GroundBased2G(V1)]
15:35 ninjax INFO    : Signal injected in ifo H1. Frequencies, data, and PSD:
15:35 ninjax INFO    : [  20.          20.0078125   20.015625  ... 2047.9765625
 2047.984375  2047.9921875]
15:35 ninjax INFO    : [-6.66544975e-23-3.85823441e-23j -8.09056799e-23-4.81306137e-23j
 -3.77021830e-23+2.68440847e-23j ...
  5.39276234e-24+2.45611913e-24j  1.84029243e-23-8.43609062e-24j
  3.40736080e-24+7.17846270e-24j]
15:35 ninjax INFO    : [1.44906511e-46 1.44667215e-46 1.44435812e-46 ... 2.17775889e-47
 2.17777440e-47 2.17778992e-47]
15:35 ninjax INFO    : Signal injected in ifo L1. Frequencies, data, and PSD:
15:35 ninjax INFO    : [  20.          20.0078125   20.015625  ... 2047.9765625
 2047.984375  2047.9921875]
15:35 ninjax INFO    : [ 2.38264629e-23-7.67806106e-23j -4.22421867e-23+3.71847693e-23j
  1.31027282e-23+5.46827343e-23j ...
  1.86703625e-23-1.85004590e-23j  2.39227072e-24+2.92689593e-23j
 -6.76490301e-24-1.27936851e-23j]
15:35 ninjax INFO    : [1.44906511e-46 1.44667215e-46 1.44435812e-46 ... 2.17775889e-47
 2.17777440e-47 2.17778992e-47]
15:35 ninjax INFO    : Signal injected in ifo V1. Frequencies, data, and PSD:
15:35 ninjax INFO    : [  20.          20.0078125   20.015625  ... 2047.9765625
 2047.984375  2047.9921875]
15:35 ninjax INFO    : [-2.64003377e-23-5.77242299e-24j -2.80308011e-23+1.97065884e-23j
 -4.57687925e-23+3.33840097e-23j ...
  2.68093527e-23+9.93100495e-24j  5.52060851e-23-5.33113432e-24j
 -2.70040822e-23-1.64197717e-23j]
15:35 ninjax INFO    : [1.43183556e-46 1.42935095e-46 1.42688205e-46 ... 6.39786094e-47
 6.39790724e-47 6.39795354e-47]
15:35 ninjax INFO    : SNR for ifo H1 is 2.716395015978508
15:35 ninjax INFO    : SNR for ifo L1 is 6.602946265326148
15:35 ninjax INFO    : SNR for ifo V1 is 1.9023887632041958
15:35 ninjax INFO    : The network SNR is 7.388963680515895
15:35 ninjax INFO    : The network SNR does not pass the threshold, trying again
15:35 ninjax INFO    : Generating new injection
15:35 ninjax INFO    : Sanity check: generated parameters:
15:35 ninjax INFO    : {'mass_1_source': 1.3516253976705583, 'mass_2_source': 2.022511298893393, 's1_z': 0.0036486390874668623, 's2_z': -0.022469554351626633, 'cos_iota': -0.5250963431232947, 'd_L': 420.2494833873395, 't_c': -0.0984089247900108, 'phase_c': 5.80566805307418, 'psi': 1.8504405874425307, 'ra': 5.697107959287634, 'sin_dec': -0.21327576170905127}
15:35 ninjax INFO    : Computing lambdas from EOS file /home/twouters2/projects/projection_BNS_A_plus/src/projection_BNS/data/MPA1.npz . . . 
15:35 ninjax INFO    : Injected lambda_1: 44.75132315512165
15:35 ninjax INFO    : Injected lambda_2: 626.8673128508499
15:35 ninjax INFO    : Duration is not specified in the config. Computed chirp time: for fmin = 20.0 and M_c = 1.5696879227505678 is 128.0
15:35 ninjax INFO    : After transforms, the injection parameters are:
15:35 ninjax INFO    : {'mass_1_source': 2.022511298893393, 'mass_2_source': 1.3516253976705583, 's1_z': 0.0036486390874668623, 's2_z': -0.022469554351626633, 'cos_iota': -0.5250963431232947, 'd_L': 420.2494833873395, 't_c': -0.0984089247900108, 'phase_c': 5.80566805307418, 'psi': 1.8504405874425307, 'ra': 5.697107959287634, 'sin_dec': -0.21327576170905127, 'q': 0.6682906535108573, 'M_c': 1.5696879227505678, 'eta': 0.24011647209761883, 'iota': Array(2.12362464, dtype=float64, weak_type=True), 'dec': Array(-0.21492665, dtype=float64, weak_type=True), 'lambda_1': 44.75132315512165, 'lambda_2': 626.8673128508499}
15:35 ninjax INFO    : The trial injection parameters are {'M_c': 1.5696879227505678, 'eta': 0.24011647209761883, 's1_z': 0.0036486390874668623, 's2_z': -0.022469554351626633, 'lambda_1': 44.75132315512165, 'lambda_2': 626.8673128508499, 'd_L': 420.2494833873395, 'phase_c': 5.80566805307418, 'iota': 2.1236246419070843, 't_c': -0.0984089247900108, 'psi': 1.8504405874425307, 'ra': 5.697107959287634, 'dec': -0.21492664508762438}
15:35 ninjax INFO    : Injecting signals . . .
15:35 ninjax INFO    : self.ifos
15:35 ninjax INFO    : [GroundBased2G(H1), GroundBased2G(L1), GroundBased2G(V1)]
15:35 ninjax INFO    : Signal injected in ifo H1. Frequencies, data, and PSD:
15:35 ninjax INFO    : [  20.          20.0078125   20.015625  ... 2047.9765625
 2047.984375  2047.9921875]
15:35 ninjax INFO    : [-6.81677561e-23-3.91816047e-23j -8.20751941e-23-4.72535196e-23j
 -3.75473217e-23+2.81373976e-23j ...
  5.39276234e-24+2.45611913e-24j  1.84029243e-23-8.43609062e-24j
  3.40736080e-24+7.17846270e-24j]
15:35 ninjax INFO    : [1.44906511e-46 1.44667215e-46 1.44435812e-46 ... 2.17775889e-47
 2.17777440e-47 2.17778992e-47]
15:35 ninjax INFO    : Signal injected in ifo L1. Frequencies, data, and PSD:
15:35 ninjax INFO    : [  20.          20.0078125   20.015625  ... 2047.9765625
 2047.984375  2047.9921875]
15:35 ninjax INFO    : [ 2.41912235e-23-7.92115094e-23j -4.40905211e-23+3.51652647e-23j
  1.01016105e-23+5.49074785e-23j ...
  1.86703625e-23-1.85004590e-23j  2.39227072e-24+2.92689593e-23j
 -6.76490301e-24-1.27936851e-23j]
15:35 ninjax INFO    : [1.44906511e-46 1.44667215e-46 1.44435812e-46 ... 2.17775889e-47
 2.17777440e-47 2.17778992e-47]
15:35 ninjax INFO    : Signal injected in ifo V1. Frequencies, data, and PSD:
15:35 ninjax INFO    : [  20.          20.0078125   20.015625  ... 2047.9765625
 2047.984375  2047.9921875]
15:35 ninjax INFO    : [-2.78495374e-23-1.81598277e-24j -2.54532792e-23+2.31979254e-23j
 -4.13194383e-23+3.31394731e-23j ...
  2.68093527e-23+9.93100495e-24j  5.52060851e-23-5.33113432e-24j
 -2.70040822e-23-1.64197717e-23j]
15:35 ninjax INFO    : [1.43183556e-46 1.42935095e-46 1.42688205e-46 ... 6.39786094e-47
 6.39790724e-47 6.39795354e-47]
15:35 ninjax INFO    : SNR for ifo H1 is 4.600387509714764
15:35 ninjax INFO    : SNR for ifo L1 is 4.609065484234494
15:35 ninjax INFO    : SNR for ifo V1 is 6.499945316478678
15:35 ninjax INFO    : The network SNR is 9.200887945992736
15:35 ninjax INFO    : The network SNR does not pass the threshold, trying again
15:35 ninjax INFO    : Generating new injection
15:35 ninjax INFO    : Sanity check: generated parameters:
15:35 ninjax INFO    : {'mass_1_source': 2.0881212052151676, 'mass_2_source': 1.376625316338539, 's1_z': 0.007745809144143891, 's2_z': 0.04596882455868738, 'cos_iota': -0.23137442927681073, 'd_L': 219.19827978806492, 't_c': 0.04486615463436244, 'phase_c': 0.11936805442031748, 'psi': 1.0873343967507956, 'ra': 3.005038896561445, 'sin_dec': -0.5741518524796634}
15:35 ninjax INFO    : Computing lambdas from EOS file /home/twouters2/projects/projection_BNS_A_plus/src/projection_BNS/data/MPA1.npz . . . 
15:35 ninjax INFO    : Injected lambda_1: 34.321641226951236
15:35 ninjax INFO    : Injected lambda_2: 564.6679061519909
15:35 ninjax INFO    : Duration is not specified in the config. Computed chirp time: for fmin = 20.0 and M_c = 1.5424216800854893 is 128.0
15:35 ninjax INFO    : After transforms, the injection parameters are:
15:35 ninjax INFO    : {'mass_1_source': 2.0881212052151676, 'mass_2_source': 1.376625316338539, 's1_z': 0.007745809144143891, 's2_z': 0.04596882455868738, 'cos_iota': -0.23137442927681073, 'd_L': 219.19827978806492, 't_c': 0.04486615463436244, 'phase_c': 0.11936805442031748, 'psi': 1.0873343967507956, 'ra': 3.005038896561445, 'sin_dec': -0.5741518524796634, 'q': 0.6592650430924992, 'M_c': 1.5424216800854893, 'eta': 0.2394575423802937, 'iota': Array(1.80428654, dtype=float64, weak_type=True), 'dec': Array(-0.61156786, dtype=float64, weak_type=True), 'lambda_1': 34.321641226951236, 'lambda_2': 564.6679061519909}
15:35 ninjax INFO    : The trial injection parameters are {'M_c': 1.5424216800854893, 'eta': 0.2394575423802937, 's1_z': 0.007745809144143891, 's2_z': 0.04596882455868738, 'lambda_1': 34.321641226951236, 'lambda_2': 564.6679061519909, 'd_L': 219.19827978806492, 'phase_c': 0.11936805442031748, 'iota': 1.8042865378358839, 't_c': 0.04486615463436244, 'psi': 1.0873343967507956, 'ra': 3.005038896561445, 'dec': -0.6115678644841237}
15:35 ninjax INFO    : Injecting signals . . .
15:35 ninjax INFO    : self.ifos
15:35 ninjax INFO    : [GroundBased2G(H1), GroundBased2G(L1), GroundBased2G(V1)]
15:35 ninjax INFO    : Signal injected in ifo H1. Frequencies, data, and PSD:
15:35 ninjax INFO    : [  20.          20.0078125   20.015625  ... 2047.9765625
 2047.984375  2047.9921875]
15:35 ninjax INFO    : [-6.87156470e-23-3.36670591e-23j -7.85581600e-23-4.33491999e-23j
 -3.25512710e-23+2.81890225e-23j ...
  5.39276234e-24+2.45611913e-24j  1.84029243e-23-8.43609062e-24j
  3.40736080e-24+7.17846270e-24j]
15:35 ninjax INFO    : [1.44906511e-46 1.44667215e-46 1.44435812e-46 ... 2.17775889e-47
 2.17777440e-47 2.17778992e-47]
15:35 ninjax INFO    : Signal injected in ifo L1. Frequencies, data, and PSD:
15:35 ninjax INFO    : [  20.          20.0078125   20.015625  ... 2047.9765625
 2047.984375  2047.9921875]
15:35 ninjax INFO    : [ 2.57777550e-23-8.07265714e-23j -4.39487609e-23+3.31715555e-23j
  8.97832184e-24+5.33982179e-23j ...
  1.86703625e-23-1.85004590e-23j  2.39227072e-24+2.92689593e-23j
 -6.76490301e-24-1.27936851e-23j]
15:35 ninjax INFO    : [1.44906511e-46 1.44667215e-46 1.44435812e-46 ... 2.17775889e-47
 2.17777440e-47 2.17778992e-47]
15:35 ninjax INFO    : Signal injected in ifo V1. Frequencies, data, and PSD:
15:35 ninjax INFO    : [  20.          20.0078125   20.015625  ... 2047.9765625
 2047.984375  2047.9921875]
15:35 ninjax INFO    : [-2.68143171e-23-3.79163638e-24j -2.68075341e-23+2.12996667e-23j
 -4.37778035e-23+3.34828393e-23j ...
  2.68093527e-23+9.93100495e-24j  5.52060851e-23-5.33113432e-24j
 -2.70040822e-23-1.64197717e-23j]
15:35 ninjax INFO    : [1.43183556e-46 1.42935095e-46 1.42688205e-46 ... 6.39786094e-47
 6.39790724e-47 6.39795354e-47]
15:35 ninjax INFO    : SNR for ifo H1 is 14.214820761332012
15:35 ninjax INFO    : SNR for ifo L1 is 8.621271506302897
15:35 ninjax INFO    : SNR for ifo V1 is 2.7882353556425996
15:35 ninjax INFO    : The network SNR is 16.857096667594963
15:35 ninjax INFO    : The network SNR does not pass the threshold, trying again
15:35 ninjax INFO    : Generating new injection
15:35 ninjax INFO    : Sanity check: generated parameters:
15:35 ninjax INFO    : {'mass_1_source': 1.2289739276217355, 'mass_2_source': 2.311033485903181, 's1_z': -0.01111566865743667, 's2_z': 0.029754297671064286, 'cos_iota': 0.5778418058877448, 'd_L': 434.795555703348, 't_c': 0.028441492372550753, 'phase_c': 4.100525087057632, 'psi': 2.614894052522138, 'ra': 2.1269937546248685, 'sin_dec': 0.9280864927103307}
15:35 ninjax INFO    : Computing lambdas from EOS file /home/twouters2/projects/projection_BNS_A_plus/src/projection_BNS/data/MPA1.npz . . . 
15:35 ninjax INFO    : Injected lambda_1: 12.52654019395076
15:35 ninjax INFO    : Injected lambda_2: 1063.7606081030233
15:35 ninjax INFO    : Duration is not specified in the config. Computed chirp time: for fmin = 20.0 and M_c = 1.5955398926221027 is 128.0
15:35 ninjax INFO    : After transforms, the injection parameters are:
15:35 ninjax INFO    : {'mass_1_source': 2.311033485903181, 'mass_2_source': 1.2289739276217355, 's1_z': -0.01111566865743667, 's2_z': 0.029754297671064286, 'cos_iota': 0.5778418058877448, 'd_L': 434.795555703348, 't_c': 0.028441492372550753, 'phase_c': 4.100525087057632, 'psi': 2.614894052522138, 'ra': 2.1269937546248685, 'sin_dec': 0.9280864927103307, 'q': 0.5317854263550132, 'M_c': 1.5955398926221027, 'eta': 0.22664208912577488, 'iota': Array(0.95471448, dtype=float64, weak_type=True), 'dec': Array(1.18924068, dtype=float64, weak_type=True), 'lambda_1': 12.52654019395076, 'lambda_2': 1063.7606081030233}
15:35 ninjax INFO    : The trial injection parameters are {'M_c': 1.5955398926221027, 'eta': 0.22664208912577488, 's1_z': -0.01111566865743667, 's2_z': 0.029754297671064286, 'lambda_1': 12.52654019395076, 'lambda_2': 1063.7606081030233, 'd_L': 434.795555703348, 'phase_c': 4.100525087057632, 'iota': 0.9547144828512529, 't_c': 0.028441492372550753, 'psi': 2.614894052522138, 'ra': 2.1269937546248685, 'dec': 1.189240684945766}
15:35 ninjax INFO    : Injecting signals . . .
15:35 ninjax INFO    : self.ifos
15:35 ninjax INFO    : [GroundBased2G(H1), GroundBased2G(L1), GroundBased2G(V1)]
15:35 ninjax INFO    : Signal injected in ifo H1. Frequencies, data, and PSD:
15:35 ninjax INFO    : [  20.          20.0078125   20.015625  ... 2047.9765625
 2047.984375  2047.9921875]
15:35 ninjax INFO    : [-6.37962667e-23-3.69427722e-23j -7.79456834e-23-5.02529303e-23j
 -3.84000657e-23+2.29351400e-23j ...
  5.39276234e-24+2.45611913e-24j  1.84029243e-23-8.43609062e-24j
  3.40736080e-24+7.17846270e-24j]
15:35 ninjax INFO    : [1.44906511e-46 1.44667215e-46 1.44435812e-46 ... 2.17775889e-47
 2.17777440e-47 2.17778992e-47]
15:35 ninjax INFO    : Signal injected in ifo L1. Frequencies, data, and PSD:
15:35 ninjax INFO    : [  20.          20.0078125   20.015625  ... 2047.9765625
 2047.984375  2047.9921875]
15:35 ninjax INFO    : [ 2.07132225e-23-8.20776734e-23j -4.83945516e-23+3.70122044e-23j
  9.77902239e-24+5.97332934e-23j ...
  1.86703625e-23-1.85004590e-23j  2.39227072e-24+2.92689593e-23j
 -6.76490301e-24-1.27936851e-23j]
15:35 ninjax INFO    : [1.44906511e-46 1.44667215e-46 1.44435812e-46 ... 2.17775889e-47
 2.17777440e-47 2.17778992e-47]
15:35 ninjax INFO    : Signal injected in ifo V1. Frequencies, data, and PSD:
15:35 ninjax INFO    : [  20.          20.0078125   20.015625  ... 2047.9765625
 2047.984375  2047.9921875]
15:35 ninjax INFO    : [-2.98413065e-23-6.04690644e-24j -2.96323356e-23+2.30390217e-23j
 -4.30989399e-23+3.63471376e-23j ...
  2.68093527e-23+9.93100495e-24j  5.52060851e-23-5.33113432e-24j
 -2.70040822e-23-1.64197717e-23j]
15:35 ninjax INFO    : [1.43183556e-46 1.42935095e-46 1.42688205e-46 ... 6.39786094e-47
 6.39790724e-47 6.39795354e-47]
15:35 ninjax INFO    : SNR for ifo H1 is 7.751616960170291
15:35 ninjax INFO    : SNR for ifo L1 is 6.675288588273687
15:35 ninjax INFO    : SNR for ifo V1 is 7.356141751817334
15:35 ninjax INFO    : The network SNR is 12.599994631219761
15:35 ninjax INFO    : The network SNR does not pass the threshold, trying again
15:35 ninjax INFO    : Generating new injection
15:35 ninjax INFO    : Sanity check: generated parameters:
15:35 ninjax INFO    : {'mass_1_source': 2.104023229547205, 'mass_2_source': 2.2176241059336146, 's1_z': 0.038787013382645716, 's2_z': 0.03500630411862782, 'cos_iota': 0.2619538045205392, 'd_L': 316.61805313748454, 't_c': -0.015028369367120528, 'phase_c': 2.2563153984178084, 'psi': 0.788955530547972, 'ra': 4.299656578188175, 'sin_dec': 0.17788241072949074}
15:35 ninjax INFO    : Computing lambdas from EOS file /home/twouters2/projects/projection_BNS_A_plus/src/projection_BNS/data/MPA1.npz . . . 
15:35 ninjax INFO    : Injected lambda_1: 19.684991391124292
15:35 ninjax INFO    : Injected lambda_2: 32.14280598594238
15:35 ninjax INFO    : Duration is not specified in the config. Computed chirp time: for fmin = 20.0 and M_c = 2.014848289721116 is 128.0
15:35 ninjax INFO    : After transforms, the injection parameters are:
15:35 ninjax INFO    : {'mass_1_source': 2.2176241059336146, 'mass_2_source': 2.104023229547205, 's1_z': 0.038787013382645716, 's2_z': 0.03500630411862782, 'cos_iota': 0.2619538045205392, 'd_L': 316.61805313748454, 't_c': -0.015028369367120528, 'phase_c': 2.2563153984178084, 'psi': 0.788955530547972, 'ra': 4.299656578188175, 'sin_dec': 0.17788241072949074, 'q': 0.948773610422771, 'M_c': 2.014848289721116, 'eta': 0.2498272553027162, 'iota': Array(1.30575018, dtype=float64, weak_type=True), 'dec': Array(0.17883412, dtype=float64, weak_type=True), 'lambda_1': 19.684991391124292, 'lambda_2': 32.14280598594238}
15:35 ninjax INFO    : The trial injection parameters are {'M_c': 2.014848289721116, 'eta': 0.2498272553027162, 's1_z': 0.038787013382645716, 's2_z': 0.03500630411862782, 'lambda_1': 19.684991391124292, 'lambda_2': 32.14280598594238, 'd_L': 316.61805313748454, 'phase_c': 2.2563153984178084, 'iota': 1.3057501792495885, 't_c': -0.015028369367120528, 'psi': 0.788955530547972, 'ra': 4.299656578188175, 'dec': 0.1788341224426147}
15:35 ninjax INFO    : Injecting signals . . .
15:35 ninjax INFO    : self.ifos
15:35 ninjax INFO    : [GroundBased2G(H1), GroundBased2G(L1), GroundBased2G(V1)]
15:35 ninjax INFO    : Signal injected in ifo H1. Frequencies, data, and PSD:
15:35 ninjax INFO    : [  20.          20.0078125   20.015625  ... 2047.9765625
 2047.984375  2047.9921875]
15:35 ninjax INFO    : [-6.88273233e-23-3.74880548e-23j -7.80605379e-23-5.03429893e-23j
 -4.24213166e-23+2.62580532e-23j ...
  5.38702174e-24+2.46792541e-24j  1.83960508e-23-8.42490592e-24j
  3.39942112e-24+7.18891746e-24j]
15:35 ninjax INFO    : [1.44906511e-46 1.44667215e-46 1.44435812e-46 ... 2.17775889e-47
 2.17777440e-47 2.17778992e-47]
15:35 ninjax INFO    : Signal injected in ifo L1. Frequencies, data, and PSD:
15:35 ninjax INFO    : [  20.          20.0078125   20.015625  ... 2047.9765625
 2047.984375  2047.9921875]
15:35 ninjax INFO    : [ 2.32795023e-23-8.28757610e-23j -4.77594399e-23+3.98218810e-23j
  1.43087161e-23+5.50791988e-23j ...
  1.86844557e-23-1.84989392e-23j  2.40614715e-24+2.92718529e-23j
 -6.75137700e-24-1.27894455e-23j]
15:35 ninjax INFO    : [1.44906511e-46 1.44667215e-46 1.44435812e-46 ... 2.17775889e-47
 2.17777440e-47 2.17778992e-47]
15:35 ninjax INFO    : Signal injected in ifo V1. Frequencies, data, and PSD:
15:35 ninjax INFO    : [  20.          20.0078125   20.015625  ... 2047.9765625
 2047.984375  2047.9921875]
15:35 ninjax INFO    : [-2.80003243e-23-6.85962183e-24j -2.54377316e-23+2.23138237e-23j
 -4.54866553e-23+2.94936795e-23j ...
  2.67997131e-23+9.93692947e-24j  5.51959060e-23-5.32619378e-24j
 -2.70147006e-23-1.64158637e-23j]
15:35 ninjax INFO    : [1.43183556e-46 1.42935095e-46 1.42688205e-46 ... 6.39786094e-47
 6.39790724e-47 6.39795354e-47]
15:35 ninjax INFO    : SNR for ifo H1 is 7.5646340071183955
15:35 ninjax INFO    : SNR for ifo L1 is 8.167959533940554
15:35 ninjax INFO    : SNR for ifo V1 is 5.142766266799319
15:35 ninjax INFO    : The network SNR is 12.263249792965627
15:35 ninjax INFO    : The network SNR does not pass the threshold, trying again
15:35 ninjax INFO    : Generating new injection
15:35 ninjax INFO    : Sanity check: generated parameters:
15:35 ninjax INFO    : {'mass_1_source': 2.114480795293942, 'mass_2_source': 1.9142826817071597, 's1_z': 0.03536091706040945, 's2_z': -0.04878390073909942, 'cos_iota': 0.6960173937014087, 'd_L': 174.07184170908687, 't_c': -0.03541065770471699, 'phase_c': 4.361481997164982, 'psi': 1.043292452857009, 'ra': 1.4797630292783353, 'sin_dec': -0.30606205431489464}
15:35 ninjax INFO    : Computing lambdas from EOS file /home/twouters2/projects/projection_BNS_A_plus/src/projection_BNS/data/MPA1.npz . . . 
15:35 ninjax INFO    : Injected lambda_1: 30.77629442914788
15:35 ninjax INFO    : Injected lambda_2: 68.45846861744558
15:35 ninjax INFO    : Duration is not specified in the config. Computed chirp time: for fmin = 20.0 and M_c = 1.819894021151858 is 128.0
15:35 ninjax INFO    : After transforms, the injection parameters are:
15:35 ninjax INFO    : {'mass_1_source': 2.114480795293942, 'mass_2_source': 1.9142826817071597, 's1_z': 0.03536091706040945, 's2_z': -0.04878390073909942, 'cos_iota': 0.6960173937014087, 'd_L': 174.07184170908687, 't_c': -0.03541065770471699, 'phase_c': 4.361481997164982, 'psi': 1.043292452857009, 'ra': 1.4797630292783353, 'sin_dec': -0.30606205431489464, 'q': 0.905320438931226, 'M_c': 1.819894021151858, 'eta': 0.24938267135712797, 'iota': Array(0.80096046, dtype=float64, weak_type=True), 'dec': Array(-0.31105382, dtype=float64, weak_type=True), 'lambda_1': 30.77629442914788, 'lambda_2': 68.45846861744558}
15:35 ninjax INFO    : The trial injection parameters are {'M_c': 1.819894021151858, 'eta': 0.24938267135712797, 's1_z': 0.03536091706040945, 's2_z': -0.04878390073909942, 'lambda_1': 30.77629442914788, 'lambda_2': 68.45846861744558, 'd_L': 174.07184170908687, 'phase_c': 4.361481997164982, 'iota': 0.8009604635798975, 't_c': -0.03541065770471699, 'psi': 1.043292452857009, 'ra': 1.4797630292783353, 'dec': -0.3110538192478677}
15:35 ninjax INFO    : Injecting signals . . .
15:35 ninjax INFO    : self.ifos
15:35 ninjax INFO    : [GroundBased2G(H1), GroundBased2G(L1), GroundBased2G(V1)]
15:35 ninjax INFO    : Signal injected in ifo H1. Frequencies, data, and PSD:
15:35 ninjax INFO    : [  20.          20.0078125   20.015625  ... 2047.9765625
 2047.984375  2047.9921875]
15:35 ninjax INFO    : [-6.28106294e-23-3.22388078e-23j -7.68521155e-23-5.60516574e-23j
 -4.70700694e-23+2.62885453e-23j ...
  5.41860453e-24+2.44681850e-24j  1.84295671e-23-8.44275968e-24j
  3.43453696e-24+7.17449208e-24j]
15:35 ninjax INFO    : [1.44906511e-46 1.44667215e-46 1.44435812e-46 ... 2.17775889e-47
 2.17777440e-47 2.17778992e-47]
15:35 ninjax INFO    : Signal injected in ifo L1. Frequencies, data, and PSD:
15:35 ninjax INFO    : [  20.          20.0078125   20.015625  ... 2047.9765625
 2047.984375  2047.9921875]
15:35 ninjax INFO    : [ 2.51984102e-23-9.00125169e-23j -5.60452481e-23+3.99970355e-23j
  1.93128471e-23+6.42864200e-23j ...
  1.86834546e-23-1.85357211e-23j  2.40883838e-24+2.92351907e-23j
 -6.74502742e-24-1.28256188e-23j]
15:35 ninjax INFO    : [1.44906511e-46 1.44667215e-46 1.44435812e-46 ... 2.17775889e-47
 2.17777440e-47 2.17778992e-47]
15:35 ninjax INFO    : Signal injected in ifo V1. Frequencies, data, and PSD:
15:35 ninjax INFO    : [  20.          20.0078125   20.015625  ... 2047.9765625
 2047.984375  2047.9921875]
15:35 ninjax INFO    : [-2.55641614e-23-2.30151548e-24j -2.47249229e-23+1.81830608e-23j
 -4.75108582e-23+3.14501699e-23j ...
  2.68007869e-23+9.92862735e-24j  5.51977990e-23-5.33435388e-24j
 -2.70120061e-23-1.64238012e-23j]
15:35 ninjax INFO    : [1.43183556e-46 1.42935095e-46 1.42688205e-46 ... 6.39786094e-47
 6.39790724e-47 6.39795354e-47]
15:35 ninjax INFO    : SNR for ifo H1 is 17.574756401958545
15:35 ninjax INFO    : SNR for ifo L1 is 24.06920773173143
15:35 ninjax INFO    : SNR for ifo V1 is 4.486144771528333
15:35 ninjax INFO    : The network SNR is 30.138419307132448
15:35 ninjax INFO    : Network SNR passes threshold
15:35 ninjax INFO    : Sanity checking the GW injection for ArrayImpl
15:35 ninjax INFO    :    mass_1_source: 2.114480795293942
15:35 ninjax INFO    :    mass_2_source: 1.9142826817071597
15:35 ninjax INFO    :    s1_z: 0.03536091706040945
15:35 ninjax INFO    :    s2_z: -0.04878390073909942
15:35 ninjax INFO    :    cos_iota: 0.6960173937014087
15:35 ninjax INFO    :    d_L: 174.07184170908687
15:35 ninjax INFO    :    t_c: -0.03541065770471699
15:35 ninjax INFO    :    phase_c: 4.361481997164982
15:35 ninjax INFO    :    psi: 1.043292452857009
15:35 ninjax INFO    :    ra: 1.4797630292783353
15:35 ninjax INFO    :    sin_dec: -0.30606205431489464
15:35 ninjax INFO    :    q: 0.905320438931226
15:35 ninjax INFO    :    M_c: 1.819894021151858
15:35 ninjax INFO    :    eta: 0.24938267135712797
15:35 ninjax INFO    :    iota: 0.8009604635798975
15:35 ninjax INFO    :    dec: -0.3110538192478677
15:35 ninjax INFO    :    lambda_1: 30.77629442914788
15:35 ninjax INFO    :    lambda_2: 68.45846861744558
15:35 ninjax INFO    :    H1_SNR: 17.574756401958545
15:35 ninjax INFO    :    L1_SNR: 24.06920773173143
15:35 ninjax INFO    :    V1_SNR: 4.486144771528333
15:35 ninjax INFO    :    network_SNR: 30.138419307132448
15:35 ninjax INFO    :    epoch: 126.0
15:35 ninjax INFO    :    gmst: 2.7288901910520846
15:35 ninjax INFO    :    duration: 128.0
15:35 ninjax INFO    : Using GW HeterodynedTransientLikelihoodFD. Initializing likelihood
15:35 ninjax INFO    : Using the injection parameters as reference parameters for the relative binning
15:35 ninjax INFO    : Using the following kwargs for the GW likelihood: {}
