Wed Apr  2 07:33:42 CEST 2025
NVIDIA H100
/gpfs/home6/twouters2/ninjax_dev/jim/src/jimgw/prior.py:94: UserWarning: As of jaxtyping version 0.2.24, jaxtyping now prefers the syntax
```
from jaxtyping import jaxtyped
# Use your favourite typechecker: usually one of the two lines below.
from typeguard import typechecked as typechecker
from beartype import beartype as typechecker

@jaxtyped(typechecker=typechecker)
def foo(...):
```
and the old double-decorator syntax
```
@jaxtyped
@typechecker
def foo(...):
```
should no longer be used. (It will continue to work as it did before, but the new approach will produce more readable error messages.)
In particular note that `typechecker` must be passed via keyword argument; the following is not valid:
```
@jaxtyped(typechecker)
def foo(...):
```

  class Uniform(Prior):
/gpfs/home6/twouters2/ninjax_dev/jim/src/jimgw/prior.py:149: UserWarning: As of jaxtyping version 0.2.24, jaxtyping now prefers the syntax
```
from jaxtyping import jaxtyped
# Use your favourite typechecker: usually one of the two lines below.
from typeguard import typechecked as typechecker
from beartype import beartype as typechecker

@jaxtyped(typechecker=typechecker)
def foo(...):
```
and the old double-decorator syntax
```
@jaxtyped
@typechecker
def foo(...):
```
should no longer be used. (It will continue to work as it did before, but the new approach will produce more readable error messages.)
In particular note that `typechecker` must be passed via keyword argument; the following is not valid:
```
@jaxtyped(typechecker)
def foo(...):
```

  class Unconstrained_Uniform(Prior):
/gpfs/home6/twouters2/ninjax_dev/jim/src/jimgw/prior.py:263: UserWarning: As of jaxtyping version 0.2.24, jaxtyping now prefers the syntax
```
from jaxtyping import jaxtyped
# Use your favourite typechecker: usually one of the two lines below.
from typeguard import typechecked as typechecker
from beartype import beartype as typechecker

@jaxtyped(typechecker=typechecker)
def foo(...):
```
and the old double-decorator syntax
```
@jaxtyped
@typechecker
def foo(...):
```
should no longer be used. (It will continue to work as it did before, but the new approach will produce more readable error messages.)
In particular note that `typechecker` must be passed via keyword argument; the following is not valid:
```
@jaxtyped(typechecker)
def foo(...):
```

  class AlignedSpin(Prior):
/gpfs/home6/twouters2/ninjax_dev/jim/src/jimgw/prior.py:377: UserWarning: As of jaxtyping version 0.2.24, jaxtyping now prefers the syntax
```
from jaxtyping import jaxtyped
# Use your favourite typechecker: usually one of the two lines below.
from typeguard import typechecked as typechecker
from beartype import beartype as typechecker

@jaxtyped(typechecker=typechecker)
def foo(...):
```
and the old double-decorator syntax
```
@jaxtyped
@typechecker
def foo(...):
```
should no longer be used. (It will continue to work as it did before, but the new approach will produce more readable error messages.)
In particular note that `typechecker` must be passed via keyword argument; the following is not valid:
```
@jaxtyped(typechecker)
def foo(...):
```

  class PowerLaw(Prior):
/gpfs/home6/twouters2/ninjax_dev/jim/src/jimgw/single_event/detector.py:496: UserWarning: As of jaxtyping version 0.2.24, jaxtyping now prefers the syntax
```
from jaxtyping import jaxtyped
# Use your favourite typechecker: usually one of the two lines below.
from typeguard import typechecked as typechecker
from beartype import beartype as typechecker

@jaxtyped(typechecker=typechecker)
def foo(...):
```
and the old double-decorator syntax
```
@jaxtyped
@typechecker
def foo(...):
```
should no longer be used. (It will continue to work as it did before, but the new approach will produce more readable error messages.)
In particular note that `typechecker` must be passed via keyword argument; the following is not valid:
```
@jaxtyped(typechecker)
def foo(...):
```

  def load_psd(
07:33 ninjax INFO    : Checking and setting outdir
07:33 ninjax INFO    : Found generation prior file ./Aplus/injection_25/generation_prior.prior
07:33 ninjax INFO    : The outdir is set to ./Aplus/injection_25
07:33 ninjax INFO    : Loading the given config
07:33 ninjax WARNING : Unrecognized keys given: {'n_max_examples'}. These will be ignored
07:33 ninjax INFO    : Arguments loaded into the config: {'likelihood': 'HeterodynedTransientLikelihoodFD', 'gw_injection': 'True', 'gw_load_existing_injection': 'False', 'gw_dump_injection_data': 'False', 'gw_SNR_threshold_low': '11.2', 'gw_SNR_threshold_high': '100', 'waveform_approximant': 'IMRPhenomD_NRTidalv2', 'waveform_approximant_1': 'None', 'waveform_approximant_2': 'None', 'gw_overlapping_tight_priors': 'False', 'ifos': 'H1,L1,V1', 'eos_file': '/home/twouters2/projects/projection_BNS_A_plus/src/projection_BNS/data/eos/jester_soft.npz', 'fmin': '20.0', 'fref': '20.0', 'fmax': '2048.0', 'duration': 'None', 'post_trigger_duration': '2.0', 'trigger_time': '1187008882.4', 'psd_file_H1': '/home/twouters2/projects/projection_BNS_A_plus/src/projection_BNS/data/psds/AplusDesign_PSD.txt', 'psd_file_L1': '/home/twouters2/projects/projection_BNS_A_plus/src/projection_BNS/data/psds/AplusDesign_PSD.txt', 'psd_file_V1': '/home/twouters2/projects/projection_BNS_A_plus/src/projection_BNS/data/psds/avirgo_O5high_NEW_PSD.txt', 'psd_file_ET1': '/home/twouters2/psds/ET_D_psd.txt', 'psd_file_ET2': '/home/twouters2/psds/ET_D_psd.txt', 'psd_file_ET3': '/home/twouters2/psds/ET_D_psd.txt', 'psd_file_CE': '/home/twouters2/psds/CE_psd.txt', 'data_file_H1': 'None', 'data_file_L1': 'None', 'data_file_V1': 'None', 'data_file_ET1': 'None', 'data_file_ET2': 'None', 'data_file_ET3': 'None', 'relative_binning_binsize': '1000', 'relative_binning_ref_params_equal_true_params': 'True', 'relative_binning_ref_params': 'None', 'transforms': 'q_to_eta,cos_iota_to_iota,sin_dec_to_dec', 'gw_kwargs': 'None', 'filters': 'None', 'tmin': '0.05', 'tmax': '15.0', 'em_injection': 'False', 'em_trigger_time': '0.0', 'em_data_path': 'None', 'KN_model_name': 'None', 'KN_class_name': 'None', 'KN_model_dir': 'None', 'GRB_model_name': 'None', 'GRB_class_name': 'None', 'GRB_model_dir': 'None', 'detection_limit': 'None', 'n_loop_training': '200', 'n_loop_production': '10', 'n_local_steps': '100', 'n_global_steps': '1_000', 'n_epochs': '25', 'n_chains': '1_000', 'learning_rate': '0.001', 'max_samples': '50000', 'momentum': '0.9', 'batch_size': '30000', 'use_global': 'True', 'keep_quantile': '0.0', 'train_thinning': '10', 'output_thinning': '50', 'n_sample_max': '10000', 'verbose': 'False', 'save_training_chains': 'False', 'eps_mass_matrix': '1e-5', 'use_scheduler': 'True', 'use_temperature': 'False', 'which_temperature_schedule': 'exponential', 'starting_temperature': '2.0', 'stop_tempering_iteration': '75', 'stopping_criterion_global_acc': '0.10', 'stopping_criterion_loss': '-inf', 'seed': 'None', 'sampling_seed': 'None', 'injection_generation_seed': 'None', 'num_layers': '10', 'hidden_size': '128,128', 'num_bins': '8', 'nf_model_kwargs': 'None', 'run_sampler': 'True', 'keys_to_plot': 'M_c, q, s1_z, s2_z, lambda_1, lambda_2, d_L, t_c, phase_c, iota, psi, ra, dec'}
07:33 ninjax INFO    : Complete config file written to /gpfs/home6/twouters2/projects/projection_BNS_A_plus/src/projection_BNS/GW/jester_soft/Aplus/injection_25/complete_config.json
07:33 ninjax INFO    : No seed specified. Generating a random seed: 292778
07:33 ninjax INFO    : No sampling_seed specified. Generating a random sampling_seed: 828930
07:33 ninjax INFO    : No injection_generation_seed specified. Generating a random injection_generation_seed: 851875
07:33 ninjax INFO    : Loading the priors
07:33 ninjax INFO    : Setting up the prior
07:33 ninjax INFO    :    Mc_prior = Uniform(0.98, 2.6, naming=["M_c"])
07:33 ninjax INFO    :    q_prior = Uniform(0.125, 1.0, naming=["q"])
07:33 ninjax INFO    :    s1_z_prior = Uniform(-0.05, 0.05, naming=["s1_z"])
07:33 ninjax INFO    :    s2_z_prior = Uniform(-0.05, 0.05, naming=["s2_z"])
07:33 ninjax INFO    :    lambda1_prior = Uniform(0.0, 5000.0, naming=["lambda_1"])
07:33 ninjax INFO    :    lambda2_prior = Uniform(0.0, 5000.0, naming=["lambda_2"])
07:33 ninjax INFO    :    cos_iota_prior = Uniform(-1.0, 1.0, naming=["cos_iota"])
07:33 ninjax INFO    :    dL_prior = PowerLaw(1.0, 1000.0, 2.0, naming=["d_L"])
07:33 ninjax INFO    :    t_c_prior = Uniform(-0.1, 0.1, naming=["t_c"])
07:33 ninjax INFO    :    phase_c_prior = Uniform(0.0, 2 * jnp.pi, naming=["phase_c"])
07:33 ninjax INFO    :    psi_prior = Uniform(0.0, jnp.pi, naming=["psi"])
07:33 ninjax INFO    :    ra_prior = Uniform(0.0, 2 * jnp.pi, naming=["ra"])
07:33 ninjax INFO    :    sin_dec_prior = Uniform(-1.0, 1.0, naming=["sin_dec"])
07:33 ninjax INFO    : Setting up the generation prior
07:33 ninjax INFO    :    mass_1_source_prior = Uniform(1.0, 1.99, naming=["mass_1_source"])
07:33 ninjax INFO    :    mass_2_source_prior = Uniform(1.0, 1.99, naming=["mass_2_source"])
07:33 ninjax INFO    :    s1_z_prior = Uniform(-0.05, 0.05, naming=["s1_z"])
07:33 ninjax INFO    :    s2_z_prior = Uniform(-0.05, 0.05, naming=["s2_z"])
07:33 ninjax INFO    :    cos_iota_prior = Uniform(-1.0, 1.0, naming=["cos_iota"])
07:33 ninjax INFO    :    dL_prior = PowerLaw(10.0, 460.0, 2.0, naming=["d_L"])
07:33 ninjax INFO    :    t_c_prior = Uniform(-0.1, 0.1, naming=["t_c"])
07:33 ninjax INFO    :    phase_c_prior = Uniform(0.0, 2 * jnp.pi, naming=["phase_c"])
07:33 ninjax INFO    :    psi_prior = Uniform(0.0, jnp.pi, naming=["psi"])
07:33 ninjax INFO    :    ra_prior = Uniform(0.0, 2 * jnp.pi, naming=["ra"])
07:33 ninjax INFO    :    sin_dec_prior = Uniform(-1.0, 1.0, naming=["sin_dec"])
07:33 ninjax INFO    : Finished prior setup
07:33 ninjax INFO    : Setting the transforms
07:33 ninjax INFO    : Raw transforms list is q_to_eta,cos_iota_to_iota,sin_dec_to_dec
07:33 ninjax INFO    : transforms_str_list has 3 elements
07:33 ninjax INFO    : DEBUG: Checking that all_transforms is OK: the list is ['binary_Love', 'binary_love_fit', 'cos_iota1_to_iota1', 'cos_iota2_to_iota2', 'cos_iota_to_iota', 'log_lambda_to_lambda', 'm1_m2_to_Mc_q', 'q1_to_eta1', 'q2_to_eta2', 'q_to_eta', 'sin_dec1_to_dec1', 'sin_dec2_to_dec2', 'sin_dec_to_dec', 'spin_sphere_to_cartesian_s1', 'spin_sphere_to_cartesian_s2', 'swap_lambdas_eos', 't_c_dt_to_tcs']
07:33 ninjax INFO    : Setting the likelihood
07:33 ninjax INFO    : GW likelihood provided, setting up the GW pipe
07:33 ninjax INFO    : eos_file is /home/twouters2/projects/projection_BNS_A_plus/src/projection_BNS/data/eos/jester_soft.npz
07:33 ninjax INFO    : Using eos_file /home/twouters2/projects/projection_BNS_A_plus/src/projection_BNS/data/eos/jester_soft.npz for BNS injections
07:33 ninjax INFO    : Note: No specific waveform approximant 1 so defaulting to IMRPhenomD_NRTidalv2
07:33 ninjax INFO    : self.is_BNS_run is True
07:33 ninjax INFO    : Using IMRPhenomD_NRTidalv2 waveform. Therefore, we will use no taper as the reference waveform for the likelihood if relative binning is used
07:33 ninjax INFO    : GW run is an injection
07:33 ninjax INFO    : Setting up GW injection . . . 
07:33 ninjax INFO    : The SNR thresholds are: 11.2 - 100.0
07:33 ninjax INFO    : Generating new injection
07:33 ninjax INFO    : Sanity check: generated parameters:
07:33 ninjax INFO    : {'mass_1_source': 1.8791505176740073, 'mass_2_source': 1.0890150002150392, 's1_z': 0.03922609605668308, 's2_z': -0.03207006845415457, 'cos_iota': 0.446977349324591, 'd_L': 366.13980329862585, 't_c': -0.014571956952881715, 'phase_c': 1.9110559958639277, 'psi': 2.0949747600173407, 'ra': 2.3316406817195863, 'sin_dec': -0.5415320605058516}
07:33 ninjax INFO    : Computing lambdas from EOS file /home/twouters2/projects/projection_BNS_A_plus/src/projection_BNS/data/eos/jester_soft.npz . . . 
07:33 ninjax INFO    : Injected lambda_1: 17.977655020355922
07:33 ninjax INFO    : Injected lambda_2: 1024.7584980491004
07:33 ninjax INFO    : Duration is not specified in the config. Computed chirp time: for fmin = 20.0 and M_c = 1.338506386057252 is 256.0
07:33 ninjax INFO    : After transforms, the injection parameters are:
07:33 ninjax INFO    : {'mass_1_source': 1.8791505176740073, 'mass_2_source': 1.0890150002150392, 's1_z': 0.03922609605668308, 's2_z': -0.03207006845415457, 'cos_iota': 0.446977349324591, 'd_L': 366.13980329862585, 't_c': -0.014571956952881715, 'phase_c': 1.9110559958639277, 'psi': 2.0949747600173407, 'ra': 2.3316406817195863, 'sin_dec': -0.5415320605058516, 'q': 0.5795251577627802, 'M_c': 1.338506386057252, 'eta': 0.23228394800267105, 'iota': Array(1.10741283, dtype=float64, weak_type=True), 'dec': Array(-0.57225845, dtype=float64, weak_type=True), 'lambda_1': 17.977655020355922, 'lambda_2': 1024.7584980491004}
07:33 ninjax INFO    : The trial injection parameters are {'M_c': 1.338506386057252, 'eta': 0.23228394800267105, 's1_z': 0.03922609605668308, 's2_z': -0.03207006845415457, 'lambda_1': 17.977655020355922, 'lambda_2': 1024.7584980491004, 'd_L': 366.13980329862585, 'phase_c': 1.9110559958639277, 'iota': 1.1074128316119063, 't_c': -0.014571956952881715, 'psi': 2.0949747600173407, 'ra': 2.3316406817195863, 'dec': -0.5722584480408202}
07:33 ninjax INFO    : Injecting signals . . .
07:33 ninjax INFO    : self.ifos
07:33 ninjax INFO    : [GroundBased2G(H1), GroundBased2G(L1), GroundBased2G(V1)]
07:33 ninjax INFO    : Signal injected in ifo H1. Frequencies, data, and PSD:
07:33 ninjax INFO    : [  20.           20.00390625   20.0078125  ... 2047.98828125
 2047.9921875  2047.99609375]
07:33 ninjax INFO    : [-8.61896036e-23-1.77802792e-23j -1.82236267e-23+3.17661006e-23j
  5.75447827e-23-9.49054790e-23j ...
 -7.81347174e-25+2.45515065e-25j -7.04609012e-24-4.05684404e-23j
  5.81627454e-24-5.01238244e-23j]
07:33 ninjax INFO    : [1.44906511e-46 1.44785671e-46 1.44667215e-46 ... 2.17778216e-47
 2.17778992e-47 2.17779767e-47]
07:33 ninjax INFO    : Signal injected in ifo L1. Frequencies, data, and PSD:
07:33 ninjax INFO    : [  20.           20.00390625   20.0078125  ... 2047.98828125
 2047.9921875  2047.99609375]
07:33 ninjax INFO    : [ 1.32739267e-22+1.87043524e-23j  3.16147778e-23+2.74378193e-23j
 -2.16072222e-23+3.49367769e-23j ...
 -4.37533730e-23+3.95750896e-24j  2.06115112e-23-1.04196734e-23j
 -4.19747074e-23-3.37163201e-23j]
07:33 ninjax INFO    : [1.44906511e-46 1.44785671e-46 1.44667215e-46 ... 2.17778216e-47
 2.17778992e-47 2.17779767e-47]
07:33 ninjax INFO    : Signal injected in ifo V1. Frequencies, data, and PSD:
07:33 ninjax INFO    : [  20.           20.00390625   20.0078125  ... 2047.98828125
 2047.9921875  2047.99609375]
07:33 ninjax INFO    : [ 3.79008805e-24-3.89214996e-24j -2.57428825e-23-2.69174481e-23j
 -5.56733627e-23+2.59708052e-23j ...
  1.97571339e-23+1.12075510e-23j  1.95242100e-23+2.15999247e-23j
  6.03421154e-24+7.19673676e-23j]
07:33 ninjax INFO    : [1.43183556e-46 1.43058540e-46 1.42935095e-46 ... 6.39793039e-47
 6.39795354e-47 6.39797668e-47]
07:33 ninjax INFO    : SNR for ifo H1 is 4.560494414973157
07:33 ninjax INFO    : SNR for ifo L1 is 2.04990242305033
07:33 ninjax INFO    : SNR for ifo V1 is 4.009546362408402
07:33 ninjax INFO    : The network SNR is 6.409108462596918
07:33 ninjax INFO    : The network SNR does not pass the threshold, trying again
07:33 ninjax INFO    : Generating new injection
07:33 ninjax INFO    : Sanity check: generated parameters:
07:33 ninjax INFO    : {'mass_1_source': 1.031227276340494, 'mass_2_source': 1.7520663834803938, 's1_z': 0.04963526562950034, 's2_z': 0.010745574131465194, 'cos_iota': -0.3479519437979053, 'd_L': 272.773604816687, 't_c': 0.002968325797508789, 'phase_c': 3.5904913516774015, 'psi': 0.022544044801246797, 'ra': 5.567444928530724, 'sin_dec': -0.3094093890167926}
07:33 ninjax INFO    : Computing lambdas from EOS file /home/twouters2/projects/projection_BNS_A_plus/src/projection_BNS/data/eos/jester_soft.npz . . . 
07:33 ninjax INFO    : Injected lambda_1: 34.541218556343075
07:33 ninjax INFO    : Injected lambda_2: 1478.984525245361
07:33 ninjax INFO    : Duration is not specified in the config. Computed chirp time: for fmin = 20.0 and M_c = 1.233690891046503 is 256.0
07:33 ninjax INFO    : After transforms, the injection parameters are:
07:33 ninjax INFO    : {'mass_1_source': 1.7520663834803938, 'mass_2_source': 1.031227276340494, 's1_z': 0.04963526562950034, 's2_z': 0.010745574131465194, 'cos_iota': -0.3479519437979053, 'd_L': 272.773604816687, 't_c': 0.002968325797508789, 'phase_c': 3.5904913516774015, 'psi': 0.022544044801246797, 'ra': 5.567444928530724, 'sin_dec': -0.3094093890167926, 'q': 0.5885777422953642, 'M_c': 1.233690891046503, 'eta': 0.2332313296102063, 'iota': Array(1.92618198, dtype=float64, weak_type=True), 'dec': Array(-0.31457188, dtype=float64, weak_type=True), 'lambda_1': 34.541218556343075, 'lambda_2': 1478.984525245361}
07:33 ninjax INFO    : The trial injection parameters are {'M_c': 1.233690891046503, 'eta': 0.2332313296102063, 's1_z': 0.04963526562950034, 's2_z': 0.010745574131465194, 'lambda_1': 34.541218556343075, 'lambda_2': 1478.984525245361, 'd_L': 272.773604816687, 'phase_c': 3.5904913516774015, 'iota': 1.9261819779154359, 't_c': 0.002968325797508789, 'psi': 0.022544044801246797, 'ra': 5.567444928530724, 'dec': -0.3145718811726639}
07:33 ninjax INFO    : Injecting signals . . .
07:33 ninjax INFO    : self.ifos
07:33 ninjax INFO    : [GroundBased2G(H1), GroundBased2G(L1), GroundBased2G(V1)]
07:33 ninjax INFO    : Signal injected in ifo H1. Frequencies, data, and PSD:
07:33 ninjax INFO    : [  20.           20.00390625   20.0078125  ... 2047.98828125
 2047.9921875  2047.99609375]
07:33 ninjax INFO    : [-8.58684523e-23-1.82380316e-23j -1.81572101e-23+3.26880883e-23j
  5.77724478e-23-9.65688904e-23j ...
 -7.81347174e-25+2.45515065e-25j -7.04609012e-24-4.05684404e-23j
  5.81627454e-24-5.01238244e-23j]
07:33 ninjax INFO    : [1.44906511e-46 1.44785671e-46 1.44667215e-46 ... 2.17778216e-47
 2.17778992e-47 2.17779767e-47]
07:33 ninjax INFO    : Signal injected in ifo L1. Frequencies, data, and PSD:
07:33 ninjax INFO    : [  20.           20.00390625   20.0078125  ... 2047.98828125
 2047.9921875  2047.99609375]
07:33 ninjax INFO    : [ 1.33642592e-22+1.71142060e-23j  2.97661295e-23+2.74977398e-23j
 -2.02728574e-23+3.66376157e-23j ...
 -4.37533730e-23+3.95750896e-24j  2.06115112e-23-1.04196734e-23j
 -4.19747074e-23-3.37163201e-23j]
07:33 ninjax INFO    : [1.44906511e-46 1.44785671e-46 1.44667215e-46 ... 2.17778216e-47
 2.17778992e-47 2.17779767e-47]
07:33 ninjax INFO    : Signal injected in ifo V1. Frequencies, data, and PSD:
07:33 ninjax INFO    : [  20.           20.00390625   20.0078125  ... 2047.98828125
 2047.9921875  2047.99609375]
07:33 ninjax INFO    : [ 2.15853190e-24+6.35796589e-25j -2.08044694e-23-2.99882736e-23j
 -6.22106647e-23+2.54968291e-23j ...
  1.97571339e-23+1.12075510e-23j  1.95242100e-23+2.15999247e-23j
  6.03421154e-24+7.19673676e-23j]
07:33 ninjax INFO    : [1.43183556e-46 1.43058540e-46 1.42935095e-46 ... 6.39793039e-47
 6.39795354e-47 6.39797668e-47]
07:33 ninjax INFO    : SNR for ifo H1 is 3.394988241408367
07:33 ninjax INFO    : SNR for ifo L1 is 5.9445725550563315
07:33 ninjax INFO    : SNR for ifo V1 is 7.988282122187603
07:33 ninjax INFO    : The network SNR is 10.520291787079486
07:33 ninjax INFO    : The network SNR does not pass the threshold, trying again
07:33 ninjax INFO    : Generating new injection
07:33 ninjax INFO    : Sanity check: generated parameters:
07:33 ninjax INFO    : {'mass_1_source': 1.0869662132603373, 'mass_2_source': 1.0169972212680898, 's1_z': 0.04160379747299803, 's2_z': -0.0140190615002743, 'cos_iota': 0.5060423009600816, 'd_L': 433.0195852830452, 't_c': -0.04583945771362568, 'phase_c': 3.330994206165366, 'psi': 1.1584761320796064, 'ra': 0.7762275014910114, 'sin_dec': -0.7746778908736207}
07:33 ninjax INFO    : Computing lambdas from EOS file /home/twouters2/projects/projection_BNS_A_plus/src/projection_BNS/data/eos/jester_soft.npz . . . 
07:33 ninjax INFO    : Injected lambda_1: 1036.5961988650654
07:33 ninjax INFO    : Injected lambda_2: 1623.7315710019273
07:33 ninjax INFO    : Duration is not specified in the config. Computed chirp time: for fmin = 20.0 and M_c = 1.0047413789296211 is 256.0
07:33 ninjax INFO    : After transforms, the injection parameters are:
07:33 ninjax INFO    : {'mass_1_source': 1.0869662132603373, 'mass_2_source': 1.0169972212680898, 's1_z': 0.04160379747299803, 's2_z': -0.0140190615002743, 'cos_iota': 0.5060423009600816, 'd_L': 433.0195852830452, 't_c': -0.04583945771362568, 'phase_c': 3.330994206165366, 'psi': 1.1584761320796064, 'ra': 0.7762275014910114, 'sin_dec': -0.7746778908736207, 'q': 0.9356291013109077, 'M_c': 1.0047413789296211, 'eta': 0.24972351290360553, 'iota': Array(1.04020634, dtype=float64, weak_type=True), 'dec': Array(-0.88620556, dtype=float64, weak_type=True), 'lambda_1': 1036.5961988650654, 'lambda_2': 1623.7315710019273}
07:33 ninjax INFO    : The trial injection parameters are {'M_c': 1.0047413789296211, 'eta': 0.24972351290360553, 's1_z': 0.04160379747299803, 's2_z': -0.0140190615002743, 'lambda_1': 1036.5961988650654, 'lambda_2': 1623.7315710019273, 'd_L': 433.0195852830452, 'phase_c': 3.330994206165366, 'iota': 1.0402063365324914, 't_c': -0.04583945771362568, 'psi': 1.1584761320796064, 'ra': 0.7762275014910114, 'dec': -0.886205556570452}
07:33 ninjax INFO    : Injecting signals . . .
07:33 ninjax INFO    : self.ifos
07:33 ninjax INFO    : [GroundBased2G(H1), GroundBased2G(L1), GroundBased2G(V1)]
07:33 ninjax INFO    : Signal injected in ifo H1. Frequencies, data, and PSD:
07:33 ninjax INFO    : [  20.           20.00390625   20.0078125  ... 2047.98828125
 2047.9921875  2047.99609375]
07:33 ninjax INFO    : [-8.51776040e-23-2.04629039e-23j -1.99455649e-23+3.27523079e-23j
  5.85276518e-23-9.62850766e-23j ...
 -7.81347031e-25+2.45514513e-25j -7.04608995e-24-4.05684409e-23j
  5.81627474e-24-5.01238250e-23j]
07:33 ninjax INFO    : [1.44906511e-46 1.44785671e-46 1.44667215e-46 ... 2.17778216e-47
 2.17778992e-47 2.17779767e-47]
07:33 ninjax INFO    : Signal injected in ifo L1. Frequencies, data, and PSD:
07:33 ninjax INFO    : [  20.           20.00390625   20.0078125  ... 2047.98828125
 2047.9921875  2047.99609375]
07:33 ninjax INFO    : [ 1.31417045e-22+1.97808885e-23j  3.23579971e-23+2.77777914e-23j
 -2.20792941e-23+3.56977203e-23j ...
 -4.37533726e-23+3.95750858e-24j  2.06115117e-23-1.04196738e-23j
 -4.19747069e-23-3.37163205e-23j]
07:33 ninjax INFO    : [1.44906511e-46 1.44785671e-46 1.44667215e-46 ... 2.17778216e-47
 2.17778992e-47 2.17779767e-47]
07:33 ninjax INFO    : Signal injected in ifo V1. Frequencies, data, and PSD:
07:33 ninjax INFO    : [  20.           20.00390625   20.0078125  ... 2047.98828125
 2047.9921875  2047.99609375]
07:33 ninjax INFO    : [ 3.10537498e-24-5.38512625e-24j -2.33496037e-23-2.83370359e-23j
 -5.90554958e-23+2.30139981e-23j ...
  1.97571343e-23+1.12075494e-23j  1.95242105e-23+2.15999232e-23j
  6.03421210e-24+7.19673660e-23j]
07:33 ninjax INFO    : [1.43183556e-46 1.43058540e-46 1.42935095e-46 ... 6.39793039e-47
 6.39795354e-47 6.39797668e-47]
07:33 ninjax INFO    : SNR for ifo H1 is 1.66076216698985
07:33 ninjax INFO    : SNR for ifo L1 is 1.651127411567902
07:33 ninjax INFO    : SNR for ifo V1 is 3.7207755483734797
07:33 ninjax INFO    : The network SNR is 4.396421656973966
07:33 ninjax INFO    : The network SNR does not pass the threshold, trying again
07:33 ninjax INFO    : Generating new injection
07:33 ninjax INFO    : Sanity check: generated parameters:
07:33 ninjax INFO    : {'mass_1_source': 1.1652179542693606, 'mass_2_source': 1.8068569190021233, 's1_z': 0.04353274487301076, 's2_z': -0.021658232935265965, 'cos_iota': 0.3704241926702938, 'd_L': 342.3935432720875, 't_c': 0.01681477083406216, 'phase_c': 1.3047945965617893, 'psi': 1.3978944368297583, 'ra': 6.0692695246967485, 'sin_dec': 0.08114022865963344}
07:33 ninjax INFO    : Computing lambdas from EOS file /home/twouters2/projects/projection_BNS_A_plus/src/projection_BNS/data/eos/jester_soft.npz . . . 
07:33 ninjax INFO    : Injected lambda_1: 26.49591076462437
07:33 ninjax INFO    : Injected lambda_2: 652.7143943807129
07:33 ninjax INFO    : Duration is not specified in the config. Computed chirp time: for fmin = 20.0 and M_c = 1.3544091179879465 is 256.0
07:33 ninjax INFO    : After transforms, the injection parameters are:
07:33 ninjax INFO    : {'mass_1_source': 1.8068569190021233, 'mass_2_source': 1.1652179542693606, 's1_z': 0.04353274487301076, 's2_z': -0.021658232935265965, 'cos_iota': 0.3704241926702938, 'd_L': 342.3935432720875, 't_c': 0.01681477083406216, 'phase_c': 1.3047945965617893, 'psi': 1.3978944368297583, 'ra': 6.0692695246967485, 'sin_dec': 0.08114022865963344, 'q': 0.6448866769776536, 'M_c': 1.3544091179879465, 'eta': 0.23834795977144238, 'iota': Array(1.19133067, dtype=float64, weak_type=True), 'dec': Array(0.08122953, dtype=float64, weak_type=True), 'lambda_1': 26.49591076462437, 'lambda_2': 652.7143943807129}
07:33 ninjax INFO    : The trial injection parameters are {'M_c': 1.3544091179879465, 'eta': 0.23834795977144238, 's1_z': 0.04353274487301076, 's2_z': -0.021658232935265965, 'lambda_1': 26.49591076462437, 'lambda_2': 652.7143943807129, 'd_L': 342.3935432720875, 'phase_c': 1.3047945965617893, 'iota': 1.1913306680356237, 't_c': 0.01681477083406216, 'psi': 1.3978944368297583, 'ra': 6.0692695246967485, 'dec': 0.08122952779531203}
07:33 ninjax INFO    : Injecting signals . . .
07:33 ninjax INFO    : self.ifos
07:33 ninjax INFO    : [GroundBased2G(H1), GroundBased2G(L1), GroundBased2G(V1)]
07:33 ninjax INFO    : Signal injected in ifo H1. Frequencies, data, and PSD:
07:33 ninjax INFO    : [  20.           20.00390625   20.0078125  ... 2047.98828125
 2047.9921875  2047.99609375]
07:33 ninjax INFO    : [-8.71349615e-23-2.07830997e-23j -1.80537666e-23+3.48182078e-23j
  5.81104130e-23-9.78133749e-23j ...
 -7.81347174e-25+2.45515065e-25j -7.04609012e-24-4.05684404e-23j
  5.81627454e-24-5.01238244e-23j]
07:33 ninjax INFO    : [1.44906511e-46 1.44785671e-46 1.44667215e-46 ... 2.17778216e-47
 2.17778992e-47 2.17779767e-47]
07:33 ninjax INFO    : Signal injected in ifo L1. Frequencies, data, and PSD:
07:33 ninjax INFO    : [  20.           20.00390625   20.0078125  ... 2047.98828125
 2047.9921875  2047.99609375]
07:33 ninjax INFO    : [ 1.32628702e-22+1.76135549e-23j  3.15177841e-23+2.85817651e-23j
 -2.12817109e-23+3.37790666e-23j ...
 -4.37533730e-23+3.95750896e-24j  2.06115112e-23-1.04196734e-23j
 -4.19747074e-23-3.37163201e-23j]
07:33 ninjax INFO    : [1.44906511e-46 1.44785671e-46 1.44667215e-46 ... 2.17778216e-47
 2.17778992e-47 2.17779767e-47]
07:33 ninjax INFO    : Signal injected in ifo V1. Frequencies, data, and PSD:
07:33 ninjax INFO    : [  20.           20.00390625   20.0078125  ... 2047.98828125
 2047.9921875  2047.99609375]
07:33 ninjax INFO    : [ 3.21752815e-24-6.90261004e-24j -2.58717801e-23-2.37059884e-23j
 -5.47824306e-23+2.27297854e-23j ...
  1.97571339e-23+1.12075510e-23j  1.95242100e-23+2.15999247e-23j
  6.03421154e-24+7.19673676e-23j]
07:33 ninjax INFO    : [1.43183556e-46 1.43058540e-46 1.42935095e-46 ... 6.39793039e-47
 6.39795354e-47 6.39797668e-47]
07:33 ninjax INFO    : SNR for ifo H1 is 4.453393695484186
07:33 ninjax INFO    : SNR for ifo L1 is 3.9443757775277177
07:33 ninjax INFO    : SNR for ifo V1 is 5.817014128869663
07:33 ninjax INFO    : The network SNR is 8.320364718976865
07:33 ninjax INFO    : The network SNR does not pass the threshold, trying again
07:33 ninjax INFO    : Generating new injection
07:33 ninjax INFO    : Sanity check: generated parameters:
07:33 ninjax INFO    : {'mass_1_source': 1.9592036290422428, 'mass_2_source': 1.245112176845743, 's1_z': -0.04921663364491653, 's2_z': 0.029903144278013064, 'cos_iota': 0.6559655842899996, 'd_L': 274.23597064307756, 't_c': 0.021985726157416785, 'phase_c': 4.2725163982325345, 'psi': 1.5940535386782757, 'ra': 1.7122327107927415, 'sin_dec': 0.2357070890075903}
07:33 ninjax INFO    : Computing lambdas from EOS file /home/twouters2/projects/projection_BNS_A_plus/src/projection_BNS/data/eos/jester_soft.npz . . . 
07:33 ninjax INFO    : Injected lambda_1: 10.532859690460288
07:33 ninjax INFO    : Injected lambda_2: 416.3732342285494
07:33 ninjax INFO    : Duration is not specified in the config. Computed chirp time: for fmin = 20.0 and M_c = 1.4366008485103332 is 128.0
07:33 ninjax INFO    : After transforms, the injection parameters are:
07:33 ninjax INFO    : {'mass_1_source': 1.9592036290422428, 'mass_2_source': 1.245112176845743, 's1_z': -0.04921663364491653, 's2_z': 0.029903144278013064, 'cos_iota': 0.6559655842899996, 'd_L': 274.23597064307756, 't_c': 0.021985726157416785, 'phase_c': 4.2725163982325345, 'psi': 1.5940535386782757, 'ra': 1.7122327107927415, 'sin_dec': 0.2357070890075903, 'q': 0.6355195337477076, 'M_c': 1.4366008485103332, 'eta': 0.2375841329450051, 'iota': Array(0.85533514, dtype=float64, weak_type=True), 'dec': Array(0.23794609, dtype=float64, weak_type=True), 'lambda_1': 10.532859690460288, 'lambda_2': 416.3732342285494}
07:33 ninjax INFO    : The trial injection parameters are {'M_c': 1.4366008485103332, 'eta': 0.2375841329450051, 's1_z': -0.04921663364491653, 's2_z': 0.029903144278013064, 'lambda_1': 10.532859690460288, 'lambda_2': 416.3732342285494, 'd_L': 274.23597064307756, 'phase_c': 4.2725163982325345, 'iota': 0.8553351422573896, 't_c': 0.021985726157416785, 'psi': 1.5940535386782757, 'ra': 1.7122327107927415, 'dec': 0.23794609343403586}
07:33 ninjax INFO    : Injecting signals . . .
07:34 ninjax INFO    : self.ifos
07:34 ninjax INFO    : [GroundBased2G(H1), GroundBased2G(L1), GroundBased2G(V1)]
07:34 ninjax INFO    : Signal injected in ifo H1. Frequencies, data, and PSD:
07:34 ninjax INFO    : [  20.          20.0078125   20.015625  ... 2047.9765625
 2047.984375  2047.9921875]
07:34 ninjax INFO    : [ 4.26975216e-23+1.29257170e-23j -2.70576872e-23+1.05334390e-23j
  2.05332792e-23-5.58033373e-23j ...
 -2.79765775e-23+1.39432620e-23j -8.79239580e-24+1.45864079e-23j
 -5.86405868e-24+3.28352538e-23j]
07:34 ninjax INFO    : [1.44906511e-46 1.44667215e-46 1.44435812e-46 ... 2.17775889e-47
 2.17777440e-47 2.17778992e-47]
07:34 ninjax INFO    : Signal injected in ifo L1. Frequencies, data, and PSD:
07:34 ninjax INFO    : [  20.          20.0078125   20.015625  ... 2047.9765625
 2047.984375  2047.9921875]
07:34 ninjax INFO    : [ 6.37813973e-23+9.14106183e-23j -8.22356916e-24+3.08378568e-23j
 -5.53204880e-24-3.43590320e-23j ...
 -1.42315337e-23+2.35740896e-23j  2.41069740e-23+1.93612573e-24j
 -1.47994487e-23-1.50291086e-23j]
07:34 ninjax INFO    : [1.44906511e-46 1.44667215e-46 1.44435812e-46 ... 2.17775889e-47
 2.17777440e-47 2.17778992e-47]
07:34 ninjax INFO    : Signal injected in ifo V1. Frequencies, data, and PSD:
07:34 ninjax INFO    : [  20.          20.0078125   20.015625  ... 2047.9765625
 2047.984375  2047.9921875]
07:34 ninjax INFO    : [-5.42327632e-23+4.69033015e-23j -5.55895796e-23+1.85192666e-23j
 -9.57203169e-23+5.66094464e-23j ...
 -1.09741371e-22-1.60212385e-23j  2.26446977e-25+4.18388381e-24j
 -2.12862841e-23+3.13520914e-23j]
07:34 ninjax INFO    : [1.43183556e-46 1.42935095e-46 1.42688205e-46 ... 6.39786094e-47
 6.39790724e-47 6.39795354e-47]
07:34 ninjax INFO    : SNR for ifo H1 is 8.83617060907806
07:34 ninjax INFO    : SNR for ifo L1 is 14.713172108379727
07:34 ninjax INFO    : SNR for ifo V1 is 6.734548916168658
07:34 ninjax INFO    : The network SNR is 18.436634552645625
07:34 ninjax INFO    : Network SNR passes threshold
07:34 ninjax INFO    : Sanity checking the GW injection for ArrayImpl
07:34 ninjax INFO    :    mass_1_source: 1.9592036290422428
07:34 ninjax INFO    :    mass_2_source: 1.245112176845743
07:34 ninjax INFO    :    s1_z: -0.04921663364491653
07:34 ninjax INFO    :    s2_z: 0.029903144278013064
07:34 ninjax INFO    :    cos_iota: 0.6559655842899996
07:34 ninjax INFO    :    d_L: 274.23597064307756
07:34 ninjax INFO    :    t_c: 0.021985726157416785
07:34 ninjax INFO    :    phase_c: 4.2725163982325345
07:34 ninjax INFO    :    psi: 1.5940535386782757
07:34 ninjax INFO    :    ra: 1.7122327107927415
07:34 ninjax INFO    :    sin_dec: 0.2357070890075903
07:34 ninjax INFO    :    q: 0.6355195337477076
07:34 ninjax INFO    :    M_c: 1.4366008485103332
07:34 ninjax INFO    :    eta: 0.2375841329450051
07:34 ninjax INFO    :    iota: 0.8553351422573896
07:34 ninjax INFO    :    dec: 0.23794609343403586
07:34 ninjax INFO    :    lambda_1: 10.532859690460288
07:34 ninjax INFO    :    lambda_2: 416.3732342285494
07:34 ninjax INFO    :    H1_SNR: 8.83617060907806
07:34 ninjax INFO    :    L1_SNR: 14.713172108379727
07:34 ninjax INFO    :    V1_SNR: 6.734548916168658
07:34 ninjax INFO    :    network_SNR: 18.436634552645625
07:34 ninjax INFO    :    epoch: 126.0
07:34 ninjax INFO    :    gmst: 2.7288901910520846
07:34 ninjax INFO    :    duration: 128.0
07:34 ninjax INFO    : Using GW HeterodynedTransientLikelihoodFD. Initializing likelihood
07:34 ninjax INFO    : Using the injection parameters as reference parameters for the relative binning
07:34 ninjax INFO    : Using the following kwargs for the GW likelihood: {}
07:36 ninjax INFO    : Initialization of HeterodynedTransientLikelihoodFD took 148.47269368171692 seconds = 2.474544894695282 minutes
07:36 ninjax INFO    : The priors are not modified after their initialization
07:36 ninjax INFO    : Required keys for the likelihood: ['M_c', 'eta', 's1_z', 's2_z', 'lambda_1', 'lambda_2', 'd_L', 'phase_c', 'iota', 't_c', 'psi', 'ra', 'dec']
07:36 ninjax INFO    : Checking the setup between prior, transforms, and likelihood
07:36 ninjax INFO    : sample: {'M_c': Array([1.3221252 , 1.64595754, 2.39169053], dtype=float64), 'q': Array([0.91029191, 0.73822709, 0.7655867 ], dtype=float64), 's1_z': Array([-0.01389117,  0.03497284,  0.03078485], dtype=float64), 's2_z': Array([-0.00454836, -0.01915589, -0.01160189], dtype=float64), 'lambda_1': Array([2388.56285865, 4281.81266124, 1841.34751294], dtype=float64), 'lambda_2': Array([  79.93835958, 1356.25619021,  465.51325378], dtype=float64), 'cos_iota': Array([-0.92960946, -0.70774616, -0.21654433], dtype=float64), 'd_L': Array([840.05000945, 675.01983889, 945.13666688], dtype=float64), 't_c': Array([ 0.0533008 ,  0.0785065 , -0.01885702], dtype=float64), 'phase_c': Array([4.47189615, 2.92213934, 5.02229907], dtype=float64), 'psi': Array([2.35829015, 0.07470032, 2.22016697], dtype=float64), 'ra': Array([4.16189048, 3.01833479, 2.78461419], dtype=float64), 'sin_dec': Array([-0.27827019,  0.98542592,  0.58642291], dtype=float64)}
07:36 ninjax INFO    : log_prob: [-31.52817553 -29.31992014 -10.97768071]
07:36 ninjax INFO    : Checking log_prob at injection parameters: {'mass_1_source': 1.9592036290422428, 'mass_2_source': 1.245112176845743, 's1_z': -0.04921663364491653, 's2_z': 0.029903144278013064, 'cos_iota': 0.6559655842899996, 'd_L': 274.23597064307756, 't_c': 0.021985726157416785, 'phase_c': 4.2725163982325345, 'psi': 1.5940535386782757, 'ra': 1.7122327107927415, 'sin_dec': 0.2357070890075903, 'q': 0.6355195337477076, 'M_c': 1.4366008485103332, 'eta': 0.2375841329450051, 'iota': Array(0.85533514, dtype=float64, weak_type=True), 'dec': Array(0.23794609, dtype=float64, weak_type=True), 'lambda_1': 10.532859690460288, 'lambda_2': 416.3732342285494, 'H1_SNR': 8.83617060907806, 'L1_SNR': 14.713172108379727, 'V1_SNR': 6.734548916168658, 'network_SNR': 18.436634552645625, 'epoch': 126.0, 'gmst': 2.7288901910520846, 'duration': 128.0}
07:36 ninjax INFO    : log_prob at the injection parameters is: 122.20005881672309
07:36 ninjax INFO    : Will plot these keys: ['M_c', 'q', 's1_z', 's2_z', 'lambda_1', 'lambda_2', 'd_L', 't_c', 'phase_c', 'iota', 'psi', 'ra', 'dec']
07:36 ninjax INFO    : Will plot the labels: ['$M_c/M_\\odot$', '$q$', '$\\chi_1$', '$\\chi_2$', '$\\Lambda_1$', '$\\Lambda_2$', '$d_{\\rm{L}}/{\\rm Mpc}$', '$t_c$', '$\\phi_c$', '$\\iota$', '$\\psi$', '$\\alpha$', '$\\delta$']
07:36 ninjax INFO    : Ninjax setup complete.
07:36 ninjax INFO    : Saving output to ./Aplus/injection_25/
07:36 ninjax INFO    : Using polynomial learning rate scheduler
07:36 ninjax INFO    : The hyperparameters passed to flowMC and jim are
07:36 ninjax INFO    :    n_loop_training: 200
07:36 ninjax INFO    :    n_loop_production: 10
07:36 ninjax INFO    :    n_local_steps: 100
07:36 ninjax INFO    :    n_global_steps: 1000
07:36 ninjax INFO    :    n_epochs: 25
07:36 ninjax INFO    :    n_chains: 1000
07:36 ninjax INFO    :    learning_rate: <function polynomial_schedule.<locals>.schedule at 0x1482a7347f40>
07:36 ninjax INFO    :    max_samples: 50000
07:36 ninjax INFO    :    momentum: 0.9
07:36 ninjax INFO    :    batch_size: 30000
07:36 ninjax INFO    :    use_global: True
07:36 ninjax INFO    :    keep_quantile: 0.0
07:36 ninjax INFO    :    train_thinning: 10
07:36 ninjax INFO    :    output_thinning: 50
07:36 ninjax INFO    :    n_sample_max: 10000
07:36 ninjax INFO    :    num_layers: 10
07:36 ninjax INFO    :    hidden_size: [128, 128]
07:36 ninjax INFO    :    num_bins: 8
07:36 ninjax INFO    :    save_training_chains: False
07:36 ninjax INFO    :    eps_mass_matrix: 1e-05
07:36 ninjax INFO    :    use_scheduler: True
07:36 ninjax INFO    :    use_temperature: False
07:36 ninjax INFO    :    which_temperature_schedule: exponential
07:36 ninjax INFO    :    starting_temperature: 2.0
07:36 ninjax INFO    :    stop_tempering_iteration: 75
07:36 ninjax INFO    :    stopping_criterion_global_acc: 0.1
07:36 ninjax INFO    :    stopping_criterion_loss: -inf
07:36 ninjax INFO    :    nf_model_kwargs: {}
07:36 ninjax INFO    :    local sampler arg not shown (pretty print)
07:36 ninjax INFO    : Fetching the injected values for plotting
Checking the noise that was generated in inject_signal ifo:
[-8.53699597e-23 -1.95502228e-23  5.92717582e-23 -1.06209527e-22
 -3.01540002e-24  1.08820666e-23 -7.09663120e-23  2.45918964e-23
  5.56183893e-23 -7.54078203e-24]
[-1.97238749e-23  3.34054560e-23 -9.61149677e-23 -1.05520259e-23
  1.04244432e-23  1.98919950e-25 -4.72210358e-23  1.64349141e-22
  9.27892468e-23 -8.81198864e-23]
Checking the noise that was generated in inject_signal ifo:
[ 1.32032647e-22  3.24690028e-23 -2.25414827e-23 -5.66379721e-23
  1.04989845e-23  1.25198978e-22  3.47601026e-23 -3.70977576e-24
  1.17256506e-23 -2.37610270e-23]
[ 1.93365321e-23  2.70269039e-23  3.50958295e-23  2.03128486e-23
  2.53527633e-23  6.39990124e-23  3.51255246e-23 -2.23960270e-23
 -3.77570427e-23 -6.94437058e-23]
Checking the noise that was generated in inject_signal ifo:
[ 1.43858865e-24 -2.35117232e-23 -5.76109040e-23 -1.62201456e-23
 -8.46696671e-24  6.02290593e-23 -7.01028607e-23 -8.26486904e-23
 -1.84460612e-23  2.49605326e-23]
[-3.99016048e-24 -2.61700881e-23  2.46366321e-23 -3.40548274e-23
  6.47130692e-23 -1.41959354e-22 -3.16107594e-23 -7.85077039e-23
 -1.66788729e-23  3.49885659e-24]
Checking the noise that was generated in inject_signal ifo:
[-8.53699597e-23 -1.95502228e-23  5.92717582e-23 -1.06209527e-22
 -3.01540002e-24  1.08820666e-23 -7.09663120e-23  2.45918964e-23
  5.56183893e-23 -7.54078203e-24]
[-1.97238749e-23  3.34054560e-23 -9.61149677e-23 -1.05520259e-23
  1.04244432e-23  1.98919950e-25 -4.72210358e-23  1.64349141e-22
  9.27892468e-23 -8.81198864e-23]
Checking the noise that was generated in inject_signal ifo:
[ 1.32032647e-22  3.24690028e-23 -2.25414827e-23 -5.66379721e-23
  1.04989845e-23  1.25198978e-22  3.47601026e-23 -3.70977576e-24
  1.17256506e-23 -2.37610270e-23]
[ 1.93365321e-23  2.70269039e-23  3.50958295e-23  2.03128486e-23
  2.53527633e-23  6.39990124e-23  3.51255246e-23 -2.23960270e-23
 -3.77570427e-23 -6.94437058e-23]
Checking the noise that was generated in inject_signal ifo:
[ 1.43858865e-24 -2.35117232e-23 -5.76109040e-23 -1.62201456e-23
 -8.46696671e-24  6.02290593e-23 -7.01028607e-23 -8.26486904e-23
 -1.84460612e-23  2.49605326e-23]
[-3.99016048e-24 -2.61700881e-23  2.46366321e-23 -3.40548274e-23
  6.47130692e-23 -1.41959354e-22 -3.16107594e-23 -7.85077039e-23
 -1.66788729e-23  3.49885659e-24]
Checking the noise that was generated in inject_signal ifo:
[-8.53699597e-23 -1.95502228e-23  5.92717582e-23 -1.06209527e-22
 -3.01540002e-24  1.08820666e-23 -7.09663120e-23  2.45918964e-23
  5.56183893e-23 -7.54078203e-24]
[-1.97238749e-23  3.34054560e-23 -9.61149677e-23 -1.05520259e-23
  1.04244432e-23  1.98919950e-25 -4.72210358e-23  1.64349141e-22
  9.27892468e-23 -8.81198864e-23]
Checking the noise that was generated in inject_signal ifo:
[ 1.32032647e-22  3.24690028e-23 -2.25414827e-23 -5.66379721e-23
  1.04989845e-23  1.25198978e-22  3.47601026e-23 -3.70977576e-24
  1.17256506e-23 -2.37610270e-23]
[ 1.93365321e-23  2.70269039e-23  3.50958295e-23  2.03128486e-23
  2.53527633e-23  6.39990124e-23  3.51255246e-23 -2.23960270e-23
 -3.77570427e-23 -6.94437058e-23]
Checking the noise that was generated in inject_signal ifo:
[ 1.43858865e-24 -2.35117232e-23 -5.76109040e-23 -1.62201456e-23
 -8.46696671e-24  6.02290593e-23 -7.01028607e-23 -8.26486904e-23
 -1.84460612e-23  2.49605326e-23]
[-3.99016048e-24 -2.61700881e-23  2.46366321e-23 -3.40548274e-23
  6.47130692e-23 -1.41959354e-22 -3.16107594e-23 -7.85077039e-23
 -1.66788729e-23  3.49885659e-24]
Checking the noise that was generated in inject_signal ifo:
[-8.53699597e-23 -1.95502228e-23  5.92717582e-23 -1.06209527e-22
 -3.01540002e-24  1.08820666e-23 -7.09663120e-23  2.45918964e-23
  5.56183893e-23 -7.54078203e-24]
[-1.97238749e-23  3.34054560e-23 -9.61149677e-23 -1.05520259e-23
  1.04244432e-23  1.98919950e-25 -4.72210358e-23  1.64349141e-22
  9.27892468e-23 -8.81198864e-23]
Checking the noise that was generated in inject_signal ifo:
[ 1.32032647e-22  3.24690028e-23 -2.25414827e-23 -5.66379721e-23
  1.04989845e-23  1.25198978e-22  3.47601026e-23 -3.70977576e-24
  1.17256506e-23 -2.37610270e-23]
[ 1.93365321e-23  2.70269039e-23  3.50958295e-23  2.03128486e-23
  2.53527633e-23  6.39990124e-23  3.51255246e-23 -2.23960270e-23
 -3.77570427e-23 -6.94437058e-23]
Checking the noise that was generated in inject_signal ifo:
[ 1.43858865e-24 -2.35117232e-23 -5.76109040e-23 -1.62201456e-23
 -8.46696671e-24  6.02290593e-23 -7.01028607e-23 -8.26486904e-23
 -1.84460612e-23  2.49605326e-23]
[-3.99016048e-24 -2.61700881e-23  2.46366321e-23 -3.40548274e-23
  6.47130692e-23 -1.41959354e-22 -3.16107594e-23 -7.85077039e-23
 -1.66788729e-23  3.49885659e-24]
Checking the noise that was generated in inject_signal ifo:
[ 4.04867719e-23 -2.98781118e-23  1.71906246e-23 -1.09286621e-23
  3.55484084e-23  9.97526924e-23  8.30848243e-23  4.47393778e-23
  9.31942589e-23  1.00179943e-23]
[ 9.48220719e-24  7.57116889e-24 -5.81573093e-23 -5.75529416e-23
 -5.42196351e-23  4.86812974e-23  4.37283121e-23 -2.91360200e-23
 -1.90119207e-23 -4.37338011e-23]
Checking the noise that was generated in inject_signal ifo:
[ 6.11403663e-23 -9.63156313e-24 -5.61519457e-24 -1.55587057e-23
  1.60015337e-23  1.10586654e-23 -6.60968224e-23 -6.75379815e-23
 -7.25790119e-23 -8.72447582e-23]
[ 9.76917271e-23  3.75013700e-23 -2.75520150e-23  2.52626115e-23
 -7.91454195e-23 -3.79375036e-23  1.09978859e-23 -3.91635543e-23
  3.85393380e-23  4.74390529e-23]
Checking the noise that was generated in inject_signal ifo:
[-5.45973517e-23 -5.66921120e-23 -9.75422529e-23 -2.32730059e-23
 -9.51930498e-23  9.68449935e-25 -3.43744037e-23 -3.32439681e-23
 -2.19311310e-23  5.11352717e-24]
[ 4.29629212e-23  1.47206348e-23  5.31006847e-23 -9.07681403e-23
  2.75532419e-24  4.72755941e-23 -2.56102972e-23  7.94507523e-23
  1.26804738e-22  1.19256862e-23]
NOTE: we are given a reference waveform!
Initializing heterodyned likelihood..
Comparing against relative binning in bilby
Using 5941 bins for relative binning for epsilon 0.01
Time for binning scheme: 0.10805344581604004 seconds
Using provided reference parameters:
ref_params for relative binning:
{'mass_1_source': 1.9592036290422428, 'mass_2_source': 1.245112176845743, 's1_z': -0.04921663364491653, 's2_z': 0.029903144278013064, 'cos_iota': 0.6559655842899996, 'd_L': 274.23597064307756, 't_c': 0.021985726157416785, 'phase_c': 4.2725163982325345, 'psi': 1.5940535386782757, 'ra': 1.7122327107927415, 'sin_dec': 0.2357070890075903, 'q': 0.6355195337477076, 'M_c': 1.4366008485103332, 'eta': 0.2375841329450051, 'iota': Array(0.85533514, dtype=float64, weak_type=True), 'dec': Array(0.23794609, dtype=float64, weak_type=True), 'lambda_1': 10.532859690460288, 'lambda_2': 416.3732342285494, 'H1_SNR': 8.83617060907806, 'L1_SNR': 14.713172108379727, 'V1_SNR': 6.734548916168658, 'network_SNR': 18.436634552645625, 'epoch': 126.0, 'gmst': 2.7288901910520846, 'duration': 128.0}
Constructing reference waveforms. . .
Time for reference waveforms: 0.5186312198638916 seconds
Time for h_sky_low and h_sky_center: 5.4517810344696045 seconds
Going to compute the masks . . .
Time taken for f_index_array calculation is 0.6580142974853516
Going to compute coefficients . . .
Time for computing coefficients: 126.54640793800354 seconds
Time for computing coefficients: 7.373514652252197 seconds
Time for computing coefficients: 7.259508371353149 seconds
['M_c', 'eta', 's1_z', 's2_z', 'lambda_1', 'lambda_2', 'd_L', 'phase_c', 'iota', 't_c', 'psi', 'ra', 'dec']
INFO: Using MALA as local sampler
Setting up a single Gaussian distribution
No autotune found, use input sampler_params
Training normalizing flow
Tuning global sampler:   0%|          | 0/200 [00:00<?, ?it/s]Tuning global sampler:   0%|          | 1/200 [02:00<6:40:52, 120.87s/it]Tuning global sampler:   1%|          | 2/200 [02:05<2:53:09, 52.47s/it] Tuning global sampler:   2%|▏         | 3/200 [02:10<1:40:35, 30.63s/it]Tuning global sampler:   2%|▏         | 4/200 [02:15<1:07:42, 20.73s/it]Tuning global sampler:   2%|▎         | 5/200 [02:20<48:29, 14.92s/it]  Tuning global sampler:   3%|▎         | 6/200 [02:24<36:54, 11.41s/it]Tuning global sampler:   4%|▎         | 7/200 [02:29<29:29,  9.17s/it]Tuning global sampler:   4%|▍         | 8/200 [02:34<24:41,  7.72s/it]Tuning global sampler:   4%|▍         | 9/200 [02:38<21:25,  6.73s/it]Tuning global sampler:   5%|▌         | 10/200 [02:43<19:05,  6.03s/it]Tuning global sampler:   6%|▌         | 11/200 [02:47<17:36,  5.59s/it]Tuning global sampler:   6%|▌         | 12/200 [02:52<16:34,  5.29s/it]Tuning global sampler:   6%|▋         | 13/200 [02:56<15:49,  5.08s/it]Tuning global sampler:   7%|▋         | 14/200 [03:01<15:20,  4.95s/it]Tuning global sampler:   8%|▊         | 15/200 [03:06<14:59,  4.86s/it]Tuning global sampler:   8%|▊         | 16/200 [03:10<14:43,  4.80s/it]Tuning global sampler:   8%|▊         | 17/200 [03:15<14:30,  4.76s/it]Tuning global sampler:   9%|▉         | 18/200 [03:20<14:21,  4.73s/it]Tuning global sampler:  10%|▉         | 19/200 [03:24<14:12,  4.71s/it]Tuning global sampler:  10%|█         | 20/200 [03:29<14:04,  4.69s/it]Tuning global sampler:  10%|█         | 21/200 [03:34<13:58,  4.68s/it]Tuning global sampler:  11%|█         | 22/200 [03:39<14:40,  4.95s/it]Tuning global sampler:  12%|█▏        | 23/200 [03:44<14:18,  4.85s/it]Tuning global sampler:  12%|█▏        | 24/200 [03:48<13:51,  4.72s/it]Tuning global sampler:  12%|█▎        | 25/200 [03:53<13:30,  4.63s/it]Tuning global sampler:  13%|█▎        | 26/200 [03:57<13:14,  4.57s/it]Tuning global sampler:  14%|█▎        | 27/200 [04:01<13:01,  4.52s/it]Tuning global sampler:  14%|█▍        | 28/200 [04:06<12:51,  4.48s/it]Tuning global sampler:  14%|█▍        | 29/200 [04:10<12:42,  4.46s/it]Tuning global sampler:  15%|█▌        | 30/200 [04:15<12:34,  4.44s/it]Tuning global sampler:  16%|█▌        | 31/200 [04:19<12:29,  4.43s/it]Tuning global sampler:  16%|█▌        | 32/200 [04:23<12:22,  4.42s/it]Tuning global sampler:  16%|█▋        | 33/200 [04:28<12:15,  4.40s/it]Tuning global sampler:  17%|█▋        | 34/200 [04:32<12:08,  4.39s/it]Tuning global sampler:  18%|█▊        | 35/200 [04:37<12:04,  4.39s/it]Tuning global sampler:  18%|█▊        | 36/200 [04:41<12:00,  4.39s/it]Tuning global sampler:  18%|█▊        | 37/200 [04:45<11:55,  4.39s/it]Tuning global sampler:  19%|█▉        | 38/200 [04:50<11:51,  4.39s/it]Tuning global sampler:  20%|█▉        | 39/200 [04:54<11:46,  4.39s/it]Tuning global sampler:  20%|██        | 40/200 [04:59<11:43,  4.39s/it]Tuning global sampler:  20%|██        | 41/200 [05:03<11:39,  4.40s/it]Tuning global sampler:  21%|██        | 42/200 [05:08<12:18,  4.68s/it]Tuning global sampler:  22%|██▏       | 43/200 [05:13<12:01,  4.59s/it]Tuning global sampler:  22%|██▏       | 44/200 [05:17<11:46,  4.53s/it]Tuning global sampler:  22%|██▎       | 45/200 [05:21<11:33,  4.47s/it]Tuning global sampler:  23%|██▎       | 46/200 [05:26<11:25,  4.45s/it]Tuning global sampler:  24%|██▎       | 47/200 [05:30<11:18,  4.43s/it]Tuning global sampler:  24%|██▍       | 48/200 [05:35<11:11,  4.42s/it]Tuning global sampler:  24%|██▍       | 49/200 [05:39<11:06,  4.41s/it]Tuning global sampler:  25%|██▌       | 50/200 [05:43<11:00,  4.41s/it]Tuning global sampler:  26%|██▌       | 51/200 [05:48<10:55,  4.40s/it]Tuning global sampler:  26%|██▌       | 52/200 [05:52<10:50,  4.40s/it]