Tue Apr  1 15:41:21 CEST 2025
NVIDIA H100
/gpfs/home6/twouters2/ninjax_dev/jim/src/jimgw/prior.py:94: UserWarning: As of jaxtyping version 0.2.24, jaxtyping now prefers the syntax
```
from jaxtyping import jaxtyped
# Use your favourite typechecker: usually one of the two lines below.
from typeguard import typechecked as typechecker
from beartype import beartype as typechecker

@jaxtyped(typechecker=typechecker)
def foo(...):
```
and the old double-decorator syntax
```
@jaxtyped
@typechecker
def foo(...):
```
should no longer be used. (It will continue to work as it did before, but the new approach will produce more readable error messages.)
In particular note that `typechecker` must be passed via keyword argument; the following is not valid:
```
@jaxtyped(typechecker)
def foo(...):
```

  class Uniform(Prior):
/gpfs/home6/twouters2/ninjax_dev/jim/src/jimgw/prior.py:149: UserWarning: As of jaxtyping version 0.2.24, jaxtyping now prefers the syntax
```
from jaxtyping import jaxtyped
# Use your favourite typechecker: usually one of the two lines below.
from typeguard import typechecked as typechecker
from beartype import beartype as typechecker

@jaxtyped(typechecker=typechecker)
def foo(...):
```
and the old double-decorator syntax
```
@jaxtyped
@typechecker
def foo(...):
```
should no longer be used. (It will continue to work as it did before, but the new approach will produce more readable error messages.)
In particular note that `typechecker` must be passed via keyword argument; the following is not valid:
```
@jaxtyped(typechecker)
def foo(...):
```

  class Unconstrained_Uniform(Prior):
/gpfs/home6/twouters2/ninjax_dev/jim/src/jimgw/prior.py:263: UserWarning: As of jaxtyping version 0.2.24, jaxtyping now prefers the syntax
```
from jaxtyping import jaxtyped
# Use your favourite typechecker: usually one of the two lines below.
from typeguard import typechecked as typechecker
from beartype import beartype as typechecker

@jaxtyped(typechecker=typechecker)
def foo(...):
```
and the old double-decorator syntax
```
@jaxtyped
@typechecker
def foo(...):
```
should no longer be used. (It will continue to work as it did before, but the new approach will produce more readable error messages.)
In particular note that `typechecker` must be passed via keyword argument; the following is not valid:
```
@jaxtyped(typechecker)
def foo(...):
```

  class AlignedSpin(Prior):
/gpfs/home6/twouters2/ninjax_dev/jim/src/jimgw/prior.py:377: UserWarning: As of jaxtyping version 0.2.24, jaxtyping now prefers the syntax
```
from jaxtyping import jaxtyped
# Use your favourite typechecker: usually one of the two lines below.
from typeguard import typechecked as typechecker
from beartype import beartype as typechecker

@jaxtyped(typechecker=typechecker)
def foo(...):
```
and the old double-decorator syntax
```
@jaxtyped
@typechecker
def foo(...):
```
should no longer be used. (It will continue to work as it did before, but the new approach will produce more readable error messages.)
In particular note that `typechecker` must be passed via keyword argument; the following is not valid:
```
@jaxtyped(typechecker)
def foo(...):
```

  class PowerLaw(Prior):
/gpfs/home6/twouters2/ninjax_dev/jim/src/jimgw/single_event/detector.py:496: UserWarning: As of jaxtyping version 0.2.24, jaxtyping now prefers the syntax
```
from jaxtyping import jaxtyped
# Use your favourite typechecker: usually one of the two lines below.
from typeguard import typechecked as typechecker
from beartype import beartype as typechecker

@jaxtyped(typechecker=typechecker)
def foo(...):
```
and the old double-decorator syntax
```
@jaxtyped
@typechecker
def foo(...):
```
should no longer be used. (It will continue to work as it did before, but the new approach will produce more readable error messages.)
In particular note that `typechecker` must be passed via keyword argument; the following is not valid:
```
@jaxtyped(typechecker)
def foo(...):
```

  def load_psd(
15:41 ninjax INFO    : Checking and setting outdir
15:41 ninjax INFO    : Found generation prior file ./Aplus/injection_2/generation_prior.prior
15:41 ninjax INFO    : The outdir is set to ./Aplus/injection_2
15:41 ninjax INFO    : Loading the given config
15:41 ninjax WARNING : Unrecognized keys given: {'n_max_examples'}. These will be ignored
15:41 ninjax INFO    : Arguments loaded into the config: {'likelihood': 'HeterodynedTransientLikelihoodFD', 'gw_injection': 'True', 'gw_load_existing_injection': 'False', 'gw_dump_injection_data': 'False', 'gw_SNR_threshold_low': '11.2', 'gw_SNR_threshold_high': '100', 'waveform_approximant': 'IMRPhenomD_NRTidalv2', 'waveform_approximant_1': 'None', 'waveform_approximant_2': 'None', 'gw_overlapping_tight_priors': 'False', 'ifos': 'H1,L1,V1', 'eos_file': '/home/twouters2/projects/projection_BNS_A_plus/src/projection_BNS/data/MPA1.npz', 'fmin': '20.0', 'fref': '20.0', 'fmax': '2048.0', 'duration': 'None', 'post_trigger_duration': '2.0', 'trigger_time': '1187008882.4', 'psd_file_H1': '/home/twouters2/projects/projection_BNS_A_plus/src/projection_BNS/data/AplusDesign_PSD.txt', 'psd_file_L1': '/home/twouters2/projects/projection_BNS_A_plus/src/projection_BNS/data/AplusDesign_PSD.txt', 'psd_file_V1': '/home/twouters2/projects/projection_BNS_A_plus/src/projection_BNS/data/avirgo_O5high_NEW_PSD.txt', 'psd_file_ET1': '/home/twouters2/psds/ET_D_psd.txt', 'psd_file_ET2': '/home/twouters2/psds/ET_D_psd.txt', 'psd_file_ET3': '/home/twouters2/psds/ET_D_psd.txt', 'psd_file_CE': '/home/twouters2/psds/CE_psd.txt', 'data_file_H1': 'None', 'data_file_L1': 'None', 'data_file_V1': 'None', 'data_file_ET1': 'None', 'data_file_ET2': 'None', 'data_file_ET3': 'None', 'relative_binning_binsize': '1000', 'relative_binning_ref_params_equal_true_params': 'True', 'relative_binning_ref_params': 'None', 'transforms': 'q_to_eta,cos_iota_to_iota,sin_dec_to_dec', 'gw_kwargs': 'None', 'filters': 'None', 'tmin': '0.05', 'tmax': '15.0', 'em_injection': 'False', 'em_trigger_time': '0.0', 'em_data_path': 'None', 'KN_model_name': 'None', 'KN_class_name': 'None', 'KN_model_dir': 'None', 'GRB_model_name': 'None', 'GRB_class_name': 'None', 'GRB_model_dir': 'None', 'detection_limit': 'None', 'n_loop_training': '200', 'n_loop_production': '10', 'n_local_steps': '100', 'n_global_steps': '1_000', 'n_epochs': '25', 'n_chains': '1_000', 'learning_rate': '0.001', 'max_samples': '50000', 'momentum': '0.9', 'batch_size': '30000', 'use_global': 'True', 'keep_quantile': '0.0', 'train_thinning': '10', 'output_thinning': '50', 'n_sample_max': '10000', 'verbose': 'False', 'save_training_chains': 'False', 'eps_mass_matrix': '1e-5', 'use_scheduler': 'True', 'use_temperature': 'False', 'which_temperature_schedule': 'exponential', 'starting_temperature': '2.0', 'stop_tempering_iteration': '75', 'stopping_criterion_global_acc': '0.10', 'stopping_criterion_loss': '-inf', 'seed': 'None', 'sampling_seed': 'None', 'injection_generation_seed': 'None', 'num_layers': '10', 'hidden_size': '128,128', 'num_bins': '8', 'nf_model_kwargs': 'None', 'run_sampler': 'True', 'keys_to_plot': 'M_c, q, s1_z, s2_z, lambda_1, lambda_2, d_L, t_c, phase_c, iota, psi, ra, dec'}
15:41 ninjax INFO    : Complete config file written to /gpfs/home6/twouters2/projects/projection_BNS_A_plus/src/projection_BNS/GW/MPA1/Aplus/injection_2/complete_config.json
15:41 ninjax INFO    : No seed specified. Generating a random seed: 671950
15:41 ninjax INFO    : No sampling_seed specified. Generating a random sampling_seed: 548431
15:41 ninjax INFO    : No injection_generation_seed specified. Generating a random injection_generation_seed: 460408
15:41 ninjax INFO    : Loading the priors
15:41 ninjax INFO    : Setting up the prior
15:41 ninjax INFO    :    Mc_prior = Uniform(0.98, 2.6, naming=["M_c"])
15:41 ninjax INFO    :    q_prior = Uniform(0.125, 1.0, naming=["q"])
15:41 ninjax INFO    :    s1_z_prior = Uniform(-0.05, 0.05, naming=["s1_z"])
15:41 ninjax INFO    :    s2_z_prior = Uniform(-0.05, 0.05, naming=["s2_z"])
15:41 ninjax INFO    :    lambda1_prior = Uniform(0.0, 5000.0, naming=["lambda_1"])
15:41 ninjax INFO    :    lambda2_prior = Uniform(0.0, 5000.0, naming=["lambda_2"])
15:41 ninjax INFO    :    cos_iota_prior = Uniform(-1.0, 1.0, naming=["cos_iota"])
15:41 ninjax INFO    :    dL_prior = PowerLaw(10.0, 1000.0, 2.0, naming=["d_L"])
15:41 ninjax INFO    :    t_c_prior = Uniform(-0.1, 0.1, naming=["t_c"])
15:41 ninjax INFO    :    phase_c_prior = Uniform(0.0, 2 * jnp.pi, naming=["phase_c"])
15:41 ninjax INFO    :    psi_prior = Uniform(0.0, jnp.pi, naming=["psi"])
15:41 ninjax INFO    :    ra_prior = Uniform(0.0, 2 * jnp.pi, naming=["ra"])
15:41 ninjax INFO    :    sin_dec_prior = Uniform(-1.0, 1.0, naming=["sin_dec"])
15:41 ninjax INFO    : Setting up the generation prior
15:41 ninjax INFO    :    mass_1_source_prior = Uniform(1.0, 2.468645554845655, naming=["mass_1_source"])
15:41 ninjax INFO    :    mass_2_source_prior = Uniform(1.0, 2.468645554845655, naming=["mass_2_source"])
15:41 ninjax INFO    :    s1_z_prior = Uniform(-0.05, 0.05, naming=["s1_z"])
15:41 ninjax INFO    :    s2_z_prior = Uniform(-0.05, 0.05, naming=["s2_z"])
15:41 ninjax INFO    :    cos_iota_prior = Uniform(-1.0, 1.0, naming=["cos_iota"])
15:41 ninjax INFO    :    dL_prior = PowerLaw(10.0, 460.0, 2.0, naming=["d_L"])
15:41 ninjax INFO    :    t_c_prior = Uniform(-0.1, 0.1, naming=["t_c"])
15:41 ninjax INFO    :    phase_c_prior = Uniform(0.0, 2 * jnp.pi, naming=["phase_c"])
15:41 ninjax INFO    :    psi_prior = Uniform(0.0, jnp.pi, naming=["psi"])
15:41 ninjax INFO    :    ra_prior = Uniform(0.0, 2 * jnp.pi, naming=["ra"])
15:41 ninjax INFO    :    sin_dec_prior = Uniform(-1.0, 1.0, naming=["sin_dec"])
15:41 ninjax INFO    : Finished prior setup
15:41 ninjax INFO    : Setting the transforms
15:41 ninjax INFO    : Raw transforms list is q_to_eta,cos_iota_to_iota,sin_dec_to_dec
15:41 ninjax INFO    : transforms_str_list has 3 elements
15:41 ninjax INFO    : DEBUG: Checking that all_transforms is OK: the list is ['binary_Love', 'binary_love_fit', 'cos_iota1_to_iota1', 'cos_iota2_to_iota2', 'cos_iota_to_iota', 'log_lambda_to_lambda', 'm1_m2_to_Mc_q', 'q1_to_eta1', 'q2_to_eta2', 'q_to_eta', 'sin_dec1_to_dec1', 'sin_dec2_to_dec2', 'sin_dec_to_dec', 'spin_sphere_to_cartesian_s1', 'spin_sphere_to_cartesian_s2', 'swap_lambdas_eos', 't_c_dt_to_tcs']
15:41 ninjax INFO    : Setting the likelihood
15:41 ninjax INFO    : GW likelihood provided, setting up the GW pipe
15:41 ninjax INFO    : eos_file is /home/twouters2/projects/projection_BNS_A_plus/src/projection_BNS/data/MPA1.npz
15:41 ninjax INFO    : Using eos_file /home/twouters2/projects/projection_BNS_A_plus/src/projection_BNS/data/MPA1.npz for BNS injections
15:41 ninjax INFO    : Note: No specific waveform approximant 1 so defaulting to IMRPhenomD_NRTidalv2
15:41 ninjax INFO    : self.is_BNS_run is True
15:41 ninjax INFO    : Using IMRPhenomD_NRTidalv2 waveform. Therefore, we will use no taper as the reference waveform for the likelihood if relative binning is used
15:41 ninjax INFO    : GW run is an injection
15:41 ninjax INFO    : Setting up GW injection . . . 
15:41 ninjax INFO    : The SNR thresholds are: 11.2 - 100.0
15:41 ninjax INFO    : Generating new injection
15:41 ninjax INFO    : Sanity check: generated parameters:
15:41 ninjax INFO    : {'mass_1_source': 2.111062317482918, 'mass_2_source': 2.403934585770871, 's1_z': 0.006522783086249075, 's2_z': -0.001135110707779316, 'cos_iota': 0.22755386521932275, 'd_L': 315.84706872919605, 't_c': -0.04046938004965206, 'phase_c': 2.6857276558763954, 'psi': 0.651423207526416, 'ra': 5.751415803106632, 'sin_dec': 0.6419335556635182}
15:41 ninjax INFO    : Computing lambdas from EOS file /home/twouters2/projects/projection_BNS_A_plus/src/projection_BNS/data/MPA1.npz . . . 
15:41 ninjax INFO    : Injected lambda_1: 7.1734292062140845
15:41 ninjax INFO    : Injected lambda_2: 31.21749658179717
15:41 ninjax INFO    : Duration is not specified in the config. Computed chirp time: for fmin = 20.0 and M_c = 2.1002028971000497 is 64.0
15:41 ninjax INFO    : After transforms, the injection parameters are:
15:41 ninjax INFO    : {'mass_1_source': 2.403934585770871, 'mass_2_source': 2.111062317482918, 's1_z': 0.006522783086249075, 's2_z': -0.001135110707779316, 'cos_iota': 0.22755386521932275, 'd_L': 315.84706872919605, 't_c': -0.04046938004965206, 'phase_c': 2.6857276558763954, 'psi': 0.651423207526416, 'ra': 5.751415803106632, 'sin_dec': 0.6419335556635182, 'q': 0.8781696182493929, 'M_c': 2.1002028971000497, 'eta': 0.24894808270213178, 'iota': Array(1.34123142, dtype=float64, weak_type=True), 'dec': Array(0.69701733, dtype=float64, weak_type=True), 'lambda_1': 7.1734292062140845, 'lambda_2': 31.21749658179717}
15:41 ninjax INFO    : The trial injection parameters are {'M_c': 2.1002028971000497, 'eta': 0.24894808270213178, 's1_z': 0.006522783086249075, 's2_z': -0.001135110707779316, 'lambda_1': 7.1734292062140845, 'lambda_2': 31.21749658179717, 'd_L': 315.84706872919605, 'phase_c': 2.6857276558763954, 'iota': 1.3412314211480794, 't_c': -0.04046938004965206, 'psi': 0.651423207526416, 'ra': 5.751415803106632, 'dec': 0.6970173332231954}
15:41 ninjax INFO    : Injecting signals . . .
15:41 ninjax INFO    : self.ifos
15:41 ninjax INFO    : [GroundBased2G(H1), GroundBased2G(L1), GroundBased2G(V1)]
15:41 ninjax INFO    : Signal injected in ifo H1. Frequencies, data, and PSD:
15:41 ninjax INFO    : [  20.         20.015625   20.03125  ... 2047.953125 2047.96875
 2047.984375]
15:41 ninjax INFO    : [ 3.54735466e-23+3.38661338e-24j  5.39627174e-24+2.89730504e-23j
  8.59795567e-24+7.76851347e-23j ...
  1.19486241e-23+1.00248688e-24j  5.95122669e-24+8.74241457e-24j
 -1.06432868e-23-1.21524691e-23j]
15:41 ninjax INFO    : [1.44906511e-46 1.44435812e-46 1.43973008e-46 ... 2.17771234e-47
 2.17774337e-47 2.17777440e-47]
15:41 ninjax INFO    : Signal injected in ifo L1. Frequencies, data, and PSD:
15:41 ninjax INFO    : [  20.         20.015625   20.03125  ... 2047.953125 2047.96875
 2047.984375]
15:41 ninjax INFO    : [-2.24950956e-23-3.99792810e-23j  6.26471182e-23-3.56376911e-24j
  2.27854102e-23-2.40406180e-23j ...
 -2.43140906e-24+1.63884766e-23j  1.16153583e-23-1.25170748e-23j
 -1.99699737e-23+3.47674124e-24j]
15:41 ninjax INFO    : [1.44906511e-46 1.44435812e-46 1.43973008e-46 ... 2.17771234e-47
 2.17774337e-47 2.17777440e-47]
15:41 ninjax INFO    : Signal injected in ifo V1. Frequencies, data, and PSD:
15:41 ninjax INFO    : [  20.         20.015625   20.03125  ... 2047.953125 2047.96875
 2047.984375]
15:41 ninjax INFO    : [ 2.40133517e-23+3.45275031e-23j  5.58372280e-23-7.08175986e-24j
  3.03435379e-23+1.31721270e-23j ...
 -1.30939962e-23-1.39969597e-23j -2.08202886e-23+4.52094429e-23j
  5.01514491e-24-1.85940078e-23j]
15:41 ninjax INFO    : [1.43183556e-46 1.42688205e-46 1.42194425e-46 ... 6.39772204e-47
 6.39781464e-47 6.39790724e-47]
15:41 ninjax INFO    : SNR for ifo H1 is 5.902610643080393
15:41 ninjax INFO    : SNR for ifo L1 is 2.229748472922654
15:41 ninjax INFO    : SNR for ifo V1 is 2.8383898379160923
15:41 ninjax INFO    : The network SNR is 6.918746095087764
15:41 ninjax INFO    : The network SNR does not pass the threshold, trying again
15:41 ninjax INFO    : Generating new injection
15:41 ninjax INFO    : Sanity check: generated parameters:
15:41 ninjax INFO    : {'mass_1_source': 1.6732504033076103, 'mass_2_source': 1.4541546250195196, 's1_z': -0.04826144914321562, 's2_z': 0.021565330490167428, 'cos_iota': -0.39982487949795154, 'd_L': 241.5549077937354, 't_c': -0.01490658594465244, 'phase_c': 1.0774142666946855, 'psi': 0.559977204170543, 'ra': 0.41910418168902086, 'sin_dec': -0.6187671126404419}
15:41 ninjax INFO    : Computing lambdas from EOS file /home/twouters2/projects/projection_BNS_A_plus/src/projection_BNS/data/MPA1.npz . . . 
15:41 ninjax INFO    : Injected lambda_1: 173.1569871032288
15:41 ninjax INFO    : Injected lambda_2: 410.78354906752065
15:41 ninjax INFO    : Duration is not specified in the config. Computed chirp time: for fmin = 20.0 and M_c = 1.4313504347139052 is 128.0
15:41 ninjax INFO    : After transforms, the injection parameters are:
15:41 ninjax INFO    : {'mass_1_source': 1.6732504033076103, 'mass_2_source': 1.4541546250195196, 's1_z': -0.04826144914321562, 's2_z': 0.021565330490167428, 'cos_iota': -0.39982487949795154, 'd_L': 241.5549077937354, 't_c': -0.01490658594465244, 'phase_c': 1.0774142666946855, 'psi': 0.559977204170543, 'ra': 0.41910418168902086, 'sin_dec': -0.6187671126404419, 'q': 0.8690597785872387, 'M_c': 1.4313504347139052, 'eta': 0.24877301354890197, 'iota': Array(1.98212211, dtype=float64, weak_type=True), 'dec': Array(-0.66717232, dtype=float64, weak_type=True), 'lambda_1': 173.1569871032288, 'lambda_2': 410.78354906752065}
15:41 ninjax INFO    : The trial injection parameters are {'M_c': 1.4313504347139052, 'eta': 0.24877301354890197, 's1_z': -0.04826144914321562, 's2_z': 0.021565330490167428, 'lambda_1': 173.1569871032288, 'lambda_2': 410.78354906752065, 'd_L': 241.5549077937354, 'phase_c': 1.0774142666946855, 'iota': 1.9821221086949081, 't_c': -0.01490658594465244, 'psi': 0.559977204170543, 'ra': 0.41910418168902086, 'dec': -0.6671723227096524}
15:41 ninjax INFO    : Injecting signals . . .
15:41 ninjax INFO    : self.ifos
15:41 ninjax INFO    : [GroundBased2G(H1), GroundBased2G(L1), GroundBased2G(V1)]
15:41 ninjax INFO    : Signal injected in ifo H1. Frequencies, data, and PSD:
15:41 ninjax INFO    : [  20.          20.0078125   20.015625  ... 2047.9765625
 2047.984375  2047.9921875]
15:41 ninjax INFO    : [ 9.10799927e-23-3.03411576e-23j  2.52129503e-23+2.30931742e-24j
 -4.05521992e-23-5.30302866e-23j ...
 -3.59649091e-24-9.61611222e-24j -7.95935539e-24+1.88209827e-23j
  5.14586436e-24+2.31515725e-24j]
15:41 ninjax INFO    : [1.44906511e-46 1.44667215e-46 1.44435812e-46 ... 2.17775889e-47
 2.17777440e-47 2.17778992e-47]
15:41 ninjax INFO    : Signal injected in ifo L1. Frequencies, data, and PSD:
15:41 ninjax INFO    : [  20.          20.0078125   20.015625  ... 2047.9765625
 2047.984375  2047.9921875]
15:41 ninjax INFO    : [ 3.87953077e-23+2.73299601e-23j  4.63978325e-23+3.09900213e-23j
  1.24823047e-23+1.46935126e-23j ...
 -1.34830492e-23+9.83553024e-24j -2.41448006e-23+2.45742858e-23j
  4.81412853e-24+8.07482223e-24j]
15:41 ninjax INFO    : [1.44906511e-46 1.44667215e-46 1.44435812e-46 ... 2.17775889e-47
 2.17777440e-47 2.17778992e-47]
15:41 ninjax INFO    : Signal injected in ifo V1. Frequencies, data, and PSD:
15:41 ninjax INFO    : [  20.          20.0078125   20.015625  ... 2047.9765625
 2047.984375  2047.9921875]
15:41 ninjax INFO    : [-1.84481448e-23+2.37111034e-23j -2.65808863e-23-9.23377665e-24j
  3.83856351e-23+3.54870608e-23j ...
  4.25756140e-24-3.59702237e-23j -4.00298166e-23+4.33651713e-24j
 -9.42532287e-24-2.10377013e-23j]
15:41 ninjax INFO    : [1.43183556e-46 1.42935095e-46 1.42688205e-46 ... 6.39786094e-47
 6.39790724e-47 6.39795354e-47]
15:41 ninjax INFO    : SNR for ifo H1 is 1.2469556914100712
15:41 ninjax INFO    : SNR for ifo L1 is 2.4676078566306137
15:41 ninjax INFO    : SNR for ifo V1 is 10.792786452609445
15:41 ninjax INFO    : The network SNR is 11.141284775198733
15:41 ninjax INFO    : The network SNR does not pass the threshold, trying again
15:41 ninjax INFO    : Generating new injection
15:41 ninjax INFO    : Sanity check: generated parameters:
15:41 ninjax INFO    : {'mass_1_source': 1.1255849924297692, 'mass_2_source': 1.790464030669702, 's1_z': 0.0033754451340131317, 's2_z': -0.02813760786035975, 'cos_iota': -0.23663565657872931, 'd_L': 449.53370157614256, 't_c': 0.05846582002101705, 'phase_c': 4.958463999007727, 'psi': 1.9527472267579566, 'ra': 3.462020976044211, 'sin_dec': 0.4184245456142581}
15:41 ninjax INFO    : Computing lambdas from EOS file /home/twouters2/projects/projection_BNS_A_plus/src/projection_BNS/data/MPA1.npz . . . 
15:41 ninjax INFO    : Injected lambda_1: 110.30865684994326
15:41 ninjax INFO    : Injected lambda_2: 1703.7484285350238
15:41 ninjax INFO    : Duration is not specified in the config. Computed chirp time: for fmin = 20.0 and M_c = 1.3541333555250894 is 256.0
15:41 ninjax INFO    : After transforms, the injection parameters are:
15:41 ninjax INFO    : {'mass_1_source': 1.790464030669702, 'mass_2_source': 1.1255849924297692, 's1_z': 0.0033754451340131317, 's2_z': -0.02813760786035975, 'cos_iota': -0.23663565657872931, 'd_L': 449.53370157614256, 't_c': 0.05846582002101705, 'phase_c': 4.958463999007727, 'psi': 1.9527472267579566, 'ra': 3.462020976044211, 'sin_dec': 0.4184245456142581, 'q': 0.6286554620193947, 'M_c': 1.3541333555250894, 'eta': 0.2370032235436542, 'iota': Array(1.80969802, dtype=float64, weak_type=True), 'dec': Array(0.43171002, dtype=float64, weak_type=True), 'lambda_1': 110.30865684994326, 'lambda_2': 1703.7484285350238}
15:41 ninjax INFO    : The trial injection parameters are {'M_c': 1.3541333555250894, 'eta': 0.2370032235436542, 's1_z': 0.0033754451340131317, 's2_z': -0.02813760786035975, 'lambda_1': 110.30865684994326, 'lambda_2': 1703.7484285350238, 'd_L': 449.53370157614256, 'phase_c': 4.958463999007727, 'iota': 1.8096980204144946, 't_c': 0.05846582002101705, 'psi': 1.9527472267579566, 'ra': 3.462020976044211, 'dec': 0.43171002421841653}
15:41 ninjax INFO    : Injecting signals . . .
15:41 ninjax INFO    : self.ifos
15:41 ninjax INFO    : [GroundBased2G(H1), GroundBased2G(L1), GroundBased2G(V1)]
15:41 ninjax INFO    : Signal injected in ifo H1. Frequencies, data, and PSD:
15:41 ninjax INFO    : [  20.           20.00390625   20.0078125  ... 2047.98828125
 2047.9921875  2047.99609375]
15:41 ninjax INFO    : [ 2.55452942e-23-9.51981144e-23j  6.53019151e-23+4.72622766e-23j
 -2.88993987e-23+9.20747508e-23j ...
  2.67520855e-23+1.39687583e-24j -5.41639931e-23-3.06862265e-23j
 -4.37605702e-23+5.27809590e-26j]
15:41 ninjax INFO    : [1.44906511e-46 1.44785671e-46 1.44667215e-46 ... 2.17778216e-47
 2.17778992e-47 2.17779767e-47]
15:41 ninjax INFO    : Signal injected in ifo L1. Frequencies, data, and PSD:
15:41 ninjax INFO    : [  20.           20.00390625   20.0078125  ... 2047.98828125
 2047.9921875  2047.99609375]
15:41 ninjax INFO    : [ 1.29040715e-23+6.07687402e-23j -7.37885231e-23-6.74483719e-24j
  1.26390260e-24-3.99183947e-23j ...
 -4.19933121e-23+2.62539770e-23j -2.87748205e-23-3.23054879e-23j
 -8.55004288e-24-5.57939093e-24j]
15:41 ninjax INFO    : [1.44906511e-46 1.44785671e-46 1.44667215e-46 ... 2.17778216e-47
 2.17778992e-47 2.17779767e-47]
15:41 ninjax INFO    : Signal injected in ifo V1. Frequencies, data, and PSD:
15:41 ninjax INFO    : [  20.           20.00390625   20.0078125  ... 2047.98828125
 2047.9921875  2047.99609375]
15:41 ninjax INFO    : [-9.41845881e-24-2.63491059e-23j  9.04213099e-23+1.88376072e-23j
  1.04944194e-23-1.21205921e-22j ...
  9.82988739e-24+1.91608021e-23j -6.61713463e-24-2.49384642e-23j
  5.24773539e-23-3.31960175e-23j]
15:41 ninjax INFO    : [1.43183556e-46 1.43058540e-46 1.42935095e-46 ... 6.39793039e-47
 6.39795354e-47 6.39797668e-47]
15:41 ninjax INFO    : SNR for ifo H1 is 1.7901625456754975
15:41 ninjax INFO    : SNR for ifo L1 is 3.074328350892821
15:41 ninjax INFO    : SNR for ifo V1 is 4.589157762000757
15:41 ninjax INFO    : The network SNR is 5.806595018905188
15:41 ninjax INFO    : The network SNR does not pass the threshold, trying again
15:41 ninjax INFO    : Generating new injection
15:41 ninjax INFO    : Sanity check: generated parameters:
15:41 ninjax INFO    : {'mass_1_source': 2.131104635561746, 'mass_2_source': 1.1375921103799647, 's1_z': 0.021481525024869247, 's2_z': 0.04392448048520951, 'cos_iota': -0.6427553455854533, 'd_L': 348.72919657514063, 't_c': -0.08422858327206706, 'phase_c': 4.667245283583486, 'psi': 0.4786365956608621, 'ra': 3.919081749309675, 'sin_dec': -0.0014231310966299482}
15:41 ninjax INFO    : Computing lambdas from EOS file /home/twouters2/projects/projection_BNS_A_plus/src/projection_BNS/data/MPA1.npz . . . 
15:41 ninjax INFO    : Injected lambda_1: 28.70532998911456
15:41 ninjax INFO    : Injected lambda_2: 1610.8253406985225
15:41 ninjax INFO    : Duration is not specified in the config. Computed chirp time: for fmin = 20.0 and M_c = 1.4481709740307918 is 128.0
15:41 ninjax INFO    : After transforms, the injection parameters are:
15:41 ninjax INFO    : {'mass_1_source': 2.131104635561746, 'mass_2_source': 1.1375921103799647, 's1_z': 0.021481525024869247, 's2_z': 0.04392448048520951, 'cos_iota': -0.6427553455854533, 'd_L': 348.72919657514063, 't_c': -0.08422858327206706, 'phase_c': 4.667245283583486, 'psi': 0.4786365956608621, 'ra': 3.919081749309675, 'sin_dec': -0.0014231310966299482, 'q': 0.5338039678563706, 'M_c': 1.4481709740307918, 'eta': 0.226903964386711, 'iota': Array(2.26888591, dtype=float64, weak_type=True), 'dec': Array(-0.00142313, dtype=float64, weak_type=True), 'lambda_1': 28.70532998911456, 'lambda_2': 1610.8253406985225}
15:41 ninjax INFO    : The trial injection parameters are {'M_c': 1.4481709740307918, 'eta': 0.226903964386711, 's1_z': 0.021481525024869247, 's2_z': 0.04392448048520951, 'lambda_1': 28.70532998911456, 'lambda_2': 1610.8253406985225, 'd_L': 348.72919657514063, 'phase_c': 4.667245283583486, 'iota': 2.2688859105440913, 't_c': -0.08422858327206706, 'psi': 0.4786365956608621, 'ra': 3.919081749309675, 'dec': -0.0014231315770087901}
15:41 ninjax INFO    : Injecting signals . . .
15:41 ninjax INFO    : self.ifos
15:41 ninjax INFO    : [GroundBased2G(H1), GroundBased2G(L1), GroundBased2G(V1)]
15:41 ninjax INFO    : Signal injected in ifo H1. Frequencies, data, and PSD:
15:41 ninjax INFO    : [  20.          20.0078125   20.015625  ... 2047.9765625
 2047.984375  2047.9921875]
15:41 ninjax INFO    : [ 8.71476367e-23-2.74674547e-23j  2.21005826e-23+6.11752091e-24j
 -4.25998255e-23-4.85112129e-23j ...
 -3.59649091e-24-9.61611222e-24j -7.95935539e-24+1.88209827e-23j
  5.14586436e-24+2.31515725e-24j]
15:41 ninjax INFO    : [1.44906511e-46 1.44667215e-46 1.44435812e-46 ... 2.17775889e-47
 2.17777440e-47 2.17778992e-47]
15:41 ninjax INFO    : Signal injected in ifo L1. Frequencies, data, and PSD:
15:41 ninjax INFO    : [  20.          20.0078125   20.015625  ... 2047.9765625
 2047.984375  2047.9921875]
15:41 ninjax INFO    : [ 4.21521098e-23+2.21400979e-23j  4.83703807e-23+2.52078537e-23j
  1.29417154e-23+8.68316553e-24j ...
 -1.34830492e-23+9.83553024e-24j -2.41448006e-23+2.45742858e-23j
  4.81412853e-24+8.07482223e-24j]
15:41 ninjax INFO    : [1.44906511e-46 1.44667215e-46 1.44435812e-46 ... 2.17775889e-47
 2.17777440e-47 2.17778992e-47]
15:41 ninjax INFO    : Signal injected in ifo V1. Frequencies, data, and PSD:
15:41 ninjax INFO    : [  20.          20.0078125   20.015625  ... 2047.9765625
 2047.984375  2047.9921875]
15:41 ninjax INFO    : [-1.16971996e-23+1.71198736e-23j -2.11112739e-23-1.70988364e-23j
  4.22623366e-23+2.65978143e-23j ...
  4.25756140e-24-3.59702237e-23j -4.00298166e-23+4.33651713e-24j
 -9.42532287e-24-2.10377013e-23j]
15:41 ninjax INFO    : [1.43183556e-46 1.42935095e-46 1.42688205e-46 ... 6.39786094e-47
 6.39790724e-47 6.39795354e-47]
15:41 ninjax INFO    : SNR for ifo H1 is 9.806881393309693
15:41 ninjax INFO    : SNR for ifo L1 is 11.24771682977089
15:41 ninjax INFO    : SNR for ifo V1 is 6.093408093484596
15:41 ninjax INFO    : The network SNR is 16.118798923582947
15:41 ninjax INFO    : Network SNR passes threshold
15:41 ninjax INFO    : Sanity checking the GW injection for ArrayImpl
15:41 ninjax INFO    :    mass_1_source: 2.131104635561746
15:41 ninjax INFO    :    mass_2_source: 1.1375921103799647
15:41 ninjax INFO    :    s1_z: 0.021481525024869247
15:41 ninjax INFO    :    s2_z: 0.04392448048520951
15:41 ninjax INFO    :    cos_iota: -0.6427553455854533
15:41 ninjax INFO    :    d_L: 348.72919657514063
15:41 ninjax INFO    :    t_c: -0.08422858327206706
15:41 ninjax INFO    :    phase_c: 4.667245283583486
15:41 ninjax INFO    :    psi: 0.4786365956608621
15:41 ninjax INFO    :    ra: 3.919081749309675
15:41 ninjax INFO    :    sin_dec: -0.0014231310966299482
15:41 ninjax INFO    :    q: 0.5338039678563706
15:41 ninjax INFO    :    M_c: 1.4481709740307918
15:41 ninjax INFO    :    eta: 0.226903964386711
15:41 ninjax INFO    :    iota: 2.2688859105440913
15:41 ninjax INFO    :    dec: -0.0014231315770087901
15:41 ninjax INFO    :    lambda_1: 28.70532998911456
15:41 ninjax INFO    :    lambda_2: 1610.8253406985225
15:41 ninjax INFO    :    H1_SNR: 9.806881393309693
15:41 ninjax INFO    :    L1_SNR: 11.24771682977089
15:41 ninjax INFO    :    V1_SNR: 6.093408093484596
15:41 ninjax INFO    :    network_SNR: 16.118798923582947
15:41 ninjax INFO    :    epoch: 126.0
15:41 ninjax INFO    :    gmst: 2.7288901910520846
15:41 ninjax INFO    :    duration: 128.0
15:41 ninjax INFO    : Using GW HeterodynedTransientLikelihoodFD. Initializing likelihood
15:41 ninjax INFO    : Using the injection parameters as reference parameters for the relative binning
15:41 ninjax INFO    : Using the following kwargs for the GW likelihood: {}
15:47 ninjax INFO    : Initialization of HeterodynedTransientLikelihoodFD took 337.703750371933 seconds = 5.6283958395322164 minutes
15:47 ninjax INFO    : The priors are not modified after their initialization
15:47 ninjax INFO    : Required keys for the likelihood: ['M_c', 'eta', 's1_z', 's2_z', 'lambda_1', 'lambda_2', 'd_L', 'phase_c', 'iota', 't_c', 'psi', 'ra', 'dec']
15:47 ninjax INFO    : Checking the setup between prior, transforms, and likelihood
15:47 ninjax INFO    : sample: {'M_c': Array([1.35209362, 2.08197142, 1.55419813], dtype=float64), 'q': Array([0.32719314, 0.69744481, 0.97475146], dtype=float64), 's1_z': Array([-0.02539336, -0.01582676, -0.02727949], dtype=float64), 's2_z': Array([-0.02417537, -0.04656354,  0.0202772 ], dtype=float64), 'lambda_1': Array([4167.18238627, 2405.64017699, 4679.23455671], dtype=float64), 'lambda_2': Array([4524.65812667, 1332.4501007 , 1679.13635251], dtype=float64), 'cos_iota': Array([-0.50117857, -0.18517558,  0.70436089], dtype=float64), 'd_L': Array([806.24470688, 709.01093965, 627.006373  ], dtype=float64), 't_c': Array([-0.07618415,  0.00331253,  0.09671458], dtype=float64), 'phase_c': Array([6.18181399, 2.57126217, 1.72950853], dtype=float64), 'psi': Array([2.08477055, 1.91676468, 2.63813811], dtype=float64), 'ra': Array([1.07643361, 2.59607646, 0.69047497], dtype=float64), 'sin_dec': Array([ 0.87037574,  0.53192981, -0.01489845], dtype=float64)}
15:47 ninjax INFO    : log_prob: [-17.19124027  -7.70630696 -50.03426272]
15:47 ninjax INFO    : Checking log_prob at injection parameters: {'mass_1_source': 2.131104635561746, 'mass_2_source': 1.1375921103799647, 's1_z': 0.021481525024869247, 's2_z': 0.04392448048520951, 'cos_iota': -0.6427553455854533, 'd_L': 348.72919657514063, 't_c': -0.08422858327206706, 'phase_c': 4.667245283583486, 'psi': 0.4786365956608621, 'ra': 3.919081749309675, 'sin_dec': -0.0014231310966299482, 'q': 0.5338039678563706, 'M_c': 1.4481709740307918, 'eta': 0.226903964386711, 'iota': Array(2.26888591, dtype=float64, weak_type=True), 'dec': Array(-0.00142313, dtype=float64, weak_type=True), 'lambda_1': 28.70532998911456, 'lambda_2': 1610.8253406985225, 'H1_SNR': 9.806881393309693, 'L1_SNR': 11.24771682977089, 'V1_SNR': 6.093408093484596, 'network_SNR': 16.118798923582947, 'epoch': 126.0, 'gmst': 2.7288901910520846, 'duration': 128.0}
15:47 ninjax INFO    : log_prob at the injection parameters is: 119.21903536672122
15:47 ninjax INFO    : Will plot these keys: ['M_c', 'q', 's1_z', 's2_z', 'lambda_1', 'lambda_2', 'd_L', 't_c', 'phase_c', 'iota', 'psi', 'ra', 'dec']
15:47 ninjax INFO    : Will plot the labels: ['$M_c/M_\\odot$', '$q$', '$\\chi_1$', '$\\chi_2$', '$\\Lambda_1$', '$\\Lambda_2$', '$d_{\\rm{L}}/{\\rm Mpc}$', '$t_c$', '$\\phi_c$', '$\\iota$', '$\\psi$', '$\\alpha$', '$\\delta$']
15:47 ninjax INFO    : Ninjax setup complete.
15:47 ninjax INFO    : Saving output to ./Aplus/injection_2/
15:47 ninjax INFO    : Using polynomial learning rate scheduler
15:47 ninjax INFO    : The hyperparameters passed to flowMC and jim are
15:47 ninjax INFO    :    n_loop_training: 200
15:47 ninjax INFO    :    n_loop_production: 10
15:47 ninjax INFO    :    n_local_steps: 100
15:47 ninjax INFO    :    n_global_steps: 1000
15:47 ninjax INFO    :    n_epochs: 25
15:47 ninjax INFO    :    n_chains: 1000
15:47 ninjax INFO    :    learning_rate: <function polynomial_schedule.<locals>.schedule at 0x14b6bed69bd0>
15:47 ninjax INFO    :    max_samples: 50000
15:47 ninjax INFO    :    momentum: 0.9
15:47 ninjax INFO    :    batch_size: 30000
15:47 ninjax INFO    :    use_global: True
15:47 ninjax INFO    :    keep_quantile: 0.0
15:47 ninjax INFO    :    train_thinning: 10
15:47 ninjax INFO    :    output_thinning: 50
15:47 ninjax INFO    :    n_sample_max: 10000
15:47 ninjax INFO    :    num_layers: 10
15:47 ninjax INFO    :    hidden_size: [128, 128]
15:47 ninjax INFO    :    num_bins: 8
15:47 ninjax INFO    :    save_training_chains: False
15:47 ninjax INFO    :    eps_mass_matrix: 1e-05
15:47 ninjax INFO    :    use_scheduler: True
15:47 ninjax INFO    :    use_temperature: False
15:47 ninjax INFO    :    which_temperature_schedule: exponential
15:47 ninjax INFO    :    starting_temperature: 2.0
15:47 ninjax INFO    :    stop_tempering_iteration: 75
15:47 ninjax INFO    :    stopping_criterion_global_acc: 0.1
15:47 ninjax INFO    :    stopping_criterion_loss: -inf
15:47 ninjax INFO    :    nf_model_kwargs: {}
15:47 ninjax INFO    :    local sampler arg not shown (pretty print)
15:47 ninjax INFO    : Fetching the injected values for plotting
Checking the noise that was generated in inject_signal ifo:
[ 3.29972891e-23  3.38321687e-24  7.19276350e-24 -1.58797379e-23
 -9.47121663e-24  1.13317305e-23  4.17382431e-23  3.10841708e-23
 -3.15590582e-24 -5.82671686e-23]
[ 2.18497808e-24  2.70996834e-23  7.53243127e-23  3.97772500e-23
 -4.48337328e-23 -2.60619548e-23  5.27917210e-23  3.71583499e-23
  1.60528521e-23 -5.36608648e-23]
Checking the noise that was generated in inject_signal ifo:
[-2.14973294e-23  6.36858353e-23  2.37783296e-23  2.59163467e-23
  9.87432853e-24  4.07942499e-23 -2.46607808e-23  1.97933658e-23
  9.39057666e-24  4.97420859e-23]
[-4.02717278e-23 -3.55160771e-24 -2.37385982e-23  2.05010576e-24
  4.89905122e-24  6.10283534e-23  5.23775877e-23 -5.91885729e-23
 -3.48892332e-23  3.02780552e-23]
Checking the noise that was generated in inject_signal ifo:
[ 2.56010651e-23  5.75120763e-23  3.19653647e-23  5.66617058e-23
  2.30441786e-23  5.03368474e-23  8.82923942e-24  1.08542733e-23
 -2.11450048e-23  2.80050712e-23]
[ 3.39868232e-23 -7.13557318e-24  1.35875161e-23 -4.27822439e-23
 -2.13854778e-23  3.59919986e-23 -9.02619598e-23  6.41942682e-23
 -2.15519084e-23  2.15584486e-23]
Checking the noise that was generated in inject_signal ifo:
[ 9.10725388e-23  2.52917364e-23 -4.03855583e-23  7.83209779e-24
  3.92547671e-23 -4.51445285e-23  4.49455038e-23  4.51114004e-23
 -6.11864299e-23  2.35492469e-23]
[-2.97642894e-23  2.88056216e-24 -5.24785128e-23  3.19840959e-23
 -2.00002265e-23 -9.20326824e-24  2.24938954e-23 -8.68040506e-23
  1.05118186e-24 -1.13318720e-24]
Checking the noise that was generated in inject_signal ifo:
[ 3.98055120e-23  4.73168861e-23  1.32846336e-23 -4.47227739e-23
  2.21917151e-23 -3.21060383e-23  9.69993674e-23 -3.39194342e-23
  4.42898397e-23  6.72630084e-23]
[ 2.67980933e-23  3.03136029e-23  1.38827856e-23 -5.84951150e-23
 -2.80436886e-23  1.27608764e-23  1.77472474e-23  5.68749286e-23
  3.34288053e-23  1.26518837e-23]
Checking the noise that was generated in inject_signal ifo:
[-1.50609221e-23 -2.40387906e-23  3.99872107e-23  1.12794847e-23
 -2.33203541e-24 -6.78058898e-23 -4.67006444e-23 -1.82722694e-23
 -2.77161143e-24  3.06411605e-23]
[ 1.83560800e-23 -1.50346857e-23  2.93624349e-23  8.78887513e-24
  3.04989540e-23  3.18622554e-23 -3.52270375e-23  8.39410509e-24
 -3.57272182e-23 -3.85506009e-24]
Checking the noise that was generated in inject_signal ifo:
[ 2.61130335e-23  6.46188533e-23 -2.81328964e-23  5.44231578e-23
  5.61489375e-23  6.77908943e-23  1.34454232e-22  2.43901544e-23
  1.95600017e-23 -6.45784678e-23]
[-9.58018284e-23  4.77312227e-23  9.17606746e-23  7.66048555e-23
  1.04364434e-22  5.53422179e-23 -1.48558992e-22 -6.58502249e-24
 -4.55977459e-23  8.30799985e-23]
Checking the noise that was generated in inject_signal ifo:
[ 1.24915998e-23 -7.30957794e-23  3.24580330e-25 -1.17902744e-22
 -4.81536618e-24 -7.02279667e-23 -7.06294536e-23  5.95684586e-23
  5.53624664e-24 -1.69904471e-22]
[ 6.21308803e-23 -7.98771186e-24 -3.88500418e-23 -7.95938930e-23
 -1.64805355e-24 -6.86785922e-23  4.72811963e-23 -5.06731766e-23
 -9.64761626e-23  7.68233282e-23]
Checking the noise that was generated in inject_signal ifo:
[-1.05809648e-23  9.20755986e-23  8.42774272e-24  1.54211772e-22
 -5.12242576e-23  6.40330382e-23  1.11670550e-23 -2.94279747e-23
 -1.56175146e-22  2.11864375e-22]
[-2.39174131e-23  1.67105076e-23 -1.19477700e-22  8.70609354e-23
  1.01155652e-22  4.16499372e-23  6.44344835e-23 -1.08242076e-22
 -1.98483002e-23 -5.20831914e-23]
Checking the noise that was generated in inject_signal ifo:
[ 9.10725388e-23  2.52917364e-23 -4.03855583e-23  7.83209779e-24
  3.92547671e-23 -4.51445285e-23  4.49455038e-23  4.51114004e-23
 -6.11864299e-23  2.35492469e-23]
[-2.97642894e-23  2.88056216e-24 -5.24785128e-23  3.19840959e-23
 -2.00002265e-23 -9.20326824e-24  2.24938954e-23 -8.68040506e-23
  1.05118186e-24 -1.13318720e-24]
Checking the noise that was generated in inject_signal ifo:
[ 3.98055120e-23  4.73168861e-23  1.32846336e-23 -4.47227739e-23
  2.21917151e-23 -3.21060383e-23  9.69993674e-23 -3.39194342e-23
  4.42898397e-23  6.72630084e-23]
[ 2.67980933e-23  3.03136029e-23  1.38827856e-23 -5.84951150e-23
 -2.80436886e-23  1.27608764e-23  1.77472474e-23  5.68749286e-23
  3.34288053e-23  1.26518837e-23]
Checking the noise that was generated in inject_signal ifo:
[-1.50609221e-23 -2.40387906e-23  3.99872107e-23  1.12794847e-23
 -2.33203541e-24 -6.78058898e-23 -4.67006444e-23 -1.82722694e-23
 -2.77161143e-24  3.06411605e-23]
[ 1.83560800e-23 -1.50346857e-23  2.93624349e-23  8.78887513e-24
  3.04989540e-23  3.18622554e-23 -3.52270375e-23  8.39410509e-24
 -3.57272182e-23 -3.85506009e-24]
NOTE: we are given a reference waveform!
Initializing heterodyned likelihood..
Comparing against relative binning in bilby
Using 5941 bins for relative binning for epsilon 0.01
Time for binning scheme: 0.10793519020080566 seconds
Using provided reference parameters:
ref_params for relative binning:
{'mass_1_source': 2.131104635561746, 'mass_2_source': 1.1375921103799647, 's1_z': 0.021481525024869247, 's2_z': 0.04392448048520951, 'cos_iota': -0.6427553455854533, 'd_L': 348.72919657514063, 't_c': -0.08422858327206706, 'phase_c': 4.667245283583486, 'psi': 0.4786365956608621, 'ra': 3.919081749309675, 'sin_dec': -0.0014231310966299482, 'q': 0.5338039678563706, 'M_c': 1.4481709740307918, 'eta': 0.226903964386711, 'iota': Array(2.26888591, dtype=float64, weak_type=True), 'dec': Array(-0.00142313, dtype=float64, weak_type=True), 'lambda_1': 28.70532998911456, 'lambda_2': 1610.8253406985225, 'H1_SNR': 9.806881393309693, 'L1_SNR': 11.24771682977089, 'V1_SNR': 6.093408093484596, 'network_SNR': 16.118798923582947, 'epoch': 126.0, 'gmst': 2.7288901910520846, 'duration': 128.0}
Constructing reference waveforms. . .
Time for reference waveforms: 0.517012357711792 seconds
Time for h_sky_low and h_sky_center: 33.275574922561646 seconds
Going to compute the masks . . .
Time taken for f_index_array calculation is 0.6657803058624268
Going to compute coefficients . . .
Time for computing coefficients: 273.59482169151306 seconds
Time for computing coefficients: 7.418653964996338 seconds
Time for computing coefficients: 7.121126174926758 seconds
['M_c', 'eta', 's1_z', 's2_z', 'lambda_1', 'lambda_2', 'd_L', 'phase_c', 'iota', 't_c', 'psi', 'ra', 'dec']
INFO: Using MALA as local sampler
Setting up a single Gaussian distribution
No autotune found, use input sampler_params
Training normalizing flow
Tuning global sampler:   0%|          | 0/200 [00:00<?, ?it/s]Tuning global sampler:   0%|          | 1/200 [02:33<8:29:31, 153.62s/it]Tuning global sampler:   1%|          | 2/200 [02:38<3:37:36, 65.94s/it] Tuning global sampler:   2%|▏         | 3/200 [02:42<2:04:33, 37.94s/it]Tuning global sampler:   2%|▏         | 4/200 [02:47<1:20:57, 24.78s/it]Tuning global sampler:   2%|▎         | 5/200 [02:55<1:00:44, 18.69s/it]Tuning global sampler:   3%|▎         | 6/200 [02:59<44:56, 13.90s/it]  Tuning global sampler:   4%|▎         | 7/200 [03:04<34:51, 10.84s/it]Tuning global sampler:   4%|▍         | 8/200 [03:09<28:19,  8.85s/it]Tuning global sampler:   4%|▍         | 9/200 [03:14<24:44,  7.77s/it]Tuning global sampler:   5%|▌         | 10/200 [03:26<29:00,  9.16s/it]Tuning global sampler:   6%|▌         | 11/200 [03:47<40:05, 12.73s/it]Tuning global sampler:   6%|▌         | 12/200 [03:55<35:07, 11.21s/it]Tuning global sampler:   6%|▋         | 13/200 [03:59<28:39,  9.20s/it]Tuning global sampler:   7%|▋         | 14/200 [04:04<24:14,  7.82s/it]Tuning global sampler:   8%|▊         | 15/200 [04:09<21:09,  6.86s/it]Tuning global sampler:   8%|▊         | 16/200 [04:19<23:55,  7.80s/it]Tuning global sampler:   8%|▊         | 17/200 [04:25<22:26,  7.36s/it]Tuning global sampler:   9%|▉         | 18/200 [04:30<20:36,  6.79s/it]Tuning global sampler:  10%|▉         | 19/200 [04:46<28:10,  9.34s/it]Tuning global sampler:  10%|█         | 20/200 [05:14<45:26, 15.15s/it]Tuning global sampler:  10%|█         | 21/200 [05:28<43:47, 14.68s/it]Tuning global sampler:  11%|█         | 22/200 [05:55<54:18, 18.31s/it]Tuning global sampler:  12%|█▏        | 23/200 [06:05<46:49, 15.87s/it]Tuning global sampler:  12%|█▏        | 24/200 [06:34<58:37, 19.98s/it]Tuning global sampler:  12%|█▎        | 25/200 [07:02<1:04:47, 22.22s/it]Tuning global sampler:  13%|█▎        | 26/200 [07:18<59:13, 20.43s/it]  Tuning global sampler:  14%|█▎        | 27/200 [07:30<51:19, 17.80s/it]Tuning global sampler:  14%|█▍        | 28/200 [07:34<39:30, 13.78s/it]Tuning global sampler:  14%|█▍        | 29/200 [07:39<31:39, 11.11s/it]Tuning global sampler:  15%|█▌        | 30/200 [07:44<25:46,  9.10s/it]Tuning global sampler:  16%|█▌        | 31/200 [07:48<21:38,  7.68s/it]Tuning global sampler:  16%|█▌        | 32/200 [07:52<18:44,  6.70s/it]Tuning global sampler:  16%|█▋        | 33/200 [07:57<16:40,  5.99s/it]Tuning global sampler:  17%|█▋        | 34/200 [08:01<15:13,  5.50s/it]Tuning global sampler:  18%|█▊        | 35/200 [08:05<14:12,  5.17s/it]Tuning global sampler:  18%|█▊        | 36/200 [08:10<13:29,  4.93s/it]Tuning global sampler:  18%|█▊        | 37/200 [08:14<12:57,  4.77s/it]Tuning global sampler:  19%|█▉        | 38/200 [08:19<12:34,  4.66s/it]Tuning global sampler:  20%|█▉        | 39/200 [08:23<12:28,  4.65s/it]Tuning global sampler:  20%|██        | 40/200 [08:28<12:11,  4.57s/it]Tuning global sampler:  20%|██        | 41/200 [08:32<11:58,  4.52s/it]Tuning global sampler:  21%|██        | 42/200 [08:37<12:32,  4.76s/it]Tuning global sampler:  22%|██▏       | 43/200 [08:42<12:12,  4.66s/it]Tuning global sampler:  22%|██▏       | 44/200 [08:46<11:53,  4.58s/it]Tuning global sampler:  22%|██▎       | 45/200 [09:03<20:59,  8.13s/it]Tuning global sampler:  23%|██▎       | 46/200 [09:12<21:37,  8.43s/it]Tuning global sampler:  24%|██▎       | 47/200 [09:25<24:57,  9.79s/it]Tuning global sampler:  24%|██▍       | 48/200 [09:46<33:17, 13.14s/it]Tuning global sampler:  24%|██▍       | 49/200 [10:08<40:18, 16.01s/it]Tuning global sampler:  25%|██▌       | 50/200 [10:13<31:19, 12.53s/it]Tuning global sampler:  26%|██▌       | 51/200 [10:17<25:03, 10.09s/it]Tuning global sampler:  26%|██▌       | 52/200 [10:22<20:44,  8.41s/it]Tuning global sampler:  26%|██▋       | 53/200 [10:26<17:39,  7.21s/it]Tuning global sampler:  27%|██▋       | 54/200 [10:30<15:33,  6.40s/it]Tuning global sampler:  28%|██▊       | 55/200 [10:35<13:59,  5.79s/it]Tuning global sampler:  28%|██▊       | 56/200 [10:39<12:52,  5.36s/it]Tuning global sampler:  28%|██▊       | 57/200 [10:44<12:14,  5.14s/it]Tuning global sampler:  29%|██▉       | 58/200 [10:48<11:39,  4.92s/it]Tuning global sampler:  30%|██▉       | 59/200 [10:53<11:11,  4.76s/it]Tuning global sampler:  30%|███       | 60/200 [10:57<10:52,  4.66s/it]Tuning global sampler:  30%|███       | 61/200 [11:01<10:36,  4.58s/it]Tuning global sampler:  31%|███       | 62/200 [11:07<11:06,  4.83s/it]Tuning global sampler:  32%|███▏      | 63/200 [11:11<10:51,  4.76s/it]Tuning global sampler:  32%|███▏      | 64/200 [11:16<10:33,  4.65s/it]Tuning global sampler:  32%|███▎      | 65/200 [11:20<10:19,  4.59s/it]Tuning global sampler:  33%|███▎      | 66/200 [11:25<10:07,  4.54s/it]Tuning global sampler:  34%|███▎      | 67/200 [11:29<09:58,  4.50s/it]Tuning global sampler:  34%|███▍      | 68/200 [11:34<09:55,  4.51s/it]Tuning global sampler:  34%|███▍      | 69/200 [11:38<09:46,  4.48s/it]Tuning global sampler:  35%|███▌      | 70/200 [11:43<09:40,  4.46s/it]Tuning global sampler:  36%|███▌      | 71/200 [11:47<09:33,  4.45s/it]Tuning global sampler:  36%|███▌      | 72/200 [11:51<09:28,  4.44s/it]Tuning global sampler:  36%|███▋      | 73/200 [11:56<09:22,  4.43s/it]Tuning global sampler:  37%|███▋      | 74/200 [12:00<09:17,  4.42s/it]Tuning global sampler:  38%|███▊      | 75/200 [12:05<09:13,  4.42s/it]Tuning global sampler:  38%|███▊      | 76/200 [12:09<09:08,  4.42s/it]Tuning global sampler:  38%|███▊      | 77/200 [12:13<09:02,  4.41s/it]Tuning global sampler:  39%|███▉      | 78/200 [12:18<08:57,  4.40s/it]Tuning global sampler:  40%|███▉      | 79/200 [12:22<08:52,  4.40s/it]Tuning global sampler:  40%|████      | 80/200 [12:27<08:49,  4.41s/it]Tuning global sampler:  40%|████      | 81/200 [12:31<08:45,  4.42s/it]Tuning global sampler:  41%|████      | 82/200 [12:36<09:17,  4.72s/it]Tuning global sampler:  42%|████▏     | 83/200 [12:41<09:01,  4.63s/it]Tuning global sampler:  42%|████▏     | 83/200 [12:45<17:59,  9.23s/it]
Compiling MALA body
Early stopping: global acceptance target rate achieved
Starting Production run
Production run:   0%|          | 0/10 [00:00<?, ?it/s]Production run:  10%|█         | 1/10 [00:03<00:28,  3.22s/it]Production run:  20%|██        | 2/10 [00:06<00:25,  3.22s/it]Production run:  30%|███       | 3/10 [00:09<00:22,  3.22s/it]Production run:  40%|████      | 4/10 [00:12<00:19,  3.22s/it]Production run:  50%|█████     | 5/10 [00:16<00:16,  3.22s/it]Production run:  60%|██████    | 6/10 [00:19<00:12,  3.22s/it]Production run:  70%|███████   | 7/10 [00:22<00:09,  3.22s/it]Production run:  80%|████████  | 8/10 [00:25<00:06,  3.22s/it]Production run:  90%|█████████ | 9/10 [00:28<00:03,  3.22s/it]Production run: 100%|██████████| 10/10 [00:32<00:00,  3.22s/it]Production run: 100%|██████████| 10/10 [00:32<00:00,  3.22s/it]
16:00 ninjax INFO    : Saving samples to ./Aplus/injection_2/results_training.npz
16:00 ninjax INFO    : Saving the NF
16:01 ninjax INFO    : Time taken: 820.1941344738007 seconds (13.66990224123001 minutes)
16:01 ninjax INFO    : Creating the final corner plot
16:01 ninjax INFO    : Dumping the final production chains
16:01 ninjax INFO    : Chains shape is: (13, 220000)
16:01 ninjax INFO    : Key: M_c: ESS = 42087, Rhat = 1.0159193247701734
16:01 ninjax INFO    : Key: q: ESS = 19871, Rhat = 1.0313393658770993
16:01 ninjax INFO    : Key: s1_z: ESS = 32253, Rhat = 1.0212113948864303
16:01 ninjax INFO    : Key: s2_z: ESS = 21577, Rhat = 1.0293540009989126
16:01 ninjax INFO    : Key: lambda_1: ESS = 32094, Rhat = 1.020474936057932
16:01 ninjax INFO    : Key: lambda_2: ESS = 49783, Rhat = 1.0155615412822159
16:01 ninjax INFO    : Key: cos_iota: ESS = 22235, Rhat = 1.0282920516547018
16:01 ninjax INFO    : Key: d_L: ESS = 24720, Rhat = 1.0261278728875745
16:01 ninjax INFO    : Key: t_c: ESS = 32915, Rhat = 1.0195841791532676
16:01 ninjax INFO    : Key: phase_c: ESS = 29683, Rhat = 1.0214260276889042
16:01 ninjax INFO    : Key: psi: ESS = 41715, Rhat = 1.018043346794763
16:01 ninjax INFO    : Key: ra: ESS = 25314, Rhat = 1.0245135817987172
16:01 ninjax INFO    : Key: sin_dec: ESS = 24863, Rhat = 1.0248377492724072
16:01 ninjax INFO    : Key: eta: ESS = 19871, Rhat = 1.0313393658770993
16:01 ninjax INFO    : Key: iota: ESS = 22235, Rhat = 1.028292051654702
16:01 ninjax INFO    : Key: dec: ESS = 24863, Rhat = 1.0248377492724072
16:01 ninjax INFO    : Finished successfully!
Training summary
==========
M_c: 1.482 +/- 0.222
q: 0.707 +/- 0.212
s1_z: -0.002 +/- 0.027
s2_z: -0.004 +/- 0.027
lambda_1: 2096.122 +/- 1451.385
lambda_2: 2139.846 +/- 1433.955
cos_iota: -0.295 +/- 0.508
d_L: 632.389 +/- 226.979
t_c: -0.057 +/- 0.042
phase_c: 3.141 +/- 1.737
psi: 1.543 +/- 0.882
ra: 3.089 +/- 1.597
sin_dec: 0.127 +/- 0.425
Log probability: 45.113 +/- 75.107
Local acceptance: 0.914 +/- 0.281
Global acceptance: 0.016 +/- 0.126
Max loss: 22.792, Min loss: 4.184
Production summary
==========
M_c: 1.448 +/- 0.000
q: 0.760 +/- 0.126
s1_z: -0.008 +/- 0.026
s2_z: -0.008 +/- 0.027
lambda_1: 647.700 +/- 685.219
lambda_2: 1337.648 +/- 1062.514
cos_iota: -0.784 +/- 0.175
d_L: 385.045 +/- 70.945
t_c: -0.082 +/- 0.001
phase_c: 3.102 +/- 1.812
psi: 1.538 +/- 0.894
ra: 3.924 +/- 0.019
sin_dec: 0.028 +/- 0.040
Log probability: 116.792 +/- 2.623
Local acceptance: 0.764 +/- 0.425
Global acceptance: 0.099 +/- 0.298
DONE

JOB STATISTICS
==============
Job ID: 10906017
Cluster: snellius
User/Group: twouters2/twouters2
State: RUNNING
Nodes: 1
Cores per node: 16
CPU Utilized: 00:00:00
CPU Efficiency: 0.00% of 05:26:40 core-walltime
Job Wall-clock time: 00:20:25
Memory Utilized: 0.00 MB
Memory Efficiency: 0.00% of 10.00 GB (10.00 GB/node)
WARNING: Efficiency statistics can only be obtained after the job has ended as seff tool is based on the accounting database data.
